Log file open, 03/27/15 21:15:35
LogInit:Display: Running engine for game: ENPo
LogInit: Version: 4.7.3-2479750+++depot+UE4-Releases+4.7
LogInit: API Version: 2455222
LogInit: Compiled (64-bit): Mar 15 2015 23:20:45
LogInit: Compiled with Visual C++: 18.00.21005.01
LogInit: Build Configuration: Development
LogInit: Branch Name: ++depot+UE4-Releases+4.7
LogInit: Command line:  
LogInit: Base directory: C:/Program Files/Epic Games/4.7/Engine/Binaries/Win64/
LogInit: Rocket: 1
[2015.03.28-02.15.35:217][  0]LogTaskGraph: Started task graph with 3 named threads and 6 total threads.
[2015.03.28-02.15.35:269][  0]LogOnline:Warning: No default platform service specified for OnlineSubsystem
[2015.03.28-02.15.35:283][  0]LogInit: Presizing for 0 objects not considered by GC, pre-allocating 0 bytes.
[2015.03.28-02.15.35:292][  0]LogInit: Object subsystem initialized
[2015.03.28-02.15.35:294][  0]LogConsoleResponse:Warning: Skipping Unknown console variable: 'TranslucentSortAxis = (X=0.000000,Y=-1.000000,Z=0.000000)'
[2015.03.28-02.15.35:294][  0]LogConsoleResponse:Warning:   Found in ini file 'C:/Users/Jeremy Martin/Documents/GitHub/turbo-archer/ENPo/Saved/Config/Windows/Engine.ini', in section '[/Script/Engine.RendererSettings]'
[2015.03.28-02.15.35:294][  0]LogConsoleResponse:Warning: Skipping Unknown console variable: 'UIScaleRule = ShortestSide'
[2015.03.28-02.15.35:294][  0]LogConsoleResponse:Warning:   Found in ini file 'C:/Users/Jeremy Martin/Documents/GitHub/turbo-archer/ENPo/Saved/Config/Windows/Engine.ini', in section '[/Script/Engine.RendererSettings]'
[2015.03.28-02.15.35:294][  0]LogConsoleResponse:Warning: Skipping Unknown console variable: 'UIScaleCurve = (EditorCurveData=(Keys=),ExternalCurve=None)'
[2015.03.28-02.15.35:294][  0]LogConsoleResponse:Warning:   Found in ini file 'C:/Users/Jeremy Martin/Documents/GitHub/turbo-archer/ENPo/Saved/Config/Windows/Engine.ini', in section '[/Script/Engine.RendererSettings]'
[2015.03.28-02.15.35:294][  0]LogInit: Selected Device Profile: [Windows]
[2015.03.28-02.15.35:294][  0]LogInit: Applying CVar settings loaded from the selected device profile: [Windows]
[2015.03.28-02.15.35:300][  0]LogInit: Computer: JEREMYMARTIN-PC
[2015.03.28-02.15.35:300][  0]LogInit: User: JeremyMartin
[2015.03.28-02.15.35:300][  0]LogInit: CPU Page size=4096, Cores=4
[2015.03.28-02.15.35:300][  0]LogInit: High frequency timer resolution =2.728222 MHz
[2015.03.28-02.15.35:301][  0]LogMemory: Memory total: Physical=7.9GB (8GB approx) Virtual=8192.0GB
[2015.03.28-02.15.35:301][  0]LogMemory: Platform Memory Stats for Windows
[2015.03.28-02.15.35:301][  0]LogMemory: Process Physical Memory: 48.77 MB used, 48.77 MB peak
[2015.03.28-02.15.35:301][  0]LogMemory: Process Virtual Memory: 30.46 MB used, 30.46 MB peak
[2015.03.28-02.15.35:301][  0]LogMemory: Physical Memory: 3447.64 MB used, 8097.22 MB total
[2015.03.28-02.15.35:301][  0]LogMemory: Virtual Memory: 283.38 MB used, 8388608.00 MB total
[2015.03.28-02.15.35:334][  0]LogD3D11RHI: Found D3D11 adapter 0: Intel(R) HD Graphics 4600 (Feature Level 11_0)
[2015.03.28-02.15.35:334][  0]LogD3D11RHI: Adapter has 2094MB of dedicated video memory, 0MB of dedicated system memory, and 3792MB of shared system memory, 1 output[s]
[2015.03.28-02.15.35:334][  0]LogD3D11RHI: Chosen D3D11 Adapter Id = 0
[2015.03.28-02.15.35:341][  0]LogRHI: Texture pool is 1361 MB (70% of 1945 MB)
[2015.03.28-02.15.35:355][  0]LogD3D11RHI: Async texture creation enabled
[2015.03.28-02.15.35:404][  0]LogTextLocalizationManager: The requested culture ('en_US') has no localization data; parent culture's ('en') localization data will be used.
[2015.03.28-02.15.35:472][  0]LogTextLocalizationManager:Warning: Loading localization resources contain conflicting entries for (Namespace:UICommands, Key:Save_ToolTip):
Resource: (C:/Program Files/Epic Games/4.7/Engine/Content/Localization/Editor/en/Editor.locres) Hash: (-29098895) String: (Saves the current level to disk)
Resource: (C:/Program Files/Epic Games/4.7/Engine/Content/Localization/Engine/en/Engine.locres) Hash: (-1280300587) String: (Save selected data to vlog file)
[2015.03.28-02.15.35:472][  0]LogTextLocalizationManager:Warning: Loading localization resources contain conflicting entries for (Namespace:ContentBrowser, Key:ImportAssetToolTip):
Resource: (C:/Program Files/Epic Games/4.7/Engine/Content/Localization/Editor/en/Editor.locres) Hash: (-630476809) String: (Import to {0}...)
Resource: (C:/Program Files/Epic Games/4.7/Engine/Content/Localization/Editor/en/Editor.locres) Hash: (1271782899) String: (Imports an asset from file to this folder.)
[2015.03.28-02.15.35:564][  0]LogContentStreaming: Texture pool size is 0.000000MB
[2015.03.28-02.15.38:079][  0]LogTargetPlatformManager:Display: Building Assets For Windows
[2015.03.28-02.15.38:701][  0]LogTargetPlatformManager:Display: Building Assets For Windows
[2015.03.28-02.15.38:762][  0]LogDerivedDataCache:Display: Max Cache Size: 512 MB
[2015.03.28-02.15.38:835][  0]LogDerivedDataCache: Loaded boot cache 0.07s 39MB C:/Users/Jeremy Martin/AppData/Local/UnrealEngine/4.7/DerivedDataCache/Boot.ddc.
[2015.03.28-02.15.38:835][  0]LogDerivedDataCache:Display: Loaded Boot cache: C:/Users/Jeremy Martin/AppData/Local/UnrealEngine/4.7/DerivedDataCache/Boot.ddc
[2015.03.28-02.15.38:835][  0]LogDerivedDataCache: FDerivedDataBackendGraph:  Pak pak cache file ../../../../../../Users/Jeremy Martin/Documents/GitHub/turbo-archer/ENPo/DerivedDataCache/DDC.ddp not found, will not use a pak cache.
[2015.03.28-02.15.38:835][  0]LogDerivedDataCache: Unable to find inner node Pak for hierarchical cache Hierarchy.
[2015.03.28-02.15.38:969][  0]LogDerivedDataCache:Display: Pak cache opened for reading ../../../Engine/DerivedDataCache/Compressed.ddp.
[2015.03.28-02.15.38:980][  0]LogDerivedDataCache: Using Local data cache path C:/Users/Jeremy Martin/AppData/Local/UnrealEngine/Common/DerivedDataCache: Writable
[2015.03.28-02.15.39:317][  0]LogMeshUtilities: No automatic mesh reduction module available
[2015.03.28-02.15.39:317][  0]LogMeshUtilities: No automatic mesh merging module available
[2015.03.28-02.15.39:978][  0]LogInit: WinSock: version 1.1 (2.2), MaxSocks=32767, MaxUdp=65467
[2015.03.28-02.15.40:067][  0]LogSlate:Warning: Failed to load font data from '../../../Engine/Content/Slate/Fonts/Roboto-Italic.ttf'
[2015.03.28-02.15.40:934][  0]UdpMessaging: Initializing bridge on interface 0.0.0.0:0 to multicast group 230.0.0.1:6666.
[2015.03.28-02.15.41:152][  0]SourceControl: Info Source control is disabled
[2015.03.28-02.15.41:152][  0]SourceControl: Info Source control is disabled
[2015.03.28-02.15.41:152][  0]SourceControl: Info Source control is disabled
[2015.03.28-02.15.41:152][  0]LogSourceControl: RunCommandInternalRaw: 'git version'
[2015.03.28-02.15.41:153][  0]LogSourceControl: RunCommandInternalRaw: ExecProcess ReturnCode=2 OutResults=''
[2015.03.28-02.15.41:161][  0]SourceControl: Info Source control is disabled
[2015.03.28-02.15.41:351][  0]LogObj: 24231 objects as part of root set at end of initial load.
[2015.03.28-02.15.41:351][  0]LogUObjectAllocator: 5136440 out of 0 bytes used by permanent object pool.
[2015.03.28-02.15.41:436][  0]LogEngine: Initializing Engine...
[2015.03.28-02.15.43:613][  0]LogInit: XAudio2 using 'Speakers / Headphones (Realtek High Definition Audio)' : 2 channels at 48 kHz using 32 bits per sample (channel mask 0x3)
[2015.03.28-02.15.43:722][  0]LogInit: FAudioDevice initialized.
[2015.03.28-02.15.43:760][  0]LogAIModule: Creating AISystem for world NewWorld
[2015.03.28-02.15.43:811][  0]LogDerivedDataCache: Saved boot cache 0.05s 39MB C:/Users/Jeremy Martin/AppData/Local/UnrealEngine/4.7/DerivedDataCache/Boot.ddc.
[2015.03.28-02.15.43:814][  0]LogInit: Texture streaming: Enabled
[2015.03.28-02.15.43:906][  0]LogAnalytics: Creating configured Analytics provider AnalyticsET
[2015.03.28-02.15.43:906][  0]LogAnalytics: ET APIKey = Rocket.Release. APIServer = http://et2.epicgames.com/ET2/. AppVersion = 4.7.3-2479750+++depot+UE4-Releases+4.7
[2015.03.28-02.15.43:906][  0]LogAnalytics: ET APIKey = Rocket.Release. DataRouterUploadURL = https://datarouter-public-service-gamedev.ol.epicgames.net/datarouter/api/v1/public/data. AppVersion = 4.7.3-2479750+++depot+UE4-Releases+4.7
[2015.03.28-02.15.43:907][  0]LogAnalytics: SetUserId 4faf2b8f401686a57575ecb438c58793|93efd1466ca449a7a50c61e21231fb4f|d21d11dd-cad7-4eb6-8377-a86052e53efe
[2015.03.28-02.15.43:907][  0]LogAnalytics: AnalyticsET::StartSession [Rocket.Release]
[2015.03.28-02.15.43:946][  0]LogInit: Transaction tracking system initialized
[2015.03.28-02.15.44:164][  0]BlueprintLog: New page: Editor Load
[2015.03.28-02.15.44:197][  0]LogAssetRegistry: FAssetRegistry took 0.0098 seconds to start up
[2015.03.28-02.15.44:197][  0]LogDirectoryWatcher:Warning: Failed to begin reading directory changes for ../../../Engine/Plugins/Experimental/CharacterAI/Content/. Error: 0
[2015.03.28-02.15.44:843][  0]LogTargetPlatformManager:Display: Building Assets For Windows
[2015.03.28-02.15.45:339][  0]LogTargetPlatformManager:Display: Building Assets For Windows
[2015.03.28-02.15.45:605][  0]LogSlate:Warning: Failed to load font data from '../../../Engine/Content/Editor/Slate/Fonts/Roboto-Regular.ttf'
[2015.03.28-02.15.45:605][  0]LogSlate:Warning: Failed to load font data from '../../../Engine/Content/Editor/Slate/Fonts/Roboto-Bold.ttf'
[2015.03.28-02.15.45:610][  0]LogConsoleResponse:Display: 
[2015.03.28-02.15.45:739][  0]LogCook:Display: Done creating registry. It took  0.00s.
[2015.03.28-02.15.45:893][  0]SourceControl: Info Source control is disabled
[2015.03.28-02.15.45:893][  0]Cmd: MAP LOAD FILE="../../../../../../Users/Jeremy Martin/Documents/GitHub/turbo-archer/ENPo/Content/PuzzleBP/Maps/PuzzleExampleMap.umap" TEMPLATE=0 SHOWPROGRESS=1 FEATURELEVEL=3
[2015.03.28-02.15.45:894][  0]LightingResults: New page: Lighting Build
[2015.03.28-02.15.45:907][  0]MapCheck: New page: Map Check
[2015.03.28-02.15.45:907][  0]LightingResults: New page: Lighting Build
[2015.03.28-02.15.45:915][  0]LogParticles: Destroying 0 GPU particle simulations for FXSystem 0x00000000041F0D60
[2015.03.28-02.15.46:193][  0]LogBlueprint:Warning: [compiler] Warning Node  Unknown  is not referencing a valid level actor
[2015.03.28-02.15.46:194][  0]LogBlueprint:Warning: [compiler] Warning [0012.90] Compile of PuzzleExampleMap successful, but with 1 Warning(s) [in 7 ms]
[2015.03.28-02.15.46:194][  0]LogBlueprint:Warning: [compiler] Warning [0012.90] Compile of PuzzleExampleMap successful, but with 2 Warning(s) [in 0 ms]
[2015.03.28-02.15.46:194][  0]LogBlueprint:Warning: [compiler] Warning [0012.90] Compile of PuzzleExampleMap successful, but with 3 Warning(s) [in 0 ms]
[2015.03.28-02.15.46:194][  0]LogBlueprint:Warning: [compiler] Warning [0012.90] Compile of PuzzleExampleMap successful, but with 4 Warning(s) [in 0 ms]
[2015.03.28-02.15.46:201][  0]LogBlueprint:Warning: [compiler] Warning Node  Unknown  is not referencing a valid level actor
[2015.03.28-02.15.46:202][  0]LogBlueprint:Warning: [compiler] Warning [0012.91] Compile of PuzzleExampleMap successful, but with 1 Warning(s) [in 7 ms]
[2015.03.28-02.15.46:202][  0]LogBlueprint:Warning: [compiler] Warning [0012.91] Compile of PuzzleExampleMap successful, but with 2 Warning(s) [in 0 ms]
[2015.03.28-02.15.46:371][  0]LogEditorServer: Finished looking for orphan Actors (0.000 secs)
[2015.03.28-02.15.46:438][  0]LogAIModule: Creating AISystem for world PuzzleExampleMap
[2015.03.28-02.15.46:438][  0]Cmd: MAP CHECKDEP
[2015.03.28-02.15.46:438][  0]MapCheck: New page: PuzzleExampleMap - Mar 27, 2015, 4:15:46 PM
[2015.03.28-02.15.46:518][  0]MapCheck: Info Map check complete: 0 Error(s), 0 Warning(s), took 79.682ms to complete.
[2015.03.28-02.15.46:518][  0]LogFileHelpers: Loading map 'PuzzleExampleMap' took 0.625
[2015.03.28-02.15.46:670][  0]LogCollectionManager: Loaded 0 collections in 0.002101 seconds
[2015.03.28-02.15.46:682][  0]LogContentBrowser: Native class hierarchy populated in 0.0120 seconds. Added 1696 classes and 261 folders.
[2015.03.28-02.15.46:708][  0]LogContentBrowser:Verbose: The content browser source was changed by the sources view to '/Game'
[2015.03.28-02.15.46:723][  0]LogContentBrowser: Native class hierarchy updated for 'SceneOutliner' in 0.0017 seconds. Added 1 classes and 2 folders.
[2015.03.28-02.15.46:812][  0]LogCrashTracker: Crashtracker disabled due to settings.
[2015.03.28-02.15.46:813][  0]LogSlate:Warning: Failed to load font data from 'Veranda'
[2015.03.28-02.15.46:821][  0]LogUObjectGlobals:Warning: Failed to find object 'Class None.'
[2015.03.28-02.15.46:852][  0]LogLoad: Full Startup: 13.56 seconds (BP compile: 0.12 seconds)
[2015.03.28-02.15.47:396][  0]LogRenderer:Warning: Reallocating scene render targets to support 32x32 (Frame:2).
[2015.03.28-02.15.47:962][  0]LogRenderer:Warning: Reallocating scene render targets to support 1128x680 (Frame:10).
[2015.03.28-02.15.50:581][  9]LogAssetRegistry: Asset discovery search completed in 6.3937 seconds
[2015.03.28-02.16.06:853][203]BlueprintLog: New page: Pre-PIE auto-recompile
[2015.03.28-02.16.06:853][203]LogPlayLevel: [PIE] Compiling PuzzleExampleMap before PIE...
[2015.03.28-02.16.06:869][203]LogBlueprint:Warning: [compiler] Warning Node  Unknown  is not referencing a valid level actor
[2015.03.28-02.16.06:870][203]LogBlueprint:Warning: [compiler] Warning [0033.57] Compile of PuzzleExampleMap successful, but with 1 Warning(s) [in 14 ms]
[2015.03.28-02.16.06:871][203]LogBlueprint:Warning: [compiler] Warning [0033.57] Compile of PuzzleExampleMap successful, but with 2 Warning(s) [in 0 ms]
[2015.03.28-02.16.06:904][203]LogBlueprint:Warning: [compiler] Warning [0033.61] Compile of PuzzleExampleMap successful, but with 3 Warning(s) [in 32 ms]
[2015.03.28-02.16.06:904][203]LogBlueprint:Warning: [compiler] Warning [0033.61] Compile of PuzzleExampleMap successful, but with 4 Warning(s) [in 0 ms]
[2015.03.28-02.16.06:905][203]LogBlueprint:Warning: [compiler] Warning [0033.61] Compile of PuzzleExampleMap successful, but with 5 Warning(s) [in 0 ms]
[2015.03.28-02.16.06:905][203]LogBlueprint:Warning: [compiler] Warning [0033.61] Compile of PuzzleExampleMap successful, but with 6 Warning(s) [in 0 ms]
[2015.03.28-02.16.06:907][203]LogActorComponent: UnregisterComponent: (/Engine/Transient.CharMoveComp) Not registered. Aborting.
[2015.03.28-02.16.06:936][203]LogPlayLevel: PIE:  Blueprint regeneration took 83 ms (1 blueprints)
[2015.03.28-02.16.06:937][203]PIE: New page: SIE session: PuzzleExampleMap (Mar 27, 2015, 4:16:06 PM)
[2015.03.28-02.16.06:995][203]LogPlayLevel: PIE: StaticDuplicateObject took: (0.057737s)
[2015.03.28-02.16.06:996][203]LogPlayLevel: PIE: World Init took: (0.000751s)
[2015.03.28-02.16.06:996][203]LogPlayLevel: PIE: Created PIE world by copying editor world from /Game/PuzzleBP/Maps/PuzzleExampleMap.PuzzleExampleMap to /Game/PuzzleBP/Maps/UEDPIE_0_PuzzleExampleMap.PuzzleExampleMap (0.058863s)
[2015.03.28-02.16.07:064][203]LogWorld: Game class is 'RunnerGameMode_C'
[2015.03.28-02.16.07:067][203]LogAIModule: Creating AISystem for world PuzzleExampleMap
[2015.03.28-02.16.07:078][203]LogWorld: Bringing World /Game/PuzzleBP/Maps/UEDPIE_0_PuzzleExampleMap.PuzzleExampleMap up for play (max tick rate 0) at 2015.03.27-21.16.07
[2015.03.28-02.16.07:082][203]LogWorld: Bringing up level for play took: 0.015192
[2015.03.28-02.16.07:084][203]LogPawn:Error: EnableInput can only be specified on a Pawn for its Controller
[2015.03.28-02.16.07:085][203]PIE: Info Play in editor start time for /Game/PuzzleBP/Maps/UEDPIE_0_PuzzleExampleMap 1.19
[2015.03.28-02.16.19:922][437]LogParticles: Destroying 0 GPU particle simulations for FXSystem 0x0000000028F4C540
[2015.03.28-02.16.21:703][454]LogEditorViewport: Clicking on Actor (LMB): RunnerCharacter_C (RunnerCharacter)
[2015.03.28-02.16.29:666][636]LogRenderer:Warning: Reallocating scene render targets to support 1144x896 (Frame:331).
[2015.03.28-02.16.56:717][264]BlueprintLog: New page: Compile RunnerCharacter
[2015.03.28-02.16.57:029][264]Cmd: OBJ SAVEPACKAGE PACKAGE="/Game/Blueprints/RunnerCharacter" FILE="../../../../../../Users/Jeremy Martin/Documents/GitHub/turbo-archer/ENPo/Content/Blueprints/RunnerCharacter.uasset" SILENT=true
[2015.03.28-02.16.57:658][264]LogSavePackage: Save=602.516235ms
[2015.03.28-02.16.57:658][264]LogSavePackage: Moving '../../../../../../Users/Jeremy Martin/Documents/GitHub/turbo-archer/ENPo/Saved/RunnerCharacter5481EF4B40BE69AC65CF13A8C22E744D.tmp' to '../../../../../../Users/Jeremy Martin/Documents/GitHub/turbo-archer/ENPo/Content/Blueprints/RunnerCharacter.uasset'
[2015.03.28-02.16.57:668][264]BlueprintEditorCompileResults: Info [0084.37] Compile of RunnerCharacter successful! [in 950 ms]
[2015.03.28-02.17.01:199][298]BlueprintLog: New page: Pre-PIE auto-recompile
[2015.03.28-02.17.01:206][298]LogPlayLevel: [PIE] Compiling PuzzleExampleMap before PIE...
[2015.03.28-02.17.01:295][298]LogBlueprint:Warning: [compiler] Warning Node  Unknown  is not referencing a valid level actor
[2015.03.28-02.17.01:295][298]LogBlueprint:Warning: [compiler] Warning [0088.00] Compile of PuzzleExampleMap successful, but with 1 Warning(s) [in 86 ms]
[2015.03.28-02.17.01:296][298]LogBlueprint:Warning: [compiler] Warning [0088.00] Compile of PuzzleExampleMap successful, but with 2 Warning(s) [in 0 ms]
[2015.03.28-02.17.01:332][298]LogBlueprint:Warning: [compiler] Warning [0088.03] Compile of PuzzleExampleMap successful, but with 3 Warning(s) [in 35 ms]
[2015.03.28-02.17.01:337][298]LogBlueprint:Warning: [compiler] Warning [0088.04] Compile of PuzzleExampleMap successful, but with 4 Warning(s) [in 5 ms]
[2015.03.28-02.17.01:337][298]LogBlueprint:Warning: [compiler] Warning [0088.04] Compile of PuzzleExampleMap successful, but with 5 Warning(s) [in 0 ms]
[2015.03.28-02.17.01:338][298]LogBlueprint:Warning: [compiler] Warning [0088.04] Compile of PuzzleExampleMap successful, but with 6 Warning(s) [in 0 ms]
[2015.03.28-02.17.01:338][298]LogActorComponent: UnregisterComponent: (/Engine/Transient.CharMoveComp) Not registered. Aborting.
[2015.03.28-02.17.01:367][298]LogPlayLevel: PIE:  Blueprint regeneration took 168 ms (1 blueprints)
[2015.03.28-02.17.01:368][298]PIE: New page: SIE session: PuzzleExampleMap (Mar 27, 2015, 4:17:01 PM)
[2015.03.28-02.17.01:398][298]LogPlayLevel: PIE: StaticDuplicateObject took: (0.029758s)
[2015.03.28-02.17.01:399][298]LogPlayLevel: PIE: World Init took: (0.000703s)
[2015.03.28-02.17.01:399][298]LogPlayLevel: PIE: Created PIE world by copying editor world from /Game/PuzzleBP/Maps/PuzzleExampleMap.PuzzleExampleMap to /Game/PuzzleBP/Maps/UEDPIE_0_PuzzleExampleMap.PuzzleExampleMap (0.030719s)
[2015.03.28-02.17.01:424][298]LogSelection:Warning: PIE object was selected: "RunnerCharacter_C /Game/PuzzleBP/Maps/UEDPIE_0_PuzzleExampleMap.PuzzleExampleMap:PersistentLevel.RunnerCharacter_C_1"
[2015.03.28-02.17.01:470][298]LogWorld: Game class is 'RunnerGameMode_C'
[2015.03.28-02.17.01:473][298]LogAIModule: Creating AISystem for world PuzzleExampleMap
[2015.03.28-02.17.01:483][298]LogWorld: Bringing World /Game/PuzzleBP/Maps/UEDPIE_0_PuzzleExampleMap.PuzzleExampleMap up for play (max tick rate 0) at 2015.03.27-21.17.01
[2015.03.28-02.17.01:486][298]LogWorld: Bringing up level for play took: 0.012072
[2015.03.28-02.17.01:487][298]LogPawn:Error: EnableInput can only be specified on a Pawn for its Controller
[2015.03.28-02.17.01:488][298]PIE: Info Play in editor start time for /Game/PuzzleBP/Maps/UEDPIE_0_PuzzleExampleMap -0.411
[2015.03.28-02.17.01:561][298]LogSelection:Warning: PIE object was selected: "RunnerCharacter_C /Game/PuzzleBP/Maps/UEDPIE_0_PuzzleExampleMap.PuzzleExampleMap:PersistentLevel.RunnerCharacter_C_1"
[2015.03.28-02.20.21:070][838]LogParticles: Destroying 0 GPU particle simulations for FXSystem 0x000000002934AC00
[2015.03.28-02.20.30:902][898]LogBlueprint:Warning: [compiler] Warning Node  Unknown  is not referencing a valid level actor
[2015.03.28-02.20.30:903][898]LogBlueprint:Warning: [compiler] Warning [0297.59] Compile of PuzzleExampleMap successful, but with 1 Warning(s) [in 11 ms]
[2015.03.28-02.20.30:904][898]LogBlueprint:Warning: [compiler] Warning [0297.59] Compile of PuzzleExampleMap successful, but with 2 Warning(s) [in 0 ms]
[2015.03.28-02.20.30:956][898]LogBlueprint:Warning: [compiler] Warning [0297.64] Compile of PuzzleExampleMap successful, but with 3 Warning(s) [in 51 ms]
[2015.03.28-02.20.30:964][898]LogBlueprint:Warning: [compiler] Warning [0297.65] Compile of PuzzleExampleMap successful, but with 4 Warning(s) [in 7 ms]
[2015.03.28-02.20.30:964][898]LogBlueprint:Warning: [compiler] Warning [0297.65] Compile of PuzzleExampleMap successful, but with 5 Warning(s) [in 0 ms]
[2015.03.28-02.20.30:964][898]LogBlueprint:Warning: [compiler] Warning [0297.65] Compile of PuzzleExampleMap successful, but with 6 Warning(s) [in 0 ms]
[2015.03.28-02.20.31:464][898]LogSavePackage: Save=576.116943ms
[2015.03.28-02.20.31:464][898]LogSavePackage: Moving '../../../../../../Users/Jeremy Martin/Documents/GitHub/turbo-archer/ENPo/Saved/PuzzleExampleMap2EE2E2D6411A5C3C047FF384FC08EFFD.tmp' to '../../../../../../Users/Jeremy Martin/Documents/GitHub/turbo-archer/ENPo/Content/PuzzleBP/Maps/PuzzleExampleMap.umap'
[2015.03.28-02.20.31:634][898]LogFileHelpers: Saving map 'PuzzleExampleMap' took 0.932
[2015.03.28-02.20.32:371][899]Cmd: QUIT_EDITOR
[2015.03.28-02.20.32:808][899]LogExit: Preparing to exit.
[2015.03.28-02.20.33:020][899]LogExit: Editor shut down
[2015.03.28-02.20.33:021][899]LogExit: Transaction tracking system shut down
[2015.03.28-02.20.33:022][899]LogParticles: Destroying 0 GPU particle simulations for FXSystem 0x000000001403CF40
[2015.03.28-02.20.33:022][899]LogParticles: Destroying 0 GPU particle simulations for FXSystem 0x0000000016053920
[2015.03.28-02.20.33:022][899]LogParticles: Destroying 0 GPU particle simulations for FXSystem 0x0000000024826980
[2015.03.28-02.20.33:023][899]LogParticles: Destroying 0 GPU particle simulations for FXSystem 0x00000000248259E0
[2015.03.28-02.20.33:023][899]LogParticles: Destroying 0 GPU particle simulations for FXSystem 0x0000000017C5CCC0
[2015.03.28-02.20.33:023][899]LogParticles: Destroying 0 GPU particle simulations for FXSystem 0x0000000013E7A0C0
[2015.03.28-02.20.33:098][899]LogExit: Object subsystem successfully closed.
[2015.03.28-02.20.33:168][899]LogModuleManager: Shutting down and abandoning module CrashTracker (177)
[2015.03.28-02.20.33:168][899]LogModuleManager: Shutting down and abandoning module SuperSearch (176)
[2015.03.28-02.20.33:168][899]LogModuleManager: Shutting down and abandoning module SceneOutliner (175)
[2015.03.28-02.20.33:168][899]LogModuleManager: Shutting down and abandoning module EditorWidgets (174)
[2015.03.28-02.20.33:168][899]LogModuleManager: Shutting down and abandoning module CollectionManager (173)
[2015.03.28-02.20.33:168][899]LogModuleManager: Shutting down and abandoning module StatsViewer (172)
[2015.03.28-02.20.33:168][899]LogModuleManager: Shutting down and abandoning module FoliageEdit (171)
[2015.03.28-02.20.33:168][899]LogModuleManager: Shutting down and abandoning module LandscapeEditor (170)
[2015.03.28-02.20.33:168][899]LogModuleManager: Shutting down and abandoning module MeshPaint (169)
[2015.03.28-02.20.33:168][899]LogModuleManager: Shutting down and abandoning module ActorPickerMode (168)
[2015.03.28-02.20.33:168][899]LogModuleManager: Shutting down and abandoning module GeometryMode (167)
[2015.03.28-02.20.33:168][899]LogModuleManager: Shutting down and abandoning module TextureAlignMode (166)
[2015.03.28-02.20.33:168][899]LogModuleManager: Shutting down and abandoning module BspMode (165)
[2015.03.28-02.20.33:168][899]LogModuleManager: Shutting down and abandoning module PlacementMode (164)
[2015.03.28-02.20.33:168][899]LogModuleManager: Shutting down and abandoning module AutomationWorker (163)
[2015.03.28-02.20.33:168][899]LogModuleManager: Shutting down and abandoning module CharacterAI (162)
[2015.03.28-02.20.33:168][899]LogModuleManager: Shutting down and abandoning module SmartSnapping (161)
[2015.03.28-02.20.33:168][899]LogModuleManager: Shutting down and abandoning module ViewportSnapping (160)
[2015.03.28-02.20.33:168][899]LogModuleManager: Shutting down and abandoning module LogVisualizer (159)
[2015.03.28-02.20.33:169][899]LogModuleManager: Shutting down and abandoning module GameProjectGeneration (158)
[2015.03.28-02.20.33:169][899]LogModuleManager: Shutting down and abandoning module IntroTutorials (157)
[2015.03.28-02.20.33:169][899]LogModuleManager: Shutting down and abandoning module EditorLiveStreaming (156)
[2015.03.28-02.20.33:169][899]LogModuleManager: Shutting down and abandoning module HardwareTargeting (155)
[2015.03.28-02.20.33:169][899]LogModuleManager: Shutting down and abandoning module DeviceProfileEditor (154)
[2015.03.28-02.20.33:169][899]LogModuleManager: Shutting down and abandoning module UndoHistory (153)
[2015.03.28-02.20.33:169][899]LogModuleManager: Shutting down and abandoning module GameplayTagsEditor (152)
[2015.03.28-02.20.33:169][899]LogModuleManager: Shutting down and abandoning module UserFeedback (151)
[2015.03.28-02.20.33:169][899]LogModuleManager: Shutting down and abandoning module XmlParser (150)
[2015.03.28-02.20.33:169][899]LogModuleManager: Shutting down and abandoning module Blutility (149)
[2015.03.28-02.20.33:169][899]LogModuleManager: Shutting down and abandoning module IOSPlatformEditor (148)
[2015.03.28-02.20.33:169][899]LogModuleManager: Shutting down and abandoning module IOSRuntimeSettings (147)
[2015.03.28-02.20.33:169][899]LogModuleManager: Shutting down and abandoning module AndroidDeviceDetection (146)
[2015.03.28-02.20.33:445][899]LogModuleManager: Shutting down and abandoning module AndroidPlatformEditor (145)
[2015.03.28-02.20.33:445][899]LogModuleManager: Shutting down and abandoning module AndroidRuntimeSettings (144)
[2015.03.28-02.20.33:445][899]LogModuleManager: Shutting down and abandoning module ProjectTargetPlatformEditor (143)
[2015.03.28-02.20.33:445][899]LogModuleManager: Shutting down and abandoning module ProjectSettingsViewer (142)
[2015.03.28-02.20.33:446][899]LogModuleManager: Shutting down and abandoning module InputBindingEditor (141)
[2015.03.28-02.20.33:446][899]LogModuleManager: Shutting down and abandoning module EditorSettingsViewer (140)
[2015.03.28-02.20.33:446][899]LogModuleManager: Shutting down and abandoning module SettingsEditor (139)
[2015.03.28-02.20.33:446][899]LogModuleManager: Shutting down and abandoning module ProjectLauncher (138)
[2015.03.28-02.20.33:446][899]LogModuleManager: Shutting down and abandoning module SessionFrontend (137)
[2015.03.28-02.20.33:446][899]LogModuleManager: Shutting down and abandoning module ProfilerClient (136)
[2015.03.28-02.20.33:446][899]LogModuleManager: Shutting down and abandoning module TargetDeviceServices (135)
[2015.03.28-02.20.33:446][899]LogModuleManager: Shutting down and abandoning module DeviceManager (134)
[2015.03.28-02.20.33:447][899]LogModuleManager: Shutting down and abandoning module AutomationController (133)
[2015.03.28-02.20.33:447][899]LogModuleManager: Shutting down and abandoning module AutomationWindow (132)
[2015.03.28-02.20.33:447][899]LogModuleManager: Shutting down and abandoning module Layers (131)
[2015.03.28-02.20.33:447][899]LogModuleManager: Shutting down and abandoning module ComponentVisualizers (130)
[2015.03.28-02.20.33:447][899]LogModuleManager: Shutting down and abandoning module DetailCustomizations (129)
[2015.03.28-02.20.33:447][899]LogModuleManager: Shutting down and abandoning module PackagesDialog (128)
[2015.03.28-02.20.33:448][899]LogModuleManager: Shutting down and abandoning module AssetRegistry (127)
[2015.03.28-02.20.33:547][899]LogModuleManager: Shutting down and abandoning module Persona (126)
[2015.03.28-02.20.33:547][899]LogModuleManager: Shutting down and abandoning module SlateReflector (125)
[2015.03.28-02.20.33:547][899]LogModuleManager: Shutting down and abandoning module LevelEditor (124)
[2015.03.28-02.20.33:548][899]LogModuleManager: Shutting down and abandoning module Kismet (123)
[2015.03.28-02.20.33:548][899]LogModuleManager: Shutting down and abandoning module GraphEditor (122)
[2015.03.28-02.20.33:548][899]LogModuleManager: Shutting down and abandoning module ClassViewer (121)
[2015.03.28-02.20.33:548][899]LogModuleManager: Shutting down and abandoning module Toolbox (120)
[2015.03.28-02.20.33:548][899]LogModuleManager: Shutting down and abandoning module ModuleUI (119)
[2015.03.28-02.20.33:548][899]LogModuleManager: Shutting down and abandoning module MovieSceneTools (118)
[2015.03.28-02.20.33:548][899]LogModuleManager: Shutting down and abandoning module OutputLog (117)
[2015.03.28-02.20.33:548][899]LogModuleManager: Shutting down and abandoning module GammaUI (116)
[2015.03.28-02.20.33:548][899]LogModuleManager: Shutting down and abandoning module Documentation (115)
[2015.03.28-02.20.33:548][899]LogModuleManager: Shutting down and abandoning module GameLiveStreaming (114)
[2015.03.28-02.20.33:548][899]LogModuleManager: Shutting down and abandoning module StreamingPauseRendering (113)
[2015.03.28-02.20.33:548][899]LogModuleManager: Shutting down and abandoning module HTTP (112)
[2015.03.28-02.20.33:548][899]LogModuleManager: Shutting down and abandoning module AnalyticsET (111)
[2015.03.28-02.20.33:548][899]LogModuleManager: Shutting down and abandoning module Analytics (110)
[2015.03.28-02.20.33:548][899]LogModuleManager: Shutting down and abandoning module AITestSuite (109)
[2015.03.28-02.20.33:548][899]LogModuleManager: Shutting down and abandoning module GameplayDebugger (108)
[2015.03.28-02.20.33:548][899]LogModuleManager: Shutting down and abandoning module AIModule (107)
[2015.03.28-02.20.33:548][899]LogModuleManager: Shutting down and abandoning module ProfilerService (106)
[2015.03.28-02.20.33:676][899]LogModuleManager: Shutting down and abandoning module TaskGraph (105)
[2015.03.28-02.20.33:676][899]LogModuleManager: Shutting down and abandoning module SlateRemote (104)
[2015.03.28-02.20.33:676][899]LogModuleManager: Shutting down and abandoning module ScriptEditorPlugin (103)
[2015.03.28-02.20.33:676][899]LogModuleManager: Shutting down and abandoning module CustomMeshComponent (102)
[2015.03.28-02.20.33:676][899]LogModuleManager: Shutting down and abandoning module CableComponent (101)
[2015.03.28-02.20.33:676][899]LogModuleManager: Shutting down and abandoning module MessagingDebugger (100)
[2015.03.28-02.20.33:676][899]LogModuleManager: Shutting down and abandoning module MediaPlayerEditor (99)
[2015.03.28-02.20.33:676][899]LogModuleManager: Shutting down and abandoning module SpeedTreeImporter (98)
[2015.03.28-02.20.33:677][899]LogModuleManager: Shutting down and abandoning module PluginsEditor (97)
[2015.03.28-02.20.33:677][899]LogModuleManager: Shutting down and abandoning module MainFrame (96)
[2015.03.28-02.20.33:677][899]LogModuleManager: Shutting down and abandoning module EpicSurvey (95)
[2015.03.28-02.20.33:677][899]LogModuleManager: Shutting down and abandoning module DesktopPlatform (94)
[2015.03.28-02.20.33:677][899]LogModuleManager: Shutting down and abandoning module DirectoryWatcher (93)
[2015.03.28-02.20.33:678][899]LogModuleManager: Shutting down and abandoning module HotReload (92)
[2015.03.28-02.20.33:678][899]LogModuleManager: Shutting down and abandoning module VisualStudioSourceCodeAccess (91)
[2015.03.28-02.20.33:678][899]LogModuleManager: Shutting down and abandoning module UObjectPlugin (90)
[2015.03.28-02.20.33:678][899]LogModuleManager: Shutting down and abandoning module SubversionSourceControl (89)
[2015.03.28-02.20.33:678][899]LogModuleManager: Shutting down and abandoning module PerforceSourceControl (88)
[2015.03.28-02.20.33:678][899]LogModuleManager: Shutting down and abandoning module SourceControl (87)
[2015.03.28-02.20.33:678][899]LogModuleManager: Shutting down and abandoning module GitSourceControl (86)
[2015.03.28-02.20.33:678][899]LogModuleManager: Shutting down and abandoning module BlankPlugin (85)
[2015.03.28-02.20.33:678][899]LogModuleManager: Shutting down and abandoning module PaperTiledImporter (84)
[2015.03.28-02.20.33:678][899]LogModuleManager: Shutting down and abandoning module PaperJsonImporter (83)
[2015.03.28-02.20.33:678][899]LogModuleManager: Shutting down and abandoning module ContentBrowser (82)
[2015.03.28-02.20.33:680][899]LogModuleManager: Shutting down and abandoning module Paper2DEditor (81)
[2015.03.28-02.20.33:680][899]LogModuleManager: Shutting down and abandoning module ScriptPlugin (80)
[2015.03.28-02.20.33:680][899]LogModuleManager: Shutting down and abandoning module UdpMessaging (79)
[2015.03.28-02.20.33:780][899]LogModuleManager: Shutting down and abandoning module Paper2D (78)
[2015.03.28-02.20.33:780][899]LogModuleManager: Shutting down and abandoning module WindowsMoviePlayer (77)
[2015.03.28-02.20.33:787][899]LogModuleManager: Shutting down and abandoning module Media (76)
[2015.03.28-02.20.33:787][899]LogModuleManager: Shutting down and abandoning module WmfMedia (75)
[2015.03.28-02.20.33:787][899]LogModuleManager: Shutting down and abandoning module OnlineBlueprintSupport (74)
[2015.03.28-02.20.33:787][899]LogModuleManager: Shutting down and abandoning module PropertyEditor (73)
[2015.03.28-02.20.33:787][899]LogModuleManager: Shutting down and abandoning module BehaviorTreeEditor (72)
[2015.03.28-02.20.33:787][899]LogModuleManager: Shutting down and abandoning module FunctionalTesting (71)
[2015.03.28-02.20.33:788][899]LogModuleManager: Shutting down and abandoning module CollisionAnalyzer (70)
[2015.03.28-02.20.33:788][899]LogModuleManager: Shutting down and abandoning module WorkspaceMenuStructure (69)
[2015.03.28-02.20.33:788][899]LogModuleManager: Shutting down and abandoning module MessageLog (68)
[2015.03.28-02.20.33:788][899]LogModuleManager: Shutting down and abandoning module Sequencer (67)
[2015.03.28-02.20.33:788][899]LogModuleManager: Shutting down and abandoning module AssetTools (66)
[2015.03.28-02.20.33:788][899]LogModuleManager: Shutting down and abandoning module UMGEditor (65)
[2015.03.28-02.20.33:788][899]LogModuleManager: Shutting down and abandoning module UMG (64)
[2015.03.28-02.20.33:788][899]LogModuleManager: Shutting down and abandoning module Slate (63)
[2015.03.28-02.20.33:788][899]LogModuleManager: Shutting down and abandoning module EditorStyle (62)
[2015.03.28-02.20.33:800][899]LogModuleManager: Shutting down and abandoning module SessionServices (61)
[2015.03.28-02.20.33:800][899]LogModuleManager: Shutting down and abandoning module SourceCodeAccess (60)
[2015.03.28-02.20.33:800][899]LogModuleManager: Shutting down and abandoning module HeadMountedDisplay (59)
[2015.03.28-02.20.33:800][899]LogModuleManager: Shutting down and abandoning module XAudio2 (58)
[2015.03.28-02.20.33:800][899]LogModuleManager: Shutting down and abandoning module Networking (56)
[2015.03.28-02.20.33:800][899]LogModuleManager: Shutting down and abandoning module Core (55)
[2015.03.28-02.20.33:800][899]LogModuleManager: Shutting down and abandoning module KismetCompiler (54)
[2015.03.28-02.20.33:800][899]LogModuleManager: Shutting down and abandoning module PhysXFormats (53)
[2015.03.28-02.20.33:800][899]LogModuleManager: Shutting down and abandoning module MeshUtilities (52)
[2015.03.28-02.20.33:800][899]LogModuleManager: Shutting down and abandoning module DerivedDataCache (51)
[2015.03.28-02.20.33:817][899]LogDerivedDataCache: Shutdown
[2015.03.28-02.20.33:817][899]LogModuleManager: Shutting down and abandoning module ShaderFormatOpenGL (50)
[2015.03.28-02.20.33:817][899]LogModuleManager: Shutting down and abandoning module ShaderFormatD3D (49)
[2015.03.28-02.20.33:817][899]LogModuleManager: Shutting down and abandoning module MetalShaderFormat (48)
[2015.03.28-02.20.33:817][899]LogModuleManager: Shutting down and abandoning module TextureFormatUncompressed (47)
[2015.03.28-02.20.33:817][899]LogModuleManager: Shutting down and abandoning module TextureFormatPVR (46)
[2015.03.28-02.20.33:817][899]LogModuleManager: Shutting down and abandoning module TextureFormatIntelISPCTexComp (45)
[2015.03.28-02.20.33:817][899]LogModuleManager: Shutting down and abandoning module TextureFormatDXT (44)
[2015.03.28-02.20.33:817][899]LogModuleManager: Shutting down and abandoning module ImageWrapper (43)
[2015.03.28-02.20.33:817][899]LogModuleManager: Shutting down and abandoning module TextureFormatASTC (42)
[2015.03.28-02.20.33:818][899]LogModuleManager: Shutting down and abandoning module TextureFormatAndroid (41)
[2015.03.28-02.20.33:818][899]LogModuleManager: Shutting down and abandoning module AudioFormatOpus (40)
[2015.03.28-02.20.33:818][899]LogModuleManager: Shutting down and abandoning module AudioFormatOgg (39)
[2015.03.28-02.20.33:818][899]LogModuleManager: Shutting down and abandoning module AudioFormatADPCM (38)
[2015.03.28-02.20.33:818][899]LogModuleManager: Shutting down and abandoning module LinuxTargetPlatform (37)
[2015.03.28-02.20.33:818][899]LogModuleManager: Shutting down and abandoning module LinuxServerTargetPlatform (36)
[2015.03.28-02.20.33:818][899]LogModuleManager: Shutting down and abandoning module LinuxNoEditorTargetPlatform (35)
[2015.03.28-02.20.33:818][899]LogModuleManager: Shutting down and abandoning module Messaging (34)
[2015.03.28-02.20.33:818][899]LogModuleManager: Shutting down and abandoning module IOSTargetPlatform (33)
[2015.03.28-02.20.33:818][899]LogModuleManager: Shutting down and abandoning module HTML5TargetPlatform (32)
[2015.03.28-02.20.33:818][899]LogModuleManager: Shutting down and abandoning module Android_PVRTCTargetPlatform (31)
[2015.03.28-02.20.33:818][899]LogModuleManager: Shutting down and abandoning module Android_ETC2TargetPlatform (30)
[2015.03.28-02.20.33:818][899]LogModuleManager: Shutting down and abandoning module Android_ETC1TargetPlatform (29)
[2015.03.28-02.20.33:818][899]LogModuleManager: Shutting down and abandoning module Android_ES31TargetPlatform (28)
[2015.03.28-02.20.33:818][899]LogModuleManager: Shutting down and abandoning module Android_DXTTargetPlatform (27)
[2015.03.28-02.20.33:818][899]LogModuleManager: Shutting down and abandoning module Android_ATCTargetPlatform (26)
[2015.03.28-02.20.33:818][899]LogModuleManager: Shutting down and abandoning module AndroidTargetPlatform (25)
[2015.03.28-02.20.33:818][899]LogModuleManager: Shutting down and abandoning module WindowsTargetPlatform (24)
[2015.03.28-02.20.33:818][899]LogModuleManager: Shutting down and abandoning module WindowsServerTargetPlatform (23)
[2015.03.28-02.20.33:818][899]LogModuleManager: Shutting down and abandoning module WindowsNoEditorTargetPlatform (22)
[2015.03.28-02.20.33:818][899]LogModuleManager: Shutting down and abandoning module WindowsClientTargetPlatform (21)
[2015.03.28-02.20.33:818][899]LogModuleManager: Shutting down and abandoning module TargetPlatform (20)
[2015.03.28-02.20.33:818][899]LogModuleManager: Shutting down and abandoning module InputCore (19)
[2015.03.28-02.20.33:818][899]LogModuleManager: Shutting down and abandoning module Settings (18)
[2015.03.28-02.20.33:819][899]LogModuleManager: Shutting down and abandoning module OnlineSubsystem (16)
[2015.03.28-02.20.33:819][899]LogModuleManager: Shutting down and abandoning module OculusRift (15)
[2015.03.28-02.20.33:819][899]LogModuleManager: Shutting down and abandoning module ExampleDeviceProfileSelector (14)
[2015.03.28-02.20.33:819][899]LogModuleManager: Shutting down and abandoning module TextureCompressor (13)
[2015.03.28-02.20.33:819][899]LogModuleManager: Shutting down and abandoning module ShaderCore (12)
[2015.03.28-02.20.33:819][899]LogModuleManager: Shutting down and abandoning module Landscape (11)
[2015.03.28-02.20.33:819][899]LogModuleManager: Shutting down and abandoning module SlateRHIRenderer (10)
[2015.03.28-02.20.33:824][899]LogModuleManager: Shutting down and abandoning module OpenGLDrv (9)
[2015.03.28-02.20.33:824][899]LogModuleManager: Shutting down and abandoning module D3D11RHI (8)
[2015.03.28-02.20.33:824][899]LogModuleManager: Shutting down and abandoning module Renderer (7)
[2015.03.28-02.20.33:824][899]LogModuleManager: Shutting down and abandoning module Engine (6)
[2015.03.28-02.20.33:824][899]LogModuleManager: Shutting down and abandoning module CoreUObject (5)
[2015.03.28-02.20.33:824][899]LogModuleManager: Shutting down and abandoning module NetworkFile (4)
[2015.03.28-02.20.33:824][899]LogModuleManager: Shutting down and abandoning module StreamingFile (3)
[2015.03.28-02.20.33:824][899]LogModuleManager: Shutting down and abandoning module SandboxFile (2)
[2015.03.28-02.20.33:824][899]LogModuleManager: Shutting down and abandoning module PakFile (1)
[2015.03.28-02.20.33:825][899]LogExit: Exiting.
[2015.03.28-02.20.33:839][899]Log file closed, 03/27/15 21:20:33
