Log file open, 03/06/15 13:59:57
LogInit:Display: Running engine for game: ENPo
LogInit: Version: 4.7.2-2467323+++depot+UE4-Releases+4.7
LogInit: API Version: 2455222
LogInit: Compiled (64-bit): Mar  2 2015 23:16:34
LogInit: Compiled with Visual C++: 18.00.21005.01
LogInit: Build Configuration: Development
LogInit: Branch Name: ++depot+UE4-Releases+4.7
LogInit: Command line:  
LogInit: Base directory: C:/Program Files/Epic Games/4.7/Engine/Binaries/Win64/
LogInit: Rocket: 1
[2015.03.06-19.59.57:446][  0]LogTaskGraph: Started task graph with 3 named threads and 6 total threads.
[2015.03.06-19.59.57:531][  0]LogOnline:Warning: No default platform service specified for OnlineSubsystem
[2015.03.06-19.59.57:579][  0]LogInit: Presizing for 0 objects not considered by GC, pre-allocating 0 bytes.
[2015.03.06-19.59.57:613][  0]LogInit: Object subsystem initialized
[2015.03.06-19.59.57:620][  0]LogConsoleResponse:Warning: Skipping Unknown console variable: 'TranslucentSortAxis = (X=0.000000,Y=-1.000000,Z=0.000000)'
[2015.03.06-19.59.57:620][  0]LogConsoleResponse:Warning:   Found in ini file 'C:/Users/Jeremy Martin/Documents/GitHub/turbo-archer/ENPo/Saved/Config/Windows/Engine.ini', in section '[/Script/Engine.RendererSettings]'
[2015.03.06-19.59.57:620][  0]LogConsoleResponse:Warning: Skipping Unknown console variable: 'UIScaleRule = ShortestSide'
[2015.03.06-19.59.57:621][  0]LogConsoleResponse:Warning:   Found in ini file 'C:/Users/Jeremy Martin/Documents/GitHub/turbo-archer/ENPo/Saved/Config/Windows/Engine.ini', in section '[/Script/Engine.RendererSettings]'
[2015.03.06-19.59.57:621][  0]LogConsoleResponse:Warning: Skipping Unknown console variable: 'UIScaleCurve = (EditorCurveData=(Keys=),ExternalCurve=None)'
[2015.03.06-19.59.57:621][  0]LogConsoleResponse:Warning:   Found in ini file 'C:/Users/Jeremy Martin/Documents/GitHub/turbo-archer/ENPo/Saved/Config/Windows/Engine.ini', in section '[/Script/Engine.RendererSettings]'
[2015.03.06-19.59.57:622][  0]LogInit: Selected Device Profile: [Windows]
[2015.03.06-19.59.57:622][  0]LogInit: Applying CVar settings loaded from the selected device profile: [Windows]
[2015.03.06-19.59.57:645][  0]LogInit: Computer: JEREMYMARTIN-PC
[2015.03.06-19.59.57:645][  0]LogInit: User: JeremyMartin
[2015.03.06-19.59.57:645][  0]LogInit: CPU Page size=4096, Cores=4
[2015.03.06-19.59.57:645][  0]LogInit: High frequency timer resolution =2.728203 MHz
[2015.03.06-19.59.57:646][  0]LogMemory: Memory total: Physical=7.9GB (8GB approx) Virtual=8192.0GB
[2015.03.06-19.59.57:646][  0]LogMemory: Platform Memory Stats for Windows
[2015.03.06-19.59.57:646][  0]LogMemory: Process Physical Memory: 48.60 MB used, 48.60 MB peak
[2015.03.06-19.59.57:646][  0]LogMemory: Process Virtual Memory: 26.52 MB used, 26.53 MB peak
[2015.03.06-19.59.57:646][  0]LogMemory: Physical Memory: 3466.12 MB used, 8097.22 MB total
[2015.03.06-19.59.57:647][  0]LogMemory: Virtual Memory: 278.43 MB used, 8388608.00 MB total
[2015.03.06-19.59.57:770][  0]LogD3D11RHI: Found D3D11 adapter 0: Intel(R) HD Graphics 4600 (Feature Level 11_0)
[2015.03.06-19.59.57:770][  0]LogD3D11RHI: Adapter has 2094MB of dedicated video memory, 0MB of dedicated system memory, and 3792MB of shared system memory, 1 output[s]
[2015.03.06-19.59.57:770][  0]LogD3D11RHI: Chosen D3D11 Adapter Id = 0
[2015.03.06-19.59.57:795][  0]LogRHI: Texture pool is 1361 MB (70% of 1945 MB)
[2015.03.06-19.59.57:836][  0]LogD3D11RHI: Async texture creation enabled
[2015.03.06-19.59.57:958][  0]LogTextLocalizationManager: The requested culture ('en_US') has no localization data; parent culture's ('en') localization data will be used.
[2015.03.06-19.59.58:518][  0]LogContentStreaming: Texture pool size is 0.000000MB
[2015.03.06-20.00.07:508][  0]LogTargetPlatformManager:Display: Building Assets For Windows
[2015.03.06-20.00.09:442][  0]LogTargetPlatformManager:Display: Building Assets For Windows
[2015.03.06-20.00.09:669][  0]LogDerivedDataCache:Display: Max Cache Size: 512 MB
[2015.03.06-20.00.09:906][  0]LogDerivedDataCache: Loaded boot cache 0.24s 39MB C:/Users/Jeremy Martin/AppData/Local/UnrealEngine/4.7/DerivedDataCache/Boot.ddc.
[2015.03.06-20.00.09:907][  0]LogDerivedDataCache:Display: Loaded Boot cache: C:/Users/Jeremy Martin/AppData/Local/UnrealEngine/4.7/DerivedDataCache/Boot.ddc
[2015.03.06-20.00.09:907][  0]LogDerivedDataCache: FDerivedDataBackendGraph:  Pak pak cache file ../../../../../../Users/Jeremy Martin/Documents/GitHub/turbo-archer/ENPo/DerivedDataCache/DDC.ddp not found, will not use a pak cache.
[2015.03.06-20.00.09:907][  0]LogDerivedDataCache: Unable to find inner node Pak for hierarchical cache Hierarchy.
[2015.03.06-20.00.10:377][  0]LogDerivedDataCache:Display: Pak cache opened for reading ../../../Engine/DerivedDataCache/Compressed.ddp.
[2015.03.06-20.00.10:391][  0]LogDerivedDataCache: Using Local data cache path C:/Users/Jeremy Martin/AppData/Local/UnrealEngine/Common/DerivedDataCache: Writable
[2015.03.06-20.00.11:451][  0]LogMeshUtilities: No automatic mesh reduction module available
[2015.03.06-20.00.11:451][  0]LogMeshUtilities: No automatic mesh merging module available
[2015.03.06-20.00.13:807][  0]LogInit: WinSock: version 1.1 (2.2), MaxSocks=32767, MaxUdp=65467
[2015.03.06-20.00.14:079][  0]LogSlate:Warning: Failed to load font data from '../../../Engine/Content/Slate/Fonts/Roboto-Italic.ttf'
[2015.03.06-20.00.16:831][  0]UdpMessaging: Initializing bridge on interface 0.0.0.0:0 to multicast group 230.0.0.1:6666.
[2015.03.06-20.00.17:401][  0]SourceControl: Info Source control is disabled
[2015.03.06-20.00.17:401][  0]SourceControl: Info Source control is disabled
[2015.03.06-20.00.17:402][  0]SourceControl: Info Source control is disabled
[2015.03.06-20.00.17:402][  0]LogSourceControl: RunCommandInternalRaw: 'git version'
[2015.03.06-20.00.17:402][  0]LogSourceControl: RunCommandInternalRaw: ExecProcess ReturnCode=2 OutResults=''
[2015.03.06-20.00.17:433][  0]SourceControl: Info Source control is disabled
[2015.03.06-20.00.18:078][  0]LogObj: 24231 objects as part of root set at end of initial load.
[2015.03.06-20.00.18:078][  0]LogUObjectAllocator: 5136440 out of 0 bytes used by permanent object pool.
[2015.03.06-20.00.18:341][  0]LogEngine: Initializing Engine...
[2015.03.06-20.00.20:849][  0]LogInit: XAudio2 using 'Speakers / Headphones (Realtek High Definition Audio)' : 2 channels at 48 kHz using 32 bits per sample (channel mask 0x3)
[2015.03.06-20.00.21:042][  0]LogInit: FAudioDevice initialized.
[2015.03.06-20.00.21:175][  0]LogAIModule: Creating AISystem for world NewWorld
[2015.03.06-20.00.21:249][  0]LogDerivedDataCache: Saved boot cache 0.07s 39MB C:/Users/Jeremy Martin/AppData/Local/UnrealEngine/4.7/DerivedDataCache/Boot.ddc.
[2015.03.06-20.00.21:258][  0]LogInit: Texture streaming: Enabled
[2015.03.06-20.00.21:578][  0]LogAnalytics: Creating configured Analytics provider AnalyticsET
[2015.03.06-20.00.21:578][  0]LogAnalytics: ET APIKey = Rocket.Release. APIServer = http://et2.epicgames.com/ET2/. AppVersion = 4.7.2-2467323+++depot+UE4-Releases+4.7
[2015.03.06-20.00.21:578][  0]LogAnalytics: ET APIKey = Rocket.Release. DataRouterUploadURL = https://datarouter-public-service-gamedev.ol.epicgames.net/datarouter/api/v1/public/data. AppVersion = 4.7.2-2467323+++depot+UE4-Releases+4.7
[2015.03.06-20.00.21:579][  0]LogAnalytics: SetUserId 4faf2b8f401686a57575ecb438c58793|93efd1466ca449a7a50c61e21231fb4f|d21d11dd-cad7-4eb6-8377-a86052e53efe
[2015.03.06-20.00.21:579][  0]LogAnalytics: AnalyticsET::StartSession [Rocket.Release]
[2015.03.06-20.00.21:713][  0]LogInit: Transaction tracking system initialized
[2015.03.06-20.00.22:362][  0]BlueprintLog: New page: Editor Load
[2015.03.06-20.00.22:459][  0]LogAssetRegistry: FAssetRegistry took 0.0098 seconds to start up
[2015.03.06-20.00.22:460][  0]LogDirectoryWatcher:Warning: Failed to begin reading directory changes for ../../../Engine/Plugins/Experimental/CharacterAI/Content/. Error: 0
[2015.03.06-20.00.24:536][  0]LogTargetPlatformManager:Display: Building Assets For Windows
[2015.03.06-20.00.25:990][  0]LogTargetPlatformManager:Display: Building Assets For Windows
[2015.03.06-20.00.26:917][  0]LogSlate:Warning: Failed to load font data from '../../../Engine/Content/Editor/Slate/Fonts/Roboto-Regular.ttf'
[2015.03.06-20.00.26:918][  0]LogSlate:Warning: Failed to load font data from '../../../Engine/Content/Editor/Slate/Fonts/Roboto-Bold.ttf'
[2015.03.06-20.00.26:935][  0]LogConsoleResponse:Display: 
[2015.03.06-20.00.27:414][  0]LogCook:Display: Done creating registry. It took  0.00s.
[2015.03.06-20.00.27:932][  0]SourceControl: Info Source control is disabled
[2015.03.06-20.00.27:932][  0]Cmd: MAP LOAD FILE="../../../../../../Users/Jeremy Martin/Documents/GitHub/turbo-archer/ENPo/Content/PuzzleBP/Maps/PuzzleExampleMap.umap" TEMPLATE=0 SHOWPROGRESS=1 FEATURELEVEL=3
[2015.03.06-20.00.27:934][  0]LightingResults: New page: Lighting Build
[2015.03.06-20.00.27:978][  0]MapCheck: New page: Map Check
[2015.03.06-20.00.27:978][  0]LightingResults: New page: Lighting Build
[2015.03.06-20.00.28:003][  0]LogParticles: Destroying 0 GPU particle simulations for FXSystem 0x00000000124ECD60
[2015.03.06-20.00.28:636][  0]LogBlueprint:Warning: [compiler] Warning Node  Unknown  is not referencing a valid level actor
[2015.03.06-20.00.28:638][  0]LogBlueprint:Warning: [compiler] Warning [0035.06] Compile of PuzzleExampleMap successful, but with 1 Warning(s) [in 24 ms]
[2015.03.06-20.00.28:638][  0]LogBlueprint:Warning: [compiler] Warning [0035.06] Compile of PuzzleExampleMap successful, but with 2 Warning(s) [in 0 ms]
[2015.03.06-20.00.28:638][  0]LogBlueprint:Warning: [compiler] Warning [0035.06] Compile of PuzzleExampleMap successful, but with 3 Warning(s) [in 0 ms]
[2015.03.06-20.00.28:639][  0]LogBlueprint:Warning: [compiler] Warning [0035.06] Compile of PuzzleExampleMap successful, but with 4 Warning(s) [in 0 ms]
[2015.03.06-20.00.28:661][  0]LogBlueprint:Warning: [compiler] Warning Node  Unknown  is not referencing a valid level actor
[2015.03.06-20.00.28:663][  0]LogBlueprint:Warning: [compiler] Warning [0035.09] Compile of PuzzleExampleMap successful, but with 1 Warning(s) [in 23 ms]
[2015.03.06-20.00.28:664][  0]LogBlueprint:Warning: [compiler] Warning [0035.09] Compile of PuzzleExampleMap successful, but with 2 Warning(s) [in 0 ms]
[2015.03.06-20.00.28:927][  0]LogEditorServer: Finished looking for orphan Actors (0.000 secs)
[2015.03.06-20.00.28:928][  0]LogAIModule: Creating AISystem for world PuzzleExampleMap
[2015.03.06-20.00.28:930][  0]Cmd: MAP CHECKDEP
[2015.03.06-20.00.28:930][  0]MapCheck: New page: PuzzleExampleMap - Mar 6, 2015, 8:00:28 AM
[2015.03.06-20.00.29:222][  0]MapCheck: Info Map check complete: 0 Error(s), 0 Warning(s), took 291.977ms to complete.
[2015.03.06-20.00.29:222][  0]LogFileHelpers: Loading map 'PuzzleExampleMap' took 1.290
[2015.03.06-20.00.29:561][  0]LogCollectionManager: Loaded 0 collections in 0.006082 seconds
[2015.03.06-20.00.29:602][  0]LogContentBrowser: Native class hierarchy populated in 0.0411 seconds. Added 1696 classes and 261 folders.
[2015.03.06-20.00.29:736][  0]LogContentBrowser: Native class hierarchy updated for 'SceneOutliner' in 0.0066 seconds. Added 1 classes and 2 folders.
[2015.03.06-20.00.29:966][  0]LogCrashTracker: Crashtracker disabled due to settings.
[2015.03.06-20.00.29:970][  0]LogSlate:Warning: Failed to load font data from 'Veranda'
[2015.03.06-20.00.29:994][  0]LogUObjectGlobals:Warning: Failed to find object 'Class None.'
[2015.03.06-20.00.30:083][  0]LogLoad: Full Startup: 36.51 seconds (BP compile: 0.22 seconds)
[2015.03.06-20.00.31:000][  0]LogRenderer:Warning: Reallocating scene render targets to support 32x32 (Frame:2).
[2015.03.06-20.00.32:162][  0]LogRenderer:Warning: Reallocating scene render targets to support 1032x568 (Frame:4).
[2015.03.06-20.00.44:223][ 25]LogAssetRegistry: Asset discovery search completed in 21.7726 seconds
[2015.03.06-20.00.53:644][309]LogEditorViewport: Clicking on Actor (LMB): TextRenderActor (TemplateLabel)
[2015.03.06-20.01.05:917][465]LogEditorViewport: Clicking on Actor (LMB): TextRenderActor (TemplateLabel)
[2015.03.06-20.01.08:431][499]Cmd: DELETE
[2015.03.06-20.01.08:431][499]Cmd: ACTOR DELETE
[2015.03.06-20.01.08:440][499]LogEditorActor: Deleted Actor: TextRenderActor
[2015.03.06-20.01.08:443][499]LogActorComponent: UnregisterComponent: (/Engine/Transient.CharMoveComp) Not registered. Aborting.
[2015.03.06-20.01.08:517][499]LogEditorActor: Deleted 1 Actors (0.085 secs)
[2015.03.06-20.01.12:425][544]LogBlueprint:Warning: [compiler] Warning Node  Unknown  is not referencing a valid level actor
[2015.03.06-20.01.12:427][544]LogBlueprint:Warning: [compiler] Warning [0078.85] Compile of PuzzleExampleMap successful, but with 1 Warning(s) [in 165 ms]
[2015.03.06-20.01.12:429][544]LogBlueprint:Warning: [compiler] Warning [0078.85] Compile of PuzzleExampleMap successful, but with 2 Warning(s) [in 0 ms]
[2015.03.06-20.01.12:523][544]LogBlueprint:Warning: [compiler] Warning [0078.95] Compile of PuzzleExampleMap successful, but with 3 Warning(s) [in 93 ms]
[2015.03.06-20.01.12:533][544]LogBlueprint:Warning: [compiler] Warning [0078.96] Compile of PuzzleExampleMap successful, but with 4 Warning(s) [in 8 ms]
[2015.03.06-20.01.12:533][544]LogBlueprint:Warning: [compiler] Warning [0078.96] Compile of PuzzleExampleMap successful, but with 5 Warning(s) [in 0 ms]
[2015.03.06-20.01.12:533][544]LogBlueprint:Warning: [compiler] Warning [0078.96] Compile of PuzzleExampleMap successful, but with 6 Warning(s) [in 0 ms]
[2015.03.06-20.01.12:906][544]LogSavePackage: Save=648.555481ms
[2015.03.06-20.01.12:906][544]LogSavePackage: Moving '../../../../../../Users/Jeremy Martin/Documents/GitHub/turbo-archer/ENPo/Saved/PuzzleExampleMapA8FF706C4180847DA0C95EB69525F594.tmp' to '../../../../../../Users/Jeremy Martin/Documents/GitHub/turbo-archer/ENPo/Content/PuzzleBP/Maps/PuzzleExampleMap.umap'
[2015.03.06-20.11.08:590][770]LogFileHelpers: Editor autosave (incl. sublevels) for '/Game/PuzzleBP/Maps/PuzzleExampleMap' took 0.068
[2015.03.06-20.11.08:672][770]OBJ SavePackage: Generating thumbnails for [1] asset(s) in package [/Game/Blueprints/RunnerCharacter] ([1] browsable assets)...
[2015.03.06-20.11.08:767][770]OBJ SavePackage:     Rendered thumbnail for [Blueprint /Game/Blueprints/RunnerCharacter.RunnerCharacter]
[2015.03.06-20.11.08:767][770]OBJ SavePackage: Finished generating thumbnails for package [/Game/Blueprints/RunnerCharacter]
[2015.03.06-20.11.10:814][770]LogSavePackage: Save=1993.469360ms
[2015.03.06-20.11.10:824][770]LogSavePackage: Moving '../../../../../../Users/Jeremy Martin/Documents/GitHub/turbo-archer/ENPo/Saved/RunnerCharacter_Auto12AA4319D4C39A8DC61F66FA960121277.tmp' to '../../../../../../Users/Jeremy Martin/Documents/GitHub/turbo-archer/ENPo/Saved/Autosaves/Game/Blueprints/RunnerCharacter_Auto1.uasset'
[2015.03.06-20.11.10:844][770]LogFileHelpers: Auto-saving content packages took 2.253
[2015.03.06-20.13.01:237][202]LogRenderer:Warning: Reallocating scene render targets to support 1144x896 (Frame:420).
[2015.03.06-20.13.10:818][359]LogActorComponent: UnregisterComponent: (/Engine/Transient.CharMoveComp) Not registered. Aborting.
[2015.03.06-20.14.21:225][126]Cmd: OBJ SAVEPACKAGE PACKAGE="/Game/Blueprints/RunnerController" FILE="../../../../../../Users/Jeremy Martin/Documents/GitHub/turbo-archer/ENPo/Content/Blueprints/RunnerController.uasset" SILENT=true
[2015.03.06-20.14.21:342][126]LogSavePackage: Save=69.886665ms
[2015.03.06-20.14.21:342][126]LogSavePackage: Moving '../../../../../../Users/Jeremy Martin/Documents/GitHub/turbo-archer/ENPo/Saved/RunnerControllerEFE3E3E441738C78D04120A341A6D0CA.tmp' to '../../../../../../Users/Jeremy Martin/Documents/GitHub/turbo-archer/ENPo/Content/Blueprints/RunnerController.uasset'
[2015.03.06-20.14.21:655][138]BlueprintLog: New page: Compile RunnerController
[2015.03.06-20.14.21:861][138]BlueprintEditorCompileResults: Info [0868.24] Compile of RunnerController successful! [in 205 ms]
[2015.03.06-20.14.23:657][194]BlueprintLog: New page: Compile RunnerCharacter
[2015.03.06-20.14.23:909][194]BlueprintEditorCompileResults: Info [0870.29] Compile of RunnerCharacter successful! [in 251 ms]
[2015.03.06-20.14.27:803][241]LogActorComponent: UnregisterComponent: (/Engine/Transient.CharMoveComp) Not registered. Aborting.
[2015.03.06-20.14.27:959][241]LogBlueprint:Warning: [compiler] Warning Node  Unknown  is not referencing a valid level actor
[2015.03.06-20.14.27:962][241]LogBlueprint:Warning: [compiler] Warning [0874.34] Compile of PuzzleExampleMap successful, but with 1 Warning(s) [in 28 ms]
[2015.03.06-20.14.27:964][241]LogBlueprint:Warning: [compiler] Warning [0874.35] Compile of PuzzleExampleMap successful, but with 2 Warning(s) [in 0 ms]
[2015.03.06-20.14.28:056][241]LogBlueprint:Warning: [compiler] Warning [0874.44] Compile of PuzzleExampleMap successful, but with 3 Warning(s) [in 91 ms]
[2015.03.06-20.14.28:065][241]LogBlueprint:Warning: [compiler] Warning [0874.45] Compile of PuzzleExampleMap successful, but with 4 Warning(s) [in 8 ms]
[2015.03.06-20.14.28:065][241]LogBlueprint:Warning: [compiler] Warning [0874.45] Compile of PuzzleExampleMap successful, but with 5 Warning(s) [in 0 ms]
[2015.03.06-20.14.28:066][241]LogBlueprint:Warning: [compiler] Warning [0874.45] Compile of PuzzleExampleMap successful, but with 6 Warning(s) [in 0 ms]
[2015.03.06-20.14.28:369][241]LogSavePackage: Save=440.834503ms
[2015.03.06-20.14.28:369][241]LogSavePackage: Moving '../../../../../../Users/Jeremy Martin/Documents/GitHub/turbo-archer/ENPo/Saved/PuzzleExampleMapC2201BC14671A8CE960CD0A8BA691292.tmp' to '../../../../../../Users/Jeremy Martin/Documents/GitHub/turbo-archer/ENPo/Content/PuzzleBP/Maps/PuzzleExampleMap.umap'
[2015.03.06-20.14.31:073][274]BlueprintLog: New page: Pre-PIE auto-recompile
[2015.03.06-20.14.31:086][274]LogPlayLevel: [PIE] Compiling PuzzleExampleMap before PIE...
[2015.03.06-20.14.31:126][274]LogBlueprint:Warning: [compiler] Warning Node  Unknown  is not referencing a valid level actor
[2015.03.06-20.14.31:129][274]LogBlueprint:Warning: [compiler] Warning [0877.51] Compile of PuzzleExampleMap successful, but with 1 Warning(s) [in 38 ms]
[2015.03.06-20.14.31:132][274]LogBlueprint:Warning: [compiler] Warning [0877.51] Compile of PuzzleExampleMap successful, but with 2 Warning(s) [in 0 ms]
[2015.03.06-20.14.31:233][274]LogBlueprint:Warning: [compiler] Warning [0877.61] Compile of PuzzleExampleMap successful, but with 3 Warning(s) [in 99 ms]
[2015.03.06-20.14.31:245][274]LogBlueprint:Warning: [compiler] Warning [0877.63] Compile of PuzzleExampleMap successful, but with 4 Warning(s) [in 11 ms]
[2015.03.06-20.14.31:245][274]LogBlueprint:Warning: [compiler] Warning [0877.63] Compile of PuzzleExampleMap successful, but with 5 Warning(s) [in 0 ms]
[2015.03.06-20.14.31:246][274]LogBlueprint:Warning: [compiler] Warning [0877.63] Compile of PuzzleExampleMap successful, but with 6 Warning(s) [in 0 ms]
[2015.03.06-20.14.31:330][274]LogPlayLevel: PIE:  Blueprint regeneration took 257 ms (1 blueprints)
[2015.03.06-20.14.31:330][274]PIE: New page: SIE session: PuzzleExampleMap (Mar 6, 2015, 8:14:31 AM)
[2015.03.06-20.14.31:424][274]LogPlayLevel: PIE: StaticDuplicateObject took: (0.091866s)
[2015.03.06-20.14.31:428][274]LogPlayLevel: PIE: World Init took: (0.003889s)
[2015.03.06-20.14.31:431][274]LogPlayLevel: PIE: Created PIE world by copying editor world from /Game/PuzzleBP/Maps/PuzzleExampleMap.PuzzleExampleMap to /Game/PuzzleBP/Maps/UEDPIE_0_PuzzleExampleMap.PuzzleExampleMap (0.099517s)
[2015.03.06-20.14.31:575][274]LogWorld: Game class is 'RunnerGameMode_C'
[2015.03.06-20.14.31:583][274]LogAIModule: Creating AISystem for world PuzzleExampleMap
[2015.03.06-20.14.31:595][274]LogWorld: Bringing World /Game/PuzzleBP/Maps/UEDPIE_0_PuzzleExampleMap.PuzzleExampleMap up for play (max tick rate 60) at 2015.03.06-14.14.31
[2015.03.06-20.14.31:598][274]LogWorld: Bringing up level for play took: 0.012911
[2015.03.06-20.14.31:600][274]LogGameMode: Warning - PATHS NOT DEFINED or NO PLAYERSTART with positive rating
[2015.03.06-20.14.31:602][274]LogPawn:Error: EnableInput can only be specified on a Pawn for its Controller
[2015.03.06-20.14.31:605][274]PIE: Info Play in editor start time for /Game/PuzzleBP/Maps/UEDPIE_0_PuzzleExampleMap 0.455
[2015.03.06-20.14.38:623][383]LogParticles: Destroying 0 GPU particle simulations for FXSystem 0x000000002F62F4C0
[2015.03.06-20.14.42:918][444]Cmd: OBJ SAVEPACKAGE PACKAGE="/Game/Blueprints/RunnerCharacter" FILE="../../../../../../Users/Jeremy Martin/Documents/GitHub/turbo-archer/ENPo/Content/Blueprints/RunnerCharacter.uasset" SILENT=true
[2015.03.06-20.14.44:686][444]LogSavePackage: Save=1725.546143ms
[2015.03.06-20.14.44:686][444]LogSavePackage: Moving '../../../../../../Users/Jeremy Martin/Documents/GitHub/turbo-archer/ENPo/Saved/RunnerCharacter2E1ADB7D40BEEA5F0591F4A4B9767868.tmp' to '../../../../../../Users/Jeremy Martin/Documents/GitHub/turbo-archer/ENPo/Content/Blueprints/RunnerCharacter.uasset'
[2015.03.06-20.14.46:428][480]BlueprintLog: New page: Compile RunnerCharacter
[2015.03.06-20.14.46:580][480]LogActorComponent: UnregisterComponent: (/Engine/Transient.CharMoveComp) Not registered. Aborting.
[2015.03.06-20.14.46:658][480]BlueprintEditorCompileResults: Info [0893.04] Compile of RunnerCharacter successful! [in 228 ms]
[2015.03.06-20.14.48:125][523]Cmd: OBJ SAVEPACKAGE PACKAGE="/Game/Blueprints/RunnerController" FILE="../../../../../../Users/Jeremy Martin/Documents/GitHub/turbo-archer/ENPo/Content/Blueprints/RunnerController.uasset" SILENT=true
[2015.03.06-20.14.48:231][523]LogSavePackage: Save=67.109375ms
[2015.03.06-20.14.48:231][523]LogSavePackage: Moving '../../../../../../Users/Jeremy Martin/Documents/GitHub/turbo-archer/ENPo/Saved/RunnerControllerA4DF93AB4648361FB52B039E28DFFD8D.tmp' to '../../../../../../Users/Jeremy Martin/Documents/GitHub/turbo-archer/ENPo/Content/Blueprints/RunnerController.uasset'
[2015.03.06-20.19.36:064][ 30]BlueprintLog: New page: Compile RunnerController
[2015.03.06-20.19.36:265][ 30]BlueprintEditorCompileResults: Info [1182.62] Compile of RunnerController successful! [in 200 ms]
[2015.03.06-20.19.46:744][554]BlueprintLog: New page: Compile RunnerController
[2015.03.06-20.19.47:037][554]BlueprintEditorCompileResults: Info [1193.39] Compile of RunnerController successful! [in 293 ms]
[2015.03.06-20.19.51:087][609]BlueprintLog: New page: Pre-PIE auto-recompile
[2015.03.06-20.19.51:101][609]LogPlayLevel: [PIE] Compiling PuzzleExampleMap before PIE...
[2015.03.06-20.19.51:130][609]LogBlueprint:Warning: [compiler] Warning Node  Unknown  is not referencing a valid level actor
[2015.03.06-20.19.51:132][609]LogBlueprint:Warning: [compiler] Warning [1197.48] Compile of PuzzleExampleMap successful, but with 1 Warning(s) [in 25 ms]
[2015.03.06-20.19.51:134][609]LogBlueprint:Warning: [compiler] Warning [1197.48] Compile of PuzzleExampleMap successful, but with 2 Warning(s) [in 0 ms]
[2015.03.06-20.19.51:223][609]LogBlueprint:Warning: [compiler] Warning [1197.57] Compile of PuzzleExampleMap successful, but with 3 Warning(s) [in 87 ms]
[2015.03.06-20.19.51:231][609]LogBlueprint:Warning: [compiler] Warning [1197.58] Compile of PuzzleExampleMap successful, but with 4 Warning(s) [in 7 ms]
[2015.03.06-20.19.51:231][609]LogBlueprint:Warning: [compiler] Warning [1197.58] Compile of PuzzleExampleMap successful, but with 5 Warning(s) [in 0 ms]
[2015.03.06-20.19.51:232][609]LogBlueprint:Warning: [compiler] Warning [1197.58] Compile of PuzzleExampleMap successful, but with 6 Warning(s) [in 0 ms]
[2015.03.06-20.19.51:233][609]LogActorComponent: UnregisterComponent: (/Engine/Transient.CharMoveComp) Not registered. Aborting.
[2015.03.06-20.19.51:285][609]LogPlayLevel: PIE:  Blueprint regeneration took 199 ms (1 blueprints)
[2015.03.06-20.19.51:286][609]PIE: New page: SIE session: PuzzleExampleMap (Mar 6, 2015, 8:19:51 AM)
[2015.03.06-20.19.51:371][609]LogPlayLevel: PIE: StaticDuplicateObject took: (0.083599s)
[2015.03.06-20.19.51:399][609]LogPlayLevel: PIE: World Init took: (0.028156s)
[2015.03.06-20.19.51:400][609]LogPlayLevel: PIE: Created PIE world by copying editor world from /Game/PuzzleBP/Maps/PuzzleExampleMap.PuzzleExampleMap to /Game/PuzzleBP/Maps/UEDPIE_0_PuzzleExampleMap.PuzzleExampleMap (0.112534s)
[2015.03.06