Log file open, 03/27/15 17:01:53
LogInit:Display: Running engine for game: ENPo
LogInit: Version: 4.7.3-2479750+++depot+UE4-Releases+4.7
LogInit: API Version: 2455222
LogInit: Compiled (64-bit): Mar 15 2015 23:20:45
LogInit: Compiled with Visual C++: 18.00.21005.01
LogInit: Build Configuration: Development
LogInit: Branch Name: ++depot+UE4-Releases+4.7
LogInit: Command line:  
LogInit: Base directory: C:/Program Files/Epic Games/4.7/Engine/Binaries/Win64/
LogInit: Rocket: 1
[2015.03.27-22.01.53:665][  0]LogTaskGraph: Started task graph with 3 named threads and 6 total threads.
[2015.03.27-22.01.53:714][  0]LogOnline:Warning: No default platform service specified for OnlineSubsystem
[2015.03.27-22.01.53:726][  0]LogInit: Presizing for 0 objects not considered by GC, pre-allocating 0 bytes.
[2015.03.27-22.01.53:736][  0]LogInit: Object subsystem initialized
[2015.03.27-22.01.53:738][  0]LogConsoleResponse:Warning: Skipping Unknown console variable: 'TranslucentSortAxis = (X=0.000000,Y=-1.000000,Z=0.000000)'
[2015.03.27-22.01.53:738][  0]LogConsoleResponse:Warning:   Found in ini file 'C:/Users/Jeremy Martin/Documents/GitHub/turbo-archer/ENPo/Saved/Config/Windows/Engine.ini', in section '[/Script/Engine.RendererSettings]'
[2015.03.27-22.01.53:738][  0]LogConsoleResponse:Warning: Skipping Unknown console variable: 'UIScaleRule = ShortestSide'
[2015.03.27-22.01.53:738][  0]LogConsoleResponse:Warning:   Found in ini file 'C:/Users/Jeremy Martin/Documents/GitHub/turbo-archer/ENPo/Saved/Config/Windows/Engine.ini', in section '[/Script/Engine.RendererSettings]'
[2015.03.27-22.01.53:738][  0]LogConsoleResponse:Warning: Skipping Unknown console variable: 'UIScaleCurve = (EditorCurveData=(Keys=),ExternalCurve=None)'
[2015.03.27-22.01.53:738][  0]LogConsoleResponse:Warning:   Found in ini file 'C:/Users/Jeremy Martin/Documents/GitHub/turbo-archer/ENPo/Saved/Config/Windows/Engine.ini', in section '[/Script/Engine.RendererSettings]'
[2015.03.27-22.01.53:738][  0]LogInit: Selected Device Profile: [Windows]
[2015.03.27-22.01.53:738][  0]LogInit: Applying CVar settings loaded from the selected device profile: [Windows]
[2015.03.27-22.01.53:744][  0]LogInit: Computer: JEREMYMARTIN-PC
[2015.03.27-22.01.53:744][  0]LogInit: User: JeremyMartin
[2015.03.27-22.01.53:744][  0]LogInit: CPU Page size=4096, Cores=4
[2015.03.27-22.01.53:744][  0]LogInit: High frequency timer resolution =2.728222 MHz
[2015.03.27-22.01.53:744][  0]LogMemory: Memory total: Physical=7.9GB (8GB approx) Virtual=8192.0GB
[2015.03.27-22.01.53:744][  0]LogMemory: Platform Memory Stats for Windows
[2015.03.27-22.01.53:744][  0]LogMemory: Process Physical Memory: 48.70 MB used, 48.70 MB peak
[2015.03.27-22.01.53:744][  0]LogMemory: Process Virtual Memory: 30.46 MB used, 30.46 MB peak
[2015.03.27-22.01.53:744][  0]LogMemory: Physical Memory: 3604.82 MB used, 8097.22 MB total
[2015.03.27-22.01.53:744][  0]LogMemory: Virtual Memory: 283.38 MB used, 8388608.00 MB total
[2015.03.27-22.01.53:775][  0]LogD3D11RHI: Found D3D11 adapter 0: Intel(R) HD Graphics 4600 (Feature Level 11_0)
[2015.03.27-22.01.53:775][  0]LogD3D11RHI: Adapter has 2094MB of dedicated video memory, 0MB of dedicated system memory, and 3792MB of shared system memory, 1 output[s]
[2015.03.27-22.01.53:775][  0]LogD3D11RHI: Chosen D3D11 Adapter Id = 0
[2015.03.27-22.01.53:782][  0]LogRHI: Texture pool is 1361 MB (70% of 1945 MB)
[2015.03.27-22.01.53:792][  0]LogD3D11RHI: Async texture creation enabled
[2015.03.27-22.01.53:859][  0]LogTextLocalizationManager: The requested culture ('en_US') has no localization data; parent culture's ('en') localization data will be used.
[2015.03.27-22.01.53:912][  0]LogTextLocalizationManager:Warning: Loading localization resources contain conflicting entries for (Namespace:UICommands, Key:Save_ToolTip):
Resource: (C:/Program Files/Epic Games/4.7/Engine/Content/Localization/Editor/en/Editor.locres) Hash: (-29098895) String: (Saves the current level to disk)
Resource: (C:/Program Files/Epic Games/4.7/Engine/Content/Localization/Engine/en/Engine.locres) Hash: (-1280300587) String: (Save selected data to vlog file)
[2015.03.27-22.01.53:912][  0]LogTextLocalizationManager:Warning: Loading localization resources contain conflicting entries for (Namespace:ContentBrowser, Key:ImportAssetToolTip):
Resource: (C:/Program Files/Epic Games/4.7/Engine/Content/Localization/Editor/en/Editor.locres) Hash: (-630476809) String: (Import to {0}...)
Resource: (C:/Program Files/Epic Games/4.7/Engine/Content/Localization/Editor/en/Editor.locres) Hash: (1271782899) String: (Imports an asset from file to this folder.)
[2015.03.27-22.01.53:987][  0]LogContentStreaming: Texture pool size is 0.000000MB
[2015.03.27-22.01.55:915][  0]LogTargetPlatformManager:Display: Building Assets For Windows
[2015.03.27-22.01.56:357][  0]LogTargetPlatformManager:Display: Building Assets For Windows
[2015.03.27-22.01.56:415][  0]LogDerivedDataCache:Display: Max Cache Size: 512 MB
[2015.03.27-22.01.56:499][  0]LogDerivedDataCache: Loaded boot cache 0.08s 39MB C:/Users/Jeremy Martin/AppData/Local/UnrealEngine/4.7/DerivedDataCache/Boot.ddc.
[2015.03.27-22.01.56:499][  0]LogDerivedDataCache:Display: Loaded Boot cache: C:/Users/Jeremy Martin/AppData/Local/UnrealEngine/4.7/DerivedDataCache/Boot.ddc
[2015.03.27-22.01.56:499][  0]LogDerivedDataCache: FDerivedDataBackendGraph:  Pak pak cache file ../../../../../../Users/Jeremy Martin/Documents/GitHub/turbo-archer/ENPo/DerivedDataCache/DDC.ddp not found, will not use a pak cache.
[2015.03.27-22.01.56:499][  0]LogDerivedDataCache: Unable to find inner node Pak for hierarchical cache Hierarchy.
[2015.03.27-22.01.56:611][  0]LogDerivedDataCache:Display: Pak cache opened for reading ../../../Engine/DerivedDataCache/Compressed.ddp.
[2015.03.27-22.01.56:622][  0]LogDerivedDataCache: Using Local data cache path C:/Users/Jeremy Martin/AppData/Local/UnrealEngine/Common/DerivedDataCache: Writable
[2015.03.27-22.01.56:890][  0]LogMeshUtilities: No automatic mesh reduction module available
[2015.03.27-22.01.56:890][  0]LogMeshUtilities: No automatic mesh merging module available
[2015.03.27-22.01.57:365][  0]LogInit: WinSock: version 1.1 (2.2), MaxSocks=32767, MaxUdp=65467
[2015.03.27-22.01.57:428][  0]LogSlate:Warning: Failed to load font data from '../../../Engine/Content/Slate/Fonts/Roboto-Italic.ttf'
[2015.03.27-22.01.58:091][  0]UdpMessaging: Initializing bridge on interface 0.0.0.0:0 to multicast group 230.0.0.1:6666.
[2015.03.27-22.01.58:283][  0]SourceControl: Info Source control is disabled
[2015.03.27-22.01.58:283][  0]SourceControl: Info Source control is disabled
[2015.03.27-22.01.58:283][  0]SourceControl: Info Source control is disabled
[2015.03.27-22.01.58:283][  0]LogSourceControl: RunCommandInternalRaw: 'git version'
[2015.03.27-22.01.58:283][  0]LogSourceControl: RunCommandInternalRaw: ExecProcess ReturnCode=2 OutResults=''
[2015.03.27-22.01.58:290][  0]SourceControl: Info Source control is disabled
[2015.03.27-22.01.58:437][  0]LogObj: 24231 objects as part of root set at end of initial load.
[2015.03.27-22.01.58:437][  0]LogUObjectAllocator: 5136440 out of 0 bytes used by permanent object pool.
[2015.03.27-22.01.58:505][  0]LogEngine: Initializing Engine...
[2015.03.27-22.02.01:643][  0]LogInit: XAudio2 using 'Speakers / Headphones (Realtek High Definition Audio)' : 2 channels at 48 kHz using 32 bits per sample (channel mask 0x3)
[2015.03.27-22.02.01:723][  0]LogInit: FAudioDevice initialized.
[2015.03.27-22.02.01:754][  0]LogAIModule: Creating AISystem for world NewWorld
[2015.03.27-22.02.01:791][  0]LogDerivedDataCache: Saved boot cache 0.04s 39MB C:/Users/Jeremy Martin/AppData/Local/UnrealEngine/4.7/DerivedDataCache/Boot.ddc.
[2015.03.27-22.02.01:793][  0]LogInit: Texture streaming: Enabled
[2015.03.27-22.02.01:866][  0]LogAnalytics: Creating configured Analytics provider AnalyticsET
[2015.03.27-22.02.01:866][  0]LogAnalytics: ET APIKey = Rocket.Release. APIServer = http://et2.epicgames.com/ET2/. AppVersion = 4.7.3-2479750+++depot+UE4-Releases+4.7
[2015.03.27-22.02.01:866][  0]LogAnalytics: ET APIKey = Rocket.Release. DataRouterUploadURL = https://datarouter-public-service-gamedev.ol.epicgames.net/datarouter/api/v1/public/data. AppVersion = 4.7.3-2479750+++depot+UE4-Releases+4.7
[2015.03.27-22.02.01:866][  0]LogAnalytics: SetUserId 4faf2b8f401686a57575ecb438c58793|93efd1466ca449a7a50c61e21231fb4f|d21d11dd-cad7-4eb6-8377-a86052e53efe
[2015.03.27-22.02.01:866][  0]LogAnalytics: AnalyticsET::StartSession [Rocket.Release]
[2015.03.27-22.02.01:895][  0]LogInit: Transaction tracking system initialized
[2015.03.27-22.02.02:055][  0]BlueprintLog: New page: Editor Load
[2015.03.27-22.02.02:084][  0]LogAssetRegistry: FAssetRegistry took 0.0098 seconds to start up
[2015.03.27-22.02.02:084][  0]LogDirectoryWatcher:Warning: Failed to begin reading directory changes for ../../../Engine/Plugins/Experimental/CharacterAI/Content/. Error: 0
[2015.03.27-22.02.02:559][  0]LogTargetPlatformManager:Display: Building Assets For Windows
[2015.03.27-22.02.02:884][  0]LogTargetPlatformManager:Display: Building Assets For Windows
[2015.03.27-22.02.03:097][  0]LogSlate:Warning: Failed to load font data from '../../../Engine/Content/Editor/Slate/Fonts/Roboto-Regular.ttf'
[2015.03.27-22.02.03:097][  0]LogSlate:Warning: Failed to load font data from '../../../Engine/Content/Editor/Slate/Fonts/Roboto-Bold.ttf'
[2015.03.27-22.02.03:101][  0]LogConsoleResponse:Display: 
[2015.03.27-22.02.03:200][  0]LogCook:Display: Done creating registry. It took  0.00s.
[2015.03.27-22.02.03:317][  0]SourceControl: Info Source control is disabled
[2015.03.27-22.02.13:679][  0]Cmd: MAP LOAD FILE="../../../../../../Users/Jeremy Martin/Documents/GitHub/turbo-archer/ENPo/Content/PuzzleBP/Maps/PuzzleExampleMap.umap" TEMPLATE=0 SHOWPROGRESS=1 FEATURELEVEL=3
[2015.03.27-22.02.13:680][  0]LightingResults: New page: Lighting Build
[2015.03.27-22.02.13:692][  0]MapCheck: New page: Map Check
[2015.03.27-22.02.13:692][  0]LightingResults: New page: Lighting Build
[2015.03.27-22.02.13:710][  0]LogParticles: Destroying 0 GPU particle simulations for FXSystem 0x0000000003F2CD60
[2015.03.27-22.02.14:002][  0]LogBlueprint:Warning: [compiler] Warning Node  Unknown  is not referencing a valid level actor
[2015.03.27-22.02.14:003][  0]LogBlueprint:Warning: [compiler] Warning [0022.08] Compile of PuzzleExampleMap successful, but with 1 Warning(s) [in 6 ms]
[2015.03.27-22.02.14:003][  0]LogBlueprint:Warning: [compiler] Warning [0022.08] Compile of PuzzleExampleMap successful, but with 2 Warning(s) [in 0 ms]
[2015.03.27-22.02.14:003][  0]LogBlueprint:Warning: [compiler] Warning [0022.08] Compile of PuzzleExampleMap successful, but with 3 Warning(s) [in 0 ms]
[2015.03.27-22.02.14:003][  0]LogBlueprint:Warning: [compiler] Warning [0022.08] Compile of PuzzleExampleMap successful, but with 4 Warning(s) [in 0 ms]
[2015.03.27-22.02.14:008][  0]LogBlueprint:Warning: [compiler] Warning Node  Unknown  is not referencing a valid level actor
[2015.03.27-22.02.14:009][  0]LogBlueprint:Warning: [compiler] Warning [0022.09] Compile of PuzzleExampleMap successful, but with 1 Warning(s) [in 5 ms]
[2015.03.27-22.02.14:009][  0]LogBlueprint:Warning: [compiler] Warning [0022.09] Compile of PuzzleExampleMap successful, but with 2 Warning(s) [in 0 ms]
[2015.03.27-22.02.14:133][  0]LogEditorServer: Finished looking for orphan Actors (0.000 secs)
[2015.03.27-22.02.14:136][  0]LogAIModule: Creating AISystem for world PuzzleExampleMap
[2015.03.27-22.02.14:137][  0]Cmd: MAP CHECKDEP
[2015.03.27-22.02.14:137][  0]MapCheck: New page: PuzzleExampleMap - Mar 27, 2015, 12:02:14 PM
[2015.03.27-22.02.14:214][  0]MapCheck: Info Map check complete: 0 Error(s), 0 Warning(s), took 77.155ms to complete.
[2015.03.27-22.02.14:214][  0]LogFileHelpers: Loading map 'PuzzleExampleMap' took 0.534
[2015.03.27-22.02.14:284][  0]LogStats:Warning: MetaData mismatch. Did you assign a stat to two groups? New //STATGROUP_Threads//SplashScreenThread///Thread_6b90_0///////STATCAT_Advanced//// old //STATGROUP_Threads//SplashScreenThread///Thread_6970_0///////STATCAT_Advanced////
[2015.03.27-22.02.14:285][  0]LogCollectionManager: Loaded 0 collections in 0.001474 seconds
[2015.03.27-22.02.14:294][  0]LogContentBrowser: Native class hierarchy populated in 0.0097 seconds. Added 1696 classes and 261 folders.
[2015.03.27-22.02.14:326][  0]LogContentBrowser: Native class hierarchy updated for 'SceneOutliner' in 0.0014 seconds. Added 1 classes and 2 folders.
[2015.03.27-22.02.14:379][  0]LogCrashTracker: Crashtracker disabled due to settings.
[2015.03.27-22.02.14:380][  0]LogSlate:Warning: Failed to load font data from 'Veranda'
[2015.03.27-22.02.14:386][  0]LogUObjectGlobals:Warning: Failed to find object 'Class None.'
[2015.03.27-22.02.14:413][  0]LogLoad: Full Startup: 22.49 seconds (BP compile: 0.12 seconds)
[2015.03.27-22.02.14:464][  0]LogContentBrowser:Verbose: The content browser source was changed by the sources view to '/Engine/EngineVolumetrics/LightBeam/Materials'
[2015.03.27-22.02.14:566][  0]LogRenderer:Warning: Reallocating scene render targets to support 32x32 (Frame:2).
[2015.03.27-22.02.14:909][  0]LogRenderer:Warning: Reallocating scene render targets to support 1128x680 (Frame:10).
[2015.03.27-22.02.15:779][  5]LogAssetRegistry: Asset discovery search completed in 13.7039 seconds
[2015.03.27-22.02.43:006][396]BlueprintLog: New page: Pre-PIE auto-recompile
[2015.03.27-22.02.43:006][396]LogPlayLevel: [PIE] Compiling PuzzleExampleMap before PIE...
[2015.03.27-22.02.43:015][396]LogBlueprint:Warning: [compiler] Warning Node  Unknown  is not referencing a valid level actor
[2015.03.27-22.02.43:016][396]LogBlueprint:Warning: [compiler] Warning [0051.09] Compile of PuzzleExampleMap successful, but with 1 Warning(s) [in 8 ms]
[2015.03.27-22.02.43:016][396]LogBlueprint:Warning: [compiler] Warning [0051.10] Compile of PuzzleExampleMap successful, but with 2 Warning(s) [in 0 ms]
[2015.03.27-22.02.43:037][396]LogBlueprint:Warning: [compiler] Warning [0051.12] Compile of PuzzleExampleMap successful, but with 3 Warning(s) [in 20 ms]
[2015.03.27-22.02.43:037][396]LogBlueprint:Warning: [compiler] Warning [0051.12] Compile of PuzzleExampleMap successful, but with 4 Warning(s) [in 0 ms]
[2015.03.27-22.02.43:037][396]LogBlueprint:Warning: [compiler] Warning [0051.12] Compile of PuzzleExampleMap successful, but with 5 Warning(s) [in 0 ms]
[2015.03.27-22.02.43:038][396]LogBlueprint:Warning: [compiler] Warning [0051.12] Compile of PuzzleExampleMap successful, but with 6 Warning(s) [in 0 ms]
[2015.03.27-22.02.43:039][396]LogActorComponent: UnregisterComponent: (/Engine/Transient.CharMoveComp) Not registered. Aborting.
[2015.03.27-22.02.43:053][396]LogPlayLevel: PIE:  Blueprint regeneration took 46 ms (1 blueprints)
[2015.03.27-22.02.43:053][396]PIE: New page: SIE session: PuzzleExampleMap (Mar 27, 2015, 12:02:43 PM)
[2015.03.27-22.02.43:077][396]LogPlayLevel: PIE: StaticDuplicateObject took: (0.023666s)
[2015.03.27-22.02.43:078][396]LogPlayLevel: PIE: World Init took: (0.000463s)
[2015.03.27-22.02.43:078][396]LogPlayLevel: PIE: Created PIE world by copying editor world from /Game/PuzzleBP/Maps/PuzzleExampleMap.PuzzleExampleMap to /Game/PuzzleBP/Maps/UEDPIE_0_PuzzleExampleMap.PuzzleExampleMap (0.024282s)
[2015.03.27-22.02.43:125][396]LogWorld: Game class is 'RunnerGameMode_C'
[2015.03.27-22.02.43:127][396]LogAIModule: Creating AISystem for world PuzzleExampleMap
[2015.03.27-22.02.43:135][396]LogWorld: Bringing World /Game/PuzzleBP/Maps/UEDPIE_0_PuzzleExampleMap.PuzzleExampleMap up for play (max tick rate 60) at 2015.03.27-17.02.43
[2015.03.27-22.02.43:138][396]LogWorld: Bringing up level for play took: 0.010342
[2015.03.27-22.02.43:139][396]LogPawn:Error: EnableInput can only be specified on a Pawn for its Controller
[2015.03.27-22.02.43:139][396]PIE: Info Play in editor start time for /Game/PuzzleBP/Maps/UEDPIE_0_PuzzleExampleMap -0.051
[2015.03.27-22.02.50:141][499]LogParticles: Destroying 0 GPU particle simulations for FXSystem 0x000000002357FE20
[2015.03.27-22.02.53:176][545]LogEditorViewport: Clicking on Actor (LMB): MaterialInstanceActor (MaterialInstanceActor1)
[2015.03.27-22.03.12:394][833]LogEditorViewport: Clicking on Actor (LMB): MaterialInstanceActor (MaterialInstanceActor1)
[2015.03.27-22.03.12:970][841]LogEditorViewport: Clicking on Actor (LMB): MaterialInstanceActor (MaterialInstanceActor1)
[2015.03.27-22.03.13:850][856]Cmd: DELETE
[2015.03.27-22.03.13:850][856]Cmd: ACTOR DELETE
[2015.03.27-22.03.13:857][856]LogEditorActor: Deleted Actor: MaterialInstanceActor
[2015.03.27-22.03.13:920][856]LogEditorActor: Deleted 1 Actors (0.070 secs)
[2015.03.27-22.04.07:890][719]LogActorComponent: UnregisterComponent: (/Engine/Transient.CharMoveComp) Not registered. Aborting.
[2015.03.27-22.04.07:967][719]Cmd: OBJ SAVEPACKAGE PACKAGE="/Game/dusty" FILE="../../../../../../Users/Jeremy Martin/Documents/GitHub/turbo-archer/ENPo/Content/dusty.uasset" SILENT=true
[2015.03.27-22.04.07:990][719]LogSavePackage: Save=8.388980ms
[2015.03.27-22.04.07:990][719]LogSavePackage: Moving '../../../../../../Users/Jeremy Martin/Documents/GitHub/turbo-archer/ENPo/Saved/dusty8235128E416E61DB5A74D2BAEF41068E.tmp' to '../../../../../../Users/Jeremy Martin/Documents/GitHub/turbo-archer/ENPo/Content/dusty.uasset'
[2015.03.27-22.04.08:818][719]LogContentBrowser:Verbose: The content browser source was changed by the sources view to 'None'
[2015.03.27-22.04.08:819][719]LogContentBrowser:Verbose: The content browser source was changed by the sources view to '/Game'
[2015.03.27-22.04.16:863][831]LogRenderer:Warning: Reallocating scene render targets to support 1144x896 (Frame:1370).
[2015.03.27-22.07.20:668][445]LogSCSEditor: Calling UpdateTree() from Tick().
[2015.03.27-22.07.45:957][845]BlueprintLog: New page: Compile dusty
[2015.03.27-22.07.46:406][845]Cmd: OBJ SAVEPACKAGE PACKAGE="/Game/dusty" FILE="../../../../../../Users/Jeremy Martin/Documents/GitHub/turbo-archer/ENPo/Content/dusty.uasset" SILENT=true
[2015.03.27-22.07.46:562][845]LogSavePackage: Save=51.291649ms
[2015.03.27-22.07.46:562][845]LogSavePackage: Moving '../../../../../../Users/Jeremy Martin/Documents/GitHub/turbo-archer/ENPo/Saved/dustyF4356F2447601BE35D7D71B92006D696.tmp' to '../../../../../../Users/Jeremy Martin/Documents/GitHub/turbo-archer/ENPo/Content/dusty.uasset'
[2015.03.27-22.07.46:579][845]BlueprintEditorCompileResults: Info [0354.64] Compile of dusty successful! [in 621 ms]
[2015.03.27-22.07.46:860][851]BlueprintLog: New page: Compile dusty
[2015.03.27-22.07.47:069][851]BlueprintEditorCompileResults: Info [0355.13] Compile of dusty successful! [in 209 ms]
[2015.03.27-22.10.34:469][923]BlueprintLog: New page: Compile dusty
[2015.03.27-22.10.34:753][923]Cmd: OBJ SAVEPACKAGE PACKAGE="/Game/dusty" FILE="../../../../../../Users/Jeremy Martin/Documents/GitHub/turbo-archer/ENPo/Content/dusty.uasset" SILENT=true
[2015.03.27-22.10.34:816][923]LogSavePackage: Save=22.007740ms
[2015.03.27-22.10.34:816][923]LogSavePackage: Moving '../../../../../../Users/Jeremy Martin/Documents/GitHub/turbo-archer/ENPo/Saved/dustyB920E4A148206C21868980A5FA8913C1.tmp' to '../../../../../../Users/Jeremy Martin/Documents/GitHub/turbo-archer/ENPo/Content/dusty.uasset'
[2015.03.27-22.10.34:829][923]BlueprintEditorCompileResults: Info [0522.88] Compile of dusty successful! [in 359 ms]
[2015.03.27-22.11.19:369][329]MapCheck: New page: Map Check
[2015.03.27-22.11.19:573][329]LightingResults: New page: Lighting Build - Mar 27, 2015, 12:11:19 PM
[2015.03.27-22.11.29:630][329]LogStaticLightingSystem: Running Lightmass w/ ImmediateImport mode ENABLED
[2015.03.27-22.11.29:630][329]LogStaticLightingSystem: Running Lightmass w/ ImmediateProcess mode ENABLED
[2015.03.27-22.11.29:630][329]LogStaticLightingSystem: Running Lightmass w/ Sorting mode ENABLED
[2015.03.27-22.11.29:630][329]LogStaticLightingSystem: Running Lightmass w/ Mapping paddings ENABLED
[2015.03.27-22.11.29:630][329]LogStaticLightingSystem: Running Lightmass w/ Mapping debug paddings DISABLED
[2015.03.27-22.11.29:956][329]LogEditorBuildUtils: Build time 0:00:10
[2015.03.27-22.11.40:099][405]BlueprintLog: New page: Pre-PIE auto-recompile
[2015.03.27-22.11.40:112][405]LogPlayLevel: [PIE] Compiling PuzzleExampleMap before PIE...
[2015.03.27-22.11.40:144][405]LogBlueprint:Warning: [compiler] Warning Node  Unknown  is not referencing a valid level actor
[2015.03.27-22.11.40:147][405]LogBlueprint:Warning: [compiler] Warning [0588.19] Compile of PuzzleExampleMap successful, but with 1 Warning(s) [in 29 ms]
[2015.03.27-22.11.40:149][405]LogBlueprint:Warning: [compiler] Warning [0588.20] Compile of PuzzleExampleMap successful, but with 2 Warning(s) [in 0 ms]
[2015.03.27-22.11.40:276][405]LogBlueprint:Warning: [compiler] Warning [0588.32] Compile of PuzzleExampleMap successful, but with 3 Warning(s) [in 126 ms]
[2015.03.27-22.11.40:288][405]LogBlueprint:Warning: [compiler] Warning [0588.33] Compile of PuzzleExampleMap successful, but with 4 Warning(s) [in 10 ms]
[2015.03.27-22.11.40:288][405]LogBlueprint:Warning: [compiler] Warning [0588.33] Compile of PuzzleExampleMap successful, but with 5 Warning(s) [in 0 ms]
[2015.03.27-22.11.40:288][405]LogBlueprint:Warning: [compiler] Warning [0588.34] Compile of PuzzleExampleMap successful, but with 6 Warning(s) [in 0 ms]
[2015.03.27-22.11.40:332][405]LogPlayLevel: PIE:  Blueprint regeneration took 233 ms (1 blueprints)
[2015.03.27-22.11.40:333][405]PIE: New page: SIE session: PuzzleExampleMap (Mar 27, 2015, 12:11:40 PM)
[2015.03.27-22.11.40:386][405]LogPlayLevel: PIE: StaticDuplicateObject took: (0.052121s)
[2015.03.27-22.11.40:387][405]LogPlayLevel: PIE: World Init took: (0.001317s)
[2015.03.27-22.11.40:387][405]LogPlayLevel: PIE: Created PIE world by copying editor world from /Game/PuzzleBP/Maps/PuzzleExampleMap.PuzzleExampleMap to /Game/PuzzleBP/Maps/UEDPIE_0_PuzzleExampleMap.PuzzleExampleMap (0.053798s)
[2015.03.27-22.11.40:389][405]LogSelection:Warning: PIE object was selected: "Brush /Game/PuzzleBP/Maps/UEDPIE_0_PuzzleExampleMap.PuzzleExampleMap:PersistentLevel.FloorGeometry"
[2015.03.27-22.11.40:429][405]LogWorld: Game class is 'RunnerGameMode_C'
[2015.03.27-22.11.40:433][405]LogAIModule: Creating AISystem for world PuzzleExampleMap
[2015.03.27-22.11.40:449][405]LogWorld: Bringing World /Game/PuzzleBP/Maps/UEDPIE_0_PuzzleExampleMap.PuzzleExampleMap up for play (max tick rate 60) at 2015.03.27-17.11.40
[2015.03.27-22.11.40:455][405]LogWorld: Bringing up level for play took: 0.020982
[2015.03.27-22.11.40:457][405]LogPawn:Error: EnableInput can only be specified on a Pawn for its Controller
[2015.03.27-22.11.40:458][405]PIE: Info Play in editor start time for /Game/PuzzleBP/Maps/UEDPIE_0_PuzzleExampleMap 1.235
[2015.03.27-22.11.40:483][405]LogSelection:Warning: PIE object was selected: "Brush /Game/PuzzleBP/Maps/UEDPIE_0_PuzzleExampleMap.PuzzleExampleMap:PersistentLevel.FloorGeometry"
[2015.03.27-22.11.45:246][452]LogParticles: Destroying 0 GPU particle simulations for FXSystem 0x00000000046FCA40
[2015.03.27-22.12.08:228][692]Job is a success!
[2015.03.27-22.12.10:010][693]LogTexture:Display: Building textures: HQ_Lightmap0_1 (AutoDXT)
[2015.03.27-22.12.10:714][693]LogTexture:Display: Building textures: LQ_Lightmap_0_5 (DXT1)
[2015.03.27-22.12.10:724][693]LogTexture:Display: Building textures: HQ_Lightmap0_5 (AutoDXT)
[2015.03.27-22.12.10:744][693]LogTexture:Display: Building textures: LQ_Lightmap_0_4 (DXT1)
[2015.03.27-22.12.10:754][693]LogTexture:Display: Building textures: HQ_Lightmap0_4 (AutoDXT)
[2015.03.27-22.12.10:766][693]LogTexture:Display: Building textures: LQ_Lightmap_0_3 (DXT1)
[2015.03.27-22.12.10:773][693]LogTexture:Display: Building textures: HQ_Lightmap0_3 (AutoDXT)
[2015.03.27-22.12.10:786][693]LogTexture:Display: Building textures: LQ_Lightmap_0_2 (DXT1)
[2015.03.27-22.12.10:986][693]LogTexture:Display: Building textures: HQ_Lightmap0_2 (AutoDXT)
[2015.03.27-22.12.11:370][693]LogTexture:Display: Building textures: LQ_Lightmap_0_1 (DXT1)
[2015.03.27-22.12.12:108][693]Lightmass on JEREMYMARTIN-PC: 38.7 sec total, 5.67 sec importing, 4 ms setup, 361 ms photons, 32.3 sec processing, 0 ms extra exporting [385/385 mappings]. Threads: 3:45 min total, 2:43 min processing.
[2015.03.27-22.12.12:425][693]LogStaticLightingSystem: Illumination: 52.5 sec (2.09 sec encoding lightmaps)
[2015.03.27-22.12.12:425][693]LogStaticLightingSystem: Lightmap texture memory:  2.7 MB (0.1 MB streaming, 2.7 MB non-streaming), 10 textures
[2015.03.27-22.12.12:425][693]LogStaticLightingSystem: Shadowmap texture memory: 0.0 MB (0.0 MB streaming, 0.0 MB non-streaming), 0 textures
[2015.03.27-22.12.23:642][694]Cmd: MAP CHECK NOTIFYRESULTS
[2015.03.27-22.12.23:642][694]MapCheck: New page: PuzzleExampleMap - Mar 27, 2015, 12:12:23 PM
[2015.03.27-22.12.23:643][694]MapCheck:Warning: Warning Run 'Clean BSP Materials' to clear 9 unnecessary materal references 
[2015.03.27-22.12.23:758][694]MapCheck: Info Map check complete: 0 Error(s), 1 Warning(s), took 115.959ms to complete.
[2015.03.27-22.12.23:789][694]BlueprintLog: New page: Pre-PIE auto-recompile
[2015.03.27-22.12.23:793][694]LogPlayLevel: [PIE] Compiling PuzzleExampleMap before PIE...
[2015.03.27-22.12.23:808][694]LogBlueprint:Warning: [compiler] Warning Node  Unknown  is not referencing a valid level actor
[2015.03.27-22.12.23:808][694]LogBlueprint:Warning: [compiler] Warning [0631.85] Compile of PuzzleExampleMap successful, but with 1 Warning(s) [in 13 ms]
[2015.03.27-22.12.23:809][694]LogBlueprint:Warning: [compiler] Warning [0631.85] Compile of PuzzleExampleMap successful, but with 2 Warning(s) [in 0 ms]
[2015.03.27-22.12.23:844][694]LogBlueprint:Warning: [compiler] Warning [0631.89] Compile of PuzzleExampleMap successful, but with 3 Warning(s) [in 34 ms]
[2015.03.27-22.12.23:848][694]LogBlueprint:Warning: [compiler] Warning [0631.89] Compile of PuzzleExampleMap successful, but with 4 Warning(s) [in 3 ms]
[2015.03.27-22.12.23:848][694]LogBlueprint:Warning: [compiler] Warning [0631.89] Compile of PuzzleExampleMap successful, but with 5 Warning(s) [in 0 ms]
[2015.03.27-22.12.23:848][694]LogBlueprint:Warning: [compiler] Warning [0631.89] Compile of PuzzleExampleMap successful, but with 6 Warning(s) [in 0 ms]
[2015.03.27-22.12.23:870][694]LogPlayLevel: PIE:  Blueprint regeneration took 80 ms (1 blueprints)
[2015.03.27-22.12.23:870][694]PIE: New page: SIE session: PuzzleExampleMap (Mar 27, 2015, 12:12:23 PM)
[2015.03.27-22.12.23:900][694]LogPlayLevel: PIE: StaticDuplicateObject took: (0.030104s)
[2015.03.27-22.12.23:901][694]LogPlayLevel: PIE: World Init took: (0.000626s)
[2015.03.27-22.12.23:901][694]LogPlayLevel: PIE: Created PIE world by copying editor world from /Game/PuzzleBP/Maps/PuzzleExampleMap.PuzzleExampleMap to /Game/PuzzleBP/Maps/UEDPIE_0_PuzzleExampleMap.PuzzleExampleMap (0.030929s)
[2015.03.27-22.12.23:902][694]LogSelection:Warning: PIE object was selected: "Brush /Game/PuzzleBP/Maps/UEDPIE_0_PuzzleExampleMap.PuzzleExampleMap:PersistentLevel.FloorGeometry"
[2015.03.27-22.12.23:936][694]LogWorld: Game class is 'RunnerGameMode_C'
[2015.03.27-22.12.23:941][694]LogAIModule: Creating AISystem for world PuzzleExampleMap
[2015.03.27-22.12.23:969][694]LogWorld: Bringing World /Game/PuzzleBP/Maps/UEDPIE_0_PuzzleExampleMap.PuzzleExampleMap up for play (max tick rate 60) at 2015.03.27-17.12.23
[2015.03.27-22.12.23:971][694]LogWorld: Bringing up level for play took: 0.028766
[2015.03.27-22.12.23:973][694]LogPawn:Error: EnableInput can only be specified on a Pawn for its Controller
[2015.03.27-22.12.23:973][694]PIE: Info Play in editor start time for /Game/PuzzleBP/Maps/UEDPIE_0_PuzzleExampleMap 0.748
[2015.03.27-22.12.23:987][694]LogSelection:Warning: PIE object was selected: "Brush /Game/PuzzleBP/Maps/UEDPIE_0_PuzzleExampleMap.PuzzleExampleMap:PersistentLevel.FloorGeometry"
[2015.03.27-22.12.26:606][729]LogParticles: Destroying 0 GPU particle simulations for FXSystem 0x00000000043DCAE0
[2015.03.27-22.12.27:881][741]BlueprintLog: New page: Pre-PIE auto-recompile
[2015.03.27-22.12.27:890][741]LogPlayLevel: [PIE] Compiling PuzzleExampleMap before PIE...
[2015.03.27-22.12.27:958][741]LogBlueprint:Warning: [compiler] Warning Node  Unknown  is not referencing a valid level actor
[2015.03.27-22.12.27:959][741]LogBlueprint:Warning: [compiler] Warning [0636.00] Compile of PuzzleExampleMap successful, but with 1 Warning(s) [in 63 ms]
[2015.03.27-22.12.27:960][741]LogBlueprint:Warning: [compiler] Warning [0636.00] Compile of PuzzleExampleMap successful, but with 2 Warning(s) [in 0 ms]
[2015.03.27-22.12.28:021][741]LogBlueprint:Warning: [compiler] Warning [0636.06] Compile of PuzzleExampleMap successful, but with 3 Warning(s) [in 60 ms]
[2015.03.27-22.12.28:029][741]LogBlueprint:Warning: [compiler] Warning [0636.07] Compile of PuzzleExampleMap successful, but with 4 Warning(s) [in 7 ms]
[2015.03.27-22.12.28:030][741]LogBlueprint:Warning: [compiler] Warning [0636.07] Compile of PuzzleExampleMap successful, but with 5 Warning(s) [in 0 ms]
[2015.03.27-22.12.28:030][741]LogBlueprint:Warning: [compiler] Warning [0636.07] Compile of PuzzleExampleMap successful, but with 6 Warning(s) [in 0 ms]
[2015.03.27-22.12.28:070][741]LogPlayLevel: PIE:  Blueprint regeneration took 189 ms (1 blueprints)
[2015.03.27-22.12.28:070][741]PIE: New page: SIE session: PuzzleExampleMap (Mar 27, 2015, 12:12:28 PM)
[2015.03.27-22.12.28:105][741]LogPlayLevel: PIE: StaticDuplicateObject took: (0.034000s)
[2015.03.27-22.12.28:106][741]LogPlayLevel: PIE: World Init took: (0.000848s)
[2015.03.27-22.12.28:106][741]LogPlayLevel: PIE: Created PIE world by copying editor world from /Game/PuzzleBP/Maps/PuzzleExampleMap.PuzzleExampleMap to /Game/PuzzleBP/Maps/UEDPIE_0_PuzzleExampleMap.PuzzleExampleMap (0.035033s)
[2015.03.27-22.12.28:107][741]LogSelection:Warning: PIE object was selected: "Brush /Game/PuzzleBP/Maps/UEDPIE_0_PuzzleExampleMap.PuzzleExampleMap:PersistentLevel.FloorGeometry"
[2015.03.27-22.12.28:157][741]LogWorld: Game class is 'RunnerGameMode_C'
[2015.03.27-22.12.28:164][741]LogAIModule: Creating AISystem for world PuzzleExampleMap
[2015.03.27-22.12.28:184][741]LogWorld: Bringing World /Game/PuzzleBP/Maps/UEDPIE_0_PuzzleExampleMap.PuzzleExampleMap up for play (max tick rate 60) at 2015.03.27-17.12.28
[2015.03.27-22.12.28:188][741]LogWorld: Bringing up level for play took: 0.022410
[2015.03.27-22.12.28:190][741]LogPawn:Error: EnableInput can only be specified on a Pawn for its Controller
[2015.03.27-22.12.28:191][741]PIE: Info Play in editor start time for /Game/PuzzleBP/Maps/UEDPIE_0_PuzzleExampleMap 0.964
[2015.03.27-22.12.28:211][741]LogSelection:Warning: PIE object was selected: "Brush /Game/PuzzleBP/Maps/UEDPIE_0_PuzzleExampleMap.PuzzleExampleMap:PersistentLevel.FloorGeometry"
[2015.03.27-22.12.44:232][977]LogSelection:Warning: PIE object was selected: "dusty_C /Game/PuzzleBP/Maps/UEDPIE_0_PuzzleExampleMap.PuzzleExampleMap:PersistentLevel.dusty_C_1"
[2015.03.27-22.13.09:839][385]LogParticles: Destroying 0 GPU particle simulations for FXSystem 0x0000000017272CA0
[2015.03.27-22.13.26:832][530]LogBlueprint:Warning: [compiler] Warning Node  Unknown  is not referencing a valid level actor
[2015.03.27-22.13.26:833][530]LogBlueprint:Warning: [compiler] Warning [0694.87] Compile of PuzzleExampleMap successful, but with 1 Warning(s) [in 11 ms]
[2015.03.27-22.13.26:834][530]LogBlueprint:Warning: [compiler] Warning [0694.87] Compile of PuzzleExampleMap successful, but with 2 Warning(s) [in 0 ms]
[2015.03.27-22.13.26:877][530]LogBlueprint:Warning: [compiler] Warning [0694.92] Compile of PuzzleExampleMap successful, but with 3 Warning(s) [in 42 ms]
[2015.03.27-22.13.26:882][530]LogBlueprint:Warning: [compiler] Warning [0694.92] Compile of PuzzleExampleMap successful, but with 4 Warning(s) [in 4 ms]
[2015.03.27-22.13.26:882][530]LogBlueprint:Warning: [compiler] Warning [0694.92] Compile of PuzzleExampleMap successful, but with 5 Warning(s) [in 0 ms]
[2015.03.27-22.13.26:882][530]LogBlueprint:Warning: [compiler] Warning [0694.92] Compile of PuzzleExampleMap successful, but with 6 Warning(s) [in 0 ms]
[2015.03.27-22.13.27:586][530]LogSavePackage: Save=766.556396ms
[2015.03.27-22.13.27:586][530]LogSavePackage: Moving '../../../../../../Users/Jeremy Martin/Documents/GitHub/turbo-archer/ENPo/Saved/PuzzleExampleMap_Auto112B77F804262CCC10160CFA7CB6171EE.tmp' to '../../../../../../Users/Jeremy Martin/Documents/GitHub/turbo-archer/ENPo/Saved/Autosaves/Game/PuzzleBP/Maps/PuzzleExampleMap_Auto1.umap'
[2015.03.27-22.13.27:662][530]LogFileHelpers: Editor autosave (incl. sublevels) for '/Game/PuzzleBP/Maps/PuzzleExampleMap' took 1.016
[2015.03.27-22.13.27:662][530]LogFileHelpers: Editor autosave (incl. sublevels) for all levels took 1.016
[2015.03.27-22.14.39:410][153]LogObjectTools:Warning: ForceReplaceReferences replaced references for a transient object 'DEADCLASS_dusty_C_1' or package '/Engine/Transient'.
[2015.03.27-22.14.39:410][153]LogObjectTools:Warning: ForceReplaceReferences replaced references for a transient object 'DEADCLASS_dusty_C_0' or package '/Engine/Transient'.
[2015.03.27-22.14.39:410][153]LogObjectTools:Warning: ForceReplaceReferences replaced references for a transient object 'REINST_SKEL_dusty_C_114' or package '/Engine/Transient'.
[2015.03.27-22.14.39:410][153]LogObjectTools:Warning: ForceReplaceReferences replaced references for a transient object 'REINST_dusty_C_113' or package '/Engine/Transient'.
[2015.03.27-22.14.39:456][153]LogParticles: Destroying 0 GPU particle simulations for FXSystem 0x000000002EAE34C0
[2015.03.27-22.16.38:123][ 83]LogActorComponent: UnregisterComponent: (/Engine/Transient.CharMoveComp) Not registered. Aborting.
[2015.03.27-22.16.41:094][ 83]LogBlueprint:Warning: [compiler] Warning Node  Unknown  is not referencing a valid level actor
[2015.03.27-22.16.41:096][ 83]LogBlueprint:Warning: [compiler] Warning [0889.12] Compile of PuzzleExampleMap successful, but with 1 Warning(s) [in 30 ms]
[2015.03.27-22.16.41:098][ 83]LogBlueprint:Warning: [compiler] Warning [0889.13] Compile of PuzzleExampleMap successful, but with 2 Warning(s) [in 0 ms]
[2015.03.27-22.16.41:190][ 83]LogBlueprint:Warning: [compiler] Warning [0889.22] Compile of PuzzleExampleMap successful, but with 3 Warning(s) [in 90 ms]
[2015.03.27-22.16.41:195][ 83]LogBlueprint:Warning: [compiler] Warning [0889.22] Compile of PuzzleExampleMap successful, but with 4 Warning(s) [in 5 ms]
[2015.03.27-22.16.41:195][ 83]LogBlueprint:Warning: [compiler] Warning [0889.22] Compile of PuzzleExampleMap successful, but with 5 Warning(s) [in 0 ms]
[2015.03.27-22.16.41:195][ 83]LogBlueprint:Warning: [compiler] Warning [0889.22] Compile of PuzzleExampleMap successful, but with 6 Warning(s) [in 0 ms]
[2015.03.27-22.16.41:725][ 83]LogSavePackage: Save=663.308167ms
[2015.03.27-22.16.41:725][ 83]LogSavePackage: Moving '../../../../../../Users/Jeremy Martin/Documents/GitHub/turbo-archer/ENPo/Saved/PuzzleExampleMap661D91C843D9F3E6DB948AB004FB1FB0.tmp' to '../../../../../../Users/Jeremy Martin/Documents/GitHub/turbo-archer/ENPo/Content/PuzzleBP/Maps/PuzzleExampleMap.umap'
[2015.03.27-22.16.41:802][ 83]LogFileHelpers: Saving map 'PuzzleExampleMap' took 1.014
[2015.03.27-22.16.42:456][ 84]Cmd: QUIT_EDITOR
[2015.03.27-22.16.42:882][ 84]LogExit: Preparing to exit.
[2015.03.27-22.16.43:307][ 84]LogExit: Editor shut down
[2015.03.27-22.16.43:308][ 84]LogExit: Transaction tracking system shut down
[2015.03.27-22.16.43:309][ 84]LogParticles: Destroying 0 GPU particle simulations for FXSystem 0x000000001ABC9F80
[2015.03.27-22.16.43:310][ 84]LogParticles: Destroying 0 GPU particle simulations for FXSystem 0x000000000C210360
[2015.03.27-22.16.43:311][ 84]LogParticles: Destroying 0 GPU particle simulations for FXSystem 0x0000000017737240
[2015.03.27-22.16.43:312][ 84]LogParticles: Destroying 0 GPU particle simulations for FXSystem 0x0000000017736340
[2015.03.27-22.16.43:315][ 84]LogParticles: Destroying 0 GPU particle simulations for FXSystem 0x00000000314C07C0
[2015.03.27-22.16.43:410][ 84]LogExit: Object subsystem successfully closed.
[2015.03.27-22.16.43:466][ 84]LogModuleManager: Shutting down and abandoning module CrashTracker (177)
[2015.03.27-22.16.43:466][ 84]LogModuleManager: Shutting down and abandoning module SuperSearch (176)
[2015.03.27-22.16.43:466][ 84]LogModuleManager: Shutting down and abandoning module SceneOutliner (175)
[2015.03.27-22.16.43:466][ 84]LogModuleManager: Shutting down and abandoning module EditorWidgets (174)
[2015.03.27-22.16.43:466][ 84]LogModuleManager: Shutting down and abandoning module CollectionManager (173)
[2015.03.27-22.16.43:466][ 84]LogModuleManager: Shutting down and abandoning module StatsViewer (172)
[2015.03.27-22.16.43:467][ 84]LogModuleManager: Shutting down and abandoning module FoliageEdit (171)
[2015.03.27-22.16.43:467][ 84]LogModuleManager: Shutting down and abandoning module LandscapeEditor (170)
[2015.03.27-22.16.43:467][ 84]LogModuleManager: Shutting down and abandoning module MeshPaint (169)
[2015.03.27-22.16.43:467][ 84]LogModuleManager: Shutting down and abandoning module ActorPickerMode (168)
[2015.03.27-22.16.43:467][ 84]LogModuleManager: Shutting down and abandoning module GeometryMode (167)
[2015.03.27-22.16.43:467][ 84]LogModuleManager: Shutting down and abandoning module TextureAlignMode (166)
[2015.03.27-22.16.43:467][ 84]LogModuleManager: Shutting down and abandoning module BspMode (165)
[2015.03.27-22.16.43:467][ 84]LogModuleManager: Shutting down and abandoning module PlacementMode (164)
[2015.03.27-22.16.43:467][ 84]LogModuleManager: Shutting down and abandoning module AutomationWorker (163)
[2015.03.27-22.16.43:467][ 84]LogModuleManager: Shutting down and abandoning module CharacterAI (162)
[2015.03.27-22.16.43:467][ 84]LogModuleManager: Shutting down and abandoning module SmartSnapping (161)
[2015.03.27-22.16.43:467][ 84]LogModuleManager: Shutting down and abandoning module ViewportSnapping (160)
[2015.03.27-22.16.43:467][ 84]LogModuleManager: Shutting down and abandoning module LogVisualizer (159)
[2015.03.27-22.16.43:467][ 84]LogModuleManager: Shutting down and abandoning module GameProjectGeneration (158)
[2015.03.27-22.16.43:467][ 84]LogModuleManager: Shutting down and abandoning module IntroTutorials (157)
[2015.03.27-22.16.43:467][ 84]LogModuleManager: Shutting down and abandoning module EditorLiveStreaming (156)
[2015.03.27-22.16.43:467][ 84]LogModuleManager: Shutting down and abandoning module HardwareTargeting (155)
[2015.03.27-22.16.43:467][ 84]LogModuleManager: Shutting down and abandoning module DeviceProfileEditor (154)
[2015.03.27-22.16.43:467][ 84]LogModuleManager: Shutting down and abandoning module UndoHistory (153)
[2015.03.27-22.16.43:467][ 84]LogModuleManager: Shutting down and abandoning module GameplayTagsEditor (152)
[2015.03.27-22.16.43:467][ 84]LogModuleManager: Shutting down and abandoning module UserFeedback (151)
[2015.03.27-22.16.43:467][ 84]LogModuleManager: Shutting down and abandoning module XmlParser (150)
[2015.03.27-22.16.43:467][ 84]LogModuleManager: Shutting down and abandoning module Blutility (149)
[2015.03.27-22.16.43:467][ 84]LogModuleManager: Shutting down and abandoning module IOSPlatformEditor (148)
[2015.03.27-22.16.43:467][ 84]LogModuleManager: Shutting down and abandoning module IOSRuntimeSettings (147)
[2015.03.27-22.16.43:467][ 84]LogModuleManager: Shutting down and abandoning module AndroidDeviceDetection (146)
[2015.03.27-22.16.44:030][ 84]LogModuleManager: Shutting down and abandoning module AndroidPlatformEditor (145)
[2015.03.27-22.16.44:030][ 84]LogModuleManager: Shutting down and abandoning module AndroidRuntimeSettings (144)
[2015.03.27-22.16.44:030][ 84]LogModuleManager: Shutting down and abandoning module ProjectTargetPlatformEditor (143)
[2015.03.27-22.16.44:031][ 84]LogModuleManager: Shutting down and abandoning module ProjectSettingsViewer (142)
[2015.03.27-22.16.44:031][ 84]LogModuleManager: Shutting down and abandoning module InputBindingEditor (141)
[2015.03.27-22.16.44:031][ 84]LogModuleManager: Shutting down and abandoning module EditorSettingsViewer (140)
[2015.03.27-22.16.44:031][ 84]LogModuleManager: Shutting down and abandoning module SettingsEditor (139)
[2015.03.27-22.16.44:031][ 84]LogModuleManager: Shutting down and abandoning module ProjectLauncher (138)
[2015.03.27-22.16.44:031][ 84]LogModuleManager: Shutting down and abandoning module SessionFrontend (137)
[2015.03.27-22.16.44:031][ 84]LogModuleManager: Shutting down and abandoning module ProfilerClient (136)
[2015.03.27-22.16.44:031][ 84]LogModuleManager: Shutting down and abandoning module TargetDeviceServices (135)
[2015.03.27-22.16.44:031][ 84]LogModuleManager: Shutting down and abandoning module DeviceManager (134)
[2015.03.27-22.16.44:032][ 84]LogModuleManager: Shutting down and abandoning module AutomationController (133)
[2015.03.27-22.16.44:032][ 84]LogModuleManager: Shutting down and abandoning module AutomationWindow (132)
[2015.03.27-22.16.44:032][ 84]LogModuleManager: Shutting down and abandoning module Layers (131)
[2015.03.27-22.16.44:032][ 84]LogModuleManager: Shutting down and abandoning module ComponentVisualizers (130)
[2015.03.27-22.16.44:032][ 84]LogModuleManager: Shutting down and abandoning module DetailCustomizations (129)
[2015.03.27-22.16.44:032][ 84]LogModuleManager: Shutting down and abandoning module PackagesDialog (128)
[2015.03.27-22.16.44:033][ 84]LogModuleManager: Shutting down and abandoning module AssetRegistry (127)
[2015.03.27-22.16.44:150][ 84]LogModuleManager: Shutting down and abandoning module Persona (126)
[2015.03.27-22.16.44:150][ 84]LogModuleManager: Shutting down and abandoning module SlateReflector (125)
[2015.03.27-22.16.44:150][ 84]LogModuleManager: Shutting down and abandoning module LevelEditor (124)
[2015.03.27-22.16.44:153][ 84]LogModuleManager: Shutting down and abandoning module Kismet (123)
[2015.03.27-22.16.44:153][ 84]LogModuleManager: Shutting down and abandoning module GraphEditor (122)
[2015.03.27-22.16.44:153][ 84]LogModuleManager: Shutting down and abandoning module ClassViewer (121)
[2015.03.27-22.16.44:153][ 84]LogModuleManager: Shutting down and abandoning module Toolbox (120)
[2015.03.27-22.16.44:153][ 84]LogModuleManager: Shutting down and abandoning module ModuleUI (119)
[2015.03.27-22.16.44:153][ 84]LogModuleManager: Shutting down and abandoning module MovieSceneTools (118)
[2015.03.27-22.16.44:153][ 84]LogModuleManager: Shutting down and abandoning module OutputLog (117)
[2015.03.27-22.16.44:153][ 84]LogModuleManager: Shutting down and abandoning module GammaUI (116)
[2015.03.27-22.16.44:153][ 84]LogModuleManager: Shutting down and abandoning module Documentation (115)
[2015.03.27-22.16.44:153][ 84]LogModuleManager: Shutting down and abandoning module GameLiveStreaming (114)
[2015.03.27-22.16.44:153][ 84]LogModuleManager: Shutting down and abandoning module StreamingPauseRendering (113)
[2015.03.27-22.16.44:153][ 84]LogModuleManager: Shutting down and abandoning module HTTP (112)
[2015.03.27-22.16.44:154][ 84]LogModuleManager: Shutting down and abandoning module AnalyticsET (111)
[2015.03.27-22.16.44:154][ 84]LogModuleManager: Shutting down and abandoning module Analytics (110)
[2015.03.27-22.16.44:154][ 84]LogModuleManager: Shutting down and abandoning module AITestSuite (109)
[2015.03.27-22.16.44:154][ 84]LogModuleManager: Shutting down and abandoning module GameplayDebugger (108)
[2015.03.27-22.16.44:154][ 84]LogModuleManager: Shutting down and abandoning module AIModule (107)
[2015.03.27-22.16.44:154][ 84]LogModuleManager: Shutting down and abandoning module ProfilerService (106)
[2015.03.27-22.16.44:267][ 84]LogModuleManager: Shutting down and abandoning module TaskGraph (105)
[2015.03.27-22.16.44:267][ 84]LogModuleManager: Shutting down and abandoning module SlateRemote (104)
[2015.03.27-22.16.44:267][ 84]LogModuleManager: Shutting down and abandoning module ScriptEditorPlugin (103)
[2015.03.27-22.16.44:267][ 84]LogModuleManager: Shutting down and abandoning module CustomMeshComponent (102)
[2015.03.27-22.16.44:267][ 84]LogModuleManager: Shutting down and abandoning module CableComponent (101)
[2015.03.27-22.16.44:267][ 84]LogModuleManager: Shutting down and abandoning module MessagingDebugger (100)
[2015.03.27-22.16.44:267][ 84]LogModuleManager: Shutting down and abandoning module MediaPlayerEditor (99)
[2015.03.27-22.16.44:267][ 84]LogModuleManager: Shutting down and abandoning module SpeedTreeImporter (98)
[2015.03.27-22.16.44:267][ 84]LogModuleManager: Shutting down and abandoning module PluginsEditor (97)
[2015.03.27-22.16.44:268][ 84]LogModuleManager: Shutting down and abandoning module MainFrame (96)
[2015.03.27-22.16.44:268][ 84]LogModuleManager: Shutting down and abandoning module EpicSurvey (95)
[2015.03.27-22.16.44:268][ 84]LogModuleManager: Shutting down and abandoning module DesktopPlatform (94)
[2015.03.27-22.16.44:268][ 84]LogModuleManager: Shutting down and abandoning module DirectoryWatcher (93)
[2015.03.27-22.16.44:269][ 84]LogModuleManager: Shutting down and abandoning module HotReload (92)
[2015.03.27-22.16.44:269][ 84]LogModuleManager: Shutting down and abandoning module VisualStudioSourceCodeAccess (91)
[2015.03.27-22.16.44:269][ 84]LogModuleManager: Shutting down and abandoning module UObjectPlugin (90)
[2015.03.27-22.16.44:269][ 84]LogModuleManager: Shutting down and abandoning module SubversionSourceControl (89)
[2015.03.27-22.16.44:269][ 84]LogModuleManager: Shutting down and abandoning module PerforceSourceControl (88)
[2015.03.27-22.16.44:269][ 84]LogModuleManager: Shutting down and abandoning module SourceControl (87)
[2015.03.27-22.16.44:269][ 84]LogModuleManager: Shutting down and abandoning module GitSourceControl (86)
[2015.03.27-22.16.44:269][ 84]LogModuleManager: Shutting down and abandoning module BlankPlugin (85)
[2015.03.27-22.16.44:269][ 84]LogModuleManager: Shutting down and abandoning module PaperTiledImporter (84)
[2015.03.27-22.16.44:269][ 84]LogModuleManager: Shutting down and abandoning module PaperJsonImporter (83)
[2015.03.27-22.16.44:269][ 84]LogModuleManager: Shutting down and abandoning module ContentBrowser (82)
[2015.03.27-22.16.44:271][ 84]LogModuleManager: Shutting down and abandoning module Paper2DEditor (81)
[2015.03.27-22.16.44:271][ 84]LogModuleManager: Shutting down and abandoning module ScriptPlugin (80)
[2015.03.27-22.16.44:271][ 84]LogModuleManager: Shutting down and abandoning module UdpMessaging (79)
[2015.03.27-22.16.44:371][ 84]LogModuleManager: Shutting down and abandoning module Paper2D (78)
[2015.03.27-22.16.44:371][ 84]LogModuleManager: Shutting down and abandoning module WindowsMoviePlayer (77)
[2015.03.27-22.16.44:378][ 84]LogModuleManager: Shutting down and abandoning module Media (76)
[2015.03.27-22.16.44:379][ 84]LogModuleManager: Shutting down and abandoning module WmfMedia (75)
[2015.03.27-22.16.44:379][ 84]LogModuleManager: Shutting down and abandoning module OnlineBlueprintSupport (74)
[2015.03.27-22.16.44:379][ 84]LogModuleManager: Shutting down and abandoning module PropertyEditor (73)
[2015.03.27-22.16.44:379][ 84]LogModuleManager: Shutting down and abandoning module BehaviorTreeEditor (72)
[2015.03.27-22.16.44:379][ 84]LogModuleManager: Shutting down and abandoning module FunctionalTesting (71)
[2015.03.27-22.16.44:379][ 84]LogModuleManager: Shutting down and abandoning module CollisionAnalyzer (70)
[2015.03.27-22.16.44:379][ 84]LogModuleManager: Shutting down and abandoning module WorkspaceMenuStructure (69)
[2015.03.27-22.16.44:380][ 84]LogModuleManager: Shutting down and abandoning module MessageLog (68)
[2015.03.27-22.16.44:380][ 84]LogModuleManager: Shutting down and abandoning module Sequencer (67)
[2015.03.27-22.16.44:380][ 84]LogModuleManager: Shutting down and abandoning module AssetTools (66)
[2015.03.27-22.16.44:380][ 84]LogModuleManager: Shutting down and abandoning module UMGEditor (65)
[2015.03.27-22.16.44:380][ 84]LogModuleManager: Shutting down and abandoning module UMG (64)
[2015.03.27-22.16.44:380][ 84]LogModuleManager: Shutting down and abandoning module Slate (63)
[2015.03.27-22.16.44:380][ 84]LogModuleManager: Shutting down and abandoning module EditorStyle (62)
[2015.03.27-22.16.44:394][ 84]LogModuleManager: Shutting down and abandoning module SessionServices (61)
[2015.03.27-22.16.44:394][ 84]LogModuleManager: Shutting down and abandoning module SourceCodeAccess (60)
[2015.03.27-22.16.44:394][ 84]LogModuleManager: Shutting down and abandoning module HeadMountedDisplay (59)
[2015.03.27-22.16.44:394][ 84]LogModuleManager: Shutting down and abandoning module XAudio2 (58)
[2015.03.27-22.16.44:394][ 84]LogModuleManager: Shutting down and abandoning module Networking (56)
[2015.03.27-22.16.44:394][ 84]LogModuleManager: Shutting down and abandoning module Core (55)
[2015.03.27-22.16.44:394][ 84]LogModuleManager: Shutting down and abandoning module KismetCompiler (54)
[2015.03.27-22.16.44:394][ 84]LogModuleManager: Shutting down and abandoning module PhysXFormats (53)
[2015.03.27-22.16.44:394][ 84]LogModuleManager: Shutting down and abandoning module MeshUtilities (52)
[2015.03.27-22.16.44:394][ 84]LogModuleManager: Shutting down and abandoning module DerivedDataCache (51)
[2015.03.27-22.16.44:449][ 84]LogDerivedDataCache: Shutdown
[2015.03.27-22.16.44:449][ 84]LogModuleManager: Shutting down and abandoning module ShaderFormatOpenGL (50)
[2015.03.27-22.16.44:449][ 84]LogModuleManager: Shutting down and abandoning module ShaderFormatD3D (49)
[2015.03.27-22.16.44:449][ 84]LogModuleManager: Shutting down and abandoning module MetalShaderFormat (48)
[2015.03.27-22.16.44:449][ 84]LogModuleManager: Shutting down and abandoning module TextureFormatUncompressed (47)
[2015.03.27-22.16.44:449][ 84]LogModuleManager: Shutting down and abandoning module TextureFormatPVR (46)
[2015.03.27-22.16.44:449][ 84]LogModuleManager: Shutting down and abandoning module TextureFormatIntelISPCTexComp (45)
[2015.03.27-22.16.44:449][ 84]LogModuleManager: Shutting down and abandoning module TextureFormatDXT (44)
[2015.03.27-22.16.44:449][ 84]LogModuleManager: Shutting down and abandoning module ImageWrapper (43)
[2015.03.27-22.16.44:449][ 84]LogModuleManager: Shutting down and abandoning module TextureFormatASTC (42)
[2015.03.27-22.16.44:449][ 84]LogModuleManager: Shutting down and abandoning module TextureFormatAndroid (41)
[2015.03.27-22.16.44:449][ 84]LogModuleManager: Shutting down and abandoning module AudioFormatOpus (40)
[2015.03.27-22.16.44:449][ 84]LogModuleManager: Shutting down and abandoning module AudioFormatOgg (39)
[2015.03.27-22.16.44:449][ 84]LogModuleManager: Shutting down and abandoning module AudioFormatADPCM (38)
[2015.03.27-22.16.44:449][ 84]LogModuleManager: Shutting down and abandoning module LinuxTargetPlatform (37)
[2015.03.27-22.16.44:450][ 84]LogModuleManager: Shutting down and abandoning module LinuxServerTargetPlatform (36)
[2015.03.27-22.16.44:450][ 84]LogModuleManager: Shutting down and abandoning module LinuxNoEditorTargetPlatform (35)
[2015.03.27-22.16.44:450][ 84]LogModuleManager: Shutting down and abandoning module Messaging (34)
[2015.03.27-22.16.44:450][ 84]LogModuleManager: Shutting down and abandoning module IOSTargetPlatform (33)
[2015.03.27-22.16.44:450][ 84]LogModuleManager: Shutting down and abandoning module HTML5TargetPlatform (32)
[2015.03.27-22.16.44:450][ 84]LogModuleManager: Shutting down and abandoning module Android_PVRTCTargetPlatform (31)
[2015.03.27-22.16.44:450][ 84]LogModuleManager: Shutting down and abandoning module Android_ETC2TargetPlatform (30)
[2015.03.27-22.16.44:450][ 84]LogModuleManager: Shutting down and abandoning module Android_ETC1TargetPlatform (29)
[2015.03.27-22.16.44:450][ 84]LogModuleManager: Shutting down and abandoning module Android_ES31TargetPlatform (28)
[2015.03.27-22.16.44:450][ 84]LogModuleManager: Shutting down and abandoning module Android_DXTTargetPlatform (27)
[2015.03.27-22.16.44:450][ 84]LogModuleManager: Shutting down and abandoning module Android_ATCTargetPlatform (26)
[2015.03.27-22.16.44:450][ 84]LogModuleManager: Shutting down and abandoning module AndroidTargetPlatform (25)
[2015.03.27-22.16.44:450][ 84]LogModuleManager: Shutting down and abandoning module WindowsTargetPlatform (24)
[2015.03.27-22.16.44:450][ 84]LogModuleManager: Shutting down and abandoning module WindowsServerTargetPlatform (23)
[2015.03.27-22.16.44:450][ 84]LogModuleManager: Shutting down and abandoning module WindowsNoEditorTargetPlatform (22)
[2015.03.27-22.16.44:450][ 84]LogModuleManager: Shutting down and abandoning module WindowsClientTargetPlatform (21)
[2015.03.27-22.16.44:450][ 84]LogModuleManager: Shutting down and abandoning module TargetPlatform (20)
[2015.03.27-22.16.44:450][ 84]LogModuleManager: Shutting down and abandoning module InputCore (19)
[2015.03.27-22.16.44:450][ 84]LogModuleManager: Shutting down and abandoning module Settings (18)
[2015.03.27-22.16.44:450][ 84]LogModuleManager: Shutting down and abandoning module OnlineSubsystem (16)
[2015.03.27-22.16.44:450][ 84]LogModuleManager: Shutting down and abandoning module OculusRift (15)
[2015.03.27-22.16.44:450][ 84]LogModuleManager: Shutting down and abandoning module ExampleDeviceProfileSelector (14)
[2015.03.27-22.16.44:451][ 84]LogModuleManager: Shutting down and abandoning module TextureCompressor (13)
[2015.03.27-22.16.44:451][ 84]LogModuleManager: Shutting down and abandoning module ShaderCore (12)
[2015.03.27-22.16.44:451][ 84]LogModuleManager: Shutting down and abandoning module Landscape (11)
[2015.03.27-22.16.44:451][ 84]LogModuleManager: Shutting down and abandoning module SlateRHIRenderer (10)
[2015.03.27-22.16.44:457][ 84]LogModuleManager: Shutting down and abandoning module OpenGLDrv (9)
[2015.03.27-22.16.44:457][ 84]LogModuleManager: Shutting down and abandoning module D3D11RHI (8)
[2015.03.27-22.16.44:457][ 84]LogModuleManager: Shutting down and abandoning module Renderer (7)
[2015.03.27-22.16.44:457][ 84]LogModuleManager: Shutting down and abandoning module Engine (6)
[2015.03.27-22.16.44:457][ 84]LogModuleManager: Shutting down and abandoning module CoreUObject (5)
[2015.03.27-22.16.44:457][ 84]LogModuleManager: Shutting down and abandoning module NetworkFile (4)
[2015.03.27-22.16.44:457][ 84]LogModuleManager: Shutting down and abandoning module StreamingFile (3)
[2015.03.27-22.16.44:457][ 84]LogModuleManager: Shutting down and abandoning module SandboxFile (2)
[2015.03.27-22.16.44:457][ 84]LogModuleManager: Shutting down and abandoning module PakFile (1)
[2015.03.27-22.16.44:458][ 84]LogExit: Exiting.
[2015.03.27-22.16.44:475][ 84]Log file closed, 03/27/15 17:16:44
