Log file open, 03/06/15 14:20:38
LogInit:Display: Running engine for game: ENPo
LogInit: Version: 4.7.2-2467323+++depot+UE4-Releases+4.7
LogInit: API Version: 2455222
LogInit: Compiled (64-bit): Mar  2 2015 23:16:34
LogInit: Compiled with Visual C++: 18.00.21005.01
LogInit: Build Configuration: Development
LogInit: Branch Name: ++depot+UE4-Releases+4.7
LogInit: Command line:  
LogInit: Base directory: C:/Program Files/Epic Games/4.7/Engine/Binaries/Win64/
LogInit: Rocket: 1
[2015.03.06-20.20.38:994][  0]LogTaskGraph: Started task graph with 3 named threads and 6 total threads.
[2015.03.06-20.20.39:079][  0]LogOnline:Warning: No default platform service specified for OnlineSubsystem
[2015.03.06-20.20.39:128][  0]LogInit: Presizing for 0 objects not considered by GC, pre-allocating 0 bytes.
[2015.03.06-20.20.39:163][  0]LogInit: Object subsystem initialized
[2015.03.06-20.20.39:169][  0]LogConsoleResponse:Warning: Skipping Unknown console variable: 'TranslucentSortAxis = (X=0.000000,Y=-1.000000,Z=0.000000)'
[2015.03.06-20.20.39:169][  0]LogConsoleResponse:Warning:   Found in ini file 'C:/Users/Jeremy Martin/Documents/GitHub/turbo-archer/ENPo/Saved/Config/Windows/Engine.ini', in section '[/Script/Engine.RendererSettings]'
[2015.03.06-20.20.39:169][  0]LogConsoleResponse:Warning: Skipping Unknown console variable: 'UIScaleRule = ShortestSide'
[2015.03.06-20.20.39:169][  0]LogConsoleResponse:Warning:   Found in ini file 'C:/Users/Jeremy Martin/Documents/GitHub/turbo-archer/ENPo/Saved/Config/Windows/Engine.ini', in section '[/Script/Engine.RendererSettings]'
[2015.03.06-20.20.39:169][  0]LogConsoleResponse:Warning: Skipping Unknown console variable: 'UIScaleCurve = (EditorCurveData=(Keys=),ExternalCurve=None)'
[2015.03.06-20.20.39:169][  0]LogConsoleResponse:Warning:   Found in ini file 'C:/Users/Jeremy Martin/Documents/GitHub/turbo-archer/ENPo/Saved/Config/Windows/Engine.ini', in section '[/Script/Engine.RendererSettings]'
[2015.03.06-20.20.39:171][  0]LogInit: Selected Device Profile: [Windows]
[2015.03.06-20.20.39:171][  0]LogInit: Applying CVar settings loaded from the selected device profile: [Windows]
[2015.03.06-20.20.39:194][  0]LogInit: Computer: JEREMYMARTIN-PC
[2015.03.06-20.20.39:194][  0]LogInit: User: JeremyMartin
[2015.03.06-20.20.39:194][  0]LogInit: CPU Page size=4096, Cores=4
[2015.03.06-20.20.39:194][  0]LogInit: High frequency timer resolution =2.728203 MHz
[2015.03.06-20.20.39:196][  0]LogMemory: Memory total: Physical=7.9GB (8GB approx) Virtual=8192.0GB
[2015.03.06-20.20.39:196][  0]LogMemory: Platform Memory Stats for Windows
[2015.03.06-20.20.39:196][  0]LogMemory: Process Physical Memory: 48.61 MB used, 48.61 MB peak
[2015.03.06-20.20.39:196][  0]LogMemory: Process Virtual Memory: 28.47 MB used, 28.47 MB peak
[2015.03.06-20.20.39:196][  0]LogMemory: Physical Memory: 3496.61 MB used, 8097.22 MB total
[2015.03.06-20.20.39:197][  0]LogMemory: Virtual Memory: 280.37 MB used, 8388608.00 MB total
[2015.03.06-20.20.39:324][  0]LogD3D11RHI: Found D3D11 adapter 0: Intel(R) HD Graphics 4600 (Feature Level 11_0)
[2015.03.06-20.20.39:324][  0]LogD3D11RHI: Adapter has 2094MB of dedicated video memory, 0MB of dedicated system memory, and 3792MB of shared system memory, 1 output[s]
[2015.03.06-20.20.39:324][  0]LogD3D11RHI: Chosen D3D11 Adapter Id = 0
[2015.03.06-20.20.39:353][  0]LogRHI: Texture pool is 1361 MB (70% of 1945 MB)
[2015.03.06-20.20.39:398][  0]LogD3D11RHI: Async texture creation enabled
[2015.03.06-20.20.39:517][  0]LogTextLocalizationManager: The requested culture ('en_US') has no localization data; parent culture's ('en') localization data will be used.
[2015.03.06-20.20.40:111][  0]LogContentStreaming: Texture pool size is 0.000000MB
[2015.03.06-20.20.48:618][  0]LogTargetPlatformManager:Display: Building Assets For Windows
[2015.03.06-20.20.50:507][  0]LogTargetPlatformManager:Display: Building Assets For Windows
[2015.03.06-20.20.50:733][  0]LogDerivedDataCache:Display: Max Cache Size: 512 MB
[2015.03.06-20.20.50:888][  0]LogDerivedDataCache: Loaded boot cache 0.15s 39MB C:/Users/Jeremy Martin/AppData/Local/UnrealEngine/4.7/DerivedDataCache/Boot.ddc.
[2015.03.06-20.20.50:889][  0]LogDerivedDataCache:Display: Loaded Boot cache: C:/Users/Jeremy Martin/AppData/Local/UnrealEngine/4.7/DerivedDataCache/Boot.ddc
[2015.03.06-20.20.50:889][  0]LogDerivedDataCache: FDerivedDataBackendGraph:  Pak pak cache file ../../../../../../Users/Jeremy Martin/Documents/GitHub/turbo-archer/ENPo/DerivedDataCache/DDC.ddp not found, will not use a pak cache.
[2015.03.06-20.20.50:889][  0]LogDerivedDataCache: Unable to find inner node Pak for hierarchical cache Hierarchy.
[2015.03.06-20.20.51:355][  0]LogDerivedDataCache:Display: Pak cache opened for reading ../../../Engine/DerivedDataCache/Compressed.ddp.
[2015.03.06-20.20.51:369][  0]LogDerivedDataCache: Using Local data cache path C:/Users/Jeremy Martin/AppData/Local/UnrealEngine/Common/DerivedDataCache: Writable
[2015.03.06-20.20.52:451][  0]LogMeshUtilities: No automatic mesh reduction module available
[2015.03.06-20.20.52:451][  0]LogMeshUtilities: No automatic mesh merging module available
[2015.03.06-20.20.54:615][  0]LogInit: WinSock: version 1.1 (2.2), MaxSocks=32767, MaxUdp=65467
[2015.03.06-20.20.54:889][  0]LogSlate:Warning: Failed to load font data from '../../../Engine/Content/Slate/Fonts/Roboto-Italic.ttf'
[2015.03.06-20.20.57:620][  0]UdpMessaging: Initializing bridge on interface 0.0.0.0:0 to multicast group 230.0.0.1:6666.
[2015.03.06-20.20.58:205][  0]SourceControl: Info Source control is disabled
[2015.03.06-20.20.58:205][  0]SourceControl: Info Source control is disabled
[2015.03.06-20.20.58:205][  0]SourceControl: Info Source control is disabled
[2015.03.06-20.20.58:205][  0]LogSourceControl: RunCommandInternalRaw: 'git version'
[2015.03.06-20.20.58:205][  0]LogSourceControl: RunCommandInternalRaw: ExecProcess ReturnCode=2 OutResults=''
[2015.03.06-20.20.58:237][  0]SourceControl: Info Source control is disabled
[2015.03.06-20.20.58:887][  0]LogObj: 24231 objects as part of root set at end of initial load.
[2015.03.06-20.20.58:887][  0]LogUObjectAllocator: 5136440 out of 0 bytes used by permanent object pool.
[2015.03.06-20.20.59:155][  0]LogEngine: Initializing Engine...
[2015.03.06-20.21.01:700][  0]LogInit: XAudio2 using 'Speakers / Headphones (Realtek High Definition Audio)' : 2 channels at 48 kHz using 32 bits per sample (channel mask 0x3)
[2015.03.06-20.21.01:894][  0]LogInit: FAudioDevice initialized.
[2015.03.06-20.21.02:028][  0]LogAIModule: Creating AISystem for world NewWorld
[2015.03.06-20.21.02:177][  0]LogDerivedDataCache: Saved boot cache 0.15s 39MB C:/Users/Jeremy Martin/AppData/Local/UnrealEngine/4.7/DerivedDataCache/Boot.ddc.
[2015.03.06-20.21.02:185][  0]LogInit: Texture streaming: Enabled
[2015.03.06-20.21.02:507][  0]LogAnalytics: Creating configured Analytics provider AnalyticsET
[2015.03.06-20.21.02:508][  0]LogAnalytics: ET APIKey = Rocket.Release. APIServer = http://et2.epicgames.com/ET2/. AppVersion = 4.7.2-2467323+++depot+UE4-Releases+4.7
[2015.03.06-20.21.02:508][  0]LogAnalytics: ET APIKey = Rocket.Release. DataRouterUploadURL = https://datarouter-public-service-gamedev.ol.epicgames.net/datarouter/api/v1/public/data. AppVersion = 4.7.2-2467323+++depot+UE4-Releases+4.7
[2015.03.06-20.21.02:508][  0]LogAnalytics: SetUserId 4faf2b8f401686a57575ecb438c58793|93efd1466ca449a7a50c61e21231fb4f|d21d11dd-cad7-4eb6-8377-a86052e53efe
[2015.03.06-20.21.02:508][  0]LogAnalytics: AnalyticsET::StartSession [Rocket.Release]
[2015.03.06-20.21.02:639][  0]LogInit: Transaction tracking system initialized
[2015.03.06-20.21.03:328][  0]BlueprintLog: New page: Editor Load
[2015.03.06-20.21.03:429][  0]LogAssetRegistry: FAssetRegistry took 0.0101 seconds to start up
[2015.03.06-20.21.03:430][  0]LogDirectoryWatcher:Warning: Failed to begin reading directory changes for ../../../Engine/Plugins/Experimental/CharacterAI/Content/. Error: 0
[2015.03.06-20.21.05:448][  0]LogTargetPlatformManager:Display: Building Assets For Windows
[2015.03.06-20.21.06:935][  0]LogTargetPlatformManager:Display: Building Assets For Windows
[2015.03.06-20.21.07:835][  0]LogSlate:Warning: Failed to load font data from '../../../Engine/Content/Editor/Slate/Fonts/Roboto-Regular.ttf'
[2015.03.06-20.21.07:837][  0]LogSlate:Warning: Failed to load font data from '../../../Engine/Content/Editor/Slate/Fonts/Roboto-Bold.ttf'
[2015.03.06-20.21.07:853][  0]LogConsoleResponse:Display: 
[2015.03.06-20.21.08:345][  0]LogCook:Display: Done creating registry. It took  0.00s.
[2015.03.06-20.21.08:926][  0]SourceControl: Info Source control is disabled
[2015.03.06-20.21.08:927][  0]Cmd: MAP LOAD FILE="../../../../../../Users/Jeremy Martin/Documents/GitHub/turbo-archer/ENPo/Content/PuzzleBP/Maps/PuzzleExampleMap.umap" TEMPLATE=0 SHOWPROGRESS=1 FEATURELEVEL=3
[2015.03.06-20.21.08:929][  0]LightingResults: New page: Lighting Build
[2015.03.06-20.21.08:986][  0]MapCheck: New page: Map Check
[2015.03.06-20.21.08:986][  0]LightingResults: New page: Lighting Build
[2015.03.06-20.21.09:024][  0]LogParticles: Destroying 0 GPU particle simulations for FXSystem 0x0000000013B84D60
[2015.03.06-20.21.09:770][  0]LogBlueprint:Warning: [compiler] Warning Node  Unknown  is not referencing a valid level actor
[2015.03.06-20.21.09:772][  0]LogBlueprint:Warning: [compiler] Warning [0034.74] Compile of PuzzleExampleMap successful, but with 1 Warning(s) [in 24 ms]
[2015.03.06-20.21.09:773][  0]LogBlueprint:Warning: [compiler] Warning [0034.74] Compile of PuzzleExampleMap successful, but with 2 Warning(s) [in 0 ms]
[2015.03.06-20.21.09:773][  0]LogBlueprint:Warning: [compiler] Warning [0034.74] Compile of PuzzleExampleMap successful, but with 3 Warning(s) [in 0 ms]
[2015.03.06-20.21.09:773][  0]LogBlueprint:Warning: [compiler] Warning [0034.74] Compile of PuzzleExampleMap successful, but with 4 Warning(s) [in 0 ms]
[2015.03.06-20.21.09:796][  0]LogBlueprint:Warning: [compiler] Warning Node  Unknown  is not referencing a valid level actor
[2015.03.06-20.21.09:798][  0]LogBlueprint:Warning: [compiler] Warning [0034.77] Compile of PuzzleExampleMap successful, but with 1 Warning(s) [in 23 ms]
[2015.03.06-20.21.09:799][  0]LogBlueprint:Warning: [compiler] Warning [0034.77] Compile of PuzzleExampleMap successful, but with 2 Warning(s) [in 0 ms]
[2015.03.06-20.21.10:141][  0]LogEditorServer: Finished looking for orphan Actors (0.000 secs)
[2015.03.06-20.21.10:141][  0]LogAIModule: Creating AISystem for world PuzzleExampleMap
[2015.03.06-20.21.10:144][  0]Cmd: MAP CHECKDEP
[2015.03.06-20.21.10:144][  0]MapCheck: New page: PuzzleExampleMap - Mar 6, 2015, 8:21:10 AM
[2015.03.06-20.21.10:430][  0]MapCheck: Info Map check complete: 0 Error(s), 0 Warning(s), took 284.397ms to complete.
[2015.03.06-20.21.10:430][  0]LogFileHelpers: Loading map 'PuzzleExampleMap' took 1.502
[2015.03.06-20.21.10:770][  0]LogCollectionManager: Loaded 0 collections in 0.006756 seconds
[2015.03.06-20.21.10:814][  0]LogContentBrowser: Native class hierarchy populated in 0.0434 seconds. Added 1696 classes and 261 folders.
[2015.03.06-20.21.10:952][  0]LogContentBrowser: Native class hierarchy updated for 'SceneOutliner' in 0.0065 seconds. Added 1 classes and 2 folders.
[2015.03.06-20.21.11:184][  0]LogCrashTracker: Crashtracker disabled due to settings.
[2015.03.06-20.21.11:187][  0]LogSlate:Warning: Failed to load font data from 'Veranda'
[2015.03.06-20.21.11:218][  0]LogUObjectGlobals:Warning: Failed to find object 'Class None.'
[2015.03.06-20.21.11:279][  0]LogLoad: Full Startup: 36.25 seconds (BP compile: 0.34 seconds)
[2015.03.06-20.21.12:202][  0]LogRenderer:Warning: Reallocating scene render targets to support 32x32 (Frame:2).
[2015.03.06-20.21.12:934][  0]LogRenderer:Warning: Reallocating scene render targets to support 1032x568 (Frame:4).
[2015.03.06-20.21.22:176][ 23]LogAssetRegistry: Asset discovery search completed in 18.7560 seconds
[2015.03.06-20.22.54:241][ 95]LogEditorViewport: Clicking on Actor (LMB): RunnerCharacter_C (RunnerCharacter)
[2015.03.06-20.23.07:737][252]LogLinker:Warning: Can't find file '/Game/Blueprints/PuzzleGameMode'
[2015.03.06-20.23.07:738][252]LogLinker:Warning: Can't find file '/Game/Blueprints/PuzzleGameMode'
[2015.03.06-20.23.07:738][252]LogUObjectGlobals:Warning: Failed to find object 'Object /Game/Blueprints/PuzzleGameMode.PuzzleGameMode_C'
[2015.03.06-20.23.07:739][252]LogLinker:Warning: Can't find file '/Game/Blueprints/PuzzleGameMode'
[2015.03.06-20.23.07:740][252]LogLinker:Warning: Can't find file '/Game/Blueprints/PuzzleGameMode'
[2015.03.06-20.23.07:740][252]LogUObjectGlobals:Warning: Failed to find object 'Object /Game/Blueprints/PuzzleGameMode.PuzzleGameMode_C'
[2015.03.06-20.23.23:167][756]LogLinker:Warning: Can't find file '/Game/Blueprints/PuzzleGameMode'
[2015.03.06-20.23.23:168][756]LogLinker:Warning: Can't find file '/Game/Blueprints/PuzzleGameMode'
[2015.03.06-20.23.23:169][756]LogUObjectGlobals:Warning: Failed to find object 'Object /Game/Blueprints/PuzzleGameMode.PuzzleGameMode_C'
[2015.03.06-20.23.23:170][756]LogLinker:Warning: Can't find file '/Game/Blueprints/PuzzleGameMode'
[2015.03.06-20.23.23:170][756]LogLinker:Warning: Can't find file '/Game/Blueprints/PuzzleGameMode'
[2015.03.06-20.23.23:171][756]LogUObjectGlobals:Warning: Failed to find object 'Object /Game/Blueprints/PuzzleGameMode.PuzzleGameMode_C'
[2015.03.06-20.23.32:896][ 66]LogLinker:Warning: Can't find file '/Game/Blueprints/PuzzleGameMode'
[2015.03.06-20.23.32:897][ 66]LogLinker:Warning: Can't find file '/Game/Blueprints/PuzzleGameMode'
[2015.03.06-20.23.32:897][ 66]LogUObjectGlobals:Warning: Failed to find object 'Object /Game/Blueprints/PuzzleGameMode.PuzzleGameMode_C'
[2015.03.06-20.23.32:898][ 66]LogLinker:Warning: Can't find file '/Game/Blueprints/PuzzleGameMode'
[2015.03.06-20.23.32:899][ 66]LogLinker:Warning: Can't find file '/Game/Blueprints/PuzzleGameMode'
[2015.03.06-20.23.32:899][ 66]LogUObjectGlobals:Warning: Failed to find object 'Object /Game/Blueprints/PuzzleGameMode.PuzzleGameMode_C'
[2015.03.06-20.23.38:397][259]LogSlate:Warning: Prevented a slow task dialog from being summoned while a context menu was open
[2015.03.06-20.24.10:637][  1]Cmd: OBJ SAVEPACKAGE PACKAGE="/Game/Blueprints/RunnerController" FILE="../../../../../../Users/Jeremy Martin/Documents/GitHub/turbo-archer/ENPo/Content/Blueprints/RunnerController.uasset" SILENT=true
[2015.03.06-20.24.10:747][  1]LogSavePackage: Save=66.411484ms
[2015.03.06-20.24.10:747][  1]LogSavePackage: Moving '../../../../../../Users/Jeremy Martin/Documents/GitHub/turbo-archer/ENPo/Saved/RunnerControllerFCF510B146E019CE79F8B5A5E26BD38E.tmp' to '../../../../../../Users/Jeremy Martin/Documents/GitHub/turbo-archer/ENPo/Content/Blueprints/RunnerController.uasset'
[2015.03.06-20.24.11:198][ 25]BlueprintLog: New page: Compile RunnerController
[2015.03.06-20.24.11:345][ 25]LogActorComponent: UnregisterComponent: (/Engine/Transient.CharMoveComp) Not registered. Aborting.
[2015.03.06-20.24.11:424][ 25]BlueprintEditorCompileResults: Info [0216.38] Compile of RunnerController successful! [in 225 ms]
[2015.03.06-20.24.11:814][ 46]BlueprintLog: New page: Compile RunnerController
[2015.03.06-20.24.12:040][ 46]BlueprintEditorCompileResults: Info [0217.00] Compile of RunnerController successful! [in 225 ms]
[2015.03.06-20.24.15:866][144]LogBlueprint:Warning: [compiler] Warning Node  Unknown  is not referencing a valid level actor
[2015.03.06-20.24.15:868][144]LogBlueprint:Warning: [compiler] Warning [0220.83] Compile of PuzzleExampleMap successful, but with 1 Warning(s) [in 132 ms]
[2015.03.06-20.24.15:870][144]LogBlueprint:Warning: [compiler] Warning [0220.83] Compile of PuzzleExampleMap successful, but with 2 Warning(s) [in 0 ms]
[2015.03.06-20.24.15:964][144]LogBlueprint:Warning: [compiler] Warning [0220.92] Compile of PuzzleExampleMap successful, but with 3 Warning(s) [in 92 ms]
[2015.03.06-20.24.15:978][144]LogBlueprint:Warning: [compiler] Warning [0220.94] Compile of PuzzleExampleMap successful, but with 4 Warning(s) [in 13 ms]
[2015.03.06-20.24.15:978][144]LogBlueprint:Warning: [compiler] Warning [0220.94] Compile of PuzzleExampleMap successful, but with 5 Warning(s) [in 0 ms]
[2015.03.06-20.24.15:979][144]LogBlueprint:Warning: [compiler] Warning [0220.94] Compile of PuzzleExampleMap successful, but with 6 Warning(s) [in 0 ms]
[2015.03.06-20.24.16:339][144]LogSavePackage: Save=607.930176ms
[2015.03.06-20.24.16:339][144]LogSavePackage: Moving '../../../../../../Users/Jeremy Martin/Documents/GitHub/turbo-archer/ENPo/Saved/PuzzleExampleMap9CC25018414D13DFA3AAAB9FAF40A4C2.tmp' to '../../../../../../Users/Jeremy Martin/Documents/GitHub/turbo-archer/ENPo/Content/PuzzleBP/Maps/PuzzleExampleMap.umap'
[2015.03.06-20.24.18:948][171]BlueprintLog: New page: Pre-PIE auto-recompile
[2015.03.06-20.24.18:956][171]LogPlayLevel: [PIE] Compiling PuzzleExampleMap before PIE...
[2015.03.06-20.24.18:983][171]LogBlueprint:Warning: [compiler] Warning Node  Unknown  is not referencing a valid level actor
[2015.03.06-20.24.18:985][171]LogBlueprint:Warning: [compiler] Warning [0223.94] Compile of PuzzleExampleMap successful, but with 1 Warning(s) [in 25 ms]
[2015.03.06-20.24.18:987][171]LogBlueprint:Warning: [compiler] Warning [0223.94] Compile of PuzzleExampleMap successful, but with 2 Warning(s) [in 0 ms]
[2015.03.06-20.24.19:076][171]LogBlueprint:Warning: [compiler] Warning [0224.03] Compile of PuzzleExampleMap successful, but with 3 Warning(s) [in 88 ms]
[2015.03.06-20.24.19:086][171]LogBlueprint:Warning: [compiler] Warning [0224.04] Compile of PuzzleExampleMap successful, but with 4 Warning(s) [in 9 ms]
[2015.03.06-20.24.19:087][171]LogBlueprint:Warning: [compiler] Warning [0224.04] Compile of PuzzleExampleMap successful, but with 5 Warning(s) [in 0 ms]
[2015.03.06-20.24.19:087][171]LogBlueprint:Warning: [compiler] Warning [0224.04] Compile of PuzzleExampleMap successful, but with 6 Warning(s) [in 0 ms]
[2015.03.06-20.24.19:143][171]LogPlayLevel: PIE:  Blueprint regeneration took 195 ms (1 blueprints)
[2015.03.06-20.24.19:143][171]PIE: New page: SIE session: PuzzleExampleMap (Mar 6, 2015, 8:24:19 AM)
[2015.03.06-20.24.19:237][171]LogPlayLevel: PIE: StaticDuplicateObject took: (0.092270s)
[2015.03.06-20.24.19:264][171]LogPlayLevel: PIE: World Init took: (0.026767s)
[2015.03.06-20.24.19:264][171]LogPlayLevel: PIE: Created PIE world by copying editor world from /Game/PuzzleBP/Maps/PuzzleExampleMap.PuzzleExampleMap to /Game/PuzzleBP/Maps/UEDPIE_0_PuzzleExampleMap.PuzzleExampleMap (0.119580s)
[2015.03.06-20.24.19:356][171]LogSelection:Warning: PIE object was selected: "RunnerCharacter_C /Game/PuzzleBP/Maps/UEDPIE_0_PuzzleExampleMap.PuzzleExampleMap:PersistentLevel.RunnerCharacter_C_1"
[2015.03.06-20.24.19:443][171]LogWorld: Game class is 'RunnerGameMode_C'
[2015.03.06-20.24.19:452][171]LogAIModule: Creating AISystem for world PuzzleExampleMap
[2015.03.06-20.24.19:463][171]LogWorld: Bringing World /Game/PuzzleBP/Maps/UEDPIE_0_PuzzleExampleMap.PuzzleExampleMap up for play (max tick rate 60) at 2015.03.06-14.24.19
[2015.03.06-20.24.19:465][171]LogWorld: Bringing up level for play took: 0.011567
[2015.03.06-20.24.19:468][171]LogGameMode: Warning - PATHS NOT DEFINED or NO PLAYERSTART with positive rating
[2015.03.06-20.24.19:470][171]LogPawn:Error: EnableInput can only be specified on a Pawn for its Controller
[2015.03.06-20.24.19:472][171]PIE: Info Play in editor start time for /Game/PuzzleBP/Maps/UEDPIE_0_PuzzleExampleMap 0.277
[2015.03.06-20.24.19:671][171]LogSelection:Warning: PIE object was selected: "RunnerCharacter_C /Game/PuzzleBP/Maps/UEDPIE_0_PuzzleExampleMap.PuzzleExampleMap:PersistentLevel.RunnerCharacter_C_1"
[2015.03.06-20.24.28:249][297]LogParticles: Destroying 0 GPU particle simulations for FXSystem 0x000000000E2A54E0
[2015.03.06-20.24.32:996][355]LogEditorViewport: Clicking on Actor (LMB): skyB_C (skyB)
[2015.03.06-20.24.35:879][393]LogEditorViewport: Clicking on Actor (LMB): RunnerCharacter_C (RunnerCharacter)
[2015.03.06-20.24.40:176][441]LogEditorViewport: Clicking on Actor (context menu): RunnerCharacter_C (RunnerCharacter)
[2015.03.06-20.29.49:561][645]Cmd: OBJ SAVEPACKAGE PACKAGE="/Game/Blueprints/RunnerController" FILE="../../../../../../Users/Jeremy Martin/Documents/GitHub/turbo-archer/ENPo/Content/Blueprints/RunnerController.uasset" SILENT=true
[2015.03.06-20.29.49:678][645]LogSavePackage: Save=70.926910ms
[2015.03.06-20.29.49:678][645]LogSavePackage: Moving '../../../../../../Users/Jeremy Martin/Documents/GitHub/turbo-archer/ENPo/Saved/RunnerController382FA6AC420FDF76F7473DA8A00436DD.tmp' to '../../../../../../Users/Jeremy Martin/Documents/GitHub/turbo-archer/ENPo/Content/Blueprints/RunnerController.uasset'
[2015.03.06-20.29.51:627][755]BlueprintLog: New page: Compile RunnerController
[2015.03.06-20.29.51:879][755]BlueprintEditorCompileResults: Info [0556.82] Compile of RunnerController successful! [in 251 ms]
[2015.03.06-20.29.54:932][927]LogRenderer:Warning: Reallocating scene render targets to support 1144x896 (Frame:1244).
[2015.03.06-20.33.43:033][960]LogMaterial: Missing cached shader map for material M_Basic_Wall, compiling. 
[2015.03.06-20.33.43:169][960]LogStaticMesh: Building static mesh Shape_Cone...
[2015.03.06-20.33.43:256][960]LogStaticMesh: Built static mesh [87.239113ms] /Game/StarterContent/Shapes/Shape_Cone.Shape_Cone
[2015.03.06-20.34.31:785][654]LogBlueprint:Warning: [compiler] Warning Node  Unknown  is not referencing a valid level actor
[2015.03.06-20.34.31:788][654]LogBlueprint:Warning: [compiler] Warning [0836.71] Compile of PuzzleExampleMap successful, but with 1 Warning(s) [in 29 ms]
[2015.03.06-20.34.31:790][654]LogBlueprint:Warning: [compiler] Warning [0836.71] Compile of PuzzleExampleMap successful, but with 2 Warning(s) [in 0 ms]
[2015.03.06-20.34.31:885][654]LogBlueprint:Warning: [compiler] Warning [0836.81] Compile of PuzzleExampleMap successful, but with 3 Warning(s) [in 94 ms]
[2015.03.06-20.34.31:895][654]LogBlueprint:Warning: [compiler] Warning [0836.82] Compile of PuzzleExampleMap successful, but with 4 Warning(s) [in 9 ms]
[2015.03.06-20.34.31:895][654]LogBlueprint:Warning: [compiler] Warning [0836.82] Compile of PuzzleExampleMap successful, but with 5 Warning(s) [in 0 ms]
[2015.03.06-20.34.31:896][654]LogBlueprint:Warning: [compiler] Warning [0836.82] Compile of PuzzleExampleMap successful, but with 6 Warning(s) [in 0 ms]
[2015.03.06-20.34.32:229][654]LogSavePackage: Save=475.502014ms
[2015.03.06-20.34.32:229][654]LogSavePackage: Moving '../../../../../../Users/Jeremy Martin/Documents/GitHub/turbo-archer/ENPo/Saved/PuzzleExampleMap_Auto1282B22AC4C6783DA0153409B03022BBC.tmp' to '../../../../../../Users/Jeremy Martin/Documents/GitHub/turbo-archer/ENPo/Saved/Autosaves/Game/PuzzleBP/Maps/PuzzleExampleMap_Auto1.umap'
[2015.03.06-20.34.32:255][654]LogFileHelpers: Editor autosave (incl. sublevels) for '/Game/PuzzleBP/Maps/PuzzleExampleMap' took 0.754
[2015.03.06-20.34.32:256][654]LogFileHelpers: Editor autosave (incl. sublevels) for all levels took 0.754
[2015.03.06-20.34.32:340][654]OBJ SavePackage: Generating thumbnails for [1] asset(s) in package [/Game/Blueprints/RunnerCharacter] ([1] browsable assets)...
[2015.03.06-20.34.32:447][654]OBJ SavePackage:     Rendered thumbnail for [Blueprint /Game/Blueprints/RunnerCharacter.RunnerCharacter]
[2015.03.06-20.34.32:447][654]OBJ SavePackage: Finished generating thumbnails for package [/Game/Blueprints/RunnerCharacter]
[2015.03.06-20.34.34:533][654]LogSavePackage: Save=2031.422852ms
[2015.03.06-20.34.34:570][654]LogSavePackage: Moving '../../../../../../Users/Jeremy Martin/Documents/GitHub/turbo-archer/ENPo/Saved/RunnerCharacter_Auto1A26CA3034C363FC37C9BC187FA41F58F.tmp' to '../../../../../../Users/Jeremy Martin/Documents/GitHub/turbo-archer/ENPo/Saved/Autosaves/Game/Blueprints/RunnerCharacter_Auto1.uasset'
[2015.03.06-20.34.34:589][654]LogFileHelpers: Auto-saving content packages took 2.333
[2015.03.06-20.34.40:455][720]LogActorComponent: UnregisterComponent: (/Engine/Transient.CharMoveComp) Not registered. Aborting.
[2015.03.06-20.34.45:581][822]LogEditorTransaction: Undo Modify Component(s)
[2015.03.06-20.34.46:007][823]LogEditorTransaction: Undo Reset Rotation
[2015.03.06-20.34.47:058][846]LogEditorTransaction: Undo Reset Location
[2015.03.06-20.34.56:268][ 25]LogEditorTransaction: Undo Remove Components
[2015.03.06-20.35.04:372][350]Cmd: TRANSACTION REDO
[2015.03.06-20.35.04:372][350]LogEditorTransaction: Redo Remove Components
[2015.03.06-20.36.11:563][691]Cmd: OBJ SAVEPACKAGE PACKAGE="/Game/Blueprints/RunnerCharacter" FILE="../../../../../../Users/Jeremy Martin/Documents/GitHub/turbo-archer/ENPo/Content/Blueprints/RunnerCharacter.uasset" SILENT=true
[2015.03.06-20.36.13:334][691]LogSavePackage: Save=1719.395508ms
[2015.03.06-20.36.13:334][691]LogSavePackage: Moving '../../../../../../Users/Jeremy Martin/Documents/GitHub/turbo-archer/ENPo/Saved/RunnerCharacterE01749A748D5994AB5BB8C9D719B6BD2.tmp' to '../../../../../../Users/Jeremy Martin/Documents/GitHub/turbo-archer/ENPo/Content/Blueprints/RunnerCharacter.uasset'
[2015.03.06-20.36.14:159][708]BlueprintLog: New page: Compile RunnerCharacter
[2015.03.06-20.36.14:468][708]LogActorComponent: UnregisterComponent: (/Engine/Transient.CharacterMovementComponent_0) Not registered. Aborting.
[2015.03.06-20.36.14:577][708]BlueprintEditorCompileResults: Info [0939.50] Compile of RunnerCharacter successful! [in 417 ms]
[2015.03.06-20.36.19:807][781]Cmd: OBJ SAVEPACKAGE PACKAGE="/Game/Blueprints/RunnerController" FILE="../../../../../../Users/Jeremy Martin/Documents/GitHub/turbo-archer/ENPo/Content/Blueprints/RunnerController.uasset" SILENT=true
[2015.03.06-20.36.19:919][781]LogSavePackage: Save=63.301006ms
[2015.03.06-20.36.19:919][781]LogSavePackage: Moving '../../../../../../Users/Jeremy Martin/Documents/GitHub/turbo-archer/ENPo/Saved/RunnerControllerCFA89EC34AF486FC3F0AA8965F351610.tmp' to '../../../../../../Users/Jeremy Martin/Documents/GitHub/turbo-archer/ENPo/Content/Blueprints/RunnerController.uasset'
[2015.03.06-20.36.20:548][791]BlueprintLog: New page: Compile RunnerController
[2015.03.06-20.36.20:687][791]LogActorComponent: UnregisterComponent: (/Engine/Transient.CharMoveComp) Not registered. Aborting.
[2015.03.06-20.36.20:768][791]BlueprintEditorCompileResults: Info [0945.69] Compile of RunnerController successful! [in 219 ms]
[2015.03.06-20.36.23:414][826]LogBlueprint:Warning: [compiler] Warning Node  Unknown  is not referencing a valid level actor
[2015.03.06-20.36.23:417][826]LogBlueprint:Warning: [compiler] Warning [0948.33] Compile of PuzzleExampleMap successful, but with 1 Warning(s) [in 26 ms]
[2015.03.06-20.36.23:419][826]LogBlueprint:Warning: [compiler] Warning [0948.34] Compile of PuzzleExampleMap successful, but with 2 Warning(s) [in 0 ms]
[2015.03.06-20.36.23:514][826]LogBlueprint:Warning: [compiler] Warning [0948.43] Compile of PuzzleExampleMap successful, but with 3 Warning(s) [in 94 ms]
[2015.03.06-20.36.23:524][826]LogBlueprint:Warning: [compiler] Warning [0948.44] Compile of PuzzleExampleMap successful, but with 4 Warning(s) [in 10 ms]
[2015.03.06-20.36.23:525][826]LogBlueprint:Warning: [compiler] Warning [0948.44] Compile of PuzzleExampleMap successful, but with 5 Warning(s) [in 0 ms]
[2015.03.06-20.36.23:525][826]LogBlueprint:Warning: [compiler] Warning [0948.44] Compile of PuzzleExampleMap successful, but with 6 Warning(s) [in 0 ms]
[2015.03.06-20.36.23:837][826]LogSavePackage: Save=451.792267ms
[2015.03.06-20.36.23:837][826]LogSavePackage: Moving '../../../../../../Users/Jeremy Martin/Documents/GitHub/turbo-archer/ENPo/Saved/PuzzleExampleMapD8E877A74042B59A206640AA00DB42D4.tmp' to '../../../../../../Users/Jeremy Martin/Documents/GitHub/turbo-archer/ENPo/Content/PuzzleBP/Maps/PuzzleExampleMap.umap'
[2015.03.06-20.37.14:772][935]BlueprintLog: New page: Pre-PIE auto-recompile
[2015.03.06-20.37.14:785][935]LogPlayLevel: [PIE] Compiling PuzzleExampleMap before PIE...
[2015.03.06-20.37.14:819][935]LogBlueprint:Warning: [compiler] Warning Node  Unknown  is not referencing a valid level actor
[2015.03.06-20.37.14:822][935]LogBlueprint:Warning: [compiler] Warning [0999.74] Compile of PuzzleExampleMap successful, but with 1 Warning(s) [in 31 ms]
[2015.03.06-20.37.14:824][935]LogBlueprint:Warning: [compiler] Warning [0999.74] Compile of PuzzleExampleMap successful, but with 2 Warning(s) [in 0 ms]
[2015.03.06-20.37.14:946][935]LogBlueprint:Warning: [compiler] Warning [0999.86] Compile of PuzzleExampleMap successful, but with 3 Warning(s) [in 120 ms]
[2015.03.06-20.37.14:958][935]LogBlueprint:Warning: [compiler] Warning [0999.87] Compile of PuzzleExampleMap successful, but with 4 Warning(s) [in 11 ms]
[2015.03.06-20.37.14:958][935]LogBlueprint:Warning: [compiler] Warning [0999.87] Compile of PuzzleExampleMap successful, but with 5 Warning(s) [in 0 ms]
[2015.03.06-20.37.14:958][935]LogBlueprint:Warning: [compiler] Warning [0999.87] Compile of PuzzleExampleMap successful, but with 6 Warning(s) [in 0 ms]
[2015.03.06-20.37.15:032][935]LogParticles: Destroying 0 GPU particle simulations for FXSystem 0x000000002926B880
[2015.03.06-20.37.15:041][935]LogPlayLevel: PIE:  Blueprint regeneration took 269 ms (1 blueprints)
[2015.03.06-20.37.15:041][935]PIE: New page: SIE session: PuzzleExampleMap (Mar 6, 2015, 8:37:15 AM)
[2015.03.06-20.37.15:146][935]LogPlayLevel: PIE: StaticDuplicateObject took: (0.103678s)
[2015.03.06-20.37.15:171][935]LogPlayLevel: PIE: World Init took: (0.025273s)
[2015.03.06-20.37.15:172][935]LogPlayLevel: PIE: Created PIE world by copying editor world from /Game/PuzzleBP/Maps/PuzzleExampleMap.PuzzleExampleMap to /Game/PuzzleBP/Maps/UEDPIE_0_PuzzleExampleMap.PuzzleExampleMap (0.129642s)
[2015.03.06-20.37.15:256][935]LogSelection:Warning: PIE object was selected: "RunnerCharacter_C /Game/PuzzleBP/Maps/UEDPIE_0_PuzzleExampleMap.PuzzleExampleMap:PersistentLevel.RunnerCharacter_C_1"
[2015.03.06-20.37.15:295][935]LogWorld: Game class is 'RunnerGameMode_C'
[2015.03.06-20.37.15:303][935]LogAIModule: Creating AISystem for world PuzzleExampleMap
[2015.03.06-20.37.15:313][935]LogWorld: Bringing World /Game/PuzzleBP/Maps/UEDPIE_0_PuzzleExampleMap.PuzzleExampleMap up for play (max tick rate 60) at 2015.03.06-14.37.15
[2015.03.06-20.37.15:316][935]LogWorld: Bringing up level for play took: 0.011505
[2015.03.06-20.37.15:318][935]LogGameMode: Warning - PATHS NOT DEFINED or NO PLAYERSTART with positive rating
[2015.03.06-20.37.15:320][935]LogPawn:Error: EnableInput can only be specified on a Pawn for its Controller
[2015.03.06-20.37.15:322][935]PIE: Info Play in editor start time for /Game/PuzzleBP/Maps/UEDPIE_0_PuzzleExampleMap 0.086
[2015.03.06-20.37.15:485][935]LogSelection:Warning: PIE object was selected: "RunnerCharacter_C /Game/PuzzleBP/Maps/UEDPIE_0_PuzzleExampleMap.PuzzleExampleMap:PersistentLevel.RunnerCharacter_C_1"
[2015.03.06-20.37.19:326][988]LogParticles: Destroying 0 GPU particle simulations for FXSystem 0x0000000020EA87C0
[2015.03.06-20.39.06:383][535]Cmd: OBJ SAVEPACKAGE PACKAGE="/Game/Blueprints/RunnerController" FILE="../../../../../../Users/Jeremy Martin/Documents/GitHub/turbo-archer/ENPo/Content/Blueprints/RunnerController.uasset" SILENT=true
[2015.03.06-20.39.06:488][535]LogSavePackage: Save=65.296097ms
[2015.03.06-20.39.06:488][535]LogSavePackage: Moving '../../../../../../Users/Jeremy Martin/Documents/GitHub/turbo-archer/ENPo/Saved/RunnerController566B4AC7416623488A09BCBE33E48439.tmp' to '../../../../../../Users/Jeremy Martin/Documents/GitHub/turbo-archer/ENPo/Content/Blueprints/RunnerController.uasset'
[2015.03.06-20.39.06:965][560]BlueprintLog: New page: Compile RunnerController
[2015.03.06-20.39.07:187][560]BlueprintEditorCompileResults: Info [1112.10] Compile of RunnerController successful! [in 221 ms]
[2015.03.06-20.39.08:629][603]BlueprintLog: New page: Compile RunnerCharacter
[2015.03.06-20.39.09:068][603]BlueprintEditorCompileResults: Info [1113.98] Compile of RunnerCharacter successful! [in 438 ms]
[2015.03.06-20.39.09:600][613]BlueprintLog: New page: Compile RunnerCharacter
[2015.03.06-20.39.10:001][613]BlueprintEditorCompileResults: Info [1114.91] Compile of RunnerCharacter successful! [in 400 ms]
[2015.03.06-20.39.11:962][631]LogActorComponent: UnregisterComponent: (/Engine/Transient.CharMoveComp) Not registered. Aborting.
[2015.03.06-20.39.12:086][631]LogBlueprint:Warning: [compiler] Warning Node  Unknown  is not referencing a valid level actor
[2015.03.06-20.39.12:088][631]LogBlueprint:Warning: [compiler] Warning [1117.00] Compile of PuzzleExampleMap successful, but with 1 Warning(s) [in 26 ms]
[2015.03.06-20.39.12:090][631]LogBlueprint:Warning: [compiler] Warning [1117.00] Compile of PuzzleExampleMap successful, but with 2 Warning(s) [in 0 ms]
[2015.03.06-20.39.12:184][631]LogBlueprint:Warning: [compiler] Warning [1117.09] Compile of PuzzleExampleMap successful, but with 3 Warning(s) [in 92 ms]
[2015.03.06-20.39.12:195][631]LogBlueprint:Warning: [compiler] Warning [1117.10] Compile of PuzzleExampleMap successful, but with 4 Warning(s) [in 10 ms]
[2015.03.06-20.39.12:195][631]LogBlueprint:Warning: [compiler] Warning [1117.11] Compile of PuzzleExampleMap successful, but with 5 Warning(s) [in 0 ms]
[2015.03.06-20.39.12:195][631]LogBlueprint:Warning: [compiler] Warning [1117.11] Compile of PuzzleExampleMap successful, but with 6 Warning(s) [in 0 ms]
[2015.03.06-20.39.12:481][631]LogSavePackage: Save=423.673737ms
[2015.03.06-20.39.12:481][631]LogSavePackage: Moving '../../../../../../Users/Jeremy Martin/Documents/GitHub/turbo-archer/ENPo/Saved/PuzzleExampleMap5A2DC7FD4642FE792D5D678069F2EC54.tmp' to '../../../../../../Users/Jeremy Martin/Documents/GitHub/turbo-archer/ENPo/Content/PuzzleBP/Maps/PuzzleExampleMap.umap'
[2015.03.06-20.39.16:007][684]Cmd: OBJ SAVEPACKAGE PACKAGE="/Game/Blueprints/RunnerCharacter" FILE="../../../../../../Users/Jeremy Martin/Documents/GitHub/turbo-archer/ENPo/Content/Blueprints/RunnerCharacter.uasset" SILENT=true
[2015.03.06-20.39.17:760][684]LogSavePackage: Save=1714.114014ms
[2015.03.06-20.39.17:760][684]LogSavePackage: Moving '../../../../../../Users/Jeremy Martin/Documents/GitHub/turbo-archer/ENPo/Saved/RunnerCharacter6B726AAF4FEBCF476E0921A9E8430223.tmp' to '../../../../../../Users/Jeremy Martin/Documents/GitHub/turbo-archer/ENPo/Content/Blueprints/RunnerCharacter.uasset'
[2015.03.06-20.39.20:653][741]LogActorComponent: UnregisterComponent: (/Engine/Transient.CharMoveComp) Not registered. Aborting.
[2015.03.06-20.39.22:849][742]Cmd: QUIT_EDITOR
[2015.03.06-20.39.23:884][742]LogExit: Preparing to exit.
[2015.03.06-20.39.24:842][742]LogExit: Editor shut down
[2015.03.06-20.39.24:843][742]LogExit: Transaction tracking system shut down
[2015.03.06-20.39.24:845][742]LogParticles: Destroying 0 GPU particle simulations for FXSystem 0x000000000BD56160
[2015.03.06-20.39.24:845][742]LogParticles: Destroying 0 GPU particle simulations for FXSystem 0x000000000EFECFE0
[2015.03.06-20.39.24:845][742]LogParticles: Destroying 0 GPU particle simulations for FXSystem 0x000000000E5B2520
[2015.03.06-20.39.24:846][742]LogParticles: Destroying 0 GPU particle simulations for FXSystem 0x00000000291939C0
[2015.03.06-20.39.24:851][742]LogParticles: Destroying 0 GPU particle simulations for FXSystem 0x00000000349CCFE0
[2015.03.06-20.39.24:851][742]LogParticles: Destroying 0 GPU particle simulations for FXSystem 0x0000000031996AC0
[2015.03.06-20.39.24:852][742]LogParticles: Destroying 0 GPU particle simulations for FXSystem 0x000000000EDA6B60
[2015.03.06-20.39.25:070][742]LogExit: Object subsystem successfully closed.
[2015.03.06-20.39.25:220][742]LogModuleManager: Shutting down and abandoning module CrashTracker (177)
[2015.03.06-20.39.25:220][742]LogModuleManager: Shutting down and abandoning module SuperSearch (176)
[2015.03.06-20.39.25:221][742]LogModuleManager: Shutting down and abandoning module SceneOutliner (175)
[2015.03.06-20.39.25:221][742]LogModuleManager: Shutting down and abandoning module EditorWidgets (174)
[2015.03.06-20.39.25:221][742]LogModuleManager: Shutting down and abandoning module CollectionManager (173)
[2015.03.06-20.39.25:221][742]LogModuleManager: Shutting down and abandoning module StatsViewer (172)
[2015.03.06-20.39.25:221][742]LogModuleManager: Shutting down and abandoning module FoliageEdit (171)
[2015.03.06-20.39.25:221][742]LogModuleManager: Shutting down and abandoning module LandscapeEditor (170)
[2015.03.06-20.39.25:221][742]LogModuleManager: Shutting down and abandoning module MeshPaint (169)
[2015.03.06-20.39.25:221][742]LogModuleManager: Shutting down and abandoning module ActorPickerMode (168)
[2015.03.06-20.39.25:222][742]LogModuleManager: Shutting down and abandoning module GeometryMode (167)
[2015.03.06-20.39.25:222][742]LogModuleManager: Shutting down and abandoning module TextureAlignMode (166)
[2015.03.06-20.39.25:222][742]LogModuleManager: Shutting down and abandoning module BspMode (165)
[2015.03.06-20.39.25:222][742]LogModuleManager: Shutting down and abandoning module PlacementMode (164)
[2015.03.06-20.39.25:222][742]LogModuleManager: Shutting down and abandoning module AutomationWorker (163)
[2015.03.06-20.39.25:222][742]LogModuleManager: Shutting down and abandoning module CharacterAI (162)
[2015.03.06-20.39.25:222][742]LogModuleManager: Shutting down and abandoning module SmartSnapping (161)
[2015.03.06-20.39.25:222][742]LogModuleManager: Shutting down and abandoning module ViewportSnapping (160)
[2015.03.06-20.39.25:222][742]LogModuleManager: Shutting down and abandoning module LogVisualizer (159)
[2015.03.06-20.39.25:222][742]LogModuleManager: Shutting down and abandoning module GameProjectGeneration (158)
[2015.03.06-20.39.25:222][742]LogModuleManager: Shutting down and abandoning module IntroTutorials (157)
[2015.03.06-20.39.25:223][742]LogModuleManager: Shutting down and abandoning module EditorLiveStreaming (156)
[2015.03.06-20.39.25:223][742]LogModuleManager: Shutting down and abandoning module HardwareTargeting (155)
[2015.03.06-20.39.25:223][742]LogModuleManager: Shutting down and abandoning module DeviceProfileEditor (154)
[2015.03.06-20.39.25:223][742]LogModuleManager: Shutting down and abandoning module UndoHistory (153)
[2015.03.06-20.39.25:223][742]LogModuleManager: Shutting down and abandoning module GameplayTagsEditor (152)
[2015.03.06-20.39.25:223][742]LogModuleManager: Shutting down and abandoning module UserFeedback (151)
[2015.03.06-20.39.25:223][742]LogModuleManager: Shutting down and abandoning module XmlParser (150)
[2015.03.06-20.39.25:223][742]LogModuleManager: Shutting down and abandoning module Blutility (149)
[2015.03.06-20.39.25:223][742]LogModuleManager: Shutting down and abandoning module IOSPlatformEditor (148)
[2015.03.06-20.39.25:223][742]LogModuleManager: Shutting down and abandoning module IOSRuntimeSettings (147)
[2015.03.06-20.39.25:223][742]LogModuleManager: Shutting down and abandoning module AndroidDeviceDetection (146)
[2015.03.06-20.39.25:322][742]LogModuleManager: Shutting down and abandoning module AndroidPlatformEditor (145)
[2015.03.06-20.39.25:322][742]LogModuleManager: Shutting down and abandoning module AndroidRuntimeSettings (144)
[2015.03.06-20.39.25:322][742]LogModuleManager: Shutting down and abandoning module ProjectTargetPlatformEditor (143)
[2015.03.06-20.39.25:322][742]LogModuleManager: Shutting down and abandoning module ProjectSettingsViewer (142)
[2015.03.06-20.39.25:323][742]LogModuleManager: Shutting down and abandoning module InputBindingEditor (141)
[2015.03.06-20.39.25:323][742]LogModuleManager: Shutting down and abandoning module EditorSettingsViewer (140)
[2015.03.06-20.39.25:323][742]LogModuleManager: Shutting down and abandoning module SettingsEditor (139)
[2015.03.06-20.39.25:323][742]LogModuleManager: Shutting down and abandoning module ProjectLauncher (138)
[2015.03.06-20.39.25:323][742]LogModuleManager: Shutting down and abandoning module SessionFrontend (137)
[2015.03.06-20.39.25:323][742]LogModuleManager: Shutting down and abandoning module ProfilerClient (136)
[2015.03.06-20.39.25:323][742]LogModuleManager: Shutting down and abandoning module TargetDeviceServices (135)
[2015.03.06-20.39.25:323][742]LogModuleManager: Shutting down and abandoning module DeviceManager (134)
[2015.03.06-20.39.25:324][742]LogModuleManager: Shutting down and abandoning module AutomationController (133)
[2015.03.06-20.39.25:324][742]LogModuleManager: Shutting down and abandoning module AutomationWindow (132)
[2015.03.06-20.39.25:324][742]LogModuleManager: Shutting down and abandoning module Layers (131)
[2015.03.06-20.39.25:324][742]LogModuleManager: Shutting down and abandoning module ComponentVisualizers (130)
[2015.03.06-20.39.25:324][742]LogModuleManager: Shutting down and abandoning module DetailCustomizations (129)
[2015.03.06-20.39.25:324][742]LogModuleManager: Shutting down and abandoning module PackagesDialog (128)
[2015.03.06-20.39.25:325][742]LogModuleManager: Shutting down and abandoning module AssetRegistry (127)
[2015.03.06-20.39.25:431][742]LogModuleManager: Shutting down and abandoning module Persona (126)
[2015.03.06-20.39.25:431][742]LogModuleManager: Shutting down and abandoning module SlateReflector (125)
[2015.03.06-20.39.25:431][742]LogModuleManager: Shutting down and abandoning module LevelEditor (124)
[2015.03.06-20.39.25:434][742]LogModuleManager: Shutting down and abandoning module Kismet (123)
[2015.03.06-20.39.25:434][742]LogModuleManager: Shutting down and abandoning module GraphEditor (122)
[2015.03.06-20.39.25:434][742]LogModuleManager: Shutting down and abandoning module ClassViewer (121)
[2015.03.06-20.39.25:434][742]LogModuleManager: Shutting down and abandoning module Toolbox (120)
[2015.03.06-20.39.25:434][742]LogModuleManager: Shutting down and abandoning module ModuleUI (119)
[2015.03.06-20.39.25:434][742]LogModuleManager: Shutting down and abandoning module MovieSceneTools (118)
[2015.03.06-20.39.25:434][742]LogModuleManager: Shutting down and abandoning module OutputLog (117)
[2015.03.06-20.39.25:434][742]LogModuleManager: Shutting down and abandoning module GammaUI (116)
[2015.03.06-20.39.25:434][742]LogModuleManager: Shutting down and abandoning module Documentation (115)
[2015.03.06-20.39.25:434][742]LogModuleManager: Shutting down and abandoning module GameLiveStreaming (114)
[2015.03.06-20.39.25:434][742]LogModuleManager: Shutting down and abandoning module StreamingPauseRendering (113)
[2015.03.06-20.39.25:434][742]LogModuleManager: Shutting down and abandoning module HTTP (112)
[2015.03.06-20.39.25:435][742]LogModuleManager: Shutting down and abandoning module AnalyticsET (111)
[2015.03.06-20.39.25:435][742]LogModuleManager: Shutting down and abandoning module Analytics (110)
[2015.03.06-20.39.25:435][742]LogModuleManager: Shutting down and abandoning module AITestSuite (109)
[2015.03.06-20.39.25:435][742]LogModuleManager: Shutting down and abandoning module GameplayDebugger (108)
[2015.03.06-20.39.25:435][742]LogModuleManager: Shutting down and abandoning module AIModule (107)
[2015.03.06-20.39.25:435][742]LogModuleManager: Shutting down and abandoning module ProfilerService (106)
[2015.03.06-20.39.25:642][742]LogModuleManager: Shutting down and abandoning module TaskGraph (105)
[2015.03.06-20.39.25:642][742]LogModuleManager: Shutting down and abandoning module SlateRemote (104)
[2015.03.06-20.39.25:642][742]LogModuleManager: Shutting down and abandoning module ScriptEditorPlugin (103)
[2015.03.06-20.39.25:642][742]LogModuleManager: Shutting down and abandoning module CustomMeshComponent (102)
[2015.03.06-20.39.25:642][742]LogModuleManager: Shutting down and abandoning module CableComponent (101)
[2015.03.06-20.39.25:642][742]LogModuleManager: Shutting down and abandoning module MessagingDebugger (100)
[2015.03.06-20.39.25:643][742]LogModuleManager: Shutting down and abandoning module MediaPlayerEditor (99)
[2015.03.06-20.39.25:643][742]LogModuleManager: Shutting down and abandoning module SpeedTreeImporter (98)
[2015.03.06-20.39.25:643][742]LogModuleManager: Shutting down and abandoning module PluginsEditor (97)
[2015.03.06-20.39.25:643][742]LogModuleManager: Shutting down and abandoning module MainFrame (96)
[2015.03.06-20.39.25:643][742]LogModuleManager: Shutting down and abandoning module EpicSurvey (95)
[2015.03.06-20.39.25:643][742]LogModuleManager: Shutting down and abandoning module DesktopPlatform (94)
[2015.03.06-20.39.25:643][742]LogModuleManager: Shutting down and abandoning module DirectoryWatcher (93)
[2015.03.06-20.39.25:644][742]LogModuleManager: Shutting down and abandoning module HotReload (92)
[2015.03.06-20.39.25:644][742]LogModuleManager: Shutting down and abandoning module VisualStudioSourceCodeAccess (91)
[2015.03.06-20.39.25:644][742]LogModuleManager: Shutting down and abandoning module UObjectPlugin (90)
[2015.03.06-20.39.25:644][742]LogModuleManager: Shutting down and abandoning module SubversionSourceControl (89)
[2015.03.06-20.39.25:644][742]LogModuleManager: Shutting down and abandoning module PerforceSourceControl (88)
[2015.03.06-20.39.25:644][742]LogModuleManager: Shutting down and abandoning module SourceControl (87)
[2015.03.06-20.39.25:644][742]LogModuleManager: Shutting down and abandoning module GitSourceControl (86)
[2015.03.06-20.39.25:644][742]LogModuleManager: Shutting down and abandoning module BlankPlugin (85)
[2015.03.06-20.39.25:644][742]LogModuleManager: Shutting down and abandoning module PaperTiledImporter (84)
[2015.03.06-20.39.25:644][742]LogModuleManager: Shutting down and abandoning module PaperJsonImporter (83)
[2015.03.06-20.39.25:644][742]LogModuleManager: Shutting down and abandoning module ContentBrowser (82)
[2015.03.06-20.39.25:646][742]LogModuleManager: Shutting down and abandoning module Paper2DEditor (81)
[2015.03.06-20.39.25:647][742]LogModuleManager: Shutting down and abandoning module ScriptPlugin (80)
[2015.03.06-20.39.25:647][742]LogModuleManager: Shutting down and abandoning module UdpMessaging (79)
[2015.03.06-20.39.25:747][742]LogModuleManager: Shutting down and abandoning module Paper2D (78)
[2015.03.06-20.39.25:747][742]LogModuleManager: Shutting down and abandoning module WindowsMoviePlayer (77)
[2015.03.06-20.39.25:753][742]LogModuleManager: Shutting down and abandoning module Media (76)
[2015.03.06-20.39.25:754][742]LogModuleManager: Shutting down and abandoning module WmfMedia (75)
[2015.03.06-20.39.25:754][742]LogModuleManager: Shutting down and abandoning module OnlineBlueprintSupport (74)
[2015.03.06-20.39.25:754][742]LogModuleManager: Shutting down and abandoning module PropertyEditor (73)
[2015.03.06-20.39.25:755][742]LogModuleManager: Shutting down and abandoning module BehaviorTreeEditor (72)
[2015.03.06-20.39.25:755][742]LogModuleManager: Shutting down and abandoning module FunctionalTesting (71)
[2015.03.06-20.39.25:755][742]LogModuleManager: Shutting down and abandoning module CollisionAnalyzer (70)
[2015.03.06-20.39.25:755][742]LogModuleManager: Shutting down and abandoning module WorkspaceMenuStructure (69)
[2015.03.06-20.39.25:755][742]LogModuleManager: Shutting down and abandoning module MessageLog (68)
[2015.03.06-20.39.25:755][742]LogModuleManager: Shutting down and abandoning module Sequencer (67)
[2015.03.06-20.39.25:755][742]LogModuleManager: Shutting down and abandoning module AssetTools (66)
[2015.03.06-20.39.25:755][742]LogModuleManager: Shutting down and abandoning module UMGEditor (65)
[2015.03.06-20.39.25:755][742]LogModuleManager: Shutting down and abandoning module UMG (64)
[2015.03.06-20.39.25:755][742]LogModuleManager: Shutting down and abandoning module Slate (63)
[2015.03.06-20.39.25:755][742]LogModuleManager: Shutting down and abandoning module EditorStyle (62)
[2015.03.06-20.39.25:768][742]LogModuleManager: Shutting down and abandoning module SessionServices (61)
[2015.03.06-20.39.25:768][742]LogModuleManager: Shutting down and abandoning module SourceCodeAccess (60)
[2015.03.06-20.39.25:768][742]LogModuleManager: Shutting down and abandoning module HeadMountedDisplay (59)
[2015.03.06-20.39.25:768][742]LogModuleManager: Shutting down and abandoning module XAudio2 (58)
[2015.03.06-20.39.25:768][742]LogModuleManager: Shutting down and abandoning module Networking (56)
[2015.03.06-20.39.25:768][742]LogModuleManager: Shutting down and abandoning module Core (55)
[2015.03.06-20.39.25:768][742]LogModuleManager: Shutting down and abandoning module KismetCompiler (54)
[2015.03.06-20.39.25:768][742]LogModuleManager: Shutting down and abandoning module PhysXFormats (53)
[2015.03.06-20.39.25:768][742]LogModuleManager: Shutting down and abandoning module MeshUtilities (52)
[2015.03.06-20.39.25:768][742]LogModuleManager: Shutting down and abandoning module DerivedDataCache (51)
[2015.03.06-20.39.25:834][742]LogDerivedDataCache: Shutdown
[2015.03.06-20.39.25:834][742]LogModuleManager: Shutting down and abandoning module ShaderFormatOpenGL (50)
[2015.03.06-20.39.25:834][742]LogModuleManager: Shutting down and abandoning module ShaderFormatD3D (49)
[2015.03.06-20.39.25:834][742]LogModuleManager: Shutting down and abandoning module MetalShaderFormat (48)
[2015.03.06-20.39.25:834][742]LogModuleManager: Shutting down and abandoning module TextureFormatUncompressed (47)
[2015.03.06-20.39.25:834][742]LogModuleManager: Shutting down and abandoning module TextureFormatPVR (46)
[2015.03.06-20.39.25:834][742]LogModuleManager: Shutting down and abandoning module TextureFormatIntelISPCTexComp (45)
[2015.03.06-20.39.25:834][742]LogModuleManager: Shutting down and abandoning module TextureFormatDXT (44)
[2015.03.06-20.39.25:834][742]LogModuleManager: Shutting down and abandoning module ImageWrapper (43)
[2015.03.06-20.39.25:834][742]LogModuleManager: Shutting down and abandoning module TextureFormatASTC (42)
[2015.03.06-20.39.25:834][742]LogModuleManager: Shutting down and abandoning module TextureFormatAndroid (41)
[2015.03.06-20.39.25:834][742]LogModuleManager: Shutting down and abandoning module AudioFormatOpus (40)
[2015.03.06-20.39.25:834][742]LogModuleManager: Shutting down and abandoning module AudioFormatOgg (39)
[2015.03.06-20.39.25:834][742]LogModuleManager: Shutting down and abandoning module AudioFormatADPCM (38)
[2015.03.06-20.39.25:834][742]LogModuleManager: Shutting down and abandoning module LinuxTargetPlatform (37)
[2015.03.06-20.39.25:834][742]LogModuleManager: Shutting down and abandoning module LinuxServerTargetPlatform (36)
[2015.03.06-20.39.25:835][742]LogModuleManager: Shutting down and abandoning module LinuxNoEditorTargetPlatform (35)
[2015.03.06-20.39.25:835][742]LogModuleManager: Shutting down and abandoning module Messaging (34)
[2015.03.06-20.39.25:835][742]LogModuleManager: Shutting down and abandoning module IOSTargetPlatform (33)
[2015.03.06-20.39.25:835][742]LogModuleManager: Shutting down and abandoning module HTML5TargetPlatform (32)
[2015.03.06-20.39.25:835][742]LogModuleManager: Shutting down and abandoning module Android_PVRTCTargetPlatform (31)
[2015.03.06-20.39.25:835][742]LogModuleManager: Shutting down and abandoning module Android_ETC2TargetPlatform (30)
[2015.03.06-20.39.25:835][742]LogModuleManager: Shutting down and abandoning module Android_ETC1TargetPlatform (29)
[2015.03.06-20.39.25:835][742]LogModuleManager: Shutting down and abandoning module Android_ES31TargetPlatform (28)
[2015.03.06-20.39.25:835][742]LogModuleManager: Shutting down and abandoning module Android_DXTTargetPlatform (27)
[2015.03.06-20.39.25:835][742]LogModuleManager: Shutting down and abandoning module Android_ATCTargetPlatform (26)
[2015.03.06-20.39.25:835][742]LogModuleManager: Shutting down and abandoning module AndroidTargetPlatform (25)
[2015.03.06-20.39.25:835][742]LogModuleManager: Shutting down and abandoning module WindowsTargetPlatform (24)
[2015.03.06-20.39.25:835][742]LogModuleManager: Shutting down and abandoning module WindowsServerTargetPlatform (23)
[2015.03.06-20.39.25:835][742]LogModuleManager: Shutting down and abandoning module WindowsNoEditorTargetPlatform (22)
[2015.03.06-20.39.25:835][742]LogModuleManager: Shutting down and abandoning module WindowsClientTargetPlatform (21)
[2015.03.06-20.39.25:835][742]LogModuleManager: Shutting down and abandoning module TargetPlatform (20)
[2015.03.06-20.39.25:835][742]LogModuleManager: Shutting down and abandoning module InputCore (19)
[2015.03.06-20.39.25:835][742]LogModuleManager: Shutting down and abandoning module Settings (18)
[2015.03.06-20.39.25:835][742]LogModuleManager: Shutting down and abandoning module OnlineSubsystem (16)
[2015.03.06-20.39.25:835][742]LogModuleManager: Shutting down and abandoning module OculusRift (15)
[2015.03.06-20.39.25:835][742]LogModuleManager: Shutting down and abandoning module ExampleDeviceProfileSelector (14)
[2015.03.06-20.39.25:835][742]LogModuleManager: Shutting down and abandoning module TextureCompressor (13)
[2015.03.06-20.39.25:836][742]LogModuleManager: Shutting down and abandoning module ShaderCore (12)
[2015.03.06-20.39.25:836][742]LogModuleManager: Shutting down and abandoning module Landscape (11)
[2015.03.06-20.39.25:836][742]LogModuleManager: Shutting down and abandoning module SlateRHIRenderer (10)
[2015.03.06-20.39.25:841][742]LogModuleManager: Shutting down and abandoning module OpenGLDrv (9)
[2015.03.06-20.39.25:841][742]LogModuleManager: Shutting down and abandoning module D3D11RHI (8)
[2015.03.06-20.39.25:841][742]LogModuleManager: Shutting down and abandoning module Renderer (7)
[2015.03.06-20.39.25:841][742]LogModuleManager: Shutting down and abandoning module Engine (6)
[2015.03.06-20.39.25:841][742]LogModuleManager: Shutting down and abandoning module CoreUObject (5)
[2015.03.06-20.39.25:841][742]LogModuleManager: Shutting down and abandoning module NetworkFile (4)
[2015.03.06-20.39.25:841][742]LogModuleManager: Shutting down and abandoning module StreamingFile (3)
[2015.03.06-20.39.25:841][742]LogModuleManager: Shutting down and abandoning module SandboxFile (2)
[2015.03.06-20.39.25:841][742]LogModuleManager: Shutting down and abandoning module PakFile (1)
[2015.03.06-20.39.25:843][742]LogExit: Exiting.
[2015.03.06-20.39.25:919][742]Log file closed, 03/06/15 14:39:25
