Log file open, 03/26/15 14:24:19
LogInit:Display: Running engine for game: ENPo
LogInit: Version: 4.7.3-2479750+++depot+UE4-Releases+4.7
LogInit: API Version: 2455222
LogInit: Compiled (64-bit): Mar 15 2015 23:20:45
LogInit: Compiled with Visual C++: 18.00.21005.01
LogInit: Build Configuration: Development
LogInit: Branch Name: ++depot+UE4-Releases+4.7
LogInit: Command line:  
LogInit: Base directory: C:/Program Files/Epic Games/4.7/Engine/Binaries/Win64/
LogInit: Rocket: 1
[2015.03.26-19.24.19:026][  0]LogTaskGraph: Started task graph with 3 named threads and 6 total threads.
[2015.03.26-19.24.19:101][  0]LogOnline:Warning: No default platform service specified for OnlineSubsystem
[2015.03.26-19.24.19:131][  0]LogInit: Presizing for 0 objects not considered by GC, pre-allocating 0 bytes.
[2015.03.26-19.24.19:144][  0]LogInit: Object subsystem initialized
[2015.03.26-19.24.19:145][  0]LogConsoleResponse:Warning: Skipping Unknown console variable: 'TranslucentSortAxis = (X=0.000000,Y=-1.000000,Z=0.000000)'
[2015.03.26-19.24.19:145][  0]LogConsoleResponse:Warning:   Found in ini file 'C:/Users/Jeremy Martin/Documents/GitHub/turbo-archer/ENPo/Saved/Config/Windows/Engine.ini', in section '[/Script/Engine.RendererSettings]'
[2015.03.26-19.24.19:145][  0]LogConsoleResponse:Warning: Skipping Unknown console variable: 'UIScaleRule = ShortestSide'
[2015.03.26-19.24.19:145][  0]LogConsoleResponse:Warning:   Found in ini file 'C:/Users/Jeremy Martin/Documents/GitHub/turbo-archer/ENPo/Saved/Config/Windows/Engine.ini', in section '[/Script/Engine.RendererSettings]'
[2015.03.26-19.24.19:145][  0]LogConsoleResponse:Warning: Skipping Unknown console variable: 'UIScaleCurve = (EditorCurveData=(Keys=),ExternalCurve=None)'
[2015.03.26-19.24.19:145][  0]LogConsoleResponse:Warning:   Found in ini file 'C:/Users/Jeremy Martin/Documents/GitHub/turbo-archer/ENPo/Saved/Config/Windows/Engine.ini', in section '[/Script/Engine.RendererSettings]'
[2015.03.26-19.24.19:146][  0]LogInit: Selected Device Profile: [Windows]
[2015.03.26-19.24.19:146][  0]LogInit: Applying CVar settings loaded from the selected device profile: [Windows]
[2015.03.26-19.24.19:151][  0]LogInit: Computer: JEREMYMARTIN-PC
[2015.03.26-19.24.19:151][  0]LogInit: User: JeremyMartin
[2015.03.26-19.24.19:151][  0]LogInit: CPU Page size=4096, Cores=4
[2015.03.26-19.24.19:151][  0]LogInit: High frequency timer resolution =2.728212 MHz
[2015.03.26-19.24.19:151][  0]LogMemory: Memory total: Physical=7.9GB (8GB approx) Virtual=8192.0GB
[2015.03.26-19.24.19:151][  0]LogMemory: Platform Memory Stats for Windows
[2015.03.26-19.24.19:151][  0]LogMemory: Process Physical Memory: 48.28 MB used, 48.28 MB peak
[2015.03.26-19.24.19:151][  0]LogMemory: Process Virtual Memory: 24.44 MB used, 24.44 MB peak
[2015.03.26-19.24.19:151][  0]LogMemory: Physical Memory: 2831.52 MB used, 8097.22 MB total
[2015.03.26-19.24.19:151][  0]LogMemory: Virtual Memory: 277.31 MB used, 8388608.00 MB total
[2015.03.26-19.24.19:182][  0]LogD3D11RHI: Found D3D11 adapter 0: Intel(R) HD Graphics 4600 (Feature Level 11_0)
[2015.03.26-19.24.19:182][  0]LogD3D11RHI: Adapter has 2094MB of dedicated video memory, 0MB of dedicated system memory, and 3792MB of shared system memory, 1 output[s]
[2015.03.26-19.24.19:182][  0]LogD3D11RHI: Chosen D3D11 Adapter Id = 0
[2015.03.26-19.24.19:188][  0]LogRHI: Texture pool is 1361 MB (70% of 1945 MB)
[2015.03.26-19.24.19:198][  0]LogD3D11RHI: Async texture creation enabled
[2015.03.26-19.24.19:270][  0]LogTextLocalizationManager: The requested culture ('en_US') has no localization data; parent culture's ('en') localization data will be used.
[2015.03.26-19.24.19:326][  0]LogTextLocalizationManager:Warning: Loading localization resources contain conflicting entries for (Namespace:UICommands, Key:Save_ToolTip):
Resource: (C:/Program Files/Epic Games/4.7/Engine/Content/Localization/Editor/en/Editor.locres) Hash: (-29098895) String: (Saves the current level to disk)
Resource: (C:/Program Files/Epic Games/4.7/Engine/Content/Localization/Engine/en/Engine.locres) Hash: (-1280300587) String: (Save selected data to vlog file)
[2015.03.26-19.24.19:326][  0]LogTextLocalizationManager:Warning: Loading localization resources contain conflicting entries for (Namespace:ContentBrowser, Key:ImportAssetToolTip):
Resource: (C:/Program Files/Epic Games/4.7/Engine/Content/Localization/Editor/en/Editor.locres) Hash: (-630476809) String: (Import to {0}...)
Resource: (C:/Program Files/Epic Games/4.7/Engine/Content/Localization/Editor/en/Editor.locres) Hash: (1271782899) String: (Imports an asset from file to this folder.)
[2015.03.26-19.24.19:405][  0]LogContentStreaming: Texture pool size is 0.000000MB
[2015.03.26-19.24.21:483][  0]LogTargetPlatformManager:Display: Building Assets For Windows
[2015.03.26-19.24.21:933][  0]LogTargetPlatformManager:Display: Building Assets For Windows
[2015.03.26-19.24.21:983][  0]LogDerivedDataCache:Display: Max Cache Size: 512 MB
[2015.03.26-19.24.22:381][  0]LogDerivedDataCache: Loaded boot cache 0.40s 39MB C:/Users/Jeremy Martin/AppData/Local/UnrealEngine/4.7/DerivedDataCache/Boot.ddc.
[2015.03.26-19.24.22:381][  0]LogDerivedDataCache:Display: Loaded Boot cache: C:/Users/Jeremy Martin/AppData/Local/UnrealEngine/4.7/DerivedDataCache/Boot.ddc
[2015.03.26-19.24.22:381][  0]LogDerivedDataCache: FDerivedDataBackendGraph:  Pak pak cache file ../../../../../../Users/Jeremy Martin/Documents/GitHub/turbo-archer/ENPo/DerivedDataCache/DDC.ddp not found, will not use a pak cache.
[2015.03.26-19.24.22:381][  0]LogDerivedDataCache: Unable to find inner node Pak for hierarchical cache Hierarchy.
[2015.03.26-19.24.22:512][  0]LogDerivedDataCache:Display: Pak cache opened for reading ../../../Engine/DerivedDataCache/Compressed.ddp.
[2015.03.26-19.24.22:523][  0]LogDerivedDataCache: Using Local data cache path C:/Users/Jeremy Martin/AppData/Local/UnrealEngine/Common/DerivedDataCache: Writable
[2015.03.26-19.24.22:770][  0]LogMeshUtilities: No automatic mesh reduction module available
[2015.03.26-19.24.22:770][  0]LogMeshUtilities: No automatic mesh merging module available
[2015.03.26-19.24.23:283][  0]LogInit: WinSock: version 1.1 (2.2), MaxSocks=32767, MaxUdp=65467
[2015.03.26-19.24.23:397][  0]LogSlate:Warning: Failed to load font data from '../../../Engine/Content/Slate/Fonts/Roboto-Italic.ttf'
[2015.03.26-19.24.25:919][  0]UdpMessaging: Initializing bridge on interface 0.0.0.0:0 to multicast group 230.0.0.1:6666.
[2015.03.26-19.24.26:120][  0]SourceControl: Info Source control is disabled
[2015.03.26-19.24.26:120][  0]SourceControl: Info Source control is disabled
[2015.03.26-19.24.26:121][  0]SourceControl: Info Source control is disabled
[2015.03.26-19.24.26:121][  0]LogSourceControl: RunCommandInternalRaw: 'git version'
[2015.03.26-19.24.26:121][  0]LogSourceControl: RunCommandInternalRaw: ExecProcess ReturnCode=2 OutResults=''
[2015.03.26-19.24.26:128][  0]SourceControl: Info Source control is disabled
[2015.03.26-19.24.26:281][  0]LogObj: 24231 objects as part of root set at end of initial load.
[2015.03.26-19.24.26:281][  0]LogUObjectAllocator: 5136440 out of 0 bytes used by permanent object pool.
[2015.03.26-19.24.26:350][  0]LogEngine: Initializing Engine...
[2015.03.26-19.24.28:495][  0]LogInit: XAudio2 using 'Speakers / Headphones (Realtek High Definition Audio)' : 2 channels at 48 kHz using 32 bits per sample (channel mask 0x3)
[2015.03.26-19.24.28:597][  0]LogInit: FAudioDevice initialized.
[2015.03.26-19.24.28:627][  0]LogAIModule: Creating AISystem for world NewWorld
[2015.03.26-19.24.28:648][  0]LogDerivedDataCache: Saved boot cache 0.02s 39MB C:/Users/Jeremy Martin/AppData/Local/UnrealEngine/4.7/DerivedDataCache/Boot.ddc.
[2015.03.26-19.24.28:650][  0]LogInit: Texture streaming: Enabled
[2015.03.26-19.24.28:721][  0]LogAnalytics: Creating configured Analytics provider AnalyticsET
[2015.03.26-19.24.28:721][  0]LogAnalytics: ET APIKey = Rocket.Release. APIServer = http://et2.epicgames.com/ET2/. AppVersion = 4.7.3-2479750+++depot+UE4-Releases+4.7
[2015.03.26-19.24.28:721][  0]LogAnalytics: ET APIKey = Rocket.Release. DataRouterUploadURL = https://datarouter-public-service-gamedev.ol.epicgames.net/datarouter/api/v1/public/data. AppVersion = 4.7.3-2479750+++depot+UE4-Releases+4.7
[2015.03.26-19.24.28:721][  0]LogAnalytics: SetUserId 4faf2b8f401686a57575ecb438c58793|93efd1466ca449a7a50c61e21231fb4f|d21d11dd-cad7-4eb6-8377-a86052e53efe
[2015.03.26-19.24.28:722][  0]LogAnalytics: AnalyticsET::StartSession [Rocket.Release]
[2015.03.26-19.24.28:747][  0]LogInit: Transaction tracking system initialized
[2015.03.26-19.24.28:889][  0]BlueprintLog: New page: Editor Load
[2015.03.26-19.24.28:919][  0]LogAssetRegistry: FAssetRegistry took 0.0100 seconds to start up
[2015.03.26-19.24.28:919][  0]LogDirectoryWatcher:Warning: Failed to begin reading directory changes for ../../../Engine/Plugins/Experimental/CharacterAI/Content/. Error: 0
[2015.03.26-19.24.29:389][  0]LogTargetPlatformManager:Display: Building Assets For Windows
[2015.03.26-19.24.29:706][  0]LogTargetPlatformManager:Display: Building Assets For Windows
[2015.03.26-19.24.29:919][  0]LogSlate:Warning: Failed to load font data from '../../../Engine/Content/Editor/Slate/Fonts/Roboto-Regular.ttf'
[2015.03.26-19.24.29:919][  0]LogSlate:Warning: Failed to load font data from '../../../Engine/Content/Editor/Slate/Fonts/Roboto-Bold.ttf'
[2015.03.26-19.24.29:967][  0]LogConsoleResponse:Display: 
[2015.03.26-19.24.30:115][  0]LogCook:Display: Done creating registry. It took  0.00s.
[2015.03.26-19.24.30:243][  0]SourceControl: Info Source control is disabled
[2015.03.26-19.24.30:243][  0]Cmd: MAP LOAD FILE="../../../../../../Users/Jeremy Martin/Documents/GitHub/turbo-archer/ENPo/Content/PuzzleBP/Maps/PuzzleExampleMap.umap" TEMPLATE=0 SHOWPROGRESS=1 FEATURELEVEL=3
[2015.03.26-19.24.30:243][  0]LightingResults: New page: Lighting Build
[2015.03.26-19.24.30:253][  0]MapCheck: New page: Map Check
[2015.03.26-19.24.30:253][  0]LightingResults: New page: Lighting Build
[2015.03.26-19.24.30:259][  0]LogParticles: Destroying 0 GPU particle simulations for FXSystem 0x0000000004130D60
[2015.03.26-19.24.30:479][  0]LogBlueprint:Warning: [compiler] Warning Node  Unknown  is not referencing a valid level actor
[2015.03.26-19.24.30:480][  0]LogBlueprint:Warning: [compiler] Warning [0013.15] Compile of PuzzleExampleMap successful, but with 1 Warning(s) [in 5 ms]
[2015.03.26-19.24.30:480][  0]LogBlueprint:Warning: [compiler] Warning [0013.15] Compile of PuzzleExampleMap successful, but with 2 Warning(s) [in 0 ms]
[2015.03.26-19.24.30:480][  0]LogBlueprint:Warning: [compiler] Warning [0013.15] Compile of PuzzleExampleMap successful, but with 3 Warning(s) [in 0 ms]
[2015.03.26-19.24.30:480][  0]LogBlueprint:Warning: [compiler] Warning [0013.15] Compile of PuzzleExampleMap successful, but with 4 Warning(s) [in 0 ms]
[2015.03.26-19.24.30:485][  0]LogBlueprint:Warning: [compiler] Warning Node  Unknown  is not referencing a valid level actor
[2015.03.26-19.24.30:486][  0]LogBlueprint:Warning: [compiler] Warning [0013.15] Compile of PuzzleExampleMap successful, but with 1 Warning(s) [in 5 ms]
[2015.03.26-19.24.30:486][  0]LogBlueprint:Warning: [compiler] Warning [0013.15] Compile of PuzzleExampleMap successful, but with 2 Warning(s) [in 0 ms]
[2015.03.26-19.24.30:611][  0]LogEditorServer: Finished looking for orphan Actors (0.000 secs)
[2015.03.26-19.24.30:636][  0]LogAIModule: Creating AISystem for world PuzzleExampleMap
[2015.03.26-19.24.30:637][  0]Cmd: MAP CHECKDEP
[2015.03.26-19.24.30:637][  0]MapCheck: New page: PuzzleExampleMap - Mar 26, 2015, 9:24:30 AM
[2015.03.26-19.24.30:701][  0]MapCheck: Info Map check complete: 0 Error(s), 0 Warning(s), took 63.841ms to complete.
[2015.03.26-19.24.30:701][  0]LogFileHelpers: Loading map 'PuzzleExampleMap' took 0.458
[2015.03.26-19.24.30:904][  0]LogCollectionManager: Loaded 0 collections in 0.001330 seconds
[2015.03.26-19.24.30:915][  0]LogContentBrowser: Native class hierarchy populated in 0.0112 seconds. Added 1696 classes and 261 folders.
[2015.03.26-19.24.30:935][  0]LogContentBrowser:Verbose: The content browser source was changed by the sources view to '/Classes_Engine/Engine/Classes'
[2015.03.26-19.24.30:948][  0]LogContentBrowser: Native class hierarchy updated for 'SceneOutliner' in 0.0018 seconds. Added 1 classes and 2 folders.
[2015.03.26-19.24.30:999][  0]LogCrashTracker: Crashtracker disabled due to settings.
[2015.03.26-19.24.31:000][  0]LogSlate:Warning: Failed to load font data from 'Veranda'
[2015.03.26-19.24.31:007][  0]LogUObjectGlobals:Warning: Failed to find object 'Class None.'
[2015.03.26-19.24.31:037][  0]LogLoad: Full Startup: 13.70 seconds (BP compile: 0.11 seconds)
[2015.03.26-19.24.31:521][  0]LogRenderer:Warning: Reallocating scene render targets to support 32x32 (Frame:2).
[2015.03.26-19.24.32:216][  0]LogRenderer:Warning: Reallocating scene render targets to support 984x568 (Frame:8).
[2015.03.26-19.24.34:394][  6]LogAssetRegistry: Asset discovery search completed in 5.4846 seconds
[2015.03.26-19.24.43:559][ 96]LogEditorViewport: Clicking on Actor (LMB): StaticMeshActor (Sphere)
[2015.03.26-19.24.47:740][148]LogEditorViewport: Clicking on Actor (LMB): skyB_C (skyB)
[2015.03.26-19.24.52:551][221]LogEditorViewport: Clicking on Actor (LMB): skyB_C (skyB)
[2015.03.26-19.24.53:608][243]LogEditorViewport: Clicking on Actor (LMB): skyB_C (skyB)
[2015.03.26-19.25.03:532][600]LogRenderer:Warning: Reallocating scene render targets to support 1144x896 (Frame:366).
[2015.03.26-19.25.57:695][251]LogActorComponent: UnregisterComponent: (/Engine/Transient.CharMoveComp) Not registered. Aborting.
[2015.03.26-19.26.27:079][639]BlueprintLog: New page: Compile skyB
[2015.03.26-19.26.27:262][639]Cmd: OBJ SAVEPACKAGE PACKAGE="/Game/Blueprints/skyB" FILE="../../../../../../Users/Jeremy Martin/Documents/GitHub/turbo-archer/ENPo/Content/Blueprints/skyB.uasset" SILENT=true
[2015.03.26-19.26.27:429][639]LogSavePackage: Save=152.544968ms
[2015.03.26-19.26.27:429][639]LogSavePackage: Moving '../../../../../../Users/Jeremy Martin/Documents/GitHub/turbo-archer/ENPo/Saved/skyB0BB196EF4E3B735D6DFB82913C4617A9.tmp' to '../../../../../../Users/Jeremy Martin/Documents/GitHub/turbo-archer/ENPo/Content/Blueprints/skyB.uasset'
[2015.03.26-19.26.27:437][639]BlueprintEditorCompileResults: Info [0130.10] Compile of skyB successful! [in 357 ms]
[2015.03.26-19.26.34:861][773]LogEditorViewport: Clicking on Actor (LMB): skyB_C (skyB)
[2015.03.26-19.27.50:783][125]Cmd: TRANSACTION UNDO
[2015.03.26-19.27.50:783][125]LogEditorTransaction: Undo Edit X
[2015.03.26-19.28.21:468][835]Cmd: TRANSACTION UNDO
[2015.03.26-19.28.21:468][835]LogEditorTransaction: Undo Edit Y
[2015.03.26-19.28.30:557][ 46]LogEditorViewport: Clicking on Actor (LMB): skyB_C (skyB)
[2015.03.26-19.29.15:206][ 59]Cmd: TRANSACTION UNDO
[2015.03.26-19.29.15:206][ 59]LogEditorTransaction: Undo Edit X
[2015.03.26-19.30.40:288][839]Cmd: TRANSACTION UNDO
[2015.03.26-19.30.40:288][839]LogEditorTransaction: Undo Move Actors
[2015.03.26-19.30.42:450][985]Cmd: TRANSACTION UNDO
[2015.03.26-19.30.42:450][985]LogEditorTransaction: Undo Set actor location
[2015.03.26-19.30.46:992][ 73]LogEditorViewport: Clicking on Actor (LMB): skyB_C (skyB)
[2015.03.26-19.32.30:145][629]LogEditorViewport: Clicking on Actor (LMB): skyB_C (skyB)
[2015.03.26-19.33.19:977][903]LogEditorViewport: Clicking on Actor (LMB): skyB_C (skyB)
[2015.03.26-19.33.31:463][ 57]LogEditorViewport: Clicking on Actor (LMB): LightmassImportanceVolume (LightmassImportanceVolume)
[2015.03.26-19.34.50:058][286]LogBlueprint:Warning: [compiler] Warning Node  Unknown  is not referencing a valid level actor
[2015.03.26-19.34.50:058][286]LogBlueprint:Warning: [compiler] Warning [0632.69] Compile of PuzzleExampleMap successful, but with 1 Warning(s) [in 6 ms]
[2015.03.26-19.34.50:059][286]LogBlueprint:Warning: [compiler] Warning [0632.69] Compile of PuzzleExampleMap successful, but with 2 Warning(s) [in 0 ms]
[2015.03.26-19.34.50:083][286]LogBlueprint:Warning: [compiler] Warning [0632.72] Compile of PuzzleExampleMap successful, but with 3 Warning(s) [in 24 ms]
[2015.03.26-19.34.50:086][286]LogBlueprint:Warning: [compiler] Warning [0632.72] Compile of PuzzleExampleMap successful, but with 4 Warning(s) [in 2 ms]
[2015.03.26-19.34.50:086][286]LogBlueprint:Warning: [compiler] Warning [0632.72] Compile of PuzzleExampleMap successful, but with 5 Warning(s) [in 0 ms]
[2015.03.26-19.34.50:086][286]LogBlueprint:Warning: [compiler] Warning [0632.72] Compile of PuzzleExampleMap successful, but with 6 Warning(s) [in 0 ms]
[2015.03.26-19.34.50:133][286]LogSavePackage: Save=82.074265ms
[2015.03.26-19.34.50:133][286]LogSavePackage: Moving '../../../../../../Users/Jeremy Martin/Documents/GitHub/turbo-archer/ENPo/Saved/PuzzleExampleMap_Auto1EE6C9E1F4E6F4E2E6F0E3F966C13D461.tmp' to '../../../../../../Users/Jeremy Martin/Documents/GitHub/turbo-archer/ENPo/Saved/Autosaves/Game/PuzzleBP/Maps/PuzzleExampleMap_Auto1.umap'
[2015.03.26-19.34.50:151][286]LogFileHelpers: Editor autosave (incl. sublevels) for '/Game/PuzzleBP/Maps/PuzzleExampleMap' took 0.205
[2015.03.26-19.34.50:151][286]LogFileHelpers: Editor autosave (incl. sublevels) for all levels took 0.205
[2015.03.26-19.34.50:189][286]OBJ SavePackage: Generating thumbnails for [1] asset(s) in package [/Game/Blueprints/skyB] ([1] browsable assets)...
[2015.03.26-19.34.50:243][286]OBJ SavePackage:     Rendered thumbnail for [Blueprint /Game/Blueprints/skyB.skyB]
[2015.03.26-19.34.50:243][286]OBJ SavePackage: Finished generating thumbnails for package [/Game/Blueprints/skyB]
[2015.03.26-19.34.50:474][286]LogSavePackage: Save=218.243301ms
[2015.03.26-19.34.50:474][286]LogSavePackage: Moving '../../../../../../Users/Jeremy Martin/Documents/GitHub/turbo-archer/ENPo/Saved/skyB_Auto1113B5AE94E4B3D8DF756C5A335530FDF.tmp' to '../../../../../../Users/Jeremy Martin/Documents/GitHub/turbo-archer/ENPo/Saved/Autosaves/Game/Blueprints/skyB_Auto1.uasset'
[2015.03.26-19.34.50:480][286]LogFileHelpers: Auto-saving content packages took 0.329
[2015.03.26-19.34.56:182][375]LogBlueprint:Warning: [compiler] Warning Node  Unknown  is not referencing a valid level actor
[2015.03.26-19.34.56:182][375]LogBlueprint:Warning: [compiler] Warning [0638.81] Compile of PuzzleExampleMap successful, but with 1 Warning(s) [in 6 ms]
[2015.03.26-19.34.56:183][375]LogBlueprint:Warning: [compiler] Warning [0638.82] Compile of PuzzleExampleMap successful, but with 2 Warning(s) [in 0 ms]
[2015.03.26-19.34.56:208][375]LogBlueprint:Warning: [compiler] Warning [0638.84] Compile of PuzzleExampleMap successful, but with 3 Warning(s) [in 24 ms]
[2015.03.26-19.34.56:210][375]LogBlueprint:Warning: [compiler] Warning [0638.84] Compile of PuzzleExampleMap successful, but with 4 Warning(s) [in 2 ms]
[2015.03.26-19.34.56:210][375]LogBlueprint:Warning: [compiler] Warning [0638.84] Compile of PuzzleExampleMap successful, but with 5 Warning(s) [in 0 ms]
[2015.03.26-19.34.56:210][375]LogBlueprint:Warning: [compiler] Warning [0638.84] Compile of PuzzleExampleMap successful, but with 6 Warning(s) [in 0 ms]
[2015.03.26-19.34.56:257][375]LogSavePackage: Save=82.736603ms
[2015.03.26-19.34.56:257][375]LogSavePackage: Moving '../../../../../../Users/Jeremy Martin/Documents/GitHub/turbo-archer/ENPo/Saved/PuzzleExampleMapEB85DA3F403F5A3C89EB9C909950B520.tmp' to '../../../../../../Users/Jeremy Martin/Documents/GitHub/turbo-archer/ENPo/Content/PuzzleBP/Maps/PuzzleExampleMap.umap'
[2015.03.26-19.34.58:459][410]Cmd: OBJ SAVEPACKAGE PACKAGE="/Game/Blueprints/skyB" FILE="../../../../../../Users/Jeremy Martin/Documents/GitHub/turbo-archer/ENPo/Content/Blueprints/skyB.uasset" SILENT=true
[2015.03.26-19.34.58:485][410]LogSavePackage: Save=10.843366ms
[2015.03.26-19.34.58:485][410]LogSavePackage: Moving '../../../../../../Users/Jeremy Martin/Documents/GitHub/turbo-archer/ENPo/Saved/skyB1CFA73944264A133598923A9A568794A.tmp' to '../../../../../../Users/Jeremy Martin/Documents/GitHub/turbo-archer/ENPo/Content/Blueprints/skyB.uasset'
[2015.03.26-19.35.59:648][342]LogEditorViewport: Clicking on Actor (LMB): StaticMeshActor (Cube)
[2015.03.26-19.36.01:966][370]Cmd: DELETE
[2015.03.26-19.36.01:966][370]Cmd: ACTOR DELETE
[2015.03.26-19.36.02:006][370]LogEditorActor: Deleted Actor: StaticMeshActor
[2015.03.26-19.36.02:016][370]LogActorComponent: UnregisterComponent: (/Engine/Transient.CharMoveComp) Not registered. Aborting.
[2015.03.26-19.36.02:055][370]LogEditorActor: Deleted 1 Actors (0.071 secs)
[2015.03.26-19.36.03:647][389]LogEditorViewport: Clicking on Actor (LMB): StaticMeshActor (Sphere)
[2015.03.26-19.36.04:369][399]Cmd: DELETE
[2015.03.26-19.36.04:369][399]Cmd: ACTOR DELETE
[2015.03.26-19.36.04:370][399]LogEditorActor: Deleted Actor: StaticMeshActor
[2015.03.26-19.36.04:387][399]LogEditorActor: Deleted 1 Actors (0.018 secs)
[2015.03.26-19.36.08:530][449]LogEditorViewport: Clicking on Actor (LMB): StaticMeshActor (Cylinder)
[2015.03.26-19.36.11:651][485]LogEditorViewport: Clicking on Actor (LMB): StaticMeshActor (Cylinder)
[2015.03.26-19.36.12:567][498]Cmd: DELETE
[2015.03.26-19.36.12:567][498]Cmd: ACTOR DELETE
[2015.03.26-19.36.12:569][498]LogEditorActor: Deleted Actor: StaticMeshActor
[2015.03.26-19.36.12:612][498]LogEditorActor: Deleted 1 Actors (0.045 secs)
[2015.03.26-19.36.13:829][513]LogEditorViewport: Clicking on Actor (LMB): StaticMeshActor (Cone)
[2015.03.26-19.36.14:678][523]Cmd: DELETE
[2015.03.26-19.36.14:678][523]Cmd: ACTOR DELETE
[2015.03.26-19.36.14:680][523]LogEditorActor: Deleted Actor: StaticMeshActor
[2015.03.26-19.36.14:709][523]LogEditorActor: Deleted 1 Actors (0.031 secs)
[2015.03.26-19.36.45:534][258]MapCheck: New page: Map Check
[2015.03.26-19.36.45:688][258]LightingResults: New page: Lighting Build - Mar 26, 2015, 9:36:45 AM
[2015.03.26-19.36.48:915][258]LogStaticLightingSystem: Running Lightmass w/ ImmediateImport mode ENABLED
[2015.03.26-19.36.48:915][258]LogStaticLightingSystem: Running Lightmass w/ ImmediateProcess mode ENABLED
[2015.03.26-19.36.48:915][258]LogStaticLightingSystem: Running Lightmass w/ Sorting mode ENABLED
[2015.03.26-19.36.48:915][258]LogStaticLightingSystem: Running Lightmass w/ Mapping paddings ENABLED
[2015.03.26-19.36.48:915][258]LogStaticLightingSystem: Running Lightmass w/ Mapping debug paddings DISABLED
[2015.03.26-19.36.49:115][258]LogEditorBuildUtils: Build time 0:00:03
[2015.03.26-19.36.54:837][320]Job is a success!
[2015.03.26-19.36.55:605][322]LogTexture:Display: Building textures: SkyOcclusion0_1 (AutoDXT)
[2015.03.26-19.36.55:656][322]LogTexture:Display: Building textures: LQ_Lightmap_0_1 (DXT1)
[2015.03.26-19.36.55:729][322]LogTexture:Display: Building textures: HQ_Lightmap0_1 (AutoDXT)
[2015.03.26-19.36.56:059][322]LogTexture:Display: Building textures: ShadowMapTexture2D_0 (BGRA8)
[2015.03.26-19.36.56:384][322]Lightmass on JEREMYMARTIN-PC: 5.45 sec total, 166 ms importing, 0 ms setup, 611 ms photons, 4.60 sec processing, 0 ms extra exporting [6/6 mappings]. Threads: 32.0 sec total, 4.67 sec processing.
[2015.03.26-19.36.56:430][322]LogStaticLightingSystem: Illumination: 10.5 sec (554 ms encoding lightmaps)
[2015.03.26-19.36.56:430][322]LogStaticLightingSystem: Lightmap texture memory:  1.3 MB (0.0 MB streaming, 1.3 MB non-streaming), 2 textures
[2015.03.26-19.36.56:430][322]LogStaticLightingSystem: Shadowmap texture memory: 2.7 MB (0.0 MB streaming, 2.7 MB non-streaming), 1 textures
[2015.03.26-19.36.56:939][323]Cmd: MAP CHECK NOTIFYRESULTS
[2015.03.26-19.36.56:939][323]MapCheck: New page: PuzzleExampleMap - Mar 26, 2015, 9:36:56 AM
[2015.03.26-19.36.57:087][323]MapCheck: Info Map check complete: 0 Error(s), 0 Warning(s), took 148.273ms to complete.
[2015.03.26-19.37.27:293][708]LogTexture:Display: Building textures: Texture2D_2 (G8)
[2015.03.26-19.37.29:288][733]LogActorComponent: UnregisterComponent: (/Engine/Transient.StaticMeshComponent_22) Not registered. Aborting.
[2015.03.26-19.37.43:741][922]Cmd: EDCALLBACK SURFPROPS
[2015.03.26-19.38.02:148][160]LogActorComponent: UnregisterComponent: (/Engine/Transient.StaticMeshComponent_22) Not registered. Aborting.
[2015.03.26-19.38.03:716][184]LogActorComponent: UnregisterComponent: (/Engine/Transient.StaticMeshComponent_22) Not registered. Aborting.
[2015.03.26-19.38.03:719][184]LogTexture:Display: Building textures: Texture2D_3 (G8)
[2015.03.26-19.38.55:679][610]LogEditorViewport: Clicking on Actor (LMB): skyB_C (skyB)
[2015.03.26-19.41.44:441][257]LogEditorViewport: Clicking on Actor (LMB): StaticMeshActor (Cube)
[2015.03.26-19.42.08:492][618]LogEditorViewport: Clicking on Actor (LMB): StaticMeshActor (Cube)
[2015.03.26-19.42.15:927][714]LogEditorViewport: Clicking on Actor (LMB): StaticMeshActor (Cube)
[2015.03.26-19.42.44:741][117]LogEditorViewport: Clicking on Actor (LMB): StaticMeshActor (Cube)
[2015.03.26-19.42.49:488][177]LogEditorViewport: Clicking on Actor (LMB): StaticMeshActor (Cube)
[2015.03.26-19.43.08:597][428]LogEditorViewport: Clicking on Actor (LMB): StaticMeshActor (Cube)
[2015.03.26-19.43.11:528][467]Cmd: DELETE
[2015.03.26-19.43.11:528][467]Cmd: ACTOR DELETE
[2015.03.26-19.43.11:535][467]LogEditorActor: Deleted Actor: StaticMeshActor
[2015.03.26-19.43.11:536][467]LogActorComponent: UnregisterComponent: (/Engine/Transient.CharMoveComp) Not registered. Aborting.
[2015.03.26-19.43.11:607][467]LogEditorActor: Deleted 1 Actors (0.079 secs)
[2015.03.26-19.43.24:209][687]Cmd: BRUSH ADD SELECTNEWBRUSH
[2015.03.26-19.44.13:473][444]LogEditorViewport: Clicking on Actor (LMB): skyB_C (skyB)
[2015.03.26-19.45.10:890][409]LogBlueprint:Warning: [compiler] Warning Node  Unknown  is not referencing a valid level actor
[2015.03.26-19.45.10:891][409]LogBlueprint:Warning: [compiler] Warning [1253.49] Compile of PuzzleExampleMap successful, but with 1 Warning(s) [in 6 ms]
[2015.03.26-19.45.10:892][409]LogBlueprint:Warning: [compiler] Warning [1253.49] Compile of PuzzleExampleMap successful, but with 2 Warning(s) [in 0 ms]
[2015.03.26-19.45.10:917][409]LogBlueprint:Warning: [compiler] Warning [1253.51] Compile of PuzzleExampleMap successful, but with 3 Warning(s) [in 25 ms]
[2015.03.26-19.45.10:919][409]LogBlueprint:Warning: [compiler] Warning [1253.52] Compile of PuzzleExampleMap successful, but with 4 Warning(s) [in 2 ms]
[2015.03.26-19.45.10:920][409]LogBlueprint:Warning: [compiler] Warning [1253.52] Compile of PuzzleExampleMap successful, but with 5 Warning(s) [in 0 ms]
[2015.03.26-19.45.10:920][409]LogBlueprint:Warning: [compiler] Warning [1253.52] Compile of PuzzleExampleMap successful, but with 6 Warning(s) [in 0 ms]
[2015.03.26-19.45.10:966][409]LogSavePackage: Save=81.894661ms
[2015.03.26-19.45.10:966][409]LogSavePackage: Moving '../../../../../../Users/Jeremy Martin/Documents/GitHub/turbo-archer/ENPo/Saved/PuzzleExampleMap_Auto2A6B553234682C6A4A0C0889B322EBBA6.tmp' to '../../../../../../Users/Jeremy Martin/Documents/GitHub/turbo-archer/ENPo/Saved/Autosaves/Game/PuzzleBP/Maps/PuzzleExampleMap_Auto2.umap'
[2015.03.26-19.45.10:979][409]LogFileHelpers: Editor autosave (incl. sublevels) for '/Game/PuzzleBP/Maps/PuzzleExampleMap' took 0.191
[2015.03.26-19.45.10:979][409]LogFileHelpers: Editor autosave (incl. sublevels) for all levels took 0.191
[2015.03.26-19.45.45:391][ 66]LogEditorViewport: Clicking on Actor (LMB): skyB_C (skyB)
[2015.03.26-19.47.07:525][390]LogEditorViewport: Clicking on Actor (context menu): Brush (Box Brush)
[2015.03.26-19.49.22:460][935]LogTexture:Display: Building textures: T_CobbleStone_Smooth_D (AutoDXT)
[2015.03.26-19.49.26:642][935]LogTexture:Display: Building textures: T_CobbleStone_Smooth_M (AutoDXT)
[2015.03.26-19.49.30:569][935]LogTexture:Display: Building textures: T_CobbleStone_Smooth_N (BC5)
[2015.03.26-19.49.31:142][935]LogMaterial: Missing cached shader map for material M_CobbleStone_Smooth, compiling. 
[2015.03.26-19.50.45:744][680]LogEditorViewport: Clicking on Actor (LMB): skyB_C (skyB)
[2015.03.26-19.51.42:228][354]Cmd: DUPLICATE
[2015.03.26-19.51.42:228][354]Cmd: ACTOR DUPLICATE
[2015.03.26-19.53.18:629][290]Cmd: DUPLICATE
[2015.03.26-19.53.18:629][290]Cmd: ACTOR DUPLICATE
[2015.03.26-19.53.18:641][290]LogUObjectHash:Warning: Ambiguous search, could be Model /Game/PuzzleBP/Maps/PuzzleExampleMap.PuzzleExampleMap:PersistentLevel.BoxBrush2.Model_8 or Model /Game/PuzzleBP/Maps/PuzzleExampleMap.PuzzleExampleMap:PersistentLevel.BoxBrush.Model_8
[2015.03.26-19.53.59:800][878]LogEditorViewport: Clicking on Actor (LMB): Brush (Box Brush3)
[2015.03.26-19.55.06:659][955]LogBlueprint:Warning: [compiler] Warning Node  Unknown  is not referencing a valid level actor
[2015.03.26-19.55.06:660][955]LogBlueprint:Warning: [compiler] Warning [1849.22] Compile of PuzzleExampleMap successful, but with 1 Warning(s) [in 6 ms]
[2015.03.26-19.55.06:660][955]LogBlueprint:Warning: [compiler] Warning [1849.22] Compile of PuzzleExampleMap successful, but with 2 Warning(s) [in 0 ms]
[2015.03.26-19.55.06:689][955]LogBlueprint:Warning: [compiler] Warning [1849.25] Compile of PuzzleExampleMap successful, but with 3 Warning(s) [in 28 ms]
[2015.03.26-19.55.06:691][955]LogBlueprint:Warning: [compiler] Warning [1849.25] Compile of PuzzleExampleMap successful, but with 4 Warning(s) [in 2 ms]
[2015.03.26-19.55.06:691][955]LogBlueprint:Warning: [compiler] Warning [1849.25] Compile of PuzzleExampleMap successful, but with 5 Warning(s) [in 0 ms]
[2015.03.26-19.55.06:692][955]LogBlueprint:Warning: [compiler] Warning [1849.25] Compile of PuzzleExampleMap successful, but with 6 Warning(s) [in 0 ms]
[2015.03.26-19.55.06:742][955]LogSavePackage: Save=90.993294ms
[2015.03.26-19.55.06:742][955]LogSavePackage: Moving '../../../../../../Users/Jeremy Martin/Documents/GitHub/turbo-archer/ENPo/Saved/PuzzleExampleMap_Auto30D37D1A947629251A70BF795A5040867.tmp' to '../../../../../../Users/Jeremy Martin/Documents/GitHub/turbo-archer/ENPo/Saved/Autosaves/Game/PuzzleBP/Maps/PuzzleExampleMap_Auto3.umap'
[2015.03.26-19.55.06:749][955]LogFileHelpers: Editor autosave (incl. sublevels) for '/Game/PuzzleBP/Maps/PuzzleExampleMap' took 0.202
[2015.03.26-19.55.06:749][955]LogFileHelpers: Editor autosave (incl. sublevels) for all levels took 0.202
[2015.03.26-19.57.48:642][468]LogEditorViewport: Clicking on Actor (LMB): skyB_C (skyB)
[2015.03.26-19.57.56:854][594]LogEditorViewport: Clicking on Actor (LMB): skyB_C (skyB)
[2015.03.26-19.58.06:515][739]LogEditorViewport: Clicking on Actor (LMB): skyB_C (skyB)
[2015.03.26-19.58.14:434][862]LogEditorViewport: Clicking on Actor (LMB): skyB_C (skyB)
[2015.03.26-19.59.16:116][281]LogEditorViewport: Clicking on Actor (LMB): skyB_C (skyB)
[2015.03.26-20.01.10:586][798]Cmd: DUPLICATE
[2015.03.26-20.01.10:586][798]Cmd: ACTOR DUPLICATE
[2015.03.26-20.01.10:600][798]LogUObjectHash:Warning: Ambiguous search, could be Model /Game/PuzzleBP/Maps/PuzzleExampleMap.PuzzleExampleMap:PersistentLevel.BoxBrush3.Model_8 or Model /Game/PuzzleBP/Maps/PuzzleExampleMap.PuzzleExampleMap:PersistentLevel.BoxBrush2.Model_8
[2015.03.26-20.01.10:600][798]LogUObjectHash:Warning: Ambiguous search, could be Model /Game/PuzzleBP/Maps/PuzzleExampleMap.PuzzleExampleMap:PersistentLevel.BoxBrush3.Model_8 or Model /Game/PuzzleBP/Maps/PuzzleExampleMap.PuzzleExampleMap:PersistentLevel.BoxBrush.Model_8
[2015.03.26-20.01.51:797][374]MapCheck: New page: Map Check
[2015.03.26-20.01.51:838][374]Cmd: MAP REBUILD ALLVISIBLE
[2015.03.26-20.01.51:847][374]LogEditorServer: Rebuildmap Clear paths rebuilt
[2015.03.26-20.01.51:923][374]LogEditorServer: Cleared 1 NULL BSP materials after rebuild.
[2015.03.26-20.01.51:924][374]LightingResults: New page: Lighting Build - Mar 26, 2015, 10:01:51 AM
[2015.03.26-20.01.57:239][374]LogStaticLightingSystem: Running Lightmass w/ ImmediateImport mode ENABLED
[2015.03.26-20.01.57:239][374]LogStaticLightingSystem: Running Lightmass w/ ImmediateProcess mode ENABLED
[2015.03.26-20.01.57:239][374]LogStaticLightingSystem: Running Lightmass w/ Sorting mode ENABLED
[2015.03.26-20.01.57:239][374]LogStaticLightingSystem: Running Lightmass w/ Mapping paddings ENABLED
[2015.03.26-20.01.57:239][374]LogStaticLightingSystem: Running Lightmass w/ Mapping debug paddings DISABLED
[2015.03.26-20.01.57:380][374]LogEditorBuildUtils: Build time 0:00:05
[2015.03.26-20.01.57:464][374]LogMaterial: Missing cached shader map for material FLightmassMaterialRenderer M_CobbleStone_Smooth, compiling. 
[2015.03.26-20.01.57:467][374]LogMaterial: Missing cached shader map for material FLightmassMaterialRenderer M_CobbleStone_Smooth, compiling. 
[2015.03.26-20.02.11:250][594]Job is a success!
[2015.03.26-20.02.11:911][595]LogTexture:Display: Building textures: SkyOcclusion0_1 (AutoDXT)
[2015.03.26-20.02.12:003][595]LogTexture:Display: Building textures: LQ_Lightmap_0_2 (DXT1)
[2015.03.26-20.02.12:083][595]LogTexture:Display: Building textures: HQ_Lightmap0_2 (AutoDXT)
[2015.03.26-20.02.12:286][595]LogTexture:Display: Building textures: SkyOcclusion0_2 (AutoDXT)
[2015.03.26-20.02.12:381][595]LogTexture:Display: Building textures: LQ_Lightmap_0_1 (DXT1)
[2015.03.26-20.02.12:442][595]LogTexture:Display: Building textures: HQ_Lightmap0_1 (AutoDXT)
[2015.03.26-20.02.12:713][595]LogTexture:Display: Building textures: ShadowMapTexture2D_1 (BGRA8)
[2015.03.26-20.02.12:758][595]Lightmass on JEREMYMARTIN-PC: 12.8 sec total, 425 ms importing, 0 ms setup, 6.08 sec photons, 6.16 sec processing, 0 ms extra exporting [33/33 mappings]. Threads: 42.9 sec total, 16.4 sec processing.
[2015.03.26-20.02.12:779][595]LogStaticLightingSystem: Illumination: 20.7 sec (967 ms encoding lightmaps)
[2015.03.26-20.02.12:779][595]LogStaticLightingSystem: Lightmap texture memory:  2.7 MB (0.0 MB streaming, 2.7 MB non-streaming), 4 textures
[2015.03.26-20.02.12:779][595]LogStaticLightingSystem: Shadowmap texture memory: 5.3 MB (0.0 MB streaming, 5.3 MB non-streaming), 2 textures
[2015.03.26-20.02.13:256][596]Cmd: MAP CHECK NOTIFYRESULTS
[2015.03.26-20.02.13:256][596]MapCheck: New page: PuzzleExampleMap - Mar 26, 2015, 10:02:13 AM
[2015.03.26-20.02.14:205][596]MapCheck: Info Map check complete: 0 Error(s), 0 Warning(s), took 948.924ms to complete.
[2015.03.26-20.03.17:731][763]LogEditorViewport: Clicking on Actor (LMB): SkyLight (SkyLight)
[2015.03.26-20.03.23:501][843]LogEditorViewport: Clicking on Actor (context menu): skyB_C (skyB)
[2015.03.26-20.03.24:727][925]LogEditorViewport: Clicking on Actor (LMB): skyB_C (skyB)
[2015.03.26-20.03.35:353][ 76]LogEditorViewport: Clicking on Actor (LMB): SkyLight (SkyLight)
[2015.03.26-20.03.37:973][110]LogEditorViewport: Clicking on Actor (LMB): skyB_C (skyB)
[2015.03.26-20.03.43:567][183]MapCheck: New page: Map Check
[2015.03.26-20.03.43:608][183]Cmd: MAP REBUILD ALLVISIBLE
[2015.03.26-20.03.43:609][183]LogEditorServer: Rebuildmap Clear paths rebuilt
[2015.03.26-20.03.43:678][183]LightingResults: New page: Lighting Build - Mar 26, 2015, 10:03:43 AM
[2015.03.26-20.03.48:803][183]LogStaticLightingSystem: Running Lightmass w/ ImmediateImport mode ENABLED
[2015.03.26-20.03.48:803][183]LogStaticLightingSystem: Running Lightmass w/ ImmediateProcess mode ENABLED
[2015.03.26-20.03.48:803][183]LogStaticLightingSystem: Running Lightmass w/ Sorting mode ENABLED
[2015.03.26-20.03.48:803][183]LogStaticLightingSystem: Running Lightmass w/ Mapping paddings ENABLED
[2015.03.26-20.03.48:803][183]LogStaticLightingSystem: Running Lightmass w/ Mapping debug paddings DISABLED
[2015.03.26-20.03.48:938][183]LogEditorBuildUtils: Build time 0:00:05
[2015.03.26-20.03.59:931][353]Job is a success!
[2015.03.26-20.04.00:656][354]LogTexture:Display: Building textures: SkyOcclusion0_1 (AutoDXT)
[2015.03.26-20.04.00:728][354]LogTexture:Display: Building textures: LQ_Lightmap_0_2 (DXT1)
[2015.03.26-20.04.00:810][354]LogTexture:Display: Building textures: HQ_Lightmap0_2 (AutoDXT)
[2015.03.26-20.04.01:010][354]LogTexture:Display: Building textures: SkyOcclusion0_2 (AutoDXT)
[2015.03.26-20.04.01:105][354]LogTexture:Display: Building textures: LQ_Lightmap_0_1 (DXT1)
[2015.03.26-20.04.01:165][354]LogTexture:Display: Building textures: HQ_Lightmap0_1 (AutoDXT)
[2015.03.26-20.04.01:393][354]LogTexture:Display: Building textures: ShadowMapTexture2D_2 (BGRA8)
[2015.03.26-20.04.01:512][354]Lightmass on JEREMYMARTIN-PC: 11.9 sec total, 152 ms importing, 0 ms setup, 5.80 sec photons, 5.97 sec processing, 0 ms extra exporting [33/33 mappings]. Threads: 41.7 sec total, 14.6 sec processing.
[2015.03.26-20.04.01:521][354]LogStaticLightingSystem: Illumination: 17.6 sec (917 ms encoding lightmaps)
[2015.03.26-20.04.01:521][354]LogStaticLightingSystem: Lightmap texture memory:  2.7 MB (0.0 MB streaming, 2.7 MB non-streaming), 4 textures
[2015.03.26-20.04.01:521][354]LogStaticLightingSystem: Shadowmap texture memory: 8.0 MB (0.0 MB streaming, 8.0 MB non-streaming), 3 textures
[2015.03.26-20.04.12:839][355]Cmd: MAP CHECK NOTIFYRESULTS
[2015.03.26-20.04.12:839][355]MapCheck: New page: PuzzleExampleMap - Mar 26, 2015, 10:04:12 AM
[2015.03.26-20.04.12:924][355]MapCheck: Info Map check complete: 0 Error(s), 0 Warning(s), took 84.818ms to complete.
[2015.03.26-20.04.45:230][783]BlueprintLog: New page: Pre-PIE auto-recompile
[2015.03.26-20.04.45:235][783]LogPlayLevel: [PIE] Compiling skyB before PIE...
[2015.03.26-20.04.45:282][783]LogPlayLevel: [PIE] Compiling PuzzleExampleMap before PIE...
[2015.03.26-20.04.45:289][783]LogBlueprint:Warning: [compiler] Warning Node  Unknown  is not referencing a valid level actor
[2015.03.26-20.04.45:290][783]LogBlueprint:Warning: [compiler] Warning [2427.82] Compile of PuzzleExampleMap successful, but with 1 Warning(s) [in 7 ms]
[2015.03.26-20.04.45:291][783]LogBlueprint:Warning: [compiler] Warning [2427.82] Compile of PuzzleExampleMap successful, but with 2 Warning(s) [in 0 ms]
[2015.03.26-20.04.45:318][783]LogBlueprint:Warning: [compiler] Warning [2427.85] Compile of PuzzleExampleMap successful, but with 3 Warning(s) [in 27 ms]
[2015.03.26-20.04.45:321][783]LogBlueprint:Warning: [compiler] Warning [2427.85] Compile of PuzzleExampleMap successful, but with 4 Warning(s) [in 2 ms]
[2015.03.26-20.04.45:321][783]LogBlueprint:Warning: [compiler] Warning [2427.85] Compile of PuzzleExampleMap successful, but with 5 Warning(s) [in 0 ms]
[2015.03.26-20.04.45:321][783]LogBlueprint:Warning: [compiler] Warning [2427.85] Compile of PuzzleExampleMap successful, but with 6 Warning(s) [in 0 ms]
[2015.03.26-20.04.45:336][783]LogPlayLevel: PIE:  Blueprint regeneration took 106 ms (2 blueprints)
[2015.03.26-20.04.45:337][783]PIE: New page: SIE session: PuzzleExampleMap (Mar 26, 2015, 10:04:45 AM)
[2015.03.26-20.04.45:367][783]LogPlayLevel: PIE: StaticDuplicateObject took: (0.030380s)
[2015.03.26-20.04.45:369][783]LogPlayLevel: PIE: World Init took: (0.001008s)
[2015.03.26-20.04.45:369][783]LogPlayLevel: PIE: Created PIE world by copying editor world from /Game/PuzzleBP/Maps/PuzzleExampleMap.PuzzleExampleMap to /Game/PuzzleBP/Maps/UEDPIE_0_PuzzleExampleMap.PuzzleExampleMap (0.031641s)
[2015.03.26-20.04.45:371][783]LogSelection:Warning: PIE object was selected: "Brush /Game/PuzzleBP/Maps/UEDPIE_0_PuzzleExampleMap.PuzzleExampleMap:PersistentLevel.FloorGeometry"
[2015.03.26-20.04.45:457][783]LogWorld: Game class is 'RunnerGameMode_C'
[2015.03.26-20.04.45:459][783]LogAIModule: Creating AISystem for world PuzzleExampleMap
[2015.03.26-20.04.45:464][783]LogWorld: Bringing World /Game/PuzzleBP/Maps/UEDPIE_0_PuzzleExampleMap.PuzzleExampleMap up for play (max tick rate 0) at 2015.03.26-15.04.45
[2015.03.26-20.04.45:465][783]LogWorld: Bringing up level for play took: 0.005150
[2015.03.26-20.04.45:466][783]LogPawn:Error: EnableInput can only be specified on a Pawn for its Controller
[2015.03.26-20.04.45:467][783]PIE: Info Play in editor start time for /Game/PuzzleBP/Maps/UEDPIE_0_PuzzleExampleMap 1.08
[2015.03.26-20.04.45:492][783]LogSelection:Warning: PIE object was selected: "Brush /Game/PuzzleBP/Maps/UEDPIE_0_PuzzleExampleMap.PuzzleExampleMap:PersistentLevel.FloorGeometry"
[2015.03.26-20.05.28:016][477]LogParticles: Destroying 0 GPU particle simulations for FXSystem 0x000000005AF137E0
[2015.03.26-20.05.32:149][531]LogEditorViewport: Clicking on Actor (LMB): RunnerCharacter_C (RunnerCharacter)
[2015.03.26-20.05.34:682][558]LogEditorViewport: Clicking on Actor (context menu): RunnerCharacter_C (RunnerCharacter)
[2015.03.26-20.05.53:542][980]BlueprintLog: New page: Compile RunnerCharacter
[2015.03.26-20.05.53:829][980]Cmd: OBJ SAVEPACKAGE PACKAGE="/Game/Blueprints/RunnerCharacter" FILE="../../../../../../Users/Jeremy Martin/Documents/GitHub/turbo-archer/ENPo/Content/Blueprints/RunnerCharacter.uasset" SILENT=true
[2015.03.26-20.05.54:257][980]LogSavePackage: Save=415.115845ms
[2015.03.26-20.05.54:257][980]LogSavePackage: Moving '../../../../../../Users/Jeremy Martin/Documents/GitHub/turbo-archer/ENPo/Saved/RunnerCharacterC1443AFB49C61D8CF7BD53B1613AC69D.tmp' to '../../../../../../Users/Jeremy Martin/Documents/GitHub/turbo-archer/ENPo/Content/Blueprints/RunnerCharacter.uasset'
[2015.03.26-20.05.54:264][980]BlueprintEditorCompileResults: Info [2496.79] Compile of RunnerCharacter successful! [in 722 ms]
[2015.03.26-20.06.00:551][ 57]BlueprintLog: New page: Pre-PIE auto-recompile
[2015.03.26-20.06.00:558][ 57]LogPlayLevel: [PIE] Compiling PuzzleExampleMap before PIE...
[2015.03.26-20.06.00:621][ 57]LogBlueprint:Warning: [compiler] Warning Node  Unknown  is not referencing a valid level actor
[2015.03.26-20.06.00:622][ 57]LogBlueprint:Warning: [compiler] Warning [2503.15] Compile of PuzzleExampleMap successful, but with 1 Warning(s) [in 62 ms]
[2015.03.26-20.06.00:622][ 57]LogBlueprint:Warning: [compiler] Warning [2503.15] Compile of PuzzleExampleMap successful, but with 2 Warning(s) [in 0 ms]
[2015.03.26-20.06.00:648][ 57]LogBlueprint:Warning: [compiler] Warning [2503.17] Compile of PuzzleExampleMap successful, but with 3 Warning(s) [in 25 ms]
[2015.03.26-20.06.00:653][ 57]LogBlueprint:Warning: [compiler] Warning [2503.18] Compile of PuzzleExampleMap successful, but with 4 Warning(s) [in 5 ms]
[2015.03.26-20.06.00:653][ 57]LogBlueprint:Warning: [compiler] Warning [2503.18] Compile of PuzzleExampleMap successful, but with 5 Warning(s) [in 0 ms]
[2015.03.26-20.06.00:653][ 57]LogBlueprint:Warning: [compiler] Warning [2503.18] Compile of PuzzleExampleMap successful, but with 6 Warning(s) [in 0 ms]
[2015.03.26-20.06.00:654][ 57]LogActorComponent: UnregisterComponent: (/Engine/Transient.CharMoveComp) Not registered. Aborting.
[2015.03.26-20.06.00:679][ 57]LogPlayLevel: PIE:  Blueprint regeneration took 127 ms (1 blueprints)
[2015.03.26-20.06.00:679][ 57]PIE: New page: SIE session: PuzzleExampleMap (Mar 26, 2015, 10:06:00 AM)
[2015.03.26-20.06.00:726][ 57]LogPlayLevel: PIE: StaticDuplicateObject took: (0.046718s)
[2015.03.26-20.06.00:738][ 57]LogPlayLevel: PIE: World Init took: (0.011642s)
[2015.03.26-20.06.00:738][ 57]LogPlayLevel: PIE: Created PIE world by copying editor world from /Game/PuzzleBP/Maps/PuzzleExampleMap.PuzzleExampleMap to /Game/PuzzleBP/Maps/UEDPIE_0_PuzzleExampleMap.PuzzleExampleMap (0.058600s)
[2015.03.26-20.06.00:790][ 57]LogSelection:Warning: PIE object was selected: "RunnerCharacter_C /Game/PuzzleBP/Maps/UEDPIE_0_PuzzleExampleMap.PuzzleExampleMap:PersistentLevel.RunnerCharacter_C_1"
[2015.03.26-20.06.00:837][ 57]LogWorld: Game class is 'RunnerGameMode_C'
[2015.03.26-20.06.00:840][ 57]LogAIModule: Creating AISystem for world PuzzleExampleMap
[2015.03.26-20.06.00:843][ 57]LogWorld: Bringing World /Game/PuzzleBP/Maps/UEDPIE_0_PuzzleExampleMap.PuzzleExampleMap up for play (max tick rate 0) at 2015.03.26-15.06.00
[2015.03.26-20.06.00:844][ 57]LogWorld: Bringing up level for play took: 0.0