Log file open, 03/06/15 10:10:18
LogInit:Display: Running engine for game: ENPo
LogInit: Version: 4.7.2-2467323+++depot+UE4-Releases+4.7
LogInit: API Version: 2455222
LogInit: Compiled (64-bit): Mar  2 2015 23:16:34
LogInit: Compiled with Visual C++: 18.00.21005.01
LogInit: Build Configuration: Development
LogInit: Branch Name: ++depot+UE4-Releases+4.7
LogInit: Command line:  
LogInit: Base directory: C:/Program Files/Epic Games/4.7/Engine/Binaries/Win64/
LogInit: Rocket: 1
[2015.03.06-16.10.18:061][  0]LogTaskGraph: Started task graph with 3 named threads and 4 total threads.
[2015.03.06-16.10.18:122][  0]LogOnline:Warning: No default platform service specified for OnlineSubsystem
[2015.03.06-16.10.18:562][  0]LogInit: Presizing for 0 objects not considered by GC, pre-allocating 0 bytes.
[2015.03.06-16.10.19:020][  0]LogInit: Object subsystem initialized
[2015.03.06-16.10.19:330][  0]LogConsoleResponse:Warning: Skipping Unknown console variable: 'TranslucentSortAxis = (X=0.000000,Y=-1.000000,Z=0.000000)'
[2015.03.06-16.10.19:330][  0]LogConsoleResponse:Warning:   Found in ini file 'C:/Users/Yardley Gutierrez/Documents/GitHub/New folder/turbo-archer/ENPo/Saved/Config/Windows/Engine.ini', in section '[/Script/Engine.RendererSettings]'
[2015.03.06-16.10.19:330][  0]LogConsoleResponse:Warning: Skipping Unknown console variable: 'UIScaleRule = ShortestSide'
[2015.03.06-16.10.19:330][  0]LogConsoleResponse:Warning:   Found in ini file 'C:/Users/Yardley Gutierrez/Documents/GitHub/New folder/turbo-archer/ENPo/Saved/Config/Windows/Engine.ini', in section '[/Script/Engine.RendererSettings]'
[2015.03.06-16.10.19:330][  0]LogConsoleResponse:Warning: Skipping Unknown console variable: 'UIScaleCurve = (EditorCurveData=(Keys=),ExternalCurve=None)'
[2015.03.06-16.10.19:330][  0]LogConsoleResponse:Warning:   Found in ini file 'C:/Users/Yardley Gutierrez/Documents/GitHub/New folder/turbo-archer/ENPo/Saved/Config/Windows/Engine.ini', in section '[/Script/Engine.RendererSettings]'
[2015.03.06-16.10.19:427][  0]LogInit: Selected Device Profile: [Windows]
[2015.03.06-16.10.19:445][  0]LogInit: Applying CVar settings loaded from the selected device profile: [Windows]
[2015.03.06-16.10.19:624][  0]LogInit: Computer: YARDLEY-PC
[2015.03.06-16.10.19:624][  0]LogInit: User: YardleyGutierrez
[2015.03.06-16.10.19:624][  0]LogInit: CPU Page size=4096, Cores=2
[2015.03.06-16.10.19:624][  0]LogInit: High frequency timer resolution =2.435884 MHz
[2015.03.06-16.10.19:674][  0]LogMemory: Memory total: Physical=3.9GB (4GB approx) Virtual=131072.0GB
[2015.03.06-16.10.19:677][  0]LogMemory: Platform Memory Stats for Windows
[2015.03.06-16.10.19:677][  0]LogMemory: Process Physical Memory: 45.88 MB used, 45.88 MB peak
[2015.03.06-16.10.19:677][  0]LogMemory: Process Virtual Memory: 22.38 MB used, 22.38 MB peak
[2015.03.06-16.10.19:677][  0]LogMemory: Physical Memory: 1944.20 MB used, 4002.70 MB total
[2015.03.06-16.10.19:677][  0]LogMemory: Virtual Memory: 281.68 MB used, 134217728.00 MB total
[2015.03.06-16.10.20:050][  0]LogD3D11RHI: Found D3D11 adapter 0: Intel(R) HD Graphics 4000 (Feature Level 11_0)
[2015.03.06-16.10.20:050][  0]LogD3D11RHI: Adapter has 32MB of dedicated video memory, 0MB of dedicated system memory, and 1760MB of shared system memory, 1 output[s]
[2015.03.06-16.10.20:052][  0]LogD3D11RHI: Found D3D11 adapter 1: Microsoft Basic Render Driver (Feature Level 11_0)
[2015.03.06-16.10.20:052][  0]LogD3D11RHI: Adapter has 0MB of dedicated video memory, 0MB of dedicated system memory, and 256MB of shared system memory, 0 output[s]
[2015.03.06-16.10.20:052][  0]LogD3D11RHI: Chosen D3D11 Adapter Id = 0
[2015.03.06-16.10.20:113][  0]LogRHI: Texture pool is 638 MB (70% of 912 MB)
[2015.03.06-16.10.20:117][  0]LogD3D11RHI: Async texture creation enabled
[2015.03.06-16.10.23:482][  0]LogTextLocalizationManager: The requested culture ('en_US') has no localization data; parent culture's ('en') localization data will be used.
[2015.03.06-16.10.23:886][  0]LogContentStreaming: Texture pool size is 0.000000MB
[2015.03.06-16.10.41:933][  0]LogTargetPlatformManager:Display: Building Assets For Windows
[2015.03.06-16.10.44:416][  0]LogTargetPlatformManager:Display: Building Assets For Windows
[2015.03.06-16.10.44:684][  0]LogDerivedDataCache:Display: Max Cache Size: 512 MB
[2015.03.06-16.10.44:686][  0]LogDerivedDataCache:Display: Starting with empty Boot cache
[2015.03.06-16.10.44:686][  0]LogDerivedDataCache: FDerivedDataBackendGraph:  Pak pak cache file ../../../../../../Users/Yardley Gutierrez/Documents/GitHub/New folder/turbo-archer/ENPo/DerivedDataCache/DDC.ddp not found, will not use a pak cache.
[2015.03.06-16.10.44:686][  0]LogDerivedDataCache: Unable to find inner node Pak for hierarchical cache Hierarchy.
[2015.03.06-16.10.44:948][  0]LogDerivedDataCache:Display: Pak cache opened for reading ../../../Engine/DerivedDataCache/Compressed.ddp.
[2015.03.06-16.10.44:972][  0]LogDerivedDataCache: Using Local data cache path C:/Users/Yardley Gutierrez/AppData/Local/UnrealEngine/Common/DerivedDataCache: Writable
[2015.03.06-16.11.04:148][  0]LogMeshUtilities: No automatic mesh reduction module available
[2015.03.06-16.11.04:148][  0]LogMeshUtilities: No automatic mesh merging module available
[2015.03.06-16.11.17:729][  0]LogInit: WinSock: version 1.1 (2.2), MaxSocks=32767, MaxUdp=65467
[2015.03.06-16.11.18:752][  0]LogSlate:Warning: Failed to load font data from '../../../Engine/Content/Slate/Fonts/Roboto-Italic.ttf'
[2015.03.06-16.11.56:974][  0]UdpMessaging: Initializing bridge on interface 0.0.0.0:0 to multicast group 230.0.0.1:6666.
[2015.03.06-16.11.59:896][  0]SourceControl: Info Source control is disabled
[2015.03.06-16.11.59:903][  0]SourceControl: Info Source control is disabled
[2015.03.06-16.11.59:903][  0]SourceControl: Info Source control is disabled
[2015.03.06-16.11.59:903][  0]LogSourceControl: RunCommandInternalRaw: 'git version'
[2015.03.06-16.11.59:903][  0]LogSourceControl: RunCommandInternalRaw: ExecProcess ReturnCode=2 OutResults=''
[2015.03.06-16.11.59:927][  0]SourceControl: Info Source control is disabled
[2015.03.06-16.12.03:143][  0]LogObj: 24231 objects as part of root set at end of initial load.
[2015.03.06-16.12.03:143][  0]LogUObjectAllocator: 5136440 out of 0 bytes used by permanent object pool.
[2015.03.06-16.12.05:466][  0]LogEngine: Initializing Engine...
[2015.03.06-16.12.09:665][  0]LogInit: XAudio2 using 'Speakers (Cirrus Logic CS4206B (AB 82))' : 4 channels at 48 kHz using 32 bits per sample (channel mask 0x33)
[2015.03.06-16.12.09:772][  0]LogInit: FAudioDevice initialized.
[2015.03.06-16.12.11:076][  0]LogAIModule: Creating AISystem for world NewWorld
[2015.03.06-16.12.11:636][  0]LogDerivedDataCache: Saved boot cache 0.02s 39MB C:/Users/Yardley Gutierrez/AppData/Local/UnrealEngine/4.7/DerivedDataCache/Boot.ddc.
[2015.03.06-16.12.11:839][  0]LogInit: Texture streaming: Enabled
[2015.03.06-16.12.13:238][  0]LogAnalytics: Creating configured Analytics provider AnalyticsET
[2015.03.06-16.12.13:238][  0]LogAnalytics: ET APIKey = Rocket.Release. APIServer = http://et2.epicgames.com/ET2/. AppVersion = 4.7.2-2467323+++depot+UE4-Releases+4.7
[2015.03.06-16.12.13:238][  0]LogAnalytics: ET APIKey = Rocket.Release. DataRouterUploadURL = https://datarouter-public-service-gamedev.ol.epicgames.net/datarouter/api/v1/public/data. AppVersion = 4.7.2-2467323+++depot+UE4-Releases+4.7
[2015.03.06-16.12.13:238][  0]LogAnalytics: SetUserId a0b74a0f40da1d3eef40c6be10647983|277162545ec74c0fafe928678aa70e70|7bb8c1b2-298a-40e0-8e50-56eb0000bfbd
[2015.03.06-16.12.13:279][  0]LogAnalytics: AnalyticsET::StartSession [Rocket.Release]
[2015.03.06-16.12.13:970][  0]LogInit: Transaction tracking system initialized
[2015.03.06-16.12.19:873][  0]BlueprintLog: New page: Editor Load
[2015.03.06-16.12.20:145][  0]LogAssetRegistry: FAssetRegistry took 0.0200 seconds to start up
[2015.03.06-16.12.20:145][  0]LogDirectoryWatcher:Warning: Failed to begin reading directory changes for ../../../Engine/Plugins/Experimental/CharacterAI/Content/. Error: 0
[2015.03.06-16.12.28:823][  0]LogTargetPlatformManager:Display: Building Assets For Windows
[2015.03.06-16.12.29:401][  0]LogTargetPlatformManager:Display: Building Assets For Windows
[2015.03.06-16.12.36:053][  0]LogSlate:Warning: Failed to load font data from '../../../Engine/Content/Editor/Slate/Fonts/Roboto-Regular.ttf'
[2015.03.06-16.12.36:099][  0]LogSlate:Warning: Failed to load font data from '../../../Engine/Content/Editor/Slate/Fonts/Roboto-Bold.ttf'
[2015.03.06-16.12.36:749][  0]LogConsoleResponse:Display: 
[2015.03.06-16.12.43:720][  0]LogCook:Display: Done creating registry. It took  0.00s.
[2015.03.06-16.12.50:712][  0]SourceControl: Info Source control is disabled
[2015.03.06-16.12.51:190][  0]Cmd: MAP LOAD FILE="../../../../../../Users/Yardley Gutierrez/Documents/GitHub/New folder/turbo-archer/ENPo/Content/PuzzleBP/Maps/PuzzleExampleMap.umap" TEMPLATE=0 SHOWPROGRESS=1 FEATURELEVEL=3
[2015.03.06-16.12.51:351][  0]LightingResults: New page: Lighting Build
[2015.03.06-16.12.53:700][  0]MapCheck: New page: Map Check
[2015.03.06-16.12.53:700][  0]LightingResults: New page: Lighting Build
[2015.03.06-16.12.56:897][  0]LogParticles: Destroying 0 GPU particle simulations for FXSystem 0x000000924C6E8D60
[2015.03.06-16.13.14:348][  0]LogBlueprint:Warning: [compiler] Warning Node  Unknown  is not referencing a valid level actor
[2015.03.06-16.13.14:389][  0]LogBlueprint:Warning: [compiler] Warning [0191.02] Compile of PuzzleExampleMap successful, but with 1 Warning(s) [in 264 ms]
[2015.03.06-16.13.14:888][  0]LogBlueprint:Warning: [compiler] Warning [0191.52] Compile of PuzzleExampleMap successful, but with 2 Warning(s) [in 0 ms]
[2015.03.06-16.13.14:888][  0]LogBlueprint:Warning: [compiler] Warning [0191.52] Compile of PuzzleExampleMap successful, but with 3 Warning(s) [in 0 ms]
[2015.03.06-16.13.14:888][  0]LogBlueprint:Warning: [compiler] Warning [0191.52] Compile of PuzzleExampleMap successful, but with 4 Warning(s) [in 0 ms]
[2015.03.06-16.13.15:021][  0]LogBlueprint:Warning: [compiler] Warning Node  Unknown  is not referencing a valid level actor
[2015.03.06-16.13.15:022][  0]LogBlueprint:Warning: [compiler] Warning [0191.65] Compile of PuzzleExampleMap successful, but with 1 Warning(s) [in 8 ms]
[2015.03.06-16.13.15:022][  0]LogBlueprint:Warning: [compiler] Warning [0191.65] Compile of PuzzleExampleMap successful, but with 2 Warning(s) [in 0 ms]
[2015.03.06-16.13.18:865][  0]LogTexture:Display: Building textures: T_CobbleStone_Rough_N (AutoDXT)
[2015.03.06-16.13.21:482][  0]LogTexture:Display: Building textures: T_Gradinet_01 (AutoDXT)
[2015.03.06-16.13.21:714][  0]LogTexture:Display: Building textures: T_Rock_Smooth_Granite_D (AutoDXT)
[2015.03.06-16.13.31:587][  0]LogTexture:Display: Building textures: T_CobbleStone_Rough_D (AutoDXT)
[2015.03.06-16.13.34:439][  0]LogMaterial: Missing cached shader map for material M_CobbleStone_Rough, compiling. 
[2015.03.06-16.13.48:429][  0]LogEditorServer: Finished looking for orphan Actors (0.000 secs)
[2015.03.06-16.13.48:631][  0]LogAIModule: Creating AISystem for world PuzzleExampleMap
[2015.03.06-16.13.49:132][  0]Cmd: MAP CHECKDEP
[2015.03.06-16.13.49:151][  0]MapCheck: New page: PuzzleExampleMap - Mar 6, 2015, 4:13:49 AM
[2015.03.06-16.13.49:616][  0]MapCheck: Info Map check complete: 0 Error(s), 0 Warning(s), took 484.725ms to complete.
[2015.03.06-16.13.49:686][  0]LogFileHelpers: Loading map 'PuzzleExampleMap' took 58.718
[2015.03.06-16.14.09:583][  0]LogCollectionManager: Loaded 0 collections in 0.002158 seconds
[2015.03.06-16.14.09:796][  0]LogContentBrowser: Native class hierarchy populated in 0.2123 seconds. Added 1696 classes and 261 folders.
[2015.03.06-16.14.11:292][  0]LogContentBrowser: Native class hierarchy updated for 'SceneOutliner' in 0.0024 seconds. Added 1 classes and 2 folders.
[2015.03.06-16.14.17:795][  0]LogCrashTracker: Crashtracker disabled due to settings.
[2015.03.06-16.14.18:034][  0]LogSlate:Warning: Failed to load font data from 'Veranda'
[2015.03.06-16.14.20:311][  0]LogLoad: Full Startup: 256.94 seconds (BP compile: 8.75 seconds)
[2015.03.06-16.14.25:929][  0]LogRenderer:Warning: Reallocating scene render targets to support 32x32 (Frame:2).
[2015.03.06-16.14.29:581][  0]LogRenderer:Warning: Reallocating scene render targets to support 688x424 (Frame:3).
[2015.03.06-16.14.30:295][  1]LogContentBrowser:Verbose: The content browser source was changed by the sources view to '/Game/Blueprints'
[2015.03.06-16.14.35:019][  7]LogAssetRegistry: Asset discovery search completed in 134.8948 seconds
[2015.03.06-16.14.46:473][157]BlueprintLog: New page: Pre-PIE auto-recompile
[2015.03.06-16.14.46:483][157]LogPlayLevel: [PIE] Compiling PuzzleExampleMap before PIE...
[2015.03.06-16.14.46:589][157]LogBlueprint:Warning: [compiler] Warning Node  Unknown  is not referencing a valid level actor
[2015.03.06-16.14.46:589][157]LogBlueprint:Warning: [compiler] Warning [0283.22] Compile of PuzzleExampleMap successful, but with 1 Warning(s) [in 105 ms]
[2015.03.06-16.14.46:694][157]LogBlueprint:Warning: [compiler] Warning [0283.33] Compile of PuzzleExampleMap successful, but with 2 Warning(s) [in 0 ms]
[2015.03.06-16.14.47:596][157]LogBlueprint:Warning: [compiler] Warning [0284.23] Compile of PuzzleExampleMap successful, but with 3 Warning(s) [in 833 ms]
[2015.03.06-16.14.47:596][157]LogBlueprint:Warning: [compiler] Warning [0284.23] Compile of PuzzleExampleMap successful, but with 4 Warning(s) [in 0 ms]
[2015.03.06-16.14.47:596][157]LogBlueprint:Warning: [compiler] Warning [0284.23] Compile of PuzzleExampleMap successful, but with 5 Warning(s) [in 0 ms]
[2015.03.06-16.14.47:597][157]LogBlueprint:Warning: [compiler] Warning [0284.23] Compile of PuzzleExampleMap successful, but with 6 Warning(s) [in 0 ms]
[2015.03.06-16.14.47:630][157]LogActorComponent: UnregisterComponent: (/Engine/Transient.CharMoveComp) Not registered. Aborting.
[2015.03.06-16.14.48:967][157]LogPlayLevel: PIE:  Blueprint regeneration took 2493 ms (1 blueprints)
[2015.03.06-16.14.49:028][157]PIE: New page: SIE session: PuzzleExampleMap (Mar 6, 2015, 4:14:49 AM)
[2015.03.06-16.14.49:286][157]LogPlayLevel: PIE: StaticDuplicateObject took: (0.257302s)
[2015.03.06-16.14.49:287][157]LogPlayLevel: PIE: World Init took: (0.000679s)
[2015.03.06-16.14.49:328][157]LogPlayLevel: PIE: Created PIE world by copying editor world from /Game/PuzzleBP/Maps/PuzzleExampleMap.PuzzleExampleMap to /Game/PuzzleBP/Maps/UEDPIE_0_PuzzleExampleMap.PuzzleExampleMap (0.299089s)
[2015.03.06-16.14.49:957][157]LogWorld: Game class is 'RunnerGameMode_C'
[2015.03.06-16.14.50:562][157]LogAIModule: Creating AISystem for world PuzzleExampleMap
[2015.03.06-16.14.50:609][157]LogWorld: Bringing World /Game/PuzzleBP/Maps/UEDPIE_0_PuzzleExampleMap.PuzzleExampleMap up for play (max tick rate 60) at 2015.03.06-10.14.50
[2015.03.06-16.14.50:897][157]LogWorld: Bringing up level for play took: 0.333331
[2015.03.06-16.14.51:120][157]LogGameMode: Warning - PATHS NOT DEFINED or NO PLAYERSTART with positive rating
[2015.03.06-16.14.51:952][157]PIE: Info Play in editor start time for /Game/PuzzleBP/Maps/UEDPIE_0_PuzzleExampleMap 6.053
[2015.03.06-16.15.14:761][881]LogSynthBenchmark:Display: FSynthBenchmark (V0.95):  requested WorkScale=1.00
[2015.03.06-16.15.14:761][881]LogSynthBenchmark:Display: ===============
[2015.03.06-16.15.14:761][881]LogSynthBenchmark:Display: Main Processor:
[2015.03.06-16.15.14:809][881]LogSynthBenchmark:Display:          ... 0.021973 s/Run 'RayIntersect'
[2015.03.06-16.15.14:809][881]LogSynthBenchmark:Display:          ... 0.025870 s/Run 'Fractal'
[2015.03.06-16.15.14:809][881]LogSynthBenchmark:Display: 
[2015.03.06-16.15.14:809][881]LogSynthBenchmark:Display:   CompiledTarget_x_Bits: 64
[2015.03.06-16.15.14:809][881]LogSynthBenchmark:Display:   UE_BUILD_SHIPPING: 0
[2015.03.06-16.15.14:809][881]LogSynthBenchmark:Display:   UE_BUILD_TEST: 0
[2015.03.06-16.15.14:809][881]LogSynthBenchmark:Display:   UE_BUILD_DEBUG: 0
[2015.03.06-16.15.14:809][881]LogSynthBenchmark:Display:   TotalPhysicalGBRam: 4
[2015.03.06-16.15.14:809][881]LogSynthBenchmark:Display:   NumberOfCores (physical): 2
[2015.03.06-16.15.14:809][881]LogSynthBenchmark:Display:   NumberOfCores (logical): 4
[2015.03.06-16.15.14:809][881]LogSynthBenchmark:Display:   CPU Perf Index 0: 116.6
[2015.03.06-16.15.14:809][881]LogSynthBenchmark:Display:   CPU Perf Index 1: 110.6
[2015.03.06-16.15.14:809][881]LogSynthBenchmark:Display:  
[2015.03.06-16.15.14:809][881]LogSynthBenchmark:Display: Graphics:
[2015.03.06-16.15.14:809][881]LogSynthBenchmark:Display:   Adapter Name: 'Intel(R) HD Graphics 4000'
[2015.03.06-16.15.14:809][881]LogSynthBenchmark:Display:   (On Optimus the name might be wrong, memory should be ok)
[2015.03.06-16.15.14:809][881]LogSynthBenchmark:Display:   Vendor Id: 0x8086
[2015.03.06-16.15.14:809][881]LogSynthBenchmark:Display:   GPU Memory: 32/0/1760 MB
[2015.03.06-16.15.14:809][881]LogSynthBenchmark:Display:   CPUIndex: 116.6
[2015.03.06-16.15.14:809][881]LogSynthBenchmark:Display:   GPUIndex: -1.$
[2015.03.06-16.15.14:809][881]LogSynthBenchmark:Display: 
[2015.03.06-16.15.14:809][881]LogSynthBenchmark:Display:          ... Total Time: 0.048352 sec
[2015.03.06-16.15.18:080][976]LogParticles: Destroying 0 GPU particle simulations for FXSystem 0x000000924691D8A0
[2015.03.06-16.16.06:970][110]LogLinker:Warning: Can't find file '/Game/Blueprints/PuzzleGameMode'
[2015.03.06-16.16.06:970][110]LogLinker:Warning: Can't find file '/Game/Blueprints/PuzzleGameMode'
[2015.03.06-16.16.06:970][110]LogUObjectGlobals:Warning: Failed to find object 'Object /Game/Blueprints/PuzzleGameMode.PuzzleGameMode_C'
[2015.03.06-16.16.06:971][110]LogLinker:Warning: Can't find file '/Game/Blueprints/PuzzleGameMode'
[2015.03.06-16.16.06:971][110]LogLinker:Warning: Can't find file '/Game/Blueprints/PuzzleGameMode'
[2015.03.06-16.16.06:972][110]LogUObjectGlobals:Warning: Failed to find object 'Object /Game/Blueprints/PuzzleGameMode.PuzzleGameMode_C'
[2015.03.06-16.16.09:918][255]LogLinker:Warning: Can't find file '/Game/Blueprints/PuzzleGameMode'
[2015.03.06-16.16.09:918][255]LogLinker:Warning: Can't find file '/Game/Blueprints/PuzzleGameMode'
[2015.03.06-16.16.09:918][255]LogUObjectGlobals:Warning: Failed to find object 'Object /Game/Blueprints/PuzzleGameMode.PuzzleGameMode_C'
[2015.03.06-16.16.09:919][255]LogLinker:Warning: Can't find file '/Game/Blueprints/PuzzleGameMode'
[2015.03.06-16.16.09:919][255]LogLinker:Warning: Can't find file '/Game/Blueprints/PuzzleGameMode'
[2015.03.06-16.16.09:919][255]LogUObjectGlobals:Warning: Failed to find object 'Object /Game/Blueprints/PuzzleGameMode.PuzzleGameMode_C'
[2015.03.06-16.18.03:914][573]LogRenderer:Warning: Reallocating scene render targets to support 760x664 (Frame:3127).
[2015.03.06-16.18.21:042][145]BlueprintLog: New page: Pre-PIE auto-recompile
[2015.03.06-16.18.21:049][145]LogPlayLevel: [PIE] Compiling PuzzleExampleMap before PIE...
[2015.03.06-16.18.21:080][145]LogBlueprint:Warning: [compiler] Warning Node  Unknown  is not referencing a valid level actor
[2015.03.06-16.18.21:081][145]LogBlueprint:Warning: [compiler] Warning [0497.71] Compile of PuzzleExampleMap successful, but with 1 Warning(s) [in 30 ms]
[2015.03.06-16.18.21:082][145]LogBlueprint:Warning: [compiler] Warning [0497.71] Compile of PuzzleExampleMap successful, but with 2 Warning(s) [in 0 ms]
[2015.03.06-16.18.21:115][145]LogBlueprint:Warning: [compiler] Warning [0497.75] Compile of PuzzleExampleMap successful, but with 3 Warning(s) [in 32 ms]
[2015.03.06-16.18.21:118][145]LogBlueprint:Warning: [compiler] Warning [0497.75] Compile of PuzzleExampleMap successful, but with 4 Warning(s) [in 3 ms]
[2015.03.06-16.18.21:118][145]LogBlueprint:Warning: [compiler] Warning [0497.75] Compile of PuzzleExampleMap successful, but with 5 Warning(s) [in 0 ms]
[2015.03.06-16.18.21:118][145]LogBlueprint:Warning: [compiler] Warning [0497.75] Compile of PuzzleExampleMap successful, but with 6 Warning(s) [in 0 ms]
[2015.03.06-16.18.21:120][145]LogActorComponent: UnregisterComponent: (/Engine/Transient.CharMoveComp) Not registered. Aborting.
[2015.03.06-16.18.21:182][145]LogPlayLevel: PIE:  Blueprint regeneration took 139 ms (1 blueprints)
[2015.03.06-16.18.21:182][145]PIE: New page: SIE session: PuzzleExampleMap (Mar 6, 2015, 4:18:21 AM)
[2015.03.06-16.18.21:220][145]LogPlayLevel: PIE: StaticDuplicateObject took: (0.037524s)
[2015.03.06-16.18.21:221][145]LogPlayLevel: PIE: World Init took: (0.000993s)
[2015.03.06-16.18.21:221][145]LogPlayLevel: PIE: Created PIE world by copying editor world from /Game/PuzzleBP/Maps/PuzzleExampleMap.PuzzleExampleMap to /Game/PuzzleBP/Maps/UEDPIE_0_PuzzleExampleMap.PuzzleExampleMap (0.038845s)
[2015.03.06-16.18.21:270][145]LogSelection:Warning: PIE object was selected: "RunnerCharacter_C /Game/PuzzleBP/Maps/UEDPIE_0_PuzzleExampleMap.PuzzleExampleMap:PersistentLevel.RunnerCharacter_C_2"
[2015.03.06-16.18.21:299][145]LogWorld: Game class is 'RunnerGameMode_C'
[2015.03.06-16.18.21:301][145]LogAIModule: Creating AISystem for world PuzzleExampleMap
[2015.03.06-16.18.21:305][145]LogWorld: Bringing World /Game/PuzzleBP/Maps/UEDPIE_0_PuzzleExampleMap.PuzzleExampleMap up for play (max tick rate 60) at 2015.03.06-10.18.21
[2015.03.06-16.18.21:306][145]LogWorld: Bringing up level for play took: 0.004543
[2015.03.06-16.18.21:307][145]LogGameMode: Warning - PATHS NOT DEFINED or NO PLAYERSTART with positive rating
[2015.03.06-16.18.21:310][145]PIE: Info Play in editor start time for /Game/PuzzleBP/Maps/UEDPIE_0_PuzzleExampleMap -0.588
[2015.03.06-16.18.21:411][145]LogSelection:Warning: PIE object was selected: "RunnerCharacter_C /Game/PuzzleBP/Maps/UEDPIE_0_PuzzleExampleMap.PuzzleExampleMap:PersistentLevel.RunnerCharacter_C_2"
[2015.03.06-16.18.47:997][897]LogSelection:Warning: PIE object was selected: "RunnerCharacter_C /Game/PuzzleBP/Maps/UEDPIE_0_PuzzleExampleMap.PuzzleExampleMap:PersistentLevel.RunnerCharacter_C_2"
[2015.03.06-16.19.42:300][158]LogEditorViewport: Clicking on Actor (LMB): RunnerCharacter_C (RunnerCharacter)
[2015.03.06-16.19.42:300][158]LogSelection:Warning: PIE object was selected: "RunnerCharacter_C /Game/PuzzleBP/Maps/UEDPIE_0_PuzzleExampleMap.PuzzleExampleMap:PersistentLevel.RunnerCharacter_C_2"
[2015.03.06-16.20.19:843][907]LogParticles: Destroying 0 GPU particle simulations for FXSystem 0x0000009246A87240
[2015.03.06-16.21.58:771][452]LogActorComponent: UnregisterComponent: (/Engine/Transient.CharMoveComp) Not registered. Aborting.
[2015.03.06-16.22.03:948][453]Cmd: QUIT_EDITOR
[2015.03.06-16.22.04:636][453]LogExit: Preparing to exit.
[2015.03.06-16.22.06:487][453]LogExit: Editor shut down
[2015.03.06-16.22.06:488][453]LogExit: Transaction tracking system shut down
[2015.03.06-16.22.06:489][453]LogParticles: Destroying 0 GPU particle simulations for FXSystem 0x000000924691CF40
[2015.03.06-16.22.06:489][453]LogParticles: Destroying 0 GPU particle simulations for FXSystem 0x00000092532C4B80
[2015.03.06-16.22.06:489][453]LogParticles: Destroying 0 GPU particle simulations for FXSystem 0x00000092531BDE40
[2015.03.06-16.22.06:489][453]LogParticles: Destroying 0 GPU particle simulations for FXSystem 0x000000924F896B60
[2015.03.06-16.22.09:127][453]LogExit: Object subsystem successfully closed.
[2015.03.06-16.22.10:484][453]LogModuleManager: Shutting down and abandoning module SynthBenchmark (178)
[2015.03.06-16.22.10:508][453]LogModuleManager: Shutting down and abandoning module CrashTracker (177)
[2015.03.06-16.22.10:508][453]LogModuleManager: Shutting down and abandoning module SuperSearch (176)
[2015.03.06-16.22.10:508][453]LogModuleManager: Shutting down and abandoning module SceneOutliner (175)
[2015.03.06-16.22.10:508][453]LogModuleManager: Shutting down and abandoning module EditorWidgets (174)
[2015.03.06-16.22.10:508][453]LogModuleManager: Shutting down and abandoning module CollectionManager (173)
[2015.03.06-16.22.10:554][453]LogModuleManager: Shutting down and abandoning module StatsViewer (172)
[2015.03.06-16.22.10:587][453]LogModuleManager: Shutting down and abandoning module FoliageEdit (171)
[2015.03.06-16.22.10:587][453]LogModuleManager: Shutting down and abandoning module LandscapeEditor (170)
[2015.03.06-16.22.10:663][453]LogModuleManager: Shutting down and abandoning module MeshPaint (169)
[2015.03.06-16.22.10:690][453]LogModuleManager: Shutting down and abandoning module ActorPickerMode (168)
[2015.03.06-16.22.10:690][453]LogModuleManager: Shutting down and abandoning module GeometryMode (167)
[2015.03.06-16.22.10:690][453]LogModuleManager: Shutting down and abandoning module TextureAlignMode (166)
[2015.03.06-16.22.10:690][453]LogModuleManager: Shutting down and abandoning module BspMode (165)
[2015.03.06-16.22.10:690][453]LogModuleManager: Shutting down and abandoning module PlacementMode (164)
[2015.03.06-16.22.10:690][453]LogModuleManager: Shutting down and abandoning module AutomationWorker (163)
[2015.03.06-16.22.10:690][453]LogModuleManager: Shutting down and abandoning module CharacterAI (162)
[2015.03.06-16.22.10:690][453]LogModuleManager: Shutting down and abandoning module SmartSnapping (161)
[2015.03.06-16.22.10:690][453]LogModuleManager: Shutting down and abandoning module ViewportSnapping (160)
[2015.03.06-16.22.10:690][453]LogModuleManager: Shutting down and abandoning module LogVisualizer (159)
[2015.03.06-16.22.10:779][453]LogModuleManager: Shutting down and abandoning module GameProjectGeneration (158)
[2015.03.06-16.22.10:797][453]LogModuleManager: Shutting down and abandoning module IntroTutorials (157)
[2015.03.06-16.22.10:806][453]LogModuleManager: Shutting down and abandoning module EditorLiveStreaming (156)
[2015.03.06-16.22.10:806][453]LogModuleManager: Shutting down and abandoning module HardwareTargeting (155)
[2015.03.06-16.22.10:806][453]LogModuleManager: Shutting down and abandoning module DeviceProfileEditor (154)
[2015.03.06-16.22.10:826][453]LogModuleManager: Shutting down and abandoning module UndoHistory (153)
[2015.03.06-16.22.10:874][453]LogModuleManager: Shutting down and abandoning module GameplayTagsEditor (152)
[2015.03.06-16.22.10:874][453]LogModuleManager: Shutting down and abandoning module UserFeedback (151)
[2015.03.06-16.22.10:874][453]LogModuleManager: Shutting down and abandoning module XmlParser (150)
[2015.03.06-16.22.10:874][453]LogModuleManager: Shutting down and abandoning module Blutility (149)
[2015.03.06-16.22.10:874][453]LogModuleManager: Shutting down and abandoning module IOSPlatformEditor (148)
[2015.03.06-16.22.10:874][453]LogModuleManager: Shutting down and abandoning module IOSRuntimeSettings (147)
[2015.03.06-16.22.10:874][453]LogModuleManager: Shutting down and abandoning module AndroidDeviceDetection (146)
[2015.03.06-16.22.11:278][453]LogModuleManager: Shutting down and abandoning module AndroidPlatformEditor (145)
[2015.03.06-16.22.11:278][453]LogModuleManager: Shutting down and abandoning module AndroidRuntimeSettings (144)
[2015.03.06-16.22.11:278][453]LogModuleManager: Shutting down and abandoning module ProjectTargetPlatformEditor (143)
[2015.03.06-16.22.11:299][453]LogModuleManager: Shutting down and abandoning module ProjectSettingsViewer (142)
[2015.03.06-16.22.11:299][453]LogModuleManager: Shutting down and abandoning module InputBindingEditor (141)
[2015.03.06-16.22.11:344][453]LogModuleManager: Shutting down and abandoning module EditorSettingsViewer (140)
[2015.03.06-16.22.11:344][453]LogModuleManager: Shutting down and abandoning module SettingsEditor (139)
[2015.03.06-16.22.11:354][453]LogModuleManager: Shutting down and abandoning module ProjectLauncher (138)
[2015.03.06-16.22.11:402][453]LogModuleManager: Shutting down and abandoning module SessionFrontend (137)
[2015.03.06-16.22.11:432][453]LogModuleManager: Shutting down and abandoning module ProfilerClient (136)
[2015.03.06-16.22.11:462][453]LogModuleManager: Shutting down and abandoning module TargetDeviceServices (135)
[2015.03.06-16.22.11:462][453]LogModuleManager: Shutting down and abandoning module DeviceManager (134)
[2015.03.06-16.22.11:528][453]LogModuleManager: Shutting down and abandoning module AutomationController (133)
[2015.03.06-16.22.11:557][453]LogModuleManager: Shutting down and abandoning module AutomationWindow (132)
[2015.03.06-16.22.11:608][453]LogModuleManager: Shutting down and abandoning module Layers (131)
[2015.03.06-16.22.11:691][453]LogModuleManager: Shutting down and abandoning module ComponentVisualizers (130)
[2015.03.06-16.22.11:691][453]LogModuleManager: Shutting down and abandoning module DetailCustomizations (129)
[2015.03.06-16.22.11:691][453]LogModuleManager: Shutting down and abandoning module PackagesDialog (128)
[2015.03.06-16.22.11:702][453]LogModuleManager: Shutting down and abandoning module AssetRegistry (127)
[2015.03.06-16.22.11:774][453]LogModuleManager: Shutting down and abandoning module Persona (126)
[2015.03.06-16.22.11:875][453]LogModuleManager: Shutting down and abandoning module SlateReflector (125)
[2015.03.06-16.22.11:915][453]LogModuleManager: Shutting down and abandoning module LevelEditor (124)
[2015.03.06-16.22.11:916][453]LogModuleManager: Shutting down and abandoning module Kismet (123)
[2015.03.06-16.22.11:916][453]LogModuleManager: Shutting down and abandoning module GraphEditor (122)
[2015.03.06-16.22.11:916][453]LogModuleManager: Shutting down and abandoning module ClassViewer (121)
[2015.03.06-16.22.11:916][453]LogModuleManager: Shutting down and abandoning module Toolbox (120)
[2015.03.06-16.22.11:916][453]LogModuleManager: Shutting down and abandoning module ModuleUI (119)
[2015.03.06-16.22.11:941][453]LogModuleManager: Shutting down and abandoning module MovieSceneTools (118)
[2015.03.06-16.22.12:019][453]LogModuleManager: Shutting down and abandoning module OutputLog (117)
[2015.03.06-16.22.12:019][453]LogModuleManager: Shutting down and abandoning module GammaUI (116)
[2015.03.06-16.22.12:035][453]LogModuleManager: Shutting down and abandoning module Documentation (115)
[2015.03.06-16.22.12:035][453]LogModuleManager: Shutting down and abandoning module GameLiveStreaming (114)
[2015.03.06-16.22.12:035][453]LogModuleManager: Shutting down and abandoning module StreamingPauseRendering (113)
[2015.03.06-16.22.12:035][453]LogModuleManager: Shutting down and abandoning module HTTP (112)
[2015.03.06-16.22.12:035][453]LogModuleManager: Shutting down and abandoning module AnalyticsET (111)
[2015.03.06-16.22.12:035][453]LogModuleManager: Shutting down and abandoning module Analytics (110)
[2015.03.06-16.22.12:035][453]LogModuleManager: Shutting down and abandoning module AITestSuite (109)
[2015.03.06-16.22.12:058][453]LogModuleManager: Shutting down and abandoning module GameplayDebugger (108)
[2015.03.06-16.22.12:058][453]LogModuleManager: Shutting down and abandoning module AIModule (107)
[2015.03.06-16.22.12:086][453]LogModuleManager: Shutting down and abandoning module ProfilerService (106)
[2015.03.06-16.22.12:220][453]LogModuleManager: Shutting down and abandoning module TaskGraph (105)
[2015.03.06-16.22.12:243][453]LogModuleManager: Shutting down and abandoning module SlateRemote (104)
[2015.03.06-16.22.12:243][453]LogModuleManager: Shutting down and abandoning module ScriptEditorPlugin (103)
[2015.03.06-16.22.12:243][453]LogModuleManager: Shutting down and abandoning module CustomMeshComponent (102)
[2015.03.06-16.22.12:243][453]LogModuleManager: Shutting down and abandoning module CableComponent (101)
[2015.03.06-16.22.12:268][453]LogModuleManager: Shutting down and abandoning module MessagingDebugger (100)
[2015.03.06-16.22.12:363][453]LogModuleManager: Shutting down and abandoning module MediaPlayerEditor (99)
[2015.03.06-16.22.12:397][453]LogModuleManager: Shutting down and abandoning module SpeedTreeImporter (98)
[2015.03.06-16.22.12:397][453]LogModuleManager: Shutting down and abandoning module PluginsEditor (97)
[2015.03.06-16.22.12:423][453]LogModuleManager: Shutting down and abandoning module MainFrame (96)
[2015.03.06-16.22.12:423][453]LogModuleManager: Shutting down and abandoning module EpicSurvey (95)
[2015.03.06-16.22.12:423][453]LogModuleManager: Shutting down and abandoning module DesktopPlatform (94)
[2015.03.06-16.22.12:466][453]LogModuleManager: Shutting down and abandoning module DirectoryWatcher (93)
[2015.03.06-16.22.12:466][453]LogModuleManager: Shutting down and abandoning module HotReload (92)
[2015.03.06-16.22.12:492][453]LogModuleManager: Shutting down and abandoning module VisualStudioSourceCodeAccess (91)
[2015.03.06-16.22.12:492][453]LogModuleManager: Shutting down and abandoning module UObjectPlugin (90)
[2015.03.06-16.22.12:492][453]LogModuleManager: Shutting down and abandoning module SubversionSourceControl (89)
[2015.03.06-16.22.12:590][453]LogModuleManager: Shutting down and abandoning module PerforceSourceControl (88)
[2015.03.06-16.22.12:664][453]LogModuleManager: Shutting down and abandoning module SourceControl (87)
[2015.03.06-16.22.12:687][453]LogModuleManager: Shutting down and abandoning module GitSourceControl (86)
[2015.03.06-16.22.12:729][453]LogModuleManager: Shutting down and abandoning module BlankPlugin (85)
[2015.03.06-16.22.12:729][453]LogModuleManager: Shutting down and abandoning module PaperTiledImporter (84)
[2015.03.06-16.22.12:729][453]LogModuleManager: Shutting down and abandoning module PaperJsonImporter (83)
[2015.03.06-16.22.12:729][453]LogModuleManager: Shutting down and abandoning module ContentBrowser (82)
[2015.03.06-16.22.12:730][453]LogModuleManager: Shutting down and abandoning module Paper2DEditor (81)
[2015.03.06-16.22.12:801][453]LogModuleManager: Shutting down and abandoning module ScriptPlugin (80)
[2015.03.06-16.22.12:815][453]LogModuleManager: Shutting down and abandoning module UdpMessaging (79)
[2015.03.06-16.22.12:915][453]LogModuleManager: Shutting down and abandoning module Paper2D (78)
[2015.03.06-16.22.12:936][453]LogModuleManager: Shutting down and abandoning module WindowsMoviePlayer (77)
[2015.03.06-16.22.12:938][453]LogModuleManager: Shutting down and abandoning module Media (76)
[2015.03.06-16.22.12:938][453]LogModuleManager: Shutting down and abandoning module WmfMedia (75)
[2015.03.06-16.22.12:939][453]LogModuleManager: Shutting down and abandoning module OnlineBlueprintSupport (74)
[2015.03.06-16.22.12:939][453]LogModuleManager: Shutting down and abandoning module PropertyEditor (73)
[2015.03.06-16.22.12:939][453]LogModuleManager: Shutting down and abandoning module BehaviorTreeEditor (72)
[2015.03.06-16.22.13:048][453]LogModuleManager: Shutting down and abandoning module FunctionalTesting (71)
[2015.03.06-16.22.13:048][453]LogModuleManager: Shutting down and abandoning module CollisionAnalyzer (70)
[2015.03.06-16.22.13:073][453]LogModuleManager: Shutting down and abandoning module WorkspaceMenuStructure (69)
[2015.03.06-16.22.13:073][453]LogModuleManager: Shutting down and abandoning module MessageLog (68)
[2015.03.06-16.22.13:073][453]LogModuleManager: Shutting down and abandoning module Sequencer (67)
[2015.03.06-16.22.13:216][453]LogModuleManager: Shutting down and abandoning module AssetTools (66)
[2015.03.06-16.22.13:273][453]LogModuleManager: Shutting down and abandoning module UMGEditor (65)
[2015.03.06-16.22.13:326][453]LogModuleManager: Shutting down and abandoning module UMG (64)
[2015.03.06-16.22.13:330][453]LogModuleManager: Shutting down and abandoning module Slate (63)
[2015.03.06-16.22.13:330][453]LogModuleManager: Shutting down and abandoning module EditorStyle (62)
[2015.03.06-16.22.13:334][453]LogModuleManager: Shutting down and abandoning module SessionServices (61)
[2015.03.06-16.22.13:334][453]LogModuleManager: Shutting down and abandoning module SourceCodeAccess (60)
[2015.03.06-16.22.13:334][453]LogModuleManager: Shutting down and abandoning module HeadMountedDisplay (59)
[2015.03.06-16.22.13:334][453]LogModuleManager: Shutting down and abandoning module XAudio2 (58)
[2015.03.06-16.22.13:334][453]LogModuleManager: Shutting down and abandoning module Networking (56)
[2015.03.06-16.22.13:334][453]LogModuleManager: Shutting down and abandoning module Core (55)
[2015.03.06-16.22.13:334][453]LogModuleManager: Shutting down and abandoning module KismetCompiler (54)
[2015.03.06-16.22.13:334][453]LogModuleManager: Shutting down and abandoning module PhysXFormats (53)
[2015.03.06-16.22.13:334][453]LogModuleManager: Shutting down and abandoning module MeshUtilities (52)
[2015.03.06-16.22.13:417][453]LogModuleManager: Shutting down and abandoning module DerivedDataCache (51)
[2015.03.06-16.22.13:509][453]LogDerivedDataCache: Shutdown
[2015.03.06-16.22.13:509][453]LogModuleManager: Shutting down and abandoning module ShaderFormatOpenGL (50)
[2015.03.06-16.22.13:531][453]LogModuleManager: Shutting down and abandoning module ShaderFormatD3D (49)
[2015.03.06-16.22.13:531][453]LogModuleManager: Shutting down and abandoning module MetalShaderFormat (48)
[2015.03.06-16.22.13:562][453]LogModuleManager: Shutting down and abandoning module TextureFormatUncompressed (47)
[2015.03.06-16.22.13:562][453]LogModuleManager: Shutting down and abandoning module TextureFormatPVR (46)
[2015.03.06-16.22.13:562][453]LogModuleManager: Shutting down and abandoning module TextureFormatIntelISPCTexComp (45)
[2015.03.06-16.22.13:562][453]LogModuleManager: Shutting down and abandoning module TextureFormatDXT (44)
[2015.03.06-16.22.13:562][453]LogModuleManager: Shutting down and abandoning module ImageWrapper (43)
[2015.03.06-16.22.13:562][453]LogModuleManager: Shutting down and abandoning module TextureFormatASTC (42)
[2015.03.06-16.22.13:562][453]LogModuleManager: Shutting down and abandoning module TextureFormatAndroid (41)
[2015.03.06-16.22.13:562][453]LogModuleManager: Shutting down and abandoning module AudioFormatOpus (40)
[2015.03.06-16.22.13:592][453]LogModuleManager: Shutting down and abandoning module AudioFormatOgg (39)
[2015.03.06-16.22.13:592][453]LogModuleManager: Shutting down and abandoning module AudioFormatADPCM (38)
[2015.03.06-16.22.13:592][453]LogModuleManager: Shutting down and abandoning module LinuxTargetPlatform (37)
[2015.03.06-16.22.13:592][453]LogModuleManager: Shutting down and abandoning module LinuxServerTargetPlatform (36)
[2015.03.06-16.22.13:592][453]LogModuleManager: Shutting down and abandoning module LinuxNoEditorTargetPlatform (35)
[2015.03.06-16.22.13:593][453]LogModuleManager: Shutting down and abandoning module Messaging (34)
[2015.03.06-16.22.13:593][453]LogModuleManager: Shutting down and abandoning module IOSTargetPlatform (33)
[2015.03.06-16.22.13:593][453]LogModuleManager: Shutting down and abandoning module HTML5TargetPlatform (32)
[2015.03.06-16.22.13:593][453]LogModuleManager: Shutting down and abandoning module Android_PVRTCTargetPlatform (31)
[2015.03.06-16.22.13:593][453]LogModuleManager: Shutting down and abandoning module Android_ETC2TargetPlatform (30)
[2015.03.06-16.22.13:593][453]LogModuleManager: Shutting down and abandoning module Android_ETC1TargetPlatform (29)
[2015.03.06-16.22.13:593][453]LogModuleManager: Shutting down and abandoning module Android_ES31TargetPlatform (28)
[2015.03.06-16.22.13:593][453]LogModuleManager: Shutting down and abandoning module Android_DXTTargetPlatform (27)
[2015.03.06-16.22.13:593][453]LogModuleManager: Shutting down and abandoning module Android_ATCTargetPlatform (26)
[2015.03.06-16.22.13:593][453]LogModuleManager: Shutting down and abandoning module AndroidTargetPlatform (25)
[2015.03.06-16.22.13:593][453]LogModuleManager: Shutting down and abandoning module WindowsTargetPlatform (24)
[2015.03.06-16.22.13:593][453]LogModuleManager: Shutting down and abandoning module WindowsServerTargetPlatform (23)
[2015.03.06-16.22.13:593][453]LogModuleManager: Shutting down and abandoning module WindowsNoEditorTargetPlatform (22)
[2015.03.06-16.22.13:593][453]LogModuleManager: Shutting down and abandoning module WindowsClientTargetPlatform (21)
[2015.03.06-16.22.13:593][453]LogModuleManager: Shutting down and abandoning module TargetPlatform (20)
[2015.03.06-16.22.13:593][453]LogModuleManager: Shutting down and abandoning module InputCore (19)
[2015.03.06-16.22.13:593][453]LogModuleManager: Shutting down and abandoning module Settings (18)
[2015.03.06-16.22.13:593][453]LogModuleManager: Shutting down and abandoning module OnlineSubsystem (16)
[2015.03.06-16.22.13:593][453]LogModuleManager: Shutting down and abandoning module OculusRift (15)
[2015.03.06-16.22.13:593][453]LogModuleManager: Shutting down and abandoning module ExampleDeviceProfileSelector (14)
[2015.03.06-16.22.13:593][453]LogModuleManager: Shutting down and abandoning module TextureCompressor (13)
[2015.03.06-16.22.13:593][453]LogModuleManager: Shutting down and abandoning module ShaderCore (12)
[2015.03.06-16.22.13:593][453]LogModuleManager: Shutting down and abandoning module Landscape (11)
[2015.03.06-16.22.13:593][453]LogModuleManager: Shutting down and abandoning module SlateRHIRenderer (10)
[2015.03.06-16.22.13:635][453]LogModuleManager: Shutting down and abandoning module OpenGLDrv (9)
[2015.03.06-16.22.13:635][453]LogModuleManager: Shutting down and abandoning module D3D11RHI (8)
[2015.03.06-16.22.13:635][453]LogModuleManager: Shutting down and abandoning module Renderer (7)
[2015.03.06-16.22.13:635][453]LogModuleManager: Shutting down and abandoning module Engine (6)
[2015.03.06-16.22.13:635][453]LogModuleManager: Shutting down and abandoning module CoreUObject (5)
[2015.03.06-16.22.13:635][453]LogModuleManager: Shutting down and abandoning module NetworkFile (4)
[2015.03.06-16.22.13:676][453]LogModuleManager: Shutting down and abandoning module StreamingFile (3)
[2015.03.06-16.22.13:676][453]LogModuleManager: Shutting down and abandoning module SandboxFile (2)
[2015.03.06-16.22.13:715][453]LogModuleManager: Shutting down and abandoning module PakFile (1)
[2015.03.06-16.22.13:767][453]LogExit: Exiting.
[2015.03.06-16.22.13:790][453]Log file closed, 03/06/15 10:22:13
