Log file open, 04/07/15 14:15:30
LogInit:Display: Running engine for game: ENPo
LogInit: Version: 4.7.3-2479750+++depot+UE4-Releases+4.7
LogInit: API Version: 2455222
LogInit: Compiled (64-bit): Mar 15 2015 23:20:45
LogInit: Compiled with Visual C++: 18.00.21005.01
LogInit: Build Configuration: Development
LogInit: Branch Name: ++depot+UE4-Releases+4.7
LogInit: Command line:  
LogInit: Base directory: C:/Program Files/Epic Games/4.7/Engine/Binaries/Win64/
LogInit: Rocket: 1
[2015.04.07-19.15.30:474][  0]LogTaskGraph: Started task graph with 3 named threads and 6 total threads.
[2015.04.07-19.15.30:557][  0]LogOnline:Warning: No default platform service specified for OnlineSubsystem
[2015.04.07-19.15.30:711][  0]LogInit: Presizing for 0 objects not considered by GC, pre-allocating 0 bytes.
[2015.04.07-19.15.30:722][  0]LogInit: Object subsystem initialized
[2015.04.07-19.15.30:725][  0]LogConsoleResponse:Warning: Skipping Unknown console variable: 'TranslucentSortAxis = (X=0.000000,Y=-1.000000,Z=0.000000)'
[2015.04.07-19.15.30:725][  0]LogConsoleResponse:Warning:   Found in ini file 'C:/Users/Jeremy Martin/Documents/GitHub/turbo-archer/ENPo/Saved/Config/Windows/Engine.ini', in section '[/Script/Engine.RendererSettings]'
[2015.04.07-19.15.30:725][  0]LogConsoleResponse:Warning: Skipping Unknown console variable: 'UIScaleRule = ShortestSide'
[2015.04.07-19.15.30:725][  0]LogConsoleResponse:Warning:   Found in ini file 'C:/Users/Jeremy Martin/Documents/GitHub/turbo-archer/ENPo/Saved/Config/Windows/Engine.ini', in section '[/Script/Engine.RendererSettings]'
[2015.04.07-19.15.30:725][  0]LogConsoleResponse:Warning: Skipping Unknown console variable: 'UIScaleCurve = (EditorCurveData=(Keys=),ExternalCurve=None)'
[2015.04.07-19.15.30:725][  0]LogConsoleResponse:Warning:   Found in ini file 'C:/Users/Jeremy Martin/Documents/GitHub/turbo-archer/ENPo/Saved/Config/Windows/Engine.ini', in section '[/Script/Engine.RendererSettings]'
[2015.04.07-19.15.30:725][  0]LogInit: Selected Device Profile: [Windows]
[2015.04.07-19.15.30:725][  0]LogInit: Applying CVar settings loaded from the selected device profile: [Windows]
[2015.04.07-19.15.30:735][  0]LogInit: Computer: JEREMYMARTIN-PC
[2015.04.07-19.15.30:735][  0]LogInit: User: JeremyMartin
[2015.04.07-19.15.30:735][  0]LogInit: CPU Page size=4096, Cores=4
[2015.04.07-19.15.30:735][  0]LogInit: High frequency timer resolution =2.728164 MHz
[2015.04.07-19.15.30:735][  0]LogMemory: Memory total: Physical=7.9GB (8GB approx) Virtual=8192.0GB
[2015.04.07-19.15.30:735][  0]LogMemory: Platform Memory Stats for Windows
[2015.04.07-19.15.30:735][  0]LogMemory: Process Physical Memory: 48.71 MB used, 48.71 MB peak
[2015.04.07-19.15.30:735][  0]LogMemory: Process Virtual Memory: 30.49 MB used, 30.49 MB peak
[2015.04.07-19.15.30:735][  0]LogMemory: Physical Memory: 3781.41 MB used, 8097.22 MB total
[2015.04.07-19.15.30:735][  0]LogMemory: Virtual Memory: 283.38 MB used, 8388608.00 MB total
[2015.04.07-19.15.30:782][  0]LogD3D11RHI: Found D3D11 adapter 0: Intel(R) HD Graphics 4600 (Feature Level 11_0)
[2015.04.07-19.15.30:782][  0]LogD3D11RHI: Adapter has 2094MB of dedicated video memory, 0MB of dedicated system memory, and 3792MB of shared system memory, 1 output[s]
[2015.04.07-19.15.30:782][  0]LogD3D11RHI: Chosen D3D11 Adapter Id = 0
[2015.04.07-19.15.30:792][  0]LogRHI: Texture pool is 1361 MB (70% of 1945 MB)
[2015.04.07-19.15.30:807][  0]LogD3D11RHI: Async texture creation enabled
[2015.04.07-19.15.31:237][  0]LogTextLocalizationManager: The requested culture ('en_US') has no localization data; parent culture's ('en') localization data will be used.
[2015.04.07-19.15.31:417][  0]LogTextLocalizationManager:Warning: Loading localization resources contain conflicting entries for (Namespace:UICommands, Key:Save_ToolTip):
Resource: (C:/Program Files/Epic Games/4.7/Engine/Content/Localization/Editor/en/Editor.locres) Hash: (-29098895) String: (Saves the current level to disk)
Resource: (C:/Program Files/Epic Games/4.7/Engine/Content/Localization/Engine/en/Engine.locres) Hash: (-1280300587) String: (Save selected data to vlog file)
[2015.04.07-19.15.31:417][  0]LogTextLocalizationManager:Warning: Loading localization resources contain conflicting entries for (Namespace:ContentBrowser, Key:ImportAssetToolTip):
Resource: (C:/Program Files/Epic Games/4.7/Engine/Content/Localization/Editor/en/Editor.locres) Hash: (-630476809) String: (Import to {0}...)
Resource: (C:/Program Files/Epic Games/4.7/Engine/Content/Localization/Editor/en/Editor.locres) Hash: (1271782899) String: (Imports an asset from file to this folder.)
[2015.04.07-19.15.31:523][  0]LogContentStreaming: Texture pool size is 0.000000MB
[2015.04.07-19.15.35:329][  0]LogTargetPlatformManager:Display: Building Assets For Windows
[2015.04.07-19.15.36:974][  0]LogTargetPlatformManager:Display: Building Assets For Windows
[2015.04.07-19.15.37:111][  0]LogDerivedDataCache:Display: Max Cache Size: 512 MB
[2015.04.07-19.15.37:794][  0]LogDerivedDataCache: Loaded boot cache 0.68s 39MB C:/Users/Jeremy Martin/AppData/Local/UnrealEngine/4.7/DerivedDataCache/Boot.ddc.
[2015.04.07-19.15.37:794][  0]LogDerivedDataCache:Display: Loaded Boot cache: C:/Users/Jeremy Martin/AppData/Local/UnrealEngine/4.7/DerivedDataCache/Boot.ddc
[2015.04.07-19.15.37:795][  0]LogDerivedDataCache: FDerivedDataBackendGraph:  Pak pak cache file ../../../../../../Users/Jeremy Martin/Documents/GitHub/turbo-archer/ENPo/DerivedDataCache/DDC.ddp not found, will not use a pak cache.
[2015.04.07-19.15.37:795][  0]LogDerivedDataCache: Unable to find inner node Pak for hierarchical cache Hierarchy.
[2015.04.07-19.15.38:042][  0]LogDerivedDataCache:Display: Pak cache opened for reading ../../../Engine/DerivedDataCache/Compressed.ddp.
[2015.04.07-19.15.38:054][  0]LogDerivedDataCache: Using Local data cache path C:/Users/Jeremy Martin/AppData/Local/UnrealEngine/Common/DerivedDataCache: Writable
[2015.04.07-19.15.45:467][  0]LogMeshUtilities: No automatic mesh reduction module available
[2015.04.07-19.15.45:467][  0]LogMeshUtilities: No automatic mesh merging module available
[2015.04.07-19.15.47:735][  0]LogInit: WinSock: version 1.1 (2.2), MaxSocks=32767, MaxUdp=65467
[2015.04.07-19.15.47:930][  0]LogSlate:Warning: Failed to load font data from '../../../Engine/Content/Slate/Fonts/Roboto-Italic.ttf'
[2015.04.07-19.16.11:352][  0]UdpMessaging: Initializing bridge on interface 0.0.0.0:0 to multicast group 230.0.0.1:6666.
[2015.04.07-19.16.11:688][  0]SourceControl: Info Source control is disabled
[2015.04.07-19.16.11:688][  0]SourceControl: Info Source control is disabled
[2015.04.07-19.16.11:688][  0]SourceControl: Info Source control is disabled
[2015.04.07-19.16.11:688][  0]LogSourceControl: RunCommandInternalRaw: 'git version'
[2015.04.07-19.16.11:688][  0]LogSourceControl: RunCommandInternalRaw: ExecProcess ReturnCode=2 OutResults=''
[2015.04.07-19.16.11:698][  0]SourceControl: Info Source control is disabled
[2015.04.07-19.16.12:307][  0]LogObj: 24231 objects as part of root set at end of initial load.
[2015.04.07-19.16.12:307][  0]LogUObjectAllocator: 5136440 out of 0 bytes used by permanent object pool.
[2015.04.07-19.16.12:498][  0]LogEngine: Initializing Engine...
[2015.04.07-19.16.15:268][  0]LogInit: XAudio2 using 'Speakers / Headphones (Realtek High Definition Audio)' : 2 channels at 48 kHz using 32 bits per sample (channel mask 0x3)
[2015.04.07-19.16.15:467][  0]LogInit: FAudioDevice initialized.
[2015.04.07-19.16.15:552][  0]LogAIModule: Creating AISystem for world NewWorld
[2015.04.07-19.16.15:585][  0]LogDerivedDataCache: Saved boot cache 0.03s 39MB C:/Users/Jeremy Martin/AppData/Local/UnrealEngine/4.7/DerivedDataCache/Boot.ddc.
[2015.04.07-19.16.15:588][  0]LogInit: Texture streaming: Enabled
[2015.04.07-19.16.17:094][  0]LogAnalytics: Creating configured Analytics provider AnalyticsET
[2015.04.07-19.16.17:094][  0]LogAnalytics: ET APIKey = Rocket.Release. APIServer = http://et2.epicgames.com/ET2/. AppVersion = 4.7.3-2479750+++depot+UE4-Releases+4.7
[2015.04.07-19.16.17:094][  0]LogAnalytics: ET APIKey = Rocket.Release. DataRouterUploadURL = https://datarouter-public-service-gamedev.ol.epicgames.net/datarouter/api/v1/public/data. AppVersion = 4.7.3-2479750+++depot+UE4-Releases+4.7
[2015.04.07-19.16.17:095][  0]LogAnalytics: SetUserId 4faf2b8f401686a57575ecb438c58793|93efd1466ca449a7a50c61e21231fb4f|d21d11dd-cad7-4eb6-8377-a86052e53efe
[2015.04.07-19.16.17:095][  0]LogAnalytics: AnalyticsET::StartSession [Rocket.Release]
[2015.04.07-19.16.17:216][  0]LogInit: Transaction tracking system initialized
[2015.04.07-19.16.17:455][  0]BlueprintLog: New page: Editor Load
[2015.04.07-19.16.17:495][  0]LogAssetRegistry: FAssetRegistry took 0.0096 seconds to start up
[2015.04.07-19.16.17:495][  0]LogDirectoryWatcher:Warning: Failed to begin reading directory changes for ../../../Engine/Plugins/Experimental/CharacterAI/Content/. Error: 0
[2015.04.07-19.16.18:211][  0]LogTargetPlatformManager:Display: Building Assets For Windows
[2015.04.07-19.16.18:684][  0]LogTargetPlatformManager:Display: Building Assets For Windows
[2015.04.07-19.16.19:024][  0]LogSlate:Warning: Failed to load font data from '../../../Engine/Content/Editor/Slate/Fonts/Roboto-Regular.ttf'
[2015.04.07-19.16.19:025][  0]LogSlate:Warning: Failed to load font data from '../../../Engine/Content/Editor/Slate/Fonts/Roboto-Bold.ttf'
[2015.04.07-19.16.19:056][  0]LogConsoleResponse:Display: 
[2015.04.07-19.16.21:139][  0]LogCook:Display: Done creating registry. It took  0.00s.
[2015.04.07-19.16.21:965][  0]SourceControl: Info Source control is disabled
[2015.04.07-19.16.21:965][  0]Cmd: MAP LOAD FILE="../../../../../../Users/Jeremy Martin/Documents/GitHub/turbo-archer/ENPo/Content/PuzzleBP/Maps/PuzzleExampleMap.umap" TEMPLATE=0 SHOWPROGRESS=1 FEATURELEVEL=3
[2015.04.07-19.16.22:117][  0]LightingResults: New page: Lighting Build
[2015.04.07-19.16.22:139][  0]MapCheck: New page: Map Check
[2015.04.07-19.16.22:139][  0]LightingResults: New page: Lighting Build
[2015.04.07-19.16.22:147][  0]LogParticles: Destroying 0 GPU particle simulations for FXSystem 0x000000000405CD60
[2015.04.07-19.16.28:955][  0]LogEditorServer: Finished looking for orphan Actors (0.000 secs)
[2015.04.07-19.16.28:956][  0]LogAIModule: Creating AISystem for world PuzzleExampleMap
[2015.04.07-19.16.28:957][  0]Cmd: MAP CHECKDEP
[2015.04.07-19.16.28:957][  0]MapCheck: New page: PuzzleExampleMap - Apr 7, 2015, 9:16:28 AM
[2015.04.07-19.16.29:052][  0]MapCheck: Info Map check complete: 0 Error(s), 0 Warning(s), took 94.916ms to complete.
[2015.04.07-19.16.29:052][  0]LogFileHelpers: Loading map 'PuzzleExampleMap' took 7.088
[2015.04.07-19.16.29:431][  0]LogCollectionManager: Loaded 0 collections in 0.002165 seconds
[2015.04.07-19.16.29:446][  0]LogContentBrowser: Native class hierarchy populated in 0.0144 seconds. Added 1696 classes and 261 folders.
[2015.04.07-19.16.29:476][  0]LogContentBrowser:Verbose: The content browser source was changed by the sources view to '/Game'
[2015.04.07-19.16.29:502][  0]LogContentBrowser: Native class hierarchy updated for 'SceneOutliner' in 0.0024 seconds. Added 1 classes and 2 folders.
[2015.04.07-19.16.29:676][  0]LogCrashTracker: Crashtracker disabled due to settings.
[2015.04.07-19.16.29:677][  0]LogSlate:Warning: Failed to load font data from 'Veranda'
[2015.04.07-19.16.29:685][  0]LogUObjectGlobals:Warning: Failed to find object 'Class None.'
[2015.04.07-19.16.29:716][  0]LogLoad: Full Startup: 63.72 seconds (BP compile: 0.21 seconds)
[2015.04.07-19.16.30:296][  0]LogRenderer:Warning: Reallocating scene render targets to support 32x32 (Frame:2).
[2015.04.07-19.16.31:530][  0]LogRenderer:Warning: Reallocating scene render targets to support 864x680 (Frame:10).
[2015.04.07-19.16.34:332][  7]LogAssetRegistry: Asset discovery search completed in 16.8464 seconds
[2015.04.07-19.16.50:063][145]LogRenderer:Warning: Reallocating scene render targets to support 1032x680 (Frame:43).
[2015.04.07-19.16.55:127][171]BlueprintLog: New page: Pre-PIE auto-recompile
[2015.04.07-19.16.55:131][171]LogPlayLevel: [PIE] Compiling PuzzleExampleMap before PIE...
[2015.04.07-19.16.55:333][171]LogActorComponent: UnregisterComponent: (/Engine/Transient.CharMoveComp) Not registered. Aborting.
[2015.04.07-19.16.55:354][171]LogPlayLevel: PIE:  Blueprint regeneration took 227 ms (1 blueprints)
[2015.04.07-19.16.55:355][171]PIE: New page: PIE session: PuzzleExampleMap (Apr 7, 2015, 9:16:55 AM)
[2015.04.07-19.16.55:384][171]LogPlayLevel: PIE: StaticDuplicateObject took: (0.029050s)
[2015.04.07-19.16.55:385][171]LogPlayLevel: PIE: World Init took: (0.000534s)
[2015.04.07-19.16.55:385][171]LogPlayLevel: PIE: Created PIE world by copying editor world from /Game/PuzzleBP/Maps/PuzzleExampleMap.PuzzleExampleMap to /Game/PuzzleBP/Maps/UEDPIE_0_PuzzleExampleMap.PuzzleExampleMap (0.029834s)
[2015.04.07-19.16.55:453][171]LogWorld: Game class is 'RunnerGameMode_C'
[2015.04.07-19.16.55:456][171]LogAIModule: Creating AISystem for world PuzzleExampleMap
[2015.04.07-19.16.55:467][171]LogWorld: Bringing World /Game/PuzzleBP/Maps/UEDPIE_0_PuzzleExampleMap.PuzzleExampleMap up for play (max tick rate 0) at 2015.04.07-14.16.55
[2015.04.07-19.16.55:471][171]LogWorld: Bringing up level for play took: 0.014991
[2015.04.07-19.16.55:512][171]PIE: Info Play in editor start time for /Game/PuzzleBP/Maps/UEDPIE_0_PuzzleExampleMap -0.435
[2015.04.07-19.17.03:975][214]LogParticles: Destroying 0 GPU particle simulations for FXSystem 0x000000002F6ED440
[2015.04.07-19.17.06:362][227]BlueprintLog: New page: Pre-PIE auto-recompile
[2015.04.07-19.17.06:366][227]LogPlayLevel: [PIE] Compiling PuzzleExampleMap before PIE...
[2015.04.07-19.17.06:626][227]LogPlayLevel: PIE:  Blueprint regeneration took 263 ms (1 blueprints)
[2015.04.07-19.17.06:626][227]PIE: New page: PIE session: PuzzleExampleMap (Apr 7, 2015, 9:17:06 AM)
[2015.04.07-19.17.06:657][227]LogPlayLevel: PIE: StaticDuplicateObject took: (0.030885s)
[2015.04.07-19.17.06:658][227]LogPlayLevel: PIE: World Init took: (0.000594s)
[2015.04.07-19.17.06:658][227]LogPlayLevel: PIE: Created PIE world by copying editor world from /Game/PuzzleBP/Maps/PuzzleExampleMap.PuzzleExampleMap to /Game/PuzzleBP/Maps/UEDPIE_0_PuzzleExampleMap.PuzzleExampleMap (0.031735s)
[2015.04.07-19.17.06:695][227]LogWorld: Game class is 'RunnerGameMode_C'
[2015.04.07-19.17.06:697][227]LogAIModule: Creating AISystem for world PuzzleExampleMap
[2015.04.07-19.17.06:710][227]LogWorld: Bringing World /Game/PuzzleBP/Maps/UEDPIE_0_PuzzleExampleMap.PuzzleExampleMap up for play (max tick rate 0) at 2015.04.07-14.17.06
[2015.04.07-19.17.06:720][227]LogWorld: Bringing up level for play took: 0.022292
[2015.04.07-19.17.06:725][227]PIE: Info Play in editor start time for /Game/PuzzleBP/Maps/UEDPIE_0_PuzzleExampleMap 0.779
[2015.04.07-19.17.23:791][296]LogParticles: Destroying 0 GPU particle simulations for FXSystem 0x000000002E91EC00
[2015.04.07-19.17.36:881][356]BlueprintLog: New page: Pre-PIE auto-recompile
[2015.04.07-19.17.36:884][356]LogPlayLevel: [PIE] Compiling PuzzleExampleMap before PIE...
[2015.04.07-19.17.37:155][356]LogPlayLevel: PIE:  Blueprint regeneration took 274 ms (1 blueprints)
[2015.04.07-19.17.37:156][356]PIE: New page: PIE session: PuzzleExampleMap (Apr 7, 2015, 9:17:37 AM)
[2015.04.07-19.17.37:186][356]LogPlayLevel: PIE: StaticDuplicateObject took: (0.030164s)
[2015.04.07-19.17.37:187][356]LogPlayLevel: PIE: World Init took: (0.000584s)
[2015.04.07-19.17.37:187][356]LogPlayLevel: PIE: Created PIE world by copying editor world from /Game/PuzzleBP/Maps/PuzzleExampleMap.PuzzleExampleMap to /Game/PuzzleBP/Maps/UEDPIE_0_PuzzleExampleMap.PuzzleExampleMap (0.030970s)
[2015.04.07-19.17.37:221][356]LogWorld: Game class is 'RunnerGameMode_C'
[2015.04.07-19.17.37:223][356]LogAIModule: Creating AISystem for world PuzzleExampleMap
[2015.04.07-19.17.37:235][356]LogWorld: Bringing World /Game/PuzzleBP/Maps/UEDPIE_0_PuzzleExampleMap.PuzzleExampleMap up for play (max tick rate 0) at 2015.04.07-14.17.37
[2015.04.07-19.17.37:238][356]LogWorld: Bringing up level for play took: 0.014662
[2015.04.07-19.17.37:240][356]PIE: Info Play in editor start time for /Game/PuzzleBP/Maps/UEDPIE_0_PuzzleExampleMap 1.292
[2015.04.07-19.18.28:090][629]LogParticles: Destroying 0 GPU particle simulations for FXSystem 0x000000000FF65E40
[2015.04.07-19.18.35:712][665]Cmd: QUIT_EDITOR
[2015.04.07-19.18.36:045][665]LogExit: Preparing to exit.
[2015.04.07-19.18.36:496][665]LogExit: Editor shut down
[2015.04.07-19.18.36:497][665]LogExit: Transaction tracking system shut down
[2015.04.07-19.18.36:497][665]LogParticles: Destroying 0 GPU particle simulations for FXSystem 0x000000000EE2E700
[2015.04.07-19.18.36:498][665]LogParticles: Destroying 0 GPU particle simulations for FXSystem 0x0000000016A5CD60
[2015.04.07-19.18.36:498][665]LogParticles: Destroying 0 GPU particle simulations for FXSystem 0x0000000023BD3740
[2015.04.07-19.18.36:498][665]LogParticles: Destroying 0 GPU particle simulations for FXSystem 0x0000000023BD2840
[2015.04.07-19.18.36:498][665]LogParticles: Destroying 0 GPU particle simulations for FXSystem 0x000000000E5ED6C0
[2015.04.07-19.18.36:565][665]LogExit: Object subsystem successfully closed.
[2015.04.07-19.18.36:613][665]LogModuleManager: Shutting down and abandoning module CrashTracker (177)
[2015.04.07-19.18.36:613][665]LogModuleManager: Shutting down and abandoning module SuperSearch (176)
[2015.04.07-19.18.36:613][665]LogModuleManager: Shutting down and abandoning module SceneOutliner (175)
[2015.04.07-19.18.36:613][665]LogModuleManager: Shutting down and abandoning module EditorWidgets (174)
[2015.04.07-19.18.36:613][665]LogModuleManager: Shutting down and abandoning module CollectionManager (173)
[2015.04.07-19.18.36:613][665]LogModuleManager: Shutting down and abandoning module StatsViewer (172)
[2015.04.07-19.18.36:613][665]LogModuleManager: Shutting down and abandoning module FoliageEdit (171)
[2015.04.07-19.18.36:613][665]LogModuleManager: Shutting down and abandoning module LandscapeEditor (170)
[2015.04.07-19.18.36:613][665]LogModuleManager: Shutting down and abandoning module MeshPaint (169)
[2015.04.07-19.18.36:613][665]LogModuleManager: Shutting down and abandoning module ActorPickerMode (168)
[2015.04.07-19.18.36:613][665]LogModuleManager: Shutting down and abandoning module GeometryMode (167)
[2015.04.07-19.18.36:613][665]LogModuleManager: Shutting down and abandoning module TextureAlignMode (166)
[2015.04.07-19.18.36:613][665]LogModuleManager: Shutting down and abandoning module BspMode (165)
[2015.04.07-19.18.36:613][665]LogModuleManager: Shutting down and abandoning module PlacementMode (164)
[2015.04.07-19.18.36:613][665]LogModuleManager: Shutting down and abandoning module AutomationWorker (163)
[2015.04.07-19.18.36:613][665]LogModuleManager: Shutting down and abandoning module CharacterAI (162)
[2015.04.07-19.18.36:613][665]LogModuleManager: Shutting down and abandoning module SmartSnapping (161)
[2015.04.07-19.18.36:613][665]LogModuleManager: Shutting down and abandoning module ViewportSnapping (160)
[2015.04.07-19.18.36:613][665]LogModuleManager: Shutting down and abandoning module LogVisualizer (159)
[2015.04.07-19.18.36:613][665]LogModuleManager: Shutting down and abandoning module GameProjectGeneration (158)
[2015.04.07-19.18.36:613][665]LogModuleManager: Shutting down and abandoning module IntroTutorials (157)
[2015.04.07-19.18.36:613][665]LogModuleManager: Shutting down and abandoning module EditorLiveStreaming (156)
[2015.04.07-19.18.36:613][665]LogModuleManager: Shutting down and abandoning module HardwareTargeting (155)
[2015.04.07-19.18.36:613][665]LogModuleManager: Shutting down and abandoning module DeviceProfileEditor (154)
[2015.04.07-19.18.36:613][665]LogModuleManager: Shutting down and abandoning module UndoHistory (153)
[2015.04.07-19.18.36:613][665]LogModuleManager: Shutting down and abandoning module GameplayTagsEditor (152)
[2015.04.07-19.18.36:613][665]LogModuleManager: Shutting down and abandoning module UserFeedback (151)
[2015.04.07-19.18.36:613][665]LogModuleManager: Shutting down and abandoning module XmlParser (150)
[2015.04.07-19.18.36:613][665]LogModuleManager: Shutting down and abandoning module Blutility (149)
[2015.04.07-19.18.36:613][665]LogModuleManager: Shutting down and abandoning module IOSPlatformEditor (148)
[2015.04.07-19.18.36:613][665]LogModuleManager: Shutting down and abandoning module IOSRuntimeSettings (147)
[2015.04.07-19.18.36:613][665]LogModuleManager: Shutting down and abandoning module AndroidDeviceDetection (146)
[2015.04.07-19.18.36:787][665]LogModuleManager: Shutting down and abandoning module AndroidPlatformEditor (145)
[2015.04.07-19.18.36:787][665]LogModuleManager: Shutting down and abandoning module AndroidRuntimeSettings (144)
[2015.04.07-19.18.36:787][665]LogModuleManager: Shutting down and abandoning module ProjectTargetPlatformEditor (143)
[2015.04.07-19.18.36:787][665]LogModuleManager: Shutting down and abandoning module ProjectSettingsViewer (142)
[2015.04.07-19.18.36:787][665]LogModuleManager: Shutting down and abandoning module InputBindingEditor (141)
[2015.04.07-19.18.36:787][665]LogModuleManager: Shutting down and abandoning module EditorSettingsViewer (140)
[2015.04.07-19.18.36:787][665]LogModuleManager: Shutting down and abandoning module SettingsEditor (139)
[2015.04.07-19.18.36:787][665]LogModuleManager: Shutting down and abandoning module ProjectLauncher (138)
[2015.04.07-19.18.36:787][665]LogModuleManager: Shutting down and abandoning module SessionFrontend (137)
[2015.04.07-19.18.36:787][665]LogModuleManager: Shutting down and abandoning module ProfilerClient (136)
[2015.04.07-19.18.36:787][665]LogModuleManager: Shutting down and abandoning module TargetDeviceServices (135)
[2015.04.07-19.18.36:787][665]LogModuleManager: Shutting down and abandoning module DeviceManager (134)
[2015.04.07-19.18.36:788][665]LogModuleManager: Shutting down and abandoning module AutomationController (133)
[2015.04.07-19.18.36:788][665]LogModuleManager: Shutting down and abandoning module AutomationWindow (132)
[2015.04.07-19.18.36:788][665]LogModuleManager: Shutting down and abandoning module Layers (131)
[2015.04.07-19.18.36:788][665]LogModuleManager: Shutting down and abandoning module ComponentVisualizers (130)
[2015.04.07-19.18.36:788][665]LogModuleManager: Shutting down and abandoning module DetailCustomizations (129)
[2015.04.07-19.18.36:788][665]LogModuleManager: Shutting down and abandoning module PackagesDialog (128)
[2015.04.07-19.18.36:788][665]LogModuleManager: Shutting down and abandoning module AssetRegistry (127)
[2015.04.07-19.18.36:905][665]LogModuleManager: Shutting down and abandoning module Persona (126)
[2015.04.07-19.18.36:905][665]LogModuleManager: Shutting down and abandoning module SlateReflector (125)
[2015.04.07-19.18.36:905][665]LogModuleManager: Shutting down and abandoning module LevelEditor (124)
[2015.04.07-19.18.36:906][665]LogModuleManager: Shutting down and abandoning module Kismet (123)
[2015.04.07-19.18.36:906][665]LogModuleManager: Shutting down and abandoning module GraphEditor (122)
[2015.04.07-19.18.36:906][665]LogModuleManager: Shutting down and abandoning module ClassViewer (121)
[2015.04.07-19.18.36:906][665]LogModuleManager: Shutting down and abandoning module Toolbox (120)
[2015.04.07-19.18.36:906][665]LogModuleManager: Shutting down and abandoning module ModuleUI (119)
[2015.04.07-19.18.36:906][665]LogModuleManager: Shutting down and abandoning module MovieSceneTools (118)
[2015.04.07-19.18.36:906][665]LogModuleManager: Shutting down and abandoning module OutputLog (117)
[2015.04.07-19.18.36:906][665]LogModuleManager: Shutting down and abandoning module GammaUI (116)
[2015.04.07-19.18.36:906][665]LogModuleManager: Shutting down and abandoning module Documentation (115)
[2015.04.07-19.18.36:906][665]LogModuleManager: Shutting down and abandoning module GameLiveStreaming (114)
[2015.04.07-19.18.36:906][665]LogModuleManager: Shutting down and abandoning module StreamingPauseRendering (113)
[2015.04.07-19.18.36:907][665]LogModuleManager: Shutting down and abandoning module HTTP (112)
[2015.04.07-19.18.36:907][665]LogModuleManager: Shutting down and abandoning module AnalyticsET (111)
[2015.04.07-19.18.36:907][665]LogModuleManager: Shutting down and abandoning module Analytics (110)
[2015.04.07-19.18.36:907][665]LogModuleManager: Shutting down and abandoning module AITestSuite (109)
[2015.04.07-19.18.36:907][665]LogModuleManager: Shutting down and abandoning module GameplayDebugger (108)
[2015.04.07-19.18.36:907][665]LogModuleManager: Shutting down and abandoning module AIModule (107)
[2015.04.07-19.18.36:907][665]LogModuleManager: Shutting down and abandoning module ProfilerService (106)
[2015.04.07-19.18.37:099][665]LogModuleManager: Shutting down and abandoning module TaskGraph (105)
[2015.04.07-19.18.37:099][665]LogModuleManager: Shutting down and abandoning module SlateRemote (104)
[2015.04.07-19.18.37:099][665]LogModuleManager: Shutting down and abandoning module ScriptEditorPlugin (103)
[2015.04.07-19.18.37:099][665]LogModuleManager: Shutting down and abandoning module CustomMeshComponent (102)
[2015.04.07-19.18.37:099][665]LogModuleManager: Shutting down and abandoning module CableComponent (101)
[2015.04.07-19.18.37:099][665]LogModuleManager: Shutting down and abandoning module MessagingDebugger (100)
[2015.04.07-19.18.37:099][665]LogModuleManager: Shutting down and abandoning module MediaPlayerEditor (99)
[2015.04.07-19.18.37:099][665]LogModuleManager: Shutting down and abandoning module SpeedTreeImporter (98)
[2015.04.07-19.18.37:099][665]LogModuleManager: Shutting down and abandoning module PluginsEditor (97)
[2015.04.07-19.18.37:099][665]LogModuleManager: Shutting down and abandoning module MainFrame (96)
[2015.04.07-19.18.37:099][665]LogModuleManager: Shutting down and abandoning module EpicSurvey (95)
[2015.04.07-19.18.37:099][665]LogModuleManager: Shutting down and abandoning module DesktopPlatform (94)
[2015.04.07-19.18.37:099][665]LogModuleManager: Shutting down and abandoning module DirectoryWatcher (93)
[2015.04.07-19.18.37:100][665]LogModuleManager: Shutting down and abandoning module HotReload (92)
[2015.04.07-19.18.37:100][665]LogModuleManager: Shutting down and abandoning module VisualStudioSourceCodeAccess (91)
[2015.04.07-19.18.37:100][665]LogModuleManager: Shutting down and abandoning module UObjectPlugin (90)
[2015.04.07-19.18.37:100][665]LogModuleManager: Shutting down and abandoning module SubversionSourceControl (89)
[2015.04.07-19.18.37:100][665]LogModuleManager: Shutting down and abandoning module PerforceSourceControl (88)
[2015.04.07-19.18.37:100][665]LogModuleManager: Shutting down and abandoning module SourceControl (87)
[2015.04.07-19.18.37:100][665]LogModuleManager: Shutting down and abandoning module GitSourceControl (86)
[2015.04.07-19.18.37:100][665]LogModuleManager: Shutting down and abandoning module BlankPlugin (85)
[2015.04.07-19.18.37:100][665]LogModuleManager: Shutting down and abandoning module PaperTiledImporter (84)
[2015.04.07-19.18.37:100][665]LogModuleManager: Shutting down and abandoning module PaperJsonImporter (83)
[2015.04.07-19.18.37:100][665]LogModuleManager: Shutting down and abandoning module ContentBrowser (82)
[2015.04.07-19.18.37:101][665]LogModuleManager: Shutting down and abandoning module Paper2DEditor (81)
[2015.04.07-19.18.37:101][665]LogModuleManager: Shutting down and abandoning module ScriptPlugin (80)
[2015.04.07-19.18.37:101][665]LogModuleManager: Shutting down and abandoning module UdpMessaging (79)
[2015.04.07-19.18.37:201][665]LogModuleManager: Shutting down and abandoning module Paper2D (78)
[2015.04.07-19.18.37:201][665]LogModuleManager: Shutting down and abandoning module WindowsMoviePlayer (77)
[2015.04.07-19.18.37:205][665]LogModuleManager: Shutting down and abandoning module Media (76)
[2015.04.07-19.18.37:205][665]LogModuleManager: Shutting down and abandoning module WmfMedia (75)
[2015.04.07-19.18.37:206][665]LogModuleManager: Shutting down and abandoning module OnlineBlueprintSupport (74)
[2015.04.07-19.18.37:206][665]LogModuleManager: Shutting down and abandoning module PropertyEditor (73)
[2015.04.07-19.18.37:206][665]LogModuleManager: Shutting down and abandoning module BehaviorTreeEditor (72)
[2015.04.07-19.18.37:206][665]LogModuleManager: Shutting down and abandoning module FunctionalTesting (71)
[2015.04.07-19.18.37:206][665]LogModuleManager: Shutting down and abandoning module CollisionAnalyzer (70)
[2015.04.07-19.18.37:206][665]LogModuleManager: Shutting down and abandoning module WorkspaceMenuStructure (69)
[2015.04.07-19.18.37:206][665]LogModuleManager: Shutting down and abandoning module MessageLog (68)
[2015.04.07-19.18.37:206][665]LogModuleManager: Shutting down and abandoning module Sequencer (67)
[2015.04.07-19.18.37:206][665]LogModuleManager: Shutting down and abandoning module AssetTools (66)
[2015.04.07-19.18.37:206][665]LogModuleManager: Shutting down and abandoning module UMGEditor (65)
[2015.04.07-19.18.37:206][665]LogModuleManager: Shutting down and abandoning module UMG (64)
[2015.04.07-19.18.37:206][665]LogModuleManager: Shutting down and abandoning module Slate (63)
[2015.04.07-19.18.37:206][665]LogModuleManager: Shutting down and abandoning module EditorStyle (62)
[2015.04.07-19.18.37:212][665]LogModuleManager: Shutting down and abandoning module SessionServices (61)
[2015.04.07-19.18.37:212][665]LogModuleManager: Shutting down and abandoning module SourceCodeAccess (60)
[2015.04.07-19.18.37:212][665]LogModuleManager: Shutting down and abandoning module HeadMountedDisplay (59)
[2015.04.07-19.18.37:212][665]LogModuleManager: Shutting down and abandoning module XAudio2 (58)
[2015.04.07-19.18.37:212][665]LogModuleManager: Shutting down and abandoning module Networking (56)
[2015.04.07-19.18.37:212][665]LogModuleManager: Shutting down and abandoning module Core (55)
[2015.04.07-19.18.37:212][665]LogModuleManager: Shutting down and abandoning module KismetCompiler (54)
[2015.04.07-19.18.37:212][665]LogModuleManager: Shutting down and abandoning module PhysXFormats (53)
[2015.04.07-19.18.37:212][665]LogModuleManager: Shutting down and abandoning module MeshUtilities (52)
[2015.04.07-19.18.37:212][665]LogModuleManager: Shutting down and abandoning module DerivedDataCache (51)
[2015.04.07-19.18.37:239][665]LogDerivedDataCache: Shutdown
[2015.04.07-19.18.37:239][665]LogModuleManager: Shutting down and abandoning module ShaderFormatOpenGL (50)
[2015.04.07-19.18.37:239][665]LogModuleManager: Shutting down and abandoning module ShaderFormatD3D (49)
[2015.04.07-19.18.37:239][665]LogModuleManager: Shutting down and abandoning module MetalShaderFormat (48)
[2015.04.07-19.18.37:239][665]LogModuleManager: Shutting down and abandoning module TextureFormatUncompressed (47)
[2015.04.07-19.18.37:239][665]LogModuleManager: Shutting down and abandoning module TextureFormatPVR (46)
[2015.04.07-19.18.37:239][665]LogModuleManager: Shutting down and abandoning module TextureFormatIntelISPCTexComp (45)
[2015.04.07-19.18.37:239][665]LogModuleManager: Shutting down and abandoning module TextureFormatDXT (44)
[2015.04.07-19.18.37:239][665]LogModuleManager: Shutting down and abandoning module ImageWrapper (43)
[2015.04.07-19.18.37:239][665]LogModuleManager: Shutting down and abandoning module TextureFormatASTC (42)
[2015.04.07-19.18.37:239][665]LogModuleManager: Shutting down and abandoning module TextureFormatAndroid (41)
[2015.04.07-19.18.37:239][665]LogModuleManager: Shutting down and abandoning module AudioFormatOpus (40)
[2015.04.07-19.18.37:239][665]LogModuleManager: Shutting down and abandoning module AudioFormatOgg (39)
[2015.04.07-19.18.37:239][665]LogModuleManager: Shutting down and abandoning module AudioFormatADPCM (38)
[2015.04.07-19.18.37:239][665]LogModuleManager: Shutting down and abandoning module LinuxTargetPlatform (37)
[2015.04.07-19.18.37:239][665]LogModuleManager: Shutting down and abandoning module LinuxServerTargetPlatform (36)
[2015.04.07-19.18.37:239][665]LogModuleManager: Shutting down and abandoning module LinuxNoEditorTargetPlatform (35)
[2015.04.07-19.18.37:239][665]LogModuleManager: Shutting down and abandoning module Messaging (34)
[2015.04.07-19.18.37:239][665]LogModuleManager: Shutting down and abandoning module IOSTargetPlatform (33)
[2015.04.07-19.18.37:239][665]LogModuleManager: Shutting down and abandoning module HTML5TargetPlatform (32)
[2015.04.07-19.18.37:239][665]LogModuleManager: Shutting down and abandoning module Android_PVRTCTargetPlatform (31)
[2015.04.07-19.18.37:239][665]LogModuleManager: Shutting down and abandoning module Android_ETC2TargetPlatform (30)
[2015.04.07-19.18.37:239][665]LogModuleManager: Shutting down and abandoning module Android_ETC1TargetPlatform (29)
[2015.04.07-19.18.37:239][665]LogModuleManager: Shutting down and abandoning module Android_ES31TargetPlatform (28)
[2015.04.07-19.18.37:239][665]LogModuleManager: Shutting down and abandoning module Android_DXTTargetPlatform (27)
[2015.04.07-19.18.37:239][665]LogModuleManager: Shutting down and abandoning module Android_ATCTargetPlatform (26)
[2015.04.07-19.18.37:239][665]LogModuleManager: Shutting down and abandoning module AndroidTargetPlatform (25)
[2015.04.07-19.18.37:239][665]LogModuleManager: Shutting down and abandoning module WindowsTargetPlatform (24)
[2015.04.07-19.18.37:239][665]LogModuleManager: Shutting down and abandoning module WindowsServerTargetPlatform (23)
[2015.04.07-19.18.37:239][665]LogModuleManager: Shutting down and abandoning module WindowsNoEditorTargetPlatform (22)
[2015.04.07-19.18.37:239][665]LogModuleManager: Shutting down and abandoning module WindowsClientTargetPlatform (21)
[2015.04.07-19.18.37:239][665]LogModuleManager: Shutting down and abandoning module TargetPlatform (20)
[2015.04.07-19.18.37:239][665]LogModuleManager: Shutting down and abandoning module InputCore (19)
[2015.04.07-19.18.37:239][665]LogModuleManager: Shutting down and abandoning module Settings (18)
[2015.04.07-19.18.37:239][665]LogModuleManager: Shutting down and abandoning module OnlineSubsystem (16)
[2015.04.07-19.18.37:239][665]LogModuleManager: Shutting down and abandoning module OculusRift (15)
[2015.04.07-19.18.37:239][665]LogModuleManager: Shutting down and abandoning module ExampleDeviceProfileSelector (14)
[2015.04.07-19.18.37:239][665]LogModuleManager: Shutting down and abandoning module TextureCompressor (13)
[2015.04.07-19.18.37:239][665]LogModuleManager: Shutting down and abandoning module ShaderCore (12)
[2015.04.07-19.18.37:239][665]LogModuleManager: Shutting down and abandoning module Landscape (11)
[2015.04.07-19.18.37:239][665]LogModuleManager: Shutting down and abandoning module SlateRHIRenderer (10)
[2015.04.07-19.18.37:240][665]LogModuleManager: Shutting down and abandoning module OpenGLDrv (9)
[2015.04.07-19.18.37:240][665]LogModuleManager: Shutting down and abandoning module D3D11RHI (8)
[2015.04.07-19.18.37:240][665]LogModuleManager: Shutting down and abandoning module Renderer (7)
[2015.04.07-19.18.37:240][665]LogModuleManager: Shutting down and abandoning module Engine (6)
[2015.04.07-19.18.37:240][665]LogModuleManager: Shutting down and abandoning module CoreUObject (5)
[2015.04.07-19.18.37:240][665]LogModuleManager: Shutting down and abandoning module NetworkFile (4)
[2015.04.07-19.18.37:240][665]LogModuleManager: Shutting down and abandoning module StreamingFile (3)
[2015.04.07-19.18.37:240][665]LogModuleManager: Shutting down and abandoning module SandboxFile (2)
[2015.04.07-19.18.37:241][665]LogModuleManager: Shutting down and abandoning module PakFile (1)
[2015.04.07-19.18.37:241][665]LogExit: Exiting.
[2015.04.07-19.18.37:246][665]Log file closed, 04/07/15 14:18:37
