Log file open, 03/27/15 09:18:58
LogInit:Display: Running engine for game: ENPo
LogInit: Version: 4.7.3-2479750+++depot+UE4-Releases+4.7
LogInit: API Version: 2455222
LogInit: Compiled (64-bit): Mar 15 2015 23:20:45
LogInit: Compiled with Visual C++: 18.00.21005.01
LogInit: Build Configuration: Development
LogInit: Branch Name: ++depot+UE4-Releases+4.7
LogInit: Command line:  
LogInit: Base directory: C:/Program Files/Epic Games/4.7/Engine/Binaries/Win64/
LogInit: Rocket: 1
[2015.03.27-14.18.58:072][  0]LogTaskGraph: Started task graph with 3 named threads and 6 total threads.
[2015.03.27-14.18.58:143][  0]LogOnline:Warning: No default platform service specified for OnlineSubsystem
[2015.03.27-14.18.58:154][  0]LogInit: Presizing for 0 objects not considered by GC, pre-allocating 0 bytes.
[2015.03.27-14.18.58:162][  0]LogInit: Object subsystem initialized
[2015.03.27-14.18.58:163][  0]LogConsoleResponse:Warning: Skipping Unknown console variable: 'TranslucentSortAxis = (X=0.000000,Y=-1.000000,Z=0.000000)'
[2015.03.27-14.18.58:163][  0]LogConsoleResponse:Warning:   Found in ini file 'C:/Users/Jeremy Martin/Documents/GitHub/turbo-archer/ENPo/Saved/Config/Windows/Engine.ini', in section '[/Script/Engine.RendererSettings]'
[2015.03.27-14.18.58:163][  0]LogConsoleResponse:Warning: Skipping Unknown console variable: 'UIScaleRule = ShortestSide'
[2015.03.27-14.18.58:163][  0]LogConsoleResponse:Warning:   Found in ini file 'C:/Users/Jeremy Martin/Documents/GitHub/turbo-archer/ENPo/Saved/Config/Windows/Engine.ini', in section '[/Script/Engine.RendererSettings]'
[2015.03.27-14.18.58:163][  0]LogConsoleResponse:Warning: Skipping Unknown console variable: 'UIScaleCurve = (EditorCurveData=(Keys=),ExternalCurve=None)'
[2015.03.27-14.18.58:163][  0]LogConsoleResponse:Warning:   Found in ini file 'C:/Users/Jeremy Martin/Documents/GitHub/turbo-archer/ENPo/Saved/Config/Windows/Engine.ini', in section '[/Script/Engine.RendererSettings]'
[2015.03.27-14.18.58:164][  0]LogInit: Selected Device Profile: [Windows]
[2015.03.27-14.18.58:164][  0]LogInit: Applying CVar settings loaded from the selected device profile: [Windows]
[2015.03.27-14.18.58:169][  0]LogInit: Computer: JEREMYMARTIN-PC
[2015.03.27-14.18.58:169][  0]LogInit: User: JeremyMartin
[2015.03.27-14.18.58:169][  0]LogInit: CPU Page size=4096, Cores=4
[2015.03.27-14.18.58:169][  0]LogInit: High frequency timer resolution =2.728222 MHz
[2015.03.27-14.18.58:169][  0]LogMemory: Memory total: Physical=7.9GB (8GB approx) Virtual=8192.0GB
[2015.03.27-14.18.58:169][  0]LogMemory: Platform Memory Stats for Windows
[2015.03.27-14.18.58:169][  0]LogMemory: Process Physical Memory: 48.65 MB used, 48.65 MB peak
[2015.03.27-14.18.58:169][  0]LogMemory: Process Virtual Memory: 26.59 MB used, 26.60 MB peak
[2015.03.27-14.18.58:169][  0]LogMemory: Physical Memory: 3942.68 MB used, 8097.22 MB total
[2015.03.27-14.18.58:169][  0]LogMemory: Virtual Memory: 279.38 MB used, 8388608.00 MB total
[2015.03.27-14.18.58:198][  0]LogD3D11RHI: Found D3D11 adapter 0: Intel(R) HD Graphics 4600 (Feature Level 11_0)
[2015.03.27-14.18.58:198][  0]LogD3D11RHI: Adapter has 2094MB of dedicated video memory, 0MB of dedicated system memory, and 3792MB of shared system memory, 1 output[s]
[2015.03.27-14.18.58:198][  0]LogD3D11RHI: Chosen D3D11 Adapter Id = 0
[2015.03.27-14.18.58:203][  0]LogRHI: Texture pool is 1361 MB (70% of 1945 MB)
[2015.03.27-14.18.58:214][  0]LogD3D11RHI: Async texture creation enabled
[2015.03.27-14.18.58:256][  0]LogTextLocalizationManager: The requested culture ('en_US') has no localization data; parent culture's ('en') localization data will be used.
[2015.03.27-14.18.58:307][  0]LogTextLocalizationManager:Warning: Loading localization resources contain conflicting entries for (Namespace:UICommands, Key:Save_ToolTip):
Resource: (C:/Program Files/Epic Games/4.7/Engine/Content/Localization/Editor/en/Editor.locres) Hash: (-29098895) String: (Saves the current level to disk)
Resource: (C:/Program Files/Epic Games/4.7/Engine/Content/Localization/Engine/en/Engine.locres) Hash: (-1280300587) String: (Save selected data to vlog file)
[2015.03.27-14.18.58:307][  0]LogTextLocalizationManager:Warning: Loading localization resources contain conflicting entries for (Namespace:ContentBrowser, Key:ImportAssetToolTip):
Resource: (C:/Program Files/Epic Games/4.7/Engine/Content/Localization/Editor/en/Editor.locres) Hash: (-630476809) String: (Import to {0}...)
Resource: (C:/Program Files/Epic Games/4.7/Engine/Content/Localization/Editor/en/Editor.locres) Hash: (1271782899) String: (Imports an asset from file to this folder.)
[2015.03.27-14.18.58:379][  0]LogContentStreaming: Texture pool size is 0.000000MB
[2015.03.27-14.19.00:444][  0]LogTargetPlatformManager:Display: Building Assets For Windows
[2015.03.27-14.19.00:893][  0]LogTargetPlatformManager:Display: Building Assets For Windows
[2015.03.27-14.19.00:945][  0]LogDerivedDataCache:Display: Max Cache Size: 512 MB
[2015.03.27-14.19.00:990][  0]LogDerivedDataCache: Loaded boot cache 0.05s 39MB C:/Users/Jeremy Martin/AppData/Local/UnrealEngine/4.7/DerivedDataCache/Boot.ddc.
[2015.03.27-14.19.00:990][  0]LogDerivedDataCache:Display: Loaded Boot cache: C:/Users/Jeremy Martin/AppData/Local/UnrealEngine/4.7/DerivedDataCache/Boot.ddc
[2015.03.27-14.19.00:990][  0]LogDerivedDataCache: FDerivedDataBackendGraph:  Pak pak cache file ../../../../../../Users/Jeremy Martin/Documents/GitHub/turbo-archer/ENPo/DerivedDataCache/DDC.ddp not found, will not use a pak cache.
[2015.03.27-14.19.00:990][  0]LogDerivedDataCache: Unable to find inner node Pak for hierarchical cache Hierarchy.
[2015.03.27-14.19.01:100][  0]LogDerivedDataCache:Display: Pak cache opened for reading ../../../Engine/DerivedDataCache/Compressed.ddp.
[2015.03.27-14.19.01:111][  0]LogDerivedDataCache: Using Local data cache path C:/Users/Jeremy Martin/AppData/Local/UnrealEngine/Common/DerivedDataCache: Writable
[2015.03.27-14.19.01:378][  0]LogMeshUtilities: No automatic mesh reduction module available
[2015.03.27-14.19.01:378][  0]LogMeshUtilities: No automatic mesh merging module available
[2015.03.27-14.19.01:882][  0]LogInit: WinSock: version 1.1 (2.2), MaxSocks=32767, MaxUdp=65467
[2015.03.27-14.19.01:947][  0]LogSlate:Warning: Failed to load font data from '../../../Engine/Content/Slate/Fonts/Roboto-Italic.ttf'
[2015.03.27-14.19.02:687][  0]UdpMessaging: Initializing bridge on interface 0.0.0.0:0 to multicast group 230.0.0.1:6666.
[2015.03.27-14.19.02:968][  0]SourceControl: Info Source control is disabled
[2015.03.27-14.19.02:968][  0]SourceControl: Info Source control is disabled
[2015.03.27-14.19.02:968][  0]SourceControl: Info Source control is disabled
[2015.03.27-14.19.02:968][  0]LogSourceControl: RunCommandInternalRaw: 'git version'
[2015.03.27-14.19.02:968][  0]LogSourceControl: RunCommandInternalRaw: ExecProcess ReturnCode=2 OutResults=''
[2015.03.27-14.19.02:977][  0]SourceControl: Info Source control is disabled
[2015.03.27-14.19.03:134][  0]LogObj: 24231 objects as part of root set at end of initial load.
[2015.03.27-14.19.03:134][  0]LogUObjectAllocator: 5136440 out of 0 bytes used by permanent object pool.
[2015.03.27-14.19.03:204][  0]LogEngine: Initializing Engine...
[2015.03.27-14.19.05:369][  0]LogInit: XAudio2 using 'Headset Earphone (Razer Kraken 7.1 Chroma)' : 2 channels at 44.1 kHz using 16 bits per sample (channel mask 0x3)
[2015.03.27-14.19.05:388][  0]LogInit: FAudioDevice initialized.
[2015.03.27-14.19.05:419][  0]LogAIModule: Creating AISystem for world NewWorld
[2015.03.27-14.19.05:441][  0]LogDerivedDataCache: Saved boot cache 0.02s 39MB C:/Users/Jeremy Martin/AppData/Local/UnrealEngine/4.7/DerivedDataCache/Boot.ddc.
[2015.03.27-14.19.05:443][  0]LogInit: Texture streaming: Enabled
[2015.03.27-14.19.05:517][  0]LogAnalytics: Creating configured Analytics provider AnalyticsET
[2015.03.27-14.19.05:517][  0]LogAnalytics: ET APIKey = Rocket.Release. APIServer = http://et2.epicgames.com/ET2/. AppVersion = 4.7.3-2479750+++depot+UE4-Releases+4.7
[2015.03.27-14.19.05:517][  0]LogAnalytics: ET APIKey = Rocket.Release. DataRouterUploadURL = https://datarouter-public-service-gamedev.ol.epicgames.net/datarouter/api/v1/public/data. AppVersion = 4.7.3-2479750+++depot+UE4-Releases+4.7
[2015.03.27-14.19.05:541][  0]LogAnalytics: SetUserId 4faf2b8f401686a57575ecb438c58793|93efd1466ca449a7a50c61e21231fb4f|d21d11dd-cad7-4eb6-8377-a86052e53efe
[2015.03.27-14.19.05:541][  0]LogAnalytics: AnalyticsET::StartSession [Rocket.Release]
[2015.03.27-14.19.05:592][  0]LogInit: Transaction tracking system initialized
[2015.03.27-14.19.05:738][  0]BlueprintLog: New page: Editor Load
[2015.03.27-14.19.05:768][  0]LogAssetRegistry: FAssetRegistry took 0.0096 seconds to start up
[2015.03.27-14.19.05:768][  0]LogDirectoryWatcher:Warning: Failed to begin reading directory changes for ../../../Engine/Plugins/Experimental/CharacterAI/Content/. Error: 0
[2015.03.27-14.19.06:255][  0]LogTargetPlatformManager:Display: Building Assets For Windows
[2015.03.27-14.19.06:606][  0]LogTargetPlatformManager:Display: Building Assets For Windows
[2015.03.27-14.19.06:854][  0]LogSlate:Warning: Failed to load font data from '../../../Engine/Content/Editor/Slate/Fonts/Roboto-Regular.ttf'
[2015.03.27-14.19.06:854][  0]LogSlate:Warning: Failed to load font data from '../../../Engine/Content/Editor/Slate/Fonts/Roboto-Bold.ttf'
[2015.03.27-14.19.06:859][  0]LogConsoleResponse:Display: 
[2015.03.27-14.19.06:965][  0]LogCook:Display: Done creating registry. It took  0.00s.
[2015.03.27-14.19.07:088][  0]SourceControl: Info Source control is disabled
[2015.03.27-14.19.07:088][  0]Cmd: MAP LOAD FILE="../../../../../../Users/Jeremy Martin/Documents/GitHub/turbo-archer/ENPo/Content/PuzzleBP/Maps/PuzzleExampleMap.umap" TEMPLATE=0 SHOWPROGRESS=1 FEATURELEVEL=3
[2015.03.27-14.19.07:088][  0]LightingResults: New page: Lighting Build
[2015.03.27-14.19.07:099][  0]MapCheck: New page: Map Check
[2015.03.27-14.19.07:099][  0]LightingResults: New page: Lighting Build
[2015.03.27-14.19.07:105][  0]LogParticles: Destroying 0 GPU particle simulations for FXSystem 0x00000000141D8D60
[2015.03.27-14.19.07:371][  0]LogBlueprint:Warning: [compiler] Warning Node  Unknown  is not referencing a valid level actor
[2015.03.27-14.19.07:372][  0]LogBlueprint:Warning: [compiler] Warning [0011.07] Compile of PuzzleExampleMap successful, but with 1 Warning(s) [in 5 ms]
[2015.03.27-14.19.07:372][  0]LogBlueprint:Warning: [compiler] Warning [0011.07] Compile of PuzzleExampleMap successful, but with 2 Warning(s) [in 0 ms]
[2015.03.27-14.19.07:372][  0]LogBlueprint:Warning: [compiler] Warning [0011.07] Compile of PuzzleExampleMap successful, but with 3 Warning(s) [in 0 ms]
[2015.03.27-14.19.07:372][  0]LogBlueprint:Warning: [compiler] Warning [0011.07] Compile of PuzzleExampleMap successful, but with 4 Warning(s) [in 0 ms]
[2015.03.27-14.19.07:377][  0]LogBlueprint:Warning: [compiler] Warning Node  Unknown  is not referencing a valid level actor
[2015.03.27-14.19.07:378][  0]LogBlueprint:Warning: [compiler] Warning [0011.07] Compile of PuzzleExampleMap successful, but with 1 Warning(s) [in 5 ms]
[2015.03.27-14.19.07:378][  0]LogBlueprint:Warning: [compiler] Warning [0011.08] Compile of PuzzleExampleMap successful, but with 2 Warning(s) [in 0 ms]
[2015.03.27-14.19.07:547][  0]LogEditorServer: Finished looking for orphan Actors (0.000 secs)
[2015.03.27-14.19.07:618][  0]LogAIModule: Creating AISystem for world PuzzleExampleMap
[2015.03.27-14.19.07:619][  0]Cmd: MAP CHECKDEP
[2015.03.27-14.19.07:619][  0]MapCheck: New page: PuzzleExampleMap - Mar 27, 2015, 4:19:07 AM
[2015.03.27-14.19.07:688][  0]MapCheck: Info Map check complete: 0 Error(s), 0 Warning(s), took 68.9ms to complete.
[2015.03.27-14.19.07:688][  0]LogFileHelpers: Loading map 'PuzzleExampleMap' took 0.600
[2015.03.27-14.19.07:818][  0]LogCollectionManager: Loaded 0 collections in 0.001832 seconds
[2015.03.27-14.19.07:829][  0]LogContentBrowser: Native class hierarchy populated in 0.0103 seconds. Added 1696 classes and 261 folders.
[2015.03.27-14.19.07:862][  0]LogContentBrowser: Native class hierarchy updated for 'SceneOutliner' in 0.0015 seconds. Added 1 classes and 2 folders.
[2015.03.27-14.19.07:918][  0]LogCrashTracker: Crashtracker disabled due to settings.
[2015.03.27-14.19.07:919][  0]LogSlate:Warning: Failed to load font data from 'Veranda'
[2015.03.27-14.19.07:926][  0]LogUObjectGlobals:Warning: Failed to find object 'Class None.'
[2015.03.27-14.19.07:954][  0]LogLoad: Full Startup: 11.65 seconds (BP compile: 0.11 seconds)
[2015.03.27-14.19.08:407][  0]LogContentBrowser:Verbose: The content browser source was changed by the sources view to '/Game/StarterContent/Particles'
[2015.03.27-14.19.08:509][  0]LogRenderer:Warning: Reallocating scene render targets to support 32x32 (Frame:2).
[2015.03.27-14.19.09:328][  0]LogRenderer:Warning: Reallocating scene render targets to support 984x568 (Frame:10).
[2015.03.27-14.19.10:597][  4]LogAssetRegistry: Asset discovery search completed in 4.8394 seconds
[2015.03.27-14.19.13:389][ 67]LogEditorViewport: Clicking on Actor (LMB): Emitter (P_Fire)
[2015.03.27-14.19.19:719][154]Cmd: DELETE
[2015.03.27-14.19.19:719][154]Cmd: ACTOR DELETE
[2015.03.27-14.19.19:739][154]LogEditorActor: Deleted Actor: Emitter
[2015.03.27-14.19.19:740][154]LogActorComponent: UnregisterComponent: (/Engine/Transient.CharMoveComp) Not registered. Aborting.
[2015.03.27-14.19.19:794][154]LogEditorActor: Deleted 1 Actors (0.075 secs)
[2015.03.27-14.19.24:202][225]LogEditorViewport: Clicking on Actor (LMB): PointLight (PointLight)
[2015.03.27-14.19.26:619][262]Cmd: DELETE
[2015.03.27-14.19.26:619][262]Cmd: ACTOR DELETE
[2015.03.27-14.19.26:625][262]LogEditorActor: Deleted Actor: PointLight
[2015.03.27-14.19.26:704][262]LogEditorActor: Deleted 1 Actors (0.085 secs)
[2015.03.27-14.19.38:736][455]MapCheck: New page: Map Check
[2015.03.27-14.19.38:873][455]LightingResults: New page: Lighting Build - Mar 27, 2015, 4:19:38 AM
[2015.03.27-14.19.44:510][455]LogStaticLightingSystem: Running Lightmass w/ ImmediateImport mode ENABLED
[2015.03.27-14.19.44:510][455]LogStaticLightingSystem: Running Lightmass w/ ImmediateProcess mode ENABLED
[2015.03.27-14.19.44:510][455]LogStaticLightingSystem: Running Lightmass w/ Sorting mode ENABLED
[2015.03.27-14.19.44:510][455]LogStaticLightingSystem: Running Lightmass w/ Mapping paddings ENABLED
[2015.03.27-14.19.44:510][455]LogStaticLightingSystem: Running Lightmass w/ Mapping debug paddings DISABLED
[2015.03.27-14.19.44:643][455]LogEditorBuildUtils: Build time 0:00:05
[2015.03.27-14.19.50:338][527]Job is a success!
[2015.03.27-14.19.51:291][528]LogTexture:Display: Building textures: HQ_Lightmap0_1 (AutoDXT)
[2015.03.27-14.19.51:469][528]LogTexture:Display: Building textures: LQ_Lightmap_0_4 (DXT1)
[2015.03.27-14.19.51:471][528]LogTexture:Display: Building textures: HQ_Lightmap0_4 (AutoDXT)
[2015.03.27-14.19.51:478][528]LogTexture:Display: Building textures: LQ_Lightmap_0_3 (DXT1)
[2015.03.27-14.19.51:482][528]LogTexture:Display: Building textures: HQ_Lightmap0_3 (AutoDXT)
[2015.03.27-14.19.51:493][528]LogTexture:Display: Building textures: LQ_Lightmap_0_2 (DXT1)
[2015.03.27-14.19.51:550][528]LogTexture:Display: Building textures: HQ_Lightmap0_2 (AutoDXT)
[2015.03.27-14.19.51:654][528]LogTexture:Display: Building textures: LQ_Lightmap_0_1 (DXT1)
[2015.03.27-14.19.52:076][528]Lightmass on JEREMYMARTIN-PC: 5.78 sec total, 143 ms importing, 0 ms setup, 259 ms photons, 5.35 sec processing, 0 ms extra exporting [135/135 mappings]. Threads: 37.2 sec total, 19.7 sec processing.
[2015.03.27-14.19.52:239][528]LogStaticLightingSystem: Illumination: 13.1 sec (625 ms encoding lightmaps)
[2015.03.27-14.19.52:240][528]LogStaticLightingSystem: Lightmap texture memory:  2.7 MB (0.0 MB streaming, 2.7 MB non-streaming), 8 textures
[2015.03.27-14.19.52:240][528]LogStaticLightingSystem: Shadowmap texture memory: 0.0 MB (0.0 MB streaming, 0.0 MB non-streaming), 0 textures
[2015.03.27-14.20.03:535][529]Cmd: MAP CHECK NOTIFYRESULTS
[2015.03.27-14.20.03:535][529]MapCheck: New page: PuzzleExampleMap - Mar 27, 2015, 4:20:03 AM
[2015.03.27-14.20.03:633][529]MapCheck: Info Map check complete: 0 Error(s), 0 Warning(s), took 97.727ms to complete.
[2015.03.27-14.20.21:669][903]LogEditorViewport: Clicking on Actor (LMB): RunnerCharacter_C (RunnerCharacter)
[2015.03.27-14.20.32:889][420]LogRenderer:Warning: Reallocating scene render targets to support 1144x896 (Frame:857).
[2015.03.27-14.20.41:324][541]BlueprintLog: New page: Compile RunnerCharacter
[2015.03.27-14.20.41:716][541]Cmd: OBJ SAVEPACKAGE PACKAGE="/Game/Blueprints/RunnerCharacter" FILE="../../../../../../Users/Jeremy Martin/Documents/GitHub/turbo-archer/ENPo/Content/Blueprints/RunnerCharacter.uasset" SILENT=true
[2015.03.27-14.20.42:148][541]LogSavePackage: Save=417.916870ms
[2015.03.27-14.20.42:148][541]LogSavePackage: Moving '../../../../../../Users/Jeremy Martin/Documents/GitHub/turbo-archer/ENPo/Saved/RunnerCharacterF4E9808B409902D3A54B7FB214294D01.tmp' to '../../../../../../Users/Jeremy Martin/Documents/GitHub/turbo-archer/ENPo/Content/Blueprints/RunnerCharacter.uasset'
[2015.03.27-14.20.42:155][541]BlueprintEditorCompileResults: Info [0105.85] Compile of RunnerCharacter successful! [in 831 ms]
[2015.03.27-14.21.04:464][877]LogEditorViewport: Clicking on Actor (LMB): skyB_C (skyB)
[2015.03.27-14.21.05:108][889]LogEditorViewport: Clicking on Actor (LMB): LightmassImportanceVolume (LightmassImportanceVolume)
[2015.03.27-14.21.29:623][343]LogEditorViewport: Clicking on Actor (LMB): skyB_C (skyB)
[2015.03.27-14.21.40:318][556]LogEditorViewport: Clicking on Actor (LMB): LightmassImportanceVolume (LightmassImportanceVolume)
[2015.03.27-14.21.54:037][840]LogEditorViewport: Clicking on Actor (LMB): skyB_C (skyB)
[2015.03.27-14.21.56:566][891]LogEditorViewport: Clicking on Actor (LMB): LightmassImportanceVolume (LightmassImportanceVolume)
[2015.03.27-14.22.06:880][ 99]LogEditorViewport: Clicking on Actor (LMB): skyB_C (skyB)
[2015.03.27-14.22.08:464][130]LogEditorViewport: Clicking on Actor (LMB): LightmassImportanceVolume (LightmassImportanceVolume)
[2015.03.27-14.22.17:478][292]LogEditorViewport: Clicking on Actor (LMB): LightmassImportanceVolume (LightmassImportanceVolume)
[2015.03.27-14.22.18:249][306]LogEditorViewport: Clicking on Actor (LMB): LightmassImportanceVolume (LightmassImportanceVolume)
[2015.03.27-14.23.32:356][596]LogActorComponent: UnregisterComponent: (/Engine/Transient.CharMoveComp) Not registered. Aborting.
[2015.03.27-14.29.21:967][127]LogBlueprint:Warning: [compiler] Warning Node  Unknown  is not referencing a valid level actor
[2015.03.27-14.29.21:967][127]LogBlueprint:Warning: [compiler] Warning [0625.63] Compile of PuzzleExampleMap successful, but with 1 Warning(s) [in 6 ms]
[2015.03.27-14.29.21:968][127]LogBlueprint:Warning: [compiler] Warning [0625.63] Compile of PuzzleExampleMap successful, but with 2 Warning(s) [in 0 ms]
[2015.03.27-14.29.21:994][127]LogBlueprint:Warning: [compiler] Warning [0625.65] Compile of PuzzleExampleMap successful, but with 3 Warning(s) [in 26 ms]
[2015.03.27-14.29.21:998][127]LogBlueprint:Warning: [compiler] Warning [0625.66] Compile of PuzzleExampleMap successful, but with 4 Warning(s) [in 3 ms]
[2015.03.27-14.29.21:998][127]LogBlueprint:Warning: [compiler] Warning [0625.66] Compile of PuzzleExampleMap successful, but with 5 Warning(s) [in 0 ms]
[2015.03.27-14.29.21:998][127]LogBlueprint:Warning: [compiler] Warning [0625.66] Compile of PuzzleExampleMap successful, but with 6 Warning(s) [in 0 ms]
[2015.03.27-14.29.22:159][127]LogSavePackage: Save=199.822083ms
[2015.03.27-14.29.22:159][127]LogSavePackage: Moving '../../../../../../Users/Jeremy Martin/Documents/GitHub/turbo-archer/ENPo/Saved/PuzzleExampleMap_Auto1789515D54C5B0E5925832C8D72C005E5.tmp' to '../../../../../../Users/Jeremy Martin/Documents/GitHub/turbo-archer/ENPo/Saved/Autosaves/Game/PuzzleBP/Maps/PuzzleExampleMap_Auto1.umap'
[2015.03.27-14.29.22:187][127]LogFileHelpers: Editor autosave (incl. sublevels) for '/Game/PuzzleBP/Maps/PuzzleExampleMap' took 0.321
[2015.03.27-14.29.22:187][127]LogFileHelpers: Editor autosave (incl. sublevels) for all levels took 0.321
[2015.03.27-14.29.22:220][127]OBJ SavePackage: Generating thumbnails for [1] asset(s) in package [/Game/Blueprints/RunnerCharacter] ([1] browsable assets)...
[2015.03.27-14.29.22:293][127]OBJ SavePackage:     Rendered thumbnail for [Blueprint /Game/Blueprints/RunnerCharacter.RunnerCharacter]
[2015.03.27-14.29.22:293][127]OBJ SavePackage: Finished generating thumbnails for package [/Game/Blueprints/RunnerCharacter]
[2015.03.27-14.29.22:860][127]LogSavePackage: Save=514.850708ms
[2015.03.27-14.29.22:861][127]LogSavePackage: Moving '../../../../../../Users/Jeremy Martin/Documents/GitHub/turbo-archer/ENPo/Saved/RunnerCharacter_Auto1963BD6454D3DBA4B9E28E99209EE40EF.tmp' to '../../../../../../Users/Jeremy Martin/Documents/GitHub/turbo-archer/ENPo/Saved/Autosaves/Game/Blueprints/RunnerCharacter_Auto1.uasset'
[2015.03.27-14.29.22:869][127]LogFileHelpers: Auto-saving content packages took 0.682
[2015.03.27-14.30.13:723][562]LogActorComponent: UnregisterComponent: (/Engine/Transient.CharMoveComp) Not registered. Aborting.
[2015.03.27-14.30.49:115][969]LogContentBrowser:Verbose: The content browser source was changed by the sources view to '/Game/StarterContent/Materials'
[2015.03.27-14.32.39:901][682]LogMaterial: Missing cached shader map for material M_Tech_Hex_Tile_Pulse, compiling. 
[2015.03.27-14.32.39:984][682]LogActorComponent: UnregisterComponent: (/Engine/Transient.CharacterMovementComponent_0) Not registered. Aborting.
[2015.03.27-14.32.46:637][775]BlueprintLog: New page: Compile RunnerCharacter
[2015.03.27-14.32.46:891][775]Cmd: OBJ SAVEPACKAGE PACKAGE="/Game/Blueprints/RunnerCharacter" FILE="../../../../../../Users/Jeremy Martin/Documents/GitHub/turbo-archer/ENPo/Content/Blueprints/RunnerCharacter.uasset" SILENT=true
[2015.03.27-14.32.47:333][775]LogSavePackage: Save=429.901611ms
[2015.03.27-14.32.47:333][775]LogSavePackage: Moving '../../../../../../Users/Jeremy Martin/Documents/GitHub/turbo-archer/ENPo/Saved/RunnerCharacterCA32E8AB45A7D7BBA87D12B4837FAC9B.tmp' to '../../../../../../Users/Jeremy Martin/Documents/GitHub/turbo-archer/ENPo/Content/Blueprints/RunnerCharacter.uasset'
[2015.03.27-14.32.47:341][775]BlueprintEditorCompileResults: Info [0830.99] Compile of RunnerCharacter successful! [in 703 ms]
[2015.03.27-14.33.02:078][ 20]LogEditorViewport: Clicking on Actor (LMB): skyB_C (skyB)
[2015.03.27-14.33.04:442][ 60]MapCheck: New page: Map Check
[2015.03.27-14.33.04:577][ 60]LightingResults: New page: Lighting Build - Mar 27, 2015, 4:33:04 AM
[2015.03.27-14.33.09:795][ 60]LogStaticLightingSystem: Running Lightmass w/ ImmediateImport mode ENABLED
[2015.03.27-14.33.09:795][ 60]LogStaticLightingSystem: Running Lightmass w/ ImmediateProcess mode ENABLED
[2015.03.27-14.33.09:795][ 60]LogStaticLightingSystem: Running Lightmass w/ Sorting mode ENABLED
[2015.03.27-14.33.09:795][ 60]LogStaticLightingSystem: Running Lightmass w/ Mapping paddings ENABLED
[2015.03.27-14.33.09:795][ 60]LogStaticLightingSystem: Running Lightmass w/ Mapping debug paddings DISABLED
[2015.03.27-14.33.09:934][ 60]LogEditorBuildUtils: Build time 0:00:05
[2015.03.27-14.33.09:966][ 61]LogActorComponent: UnregisterComponent: (/Engine/Transient.CharMoveComp) Not registered. Aborting.
[2015.03.27-14.33.16:934][198]Job is a success!
[2015.03.27-14.33.17:825][199]LogTexture:Display: Building textures: SkyOcclusion0_1 (AutoDXT)
[2015.03.27-14.33.17:976][199]LogTexture:Display: Building textures: LQ_Lightmap_1_4 (DXT1)
[2015.03.27-14.33.17:980][199]LogTexture:Display: Building textures: HQ_Lightmap1_4 (AutoDXT)
[2015.03.27-14.33.17:986][199]LogTexture:Display: Building textures: SkyOcclusion0_4 (AutoDXT)
[2015.03.27-14.33.17:990][199]LogTexture:Display: Building textures: LQ_Lightmap_1_3 (DXT1)
[2015.03.27-14.33.17:996][199]LogTexture:Display: Building textures: HQ_Lightmap1_3 (AutoDXT)
[2015.03.27-14.33.18:008][199]LogTexture:Display: Building textures: SkyOcclusion0_3 (AutoDXT)
[2015.03.27-14.33.18:017][199]LogTexture:Display: Building textures: LQ_Lightmap_1_2 (DXT1)
[2015.03.27-14.33.18:110][199]LogTexture:Display: Building textures: HQ_Lightmap1_2 (AutoDXT)
[2015.03.27-14.33.18:440][199]LogTexture:Display: Building textures: SkyOcclusion0_2 (AutoDXT)
[2015.03.27-14.33.18:722][199]LogTexture:Display: Building textures: LQ_Lightmap_1_1 (DXT1)
[2015.03.27-14.33.18:825][199]LogTexture:Display: Building textures: HQ_Lightmap1_1 (AutoDXT)
[2015.03.27-14.33.19:283][199]Lightmass on JEREMYMARTIN-PC: 8.73 sec total, 140 ms importing, 1 ms setup, 457 ms photons, 8.05 sec processing, 0 ms extra exporting [135/135 mappings]. Threads: 56.2 sec total, 31.7 sec processing.
[2015.03.27-14.33.19:286][199]LogStaticLightingSystem: Illumination: 14.5 sec (1.45 sec encoding lightmaps)
[2015.03.27-14.33.19:286][199]LogStaticLightingSystem: Lightmap texture memory:  2.7 MB (0.0 MB streaming, 2.7 MB non-streaming), 8 textures
[2015.03.27-14.33.19:286][199]LogStaticLightingSystem: Shadowmap texture memory: 0.0 MB (0.0 MB streaming, 0.0 MB non-streaming), 0 textures
[2015.03.27-14.33.19:828][200]Cmd: MAP CHECK NOTIFYRESULTS
[2015.03.27-14.33.19:828][200]MapCheck: New page: PuzzleExampleMap - Mar 27, 2015, 4:33:19 AM
[2015.03.27-14.33.19:922][200]MapCheck: Info Map check complete: 0 Error(s), 0 Warning(s), took 94.294ms to complete.
[2015.03.27-14.33.36:368][469]BlueprintLog: New page: Pre-PIE auto-recompile
[2015.03.27-14.33.36:373][469]LogPlayLevel: [PIE] Compiling PuzzleExampleMap before PIE...
[2015.03.27-14.33.36:381][469]LogBlueprint:Warning: [compiler] Warning Node  Unknown  is not referencing a valid level actor
[2015.03.27-14.33.36:382][469]LogBlueprint:Warning: [compiler] Warning [0880.03] Compile of PuzzleExampleMap successful, but with 1 Warning(s) [in 7 ms]
[2015.03.27-14.33.36:382][469]LogBlueprint:Warning: [compiler] Warning [0880.03] Compile of PuzzleExampleMap successful, but with 2 Warning(s) [in 0 ms]
[2015.03.27-14.33.36:411][469]LogBlueprint:Warning: [compiler] Warning [0880.06] Compile of PuzzleExampleMap successful, but with 3 Warning(s) [in 28 ms]
[2015.03.27-14.33.36:415][469]LogBlueprint:Warning: [compiler] Warning [0880.06] Compile of PuzzleExampleMap successful, but with 4 Warning(s) [in 4 ms]
[2015.03.27-14.33.36:415][469]LogBlueprint:Warning: [compiler] Warning [0880.06] Compile of PuzzleExampleMap successful, but with 5 Warning(s) [in 0 ms]
[2015.03.27-14.33.36:415][469]LogBlueprint:Warning: [compiler] Warning [0880.06] Compile of PuzzleExampleMap successful, but with 6 Warning(s) [in 0 ms]
[2015.03.27-14.33.36:433][469]LogPlayLevel: PIE:  Blueprint regeneration took 64 ms (1 blueprints)
[2015.03.27-14.33.36:433][469]PIE: New page: SIE session: PuzzleExampleMap (Mar 27, 2015, 4:33:36 AM)
[2015.03.27-14.33.36:470][469]LogPlayLevel: PIE: StaticDuplicateObject took: (0.036099s)
[2015.03.27-14.33.36:473][469]LogPlayLevel: PIE: World Init took: (0.003385s)
[2015.03.27-14.33.36:473][469]LogPlayLevel: PIE: Created PIE world by copying editor world from /Game/PuzzleBP/Maps/PuzzleExampleMap.PuzzleExampleMap to /Game/PuzzleBP/Maps/UEDPIE_0_PuzzleExampleMap.PuzzleExampleMap (0.040037s)
[2015.03.27-14.33.36:474][469]LogSelection:Warning: PIE object was selected: "skyB_C /Game/PuzzleBP/Maps/UEDPIE_0_PuzzleExampleMap.PuzzleExampleMap:PersistentLevel.skyB_C_0"
[2015.03.27-14.33.36:552][469]LogWorld: Game class is 'RunnerGameMode_C'
[2015.03.27-14.33.36:555][469]LogAIModule: Creating AISystem for world PuzzleExampleMap
[2015.03.27-14.33.36:559][469]LogWorld: Bringing World /Game/PuzzleBP/Maps/UEDPIE_0_PuzzleExampleMap.PuzzleExampleMap up for play (max tick rate 0) at 2015.03.27-09.33.36
[2015.03.27-14.33.36:560][469]LogWorld: Bringing up level for play took: 0.005257
[2015.03.27-14.33.36:562][469]LogPawn:Error: EnableInput can only be specified on a Pawn for its Controller
[2015.03.27-14.33.36:562][469]PIE: Info Play in editor start time for /Game/PuzzleBP/Maps/UEDPIE_0_PuzzleExampleMap 1.154
[2015.03.27-14.33.36:578][469]LogSelection:Warning: PIE object was selected: "skyB_C /Game/PuzzleBP/Maps/UEDPIE_0_PuzzleExampleMap.PuzzleExampleMap:PersistentLevel.skyB_C_0"
[2015.03.27-14.33.52:206][838]Set new viewmode: Wireframe
[2015.03.27-14.33.54:011][976]Set new viewmode: Wireframe
[2015.03.27-14.33.54:895][ 47]Set new viewmode: Wireframe
[2015.03.27-14.33.56:653][179]LogParticles: Destroying 0 GPU particle simulations for FXSystem 0x000000001B5E4EA0
[2015.03.27-14.34.01:006][251]BlueprintLog: New page: Pre-PIE auto-recompile
[2015.03.27-14.34.01:013][251]LogPlayLevel: [PIE] Compiling PuzzleExampleMap before PIE...
[2015.03.27-14.34.01:036][251]LogBlueprint:Warning: [compiler] Warning Node  Unknown  is not referencing a valid level actor
[2015.03.27-14.34.01:037][251]LogBlueprint:Warning: [compiler] Warning [0904.68] Compile of PuzzleExampleMap successful, but with 1 Warning(s) [in 22 ms]
[2015.03.27-14.34.01:038][251]LogBlueprint:Warning: [compiler] Warning [0904.68] Compile of PuzzleExampleMap successful, but with 2 Warning(s) [in 0 ms]
[2015.03.27-14.34.01:074][251]LogBlueprint:Warning: [compiler] Warning [0904.72] Compile of PuzzleExampleMap successful, but with 3 Warning(s) [in 36 ms]
[2015.03.27-14.34.01:079][251]LogBlueprint:Warning: [compiler] Warning [0904.72] Compile of PuzzleExampleMap successful, but with 4 Warning(s) [in 4 ms]
[2015.03.27-14.34.01:079][251]LogBlueprint:Warning: [compiler] Warning [0904.72] Compile of PuzzleExampleMap successful, but with 5 Warning(s) [in 0 ms]
[2015.03.27-14.34.01:079][251]LogBlueprint:Warning: [compiler] Warning [0904.72] Compile of PuzzleExampleMap successful, but with 6 Warning(s) [in 0 ms]
[2015.03.27-14.34.01:101][251]LogPlayLevel: PIE:  Blueprint regeneration took 94 ms (1 blueprints)
[2015.03.27-14.34.01:101][251]PIE: New page: SIE session: PuzzleExampleMap (Mar 27, 2015, 4:34:01 AM)
[2015.03.27-14.34.01:135][251]LogPlayLevel: PIE: StaticDuplicateObject took: (0.033281s)
[2015.03.27-14.34.01:140][251]LogPlayLevel: PIE: World Init took: (0.004530s)
[2015.03.27-14.34.01:140][251]LogPlayLevel: PIE: Created PIE world by copying editor world from /Game/PuzzleBP/Maps/PuzzleExampleMap.PuzzleExampleMap to /Game/PuzzleBP/Maps/UEDPIE_0_PuzzleExampleMap.PuzzleExampleMap (0.038007s)
[2015.03.27-14.34.01:140][251]LogSelection:Warning: PIE object was selected: "skyB_C /Game/PuzzleBP/Maps/UEDPIE_0_PuzzleExampleMap.PuzzleExampleMap:PersistentLevel.skyB_C_0"
[2015.03.27-14.34.01:228][251]LogWorld: Game class is 'RunnerGameMode_C'
[2015.03.27-14.34.01:230][251]LogAIModule: Creating AISystem for world PuzzleExampleMap
[2015.03.27-14.34.01:235][251]LogWorld: Bringing World /Game/PuzzleBP/Maps/UEDPIE_0_PuzzleExampleMap.PuzzleExampleMap up for play (max tick rate 0) at 2015.03.27-09.34.01
[2015.03.27-14.34.01:236][251]LogWorld: Bringing up level for play took: 0.005380
[2015.03.27-14.34.01:238][251]LogPawn:Error: EnableInput can only be specified on a Pawn for its Controller
[2015.03.27-14.34.01:238][251]PIE: Info Play in editor start time for /Game/PuzzleBP/Maps/UEDPIE_0_PuzzleExampleMap -0.172
[2015.03.27-14.34.01:245][251]LogSelection:Warning: PIE object was selected: "skyB_C /Game/PuzzleBP/Maps/UEDPIE_0_PuzzleExampleMap.PuzzleExampleMap:PersistentLevel.skyB_C_0"
[2015.03.27-14.34.10:335][467]LogSelection:Warning: PIE object was selected: "skyB_C /Game/PuzzleBP/Maps/UEDPIE_0_PuzzleExampleMap.PuzzleExampleMap:PersistentLevel.skyB_C_0"
[2015.03.27-14.36.07:837][623]LogActorComponent: UnregisterComponent: (/Engine/Transient.CharMoveComp) Not registered. Aborting.
[2015.03.27-14.36.07:858][623]LogParticles: Destroying 0 GPU particle simulations for FXSystem 0x0000000025D34540
[2015.03.27-14.38.13:923][872]BlueprintLog: New page: Compile RunnerCharacter
[2015.03.27-14.38.14:145][872]Cmd: OBJ SAVEPACKAGE PACKAGE="/Game/Blueprints/RunnerCharacter" FILE="../../../../../../Users/Jeremy Martin/Documents/GitHub/turbo-archer/ENPo/Content/Blueprints/RunnerCharacter.uasset" SILENT=true
[2015.03.27-14.38.14:587][872]LogSavePackage: Save=416.769226ms
[2015.03.27-14.38.14:587][872]LogSavePackage: Moving '../../../../../../Users/Jeremy Martin/Documents/GitHub/turbo-archer/ENPo/Saved/RunnerCharacterB50ED5CE4892B8CFF075308F994E58E0.tmp' to '../../../../../../Users/Jeremy Martin/Documents/GitHub/turbo-archer/ENPo/Content/Blueprints/RunnerCharacter.uasset'
[2015.03.27-14.38.14:591][872]BlueprintEditorCompileResults: Info [1158.22] Compile of RunnerCharacter successful! [in 668 ms]
[2015.03.27-14.38.19:825][960]MapCheck: New page: Map Check
[2015.03.27-14.38.19:951][960]LightingResults: New page: Lighting Build - Mar 27, 2015, 4:38:19 AM
[2015.03.27-14.38.25:098][960]LogStaticLightingSystem: Running Lightmass w/ ImmediateImport mode ENABLED
[2015.03.27-14.38.25:098][960]LogStaticLightingSystem: Running Lightmass w/ ImmediateProcess mode ENABLED
[2015.03.27-14.38.25:098][960]LogStaticLightingSystem: Running Lightmass w/ Sorting mode ENABLED
[2015.03.27-14.38.25:098][960]LogStaticLightingSystem: Running Lightmass w/ Mapping paddings ENABLED
[2015.03.27-14.38.25:098][960]LogStaticLightingSystem: Running Lightmass w/ Mapping debug paddings DISABLED
[2015.03.27-14.38.25:235][960]LogEditorBuildUtils: Build time 0:00:05
[2015.03.27-14.38.25:261][961]LogActorComponent: UnregisterComponent: (/Engine/Transient.CharMoveComp) Not registered. Aborting.
[2015.03.27-14.38.32:237][ 90]Job is a success!
[2015.03.27-14.38.33:162][ 91]LogTexture:Display: Building textures: SkyOcclusion1_1 (AutoDXT)
[2015.03.27-14.38.33:327][ 91]LogTexture:Display: Building textures: LQ_Lightmap_0_4 (DXT1)
[2015.03.27-14.38.33:332][ 91]LogTexture:Display: Building textures: HQ_Lightmap0_4 (AutoDXT)
[2015.03.27-14.38.33:338][ 91]LogTexture:Display: Building textures: SkyOcclusion1_4 (AutoDXT)
[2015.03.27-14.38.33:342][ 91]LogTexture:Display: Building textures: LQ_Lightmap_0_3 (DXT1)
[2015.03.27-14.38.33:346][ 91]LogTexture:Display: Building textures: HQ_Lightmap0_3 (AutoDXT)
[2015.03.27-14.38.33:355][ 91]LogTexture:Display: Building textures: SkyOcclusion1_3 (AutoDXT)
[2015.03.27-14.38.33:363][ 91]LogTexture:Display: Building textures: LQ_Lightmap_0_2 (DXT1)
[2015.03.27-14.38.33:456][ 91]LogTexture:Display: Building textures: HQ_Lightmap0_2 (AutoDXT)
[2015.03.27-14.38.33:767][ 91]LogTexture:Display: Building textures: SkyOcclusion1_2 (AutoDXT)
[2015.03.27-14.38.33:889][ 91]LogTexture:Display: Building textures: LQ_Lightmap_0_1 (DXT1)
[2015.03.27-14.38.34:024][ 91]LogTexture:Display: Building textures: HQ_Lightmap0_1 (AutoDXT)
[2015.03.27-14.38.34:328][ 91]Lightmass on JEREMYMARTIN-PC: 8.57 sec total, 156 ms importing, 0 ms setup, 433 ms photons, 7.94 sec processing, 0 ms extra exporting [135/135 mappings]. Threads: 55.4 sec total, 32.4 sec processing.
[2015.03.27-14.38.34:409][ 91]LogStaticLightingSystem: Illumination: 14.3 sec (1.30 sec encoding lightmaps)
[2015.03.27-14.38.34:409][ 91]LogStaticLightingSystem: Lightmap texture memory:  2.7 MB (0.0 MB streaming, 2.7 MB non-streaming), 8 textures
[2015.03.27-14.38.34:409][ 91]LogStaticLightingSystem: Shadowmap texture memory: 0.0 MB (0.0 MB streaming, 0.0 MB non-streaming), 0 textures
[2015.03.27-14.38.35:136][ 92]Cmd: MAP CHECK NOTIFYRESULTS
[2015.03.27-14.38.35:136][ 92]MapCheck: New page: PuzzleExampleMap - Mar 27, 2015, 4:38:35 AM
[2015.03.27-14.38.35:318][ 92]MapCheck: Info Map check complete: 0 Error(s), 0 Warning(s), took 182.148ms to complete.
[2015.03.27-14.40.50:011][928]LogTexture:Warning: Failed to stream mip data from the derived data cache for /Game/PuzzleBP/Maps/PuzzleExampleMap.HQ_Lightmap1_4. Streaming mips will be recached.
[2015.03.27-14.40.50:071][928]LogTexture:Display: Building textures: HQ_Lightmap1_4 (AutoDXT)
[2015.03.27-14.40.50:095][928]LogTexture:Warning: Failed to stream mip data from the derived data cache for /Game/PuzzleBP/Maps/PuzzleExampleMap.HQ_Lightmap1_3. Streaming mips will be recached.
[2015.03.27-14.40.50:095][928]LogTexture:Display: Building textures: HQ_Lightmap1_3 (AutoDXT)
[2015.03.27-14.41.16:206][904]BlueprintLog: New page: Compile RunnerCharacter
[2015.03.27-14.41.16:469][904]Cmd: OBJ SAVEPACKAGE PACKAGE="/Game/Blueprints/RunnerCharacter" FILE="../../../../../../Users/Jeremy Martin/Documents/GitHub/turbo-archer/ENPo/Content/Blueprints/RunnerCharacter.uasset" SILENT=true
[2015.03.27-14.41.16:901][904]LogSavePackage: Save=417.929688ms
[2015.03.27-14.41.16:901][904]LogSavePackage: Moving '../../../../../../Users/Jeremy Martin/Documents/GitHub/turbo-archer/ENPo/Saved/RunnerCharacter4D6014CE4F5DBAF6C1E74CA1D5B5E522.tmp' to '../../../../../../Users/Jeremy Martin/Documents/GitHub/turbo-archer/ENPo/Content/Blueprints/RunnerCharacter.uasset'
[2015.03.27-14.41.16:906][904]BlueprintEditorCompileResults: Info [1340.52] Compile of RunnerCharacter successful! [in 699 ms]
[2015.03.27-14.41.40:648][448]LogActorComponent: UnregisterComponent: (/Engine/Transient.CharMoveComp) Not registered. Aborting.
[2015.03.27-14.42.01:209][939]LogActorComponent: UnregisterComponent: (/Engine/Transient.CharacterMovementComponent_1) Not registered. Aborting.
[2015.03.27-14.42.11:248][126]LogActorComponent: UnregisterComponent: (/Engine/Transient.CharacterMovementComponent_2) Not registered. Aborting.
[2015.03.27-14.42.11:378][126]LogBlueprint:Warning: [compiler] Warning Node  Unknown  is not referencing a valid level actor
[2015.03.27-14.42.11:378][126]LogBlueprint:Warning: [compiler] Warning [1394.99] Compile of PuzzleExampleMap successful, but with 1 Warning(s) [in 6 ms]
[2015.03.27-14.42.11:379][126]LogBlueprint:Warning: [compiler] Warning [1394.99] Compile of PuzzleExampleMap successful, but with 2 Warning(s) [in 0 ms]
[2015.03.27-14.42.11:404][126]LogBlueprint:Warning: [compiler] Warning [1395.02] Compile of PuzzleExampleMap successful, but with 3 Warning(s) [in 24 ms]
[2015.03.27-14.42.11:407][126]LogBlueprint:Warning: [compiler] Warning [1395.02] Compile of PuzzleExampleMap successful, but with 4 Warning(s) [in 3 ms]
[2015.03.27-14.42.11:408][126]LogBlueprint:Warning: [compiler] Warning [1395.02] Compile of PuzzleExampleMap successful, but with 5 Warning(s) [in 0 ms]
[2015.03.27-14.42.11:408][126]LogBlueprint:Warning: [compiler] Warning [1395.02] Compile of PuzzleExampleMap successful, but with 6 Warning(s) [in 0 ms]
[2015.03.27-14.42.11:616][126]LogSavePackage: Save=246.387573ms
[2015.03.27-14.42.11:616][126]LogSavePackage: Moving '../../../../../../Users/Jeremy Martin/Documents/GitHub/turbo-archer/ENPo/Saved/PuzzleExampleMap_Auto2F9A04AB6415340802E80DD95E66C9776.tmp' to '../../../../../../Users/Jeremy Martin/Documents/GitHub/turbo-archer/ENPo/Saved/Autosaves/Game/PuzzleBP/Maps/PuzzleExampleMap_Auto2.umap'
[2015.03.27-14.42.11:623][126]LogFileHelpers: Editor autosave (incl. sublevels) for '/Game/PuzzleBP/Maps/PuzzleExampleMap' took 0.375
[2015.03.27-14.42.11:623][126]LogFileHelpers: Editor autosave (incl. sublevels) for all levels took 0.375
[2015.03.27-14.42.11:652][126]OBJ SavePackage: Generating thumbnails for [1] asset(s) in package [/Game/Blueprints/RunnerCharacter] ([1] browsable assets)...
[2015.03.27-14.42.11:717][126]OBJ SavePackage:     Rendered thumbnail for [Blueprint /Game/Blueprints/RunnerCharacter.RunnerCharacter]
[2015.03.27-14.42.11:717][126]OBJ SavePackage: Finished generating thumbnails for package [/Game/Blueprints/RunnerCharacter]
[2015.03.27-14.42.12:267][126]LogSavePackage: Save=539.425659ms
[2015.03.27-14.42.12:267][126]LogSavePackage: Moving '../../../../../../Users/Jeremy Martin/Documents/GitHub/turbo-archer/ENPo/Saved/RunnerCharacter_Auto2F364BCA441FEE10F0B872E8527327747.tmp' to '../../../../../../Users/Jeremy Martin/Documents/GitHub/turbo-archer/ENPo/Saved/Autosaves/Game/Blueprints/RunnerCharacter_Auto2.uasset'
[2015.03.27-14.42.12:326][126]LogFileHelpers: Auto-saving content packages took 0.703
[2015.03.27-14.43.08:389][158]LogActorComponent: UnregisterComponent: (/Engine/Transient.CharMoveComp) Not registered. Aborting.
[2015.03.27-14.43.17:230][310]BlueprintLog: New page: Compile RunnerCharacter
[2015.03.27-14.43.17:316][310]LogActorComponent: UnregisterComponent: (/Engine/Transient.CharacterMovementComponent_3) Not registered. Aborting.
[2015.03.27-14.43.17:436][310]Cmd: OBJ SAVEPACKAGE PACKAGE="/Game/Blueprints/RunnerCharacter" FILE="../../../../../../Users/Jeremy Martin/Documents/GitHub/turbo-archer/ENPo/Content/Blueprints/RunnerCharacter.uasset" SILENT=true
[2015.03.27-14.43.17:867][310]LogSavePackage: Save=421.174316ms
[2015.03.27-14.43.17:867][310]LogSavePackage: Moving '../../../../../../Users/Jeremy Martin/Documents/GitHub/turbo-archer/ENPo/Saved/RunnerCharacter8F774F984FFB97952A507DBB62778565.tmp' to '../../../../../../Users/Jeremy Martin/Documents/GitHub/turbo-archer/ENPo/Content/Blueprints/RunnerCharacter.uasset'
[2015.03.27-14.43.17:873][310]BlueprintEditorCompileResults: Info [1461.48] Compile of RunnerCharacter successful! [in 643 ms]
[2015.03.27-14.43.21:852][380]BlueprintLog: New page: Pre-PIE auto-recompile
[2015.03.27-14.43.21:855][380]LogPlayLevel: [PIE] Compiling PuzzleExampleMap before PIE...
[2015.03.27-14.43.21:864][380]LogBlueprint:Warning: [compiler] Warning Node  Unknown  is not referencing a valid level actor
[2015.03.27-14.43.21:865][380]LogBlueprint:Warning: [compiler] Warning [1465.47] Compile of PuzzleExampleMap successful, but with 1 Warning(s) [in 8 ms]
[2015.03.27-14.43.21:865][380]LogBlueprint:Warning: [compiler] Warning [1465.48] Compile of PuzzleExampleMap successful, but with 2 Warning(s) [in 0 ms]
[2015.03.27-14.43.21:893][380]LogBlueprint:Warning: [compiler] Warning [1465.50] Compile of PuzzleExampleMap successful, but with 3 Warning(s) [in 27 ms]
[2015.03.27-14.43.21:897][380]LogBlueprint:Warning: [compiler] Warning [1465.51] Compile of PuzzleExampleMap successful, but with 4 Warning(s) [in 3 ms]
[2015.03.27-14.43.21:897][380]LogBlueprint:Warning: [compiler] Warning [1465.51] Compile of PuzzleExampleMap successful, but with 5 Warning(s) [in 0 ms]
[2015.03.27-14.43.21:897][380]LogBlueprint:Warning: [compiler] Warning [1465.51] Compile of PuzzleExampleMap successful, but with 6 Warning(s) [in 0 ms]
[2015.03.27-14.43.21:897][380]LogActorComponent: UnregisterComponent: (/Engine/Transient.CharMoveComp) Not registered. Aborting.
[2015.03.27-14.43.21:914][380]LogPlayLevel: PIE:  Blueprint regeneration took 62 ms (1 blueprints)
[2015.03.27-14.43.21:915][380]PIE: New page: SIE session: PuzzleExampleMap (Mar 27, 2015, 4:43:21 AM)
[2015.03.27-14.43.21:974][380]LogPlayLevel: PIE: StaticDuplicateObject took: (0.058795s)
[2015.03.27-14.43.21:976][380]LogPlayLevel: PIE: World Init took: (0.002189s)
[2015.03.27-14.43.21:977][380]LogPlayLevel: PIE: Created PIE world by copying editor world from /Game/PuzzleBP/Maps/PuzzleExampleMap.PuzzleExampleMap to /Game/PuzzleBP/Maps/UEDPIE_0_PuzzleExampleMap.PuzzleExampleMap (0.061451s)
[2015.03.27-14.43.21:978][380]LogSelection:Warning: PIE object was selected: "PostProcessVolume /Game/PuzzleBP/Maps/UEDPIE_0_PuzzleExampleMap.PuzzleExampleMap:PersistentLevel.GlobalPostProcessVolume"
[2015.03.27-14.43.22:008][380]LogWorld: Game class is 'RunnerGameMode_C'
[2015.03.27-14.43.22:010][380]LogAIModule: Creating AISystem for world PuzzleExampleMap
[2015.03.27-14.43.22:015][380]LogWorld: Bringing World /Game/PuzzleBP/Maps/UEDPIE_0_PuzzleExampleMap.PuzzleExampleMap up for play (max tick rate 0) at 2015.03.27-09.43.22
[2015.03.27-14.43.22:016][380]LogWorld: Bringing up level for play took: 0.005223
[2015.03.27-14.43.22:017][380]LogPawn:Error: EnableInput can only be specified on a Pawn for its Controller
[2015.03.27-14.43.22:017][380]PIE: Info Play in editor start time for /Game/PuzzleBP/Maps/UEDPIE_0_PuzzleExampleMap 0.573
[2015.03.27-14.43.22:063][380]LogSelection:Warning: PIE object was selected: "PostProcessVolume /Game/PuzzleBP/Maps/UEDPIE_0_PuzzleExampleMap.PuzzleExampleMap:PersistentLevel.GlobalPostProcessVolume"
[2015.03.27-14.43.48:526][940]LogParticles: Destroying 0 GPU particle simulations for FXSystem 0x000000000F0DE0C0
[2015.03.27-14.44.54:824][680]BlueprintLog: New page: Compile RunnerCharacter
[2015.03.27-14.44.55:040][680]Cmd: OBJ SAVEPACKAGE PACKAGE="/Game/Blueprints/RunnerCharacter" FILE="../../../../../../Users/Jeremy Martin/Documents/GitHub/turbo-archer/ENPo/Content/Blueprints/RunnerCharacter.uasset" SILENT=true
[2015.03.27-14.44.55:470][680]LogSavePackage: Save=416.639130ms
[2015.03.27-14.44.55:470][680]LogSavePackage: Moving '../../../../../../Users/Jeremy Martin/Documents/GitHub/turbo-archer/ENPo/Saved/RunnerCharacter59FF9A674C626F6905111698479FDA62.tmp' to '../../../../../../Users/Jeremy Martin/Documents/GitHub/turbo-archer/ENPo/Content/Blueprints/RunnerCharacter.uasset'
[2015.03.27-14.44.55:474][680]BlueprintEditorCompileResults: Info [1559.08] Compile of RunnerCharacter successful! [in 650 ms]
[2015.03.27-14.44.59:624][752]BlueprintLog: New page: Pre-PIE auto-recompile
[2015.03.27-14.44.59:629][752]LogPlayLevel: [PIE] Compiling PuzzleExampleMap before PIE...
[2015.03.27-14.44.59:659][752]LogBlueprint:Warning: [compiler] Warning Node  Unknown  is not referencing a valid level actor
[2015.03.27-14.44.59:660][752]LogBlueprint:Warning: [compiler] Warning [1563.26] Compile of PuzzleExampleMap successful, but with 1 Warning(s) [in 29 ms]
[2015.03.27-14.44.59:660][752]LogBlueprint:Warning: [compiler] Warning [1563.26] Compile of PuzzleExampleMap successful, but with 2 Warning(s) [in 0 ms]
[2015.03.27-14.44.59:688][752]LogBlueprint:Warning: [compiler] Warning [1563.29] Compile of PuzzleExampleMap successful, but with 3 Warning(s) [in 27 ms]
[2015.03.27-14.44.59:692][752]LogBlueprint:Warning: [compiler] Warning [1563.30] Compile of PuzzleExampleMap successful, but with 4 Warning(s) [in 3 ms]
[2015.03.27-14.44.59:692][752]LogBlueprint:Warning: [compiler] Warning [1563.30] Compile of PuzzleExampleMap successful, but with 5 Warning(s) [in 0 ms]
[2015.03.27-14.44.59:693][752]LogBlueprint:Warning: [compiler] Warning [1563.30] Compile of PuzzleExampleMap successful, but with 6 Warning(s) [in 0 ms]
[2015.03.27-14.44.59:693][752]LogActorComponent: UnregisterComponent: (/Engine/Transient.CharMoveComp) Not registered. Aborting.
[2015.03.27-14.44.59:713][752]LogPlayLevel: PIE:  Blueprint regeneration took 88 ms (1 blueprints)
[2015.03.27-14.44.59:713][752]PIE: New page: SIE session: PuzzleExampleMap (Mar 27, 2015, 4:44:59 AM)
[2015.03.27-14.44.59:756][752]LogPlayLevel: PIE: StaticDuplicateObject took: (0.042171s)
[2015.03.27-14.44.59:757][752]LogPlayLevel: PIE: World Init took: (0.001778s)
[2015.03.27-14.44.59:758][752]LogPlayLevel: PIE: Created PIE world by copying editor world from /Game/PuzzleBP/Maps/PuzzleExampleMap.PuzzleExampleMap to /Game/PuzzleBP/Maps/UEDPIE_0_PuzzleExampleMap.PuzzleExampleMap (0.044180s)
[2015.03.27-14.44.59:758][752]LogSelection:Warning: PIE object was selected: "PostProcessVolume /Game/PuzzleBP/Maps/UEDPIE_0_PuzzleExampleMap.PuzzleExampleMap:PersistentLevel.GlobalPostProcessVolume"
[2015.03.27-14.44.59:817][752]LogWorld: Game class is 'RunnerGameMode_C'
[2015.03.27-14.44.59:822][752]LogAIModule: Creating AISystem for world PuzzleExampleMap
[2015.03.27-14.44.59:842][752]LogWorld: Bringing World /Game/PuzzleBP/Maps/UEDPIE_0_PuzzleExampleMap.PuzzleExampleMap up for play (max tick rate 0) at 2015.03.27-09.44.59
[2015.03.27-14.44.59:846][752]LogWorld: Bringing up level for play took: 0.022327
[2015.03.27-14.44.59:849][752]LogPawn:Error: EnableInput can only be specified on a Pawn for its Controller
[2015.03.27-14.44.59:849][752]PIE: Info Play in editor start time for /Game/PuzzleBP/Maps/UEDPIE_0_PuzzleExampleMap 0.4
[2015.03.27-14.44.59:871][752]LogSelection:Warning: PIE object was selected: "PostProcessVolume /Game/PuzzleBP/Maps/UEDPIE_0_PuzzleExampleMap.PuzzleExampleMap:PersistentLevel.GlobalPostProcessVolume"
[2015.03.27-14.45.30:865][393]LogParticles: Destroying 0 GPU particle simulations for FXSystem 0x000000000499E0C0
[2015.03.27-14.45.50:984][754]BlueprintLog: New page: Pre-PIE auto-recompile
[2015.03.27-14.45.50:994][754]LogActorComponent: UnregisterComponent: (/Engine/Transient.CharMoveComp) Not registered. Aborting.
[2015.03.27-14.45.50:995][754]LogPlayLevel: [PIE] Compiling RunnerCharacter before PIE...
[2015.03.27-14.45.51:164][754]Cmd: OBJ SAVEPACKAGE PACKAGE="/Game/Blueprints/RunnerCharacter" FILE="../../../../../../Users/Jeremy Martin/Documents/GitHub/turbo-archer/ENPo/Content/Blueprints/RunnerCharacter.uasset" SILENT=true
[2015.03.27-14.45.51:603][754]LogSavePackage: Save=416.989166ms
[2015.03.27-14.45.51:603][754]LogSavePackage: Moving '../../../../../../Users/Jeremy Martin/Documents/GitHub/turbo-archer/ENPo/Saved/RunnerCharacter77AB61194C740A62B17D4E9EFA96E83C.tmp' to '../../../../../../Users/Jeremy Martin/Documents/GitHub/turbo-archer/ENPo/Content/Blueprints/RunnerCharacter.uasset'
[2015.03.27-14.45.51:614][754]LogPlayLevel: [PIE] Compiling PuzzleExampleMap before PIE...
[2015.03.27-14.45.51:620][754]LogBlueprint:Warning: [compiler] Warning Node  Unknown  is not referencing a valid level actor
[2015.03.27-14.45.51:621][754]LogBlueprint:Warning: [compiler] Warning [1615.22] Compile of PuzzleExampleMap successful, but with 1 Warning(s) [in 6 ms]
[2015.03.27-14.45.51:622][754]LogBlueprint:Warning: [compiler] Warning [1615.22] Compile of PuzzleExampleMap successful, but with 2 Warning(s) [in 0 ms]
[2015.03.27-14.45.51:648][754]LogBlueprint:Warning: [compiler] Warning [1615.25] Compile of PuzzleExampleMap successful, but with 3 Warning(s) [in 25 ms]
[2015.03.27-14.45.51:652][754]LogBlueprint:Warning: [compiler] Warning [1615.25] Compile of PuzzleExampleMap successful, but with 4 Warning(s) [in 4 ms]
[2015.03.27-14.45.51:652][754]LogBlueprint:Warning: [compiler] Warning [1615.25] Compile of PuzzleExampleMap successful, but with 5 Warning(s) [in 0 ms]
[2015.03.27-14.45.51:652][754]LogBlueprint:Warning: [compiler] Warning [1615.25] Compile of PuzzleExampleMap successful, but with 6 Warning(s) [in 0 ms]
[2015.03.27-14.45.51:652][754]LogActorComponent: UnregisterComponent: (/Engine/Transient.CharacterMovementComponent_4) Not registered. Aborting.
[2015.03.27-14.45.51:670][754]LogPlayLevel: PIE:  Blueprint regeneration took 685 ms (2 blueprints)
[2015.03.27-14.45.51:670][754]PIE: New page: SIE session: PuzzleExampleMap (Mar 27, 2015, 4:45:51 AM)
[2015.03.27-14.45.51:706][754]LogPlayLevel: PIE: StaticDuplicateObject took: (0.035086s)
[2015.03.27-14.45.51:709][754]LogPlayLevel: PIE: World Init took: (0.003742s)
[2015.03.27-14.45.51:710][754]LogPlayLevel: PIE: Created PIE world by copying editor world from /Game/PuzzleBP/Maps/PuzzleExampleMap.PuzzleExampleMap to /Game/PuzzleBP/Maps/UEDPIE_0_PuzzleExampleMap.PuzzleExampleMap (0.039056s)
[2015.03.27-14.45.51:710][754]LogSelection:Warning: PIE object was selected: "PostProcessVolume /Game/PuzzleBP/Maps/UEDPIE_0_PuzzleExampleMap.PuzzleExampleMap:PersistentLevel.GlobalPostProcessVolume"
[2015.03.27-14.45.51:768][754]LogWorld: Game class is 'RunnerGameMode_C'
[2015.03.27-14.45.51:770][754]LogAIModule: Creating AISystem for world PuzzleExampleMap
[2015.03.27-14.45.51:775][754]LogWorld: Bringing World /Game/PuzzleBP/Maps/UEDPIE_0_PuzzleExampleMap.PuzzleExampleMap up for play (max tick rate 0) at 2015.03.27-09.45.51
[2015.03.27-14.45.51:776][754]LogWorld: Bringing up level for play took: 0.005372
[2015.03.27-14.45.51:777][754]LogPawn:Error: EnableInput can only be specified on a Pawn for its Controller
[2015.03.27-14.45.51:778][754]PIE: Info Play in editor start time for /Game/PuzzleBP/Maps/UEDPIE_0_PuzzleExampleMap 0.326
[2015.03.27-14.45.51:800][754]LogSelection:Warning: PIE object was selected: "PostProcessVolume /Game/PuzzleBP/Maps/UEDPIE_0_PuzzleExampleMap.PuzzleExampleMap:PersistentLevel.GlobalPostProcessVolume"
[2015.03.27-14.46.13:476][222]LogActorComponent: UnregisterComponent: (/Engine/Transient.CharMoveComp) Not registered. Aborting.
[2015.03.27-14.46.13:493][222]LogParticles: Destroying 0 GPU particle simulations for FXSystem 0x00000000101AB1A0
[2015.03.27-14.46.25:830][452]BlueprintLog: New page: Compile RunnerCharacter
[2015.03.27-14.46.26:050][452]Cmd: OBJ SAVEPACKAGE PACKAGE="/Game/Blueprints/RunnerCharacter" FILE="../../../../../../Users/Jeremy Martin/Documents/GitHub/turbo-archer/ENPo/Content/Blueprints/RunnerCharacter.uasset" SILENT=true
[2015.03.27-14.46.26:485][452]LogSavePackage: Save=426.201752ms
[2015.03.27-14.46.26:485][452]LogSavePackage: Moving '../../../../../../Users/Jeremy Martin/Documents/GitHub/turbo-archer/ENPo/Saved/RunnerCharacter92F7C9C34A6E5E247D88CEA705B279E8.tmp' to '../../../../../../Users/Jeremy Martin/Documents/GitHub/turbo-archer/ENPo/Content/Blueprints/RunnerCharacter.uasset'
[2015.03.27-14.46.26:492][452]BlueprintEditorCompileResults: Info [1650.09] Compile of RunnerCharacter successful! [in 661 ms]
[2015.03.27-14.46.43:296][829]BlueprintLog: New page: Pre-PIE auto-recompile
[2015.03.27-14.46.43:299][829]LogPlayLevel: [PIE] Compiling PuzzleExampleMap before PIE...
[2015.03.27-14.46.43:308][829]LogBlueprint:Warning: [compiler] Warning Node  Unknown  is not referencing a valid level actor
[2015.03.27-14.46.43:308][829]LogBlueprint:Warning: [compiler] Warning [1666.91] Compile of PuzzleExampleMap successful, but with 1 Warning(s) [in 7 ms]
[2015.03.27-14.46.43:309][829]LogBlueprint:Warning: [compiler] Warning [1666.91] Compile of PuzzleExampleMap successful, but with 2 Warning(s) [in 0 ms]
[2015.03.27-14.46.43:337][829]LogBlueprint:Warning: [compiler] Warning [1666.94] Compile of PuzzleExampleMap successful, but with 3 Warning(s) [in 27 ms]
[2015.03.27-14.46.43:341][829]LogBlueprint:Warning: [compiler] Warning [1666.94] Compile of PuzzleExampleMap successful, but with 4 Warning(s) [in 3 ms]
[2015.03.27-14.46.43:341][829]LogBlueprint:Warning: [compiler] Warning [1666.94] Compile of PuzzleExampleMap successful, but with 5 Warning(s) [in 0 ms]
[2015.03.27-14.46.43:341][829]LogBlueprint:Warning: [compiler] Warning [1666.94] Compile of PuzzleExampleMap successful, but with 6 Warning(s) [in 0 ms]
[2015.03.27-14.46.43:342][829]LogActorComponent: UnregisterComponent: (/Engine/Transient.CharMoveComp) Not registered. Aborting.
[2015.03.27-14.46.43:357][829]LogPlayLevel: PIE:  Blueprint regeneration took 60 ms (1 blueprints)
[2015.03.27-14.46.43:357][829]PIE: New page: SIE session: PuzzleExampleMap (Mar 27, 2015, 4:46:43 AM)
[2015.03.27-14.46.43:394][829]LogPlayLevel: PIE: StaticDuplicateObject took: (0.036853s)
[2015.03.27-14.46.43:399][829]LogPlayLevel: PIE: World Init took: (0.004544s)
[2015.03.27-14.46.43:399][829]LogPlayLevel: PIE: Created PIE world by copying editor world from /Game/PuzzleBP/Maps/PuzzleExampleMap.PuzzleExampleMap to /Game/PuzzleBP/Maps/UEDPIE_0_PuzzleExampleMap.PuzzleExampleMap (0.041566s)
[2015.03.27-14.46.43:457][829]LogWorld: Game class is 'RunnerGameMode_C'
[2015.03.27-14.46.43:459][829]LogAIModule: Creating AISystem for world PuzzleExampleMap
[2015.03.27-14.46.43:465][829]LogWorld: Bringing World /Game/PuzzleBP/Maps/UEDPIE_0_PuzzleExampleMap.PuzzleExampleMap up for play (max tick rate 0) at 2015.03.27-09.46.43
[2015.03.27-14.46.43:466][829]LogWorld: Bringing up level for play took: 0.005701
[2015.03.27-14.46.43:467][829]LogPawn:Error: EnableInput can only be specified on a Pawn for its Controller
[2015.03.27-14.46.43:468][829]PIE: Info Play in editor start time for /Game/PuzzleBP/Maps/UEDPIE_0_PuzzleExampleMap 0.012
[2015.03.27-14.47.22:869][620]LogParticles: Destroying 0 GPU particle simulations for FXSystem 0x000000006577D120
[2015.03.27-14.47.46:167][ 36]Cmd: UpdateLandscapeSetup
[2015.03.27-14.47.50:828][132]LogEditorViewport: Clicking on Actor (LMB): skyB_C (skyB)
[2015.03.27-14.48.01:848][313]Cmd: UpdateLandscapeSetup
[2015.03.27-14.48.01:849][313]LogEditorViewport: Clicking on Actor (LMB): skyB_C (skyB)
[2015.03.27-14.48.04:535][359]MapCheck: New page: Map Check
[2015.03.27-14.48.04:654][359]LightingResults: New page: Lighting Build - Mar 27, 2015, 4:48:04 AM
[2015.03.27-14.48.09:792][359]LogStaticLightingSystem: Running Lightmass w/ ImmediateImport mode ENABLED
[2015.03.27-14.48.09:792][359]LogStaticLightingSystem: Running Lightmass w/ ImmediateProcess mode ENABLED
[2015.03.27-14.48.09:792][359]LogStaticLightingSystem: Running Lightmass w/ Sorting mode ENABLED
[2015.03.27-14.48.09:792][359]LogStaticLightingSystem: Running Lightmass w/ Mapping paddings ENABLED
[2015.03.27-14.48.09:792][359]LogStaticLightingSystem: Running Lightmass w/ Mapping debug paddings DISABLED
[2015.03.27-14.48.09:856][359]LogEditorBuildUtils: Build time 0:00:05
[2015.03.27-14.48.16:648][446]Job is a success!
[2015.03.27-14.48.17:534][447]LogTexture:Display: Building textures: HQ_Lightmap1_1 (AutoDXT)
[2015.03.27-14.48.17:663][447]LogTexture:Display: Building textures: LQ_Lightmap_1_4 (DXT1)
[2015.03.27-14.48.17:666][447]LogTexture:Display: Building textures: HQ_Lightmap1_4 (AutoDXT)
[2015.03.27-14.48.17:672][447]LogTexture:Display: Building textures: LQ_Lightmap_1_3 (DXT1)
[2015.03.27-14.48.17:677][447]LogTexture:Display: Building textures: HQ_Lightmap1_3 (AutoDXT)
[2015.03.27-14.48.17:687][447]LogTexture:Display: Building textures: LQ_Lightmap_1_2 (DXT1)
[2015.03.27-14.48.17:741][447]LogTexture:Display: Building textures: HQ_Lightmap1_2 (AutoDXT)
[2015.03.27-14.48.17:845][447]LogTexture:Display: Building textures: LQ_Lightmap_1_1 (DXT1)
[2015.03.27-14.48.17:982][447]Lightmass on JEREMYMARTIN-PC: 6.45 sec total, 131 ms importing, 1 ms setup, 271 ms photons, 6.01 sec processing, 0 ms extra exporting [135/135 mappings]. Threads: 41.9 sec total, 19.0 sec processing.
[2015.03.27-14.48.18:265][447]LogStaticLightingSystem: Illumination: 13.4 sec (579 ms encoding lightmaps)
[2015.03.27-14.48.18:265][447]LogStaticLightingSystem: Lightmap texture memory:  2.7 MB (0.0 MB streaming, 2.7 MB non-streaming), 8 textures
[2015.03.27-14.48.18:265][447]LogStaticLightingSystem: Shadowmap texture memory: 0.0 MB (0.0 MB streaming, 0.0 MB non-streaming), 0 textures
[2015.03.27-14.48.18:806][448]Cmd: MAP CHECK NOTIFYRESULTS
[2015.03.27-14.48.18:806][448]MapCheck: New page: PuzzleExampleMap - Mar 27, 2015, 4:48:18 AM
[2015.03.27-14.48.18:894][448]MapCheck: Info Map check complete: 0 Error(s), 0 Warning(s), took 87.457ms to complete.
[2015.03.27-14.48.30:036][636]BlueprintLog: New page: Pre-PIE auto-recompile
[2015.03.27-14.48.30:040][636]LogPlayLevel: [PIE] Compiling PuzzleExampleMap before PIE...
[2015.03.27-14.48.30:048][636]LogBlueprint:Warning: [compiler] Warning Node  Unknown  is not referencing a valid level actor
[2015.03.27-14.48.30:049][636]LogBlueprint:Warning: [compiler] Warning [1773.64] Compile of PuzzleExampleMap successful, but with 1 Warning(s) [in 7 ms]
[2015.03.27-14.48.30:050][636]LogBlueprint:Warning: [compiler] Warning [1773.64] Compile of PuzzleExampleMap successful, but with 2 Warning(s) [in 0 ms]
[2015.03.27-14.48.30:079][636]LogBlueprint:Warning: [compiler] Warning [1773.67] Compile of PuzzleExampleMap successful, but with 3 Warning(s) [in 28 ms]
[2015.03.27-14.48.30:083][636]LogBlueprint:Warning: [compiler] Warning [1773.67] Compile of PuzzleExampleMap successful, but with 4 Warning(s) [in 3 ms]
[2015.03.27-14.48.30:083][636]LogBlueprint:Warning: [compiler] Warning [1773.67] Compile of PuzzleExampleMap successful, but with 5 Warning(s) [in 0 ms]
[2015.03.27-14.48.30:083][636]LogBlueprint:Warning: [compiler] Warning [1773.67] Compile of PuzzleExampleMap successful, but with 6 Warning(s) [in 0 ms]
[2015.03.27-14.48.30:102][636]LogPlayLevel: PIE:  Blueprint regeneration took 66 ms (1 blueprints)
[2015.03.27-14.48.30:102][636]PIE: New page: SIE session: PuzzleExampleMap (Mar 27, 2015, 4:48:30 AM)
[2015.03.27-14.48.30:139][636]LogPlayLevel: PIE: StaticDuplicateObject took: (0.036941s)
[2015.03.27-14.48.30:163][636]LogPlayLevel: PIE: World Init took: (0.023924s)
[2015.03.27-14.48.30:164][636]LogPlayLevel: PIE: Created PIE world by copying editor world from /Game/PuzzleBP/Maps/PuzzleExampleMap.PuzzleExampleMap to /Game/PuzzleBP/Maps/UEDPIE_0_PuzzleExampleMap.PuzzleExampleMap (0.061330s)
[2015.03.27-14.48.30:165][636]LogSelection:Warning: PIE object was selected: "skyB_C /Game/PuzzleBP/Maps/UEDPIE_0_PuzzleExampleMap.PuzzleExampleMap:PersistentLevel.skyB_C_0"
[2015.03.27-14.48.30:199][636]LogWorld: Game class is 'RunnerGameMode_C'
[2015.03.27-14.48.30:201][636]LogAIModule: Creating AISystem for world PuzzleExampleMap
[2015.03.27-14.48.30:207][636]LogWorld: Bringing World /Game/PuzzleBP/Maps/UEDPIE_0_PuzzleExampleMap.PuzzleExampleMap up for play (max tick rate 0) at 2015.03.27-09.48.30
[2015.03.27-14.48.30:208][636]LogWorld: Bringing up level for play took: 0.005605
[2015.03.27-14.48.30:209][636]LogPawn:Error: EnableInput can only be specified on a Pawn for its Controller
[2015.03.27-14.48.30:209][636]PIE: Info Play in editor start time for /Game/PuzzleBP/Maps/UEDPIE_0_PuzzleExampleMap 0.747
[2015.03.27-14.48.30:216][636]LogSelection:Warning: PIE object was selected: "skyB_C /Game/PuzzleBP/Maps/UEDPIE_0_PuzzleExampleMap.PuzzleExampleMap:PersistentLevel.skyB_C_0"
[2015.03.27-14.52.33:519][739]LogParticles: Destroying 0 GPU particle simulations for FXSystem 0x00000000477528E0
[2015.03.27-14.52.37:616][809]BlueprintLog: New page: Compile RunnerCharacter
[2015.03.27-14.52.37:732][809]LogActorComponent: UnregisterComponent: (/Engine/Transient.CharMoveComp) Not registered. Aborting.
[2015.03.27-14.52.37:871][809]Cmd: OBJ SAVEPACKAGE PACKAGE="/Game/Blueprints/RunnerCharacter" FILE="../../../../../../Users/Jeremy Martin/Documents/GitHub/turbo-archer/ENPo/Content/Blueprints/RunnerCharacter.uasset" SILENT=true
[2015.03.27-14.52.38:315][809]LogSavePackage: Save=430.255676ms
[2015.03.27-14.52.38:315][809]LogSavePackage: Moving '../../../../../../Users/Jeremy Martin/Documents/GitHub/turbo-archer/ENPo/Saved/RunnerCharacter210D5E92474231E89A76D4B30766C449.tmp' to '../../../../../../Users/Jeremy Martin/Documents/GitHub/turbo-archer/ENPo/Content/Blueprints/RunnerCharacter.uasset'
[2015.03.27-14.52.38:322][809]BlueprintEditorCompileResults: Info [2021.90] Compile of RunnerCharacter successful! [in 705 ms]
[2015.03.27-14.52.44:530][918]BlueprintLog: New page: Pre-PIE auto-recompile
[2015.03.27-14.52.44:537][918]LogPlayLevel: [PIE] Compiling PuzzleExampleMap before PIE...
[2015.03.27-14.52.44:572][918]LogBlueprint:Warning: [compiler] Warning Node  Unknown  is not referencing a valid level actor
[2015.03.27-14.52.44:573][918]LogBlueprint:Warning: [compiler] Warning [2028.15] Compile of PuzzleExampleMap successful, but with 1 Warning(s) [in 34 ms]
[2015.03.27-14.52.44:574][918]LogBlueprint:Warning: [compiler] Warning [2028.15] Compile of PuzzleExampleMap successful, but with 2 Warning(s) [in 0 ms]
[2015.03.27-14.52.44:614][918]LogBlueprint:Warning: [compiler] Warning [2028.19] Compile of PuzzleExampleMap successful, but with 3 Warning(s) [in 40 ms]
[2015.03.27-14.52.44:620][918]LogBlueprint:Warning: [compiler] Warning [2028.20] Compile of PuzzleExampleMap successful, but with 4 Warning(s) [in 5 ms]
[2015.03.27-14.52.44:620][918]LogBlueprint:Warning: [compiler] Warning [2028.20] Compile of PuzzleExampleMap successful, but with 5 Warning(s) [in 0 ms]
[2015.03.27-14.52.44:620][918]LogBlueprint:Warning: [compiler] Warning [2028.20] Compile of PuzzleExampleMap successful, but with 6 Warning(s) [in 0 ms]
[2015.03.27-14.52.44:620][918]LogActorComponent: UnregisterComponent: (/Engine/Transient.CharMoveComp) Not registered. Aborting.
[2015.03.27-14.52.44:638][918]LogPlayLevel: PIE:  Blueprint regeneration took 107 ms (1 blueprints)
[2015.03.27-14.52.44:638][918]PIE: New page: SIE session: PuzzleExampleMap (Mar 27, 2015, 4:52:44 AM)
[2015.03.27-14.52.44:672][918]LogPlayLevel: PIE: StaticDuplicateObject took: (0.033315s)
[2015.03.27-14.52.44:677][918]LogPlayLevel: PIE: World Init took: (0.004942s)
[2015.03.27-14.52.44:677][918]LogPlayLevel: PIE: Created PIE world by copying editor world from /Game/PuzzleBP/Maps/PuzzleExampleMap.PuzzleExampleMap to /Game/PuzzleBP/Maps/UEDPIE_0_PuzzleExampleMap.PuzzleExampleMap (0.038496s)
[2015.03.27-14.52.44:678][918]LogSelection:Warning: PIE object was selected: "skyB_C /Game/PuzzleBP/Maps/UEDPIE_0_PuzzleExampleMap.PuzzleExampleMap:PersistentLevel.skyB_C_0"
[2015.03.27-14.52.44:744][918]LogWorld: Game class is 'RunnerGameMode_C'
[2015.03.27-14.52.44:747][918]LogAIModule: Creating AISystem for world PuzzleExampleMap
[2015.03.27-14.52.44:751][918]LogWorld: Bringing World /Game/PuzzleBP/Maps/UEDPIE_0_PuzzleExampleMap.PuzzleExampleMap up for play (max tick rate 0) at 2015.03.27-09.52.44
[2015.03.27-14.52.44:753][918]LogWorld: Bringing up level for play took: 0.005393
[2015.03.27-14.52.44:754][918]LogPawn:Error: EnableInput can only be specified on a Pawn for its Controller
[2015.03.27-14.52.44:754][918]PIE: Info Play in editor start time for /Game/PuzzleBP/Maps/UEDPIE_0_PuzzleExampleMap -0.723
[2015.03.27-14.52.44:761][918]LogSelection:Warning: PIE object was selected: "skyB_C /Game/PuzzleBP/Maps/UEDPIE_0_PuzzleExampleMap.PuzzleExampleMap:PersistentLevel.skyB_C_0"
[2015.03.27-14.54.14:856][265]LogParticles: Destroying 0 GPU particle simulations for FXSystem 0x000000004096DEE0
[2015.03.27-14.54.22:011][388]LogUObjectGlobals:Warning: Failed to find object 'Object None.'
[2015.03.27-14.54.22:052][389]LogUObjectGlobals:Warning: Failed to find object 'Object None.'
[2015.03.27-14.54.22:083][390]LogUObjectGlobals:Warning: Failed to find object 'Object None.'
[2015.03.27-14.54.22:096][391]LogUObjectGlobals:Warning: Failed to find object 'Object None.'
[2015.03.27-14.54.22:109][392]LogUObjectGlobals:Warning: Failed to find object 'Object None.'
[2015.03.27-14.54.22:118][393]LogUObjectGlobals:Warning: Failed to find object 'Object None.'
[2015.03.27-14.54.22:127][394]LogUObjectGlobals:Warning: Failed to find object 'Object None.'
[2015.03.27-14.54.22:137][395]LogUObjectGlobals:Warning: Failed to find object 'Object None.'
[2015.03.27-14.54.22:147][396]LogUObjectGlobals:Warning: Failed to find object 'Object None.'
[2015.03.27-14.54.22:166][397]LogUObjectGlobals:Warning: Failed to find object 'Object None.'
[2015.03.27-14.54.22:205][398]LogUObjectGlobals:Warning: Failed to find object 'Object None.'
[2015.03.27-14.54.22:234][399]LogUObjectGlobals:Warning: Failed to find object 'Object None.'
[2015.03.27-14.54.22:249][400]LogUObjectGlobals:Warning: Failed to find object 'Object None.'
[2015.03.27-14.54.22:262][401]LogUObjectGlobals:Warning: Failed to find object 'Object None.'
[2015.03.27-14.54.22:272][402]LogUObjectGlobals:Warning: Failed to find object 'Object None.'
[2015.03.27-14.54.22:283][403]LogUObjectGlobals:Warning: Failed to find object 'Object None.'
[2015.03.27-14.54.22:293][404]LogUObjectGlobals:Warning: Failed to find object 'Object None.'
[2015.03.27-14.54.22:303][405]LogUObjectGlobals:Warning: Failed to find object 'Object None.'
[2015.03.27-14.54.22:312][406]LogUObjectGlobals:Warning: Failed to find object 'Object None.'
[2015.03.27-14.54.22:322][407]LogUObjectGlobals:Warning: Failed to find object 'Object None.'
[2015.03.27-14.54.22:333][408]LogUObjectGlobals:Warning: Failed to find object 'Object None.'
[2015.03.27-14.54.22:342][409]LogUObjectGlobals:Warning: Failed to find object 'Object None.'
[2015.03.27-14.54.22:353][410]LogUObjectGlobals:Warning: Failed to find object 'Object None.'
[2015.03.27-14.54.22:363][411]LogUObjectGlobals:Warning: Failed to find object 'Object None.'
[2015.03.27-14.54.22:373][412]LogUObjectGlobals:Warning: Failed to find object 'Object None.'
[2015.03.27-14.54.22:385][413]LogUObjectGlobals:Warning: Failed to find object 'Object None.'
[2015.03.27-14.54.22:396][414]LogUObjectGlobals:Warning: Failed to find object 'Object None.'
[2015.03.27-14.54.22:405][415]LogUObjectGlobals:Warning: Failed to find object 'Object None.'
[2015.03.27-14.54.22:415][416]LogUObjectGlobals:Warning: Failed to find object 'Object None.'
[2015.03.27-14.54.22:427][417]LogUObjectGlobals:Warning: Failed to find object 'Object None.'
[2015.03.27-14.54.22:436][418]LogUObjectGlobals:Warning: Failed to find object 'Object None.'
[2015.03.27-14.54.22:447][419]LogUObjectGlobals:Warning: Failed to find object 'Object None.'
[2015.03.27-14.54.22:458][420]LogUObjectGlobals:Warning: Failed to find object 'Object None.'
[2015.03.27-14.54.22:469][421]LogUObjectGlobals:Warning: Failed to find object 'Object None.'
[2015.03.27-14.54.22:479][422]LogUObjectGlobals:Warning: Failed to find object 'Object None.'
[2015.03.27-14.54.22:493][423]LogUObjectGlobals:Warning: Failed to find object 'Object None.'
[2015.03.27-14.54.22:503][424]LogUObjectGlobals:Warning: Failed to find object 'Object None.'
[2015.03.27-14.54.22:514][425]LogUObjectGlobals:Warning: Failed to find object 'Object None.'
[2015.03.27-14.54.22:525][426]LogUObjectGlobals:Warning: Failed to find object 'Object None.'
[2015.03.27-14.54.22:536][427]LogUObjectGlobals:Warning: Failed to find object 'Object None.'
[2015.03.27-14.54.22:546][428]LogUObjectGlobals:Warning: Failed to find object 'Object None.'
[2015.03.27-14.54.22:557][429]LogUObjectGlobals:Warning: Failed to find object 'Object None.'
[2015.03.27-14.54.22:567][430]LogUObjectGlobals:Warning: Failed to find object 'Object None.'
[2015.03.27-14.54.22:577][431]LogUObjectGlobals:Warning: Failed to find object 'Object None.'
[2015.03.27-14.54.22:589][432]LogUObjectGlobals:Warning: Failed to find object 'Object None.'
[2015.03.27-14.54.22:599][433]LogUObjectGlobals:Warning: Failed to find object 'Object None.'
[2015.03.27-14.54.22:609][434]LogUObjectGlobals:Warning: Failed to find object 'Object None.'
[2015.03.27-14.54.22:619][435]LogUObjectGlobals:Warning: Failed to find object 'Object None.'
[2015.03.27-14.54.22:629][436]LogUObjectGlobals:Warning: Failed to find object 'Object None.'
[2015.03.27-14.54.22:638][437]LogUObjectGlobals:Warning: Failed to find object 'Object None.'
[2015.03.27-14.54.22:648][438]LogUObjectGlobals:Warning: Failed to find object 'Object None.'
[2015.03.27-14.54.22:658][439]LogUObjectGlobals:Warning: Failed to find object 'Object None.'
[2015.03.27-14.54.22:668][440]LogUObjectGlobals:Warning: Failed to find object 'Object None.'
[2015.03.27-14.54.22:679][441]LogUObjectGlobals:Warning: Failed to find object 'Object None.'
[2015.03.27-14.54.22:694][442]LogUObjectGlobals:Warning: Failed to find object 'Object None.'
[2015.03.27-14.54.22:703][443]LogUObjectGlobals:Warning: Failed to find object 'Object None.'
[2015.03.27-14.54.22:714][444]LogUObjectGlobals:Warning: Failed to find object 'Object None.'
[2015.03.27-14.54.22:724][445]LogUObjectGlobals:Warning: Failed to find object 'Object None.'
[2015.03.27-14.54.22:734][446]LogUObjectGlobals:Warning: Failed to find object 'Object None.'
[2015.03.27-14.54.22:744][447]LogUObjectGlobals:Warning: Failed to find object 'Object None.'
[2015.03.27-14.54.22:754][448]LogUObjectGlobals:Warning: Failed to find object 'Object None.'
[2015.03.27-14.54.22:766][449]LogUObjectGlobals:Warning: Failed to find object 'Object None.'
[2015.03.27-14.54.22:776][450]LogUObjectGlobals:Warning: Failed to find object 'Object None.'
[2015.03.27-14.54.22:788][451]LogUObjectGlobals:Warning: Failed to find object 'Object None.'
[2015.03.27-14.54.22:798][452]LogUObjectGlobals:Warning: Failed to find object 'Object None.'
[2015.03.27-14.54.22:808][453]LogUObjectGlobals:Warning: Failed to find object 'Object None.'
[2015.03.27-14.54.22:818][454]LogUObjectGlobals:Warning: Failed to find object 'Object None.'
[2015.03.27-14.54.22:829][455]LogUObjectGlobals:Warning: Failed to find object 'Object None.'
[2015.03.27-14.54.22:839][456]LogUObjectGlobals:Warning: Failed to find object 'Object None.'
[2015.03.27-14.54.22:849][457]LogUObjectGlobals:Warning: Failed to find object 'Object None.'
[2015.03.27-14.54.22:860][458]LogUObjectGlobals:Warning: Failed to find object 'Object None.'
[2015.03.27-14.54.22:861][459]LogUObjectGlobals:Warning: Failed to find object 'Object None.'
[2015.03.27-14.54.22:870][459]LogUObjectGlobals:Warning: Failed to find object 'Object None.'
[2015.03.27-14.54.22:870][459]LogUObjectGlobals:Warning: Failed to find object 'Object None.'
[2015.03.27-14.54.22:871][459]LogUObjectGlobals:Warning: Failed to find object 'Object None.'
[2015.03.27-14.54.22:876][459]LogUObjectGlobals:Warning: Failed to find object 'Object None.'
[2015.03.27-14.54.22:877][460]LogUObjectGlobals:Warning: Failed to find object 'Object None.'
[2015.03.27-14.54.22:886][460]LogUObjectGlobals:Warning: Failed to find object 'Object None.'
[2015.03.27-14.54.22:887][460]LogUObjectGlobals:Warning: Failed to find object 'Object None.'
[2015.03.27-14.54.22:887][460]LogUObjectGlobals:Warning: Failed to find object 'Object None.'
[2015.03.27-14.54.22:901][460]LogUObjectGlobals:Warning: Failed to find object 'Object None.'
[2015.03.27-14.54.22:906][461]LogUObjectGlobals:Warning: Failed to find object 'Object None.'
[2015.03.27-14.54.22:914][461]LogUObjectGlobals:Warning: Failed to find object 'Object None.'
[2015.03.27-14.54.22:916][461]LogUObjectGlobals:Warning: Failed to find object 'Object None.'
[2015.03.27-14.54.22:917][461]LogUObjectGlobals:Warning: Failed to find object 'Object None.'
[2015.03.27-14.54.22:918][461]LogUObjectGlobals:Warning: Failed to find object 'Object None.'
[2015.03.27-14.54.22:918][461]LogUObjectGlobals:Warning: Failed to find object 'Object None.'
[2015.03.27-14.54.22:924][461]LogUObjectGlobals:Warning: Failed to find object 'Object None.'
[2015.03.27-14.54.22:935][462]LogUObjectGlobals:Warning: Failed to find object 'Object None.'
[2015.03.27-14.54.22:945][463]LogUObjectGlobals:Warning: Failed to find object 'Object None.'
[2015.03.27-14.54.22:957][464]LogUObjectGlobals:Warning: Failed to find object 'Object None.'
[2015.03.27-14.54.22:968][465]LogUObjectGlobals:Warning: Failed to find object 'Object None.'
[2015.03.27-14.54.22:979][466]LogUObjectGlobals:Warning: Failed to find object 'Object None.'
[2015.03.27-14.54.22:990][467]LogUObjectGlobals:Warning: Failed to find object 'Object None.'
[2015.03.27-14.54.23:002][468]LogUObjectGlobals:Warning: Failed to find object 'Object None.'
[2015.03.27-14.54.23:015][469]LogUObjectGlobals:Warning: Failed to find object 'Object None.'
[2015.03.27-14.54.23:025][470]LogUObjectGlobals:Warning: Failed to find object 'Object None.'
[2015.03.27-14.54.23:034][471]LogUObjectGlobals:Warning: Failed to find object 'Object None.'
[2015.03.27-14.54.23:044][472]LogUObjectGlobals:Warning: Failed to find object 'Object None.'
[2015.03.27-14.54.23:054][473]LogUObjectGlobals:Warning: Failed to find object 'Object None.'
[2015.03.27-14.54.23:066][474]LogUObjectGlobals:Warning: Failed to find object 'Object None.'
[2015.03.27-14.54.23:077][475]LogUObjectGlobals:Warning: Failed to find object 'Object None.'
[2015.03.27-14.54.23:088][476]LogUObjectGlobals:Warning: Failed to find object 'Object None.'
[2015.03.27-14.54.23:099][477]LogUObjectGlobals:Warning: Failed to find object 'Object None.'
[2015.03.27-14.54.23:109][478]LogUObjectGlobals:Warning: Failed to find object 'Object None.'
[2015.03.27-14.54.23:120][479]LogUObjectGlobals:Warning: Failed to find object 'Object None.'
[2015.03.27-14.54.23:130][480]LogUObjectGlobals:Warning: Failed to find object 'Object None.'
[2015.03.27-14.54.23:140][481]LogUObjectGlobals:Warning: Failed to find object 'Object None.'
[2015.03.27-14.54.23:151][482]LogUObjectGlobals:Warning: Failed to find object 'Object None.'
[2015.03.27-14.54.23:161][483]LogUObjectGlobals:Warning: Failed to find object 'Object None.'
[2015.03.27-14.54.23:171][484]LogUObjectGlobals:Warning: Failed to find object 'Object None.'
[2015.03.27-14.54.23:182][485]LogUObjectGlobals:Warning: Failed to find object 'Object None.'
[2015.03.27-14.54.23:195][486]LogUObjectGlobals:Warning: Failed to find object 'Object None.'
[2015.03.27-14.54.23:205][487]LogUObjectGlobals:Warning: Failed to find object 'Object None.'
[2015.03.27-14.54.23:215][488]LogUObjectGlobals:Warning: Failed to find object 'Object None.'
[2015.03.27-14.54.23:226][489]LogUObjectGlobals:Warning: Failed to find object 'Object None.'
[2015.03.27-14.54.23:236][490]LogUObjectGlobals:Warning: Failed to find object 'Object None.'
[2015.03.27-14.54.23:246][491]LogUObjectGlobals:Warning: Failed to find object 'Object None.'
[2015.03.27-14.54.23:257][492]LogUObjectGlobals:Warning: Failed to find object 'Object None.'
[2015.03.27-14.54.23:267][493]LogUObjectGlobals:Warning: Failed to find object 'Object None.'
[2015.03.27-14.54.23:278][494]LogUObjectGlobals:Warning: Failed to find object 'Object None.'
[2015.03.27-14.54.23:291][495]LogUObjectGlobals:Warning: Failed to find object 'Object None.'
[2015.03.27-14.54.23:303][496]LogUObjectGlobals:Warning: Failed to find object 'Object None.'
[2015.03.27-14.54.23:315][497]LogUObjectGlobals:Warning: Failed to find object 'Object None.'
[2015.03.27-14.54.23:325][498]LogUObjectGlobals:Warning: Failed to find object 'Object None.'
[2015.03.27-