Log file open, 03/26/15 18:14:10
LogInit:Display: Running engine for game: ENPo
LogInit: Version: 4.7.3-2479750+++depot+UE4-Releases+4.7
LogInit: API Version: 2455222
LogInit: Compiled (64-bit): Mar 15 2015 23:20:45
LogInit: Compiled with Visual C++: 18.00.21005.01
LogInit: Build Configuration: Development
LogInit: Branch Name: ++depot+UE4-Releases+4.7
LogInit: Command line:  
LogInit: Base directory: C:/Program Files/Epic Games/4.7/Engine/Binaries/Win64/
LogInit: Rocket: 1
[2015.03.26-23.14.10:275][  0]LogTaskGraph: Started task graph with 3 named threads and 6 total threads.
[2015.03.26-23.14.10:326][  0]LogOnline:Warning: No default platform service specified for OnlineSubsystem
[2015.03.26-23.14.10:340][  0]LogInit: Presizing for 0 objects not considered by GC, pre-allocating 0 bytes.
[2015.03.26-23.14.10:349][  0]LogInit: Object subsystem initialized
[2015.03.26-23.14.10:351][  0]LogConsoleResponse:Warning: Skipping Unknown console variable: 'TranslucentSortAxis = (X=0.000000,Y=-1.000000,Z=0.000000)'
[2015.03.26-23.14.10:351][  0]LogConsoleResponse:Warning:   Found in ini file 'C:/Users/Jeremy Martin/Documents/GitHub/turbo-archer/ENPo/Saved/Config/Windows/Engine.ini', in section '[/Script/Engine.RendererSettings]'
[2015.03.26-23.14.10:351][  0]LogConsoleResponse:Warning: Skipping Unknown console variable: 'UIScaleRule = ShortestSide'
[2015.03.26-23.14.10:351][  0]LogConsoleResponse:Warning:   Found in ini file 'C:/Users/Jeremy Martin/Documents/GitHub/turbo-archer/ENPo/Saved/Config/Windows/Engine.ini', in section '[/Script/Engine.RendererSettings]'
[2015.03.26-23.14.10:351][  0]LogConsoleResponse:Warning: Skipping Unknown console variable: 'UIScaleCurve = (EditorCurveData=(Keys=),ExternalCurve=None)'
[2015.03.26-23.14.10:351][  0]LogConsoleResponse:Warning:   Found in ini file 'C:/Users/Jeremy Martin/Documents/GitHub/turbo-archer/ENPo/Saved/Config/Windows/Engine.ini', in section '[/Script/Engine.RendererSettings]'
[2015.03.26-23.14.10:351][  0]LogInit: Selected Device Profile: [Windows]
[2015.03.26-23.14.10:351][  0]LogInit: Applying CVar settings loaded from the selected device profile: [Windows]
[2015.03.26-23.14.10:358][  0]LogInit: Computer: JEREMYMARTIN-PC
[2015.03.26-23.14.10:358][  0]LogInit: User: JeremyMartin
[2015.03.26-23.14.10:358][  0]LogInit: CPU Page size=4096, Cores=4
[2015.03.26-23.14.10:358][  0]LogInit: High frequency timer resolution =2.728212 MHz
[2015.03.26-23.14.10:358][  0]LogMemory: Memory total: Physical=7.9GB (8GB approx) Virtual=8192.0GB
[2015.03.26-23.14.10:358][  0]LogMemory: Platform Memory Stats for Windows
[2015.03.26-23.14.10:358][  0]LogMemory: Process Physical Memory: 48.57 MB used, 48.57 MB peak
[2015.03.26-23.14.10:358][  0]LogMemory: Process Virtual Memory: 28.46 MB used, 28.46 MB peak
[2015.03.26-23.14.10:358][  0]LogMemory: Physical Memory: 2813.90 MB used, 8097.22 MB total
[2015.03.26-23.14.10:358][  0]LogMemory: Virtual Memory: 281.31 MB used, 8388608.00 MB total
[2015.03.26-23.14.10:395][  0]LogD3D11RHI: Found D3D11 adapter 0: Intel(R) HD Graphics 4600 (Feature Level 11_0)
[2015.03.26-23.14.10:395][  0]LogD3D11RHI: Adapter has 2094MB of dedicated video memory, 0MB of dedicated system memory, and 3792MB of shared system memory, 1 output[s]
[2015.03.26-23.14.10:395][  0]LogD3D11RHI: Chosen D3D11 Adapter Id = 0
[2015.03.26-23.14.10:401][  0]LogRHI: Texture pool is 1361 MB (70% of 1945 MB)
[2015.03.26-23.14.10:414][  0]LogD3D11RHI: Async texture creation enabled
[2015.03.26-23.14.10:467][  0]LogTextLocalizationManager: The requested culture ('en_US') has no localization data; parent culture's ('en') localization data will be used.
[2015.03.26-23.14.10:523][  0]LogTextLocalizationManager:Warning: Loading localization resources contain conflicting entries for (Namespace:UICommands, Key:Save_ToolTip):
Resource: (C:/Program Files/Epic Games/4.7/Engine/Content/Localization/Editor/en/Editor.locres) Hash: (-29098895) String: (Saves the current level to disk)
Resource: (C:/Program Files/Epic Games/4.7/Engine/Content/Localization/Engine/en/Engine.locres) Hash: (-1280300587) String: (Save selected data to vlog file)
[2015.03.26-23.14.10:523][  0]LogTextLocalizationManager:Warning: Loading localization resources contain conflicting entries for (Namespace:ContentBrowser, Key:ImportAssetToolTip):
Resource: (C:/Program Files/Epic Games/4.7/Engine/Content/Localization/Editor/en/Editor.locres) Hash: (-630476809) String: (Import to {0}...)
Resource: (C:/Program Files/Epic Games/4.7/Engine/Content/Localization/Editor/en/Editor.locres) Hash: (1271782899) String: (Imports an asset from file to this folder.)
[2015.03.26-23.14.10:601][  0]LogContentStreaming: Texture pool size is 0.000000MB
[2015.03.26-23.14.12:713][  0]LogTargetPlatformManager:Display: Building Assets For Windows
[2015.03.26-23.14.13:172][  0]LogTargetPlatformManager:Display: Building Assets For Windows
[2015.03.26-23.14.13:224][  0]LogDerivedDataCache:Display: Max Cache Size: 512 MB
[2015.03.26-23.14.13:259][  0]LogDerivedDataCache: Loaded boot cache 0.03s 39MB C:/Users/Jeremy Martin/AppData/Local/UnrealEngine/4.7/DerivedDataCache/Boot.ddc.
[2015.03.26-23.14.13:259][  0]LogDerivedDataCache:Display: Loaded Boot cache: C:/Users/Jeremy Martin/AppData/Local/UnrealEngine/4.7/DerivedDataCache/Boot.ddc
[2015.03.26-23.14.13:259][  0]LogDerivedDataCache: FDerivedDataBackendGraph:  Pak pak cache file ../../../../../../Users/Jeremy Martin/Documents/GitHub/turbo-archer/ENPo/DerivedDataCache/DDC.ddp not found, will not use a pak cache.
[2015.03.26-23.14.13:259][  0]LogDerivedDataCache: Unable to find inner node Pak for hierarchical cache Hierarchy.
[2015.03.26-23.14.13:364][  0]LogDerivedDataCache:Display: Pak cache opened for reading ../../../Engine/DerivedDataCache/Compressed.ddp.
[2015.03.26-23.14.13:442][  0]LogDerivedDataCache: Using Local data cache path C:/Users/Jeremy Martin/AppData/Local/UnrealEngine/Common/DerivedDataCache: Writable
[2015.03.26-23.14.13:947][  0]LogMeshUtilities: No automatic mesh reduction module available
[2015.03.26-23.14.13:947][  0]LogMeshUtilities: No automatic mesh merging module available
[2015.03.26-23.14.14:381][  0]LogInit: WinSock: version 1.1 (2.2), MaxSocks=32767, MaxUdp=65467
[2015.03.26-23.14.14:454][  0]LogSlate:Warning: Failed to load font data from '../../../Engine/Content/Slate/Fonts/Roboto-Italic.ttf'
[2015.03.26-23.14.16:413][  0]UdpMessaging: Initializing bridge on interface 0.0.0.0:0 to multicast group 230.0.0.1:6666.
[2015.03.26-23.14.16:607][  0]SourceControl: Info Source control is disabled
[2015.03.26-23.14.16:607][  0]SourceControl: Info Source control is disabled
[2015.03.26-23.14.16:607][  0]SourceControl: Info Source control is disabled
[2015.03.26-23.14.16:607][  0]LogSourceControl: RunCommandInternalRaw: 'git version'
[2015.03.26-23.14.16:607][  0]LogSourceControl: RunCommandInternalRaw: ExecProcess ReturnCode=2 OutResults=''
[2015.03.26-23.14.16:616][  0]SourceControl: Info Source control is disabled
[2015.03.26-23.14.16:795][  0]LogObj: 24231 objects as part of root set at end of initial load.
[2015.03.26-23.14.16:795][  0]LogUObjectAllocator: 5136440 out of 0 bytes used by permanent object pool.
[2015.03.26-23.14.16:864][  0]LogEngine: Initializing Engine...
[2015.03.26-23.14.20:029][  0]LogInit: XAudio2 using 'Speakers / Headphones (Realtek High Definition Audio)' : 2 channels at 48 kHz using 32 bits per sample (channel mask 0x3)
[2015.03.26-23.14.20:136][  0]LogInit: FAudioDevice initialized.
[2015.03.26-23.14.20:169][  0]LogAIModule: Creating AISystem for world NewWorld
[2015.03.26-23.14.20:192][  0]LogDerivedDataCache: Saved boot cache 0.02s 39MB C:/Users/Jeremy Martin/AppData/Local/UnrealEngine/4.7/DerivedDataCache/Boot.ddc.
[2015.03.26-23.14.20:194][  0]LogInit: Texture streaming: Enabled
[2015.03.26-23.14.20:264][  0]LogAnalytics: Creating configured Analytics provider AnalyticsET
[2015.03.26-23.14.20:264][  0]LogAnalytics: ET APIKey = Rocket.Release. APIServer = http://et2.epicgames.com/ET2/. AppVersion = 4.7.3-2479750+++depot+UE4-Releases+4.7
[2015.03.26-23.14.20:264][  0]LogAnalytics: ET APIKey = Rocket.Release. DataRouterUploadURL = https://datarouter-public-service-gamedev.ol.epicgames.net/datarouter/api/v1/public/data. AppVersion = 4.7.3-2479750+++depot+UE4-Releases+4.7
[2015.03.26-23.14.20:264][  0]LogAnalytics: SetUserId 4faf2b8f401686a57575ecb438c58793|93efd1466ca449a7a50c61e21231fb4f|d21d11dd-cad7-4eb6-8377-a86052e53efe
[2015.03.26-23.14.20:265][  0]LogAnalytics: AnalyticsET::StartSession [Rocket.Release]
[2015.03.26-23.14.20:291][  0]LogInit: Transaction tracking system initialized
[2015.03.26-23.14.20:448][  0]BlueprintLog: New page: Editor Load
[2015.03.26-23.14.20:477][  0]LogAssetRegistry: FAssetRegistry took 0.0096 seconds to start up
[2015.03.26-23.14.20:477][  0]LogDirectoryWatcher:Warning: Failed to begin reading directory changes for ../../../Engine/Plugins/Experimental/CharacterAI/Content/. Error: 0
[2015.03.26-23.14.20:944][  0]LogTargetPlatformManager:Display: Building Assets For Windows
[2015.03.26-23.14.21:259][  0]LogTargetPlatformManager:Display: Building Assets For Windows
[2015.03.26-23.14.21:467][  0]LogSlate:Warning: Failed to load font data from '../../../Engine/Content/Editor/Slate/Fonts/Roboto-Regular.ttf'
[2015.03.26-23.14.21:467][  0]LogSlate:Warning: Failed to load font data from '../../../Engine/Content/Editor/Slate/Fonts/Roboto-Bold.ttf'
[2015.03.26-23.14.21:475][  0]LogConsoleResponse:Display: 
[2015.03.26-23.14.21:609][  0]LogCook:Display: Done creating registry. It took  0.00s.
[2015.03.26-23.14.21:738][  0]SourceControl: Info Source control is disabled
[2015.03.26-23.14.21:738][  0]Cmd: MAP LOAD FILE="../../../../../../Users/Jeremy Martin/Documents/GitHub/turbo-archer/ENPo/Content/PuzzleBP/Maps/PuzzleExampleMap.umap" TEMPLATE=0 SHOWPROGRESS=1 FEATURELEVEL=3
[2015.03.26-23.14.21:739][  0]LightingResults: New page: Lighting Build
[2015.03.26-23.14.21:749][  0]MapCheck: New page: Map Check
[2015.03.26-23.14.21:749][  0]LightingResults: New page: Lighting Build
[2015.03.26-23.14.21:755][  0]LogParticles: Destroying 0 GPU particle simulations for FXSystem 0x00000000042F4D60
[2015.03.26-23.14.21:995][  0]LogBlueprint:Warning: [compiler] Warning Node  Unknown  is not referencing a valid level actor
[2015.03.26-23.14.21:995][  0]LogBlueprint:Warning: [compiler] Warning [0013.50] Compile of PuzzleExampleMap successful, but with 1 Warning(s) [in 5 ms]
[2015.03.26-23.14.21:996][  0]LogBlueprint:Warning: [compiler] Warning [0013.50] Compile of PuzzleExampleMap successful, but with 2 Warning(s) [in 0 ms]
[2015.03.26-23.14.21:996][  0]LogBlueprint:Warning: [compiler] Warning [0013.50] Compile of PuzzleExampleMap successful, but with 3 Warning(s) [in 0 ms]
[2015.03.26-23.14.21:996][  0]LogBlueprint:Warning: [compiler] Warning [0013.50] Compile of PuzzleExampleMap successful, but with 4 Warning(s) [in 0 ms]
[2015.03.26-23.14.22:001][  0]LogBlueprint:Warning: [compiler] Warning Node  Unknown  is not referencing a valid level actor
[2015.03.26-23.14.22:002][  0]LogBlueprint:Warning: [compiler] Warning [0013.50] Compile of PuzzleExampleMap successful, but with 1 Warning(s) [in 5 ms]
[2015.03.26-23.14.22:002][  0]LogBlueprint:Warning: [compiler] Warning [0013.50] Compile of PuzzleExampleMap successful, but with 2 Warning(s) [in 0 ms]
[2015.03.26-23.14.22:134][  0]LogEditorServer: Finished looking for orphan Actors (0.000 secs)
[2015.03.26-23.14.22:139][  0]LogAIModule: Creating AISystem for world PuzzleExampleMap
[2015.03.26-23.14.22:140][  0]Cmd: MAP CHECKDEP
[2015.03.26-23.14.22:140][  0]MapCheck: New page: PuzzleExampleMap - Mar 26, 2015, 1:14:22 PM
[2015.03.26-23.14.22:208][  0]MapCheck: Info Map check complete: 0 Error(s), 0 Warning(s), took 67.512ms to complete.
[2015.03.26-23.14.22:208][  0]LogFileHelpers: Loading map 'PuzzleExampleMap' took 0.470
[2015.03.26-23.14.22:353][  0]LogCollectionManager: Loaded 0 collections in 0.001325 seconds
[2015.03.26-23.14.22:363][  0]LogContentBrowser: Native class hierarchy populated in 0.0101 seconds. Added 1696 classes and 261 folders.
[2015.03.26-23.14.22:382][  0]LogContentBrowser:Verbose: The content browser source was changed by the sources view to '/Classes_Engine/Engine/Classes'
[2015.03.26-23.14.22:394][  0]LogContentBrowser: Native class hierarchy updated for 'SceneOutliner' in 0.0016 seconds. Added 1 classes and 2 folders.
[2015.03.26-23.14.22:459][  0]LogCrashTracker: Crashtracker disabled due to settings.
[2015.03.26-23.14.22:459][  0]LogSlate:Warning: Failed to load font data from 'Veranda'
[2015.03.26-23.14.22:465][  0]LogUObjectGlobals:Warning: Failed to find object 'Class None.'
[2015.03.26-23.14.22:499][  0]LogLoad: Full Startup: 14.00 seconds (BP compile: 0.10 seconds)
[2015.03.26-23.14.23:008][  0]LogRenderer:Warning: Reallocating scene render targets to support 32x32 (Frame:2).
[2015.03.26-23.14.23:952][  0]LogRenderer:Warning: Reallocating scene render targets to support 984x568 (Frame:10).
[2015.03.26-23.14.25:481][  4]LogAssetRegistry: Asset discovery search completed in 5.0140 seconds
[2015.03.26-23.14.45:431][153]LogEditorViewport: Clicking on Actor (LMB): SkyLight (SkyLight)
[2015.03.26-23.15.11:050][ 47]LogContentBrowser:Verbose: The content browser source was changed by the sources view to '/Classes_Engine/Engine/Classes/Materials'
[2015.03.26-23.15.30:704][663]LogVSAccessor:Warning: Visual Studio is open but could not be queried - it may be blocked by a modal operation
[2015.03.26-23.16.11:988][829]LogContentBrowser:Verbose: The content browser source was changed by the sources view to 'None'
[2015.03.26-23.16.11:988][829]LogContentBrowser:Verbose: The content browser source was changed by the sources view to '/Game/StarterContent/Textures'
[2015.03.26-23.17.00:270][611]LogMaterial: Missing cached shader map for material M_CobbleStone_Rough, compiling. 
[2015.03.26-23.17.00:365][611]LogActorComponent: UnregisterComponent: (/Engine/Transient.SkeletalMeshComponent_0) Not registered. Aborting.
[2015.03.26-23.17.00:496][611]LogActorComponent: UnregisterComponent: (/Engine/Transient.SkeletalMeshComponent_0) Not registered. Aborting.
[2015.03.26-23.17.00:510][611]LogActorComponent: RegisterComponentWithWorld: (/Engine/Transient.MaterialEditorMeshComponent_0) Already registered. Aborting.
[2015.03.26-23.17.00:562][611]LogMaterial: Missing cached shader map for material M_CobbleStone_Rough, compiling. 
[2015.03.26-23.17.00:578][611]LogMaterial: 0.000040 seconds spent updating 1 materials, 1 interfaces, 0 instances, 0 with static permutations.
[2015.03.26-23.17.00:600][611]LogMaterial: Missing cached shader map for material FMatExpressionPreview MaterialExpressionTextureSample_19, compiling. 
[2015.03.26-23.17.00:602][611]LogMaterial: Missing cached shader map for material FMatExpressionPreview MaterialExpressionTextureSampleParameter2D_39, compiling. 
[2015.03.26-23.17.00:604][611]LogMaterial: Missing cached shader map for material FMatExpressionPreview MaterialExpressionBumpOffset_13, compiling. 
[2015.03.26-23.17.00:606][611]LogMaterial: Missing cached shader map for material FMatExpressionPreview MaterialExpressionTextureSampleParameter2D_41, compiling. 
[2015.03.26-23.17.00:608][611]LogMaterial: Missing cached shader map for material FMatExpressionPreview MaterialExpressionTextureSampleParameter2D_42, compiling. 
[2015.03.26-23.17.00:609][611]LogMaterial: Missing cached shader map for material FMatExpressionPreview MaterialExpressionBumpOffset_14, compiling. 
[2015.03.26-23.17.00:611][611]LogMaterial: Missing cached shader map for material FMatExpressionPreview MaterialExpressionTextureSampleParameter2D_43, compiling. 
[2015.03.26-23.17.00:613][611]LogMaterial: Missing cached shader map for material FMatExpressionPreview MaterialExpressionBumpOffset_15, compiling. 
[2015.03.26-23.17.00:615][611]LogMaterial: Missing cached shader map for material FMatExpressionPreview MaterialExpressionTextureSampleParameter2D_45, compiling. 
[2015.03.26-23.17.00:617][611]LogMaterial: Missing cached shader map for material FMatExpressionPreview MaterialExpressionTextureSampleParameter2D_47, compiling. 
[2015.03.26-23.17.00:618][611]LogMaterial: Missing cached shader map for material FMatExpressionPreview MaterialExpressionBumpOffset_16, compiling. 
[2015.03.26-23.17.00:620][611]LogMaterial: Missing cached shader map for material FMatExpressionPreview MaterialExpressionTextureSampleParameter2D_48, compiling. 
[2015.03.26-23.17.00:622][611]LogMaterial: Missing cached shader map for material FMatExpressionPreview MaterialExpressionTextureSampleParameter2D_50, compiling. 
[2015.03.26-23.17.00:624][611]LogMaterial: Missing cached shader map for material FMatExpressionPreview MaterialExpressionBumpOffset_17, compiling. 
[2015.03.26-23.17.00:625][611]LogMaterial: Missing cached shader map for material FMatExpressionPreview MaterialExpressionTextureSampleParameter2D_51, compiling. 
[2015.03.26-23.17.00:627][611]LogMaterial: Missing cached shader map for material FMatExpressionPreview MaterialExpressionTextureSampleParameter2D_53, compiling. 
[2015.03.26-23.17.00:629][611]LogMaterial: Missing cached shader map for material FMatExpressionPreview MaterialExpressionBumpOffset_18, compiling. 
[2015.03.26-23.17.00:631][611]LogMaterial: Missing cached shader map for material FMatExpressionPreview MaterialExpressionTextureSampleParameter2D_54, compiling. 
[2015.03.26-23.17.00:633][611]LogMaterial: Missing cached shader map for material FMatExpressionPreview MaterialExpressionTextureSampleParameter2D_56, compiling. 
[2015.03.26-23.17.00:634][611]LogMaterial: Missing cached shader map for material FMatExpressionPreview MaterialExpressionTextureSampleParameter2D_57, compiling. 
[2015.03.26-23.17.00:636][611]LogMaterial: Missing cached shader map for material FMatExpressionPreview MaterialExpressionBumpOffset_19, compiling. 
[2015.03.26-23.17.00:638][611]LogMaterial: Missing cached shader map for material FMatExpressionPreview MaterialExpressionTextureSampleParameter2D_59, compiling. 
[2015.03.26-23.17.00:641][611]LogMaterial: Missing cached shader map for material FMatExpressionPreview MaterialExpressionBumpOffset_20, compiling. 
[2015.03.26-23.17.00:644][611]LogMaterial: Missing cached shader map for material FMatExpressionPreview MaterialExpressionTextureSampleParameter2D_60, compiling. 
[2015.03.26-23.17.00:646][611]LogMaterial: Missing cached shader map for material FMatExpressionPreview MaterialExpressionTextureSampleParameter2D_62, compiling. 
[2015.03.26-23.17.00:648][611]LogMaterial: Missing cached shader map for material FMatExpressionPreview MaterialExpressionBumpOffset_21, compiling. 
[2015.03.26-23.17.00:650][611]LogMaterial: Missing cached shader map for material FMatExpressionPreview MaterialExpressionTextureSampleParameter2D_63, compiling. 
[2015.03.26-23.17.00:652][611]LogMaterial: Missing cached shader map for material FMatExpressionPreview MaterialExpressionTextureSampleParameter2D_65, compiling. 
[2015.03.26-23.17.00:654][611]LogMaterial: Missing cached shader map for material FMatExpressionPreview MaterialExpressionTextureSampleParameter2D_66, compiling. 
[2015.03.26-23.17.00:657][611]LogMaterial: Missing cached shader map for material FMatExpressionPreview MaterialExpressionBumpOffset_22, compiling. 
[2015.03.26-23.17.00:659][611]LogMaterial: Missing cached shader map for material FMatExpressionPreview MaterialExpressionTextureSampleParameter2D_67, compiling. 
[2015.03.26-23.17.00:662][611]LogMaterial: Missing cached shader map for material FMatExpressionPreview MaterialExpressionBumpOffset_23, compiling. 
[2015.03.26-23.17.00:665][611]LogMaterial: Missing cached shader map for material FMatExpressionPreview MaterialExpressionTextureSampleParameter2D_69, compiling. 
[2015.03.26-23.17.00:667][611]LogMaterial: Missing cached shader map for material FMatExpressionPreview MaterialExpressionTextureSample_31, compiling. 
[2015.03.26-23.17.00:670][611]LogMaterial: Missing cached shader map for material FMatExpressionPreview MaterialExpressionTextureSampleParameter2D_72, compiling. 
[2015.03.26-23.17.00:673][611]LogMaterial: Missing cached shader map for material FMatExpressionPreview MaterialExpressionTextureSampleParameter2D_73, compiling. 
[2015.03.26-23.17.00:675][611]LogMaterial: Missing cached shader map for material FMatExpressionPreview MaterialExpressionBumpOffset_25, compiling. 
[2015.03.26-23.17.00:677][611]LogMaterial: Missing cached shader map for material FMatExpressionPreview MaterialExpressionTextureSampleParameter2D_0, compiling. 
[2015.03.26-23.17.00:679][611]LogMaterial: Missing cached shader map for material FMatExpressionPreview MaterialExpressionTextureSampleParameter2D_2, compiling. 
[2015.03.26-23.17.00:681][611]LogMaterial: Missing cached shader map for material FMatExpressionPreview MaterialExpressionTextureSampleParameter2D_4, compiling. 
[2015.03.26-23.17.00:682][611]LogMaterial: Missing cached shader map for material FMatExpressionPreview MaterialExpressionTextureSampleParameter2D_6, compiling. 
[2015.03.26-23.17.00:685][611]LogMaterial: Missing cached shader map for material FMatExpressionPreview MaterialExpressionTextureSampleParameter2D_8, compiling. 
[2015.03.26-23.17.00:687][611]LogMaterial: Missing cached shader map for material FMatExpressionPreview MaterialExpressionTextureSampleParameter2D_10, compiling. 
[2015.03.26-23.17.00:690][611]LogMaterial: Missing cached shader map for material FMatExpressionPreview MaterialExpressionTextureSampleParameter2D_12, compiling. 
[2015.03.26-23.17.00:693][611]LogMaterial: Missing cached shader map for material FMatExpressionPreview MaterialExpressionTextureSampleParameter2D_14, compiling. 
[2015.03.26-23.17.00:695][611]LogMaterial: Missing cached shader map for material FMatExpressionPreview MaterialExpressionTextureSampleParameter2D_16, compiling. 
[2015.03.26-23.17.00:698][611]LogMaterial: Missing cached shader map for material FMatExpressionPreview MaterialExpressionTextureSampleParameter2D_18, compiling. 
[2015.03.26-23.17.00:701][611]LogMaterial: Missing cached shader map for material FMatExpressionPreview MaterialExpressionTextureSampleParameter2D_20, compiling. 
[2015.03.26-23.17.00:703][611]LogMaterial: Missing cached shader map for material FMatExpressionPreview MaterialExpressionTextureSampleParameter2D_22, compiling. 
[2015.03.26-23.17.03:383][702]MaterialEditorStats: Info Base pass shader with static lighting: 210 instructions
[2015.03.26-23.17.03:383][702]MaterialEditorStats: Info Base pass shader with only dynamic lighting: 179 instructions
[2015.03.26-23.17.03:383][702]MaterialEditorStats: Info Vertex shader: 33 instructions
[2015.03.26-23.17.03:383][702]MaterialEditorStats: Info Texture samplers: 6/16
[2015.03.26-23.18.53:072][405]LogMaterial: Missing cached shader map for material M_CobbleStone_Rough, compiling. 
[2015.03.26-23.18.53:120][405]LogMaterial: Missing cached shader map for material M_CobbleStone_Rough, compiling. 
[2015.03.26-23.18.53:129][405]LogMaterial: 0.000622 seconds spent updating 1 materials, 1 interfaces, 0 instances, 0 with static permutations.
[2015.03.26-23.18.53:381][405]LogMaterial: Missing cached shader map for material FMatExpressionPreview MaterialExpressionTextureSampleParameter2D_2, compiling. 
[2015.03.26-23.18.53:383][405]LogMaterial: Missing cached shader map for material FMatExpressionPreview MaterialExpressionTextureSampleParameter2D_4, compiling. 
[2015.03.26-23.18.53:385][405]LogMaterial: Missing cached shader map for material FMatExpressionPreview MaterialExpressionTextureSampleParameter2D_6, compiling. 
[2015.03.26-23.18.53:387][405]LogMaterial: Missing cached shader map for material FMatExpressionPreview MaterialExpressionTextureSampleParameter2D_8, compiling. 
[2015.03.26-23.18.53:389][405]LogMaterial: Missing cached shader map for material FMatExpressionPreview MaterialExpressionTextureSampleParameter2D_10, compiling. 
[2015.03.26-23.18.53:391][405]LogMaterial: Missing cached shader map for material FMatExpressionPreview MaterialExpressionTextureSampleParameter2D_12, compiling. 
[2015.03.26-23.18.53:392][405]LogMaterial: Missing cached shader map for material FMatExpressionPreview MaterialExpressionTextureSampleParameter2D_14, compiling. 
[2015.03.26-23.18.53:394][405]LogMaterial: Missing cached shader map for material FMatExpressionPreview MaterialExpressionTextureSampleParameter2D_16, compiling. 
[2015.03.26-23.18.53:396][405]LogMaterial: Missing cached shader map for material FMatExpressionPreview MaterialExpressionTextureSampleParameter2D_18, compiling. 
[2015.03.26-23.18.53:397][405]LogMaterial: Missing cached shader map for material FMatExpressionPreview MaterialExpressionTextureSampleParameter2D_20, compiling. 
[2015.03.26-23.18.53:399][405]LogMaterial: Missing cached shader map for material FMatExpressionPreview MaterialExpressionTextureSampleParameter2D_22, compiling. 
[2015.03.26-23.18.56:286][495]LogMaterial: Missing cached shader map for material M_CobbleStone_Rough, compiling. 
[2015.03.26-23.18.56:339][495]LogMaterial: Missing cached shader map for material M_CobbleStone_Rough, compiling. 
[2015.03.26-23.18.56:346][495]LogMaterial: 0.000032 seconds spent updating 1 materials, 1 interfaces, 0 instances, 0 with static permutations.
[2015.03.26-23.18.56:590][495]LogMaterial: Missing cached shader map for material FMatExpressionPreview MaterialExpressionTextureSampleParameter2D_2, compiling. 
[2015.03.26-23.18.56:593][495]LogMaterial: Missing cached shader map for material FMatExpressionPreview MaterialExpressionTextureSampleParameter2D_4, compiling. 
[2015.03.26-23.18.56:595][495]LogMaterial: Missing cached shader map for material FMatExpressionPreview MaterialExpressionTextureSampleParameter2D_6, compiling. 
[2015.03.26-23.18.56:597][495]LogMaterial: Missing cached shader map for material FMatExpressionPreview MaterialExpressionTextureSampleParameter2D_8, compiling. 
[2015.03.26-23.18.56:599][495]LogMaterial: Missing cached shader map for material FMatExpressionPreview MaterialExpressionTextureSampleParameter2D_10, compiling. 
[2015.03.26-23.18.56:602][495]LogMaterial: Missing cached shader map for material FMatExpressionPreview MaterialExpressionTextureSampleParameter2D_12, compiling. 
[2015.03.26-23.18.56:605][495]LogMaterial: Missing cached shader map for material FMatExpressionPreview MaterialExpressionTextureSampleParameter2D_14, compiling. 
[2015.03.26-23.18.56:608][495]LogMaterial: Missing cached shader map for material FMatExpressionPreview MaterialExpressionTextureSampleParameter2D_16, compiling. 
[2015.03.26-23.18.56:611][495]LogMaterial: Missing cached shader map for material FMatExpressionPreview MaterialExpressionTextureSampleParameter2D_18, compiling. 
[2015.03.26-23.18.56:613][495]LogMaterial: Missing cached shader map for material FMatExpressionPreview MaterialExpressionTextureSampleParameter2D_20, compiling. 
[2015.03.26-23.18.56:616][495]LogMaterial: Missing cached shader map for material FMatExpressionPreview MaterialExpressionTextureSampleParameter2D_22, compiling. 
[2015.03.26-23.18.56:855][496]MaterialEditorStats: Info Base pass shader with static lighting: 206 instructions
[2015.03.26-23.18.56:855][496]MaterialEditorStats: Info Base pass shader with only dynamic lighting: 179 instructions
[2015.03.26-23.18.56:855][496]MaterialEditorStats: Info Vertex shader: 33 instructions
[2015.03.26-23.18.56:855][496]MaterialEditorStats: Info Texture samplers: 6/16
[2015.03.26-23.18.59:207][575]MaterialEditorStats: Info Base pass shader with static lighting: 210 instructions
[2015.03.26-23.18.59:207][575]MaterialEditorStats: Info Base pass shader with only dynamic lighting: 179 instructions
[2015.03.26-23.18.59:207][575]MaterialEditorStats: Info Vertex shader: 33 instructions
[2015.03.26-23.18.59:208][575]MaterialEditorStats: Info Texture samplers: 6/16
[2015.03.26-23.20.28:515][ 33]LogTexture:Display: Building textures: T_Brick_Hewn_Stone_D (AutoDXT)
[2015.03.26-23.20.32:084][ 33]LogTexture:Display: Building textures: T_Brick_Hewn_Stone_M (AutoDXT)
[2015.03.26-23.20.35:756][ 33]LogTexture:Display: Building textures: T_Brick_Hewn_Stone_N (BC5)
[2015.03.26-23.20.36:293][ 33]LogTexture:Display: Building textures: T_Detail_Rocky_N (BC5)
[2015.03.26-23.20.36:421][ 33]LogMaterial: Missing cached shader map for material M_Brick_Hewn_Stone, compiling. 
[2015.03.26-23.20.42:744][145]LogEditorViewport: Clicking on Actor (LMB): skyB_C (skyB)
[2015.03.26-23.20.59:873][488]LogEditorViewport: Clicking on Actor (LMB): skyB_C (skyB)
[2015.03.26-23.21.44:652][261]LogEditorViewport: Clicking on Actor (LMB): skyB_C (skyB)
[2015.03.26-23.21.48:274][336]LogEditorViewport: Clicking on Actor (LMB): RunnerCharacter_C (RunnerCharacter)
[2015.03.26-23.21.55:401][521]LogRenderer:Warning: Reallocating scene render targets to support 1144x896 (Frame:6662).
[2015.03.26-23.22.03:387][779]LogActorComponent: UnregisterComponent: (/Engine/Transient.CharMoveComp) Not registered. Aborting.
[2015.03.26-23.23.00:858][851]BlueprintLog: New page: Compile RunnerCharacter
[2015.03.26-23.23.01:086][851]LogParticles: Destroying 0 GPU particle simulations for FXSystem 0x000000002DF671A0
[2015.03.26-23.23.01:232][851]Cmd: OBJ SAVEPACKAGE PACKAGE="/Game/Blueprints/RunnerCharacter" FILE="../../../../../../Users/Jeremy Martin/Documents/GitHub/turbo-archer/ENPo/Content/Blueprints/RunnerCharacter.uasset" SILENT=true
[2015.03.26-23.23.01:651][851]LogSavePackage: Save=409.485046ms
[2015.03.26-23.23.01:651][851]LogSavePackage: Moving '../../../../../../Users/Jeremy Martin/Documents/GitHub/turbo-archer/ENPo/Saved/RunnerCharacter90C1B79F416FFC3C920F199AF2262D74.tmp' to '../../../../../../Users/Jeremy Martin/Documents/GitHub/turbo-archer/ENPo/Content/Blueprints/RunnerCharacter.uasset'
[2015.03.26-23.23.01:659][851]BlueprintEditorCompileResults: Info [0533.13] Compile of RunnerCharacter successful! [in 800 ms]
[2015.03.26-23.23.03:968][885]LogEditorViewport: Clicking on Actor (LMB): PointLight (PointLight)
[2015.03.26-23.23.05:220][907]Cmd: DELETE
[2015.03.26-23.23.05:221][907]Cmd: ACTOR DELETE
[2015.03.26-23.23.05:228][907]LogEditorActor: Deleted Actor: PointLight
[2015.03.26-23.23.05:275][907]LogActorComponent: UnregisterComponent: (/Engine/Transient.CharMoveComp) Not registered. Aborting.
[2015.03.26-23.23.05:318][907]LogEditorActor: Deleted 1 Actors (0.097 secs)
[2015.03.26-23.23.11:494][ 23]BlueprintLog: New page: Pre-PIE auto-recompile
[2015.03.26-23.23.11:497][ 23]LogPlayLevel: [PIE] Compiling PuzzleExampleMap before PIE...
[2015.03.26-23.23.11:505][ 23]LogBlueprint:Warning: [compiler] Warning Node  Unknown  is not referencing a valid level actor
[2015.03.26-23.23.11:506][ 23]LogBlueprint:Warning: [compiler] Warning [0542.98] Compile of PuzzleExampleMap successful, but with 1 Warning(s) [in 7 ms]
[2015.03.26-23.23.11:507][ 23]LogBlueprint:Warning: [compiler] Warning [0542.98] Compile of PuzzleExampleMap successful, but with 2 Warning(s) [in 0 ms]
[2015.03.26-23.23.11:534][ 23]LogBlueprint:Warning: [compiler] Warning [0543.01] Compile of PuzzleExampleMap successful, but with 3 Warning(s) [in 26 ms]
[2015.03.26-23.23.11:537][ 23]LogBlueprint:Warning: [compiler] Warning [0543.01] Compile of PuzzleExampleMap successful, but with 4 Warning(s) [in 2 ms]
[2015.03.26-23.23.11:537][ 23]LogBlueprint:Warning: [compiler] Warning [0543.01] Compile of PuzzleExampleMap successful, but with 5 Warning(s) [in 0 ms]
[2015.03.26-23.23.11:537][ 23]LogBlueprint:Warning: [compiler] Warning [0543.01] Compile of PuzzleExampleMap successful, but with 6 Warning(s) [in 0 ms]
[2015.03.26-23.23.11:553][ 23]LogPlayLevel: PIE:  Blueprint regeneration took 58 ms (1 blueprints)
[2015.03.26-23.23.11:553][ 23]PIE: New page: SIE session: PuzzleExampleMap (Mar 26, 2015, 1:23:11 PM)
[2015.03.26-23.23.11:592][ 23]LogPlayLevel: PIE: StaticDuplicateObject took: (0.038570s)
[2015.03.26-23.23.11:600][ 23]LogPlayLevel: PIE: World Init took: (0.007842s)
[2015.03.26-23.23.11:601][ 23]LogPlayLevel: PIE: Created PIE world by copying editor world from /Game/PuzzleBP/Maps/PuzzleExampleMap.PuzzleExampleMap to /Game/PuzzleBP/Maps/UEDPIE_0_PuzzleExampleMap.PuzzleExampleMap (0.047589s)
[2015.03.26-23.23.11:602][ 23]LogSelection:Warning: PIE object was selected: "Brush /Game/PuzzleBP/Maps/UEDPIE_0_PuzzleExampleMap.PuzzleExampleMap:PersistentLevel.FloorGeometry"
[2015.03.26-23.23.11:670][ 23]LogWorld: Game class is 'RunnerGameMode_C'
[2015.03.26-23.23.11:672][ 23]LogAIModule: Creating AISystem for world PuzzleExampleMap
[2015.03.26-23.23.11:677][ 23]LogWorld: Bringing World /Game/PuzzleBP/Maps/UEDPIE_0_PuzzleExampleMap.PuzzleExampleMap up for play (max tick rate 0) at 2015.03.26-18.23.11
[2015.03.26-23.23.11:678][ 23]LogWorld: Bringing up level for play took: 0.004857
[2015.03.26-23.23.11:679][ 23]LogPawn:Error: EnableInput can only be specified on a Pawn for its Controller
[2015.03.26-23.23.11:679][ 23]PIE: Info Play in editor start time for /Game/PuzzleBP/Maps/UEDPIE_0_PuzzleExampleMap 0.861
[2015.03.26-23.23.11:698][ 23]LogSelection:Warning: PIE object was selected: "Brush /Game/PuzzleBP/Maps/UEDPIE_0_PuzzleExampleMap.PuzzleExampleMap:PersistentLevel.FloorGeometry"
[2015.03.26-23.24.07:013][141]LogActorComponent: UnregisterComponent: (/Engine/Transient.CharMoveComp) Not registered. Aborting.
[2015.03.26-23.24.07:031][141]LogParticles: Destroying 0 GPU particle simulations for FXSystem 0x000000000EDF72E0
[2015.03.26-23.24.10:243][202]BlueprintLog: New page: Compile RunnerCharacter
[2015.03.26-23.24.10:452][202]Cmd: OBJ SAVEPACKAGE PACKAGE="/Game/Blueprints/RunnerCharacter" FILE="../../../../../../Users/Jeremy Martin/Documents/GitHub/turbo-archer/ENPo/Content/Blueprints/RunnerCharacter.uasset" SILENT=true
[2015.03.26-23.24.10:878][202]LogSavePackage: Save=418.144928ms
[2015.03.26-23.24.10:878][202]LogSavePackage: Moving '../../../../../../Users/Jeremy Martin/Documents/GitHub/turbo-archer/ENPo/Saved/RunnerCharacterF7CFB048413AB922141C928A6C017D3A.tmp' to '../../../../../../Users/Jeremy Martin/Documents/GitHub/turbo-archer/ENPo/Content/Blueprints/RunnerCharacter.uasset'
[2015.03.26-23.24.10:882][202]BlueprintEditorCompileResults: Info [0602.35] Compile of RunnerCharacter successful! [in 638 ms]
[2015.03.26-23.24.38:961][633]LogActorComponent: UnregisterComponent: (/Engine/Transient.CharMoveComp) Not registered. Aborting.
[2015.03.26-23.25.40:130][656]BlueprintLog: New page: Compile RunnerCharacter
[2015.03.26-23.25.40:326][656]Cmd: OBJ SAVEPACKAGE PACKAGE="/Game/Blueprints/RunnerCharacter" FILE="../../../../../../Users/Jeremy Martin/Documents/GitHub/turbo-archer/ENPo/Content/Blueprints/RunnerCharacter.uasset" SILENT=true
[2015.03.26-23.25.40:760][656]LogSavePackage: Save=424.594574ms
[2015.03.26-23.25.40:760][656]LogSavePackage: Moving '../../../../../../Users/Jeremy Martin/Documents/GitHub/turbo-archer/ENPo/Saved/RunnerCharacter621B0725495753D2864184B5D495B4B4.tmp' to '../../../../../../Users/Jeremy Martin/Documents/GitHub/turbo-archer/ENPo/Content/Blueprints/RunnerCharacter.uasset'
[2015.03.26-23.25.40:767][656]BlueprintEditorCompileResults: Info [0692.23] Compile of RunnerCharacter successful! [in 636 ms]
[2015.03.26-23.25.44:792][727]LogActorComponent: UnregisterComponent: (/Engine/Transient.CharMoveComp) Not registered. Aborting.
[2015.03.26-23.25.44:931][727]LogBlueprint:Warning: [compiler] Warning Node  Unknown  is not referencing a valid level actor
[2015.03.26-23.25.44:931][727]LogBlueprint:Warning: [compiler] Warning [0696.40] Compile of PuzzleExampleMap successful, but with 1 Warning(s) [in 6 ms]
[2015.03.26-23.25.44:932][727]LogBlueprint:Warning: [compiler] Warning [0696.40] Compile of PuzzleExampleMap successful, but with 2 Warning(s) [in 0 ms]
[2015.03.26-23.25.44:957][727]LogBlueprint:Warning: [compiler] Warning [0696.42] Compile of PuzzleExampleMap successful, but with 3 Warning(s) [in 24 ms]
[2015.03.26-23.25.44:959][727]LogBlueprint:Warning: [compiler] Warning [0696.42] Compile of PuzzleExampleMap successful, but with 4 Warning(s) [in 2 ms]
[2015.03.26-23.25.44:959][727]LogBlueprint:Warning: [compiler] Warning [0696.42] Compile of PuzzleExampleMap successful, but with 5 Warning(s) [in 0 ms]
[2015.03.26-23.25.44:959][727]LogBlueprint:Warning: [compiler] Warning [0696.42] Compile of PuzzleExampleMap successful, but with 6 Warning(s) [in 0 ms]
[2015.03.26-23.25.45:017][727]LogSavePackage: Save=93.983162ms
[2015.03.26-23.25.45:017][727]LogSavePackage: Moving '../../../../../../Users/Jeremy Martin/Documents/GitHub/turbo-archer/ENPo/Saved/PuzzleExampleMap_Auto1F973BD7E475FF91481DC0E926208CDE0.tmp' to '../../../../../../Users/Jeremy Martin/Documents/GitHub/turbo-archer/ENPo/Saved/Autosaves/Game/PuzzleBP/Maps/PuzzleExampleMap_Auto1.umap'
[2015.03.26-23.25.45:025][727]LogFileHelpers: Editor autosave (incl. sublevels) for '/Game/PuzzleBP/Maps/PuzzleExampleMap' took 0.233
[2015.03.26-23.25.45:025][727]LogFileHelpers: Editor autosave (incl. sublevels) for all levels took 0.233
[2015.03.26-23.25.52:845][880]BlueprintLog: New page: Pre-PIE auto-recompile
[2015.03.26-23.25.52:848][880]LogPlayLevel: [PIE] Compiling PuzzleExampleMap before PIE...
[2015.03.26-23.25.52:857][880]LogBlueprint:Warning: [compiler] Warning Node  Unknown  is not referencing a valid level actor
[2015.03.26-23.25.52:857][880]LogBlueprint:Warning: [compiler] Warning [0704.32] Compile of PuzzleExampleMap successful, but with 1 Warning(s) [in 8 ms]
[2015.03.26-23.25.52:858][880]LogBlueprint:Warning: [compiler] Warning [0704.32] Compile of PuzzleExampleMap successful, but with 2 Warning(s) [in 0 ms]
[2015.03.26-23.25.52:885][880]LogBlueprint:Warning: [compiler] Warning [0704.35] Compile of PuzzleExampleMap successful, but with 3 Warning(s) [in 27 ms]
[2015.03.26-23.25.52:888][880]LogBlueprint:Warning: [compiler] Warning [0704.35] Compile of PuzzleExampleMap successful, but with 4 Warning(s) [in 2 ms]
[2015.03.26-23.25.52:888][880]LogBlueprint:Warning: [compiler] Warning [0704.35] Compile of PuzzleExampleMap successful, but with 5 Warning(s) [in 0 ms]
[2015.03.26-23.25.52:888][880]LogBlueprint:Warning: [compiler] Warning [0704.35] Compile of PuzzleExampleMap successful, but with 6 Warning(s) [in 0 ms]
[2015.03.26-23.25.52:904][880]LogPlayLevel: PIE:  Blueprint regeneration took 58 ms (1 blueprints)
[2015.03.26-23.25.52:904][880]PIE: New page: SIE session: PuzzleExampleMap (Mar 26, 2015, 1:25:52 PM)
[2015.03.26-23.25.52:942][880]LogPlayLevel: PIE: StaticDuplicateObject took: (0.037515s)
[2015.03.26-23.25.52:959][880]LogPlayLevel: PIE: World Init took: (0.017394s)
[2015.03.26-23.25.52:960][880]LogPlayLevel: PIE: Created PIE world by copying editor world from /Game/PuzzleBP/Maps/PuzzleExampleMap.PuzzleExampleMap to /Game/PuzzleBP/Maps/UEDPIE_0_PuzzleExampleMap.PuzzleExampleMap (0.055412s)
[2015.03.26-23.25.52:962][880]LogSelection:Warning: PIE object was selected: "Brush /Game/PuzzleBP/Maps/UEDPIE_0_PuzzleExampleMap.PuzzleExampleMap:PersistentLevel.FloorGeometry"
[2015.03.26-23.25.52:995][880]LogWorld: Game class is 'RunnerGameMode_C'
[2015.03.26-23.25.52:997][880]LogAIModule: Creating AISystem for world PuzzleExampleMap
[2015.03.26-23.25.53:001][880]LogWorld: Bringing World /Game/PuzzleBP/Maps/UEDPIE_0_PuzzleExampleMap.PuzzleExampleMap up for play (max tick rate 0) at 2015.03.26-18.25.53
[2015.03.26-23.25.53:002][880]LogWorld: Bringing up level for play took: 0.004744
[2015.03.26-23.25.53:003][880]LogPawn:Error: EnableInput can only be specified on a Pawn for its Controller
[2015.03.26-23.25.53:004][880]PIE: Info Play in editor start time for /Game/PuzzleBP/Maps/UEDPIE_0_PuzzleExampleMap 0.176
[2015.03.26-23.25.53:014][880]LogSelection:Warning: PIE object was selected: "Brush /Game/PuzzleBP/Maps/UEDPIE_0_PuzzleExampleMap.PuzzleExampleMap:PersistentLevel.FloorGeometry"
[2015.03.26-23.26.16:946][466]LogParticles: Destroying 0 GPU particle simulations for FXSystem 0x000000000F0253A0
[2015.03.26-23.26.23:025][583]LogEditorViewport: Clicking on Actor (LMB): RunnerCharacter_C (RunnerCharacter)
[2015.03.26-23.26.26:036][624]LogEditorViewport: Clicking on Actor (LMB): RunnerCharacter_C (RunnerCharacter)
[2015.03.26-23.26.26:652][632]LogEditorViewport: Clicking on Actor (LMB): RunnerCharacter_C (RunnerCharacter)
[2015.03.26-23.26.27:388][643]LogEditorViewport: Clicking on Actor (LMB): RunnerCharacter_C (RunnerCharacter)
[2015.03.26-23.26.56:785][ 50]BlueprintLog: New page: Pre-PIE auto-recompile
[2015.03.26-23.26.56:848][ 50]LogActorComponent: UnregisterComponent: (/Engine/Transient.CharMoveComp) Not registered. Aborting.
[2015.03.26-23.26.56:849][ 50]LogPlayLevel: [PIE] Compiling RunnerCharacter before PIE...
[2015.03.26-23.26.57:060][ 50]Cmd: OBJ SAVEPACKAGE PACKAGE="/Game/Blueprints/RunnerCharacter" FILE="../../../../../../Users/Jeremy Martin/Documents/GitHub/turbo-archer/ENPo/Content/Blueprints/RunnerCharacter.uasset" SILENT=true
[2015.03.26-23.26.57:473][ 50]LogSavePackage: Save=404.961578ms
[2015.03.26-23.26.57:473][ 50]LogSavePackage: Moving '../../../../../../Users/Jeremy Martin/Documents/GitHub/turbo-archer/ENPo/Saved/RunnerCharacter5797E5854112D9319E63F2B918914A19.tmp' to '../../../../../../Users/Jeremy Martin/Documents/GitHub/turbo-archer/ENPo/Content/Blueprints/RunnerCharacter.uasset'
[2015.03.26-23.26.57:481][ 50]LogPlayLevel: [PIE] Compiling PuzzleExampleMap before PIE...
[2015.03.26-23.26.57:488][ 50]LogBlueprint:Warning: [compiler] Warning Node  Unknown  is not referencing a valid level actor
[2015.03.26-23.26.57:488][ 50]LogBlueprint:Warning: [compiler] Warning [0768.95] Compile of PuzzleExampleMap successful, but with 1 Warning(s) [in 6 ms]
[2015.03.26-23.26.57:489][ 50]LogBlueprint:Warning: [compiler] Warning [0768.95] Compile of PuzzleExampleMap successful, but with 2 Warning(s) [in 0 ms]
[2015.03.26-23.26.57:514][ 50]LogBlueprint:Warning: [compiler] Warning [0768.97] Compile of PuzzleExampleMap successful, but with 3 Warning(s) [in 25 ms]
[2015.03.26-23.26.57:517][ 50]LogBlueprint:Warning: [compiler] Warning [0768.98] Compile of PuzzleExampleMap successful, but with 4 Warning(s) [in 2 ms]
[2015.03.26-23.26.57:517][ 50]LogBlueprint:Warning: [compiler] Warning [0768.98] Compile of PuzzleExampleMap successful, but with 5 Warning(s) [in 0 ms]
[2015.03.26-23.26.57:517][ 50]LogBlueprint:Warning: [compiler] Warning [0768.98] Compile of PuzzleExampleMap successful, but with 6 Warning(s) [in 0 ms]
[2015.03.26-23.26.57:517][ 50]LogActorComponent: UnregisterComponent: (/Engine/Transient.CharacterMovementComponent_0) Not registered. Aborting.
[2015.03.26-23.26.57:535][ 50]LogPlayLevel: PIE:  Blueprint regeneration took 749 ms (2 blueprints)
[2015.03.26-23.26.57:535][ 50]PIE: New page: SIE session: PuzzleExampleMap (Mar 26, 2015, 1:26:57 PM)
[2015.03.26-23.26.57:582][ 50]LogPlayLevel: PIE: StaticDuplicateObject took: (0.046980s)
[2015.03.26-23.26.57:584][ 50]LogPlayLevel: PIE: World Init took: (0.001391s)
[2015.03.26-23.26.57:584][ 50]LogPlayLevel: PIE: Created PIE world by copying editor world from /Game/PuzzleBP/Maps/PuzzleExampleMap.PuzzleExampleMap to /Game/PuzzleBP/Maps/UEDPIE_0_PuzzleExampleMap.PuzzleExampleMap (0.048588s)
[2015.03.26-23.26.57:623][ 50]LogSelection:Warning: PIE object was selected: "RunnerCharacter_C /Game/PuzzleBP/Maps/UEDPIE_0_PuzzleExampleMap.PuzzleExampleMap:PersistentLevel.RunnerCharacter_C_1"
[2015.03.26-23.26.57:661][ 50]LogWorld: Game class is 'RunnerGameMode_C'
[2015.03.26-23.26.57:663][ 50]LogAIModule: Creating AISystem for world PuzzleExampleMap
[2015.03.26-23.26.57:668][ 50]LogWorld: Bringing World /Game/PuzzleBP/Maps/UEDPIE_0_PuzzleExampleMap.PuzzleExampleMap up for play (max tick rate 0) at 2015.03.26-18.26.57
[2015.03.26-23.26.57:669][ 50]LogWorld: Bringing up level for play took: 0.004975
[2015.03.26-23.26.57:670][ 50]LogPawn:Error: EnableInput can only be specified on a Pawn for its Controller
[2015.03.26-23.26.57:670][ 50]PIE: Info Play in editor start time for /Game/PuzzleBP/Maps/UEDPIE_0_PuzzleExampleMap 0.839
[2015.03.26-23.26.57:722][ 50]LogSelection:Warning: PIE object was selected: "RunnerCharacter_C /Game/PuzzleBP/Maps/UEDPIE_0_PuzzleExampleMap.PuzzleExampleMap:PersistentLevel.RunnerCharacter_C_1"
[2015.03.26-23.27.51:779][190]LogActorComponent: UnregisterComponent: (/Engine/Transient.CharMoveComp) Not registered. Aborting.
[2015.03.26-23.27.51:803][190]LogParticles: Destroying 0 GPU particle simulations for FXSystem 0x00000000195A2700
[2015.03.26-23.28.53:416][ 18]BlueprintLog: New page: Compile RunnerCharacter
[2015.03.26-23.28.53:641][ 18]Cmd: OBJ SAVEPACKAGE PACKAGE="/Game/Blueprints/RunnerCharacter" FILE="../../../../../../Users/Jeremy Martin/Documents/GitHub/turbo-archer/ENPo/Content/Blueprints/RunnerCharacter.uasset" SILENT=true
[2015.03.26-23.28.54:065][ 18]LogSavePackage: Save=414.551727ms
[2015.03.26-23.28.54:065][ 18]LogSavePackage: Moving '../../../../../../Users/Jeremy Martin/Documents/GitHub/turbo-archer/ENPo/Saved/RunnerCharacterFFB59B634D2671705C8273B983035466.tmp' to '../../../../../../Users/Jeremy Martin/Documents/GitHub/turbo-archer/ENPo/Content/Blueprints/RunnerCharacter.uasset'
[2015.03.26-23.28.54:071][ 18]BlueprintEditorCompileResults: Info [0885.52] Compile of RunnerCharacter successful! [in 654 ms]
[2015.03.26-23.28.59:694][ 98]BlueprintLog: New page: Pre-PIE auto-recompile
[2015.03.26-23.28.59:697][ 98]LogPlayLevel: [PIE] Compiling PuzzleExampleMap before PIE...
[2015.03.26-23.28.59:706][ 98]LogBlueprint:Warning: [compiler] Warning Node  Unknown  is not referencing a valid level actor
[2015.03.26-23.28.59:707][ 98]LogBlueprint:Warning: [compiler] Warning [0891.16] Compile of PuzzleExampleMap successful, but with 1 Warning(s) [in 8 ms]
[2015.03.26-23.28.59:708][ 98]LogBlueprint:Warning: [compiler] Warning [0891.16] Compile of PuzzleExampleMap successful, but with 2 Warning(s) [in 0 ms]
[2015.03.26-23.28.59:738][ 98]LogBlueprint:Warning: [compiler] Warning [0891.19] Compile of PuzzleExampleMap successful, but with 3 Warning(s) [in 30 ms]
[2015.03.26-23.28.59:741][ 98]LogBlueprint:Warning: [compiler] Warning [0891.19] Compile of PuzzleExampleMap successful, but with 4 Warning(s) [in 2 ms]
[2015.03.26-23.28.59:741][ 98]LogBlueprint:Warning: [compiler] Warning [0891.19] Compile of PuzzleExampleMap successful, but with 5 Warning(s) [in 0 ms]
[2015.03.26-23.28.59:741][ 98]LogBlueprint:Warning: [compiler] Warning [0891.19] Compile of PuzzleExampleMap successful, but with 6 Warning(s) [in 0 ms]
[2015.03.26-23.28.59:742][ 98]LogActorComponent: UnregisterComponent: (/Engine/Transient.CharMoveComp) Not registered. Aborting.
[2015.03.26-23.28.59:761][ 98]LogPlayLevel: PIE:  Blueprint regeneration took 67 ms (1 blueprints)
[2015.03.26-23.28.59:761][ 98]PIE: New page: SIE session: PuzzleExampleMap (Mar 26, 2015, 1:28:59 PM)
[2015.03.26-23.28.59:804][ 98]LogPlayLevel: PIE: StaticDuplicateObject took: (0.042400s)
[2015.03.26-23.28.59:816][ 98]LogPlayLevel: PIE: World Init took: (0.011520s)
[2015.03.26-23.28.59:816][ 98]LogPlayLevel: PIE: Created PIE world by copying editor world from /Game/PuzzleBP/Maps/PuzzleExampleMap.PuzzleExampleMap to /Game/PuzzleBP/Maps/UEDPIE_0_PuzzleExampleMap.PuzzleExampleMap (0.054333s)
[2015.03.26-23.28.59:844][ 98]LogSelection:Warning: PIE object was selected: "RunnerCharacter_C /Game/PuzzleBP/Maps/UEDPIE_0_PuzzleExampleMap.PuzzleExampleMap:PersistentLevel.RunnerCharacter_C_1"
[2015.03.26-23.28.59:873][ 98]LogWorld: Game class is 'RunnerGameMode_C'
[2015.03.26-23.28.59:875][ 98]LogAIModule: Creating AISystem for world PuzzleExampleMap
[2015.03.26-23.28.59:880][ 98]LogWorld: Bringing World /Game/PuzzleBP/Maps/UEDPIE_0_PuzzleExampleMap.PuzzleExampleMap up for play (max tick rate 0) at 2015.03.26-18.28.59
[2015.03.26-23.28.59:881][ 98]LogWorld: Bringing up level for play took: 0.004822
[2015.03.26-23.28.59:882][ 98]LogPawn:Error: EnableInput can only be specified on a Pawn for its Controller
[2015.03.26-23.28.59:882][ 98]PIE: Info Play in editor start time for /Game/PuzzleBP/Maps/UEDPIE_0_PuzzleExampleMap 1.044
[2015.03.26-23.28.59:937][ 98]LogSelection:Warning: PIE object was selected: "RunnerCharacter_C /Game/PuzzleBP/Maps/UEDPIE_0_PuzzleExampleMap.PuzzleExampleMap:PersistentLevel.RunnerCharacter_C_1"
[2015.03.26-23.29.22:218][693]LogParticles: Destroying 0 GPU particle simulations for FXSystem 0x00000000195A3EC0
[2015.03.26-23.30.16:403][476]BlueprintLog: New page: Compile RunnerCharacter
[2015.03.26-23.30.16:685][476]Cmd: OBJ SAVEPACKAGE PACKAGE="/Game/Blueprints/RunnerCharacter" FILE="../../../../../../Users/Jeremy Martin/Documents/GitHub/turbo-archer/ENPo/Content/Blueprints/RunnerCharacter.uasset" SILENT=true
[2015.03.26-23.30.17:126][476]LogSavePackage: Save=415.349335ms
[2015.03.26-23.30.17:126][476]LogSavePackage: Moving '../../../../../../Users/Jeremy Martin/Documents/GitHub/turbo-archer/ENPo/Saved/RunnerCharacterC57C9F75439D04AF87D4638A07775458.tmp' to '../../../../../../Users/Jeremy Martin/Documents/GitHub/turbo-archer/ENPo/Content/Blueprints/RunnerCharacter.uasset'
[2015.03.26-23.30.17:132][476]BlueprintEditorCompileResults: Info [0968.58] Compile of RunnerCharacter successful! [in 728 ms]
[2015.03.26-23.30.20:024][518]BlueprintLog: New page: Pre-PIE auto-recompile
[2015.03.26-23.30.20:031][518]LogPlayLevel: [PIE] Compiling PuzzleExampleMap before PIE...
[2015.03.26-23.30.20:074][518]LogBlueprint:Warning: [compiler] Warning Node  Unknown  is not referencing a valid level actor
[2015.03.26-23.30.20:075][518]LogBlueprint:Warning: [compiler] Warning [0971.52] Compile of PuzzleExampleMap successful, but with 1 Warning(s) [in 42 ms]
[2015.03.26-23.30.20:075][518]LogBlueprint:Warning: [compiler] Warning [0971.52] Compile of PuzzleExampleMap successful, but with 2 Warning(s) [in 0 ms]
[2015.03.26-23.30.20:110][518]LogBlueprint:Warning: [compiler] Warning [0971.56] Compile of PuzzleExampleMap successful, but with 3 Warning(s) [in 34 ms]
[2015.03.26-23.30.20:113][518]LogBlueprint:Warning: [compiler] Warning [0971.56] Compile of PuzzleExampleMap successful, but with 4 Warning(s) [in 3 ms]
[2015.03.26-23.30.20:114][518]LogBlueprint:Warning: [compiler] Warning [0971.56] Compile of PuzzleExampleMap successful, but with 5 Warning(s) [in 0 ms]
[2015.03.26-23.30.20:114][518]LogBlueprint:Warning: [compiler] Warning [0971.56] Compile of PuzzleExampleMap successful, but with 6 Warning(s) [in 0 ms]
[2015.03.26-23.30.20:114][518]LogActorComponent: UnregisterComponent: (/Engine/Transient.CharMoveComp) Not registered. Aborting.
[2015.03.26-23.30.20:143][518]LogPlayLevel: PIE:  Blueprint regeneration took 119 ms (1 blueprints)
[2015.03.26-23.30.20:143][518]PIE: New page: SIE session: PuzzleExampleMap (Mar 26, 2015, 1:30:20 PM)
[2015.03.26-23.30.20:190][518]LogPlayLevel: PIE: StaticDuplicateObject took: (0.046745s)
[2015.03.26-23.30.20:194][518]LogPlayLevel: PIE: World Init took: (0.003683s)
[2015.03.26-23.30.20:194][518]LogPlayLevel: PIE: Created PIE world by copying editor world from /Game/PuzzleBP/Maps/PuzzleExampleMap.PuzzleExampleMap to /Game/PuzzleBP/Maps/UEDPIE_0_PuzzleExampleMap.PuzzleExampleMap (0.050658s)
[2015.03.26-23.30.20:247][518]LogSelection:Warning: PIE object was selected: "RunnerCharacter_C /Game/PuzzleBP/Maps/UEDPIE_0_PuzzleExampleMap.PuzzleExampleMap:PersistentLevel.RunnerCharacter_C_1"
[2015.03.26-23.30.20:282][518]LogWorld: Game class is 'RunnerGameMode_C'
[2015.03.26-23.30.20:284][518]LogAIModule: Creating AISystem for world PuzzleExampleMap
[2015.03.26-23.30.20:289][518]LogWorld: Bringing World /Game/PuzzleBP/Maps/UEDPIE_0_PuzzleExampleMap.PuzzleExampleMap up for play (max tick rate 0) at 2015.03.26-18.30.20
[2015.03.26-23.30.20:290][518]LogWorld: Bringing up level for play took: 0.004905
[2015.03.26-23.30.20:291][518]LogPawn:Error: EnableInput can only be specified on a Pawn for its Controller
[2015.03.26-23.30.20:291][518]PIE: Info Play in editor start time for /Game/PuzzleBP/Maps/UEDPIE_0_PuzzleExampleMap -0.552
[2015.03.26-23.30.20:348][518]LogSelection:Warning: PIE object was selected: "RunnerCharacter_C /Game/PuzzleBP/Maps/UEDPIE_0_PuzzleExampleMap.PuzzleExampleMap:PersistentLevel.RunnerCharacter_C_1"
[2015.03.26-23.30.55:378][391]LogParticles: Destroying 0 GPU particle simulations for FXSystem 0x0000000029E1D120
[2015.03.26-23.31.12:835][658]BlueprintLog: New page: Compile RunnerCharacter
[2015.03.26-23.31.13:111][658]Cmd: OBJ SAVEPACKAGE PACKAGE="/Game/Blueprints/RunnerCharacter" FILE="../../../../../../Users/Jeremy Martin/Documents/GitHub/turbo-archer/ENPo/Content/Blueprints/RunnerCharacter.uasset" SILENT=true
[2015.03.26-23.31.13:535][658]LogSavePackage: Save=414.026489ms
[2015.03.26-23.31.13:535][658]LogSavePackage: Moving '../../../../../../Users/Jeremy Martin/Documents/GitHub/turbo-archer/ENPo/Saved/RunnerCharacter3052AAE24BAC05850775019BE66F1CD3.tmp' to '../../../../../../Users/Jeremy Martin/Documents/GitHub/turbo-archer/ENPo/Content/Blueprints/RunnerCharacter.uasset'
[2015.03.26-23.31.13:542][658]BlueprintEditorCompileResults: Info [1024.99] Compile of RunnerCharacter successful! [in 705 ms]
[2015.03.26-23.31.16:188][697]BlueprintLog: New page: Pre-PIE auto-recompile
[2015.03.26-23.31.16:196][697]LogPlayLevel: [PIE] Compiling PuzzleExampleMap before PIE...
[2015.03.26-23.31.16:248][697]LogBlueprint:Warning: [compiler] Warning Node  Unknown  is not referencing a valid level actor
[2015.03.26-23.31.16:248][697]LogBlueprint:Warning: [compiler] Warning [1027.69] Compile of PuzzleExampleMap successful, but with 1 Warning(s) [in 51 ms]
[2015.03.26-23.31.16:249][697]LogBlueprint:Warning: [compiler] Warning [1027.69] Compile of PuzzleExampleMap successful, but with 2 Warning(s) [in 0 ms]
[2015.03.26-23.31.16:282][697]LogBlueprint:Warning: [compiler] Warning [1027.73] Compile of PuzzleExampleMap successful, but with 3 Warning(s) [in 33 ms]
[2015.03.26-23.31.16:287][697]LogBlueprint:Warning: [compiler] Warning [1027.73] Compile of PuzzleExampleMap successful, but with 4 Warning(s) [in 4 ms]
[2015.03.26-23.31.16:287][697]LogBlueprint:Warning: [compiler] Warning [1027.73] Compile of PuzzleExampleMap successful, but with 5 Warning(s) [in 0 ms]
[2015.03.26-23.31.16:288][697]LogBlueprint:Warning: [compiler] Warning [1027.73] Compile of PuzzleExampleMap successful, but with 6 Warning(s) [in 0 ms]
[2015.03.26-23.31.16:288][697]LogActorComponent: UnregisterComponent: (/Engine/Transient.CharMoveComp) Not registered. Aborting.
[2015.03.26-23.31.16:317][697]LogPlayLevel: PIE:  Blueprint regeneration took 128 ms (1 blueprints)
[2015.03.26-23.31.16:317][697]PIE: New page: SIE session: PuzzleExampleMap (Mar 26, 2015, 1:31:16 PM)
[2015.03.26-23.31.16:355][697]LogPlayLevel: PIE: StaticDuplicateObject took: (0.037964s)
[2015.03.26-23.31.16:368][697]LogPlayLevel: PIE: World Init took: (0.013098s)
[2015.03.26-23.31.16:368][697]LogPlayLevel: PIE: Created PIE world by copying editor world from /Game/PuzzleBP/Maps/PuzzleExampleMap.PuzzleExampleMap to /Game/PuzzleBP/Maps/UEDPIE_0_PuzzleExampleMap.PuzzleExampleMap (0.051289s)
[2015.03.26-23.31.16:425][697]LogSelection:Warning: PIE object was selected: "RunnerCharacter_C /Game/PuzzleBP/Maps/UEDPIE_0_PuzzleExampleMap.PuzzleExampleMap:PersistentLevel.RunnerCharacter_C_1"
[2015.03.26-23.31.16:469][697]LogWorld: Game class is 'RunnerGameMode_C'
[2015.03.26-23.31.16:472][697]LogAIModule: Creating AISystem for world PuzzleExampleMap
[2015.03.26-23.31.16:476][697]LogWorld: Bringing World /Game/PuzzleBP/Maps/UEDPIE_0_PuzzleExampleMap.PuzzleExampleMap up for play (max tick rate 0) at 2015.03.26-18.31.16
[2015.03.26-23.31.16:477][697]LogWorld: Bringing up level for play took: 0.004777
[2015.03.26-23.31.16:478][697]LogPawn:Error: EnableInput can only be specified on a Pawn for its Controller
[2015.03.26-23.31.16:478][697]PIE: Info Play in editor start time for /Game/PuzzleBP/Maps/UEDPIE_0_PuzzleExampleMap -0.368
[2015.03.26-23.31.16:536][697]LogSelection:Warning: PIE object was selected: "RunnerCharacter_C /Game/PuzzleBP/Maps/UEDPIE_0_PuzzleExampleMap.PuzzleExampleMap:PersistentLevel.RunnerCharacter_C_1"
[2015.03.26-23.32.04:155][737]LogParticles: Destroying 0 GPU particle simulations for FXSystem 0x000000003890DE40
[2015.03.26-23.38.49:970][509]LogBlueprint:Warning: [compiler] Warning Node  Unknown  is not referencing a valid level actor
[2015.03.26-23.38.49:971][509]LogBlueprint:Warning: [compiler] Warning [1481.39] Compile of PuzzleExampleMap successful, but with 1 Warning(s) [in 6 ms]
[2015.03.26-23.38.49:971][509]LogBlueprint:Warning: [compiler] Warning [1481.39] Compile of PuzzleExampleMap successful, but with 2 Warning(s) [in 0 ms]
[2015.03.26-23.38.49:996][509]LogBlueprint:Warning: [compiler] Warning [1481.42] Compile of PuzzleExampleMap successful, but with 3 Warning(s) [in 24 ms]
[2015.03.26-23.38.49:999][509]LogBlueprint:Warning: [compiler] Warning [1481.42] Compile of PuzzleExampleMap successful, but with 4 Warning(s) [in 2 ms]
[2015.03.26-23.38.49:999][509]LogBlueprint:Warning: [compiler] Warning [1481.42] Compile of PuzzleExampleMap successful, but with 5 Warning(s) [in 0 ms]
[2015.03.26-23.38.49:999][509]LogBlueprint:Warning: [compiler] Warning [1481.42] Compile of PuzzleExampleMap successful, but with 6 Warning(s) [in 0 ms]
[2015.03.26-23.38.50:056][509]LogSavePackage: Save=92.305511ms
[2015.03.26-23.38.50:056][509]LogSavePackage: Moving '../../../../../../Users/Jeremy Martin/Documents/GitHub/turbo-archer/ENPo/Saved/PuzzleExampleMap_Auto2D4EEB13249AAED5BE3D2C9980C51156D.tmp' to '../../../../../../Users/Jeremy Martin/Documents/GitHub/turbo-archer/ENPo/Saved/Autosaves/Game/PuzzleBP/Maps/PuzzleExampleMap_Auto2.umap'
[2015.03.26-23.38.50:063][509]LogFileHelpers: Editor autosave (incl. sublevels) for '/Game/PuzzleBP/Maps/PuzzleExampleMap' took 0.225
[2015.03.26-23.38.50:063][509]LogFileHelpers: Editor autosave (incl. sublevels) for all levels took 0.225
[2015.03.26-23.56.43:625][302]LogBlueprint:Warning: [compiler] Warning Node  Unknown  is not referencing a valid level actor
[2015.03.26-23.56.43:626][302]LogBlueprint:Warning: [compiler] Warning [2554.99] Compile of PuzzleExampleMap successful, but with 1 Warning(s) [in 6 ms]
[2015.03.26-23.56.43:627][302]LogBlueprint:Warning: [compiler] Warning [2554.99] Compile of PuzzleExampleMap successful, but with 2 Warning(s) [in 0 ms]
[2015.03.26-23.56.43:653][302]LogBlueprint:Warning: [compiler] Warning [2555.01] Compile of PuzzleExampleMap successful, but with 3 Warning(s) [in 26 ms]
[2015.03.26-23.56.43:656][302]LogBlueprint:Warning: [compiler] Warning [2555.01] Compile of PuzzleExampleMap successful, but with 4 Warning(s) [in 2 ms]
[2015.03.26-23.56.43:656][302]LogBlueprint:Warning: [compiler] Warning [2555.02] Compile of PuzzleExampleMap successful, but with 5 Warning(s) [in 0 ms]
[2015.03.26-23.56.43:656][302]LogBlueprint:Warning: [compiler] Warning [2555.02] Compile of PuzzleExampleMap successful, but with 6 Warning(s) [in 0 ms]
[2015.03.26-23.56.43:713][302]LogSavePackage: Save=95.049065ms
[2015.03.26-23.56.43:713][302]LogSavePackage: Moving '../../../../../../Users/Jeremy Martin/Documents/GitHub/turbo-archer/ENPo/Saved/PuzzleExampleMap8DCDE3914DFDEE8B8F77E583DDACB6F0.tmp' to '../../../../../../Users/Jeremy Martin/Documents/GitHub/turbo-archer/ENPo/Content/PuzzleBP/Maps/PuzzleExampleMap.umap'
[2015.03.26-23.56.45:835][330]Cmd: QUIT_EDITOR
[2015.03.26-23.56.46:082][330]LogExit: Preparing to exit.
[2015.03.26-23.56.46:708][330]LogExit: Editor shut down
[2015.03.26-23.56.46:708][330]LogExit: Transaction tracking system shut down
[2015.03.26-23.56.46:709][330]LogParticles: Destroying 0 GPU particle simulations for FXSystem 0x00000000106EDC60
[2015.03.26-23.56.46:709][330]LogParticles: Destroying 0 GPU particle simulations for FXSystem 0x000000002489EAC0
[2015.03.26-23.56.46:709][330]LogParticles: Destroying 0 GPU particle simulations for FXSystem 0x0000000024A9E520
[2015.03.26-23.56.46:710][330]LogParticles: Destroying 0 GPU particle simulations for FXSystem 0x0000000024A9D1C0
[2015.03.26-23.56.46:710][330]LogParticles: Destroying 0 GPU particle simulations for FXSystem 0x0000000029123920
[2015.03.26-23.56.46:710][330]LogParticles: Destroying 0 GPU particle simulations for FXSystem 0x0000000029D74540
[2015.03.26-23.56.46:776][330]LogExit: Object subsystem successfully closed.
[2015.03.26-23.56.46:822][330]LogModuleManager: Shutting down and abandoning module MaterialEditor (178)
[2015.03.26-23.56.46:822][330]LogModuleManager: Shutting down and abandoning module CrashTracker (177)
[2015.03.26-23.56.46:822][330]LogModuleManager: Shutting down and abandoning module SuperSearch (176)
[2015.03.26-23.56.46:822][330]LogModuleManager: Shutting down and abandoning module SceneOutliner (175)
[2015.03.26-23.56.46:822][330]LogModuleManager: Shutting down and abandoning module EditorWidgets (174)
[2015.03.26-23.56.46:822][330]LogModuleManager: Shutting down and abandoning module CollectionManager (173)
[2015.03.26-23.56.46:822][330]LogModuleManager: Shutting down and abandoning module StatsViewer (172)
[2015.03.26-23.56.46:822][330]LogModuleManager: Shutting down and abandoning module FoliageEdit (171)
[2015.03.26-23.56.46:822][330]LogModuleManager: Shutting down and abandoning module LandscapeEditor (170)
[2015.03.26-23.56.46:822][330]LogModuleManager: Shutting down and abandoning module MeshPaint (169)
[2015.03.26-23.56.46:822][330]LogModuleManager: Shutting down and abandoning module ActorPickerMode (168)
[2015.03.26-23.56.46:822][330]LogModuleManager: Shutting down and abandoning module GeometryMode (167)
[2015.03.26-23.56.46:822][330]LogModuleManager: Shutting down and abandoning module TextureAlignMode (166)
[2015.03.26-23.56.46:822][330]LogModuleManager: Shutting down and abandoning module BspMode (165)
[2015.03.26-23.56.46:822][330]LogModuleManager: Shutting down and abandoning module PlacementMode (164)
[2015.03.26-23.56.46:822][330]LogModuleManager: Shutting down and abandoning module AutomationWorker (163)
[2015.03.26-23.56.46:822][330]LogModuleManager: Shutting down and abandoning module CharacterAI (162)
[2015.03.26-23.56.46:822][330]LogModuleManager: Shutting down and abandoning module SmartSnapping (161)
[2015.03.26-23.56.46:822][330]LogModuleManager: Shutting down and abandoning module ViewportSnapping (160)
[2015.03.26-23.56.46:822][330]LogModuleManager: Shutting down and abandoning module LogVisualizer (159)
[2015.03.26-23.56.46:822][330]LogModuleManager: Shutting down and abandoning module GameProjectGeneration (158)
[2015.03.26-23.56.46:822][330]LogModuleManager: Shutting down and abandoning module IntroTutorials (157)
[2015.03.26-23.56.46:822][330]LogModuleManager: Shutting down and abandoning module EditorLiveStreaming (156)
[2015.03.26-23.56.46:822][330]LogModuleManager: Shutting down and abandoning module HardwareTargeting (155)
[2015.03.26-23.56.46:822][330]LogModuleManager: Shutting down and abandoning module DeviceProfileEditor (154)
[2015.03.26-23.56.46:822][330]LogModuleManager: Shutting down and abandoning module UndoHistory (153)
[2015.03.26-23.56.46:822][330]LogModuleManager: Shutting down and abandoning module GameplayTagsEditor (152)
[2015.03.26-23.56.46:822][330]LogModuleManager: Shutting down and abandoning module UserFeedback (151)
[2015.03.26-23.56.46:822][330]LogModuleManager: Shutting down and abandoning module XmlParser (150)
[2015.03.26-23.56.46:822][330]LogModuleManager: Shutting down and abandoning module Blutility (149)
[2015.03.26-23.56.46:822][330]LogModuleManager: Shutting down and abandoning module IOSPlatformEditor (148)
[2015.03.26-23.56.46:822][330]LogModuleManager: Shutting down and abandoning module IOSRuntimeSettings (147)
[2015.03.26-23.56.46:822][330]LogModuleManager: Shutting down and abandoning module AndroidDeviceDetection (146)
[2015.03.26-23.56.47:482][330]LogModuleManager: Shutting down and abandoning module AndroidPlatformEditor (145)
[2015.03.26-23.56.47:482][330]LogModuleManager: Shutting down and abandoning module AndroidRuntimeSettings (144)
[2015.03.26-23.56.47:482][330]LogModuleManager: Shutting down and abandoning module ProjectTargetPlatformEditor (143)
[2015.03.26-23.56.47:482][330]LogModuleManager: Shutting down and abandoning module ProjectSettingsViewer (142)
[2015.03.26-23.56.47:483][330]LogModuleManager: Shutting down and abandoning module InputBindingEditor (141)
[2015.03.26-23.56.47:483][330]LogModuleManager: Shutting down and abandoning module EditorSettingsViewer (140)
[2015.03.26-23.56.47:483][330]LogModuleManager: Shutting down and abandoning module SettingsEditor (139)
[2015.03.26-23.56.47:483][330]LogModuleManager: Shutting down and abandoning module ProjectLauncher (138)
[2015.03.26-23.56.47:483][330]LogModuleManager: Shutting down and abandoning module SessionFrontend (137)
[2015.03.26-23.56.47:483][330]LogModuleManager: Shutting down and abandoning module ProfilerClient (136)
[2015.03.26-23.56.47:483][330]LogModuleManager: Shutting down and abandoning module TargetDeviceServices (135)
[2015.03.26-23.56.47:483][330]LogModuleManager: Shutting down and abandoning module DeviceManager (134)
[2015.03.26-23.56.47:484][330]LogModuleManager: Shutting down and abandoning module AutomationController (133)
[2015.03.26-23.56.47:484][330]LogModuleManager: Shutting down and abandoning module AutomationWindow (132)
[2015.03.26-23.56.47:484][330]LogModuleManager: Shutting down and abandoning module Layers (131)
[2015.03.26-23.56.47:484][330]LogModuleManager: Shutting down and abandoning module ComponentVisualizers (130)
[2015.03.26-23.56.47:484][330]LogModuleManager: Shutting down and abandoning module DetailCustomizations (129)
[2015.03.26-23.56.47:484][330]LogModuleManager: Shutting down and abandoning module PackagesDialog (128)
[2015.03.26-23.56.47:485][330]LogModuleManager: Shutting down and abandoning module AssetRegistry (127)
[2015.03.26-23.56.47:588][330]LogModuleManager: Shutting down and abandoning module Persona (126)
[2015.03.26-23.56.47:588][330]LogModuleManager: Shutting down and abandoning module SlateReflector (125)
[2015.03.26-23.56.47:588][330]LogModuleManager: Shutting down and abandoning module LevelEditor (124)
[2015.03.26-23.56.47:589][330]LogModuleManager: Shutting down and abandoning module Kismet (123)
[2015.03.26-23.56.47:589][330]LogModuleManager: Shutting down and abandoning module GraphEditor (122)
[2015.03.26-23.56.47:589][330]LogModuleManager: Shutting down and abandoning module ClassViewer (121)
[2015.03.26-23.56.47:589][330]LogModuleManager: Shutting down and abandoning module Toolbox (120)
[2015.03.26-23.56.47:589][330]LogModuleManager: Shutting down and abandoning module ModuleUI (119)
[2015.03.26-23.56.47:589][330]LogModuleManager: Shutting down and abandoning module MovieSceneTools (118)
[2015.03.26-23.56.47:589][330]LogModuleManager: Shutting down and abandoning module OutputLog (117)
[2015.03.26-23.56.47:589][330]LogModuleManager: Shutting down and abandoning module GammaUI (116)
[2015.03.26-23.56.47:589][330]LogModuleManager: Shutting down and abandoning module Documentation (115)
[2015.03.26-23.56.47:590][330]LogModuleManager: Shutting down and abandoning module GameLiveStreaming (114)
[2015.03.26-23.56.47:590][330]LogModuleManager: Shutting down and abandoning module StreamingPauseRendering (113)
[2015.03.26-23.56.47:590][330]LogModuleManager: Shutting down and abandoning module HTTP (112)
[2015.03.26-23.56.47:590][330]LogModuleManager: Shutting down and abandoning module AnalyticsET (111)
[2015.03.26-23.56.47:590][330]LogModuleManager: Shutting down and abandoning module Analytics (110)
[2015.03.26-23.56.47:590][330]LogModuleManager: Shutting down and abandoning module AITestSuite (109)
[2015.03.26-23.56.47:590][330]LogModuleManager: Shutting down and abandoning module GameplayDebugger (108)
[2015.03.26-23.56.47:590][330]LogModuleManager: Shutting down and abandoning module AIModule (107)
[2015.03.26-23.56.47:590][330]LogModuleManager: Shutting down and abandoning module ProfilerService (106)
[2015.03.26-23.56.47:594][330]LogModuleManager: Shutting down and abandoning module TaskGraph (105)
[2015.03.26-23.56.47:594][330]LogModuleManager: Shutting down and abandoning module SlateRemote (104)
[2015.03.26-23.56.47:594][330]LogModuleManager: Shutting down and abandoning module ScriptEditorPlugin (103)
[2015.03.26-23.56.47:594][330]LogModuleManager: Shutting down and abandoning module CustomMeshComponent (102)
[2015.03.26-23.56.47:594][330]LogModuleManager: Shutting down and abandoning module CableComponent (101)
[2015.03.26-23.56.47:594][330]LogModuleManager: Shutting down and abandoning module MessagingDebugger (100)
[2015.03.26-23.56.47:594][330]LogModuleManager: Shutting down and abandoning module MediaPlayerEditor (99)
[2015.03.26-23.56.47:594][330]LogModuleManager: Shutting down and abandoning module SpeedTreeImporter (98)
[2015.03.26-23.56.47:594][330]LogModuleManager: Shutting down and abandoning module PluginsEditor (97)
[2015.03.26-23.56.47:594][330]LogModuleManager: Shutting down and abandoning module MainFrame (96)
[2015.03.26-23.56.47:594][330]LogModuleManager: Shutting down and abandoning module EpicSurvey (95)
[2015.03.26-23.56.47:594][330]LogModuleManager: Shutting down and abandoning module DesktopPlatform (94)
[2015.03.26-23.56.47:594][330]LogModuleManager: Shutting down and abandoning module DirectoryWatcher (93)
[2015.03.26-23.56.47:594][330]LogModuleManager: Shutting down and abandoning module HotReload (92)
[2015.03.26-23.56.47:594][330]LogModuleManager: Shutting down and abandoning module VisualStudioSourceCodeAccess (91)
[2015.03.26-23.56.47:594][330]LogModuleManager: Shutting down and abandoning module UObjectPlugin (90)
[2015.03.26-23.56.47:594][330]LogModuleManager: Shutting down and abandoning module SubversionSourceControl (89)
[2015.03.26-23.56.47:594][330]LogModuleManager: Shutting down and abandoning module PerforceSourceControl (88)
[2015.03.26-23.56.47:594][330]LogModuleManager: Shutting down and abandoning module SourceControl (87)
[2015.03.26-23.56.47:594][330]LogModuleManager: Shutting down and abandoning module GitSourceControl (86)
[2015.03.26-23.56.47:594][330]LogModuleManager: Shutting down and abandoning module BlankPlugin (85)
[2015.03.26-23.56.47:594][330]LogModuleManager: Shutting down and abandoning module PaperTiledImporter (84)
[2015.03.26-23.56.47:594][330]LogModuleManager: Shutting down and abandoning module PaperJsonImporter (83)
[2015.03.26-23.56.47:594][330]LogModuleManager: Shutting down and abandoning module ContentBrowser (82)
[2015.03.26-23.56.47:595][330]LogModuleManager: Shutting down and abandoning module Paper2DEditor (81)
[2015.03.26-23.56.47:595][330]LogModuleManager: Shutting down and abandoning module ScriptPlugin (80)
[2015.03.26-23.56.47:595][330]LogModuleManager: Shutting down and abandoning module UdpMessaging (79)
[2015.03.26-23.56.47:695][330]LogModuleManager: Shutting down and abandoning module Paper2D (78)
[2015.03.26-23.56.47:695][330]LogModuleManager: Shutting down and abandoning module WindowsMoviePlayer (77)
[2015.03.26-23.56.47:702][330]LogModuleManager: Shutting down and abandoning module Media (76)
[2015.03.26-23.56.47:702][330]LogModuleManager: Shutting down and abandoning module WmfMedia (75)
[2015.03.26-23.56.47:702][330]LogModuleManager: Shutting down and abandoning module OnlineBlueprintSupport (74)
[2015.03.26-23.56.47:702][330]LogModuleManager: Shutting down and abandoning module PropertyEditor (73)
[2015.03.26-23.56.47:703][330]LogModuleManager: Shutting down and abandoning module BehaviorTreeEditor (72)
[2015.03.26-23.56.47:703][330]LogModuleManager: Shutting down and abandoning module FunctionalTesting (71)
[2015.03.26-23.56.47:703][330]LogModuleManager: Shutting down and abandoning module CollisionAnalyzer (70)
[2015.03.26-23.56.47:703][330]LogModuleManager: Shutting down and abandoning module WorkspaceMenuStructure (69)
[2015.03.26-23.56.47:703][330]LogModuleManager: Shutting down and abandoning module MessageLog (68)
[2015.03.26-23.56.47:703][330]LogModuleManager: Shutting down and abandoning module Sequencer (67)
[2015.03.26-23.56.47:703][330]LogModuleManager: Shutting down and abandoning module AssetTools (66)
[2015.03.26-23.56.47:703][330]LogModuleManager: Shutting down and abandoning module UMGEditor (65)
[2015.03.26-23.56.47:703][330]LogModuleManager: Shutting down and abandoning module UMG (64)
[2015.03.26-23.56.47:703][330]LogModuleManager: Shutting down and abandoning module Slate (63)
[2015.03.26-23.56.47:703][330]LogModuleManager: Shutting down and abandoning module EditorStyle (62)
[2015.03.26-23.56.47:716][330]LogModuleManager: Shutting down and abandoning module SessionServices (61)
[2015.03.26-23.56.47:716][330]LogModuleManager: Shutting down and abandoning module SourceCodeAccess (60)
[2015.03.26-23.56.47:716][330]LogModuleManager: Shutting down and abandoning module HeadMountedDisplay (59)
[2015.03.26-23.56.47:716][330]LogModuleManager: Shutting down and abandoning module XAudio2 (58)
[2015.03.26-23.56.47:716][330]LogModuleManager: Shutting down and abandoning module Networking (56)
[2015.03.26-23.56.47:716][330]LogModuleManager: Shutting down and abandoning module Core (55)
[2015.03.26-23.56.47:716][330]LogModuleManager: Shutting down and abandoning module KismetCompiler (54)
[2015.03.26-23.56.47:716][330]LogModuleManager: Shutting down and abandoning module PhysXFormats (53)
[2015.03.26-23.56.47:716][330]LogModuleManager: Shutting down and abandoning module MeshUtilities (52)
[2015.03.26-23.56.47:716][330]LogModuleManager: Shutting down and abandoning module DerivedDataCache (51)
[2015.03.26-23.56.47:752][330]LogDerivedDataCache: Shutdown
[2015.03.26-23.56.47:752][330]LogModuleManager: Shutting down and abandoning module ShaderFormatOpenGL (50)
[2015.03.26-23.56.47:752][330]LogModuleManager: Shutting down and abandoning module ShaderFormatD3D (49)
[2015.03.26-23.56.47:752][330]LogModuleManager: Shutting down and abandoning module MetalShaderFormat (48)
[2015.03.26-23.56.47:752][330]LogModuleManager: Shutting down and abandoning module TextureFormatUncompressed (47)
[2015.03.26-23.56.47:752][330]LogModuleManager: Shutting down and abandoning module TextureFormatPVR (46)
[2015.03.26-23.56.47:752][330]LogModuleManager: Shutting down and abandoning module TextureFormatIntelISPCTexComp (45)
[2015.03.26-23.56.47:752][330]LogModuleManager: Shutting down and abandoning module TextureFormatDXT (44)
[2015.03.26-23.56.47:752][330]LogModuleManager: Shutting down and abandoning module ImageWrapper (43)
[2015.03.26-23.56.47:752][330]LogModuleManager: Shutting down and abandoning module TextureFormatASTC (42)
[2015.03.26-23.56.47:752][330]LogModuleManager: Shutting down and abandoning module TextureFormatAndroid (41)
[2015.03.26-23.56.47:752][330]LogModuleManager: Shutting down and abandoning module AudioFormatOpus (40)
[2015.03.26-23.56.47:752][330]LogModuleManager: Shutting down and abandoning module AudioFormatOgg (39)
[2015.03.26-23.56.47:752][330]LogModuleManager: Shutting down and abandoning module AudioFormatADPCM (38)
[2015.03.26-23.56.47:752][330]LogModuleManager: Shutting down and abandoning module LinuxTargetPlatform (37)
[2015.03.26-23.56.47:753][330]LogModuleManager: Shutting down and abandoning module LinuxServerTargetPlatform (36)
[2015.03.26-23.56.47:753][330]LogModuleManager: Shutting down and abandoning module LinuxNoEditorTargetPlatform (35)
[2015.03.26-23.56.47:753][330]LogModuleManager: Shutting down and abandoning module Messaging (34)
[2015.03.26-23.56.47:753][330]LogModuleManager: Shutting down and abandoning module IOSTargetPlatform (33)
[2015.03.26-23.56.47:753][330]LogModuleManager: Shutting down and abandoning module HTML5TargetPlatform (32)
[2015.03.26-23.56.47:753][330]LogModuleManager: Shutting down and abandoning module Android_PVRTCTargetPlatform (31)
[2015.03.26-23.56.47:753][330]LogModuleManager: Shutting down and abandoning module Android_ETC2TargetPlatform (30)
[2015.03.26-23.56.47:753][330]LogModuleManager: Shutting down and abandoning module Android_ETC1TargetPlatform (29)
[2015.03.26-23.56.47:753][330]LogModuleManager: Shutting down and abandoning module Android_ES31TargetPlatform (28)
[2015.03.26-23.56.47:753][330]LogModuleManager: Shutting down and abandoning module Android_DXTTargetPlatform (27)
[2015.03.26-23.56.47:753][330]LogModuleManager: Shutting down and abandoning module Android_ATCTargetPlatform (26)
[2015.03.26-23.56.47:753][330]LogModuleManager: Shutting down and abandoning module AndroidTargetPlatform (25)
[2015.03.26-23.56.47:753][330]LogModuleManager: Shutting down and abandoning module WindowsTargetPlatform (24)
[2015.03.26-23.56.47:753][330]LogModuleManager: Shutting down and abandoning module WindowsServerTargetPlatform (23)
[2015.03.26-23.56.47:753][330]LogModuleManager: Shutting down and abandoning module WindowsNoEditorTargetPlatform (22)
[2015.03.26-23.56.47:753][330]LogModuleManager: Shutting down and abandoning module WindowsClientTargetPlatform (21)
[2015.03.26-23.56.47:753][330]LogModuleManager: Shutting down and abandoning module TargetPlatform (20)
[2015.03.26-23.56.47:753][330]LogModuleManager: Shutting down and abandoning module InputCore (19)
[2015.03.26-23.56.47:753][330]LogModuleManager: Shutting down and abandoning module Settings (18)
[2015.03.26-23.56.47:753][330]LogModuleManager: Shutting down and abandoning module OnlineSubsystem (16)
[2015.03.26-23.56.47:753][330]LogModuleManager: Shutting down and abandoning module OculusRift (15)
[2015.03.26-23.56.47:754][330]LogModuleManager: Shutting down and abandoning module ExampleDeviceProfileSelector (14)
[2015.03.26-23.56.47:754][330]LogModuleManager: Shutting down and abandoning module TextureCompressor (13)
[2015.03.26-23.56.47:754][330]LogModuleManager: Shutting down and abandoning module ShaderCore (12)
[2015.03.26-23.56.47:754][330]LogModuleManager: Shutting down and abandoning module Landscape (11)
[2015.03.26-23.56.47:754][330]LogModuleManager: Shutting down and abandoning module SlateRHIRenderer (10)
[2015.03.26-23.56.47:761][330]LogModuleManager: Shutting down and abandoning module OpenGLDrv (9)
[2015.03.26-23.56.47:761][330]LogModuleManager: Shutting down and abandoning module D3D11RHI (8)
[2015.03.26-23.56.47:761][330]LogModuleManager: Shutting down and abandoning module Renderer (7)
[2015.03.26-23.56.47:761][330]LogModuleManager: Shutting down and abandoning module Engine (6)
[2015.03.26-23.56.47:761][330]LogModuleManager: Shutting down and abandoning module CoreUObject (5)
[2015.03.26-23.56.47:761][330]LogModuleManager: Shutting down and abandoning module NetworkFile (4)
[2015.03.26-23.56.47:761][330]LogModuleManager: Shutting down and abandoning module StreamingFile (3)
[2015.03.26-23.56.47:761][330]LogModuleManager: Shutting down and abandoning module SandboxFile (2)
[2015.03.26-23.56.47:761][330]LogModuleManager: Shutting down and abandoning module PakFile (1)
[2015.03.26-23.56.47:763][330]LogExit: Exiting.
[2015.03.26-23.56.47:802][330]Log file closed, 03/26/15 18:56:47
