Log file open, 03/05/15 23:04:01
LogInit:Display: Running engine for game: ENPo
LogInit: Version: 4.7.1-2462028+++depot+UE4-Releases+4.7
LogInit: API Version: 2455222
LogInit: Compiled (64-bit): Feb 26 2015 07:49:00
LogInit: Compiled with Visual C++: 18.00.21005.01
LogInit: Build Configuration: Development
LogInit: Branch Name: ++depot+UE4-Releases+4.7
LogInit: Command line: 
LogInit: Base directory: C:/Program Files/Epic Games/4.7/Engine/Binaries/Win64/
LogInit: Rocket: 1
[2015.03.06-05.04.01:009][  0]LogTaskGraph: Started task graph with 3 named threads and 6 total threads.
[2015.03.06-05.04.01:093][  0]LogOnline:Warning: No default platform service specified for OnlineSubsystem
[2015.03.06-05.04.01:109][  0]LogInit: Presizing for 0 objects not considered by GC, pre-allocating 0 bytes.
[2015.03.06-05.04.01:117][  0]LogInit: Object subsystem initialized
[2015.03.06-05.04.01:119][  0]LogConsoleResponse:Warning: Skipping Unknown console variable: 'TranslucentSortAxis = (X=0.000000,Y=-1.000000,Z=0.000000)'
[2015.03.06-05.04.01:119][  0]LogConsoleResponse:Warning:   Found in ini file 'C:/Users/Jeremy Martin/Documents/GitHub/turbo-archer/ENPo/Saved/Config/Windows/Engine.ini', in section '[/Script/Engine.RendererSettings]'
[2015.03.06-05.04.01:119][  0]LogConsoleResponse:Warning: Skipping Unknown console variable: 'UIScaleRule = ShortestSide'
[2015.03.06-05.04.01:119][  0]LogConsoleResponse:Warning:   Found in ini file 'C:/Users/Jeremy Martin/Documents/GitHub/turbo-archer/ENPo/Saved/Config/Windows/Engine.ini', in section '[/Script/Engine.RendererSettings]'
[2015.03.06-05.04.01:119][  0]LogConsoleResponse:Warning: Skipping Unknown console variable: 'UIScaleCurve = (EditorCurveData=(Keys=),ExternalCurve=None)'
[2015.03.06-05.04.01:119][  0]LogConsoleResponse:Warning:   Found in ini file 'C:/Users/Jeremy Martin/Documents/GitHub/turbo-archer/ENPo/Saved/Config/Windows/Engine.ini', in section '[/Script/Engine.RendererSettings]'
[2015.03.06-05.04.01:119][  0]LogInit: Selected Device Profile: [Windows]
[2015.03.06-05.04.01:119][  0]LogInit: Applying CVar settings loaded from the selected device profile: [Windows]
[2015.03.06-05.04.01:124][  0]LogInit: Computer: JEREMYMARTIN-PC
[2015.03.06-05.04.01:124][  0]LogInit: User: JeremyMartin
[2015.03.06-05.04.01:124][  0]LogInit: CPU Page size=4096, Cores=4
[2015.03.06-05.04.01:124][  0]LogInit: High frequency timer resolution =2.728203 MHz
[2015.03.06-05.04.01:124][  0]LogMemory: Memory total: Physical=7.9GB (8GB approx) Virtual=8192.0GB
[2015.03.06-05.04.01:124][  0]LogMemory: Platform Memory Stats for Windows
[2015.03.06-05.04.01:124][  0]LogMemory: Process Physical Memory: 48.42 MB used, 48.42 MB peak
[2015.03.06-05.04.01:124][  0]LogMemory: Process Virtual Memory: 24.44 MB used, 24.44 MB peak
[2015.03.06-05.04.01:124][  0]LogMemory: Physical Memory: 4104.88 MB used, 8097.22 MB total
[2015.03.06-05.04.01:124][  0]LogMemory: Virtual Memory: 276.37 MB used, 8388608.00 MB total
[2015.03.06-05.04.01:155][  0]LogD3D11RHI: Found D3D11 adapter 0: Intel(R) HD Graphics 4600 (Feature Level 11_0)
[2015.03.06-05.04.01:155][  0]LogD3D11RHI: Adapter has 2094MB of dedicated video memory, 0MB of dedicated system memory, and 3792MB of shared system memory, 1 output[s]
[2015.03.06-05.04.01:155][  0]LogD3D11RHI: Chosen D3D11 Adapter Id = 0
[2015.03.06-05.04.01:162][  0]LogRHI: Texture pool is 1361 MB (70% of 1945 MB)
[2015.03.06-05.04.01:174][  0]LogD3D11RHI: Async texture creation enabled
[2015.03.06-05.04.01:215][  0]LogTextLocalizationManager: The requested culture ('en_US') has no localization data; parent culture's ('en') localization data will be used.
[2015.03.06-05.04.01:339][  0]LogContentStreaming: Texture pool size is 0.000000MB
[2015.03.06-05.04.03:600][  0]LogTargetPlatformManager:Display: Building Assets For Windows
[2015.03.06-05.04.04:064][  0]LogTargetPlatformManager:Display: Building Assets For Windows
[2015.03.06-05.04.04:115][  0]LogDerivedDataCache:Display: Max Cache Size: 512 MB
[2015.03.06-05.04.04:166][  0]LogDerivedDataCache: Loaded boot cache 0.05s 39MB C:/Users/Jeremy Martin/AppData/Local/UnrealEngine/4.7/DerivedDataCache/Boot.ddc.
[2015.03.06-05.04.04:166][  0]LogDerivedDataCache:Display: Loaded Boot cache: C:/Users/Jeremy Martin/AppData/Local/UnrealEngine/4.7/DerivedDataCache/Boot.ddc
[2015.03.06-05.04.04:166][  0]LogDerivedDataCache: FDerivedDataBackendGraph:  Pak pak cache file ../../../../../../Users/Jeremy Martin/Documents/GitHub/turbo-archer/ENPo/DerivedDataCache/DDC.ddp not found, will not use a pak cache.
[2015.03.06-05.04.04:166][  0]LogDerivedDataCache: Unable to find inner node Pak for hierarchical cache Hierarchy.
[2015.03.06-05.04.04:270][  0]LogDerivedDataCache:Display: Pak cache opened for reading ../../../Engine/DerivedDataCache/Compressed.ddp.
[2015.03.06-05.04.04:281][  0]LogDerivedDataCache: Using Local data cache path C:/Users/Jeremy Martin/AppData/Local/UnrealEngine/Common/DerivedDataCache: Writable
[2015.03.06-05.04.04:521][  0]LogMeshUtilities: No automatic mesh reduction module available
[2015.03.06-05.04.04:521][  0]LogMeshUtilities: No automatic mesh merging module available
[2015.03.06-05.04.05:033][  0]LogInit: WinSock: version 1.1 (2.2), MaxSocks=32767, MaxUdp=65467
[2015.03.06-05.04.05:098][  0]LogSlate:Warning: Failed to load font data from '../../../Engine/Content/Slate/Fonts/Roboto-Italic.ttf'
[2015.03.06-05.04.05:764][  0]UdpMessaging: Initializing bridge on interface 0.0.0.0:0 to multicast group 230.0.0.1:6666.
[2015.03.06-05.04.05:980][  0]SourceControl: Info Source control is disabled
[2015.03.06-05.04.05:980][  0]SourceControl: Info Source control is disabled
[2015.03.06-05.04.05:980][  0]SourceControl: Info Source control is disabled
[2015.03.06-05.04.05:980][  0]LogSourceControl: RunCommandInternalRaw: 'git version'
[2015.03.06-05.04.05:980][  0]LogSourceControl: RunCommandInternalRaw: ExecProcess ReturnCode=2 OutResults=''
[2015.03.06-05.04.05:987][  0]SourceControl: Info Source control is disabled
[2015.03.06-05.04.06:142][  0]LogObj: 24231 objects as part of root set at end of initial load.
[2015.03.06-05.04.06:142][  0]LogUObjectAllocator: 5136440 out of 0 bytes used by permanent object pool.
[2015.03.06-05.04.06:211][  0]LogEngine: Initializing Engine...
[2015.03.06-05.04.09:347][  0]LogInit: XAudio2 using 'Speakers / Headphones (Realtek High Definition Audio)' : 2 channels at 48 kHz using 32 bits per sample (channel mask 0x3)
[2015.03.06-05.04.09:427][  0]LogInit: FAudioDevice initialized.
[2015.03.06-05.04.09:460][  0]LogAIModule: Creating AISystem for world NewWorld
[2015.03.06-05.04.09:486][  0]LogDerivedDataCache: Saved boot cache 0.02s 39MB C:/Users/Jeremy Martin/AppData/Local/UnrealEngine/4.7/DerivedDataCache/Boot.ddc.
[2015.03.06-05.04.09:489][  0]LogInit: Texture streaming: Enabled
[2015.03.06-05.04.09:565][  0]LogAnalytics: Creating configured Analytics provider AnalyticsET
[2015.03.06-05.04.09:565][  0]LogAnalytics: ET APIKey = Rocket.Release. APIServer = http://et2.epicgames.com/ET2/. AppVersion = 4.7.1-2462028+++depot+UE4-Releases+4.7
[2015.03.06-05.04.09:565][  0]LogAnalytics: ET APIKey = Rocket.Release. DataRouterUploadURL = https://datarouter-public-service-gamedev.ol.epicgames.net/datarouter/api/v1/public/data. AppVersion = 4.7.1-2462028+++depot+UE4-Releases+4.7
[2015.03.06-05.04.09:565][  0]LogAnalytics: SetUserId 4faf2b8f401686a57575ecb438c58793|93efd1466ca449a7a50c61e21231fb4f|d21d11dd-cad7-4eb6-8377-a86052e53efe
[2015.03.06-05.04.09:565][  0]LogAnalytics: AnalyticsET::StartSession [Rocket.Release]
[2015.03.06-05.04.09:610][  0]LogInit: Transaction tracking system initialized
[2015.03.06-05.04.09:766][  0]BlueprintLog: New page: Editor Load
[2015.03.06-05.04.09:797][  0]LogAssetRegistry: FAssetRegistry took 0.0103 seconds to start up
[2015.03.06-05.04.09:797][  0]LogDirectoryWatcher:Warning: Failed to begin reading directory changes for ../../../Engine/Plugins/Experimental/CharacterAI/Content/. Error: 0
[2015.03.06-05.04.10:309][  0]LogTargetPlatformManager:Display: Building Assets For Windows
[2015.03.06-05.04.10:669][  0]LogTargetPlatformManager:Display: Building Assets For Windows
[2015.03.06-05.04.10:886][  0]LogSlate:Warning: Failed to load font data from '../../../Engine/Content/Editor/Slate/Fonts/Roboto-Regular.ttf'
[2015.03.06-05.04.10:887][  0]LogSlate:Warning: Failed to load font data from '../../../Engine/Content/Editor/Slate/Fonts/Roboto-Bold.ttf'
[2015.03.06-05.04.10:891][  0]LogConsoleResponse:Display: 
[2015.03.06-05.04.10:994][  0]LogCook:Display: Done creating registry. It took  0.00s.
[2015.03.06-05.04.11:117][  0]SourceControl: Info Source control is disabled
[2015.03.06-05.04.11:117][  0]Cmd: MAP LOAD FILE="../../../../../../Users/Jeremy Martin/Documents/GitHub/turbo-archer/ENPo/Content/PuzzleBP/Maps/PuzzleExampleMap.umap" TEMPLATE=0 SHOWPROGRESS=1 FEATURELEVEL=3
[2015.03.06-05.04.11:118][  0]LightingResults: New page: Lighting Build
[2015.03.06-05.04.11:128][  0]MapCheck: New page: Map Check
[2015.03.06-05.04.11:128][  0]LightingResults: New page: Lighting Build
[2015.03.06-05.04.11:135][  0]LogParticles: Destroying 0 GPU particle simulations for FXSystem 0x0000000013734D60
[2015.03.06-05.04.11:593][  0]LogBlueprint:Warning: [compiler] Warning Node  Unknown  is not referencing a valid level actor
[2015.03.06-05.04.11:593][  0]LogBlueprint:Warning: [compiler] Warning [0012.30] Compile of PuzzleExampleMap successful, but with 1 Warning(s) [in 7 ms]
[2015.03.06-05.04.11:594][  0]LogBlueprint:Warning: [compiler] Warning [0012.30] Compile of PuzzleExampleMap successful, but with 2 Warning(s) [in 0 ms]
[2015.03.06-05.04.11:594][  0]LogBlueprint:Warning: [compiler] Warning [0012.30] Compile of PuzzleExampleMap successful, but with 3 Warning(s) [in 0 ms]
[2015.03.06-05.04.11:594][  0]LogBlueprint:Warning: [compiler] Warning [0012.30] Compile of PuzzleExampleMap successful, but with 4 Warning(s) [in 0 ms]
[2015.03.06-05.04.11:600][  0]LogBlueprint:Warning: [compiler] Warning Node  Unknown  is not referencing a valid level actor
[2015.03.06-05.04.11:601][  0]LogBlueprint:Warning: [compiler] Warning [0012.31] Compile of PuzzleExampleMap successful, but with 1 Warning(s) [in 6 ms]
[2015.03.06-05.04.11:601][  0]LogBlueprint:Warning: [compiler] Warning [0012.31] Compile of PuzzleExampleMap successful, but with 2 Warning(s) [in 0 ms]
[2015.03.06-05.04.11:684][  0]LogEditorServer: Finished looking for orphan Actors (0.000 secs)
[2015.03.06-05.04.11:685][  0]LogAIModule: Creating AISystem for world PuzzleExampleMap
[2015.03.06-05.04.11:688][  0]Cmd: MAP CHECKDEP
[2015.03.06-05.04.11:688][  0]MapCheck: New page: PuzzleExampleMap - Mar 5, 2015, 5:04:11 PM
[2015.03.06-05.04.11:771][  0]MapCheck: Info Map check complete: 0 Error(s), 0 Warning(s), took 83.043ms to complete.
[2015.03.06-05.04.11:771][  0]LogFileHelpers: Loading map 'PuzzleExampleMap' took 0.654
[2015.03.06-05.04.11:901][  0]LogCollectionManager: Loaded 0 collections in 0.001556 seconds
[2015.03.06-05.04.11:912][  0]LogContentBrowser: Native class hierarchy populated in 0.0110 seconds. Added 1696 classes and 261 folders.
[2015.03.06-05.04.11:942][  0]LogContentBrowser: Native class hierarchy updated for 'SceneOutliner' in 0.0016 seconds. Added 1 classes and 2 folders.
[2015.03.06-05.04.12:005][  0]LogCrashTracker: Crashtracker disabled due to settings.
[2015.03.06-05.04.12:006][  0]LogSlate:Warning: Failed to load font data from 'Veranda'
[2015.03.06-05.04.12:011][  0]LogUObjectGlobals:Warning: Failed to find object 'Class None.'
[2015.03.06-05.04.12:039][  0]LogLoad: Full Startup: 12.75 seconds (BP compile: 0.15 seconds)
[2015.03.06-05.04.12:070][  0]LogContentBrowser:Verbose: The content browser source was changed by the sources view to '/Game/Blueprints'
[2015.03.06-05.04.12:177][  0]LogRenderer:Warning: Reallocating scene render targets to support 32x32 (Frame:2).
[2015.03.06-05.04.12:509][  0]LogRenderer:Warning: Reallocating scene render targets to support 1032x568 (Frame:3).
[2015.03.06-05.04.14:589][  4]LogAssetRegistry: Asset discovery search completed in 4.8023 seconds
[2015.03.06-05.04.16:145][121]LogActorComponent: UnregisterComponent: (/Engine/Transient.CharMoveComp) Not registered. Aborting.
[2015.03.06-05.04.16:516][122]Cmd: QUIT_EDITOR
[2015.03.06-05.04.16:767][122]LogExit: Preparing to exit.
[2015.03.06-05.04.17:868][122]LogExit: Editor shut down
[2015.03.06-05.04.17:868][122]LogExit: Transaction tracking system shut down
[2015.03.06-05.04.17:869][122]LogParticles: Destroying 0 GPU particle simulations for FXSystem 0x0000000010248CC0
[2015.03.06-05.04.17:869][122]LogParticles: Destroying 0 GPU particle simulations for FXSystem 0x000000000E107240
[2015.03.06-05.04.17:869][122]LogParticles: Destroying 0 GPU particle simulations for FXSystem 0x0000000014CA89A0
[2015.03.06-05.04.17:869][122]LogParticles: Destroying 0 GPU particle simulations for FXSystem 0x000000002949BD80
[2015.03.06-05.04.17:917][122]LogExit: Object subsystem successfully closed.
[2015.03.06-05.04.17:963][122]LogModuleManager: Shutting down and abandoning module CrashTracker (177)
[2015.03.06-05.04.17:963][122]LogModuleManager: Shutting down and abandoning module SuperSearch (176)
[2015.03.06-05.04.17:963][122]LogModuleManager: Shutting down and abandoning module SceneOutliner (175)
[2015.03.06-05.04.17:963][122]LogModuleManager: Shutting down and abandoning module EditorWidgets (174)
[2015.03.06-05.04.17:963][122]LogModuleManager: Shutting down and abandoning module CollectionManager (173)
[2015.03.06-05.04.17:963][122]LogModuleManager: Shutting down and abandoning module StatsViewer (172)
[2015.03.06-05.04.17:963][122]LogModuleManager: Shutting down and abandoning module FoliageEdit (171)
[2015.03.06-05.04.17:963][122]LogModuleManager: Shutting down and abandoning module LandscapeEditor (170)
[2015.03.06-05.04.17:963][122]LogModuleManager: Shutting down and abandoning module MeshPaint (169)
[2015.03.06-05.04.17:963][122]LogModuleManager: Shutting down and abandoning module ActorPickerMode (168)
[2015.03.06-05.04.17:963][122]LogModuleManager: Shutting down and abandoning module GeometryMode (167)
[2015.03.06-05.04.17:963][122]LogModuleManager: Shutting down and abandoning module TextureAlignMode (166)
[2015.03.06-05.04.17:963][122]LogModuleManager: Shutting down and abandoning module BspMode (165)
[2015.03.06-05.04.17:963][122]LogModuleManager: Shutting down and abandoning module PlacementMode (164)
[2015.03.06-05.04.17:963][122]LogModuleManager: Shutting down and abandoning module AutomationWorker (163)
[2015.03.06-05.04.17:963][122]LogModuleManager: Shutting down and abandoning module CharacterAI (162)
[2015.03.06-05.04.17:963][122]LogModuleManager: Shutting down and abandoning module SmartSnapping (161)
[2015.03.06-05.04.17:963][122]LogModuleManager: Shutting down and abandoning module ViewportSnapping (160)
[2015.03.06-05.04.17:963][122]LogModuleManager: Shutting down and abandoning module LogVisualizer (159)
[2015.03.06-05.04.17:963][122]LogModuleManager: Shutting down and abandoning module GameProjectGeneration (158)
[2015.03.06-05.04.17:963][122]LogModuleManager: Shutting down and abandoning module IntroTutorials (157)
[2015.03.06-05.04.17:963][122]LogModuleManager: Shutting down and abandoning module EditorLiveStreaming (156)
[2015.03.06-05.04.17:963][122]LogModuleManager: Shutting down and abandoning module HardwareTargeting (155)
[2015.03.06-05.04.17:963][122]LogModuleManager: Shutting down and abandoning module DeviceProfileEditor (154)
[2015.03.06-05.04.17:964][122]LogModuleManager: Shutting down and abandoning module UndoHistory (153)
[2015.03.06-05.04.17:964][122]LogModuleManager: Shutting down and abandoning module GameplayTagsEditor (152)
[2015.03.06-05.04.17:964][122]LogModuleManager: Shutting down and abandoning module UserFeedback (151)
[2015.03.06-05.04.17:964][122]LogModuleManager: Shutting down and abandoning module XmlParser (150)
[2015.03.06-05.04.17:964][122]LogModuleManager: Shutting down and abandoning module Blutility (149)
[2015.03.06-05.04.17:964][122]LogModuleManager: Shutting down and abandoning module IOSPlatformEditor (148)
[2015.03.06-05.04.17:964][122]LogModuleManager: Shutting down and abandoning module IOSRuntimeSettings (147)
[2015.03.06-05.04.17:964][122]LogModuleManager: Shutting down and abandoning module AndroidDeviceDetection (146)
[2015.03.06-05.04.18:734][122]LogModuleManager: Shutting down and abandoning module AndroidPlatformEditor (145)
[2015.03.06-05.04.18:734][122]LogModuleManager: Shutting down and abandoning module AndroidRuntimeSettings (144)
[2015.03.06-05.04.18:734][122]LogModuleManager: Shutting down and abandoning module ProjectTargetPlatformEditor (143)
[2015.03.06-05.04.18:734][122]LogModuleManager: Shutting down and abandoning module ProjectSettingsViewer (142)
[2015.03.06-05.04.18:735][122]LogModuleManager: Shutting down and abandoning module InputBindingEditor (141)
[2015.03.06-05.04.18:735][122]LogModuleManager: Shutting down and abandoning module EditorSettingsViewer (140)
[2015.03.06-05.04.18:735][122]LogModuleManager: Shutting down and abandoning module SettingsEditor (139)
[2015.03.06-05.04.18:735][122]LogModuleManager: Shutting down and abandoning module ProjectLauncher (138)
[2015.03.06-05.04.18:735][122]LogModuleManager: Shutting down and abandoning module SessionFrontend (137)
[2015.03.06-05.04.18:735][122]LogModuleManager: Shutting down and abandoning module ProfilerClient (136)
[2015.03.06-05.04.18:735][122]LogModuleManager: Shutting down and abandoning module TargetDeviceServices (135)
[2015.03.06-05.04.18:735][122]LogModuleManager: Shutting down and abandoning module DeviceManager (134)
[2015.03.06-05.04.18:736][122]LogModuleManager: Shutting down and abandoning module AutomationController (133)
[2015.03.06-05.04.18:736][122]LogModuleManager: Shutting down and abandoning module AutomationWindow (132)
[2015.03.06-05.04.18:736][122]LogModuleManager: Shutting down and abandoning module Layers (131)
[2015.03.06-05.04.18:736][122]LogModuleManager: Shutting down and abandoning module ComponentVisualizers (130)
[2015.03.06-05.04.18:736][122]LogModuleManager: Shutting down and abandoning module DetailCustomizations (129)
[2015.03.06-05.04.18:736][122]LogModuleManager: Shutting down and abandoning module PackagesDialog (128)
[2015.03.06-05.04.18:736][122]LogModuleManager: Shutting down and abandoning module AssetRegistry (127)
[2015.03.06-05.04.18:803][122]LogModuleManager: Shutting down and abandoning module Persona (126)
[2015.03.06-05.04.18:803][122]LogModuleManager: Shutting down and abandoning module SlateReflector (125)
[2015.03.06-05.04.18:803][122]LogModuleManager: Shutting down and abandoning module LevelEditor (124)
[2015.03.06-05.04.18:804][122]LogModuleManager: Shutting down and abandoning module Kismet (123)
[2015.03.06-05.04.18:804][122]LogModuleManager: Shutting down and abandoning module GraphEditor (122)
[2015.03.06-05.04.18:804][122]LogModuleManager: Shutting down and abandoning module ClassViewer (121)
[2015.03.06-05.04.18:804][122]LogModuleManager: Shutting down and abandoning module Toolbox (120)
[2015.03.06-05.04.18:804][122]LogModuleManager: Shutting down and abandoning module ModuleUI (119)
[2015.03.06-05.04.18:804][122]LogModuleManager: Shutting down and abandoning module MovieSceneTools (118)
[2015.03.06-05.04.18:804][122]LogModuleManager: Shutting down and abandoning module OutputLog (117)
[2015.03.06-05.04.18:804][122]LogModuleManager: Shutting down and abandoning module GammaUI (116)
[2015.03.06-05.04.18:804][122]LogModuleManager: Shutting down and abandoning module Documentation (115)
[2015.03.06-05.04.18:804][122]LogModuleManager: Shutting down and abandoning module GameLiveStreaming (114)
[2015.03.06-05.04.18:804][122]LogModuleManager: Shutting down and abandoning module StreamingPauseRendering (113)
[2015.03.06-05.04.18:804][122]LogModuleManager: Shutting down and abandoning module HTTP (112)
[2015.03.06-05.04.18:804][122]LogModuleManager: Shutting down and abandoning module AnalyticsET (111)
[2015.03.06-05.04.18:804][122]LogModuleManager: Shutting down and abandoning module Analytics (110)
[2015.03.06-05.04.18:804][122]LogModuleManager: Shutting down and abandoning module AITestSuite (109)
[2015.03.06-05.04.18:804][122]LogModuleManager: Shutting down and abandoning module GameplayDebugger (108)
[2015.03.06-05.04.18:804][122]LogModuleManager: Shutting down and abandoning module AIModule (107)
[2015.03.06-05.04.18:804][122]LogModuleManager: Shutting down and abandoning module ProfilerService (106)
[2015.03.06-05.04.18:913][122]LogModuleManager: Shutting down and abandoning module TaskGraph (105)
[2015.03.06-05.04.18:913][122]LogModuleManager: Shutting down and abandoning module SlateRemote (104)
[2015.03.06-05.04.18:913][122]LogModuleManager: Shutting down and abandoning module ScriptEditorPlugin (103)
[2015.03.06-05.04.18:913][122]LogModuleManager: Shutting down and abandoning module CustomMeshComponent (102)
[2015.03.06-05.04.18:913][122]LogModuleManager: Shutting down and abandoning module CableComponent (101)
[2015.03.06-05.04.18:913][122]LogModuleManager: Shutting down and abandoning module MessagingDebugger (100)
[2015.03.06-05.04.18:913][122]LogModuleManager: Shutting down and abandoning module MediaPlayerEditor (99)
[2015.03.06-05.04.18:913][122]LogModuleManager: Shutting down and abandoning module SpeedTreeImporter (98)
[2015.03.06-05.04.18:913][122]LogModuleManager: Shutting down and abandoning module PluginsEditor (97)
[2015.03.06-05.04.18:913][122]LogModuleManager: Shutting down and abandoning module MainFrame (96)
[2015.03.06-05.04.18:914][122]LogModuleManager: Shutting down and abandoning module EpicSurvey (95)
[2015.03.06-05.04.18:914][122]LogModuleManager: Shutting down and abandoning module DesktopPlatform (94)
[2015.03.06-05.04.18:914][122]LogModuleManager: Shutting down and abandoning module DirectoryWatcher (93)
[2015.03.06-05.04.18:914][122]LogModuleManager: Shutting down and abandoning module HotReload (92)
[2015.03.06-05.04.18:914][122]LogModuleManager: Shutting down and abandoning module VisualStudioSourceCodeAccess (91)
[2015.03.06-05.04.18:914][122]LogModuleManager: Shutting down and abandoning module UObjectPlugin (90)
[2015.03.06-05.04.18:914][122]LogModuleManager: Shutting down and abandoning module SubversionSourceControl (89)
[2015.03.06-05.04.18:914][122]LogModuleManager: Shutting down and abandoning module PerforceSourceControl (88)
[2015.03.06-05.04.18:914][122]LogModuleManager: Shutting down and abandoning module SourceControl (87)
[2015.03.06-05.04.18:914][122]LogModuleManager: Shutting down and abandoning module GitSourceControl (86)
[2015.03.06-05.04.18:915][122]LogModuleManager: Shutting down and abandoning module BlankPlugin (85)
[2015.03.06-05.04.18:915][122]LogModuleManager: Shutting down and abandoning module PaperTiledImporter (84)
[2015.03.06-05.04.18:915][122]LogModuleManager: Shutting down and abandoning module PaperJsonImporter (83)
[2015.03.06-05.04.18:915][122]LogModuleManager: Shutting down and abandoning module ContentBrowser (82)
[2015.03.06-05.04.18:916][122]LogModuleManager: Shutting down and abandoning module Paper2DEditor (81)
[2015.03.06-05.04.18:917][122]LogModuleManager: Shutting down and abandoning module ScriptPlugin (80)
[2015.03.06-05.04.18:917][122]LogModuleManager: Shutting down and abandoning module UdpMessaging (79)
[2015.03.06-05.04.19:017][122]LogModuleManager: Shutting down and abandoning module Paper2D (78)
[2015.03.06-05.04.19:017][122]LogModuleManager: Shutting down and abandoning module WindowsMoviePlayer (77)
[2015.03.06-05.04.19:023][122]LogModuleManager: Shutting down and abandoning module Media (76)
[2015.03.06-05.04.19:023][122]LogModuleManager: Shutting down and abandoning module WmfMedia (75)
[2015.03.06-05.04.19:024][122]LogModuleManager: Shutting down and abandoning module OnlineBlueprintSupport (74)
[2015.03.06-05.04.19:024][122]LogModuleManager: Shutting down and abandoning module PropertyEditor (73)
[2015.03.06-05.04.19:024][122]LogModuleManager: Shutting down and abandoning module BehaviorTreeEditor (72)
[2015.03.06-05.04.19:024][122]LogModuleManager: Shutting down and abandoning module FunctionalTesting (71)
[2015.03.06-05.04.19:024][122]LogModuleManager: Shutting down and abandoning module CollisionAnalyzer (70)
[2015.03.06-05.04.19:024][122]LogModuleManager: Shutting down and abandoning module WorkspaceMenuStructure (69)
[2015.03.06-05.04.19:024][122]LogModuleManager: Shutting down and abandoning module MessageLog (68)
[2015.03.06-05.04.19:024][122]LogModuleManager: Shutting down and abandoning module Sequencer (67)
[2015.03.06-05.04.19:024][122]LogModuleManager: Shutting down and abandoning module AssetTools (66)
[2015.03.06-05.04.19:025][122]LogModuleManager: Shutting down and abandoning module UMGEditor (65)
[2015.03.06-05.04.19:025][122]LogModuleManager: Shutting down and abandoning module UMG (64)
[2015.03.06-05.04.19:025][122]LogModuleManager: Shutting down and abandoning module Slate (63)
[2015.03.06-05.04.19:025][122]LogModuleManager: Shutting down and abandoning module EditorStyle (62)
[2015.03.06-05.04.19:036][122]LogModuleManager: Shutting down and abandoning module SessionServices (61)
[2015.03.06-05.04.19:036][122]LogModuleManager: Shutting down and abandoning module SourceCodeAccess (60)
[2015.03.06-05.04.19:037][122]LogModuleManager: Shutting down and abandoning module HeadMountedDisplay (59)
[2015.03.06-05.04.19:037][122]LogModuleManager: Shutting down and abandoning module XAudio2 (58)
[2015.03.06-05.04.19:037][122]LogModuleManager: Shutting down and abandoning module Networking (56)
[2015.03.06-05.04.19:037][122]LogModuleManager: Shutting down and abandoning module Core (55)
[2015.03.06-05.04.19:037][122]LogModuleManager: Shutting down and abandoning module KismetCompiler (54)
[2015.03.06-05.04.19:037][122]LogModuleManager: Shutting down and abandoning module PhysXFormats (53)
[2015.03.06-05.04.19:037][122]LogModuleManager: Shutting down and abandoning module MeshUtilities (52)
[2015.03.06-05.04.19:037][122]LogModuleManager: Shutting down and abandoning module DerivedDataCache (51)
[2015.03.06-05.04.19:271][122]LogDerivedDataCache: Shutdown
[2015.03.06-05.04.19:271][122]LogModuleManager: Shutting down and abandoning module ShaderFormatOpenGL (50)
[2015.03.06-05.04.19:271][122]LogModuleManager: Shutting down and abandoning module ShaderFormatD3D (49)
[2015.03.06-05.04.19:271][122]LogModuleManager: Shutting down and abandoning module MetalShaderFormat (48)
[2015.03.06-05.04.19:271][122]LogModuleManager: Shutting down and abandoning module TextureFormatUncompressed (47)
[2015.03.06-05.04.19:271][122]LogModuleManager: Shutting down and abandoning module TextureFormatPVR (46)
[2015.03.06-05.04.19:271][122]LogModuleManager: Shutting down and abandoning module TextureFormatIntelISPCTexComp (45)
[2015.03.06-05.04.19:272][122]LogModuleManager: Shutting down and abandoning module TextureFormatDXT (44)
[2015.03.06-05.04.19:272][122]LogModuleManager: Shutting down and abandoning module ImageWrapper (43)
[2015.03.06-05.04.19:272][122]LogModuleManager: Shutting down and abandoning module TextureFormatASTC (42)
[2015.03.06-05.04.19:272][122]LogModuleManager: Shutting down and abandoning module TextureFormatAndroid (41)
[2015.03.06-05.04.19:272][122]LogModuleManager: Shutting down and abandoning module AudioFormatOpus (40)
[2015.03.06-05.04.19:272][122]LogModuleManager: Shutting down and abandoning module AudioFormatOgg (39)
[2015.03.06-05.04.19:272][122]LogModuleManager: Shutting down and abandoning module AudioFormatADPCM (38)
[2015.03.06-05.04.19:272][122]LogModuleManager: Shutting down and abandoning module LinuxTargetPlatform (37)
[2015.03.06-05.04.19:272][122]LogModuleManager: Shutting down and abandoning module LinuxServerTargetPlatform (36)
[2015.03.06-05.04.19:272][122]LogModuleManager: Shutting down and abandoning module LinuxNoEditorTargetPlatform (35)
[2015.03.06-05.04.19:272][122]LogModuleManager: Shutting down and abandoning module Messaging (34)
[2015.03.06-05.04.19:272][122]LogModuleManager: Shutting down and abandoning module IOSTargetPlatform (33)
[2015.03.06-05.04.19:272][122]LogModuleManager: Shutting down and abandoning module HTML5TargetPlatform (32)
[2015.03.06-05.04.19:272][122]LogModuleManager: Shutting down and abandoning module Android_PVRTCTargetPlatform (31)
[2015.03.06-05.04.19:272][122]LogModuleManager: Shutting down and abandoning module Android_ETC2TargetPlatform (30)
[2015.03.06-05.04.19:272][122]LogModuleManager: Shutting down and abandoning module Android_ETC1TargetPlatform (29)
[2015.03.06-05.04.19:272][122]LogModuleManager: Shutting down and abandoning module Android_ES31TargetPlatform (28)
[2015.03.06-05.04.19:272][122]LogModuleManager: Shutting down and abandoning module Android_DXTTargetPlatform (27)
[2015.03.06-05.04.19:272][122]LogModuleManager: Shutting down and abandoning module Android_ATCTargetPlatform (26)
[2015.03.06-05.04.19:272][122]LogModuleManager: Shutting down and abandoning module AndroidTargetPlatform (25)
[2015.03.06-05.04.19:272][122]LogModuleManager: Shutting down and abandoning module WindowsTargetPlatform (24)
[2015.03.06-05.04.19:272][122]LogModuleManager: Shutting down and abandoning module WindowsServerTargetPlatform (23)
[2015.03.06-05.04.19:272][122]LogModuleManager: Shutting down and abandoning module WindowsNoEditorTargetPlatform (22)
[2015.03.06-05.04.19:273][122]LogModuleManager: Shutting down and abandoning module WindowsClientTargetPlatform (21)
[2015.03.06-05.04.19:273][122]LogModuleManager: Shutting down and abandoning module TargetPlatform (20)
[2015.03.06-05.04.19:273][122]LogModuleManager: Shutting down and abandoning module InputCore (19)
[2015.03.06-05.04.19:273][122]LogModuleManager: Shutting down and abandoning module Settings (18)
[2015.03.06-05.04.19:273][122]LogModuleManager: Shutting down and abandoning module OnlineSubsystem (16)
[2015.03.06-05.04.19:273][122]LogModuleManager: Shutting down and abandoning module OculusRift (15)
[2015.03.06-05.04.19:273][122]LogModuleManager: Shutting down and abandoning module ExampleDeviceProfileSelector (14)
[2015.03.06-05.04.19:273][122]LogModuleManager: Shutting down and abandoning module TextureCompressor (13)
[2015.03.06-05.04.19:273][122]LogModuleManager: Shutting down and abandoning module ShaderCore (12)
[2015.03.06-05.04.19:273][122]LogModuleManager: Shutting down and abandoning module Landscape (11)
[2015.03.06-05.04.19:273][122]LogModuleManager: Shutting down and abandoning module SlateRHIRenderer (10)
[2015.03.06-05.04.19:277][122]LogModuleManager: Shutting down and abandoning module OpenGLDrv (9)
[2015.03.06-05.04.19:277][122]LogModuleManager: Shutting down and abandoning module D3D11RHI (8)
[2015.03.06-05.04.19:277][122]LogModuleManager: Shutting down and abandoning module Renderer (7)
[2015.03.06-05.04.19:277][122]LogModuleManager: Shutting down and abandoning module Engine (6)
[2015.03.06-05.04.19:277][122]LogModuleManager: Shutting down and abandoning module CoreUObject (5)
[2015.03.06-05.04.19:277][122]LogModuleManager: Shutting down and abandoning module NetworkFile (4)
[2015.03.06-05.04.19:277][122]LogModuleManager: Shutting down and abandoning module StreamingFile (3)
[2015.03.06-05.04.19:277][122]LogModuleManager: Shutting down and abandoning module SandboxFile (2)
[2015.03.06-05.04.19:277][122]LogModuleManager: Shutting down and abandoning module PakFile (1)
[2015.03.06-05.04.19:278][122]LogExit: Exiting.
[2015.03.06-05.04.19:295][122]Log file closed, 03/05/15 23:04:19
