Log file open, 05/11/15 09:39:17
LogInit:Display: Running engine for game: ENPo
LogInit: Version: 4.7.6-2513093+++depot+UE4-Releases+4.7
LogInit: API Version: 2455222
LogInit: Compiled (64-bit): Apr 15 2015 12:09:54
LogInit: Compiled with Visual C++: 18.00.21005.01
LogInit: Build Configuration: Development
LogInit: Branch Name: ++depot+UE4-Releases+4.7
LogInit: Command line:  /Temp/Autosaves/Game/PuzzleBP/Maps/UEDPCPuzzleExampleMap -game -PIEVIACONSOLE -ResX=1280 -ResY=720  -Multiprocess 
LogInit: Base directory: C:/Program Files/Epic Games/4.7/Engine/Binaries/Win64/
LogInit: Rocket: 1
[2015.05.11-14.39.17:525][  0]LogTaskGraph: Started task graph with 3 named threads and 6 total threads.
[2015.05.11-14.39.17:576][  0]LogOnline:Warning: No default platform service specified for OnlineSubsystem
[2015.05.11-14.39.17:589][  0]LogInit: Presizing for 0 objects not considered by GC, pre-allocating 0 bytes.
[2015.05.11-14.39.17:600][  0]LogInit: Object subsystem initialized
[2015.05.11-14.39.17:602][  0]LogConsoleResponse:Warning: Skipping Unknown console variable: 'TranslucentSortAxis = (X=0.000000,Y=-1.000000,Z=0.000000)'
[2015.05.11-14.39.17:602][  0]LogConsoleResponse:Warning:   Found in ini file 'C:/Users/Jeremy Martin/Documents/GitHub/turbo-archer/ENPo/Saved/Config/Windows/Engine.ini', in section '[/Script/Engine.RendererSettings]'
[2015.05.11-14.39.17:602][  0]LogConsoleResponse:Warning: Skipping Unknown console variable: 'UIScaleRule = ShortestSide'
[2015.05.11-14.39.17:602][  0]LogConsoleResponse:Warning:   Found in ini file 'C:/Users/Jeremy Martin/Documents/GitHub/turbo-archer/ENPo/Saved/Config/Windows/Engine.ini', in section '[/Script/Engine.RendererSettings]'
[2015.05.11-14.39.17:602][  0]LogConsoleResponse:Warning: Skipping Unknown console variable: 'UIScaleCurve = (EditorCurveData=(Keys=),ExternalCurve=None)'
[2015.05.11-14.39.17:602][  0]LogConsoleResponse:Warning:   Found in ini file 'C:/Users/Jeremy Martin/Documents/GitHub/turbo-archer/ENPo/Saved/Config/Windows/Engine.ini', in section '[/Script/Engine.RendererSettings]'
[2015.05.11-14.39.17:603][  0]LogInit: Selected Device Profile: [Windows]
[2015.05.11-14.39.17:603][  0]LogInit: Applying CVar settings loaded from the selected device profile: [Windows]
[2015.05.11-14.39.17:607][  0]LogInit: Computer: JEREMYMARTIN-PC
[2015.05.11-14.39.17:607][  0]LogInit: User: JeremyMartin
[2015.05.11-14.39.17:607][  0]LogInit: CPU Page size=4096, Cores=4
[2015.05.11-14.39.17:607][  0]LogInit: High frequency timer resolution =2.728212 MHz
[2015.05.11-14.39.17:608][  0]LogMemory: Memory total: Physical=7.9GB (8GB approx) Virtual=8192.0GB
[2015.05.11-14.39.17:608][  0]LogMemory: Platform Memory Stats for Windows
[2015.05.11-14.39.17:608][  0]LogMemory: Process Physical Memory: 48.82 MB used, 48.82 MB peak
[2015.05.11-14.39.17:608][  0]LogMemory: Process Virtual Memory: 30.64 MB used, 30.64 MB peak
[2015.05.11-14.39.17:608][  0]LogMemory: Physical Memory: 4804.45 MB used, 8097.22 MB total
[2015.05.11-14.39.17:608][  0]LogMemory: Virtual Memory: 282.68 MB used, 8388608.00 MB total
[2015.05.11-14.39.17:731][  0]LogD3D11RHI: Found D3D11 adapter 0: Intel(R) HD Graphics 4600 (Feature Level 11_0)
[2015.05.11-14.39.17:731][  0]LogD3D11RHI: Adapter has 2094MB of dedicated video memory, 0MB of dedicated system memory, and 3792MB of shared system memory, 1 output[s]
[2015.05.11-14.39.17:731][  0]LogD3D11RHI: Chosen D3D11 Adapter Id = 0
[2015.05.11-14.39.17:740][  0]LogRHI: Texture pool is 1361 MB (70% of 1945 MB)
[2015.05.11-14.39.17:762][  0]LogD3D11RHI: Async texture creation enabled
[2015.05.11-14.39.17:881][  0]LogTextLocalizationManager: The requested culture ('en_US') has no localization data; parent culture's ('en') localization data will be used.
[2015.05.11-14.39.17:941][  0]LogTextLocalizationManager:Warning: Loading localization resources contain conflicting entries for (Namespace:UICommands, Key:Save_ToolTip):
Resource: (C:/Program Files/Epic Games/4.7/Engine/Content/Localization/Editor/en/Editor.locres) Hash: (-29098895) String: (Saves the current level to disk)
Resource: (C:/Program Files/Epic Games/4.7/Engine/Content/Localization/Engine/en/Engine.locres) Hash: (-1280300587) String: (Save selected data to vlog file)
[2015.05.11-14.39.17:941][  0]LogTextLocalizationManager:Warning: Loading localization resources contain conflicting entries for (Namespace:ContentBrowser, Key:ImportAssetToolTip):
Resource: (C:/Program Files/Epic Games/4.7/Engine/Content/Localization/Editor/en/Editor.locres) Hash: (-630476809) String: (Import to {0}...)
Resource: (C:/Program Files/Epic Games/4.7/Engine/Content/Localization/Editor/en/Editor.locres) Hash: (1271782899) String: (Imports an asset from file to this folder.)
[2015.05.11-14.39.18:033][  0]LogContentStreaming: Texture pool size is 1000.000000MB
[2015.05.11-14.39.19:991][  0]LogTargetPlatformManager:Display: Building Assets For Windows
[2015.05.11-14.39.20:531][  0]LogTargetPlatformManager:Display: Building Assets For Windows
[2015.05.11-14.39.20:591][  0]LogDerivedDataCache:Display: Max Cache Size: 512 MB
[2015.05.11-14.39.20:669][  0]LogDerivedDataCache: Loaded boot cache 0.08s 39MB C:/Users/Jeremy Martin/AppData/Local/UnrealEngine/4.7/DerivedDataCache/Boot.ddc.
[2015.05.11-14.39.20:669][  0]LogDerivedDataCache:Display: Loaded Boot cache: C:/Users/Jeremy Martin/AppData/Local/UnrealEngine/4.7/DerivedDataCache/Boot.ddc
[2015.05.11-14.39.20:669][  0]LogDerivedDataCache: FDerivedDataBackendGraph:  Pak pak cache file ../../../../../../Users/Jeremy Martin/Documents/GitHub/turbo-archer/ENPo/DerivedDataCache/DDC.ddp not found, will not use a pak cache.
[2015.05.11-14.39.20:669][  0]LogDerivedDataCache: Unable to find inner node Pak for hierarchical cache Hierarchy.
[2015.05.11-14.39.20:791][  0]LogDerivedDataCache:Display: Pak cache opened for reading ../../../Engine/DerivedDataCache/Compressed.ddp.
[2015.05.11-14.39.20:803][  0]LogDerivedDataCache: Using Local data cache path C:/Users/Jeremy Martin/AppData/Local/UnrealEngine/Common/DerivedDataCache: Writable
[2015.05.11-14.39.21:092][  0]LogMeshUtilities: No automatic mesh reduction module available
[2015.05.11-14.39.21:092][  0]LogMeshUtilities: No automatic mesh merging module available
[2015.05.11-14.39.21:818][  0]LogInit: WinSock: version 1.1 (2.2), MaxSocks=32767, MaxUdp=65467
[2015.05.11-14.39.22:314][  0]LogWindowsMoviePlayer: Unable to load movie: ../../../../../../Users/Jeremy Martin/Documents/GitHub/turbo-archer/ENPo/Content/Movies/Default_Startup.mp4
[2015.05.11-14.39.22:445][  0]LogSourceControl: RunCommandInternalRaw: 'git version'
[2015.05.11-14.39.22:446][  0]LogSourceControl: RunCommandInternalRaw: ExecProcess ReturnCode=2 OutResults=''
[2015.05.11-14.39.22:470][  0]SourceControl: Info Source control is disabled
[2015.05.11-14.39.22:470][  0]SourceControl: Info Source control is disabled
[2015.05.11-14.39.22:470][  0]SourceControl: Info Source control is disabled
[2015.05.11-14.39.22:479][  0]SourceControl: Info Source control is disabled
[2015.05.11-14.39.22:554][  0]LogObj: 23971 objects as part of root set at end of initial load.
[2015.05.11-14.39.22:554][  0]LogUObjectAllocator: 4988928 out of 0 bytes used by permanent object pool.
[2015.05.11-14.39.22:617][  0]LogAutomationTest:Warning: ERR: Transient text cannot be serialized "Testing Transient serialization detection".
[2015.05.11-14.39.22:618][  0]LogEngine: Initializing Engine...
[2015.05.11-14.39.25:742][  0]LogInit: XAudio2 using 'Headset Earphone (Razer Kraken 7.1 Chroma)' : 2 channels at 44.1 kHz using 16 bits per sample (channel mask 0x3)
[2015.05.11-14.39.25:763][  0]LogInit: FAudioDevice initialized.
[2015.05.11-14.39.25:766][  0]LogInit: Texture streaming: Enabled
[2015.05.11-14.39.25:827][  0]LogAnalytics: Creating configured Analytics provider AnalyticsET
[2015.05.11-14.39.25:827][  0]LogAnalytics: ET APIKey = Rocket.Release. APIServer = http://et2.epicgames.com/ET2/. AppVersion = 4.7.6-2513093+++depot+UE4-Releases+4.7
[2015.05.11-14.39.25:827][  0]LogAnalytics: ET APIKey = Rocket.Release. DataRouterUploadURL = https://datarouter-public-service-gamedev.