Log file open, 03/27/15 16:41:28
LogInit:Display: Running engine for game: ENPo
LogInit: Version: 4.7.3-2479750+++depot+UE4-Releases+4.7
LogInit: API Version: 2455222
LogInit: Compiled (64-bit): Mar 15 2015 23:20:45
LogInit: Compiled with Visual C++: 18.00.21005.01
LogInit: Build Configuration: Development
LogInit: Branch Name: ++depot+UE4-Releases+4.7
LogInit: Command line:  
LogInit: Base directory: C:/Program Files/Epic Games/4.7/Engine/Binaries/Win64/
LogInit: Rocket: 1
[2015.03.27-21.41.28:876][  0]LogTaskGraph: Started task graph with 3 named threads and 6 total threads.
[2015.03.27-21.41.28:925][  0]LogOnline:Warning: No default platform service specified for OnlineSubsystem
[2015.03.27-21.41.28:937][  0]LogInit: Presizing for 0 objects not considered by GC, pre-allocating 0 bytes.
[2015.03.27-21.41.28:945][  0]LogInit: Object subsystem initialized
[2015.03.27-21.41.28:946][  0]LogConsoleResponse:Warning: Skipping Unknown console variable: 'TranslucentSortAxis = (X=0.000000,Y=-1.000000,Z=0.000000)'
[2015.03.27-21.41.28:946][  0]LogConsoleResponse:Warning:   Found in ini file 'C:/Users/Jeremy Martin/Documents/GitHub/turbo-archer/ENPo/Saved/Config/Windows/Engine.ini', in section '[/Script/Engine.RendererSettings]'
[2015.03.27-21.41.28:946][  0]LogConsoleResponse:Warning: Skipping Unknown console variable: 'UIScaleRule = ShortestSide'
[2015.03.27-21.41.28:946][  0]LogConsoleResponse:Warning:   Found in ini file 'C:/Users/Jeremy Martin/Documents/GitHub/turbo-archer/ENPo/Saved/Config/Windows/Engine.ini', in section '[/Script/Engine.RendererSettings]'
[2015.03.27-21.41.28:946][  0]LogConsoleResponse:Warning: Skipping Unknown console variable: 'UIScaleCurve = (EditorCurveData=(Keys=),ExternalCurve=None)'
[2015.03.27-21.41.28:946][  0]LogConsoleResponse:Warning:   Found in ini file 'C:/Users/Jeremy Martin/Documents/GitHub/turbo-archer/ENPo/Saved/Config/Windows/Engine.ini', in section '[/Script/Engine.RendererSettings]'
[2015.03.27-21.41.28:947][  0]LogInit: Selected Device Profile: [Windows]
[2015.03.27-21.41.28:947][  0]LogInit: Applying CVar settings loaded from the selected device profile: [Windows]
[2015.03.27-21.41.28:952][  0]LogInit: Computer: JEREMYMARTIN-PC
[2015.03.27-21.41.28:952][  0]LogInit: User: JeremyMartin
[2015.03.27-21.41.28:952][  0]LogInit: CPU Page size=4096, Cores=4
[2015.03.27-21.41.28:952][  0]LogInit: High frequency timer resolution =2.728222 MHz
[2015.03.27-21.41.28:952][  0]LogMemory: Memory total: Physical=7.9GB (8GB approx) Virtual=8192.0GB
[2015.03.27-21.41.28:952][  0]LogMemory: Platform Memory Stats for Windows
[2015.03.27-21.41.28:952][  0]LogMemory: Process Physical Memory: 48.64 MB used, 48.64 MB peak
[2015.03.27-21.41.28:952][  0]LogMemory: Process Virtual Memory: 26.47 MB used, 26.47 MB peak
[2015.03.27-21.41.28:952][  0]LogMemory: Physical Memory: 3620.46 MB used, 8097.22 MB total
[2015.03.27-21.41.28:952][  0]LogMemory: Virtual Memory: 279.38 MB used, 8388608.00 MB total
[2015.03.27-21.41.28:978][  0]LogD3D11RHI: Found D3D11 adapter 0: Intel(R) HD Graphics 4600 (Feature Level 11_0)
[2015.03.27-21.41.28:979][  0]LogD3D11RHI: Adapter has 2094MB of dedicated video memory, 0MB of dedicated system memory, and 3792MB of shared system memory, 1 output[s]
[2015.03.27-21.41.28:979][  0]LogD3D11RHI: Chosen D3D11 Adapter Id = 0
[2015.03.27-21.41.28:984][  0]LogRHI: Texture pool is 1361 MB (70% of 1945 MB)
[2015.03.27-21.41.28:995][  0]LogD3D11RHI: Async texture creation enabled
[2015.03.27-21.41.29:038][  0]LogTextLocalizationManager: The requested culture ('en_US') has no localization data; parent culture's ('en') localization data will be used.
[2015.03.27-21.41.29:091][  0]LogTextLocalizationManager:Warning: Loading localization resources contain conflicting entries for (Namespace:UICommands, Key:Save_ToolTip):
Resource: (C:/Program Files/Epic Games/4.7/Engine/Content/Localization/Editor/en/Editor.locres) Hash: (-29098895) String: (Saves the current level to disk)
Resource: (C:/Program Files/Epic Games/4.7/Engine/Content/Localization/Engine/en/Engine.locres) Hash: (-1280300587) String: (Save selected data to vlog file)
[2015.03.27-21.41.29:091][  0]LogTextLocalizationManager:Warning: Loading localization resources contain conflicting entries for (Namespace:ContentBrowser, Key:ImportAssetToolTip):
Resource: (C:/Program Files/Epic Games/4.7/Engine/Content/Localization/Editor/en/Editor.locres) Hash: (-630476809) String: (Import to {0}...)
Resource: (C:/Program Files/Epic Games/4.7/Engine/Content/Localization/Editor/en/Editor.locres) Hash: (1271782899) String: (Imports an asset from file to this folder.)
[2015.03.27-21.41.29:161][  0]LogContentStreaming: Texture pool size is 0.000000MB
[2015.03.27-21.41.31:186][  0]LogTargetPlatformManager:Display: Building Assets For Windows
[2015.03.27-21.41.31:615][  0]LogTargetPlatformManager:Display: Building Assets For Windows
[2015.03.27-21.41.31:667][  0]LogDerivedDataCache:Display: Max Cache Size: 512 MB
[2015.03.27-21.41.31:701][  0]LogDerivedDataCache: Loaded boot cache 0.03s 39MB C:/Users/Jeremy Martin/AppData/Local/UnrealEngine/4.7/DerivedDataCache/Boot.ddc.
[2015.03.27-21.41.31:701][  0]LogDerivedDataCache:Display: Loaded Boot cache: C:/Users/Jeremy Martin/AppData/Local/UnrealEngine/4.7/DerivedDataCache/Boot.ddc
[2015.03.27-21.41.31:701][  0]LogDerivedDataCache: FDerivedDataBackendGraph:  Pak pak cache file ../../../../../../Users/Jeremy Martin/Documents/GitHub/turbo-archer/ENPo/DerivedDataCache/DDC.ddp not found, will not use a pak cache.
[2015.03.27-21.41.31:701][  0]LogDerivedDataCache: Unable to find inner node Pak for hierarchical cache Hierarchy.
[2015.03.27-21.41.31:807][  0]LogDerivedDataCache:Display: Pak cache opened for reading ../../../Engine/DerivedDataCache/Compressed.ddp.
[2015.03.27-21.41.31:818][  0]LogDerivedDataCache: Using Local data cache path C:/Users/Jeremy Martin/AppData/Local/UnrealEngine/Common/DerivedDataCache: Writable
[2015.03.27-21.41.32:059][  0]LogMeshUtilities: No automatic mesh reduction module available
[2015.03.27-21.41.32:059][  0]LogMeshUtilities: No automatic mesh merging module available
[2015.03.27-21.41.32:514][  0]LogInit: WinSock: version 1.1 (2.2), MaxSocks=32767, MaxUdp=65467
[2015.03.27-21.41.32:584][  0]LogSlate:Warning: Failed to load font data from '../../../Engine/Content/Slate/Fonts/Roboto-Italic.ttf'
[2015.03.27-21.41.34:080][  0]UdpMessaging: Initializing bridge on interface 0.0.0.0:0 to multicast group 230.0.0.1:6666.
[2015.03.27-21.41.34:276][  0]SourceControl: Info Source control is disabled
[2015.03.27-21.41.34:276][  0]SourceControl: Info Source control is disabled
[2015.03.27-21.41.34:276][  0]SourceControl: Info Source control is disabled
[2015.03.27-21.41.34:276][  0]LogSourceControl: RunCommandInternalRaw: 'git version'
[2015.03.27-21.41.34:276][  0]LogSourceControl: RunCommandInternalRaw: ExecProcess ReturnCode=2 OutResults=''
[2015.03.27-21.41.34:283][  0]SourceControl: Info Source control is disabled
[2015.03.27-21.41.34:429][  0]LogObj: 24231 objects as part of root set at end of initial load.
[2015.03.27-21.41.34:429][  0]LogUObjectAllocator: 5136440 out of 0 bytes used by permanent object pool.
[2015.03.27-21.41.34:495][  0]LogEngine: Initializing Engine...
[2015.03.27-21.41.36:643][  0]LogInit: XAudio2 using 'Speakers / Headphones (Realtek High Definition Audio)' : 2 channels at 48 kHz using 32 bits per sample (channel mask 0x3)
[2015.03.27-21.41.36:720][  0]LogInit: FAudioDevice initialized.
[2015.03.27-21.41.36:751][  0]LogAIModule: Creating AISystem for world NewWorld
[2015.03.27-21.41.36:769][  0]LogDerivedDataCache: Saved boot cache 0.02s 39MB C:/Users/Jeremy Martin/AppData/Local/UnrealEngine/4.7/DerivedDataCache/Boot.ddc.
[2015.03.27-21.41.36:772][  0]LogInit: Texture streaming: Enabled
[2015.03.27-21.41.36:844][  0]LogAnalytics: Creating configured Analytics provider AnalyticsET
[2015.03.27-21.41.36:844][  0]LogAnalytics: ET APIKey = Rocket.Release. APIServer = http://et2.epicgames.com/ET2/. AppVersion = 4.7.3-2479750+++depot+UE4-Releases+4.7
[2015.03.27-21.41.36:844][  0]LogAnalytics: ET APIKey = Rocket.Release. DataRouterUploadURL = https://datarouter-public-service-gamedev.ol.epicgames.net/datarouter/api/v1/public/data. AppVersion = 4.7.3-2479750+++depot+UE4-Releases+4.7
[2015.03.27-21.41.36:844][  0]LogAnalytics: SetUserId 4faf2b8f401686a57575ecb438c58793|93efd1466ca449a7a50c61e21231fb4f|d21d11dd-cad7-4eb6-8377-a86052e53efe
[2015.03.27-21.41.36:844][  0]LogAnalytics: AnalyticsET::StartSession [Rocket.Release]
[2015.03.27-21.41.36:872][  0]LogInit: Transaction tracking system initialized
[2015.03.27-21.41.37:027][  0]BlueprintLog: New page: Editor Load
[2015.03.27-21.41.37:056][  0]LogAssetRegistry: FAssetRegistry took 0.0101 seconds to start up
[2015.03.27-21.41.37:056][  0]LogDirectoryWatcher:Warning: Failed to begin reading directory changes for ../../../Engine/Plugins/Experimental/CharacterAI/Content/. Error: 0
[2015.03.27-21.41.37:551][  0]LogTargetPlatformManager:Display: Building Assets For Windows
[2015.03.27-21.41.37:854][  0]LogTargetPlatformManager:Display: Building Assets For Windows
[2015.03.27-21.41.38:064][  0]LogSlate:Warning: Failed to load font data from '../../../Engine/Content/Editor/Slate/Fonts/Roboto-Regular.ttf'
[2015.03.27-21.41.38:065][  0]LogSlate:Warning: Failed to load font data from '../../../Engine/Content/Editor/Slate/Fonts/Roboto-Bold.ttf'
[2015.03.27-21.41.38:068][  0]LogConsoleResponse:Display: 
[2015.03.27-21.41.38:167][  0]LogCook:Display: Done creating registry. It took  0.00s.
[2015.03.27-21.41.38:284][  0]SourceControl: Info Source control is disabled
[2015.03.27-21.41.38:284][  0]Cmd: MAP LOAD FILE="../../../../../../Users/Jeremy Martin/Documents/GitHub/turbo-archer/ENPo/Content/PuzzleBP/Maps/PuzzleExampleMap.umap" TEMPLATE=0 SHOWPROGRESS=1 FEATURELEVEL=3
[2015.03.27-21.41.38:285][  0]LightingResults: New page: Lighting Build
[2015.03.27-21.41.38:295][  0]MapCheck: New page: Map Check
[2015.03.27-21.41.38:295][  0]LightingResults: New page: Lighting Build
[2015.03.27-21.41.38:301][  0]LogParticles: Destroying 0 GPU particle simulations for FXSystem 0x0000000004320D60
[2015.03.27-21.41.38:528][  0]LogBlueprint:Warning: [compiler] Warning Node  Unknown  is not referencing a valid level actor
[2015.03.27-21.41.38:528][  0]LogBlueprint:Warning: [compiler] Warning [0011.32] Compile of PuzzleExampleMap successful, but with 1 Warning(s) [in 5 ms]
[2015.03.27-21.41.38:528][  0]LogBlueprint:Warning: [compiler] Warning [0011.32] Compile of PuzzleExampleMap successful, but with 2 Warning(s) [in 0 ms]
[2015.03.27-21.41.38:528][  0]LogBlueprint:Warning: [compiler] Warning [0011.32] Compile of PuzzleExampleMap successful, but with 3 Warning(s) [in 0 ms]
[2015.03.27-21.41.38:528][  0]LogBlueprint:Warning: [compiler] Warning [0011.32] Compile of PuzzleExampleMap successful, but with 4 Warning(s) [in 0 ms]
[2015.03.27-21.41.38:534][  0]LogBlueprint:Warning: [compiler] Warning Node  Unknown  is not referencing a valid level actor
[2015.03.27-21.41.38:534][  0]LogBlueprint:Warning: [compiler] Warning [0011.33] Compile of PuzzleExampleMap successful, but with 1 Warning(s) [in 5 ms]
[2015.03.27-21.41.38:534][  0]LogBlueprint:Warning: [compiler] Warning [0011.33] Compile of PuzzleExampleMap successful, but with 2 Warning(s) [in 0 ms]
[2015.03.27-21.41.38:652][  0]LogEditorServer: Finished looking for orphan Actors (0.000 secs)
[2015.03.27-21.41.38:656][  0]LogAIModule: Creating AISystem for world PuzzleExampleMap
[2015.03.27-21.41.38:656][  0]Cmd: MAP CHECKDEP
[2015.03.27-21.41.38:656][  0]MapCheck: New page: PuzzleExampleMap - Mar 27, 2015, 11:41:38 AM
[2015.03.27-21.41.38:722][  0]MapCheck: Info Map check complete: 0 Error(s), 0 Warning(s), took 65.048ms to complete.
[2015.03.27-21.41.38:722][  0]LogFileHelpers: Loading map 'PuzzleExampleMap' took 0.437
[2015.03.27-21.41.38:855][  0]LogCollectionManager: Loaded 0 collections in 0.001297 seconds
[2015.03.27-21.41.38:865][  0]LogContentBrowser: Native class hierarchy populated in 0.0099 seconds. Added 1696 classes and 261 folders.
[2015.03.27-21.41.38:897][  0]LogContentBrowser: Native class hierarchy updated for 'SceneOutliner' in 0.0015 seconds. Added 1 classes and 2 folders.
[2015.03.27-21.41.38:952][  0]LogCrashTracker: Crashtracker disabled due to settings.
[2015.03.27-21.41.38:952][  0]LogSlate:Warning: Failed to load font data from 'Veranda'
[2015.03.27-21.41.38:959][  0]LogUObjectGlobals:Warning: Failed to find object 'Class None.'
[2015.03.27-21.41.38:985][  0]LogLoad: Full Startup: 11.78 seconds (BP compile: 0.10 seconds)
[2015.03.27-21.41.39:386][  0]LogContentBrowser:Verbose: The content browser source was changed by the sources view to '/Engine/EngineVolumetrics/LightBeam/Materials'
[2015.03.27-21.41.39:485][  0]LogRenderer:Warning: Reallocating scene render targets to support 32x32 (Frame:2).
[2015.03.27-21.41.40:211][  0]LogRenderer:Warning: Reallocating scene render targets to support 1128x680 (Frame:10).
[2015.03.27-21.41.42:179][  5]LogAssetRegistry: Asset discovery search completed in 5.1330 seconds
[2015.03.27-21.42.21:673][170]BlueprintLog: New page: Pre-PIE auto-recompile
[2015.03.27-21.42.21:673][170]LogPlayLevel: [PIE] Compiling PuzzleExampleMap before PIE...
[2015.03.27-21.42.21:683][170]LogBlueprint:Warning: [compiler] Warning Node  Unknown  is not referencing a valid level actor
[2015.03.27-21.42.21:684][170]LogBlueprint:Warning: [compiler] Warning [0054.48] Compile of PuzzleExampleMap successful, but with 1 Warning(s) [in 8 ms]
[2015.03.27-21.42.21:684][170]LogBlueprint:Warning: [compiler] Warning [0054.48] Compile of PuzzleExampleMap successful, but with 2 Warning(s) [in 0 ms]
[2015.03.27-21.42.21:704][170]LogBlueprint:Warning: [compiler] Warning [0054.50] Compile of PuzzleExampleMap successful, but with 3 Warning(s) [in 20 ms]
[2015.03.27-21.42.21:705][170]LogBlueprint:Warning: [compiler] Warning [0054.50] Compile of PuzzleExampleMap successful, but with 4 Warning(s) [in 0 ms]
[2015.03.27-21.42.21:705][170]LogBlueprint:Warning: [compiler] Warning [0054.50] Compile of PuzzleExampleMap successful, but with 5 Warning(s) [in 0 ms]
[2015.03.27-21.42.21:705][170]LogBlueprint:Warning: [compiler] Warning [0054.50] Compile of PuzzleExampleMap successful, but with 6 Warning(s) [in 0 ms]
[2015.03.27-21.42.21:706][170]LogActorComponent: UnregisterComponent: (/Engine/Transient.CharMoveComp) Not registered. Aborting.
[2015.03.27-21.42.21:719][170]LogPlayLevel: PIE:  Blueprint regeneration took 46 ms (1 blueprints)
[2015.03.27-21.42.21:719][170]PIE: New page: SIE session: PuzzleExampleMap (Mar 27, 2015, 11:42:21 AM)
[2015.03.27-21.42.21:740][170]LogPlayLevel: PIE: StaticDuplicateObject took: (0.019879s)
[2015.03.27-21.42.21:740][170]LogPlayLevel: PIE: World Init took: (0.000439s)
[2015.03.27-21.42.21:740][170]LogPlayLevel: PIE: Created PIE world by copying editor world from /Game/PuzzleBP/Maps/PuzzleExampleMap.PuzzleExampleMap to /Game/PuzzleBP/Maps/UEDPIE_0_PuzzleExampleMap.PuzzleExampleMap (0.020491s)
[2015.03.27-21.42.21:793][170]LogWorld: Game class is 'RunnerGameMode_C'
[2015.03.27-21.42.21:800][170]LogAIModule: Creating AISystem for world PuzzleExampleMap
[2015.03.27-21.42.21:813][170]LogWorld: Bringing World /Game/PuzzleBP/Maps/UEDPIE_0_PuzzleExampleMap.PuzzleExampleMap up for play (max tick rate 0) at 2015.03.27-16.42.21
[2015.03.27-21.42.21:815][170]LogWorld: Bringing up level for play took: 0.013437
[2015.03.27-21.42.21:817][170]LogPawn:Error: EnableInput can only be specified on a Pawn for its Controller
[2015.03.27-21.42.21:817][170]PIE: Info Play in editor start time for /Game/PuzzleBP/Maps/UEDPIE_0_PuzzleExampleMap 0.7
[2015.03.27-21.46.35:367][223]LogContentBrowser:Verbose: The content browser source was changed by the sources view to '/Engine'
[2015.03.27-21.48.14:020][519]LogParticles: Destroying 0 GPU particle simulations for FXSystem 0x000000000BDB0EA0
[2015.03.27-21.48.34:356][161]LogMaterial: Missing cached shader map for material Material_0, compiling. 
[2015.03.27-21.48.49:774][397]LogEditorViewport: Clicking on Actor (LMB): RunnerCharacter_C (RunnerCharacter)
[2015.03.27-21.48.57:937][696]LogRenderer:Warning: Reallocating scene render targets to support 1144x896 (Frame:6178).
[2015.03.27-21.50.10:210][868]LogEditorViewport: Clicking on Actor (LMB): Actor (Actor)
[2015.03.27-21.50.23:533][671]Cmd: DELETE
[2015.03.27-21.50.23:533][671]Cmd: ACTOR DELETE
[2015.03.27-21.50.23:535][671]LogEditorActor: Deleted Actor: Actor
[2015.03.27-21.50.23:536][671]LogActorComponent: UnregisterComponent: (/Engine/Transient.CharMoveComp) Not registered. Aborting.
[2015.03.27-21.50.23:556][671]LogEditorActor: Deleted 1 Actors (0.023 secs)
[2015.03.27-21.54.45:191][432]Cmd: DELETE
[2015.03.27-21.54.45:191][432]Cmd: ACTOR DELETE
[2015.03.27-21.54.45:198][432]LogEditorActor: Deleted Actor: PointLight
[2015.03.27-21.54.45:268][432]LogActorComponent: UnregisterComponent: (/Engine/Transient.CharMoveComp) Not registered. Aborting.
[2015.03.27-21.54.45:268][432]LogActorComponent: UnregisterComponent: (/Engine/Transient.MovementComponent0) Not registered. Aborting.
[2015.03.27-21.54.45:287][432]LogEditorActor: Deleted 1 Actors (0.095 secs)
[2015.03.27-21.57.30:268][864]LogEditor: Attempting to add actor of class 'MaterialInstanceActor' to level at -1260.00,630.00,120.00
[2015.03.27-21.57.31:357][879]LogEditor: Attempting to add actor of class 'MaterialInstanceActor' to level at 0.00,-620.00,120.00
[2015.03.27-21.57.31:752][884]LogActorComponent: UnregisterComponent: (/Engine/Transient.CharMoveComp) Not registered. Aborting.
[2015.03.27-21.57.31:878][884]LogBlueprint:Warning: [compiler] Warning Node  Unknown  is not referencing a valid level actor
[2015.03.27-21.57.31:878][884]LogBlueprint:Warning: [compiler] Warning [0964.62] Compile of PuzzleExampleMap successful, but with 1 Warning(s) [in 7 ms]
[2015.03.27-21.57.31:879][884]LogBlueprint:Warning: [compiler] Warning [0964.62] Compile of PuzzleExampleMap successful, but with 2 Warning(s) [in 0 ms]
[2015.03.27-21.57.31:905][884]LogBlueprint:Warning: [compiler] Warning [0964.64] Compile of PuzzleExampleMap successful, but with 3 Warning(s) [in 26 ms]
[2015.03.27-21.57.31:908][884]LogBlueprint:Warning: [compiler] Warning [0964.64] Compile of PuzzleExampleMap successful, but with 4 Warning(s) [in 2 ms]
[2015.03.27-21.57.31:908][884]LogBlueprint:Warning: [compiler] Warning [0964.64] Compile of PuzzleExampleMap successful, but with 5 Warning(s) [in 0 ms]
[2015.03.27-21.57.31:908][884]LogBlueprint:Warning: [compiler] Warning [0964.64] Compile of PuzzleExampleMap successful, but with 6 Warning(s) [in 0 ms]
[2015.03.27-21.57.32:014][884]LogSavePackage: Save=144.006973ms
[2015.03.27-21.57.32:014][884]LogSavePackage: Moving '../../../../../../Users/Jeremy Martin/Documents/GitHub/turbo-archer/ENPo/Saved/PuzzleExampleMap_Auto11FA7B8A040DDF38A9544B4A99F26C329.tmp' to '../../../../../../Users/Jeremy Martin/Documents/GitHub/turbo-archer/ENPo/Saved/Autosaves/Game/PuzzleBP/Maps/PuzzleExampleMap_Auto1.umap'
[2015.03.27-21.57.32:035][884]LogFileHelpers: Editor autosave (incl. sublevels) for '/Game/PuzzleBP/Maps/PuzzleExampleMap' took 0.283
[2015.03.27-21.57.32:035][884]LogFileHelpers: Editor autosave (incl. sublevels) for all levels took 0.283
[2015.03.27-21.57.32:070][884]OBJ SavePackage: Generating thumbnails for [1] asset(s) in package [/Game/Blueprints/RunnerCharacter] ([1] browsable assets)...
[2015.03.27-21.57.32:130][884]OBJ SavePackage:     Rendered thumbnail for [Blueprint /Game/Blueprints/RunnerCharacter.RunnerCharacter]
[2015.03.27-21.57.32:130][884]OBJ SavePackage: Finished generating thumbnails for package [/Game/Blueprints/RunnerCharacter]
[2015.03.27-21.57.32:636][884]LogSavePackage: Save=491.427399ms
[2015.03.27-21.57.32:636][884]LogSavePackage: Moving '../../../../../../Users/Jeremy Martin/Documents/GitHub/turbo-archer/ENPo/Saved/RunnerCharacter_Auto1C9960C4949E501160AFA3480A943EE7F.tmp' to '../../../../../../Users/Jeremy Martin/Documents/GitHub/turbo-archer/ENPo/Saved/Autosaves/Game/Blueprints/RunnerCharacter_Auto1.uasset'
[2015.03.27-21.57.32:642][884]LogFileHelpers: Auto-saving content packages took 0.607
[2015.03.27-21.57.39:517][ 80]LogEditorViewport: Clicking on Actor (LMB): MaterialInstanceActor (MaterialInstanceActor1)
[2015.03.27-21.57.40:258][ 89]LogEditorViewport: Clicking on Actor (context menu): MaterialInstanceActor (MaterialInstanceActor1)
[2015.03.27-21.58.24:218][611]LogEditorViewport: Clicking on Actor (LMB): MaterialInstanceActor (MaterialInstanceActor1)
[2015.03.27-21.58.25:307][627]Cmd: DELETE
[2015.03.27-21.58.25:307][627]Cmd: ACTOR DELETE
[2015.03.27-21.58.25:315][627]LogEditorActor: Deleted Actor: MaterialInstanceActor
[2015.03.27-21.58.25:317][627]LogActorComponent: UnregisterComponent: (/Engine/Transient.CharMoveComp) Not registered. Aborting.
[2015.03.27-21.58.25:385][627]LogEditorActor: Deleted 1 Actors (0.077 secs)
[2015.03.27-21.59.00:064][141]LogEditor: Attempting to add actor of class 'MaterialInstanceActor' to level at -1330.00,380.00,120.00
[2015.03.27-21.59.00:949][154]LogEditor: Attempting to add actor of class 'MaterialInstanceActor' to level at -150.00,-350.00,120.00
[2015.03.27-21.59.49:560][969]Cmd: OBJ SAVEPACKAGE PACKAGE="/Game/DustyThigs" FILE="../../../../../../Users/Jeremy Martin/Documents/GitHub/turbo-archer/ENPo/Content/DustyThigs.uasset" SILENT=true
[2015.03.27-21.59.49:570][969]LogSavePackage: Save=8.423068ms
[2015.03.27-21.59.49:570][969]LogSavePackage: Moving '../../../../../../Users/Jeremy Martin/Documents/GitHub/turbo-archer/ENPo/Saved/DustyThigsC484C6F445216D40BA405FAFF614CB9A.tmp' to '../../../../../../Users/Jeremy Martin/Documents/GitHub/turbo-archer/ENPo/Content/DustyThigs.uasset'
[2015.03.27-21.59.49:777][969]LogContentBrowser:Verbose: The content browser source was changed by the sources view to 'None'
[2015.03.27-21.59.49:777][969]LogContentBrowser:Verbose: The content browser source was changed by the sources view to '/Game'
[2015.03.27-22.00.00:680][440]Cmd: OBJ SAVEPACKAGE PACKAGE="/Game/PuzzleBP/DustyThigs" FILE="../../../../../../Users/Jeremy Martin/Documents/GitHub/turbo-archer/ENPo/Content/PuzzleBP/DustyThigs.uasset" SILENT=true
[2015.03.27-22.00.00:689][440]LogSavePackage: Save=7.545574ms
[2015.03.27-22.00.00:689][440]LogSavePackage: Moving '../../../../../../Users/Jeremy Martin/Documents/GitHub/turbo-archer/ENPo/Saved/DustyThigs775189ED43E0501E4195CB9BD26F7DB2.tmp' to '../../../../../../Users/Jeremy Martin/Documents/GitHub/turbo-archer/ENPo/Content/PuzzleBP/DustyThigs.uasset'
[2015.03.27-22.00.00:698][440]LogMetaData: Removing '/Game/PuzzleBP/DustyThigs.DustyThigs:UserConstructionScript.K2Node_FunctionEntry_74' ref from Metadata '/Game/DustyThigs.PackageMetaData'
[2015.03.27-22.00.00:698][440]LogMetaData: Removing '/Game/PuzzleBP/DustyThigs.DustyThigs:EventGraph.K2Node_Event_142' ref from Metadata '/Game/DustyThigs.PackageMetaData'
[2015.03.27-22.00.00:698][440]LogMetaData: Removing '/Game/PuzzleBP/DustyThigs.SKEL_DustyThigs_C' ref from Metadata '/Game/DustyThigs.PackageMetaData'
[2015.03.27-22.00.00:698][440]LogMetaData: Removing '/Game/PuzzleBP/DustyThigs.DustyThigs_C' ref from Metadata '/Game/DustyThigs.PackageMetaData'
[2015.03.27-22.00.00:698][440]LogMetaData: Removing '/Game/PuzzleBP/DustyThigs.DustyThigs:EventGraph.K2Node_Event_141' ref from Metadata '/Game/DustyThigs.PackageMetaData'
[2015.03.27-22.00.00:764][440]Cmd: OBJ SAVEPACKAGE PACKAGE="/Game/PuzzleBP/DustyThigs" FILE="../../../../../../Users/Jeremy Martin/Documents/GitHub/turbo-archer/ENPo/Content/PuzzleBP/DustyThigs.uasset" SILENT=true
[2015.03.27-22.00.00:801][440]LogSavePackage: Save=8.589110ms
[2015.03.27-22.00.00:801][440]LogSavePackage: Moving '../../../../../../Users/Jeremy Martin/Documents/GitHub/turbo-archer/ENPo/Saved/DustyThigsBB165CE14E4B4B24B5BD2088F3D2E9CD.tmp' to '../../../../../../Users/Jeremy Martin/Documents/GitHub/turbo-archer/ENPo/Content/PuzzleBP/DustyThigs.uasset'
[2015.03.27-22.00.01:739][452]LogContentBrowser:Verbose: The content browser source was changed by the sources view to '/Game/PuzzleBP'
[2015.03.27-22.01.01:746][344]BlueprintLog: New page: Compile DustyThigs
[2015.03.27-22.01.01:877][344]Cmd: OBJ SAVEPACKAGE PACKAGE="/Game/PuzzleBP/DustyThigs" FILE="../../../../../../Users/Jeremy Martin/Documents/GitHub/turbo-archer/ENPo/Content/PuzzleBP/DustyThigs.uasset" SIL