Log file open, 03/28/15 16:30:49
LogInit:Display: Running engine for game: ENPo
LogInit: Version: 4.7.3-2479750+++depot+UE4-Releases+4.7
LogInit: API Version: 2455222
LogInit: Compiled (64-bit): Mar 15 2015 23:20:45
LogInit: Compiled with Visual C++: 18.00.21005.01
LogInit: Build Configuration: Development
LogInit: Branch Name: ++depot+UE4-Releases+4.7
LogInit: Command line: 
LogInit: Base directory: C:/Program Files/Epic Games/4.7/Engine/Binaries/Win64/
LogInit: Rocket: 1
[2015.03.28-21.30.49:805][  0]LogTaskGraph: Started task graph with 3 named threads and 6 total threads.
[2015.03.28-21.30.49:856][  0]LogOnline:Warning: No default platform service specified for OnlineSubsystem
[2015.03.28-21.30.49:866][  0]LogInit: Presizing for 0 objects not considered by GC, pre-allocating 0 bytes.
[2015.03.28-21.30.49:874][  0]LogInit: Object subsystem initialized
[2015.03.28-21.30.49:876][  0]LogConsoleResponse:Warning: Skipping Unknown console variable: 'TranslucentSortAxis = (X=0.000000,Y=-1.000000,Z=0.000000)'
[2015.03.28-21.30.49:876][  0]LogConsoleResponse:Warning:   Found in ini file 'C:/Users/Jeremy Martin/Documents/GitHub/turbo-archer/ENPo/Saved/Config/Windows/Engine.ini', in section '[/Script/Engine.RendererSettings]'
[2015.03.28-21.30.49:876][  0]LogConsoleResponse:Warning: Skipping Unknown console variable: 'UIScaleRule = ShortestSide'
[2015.03.28-21.30.49:876][  0]LogConsoleResponse:Warning:   Found in ini file 'C:/Users/Jeremy Martin/Documents/GitHub/turbo-archer/ENPo/Saved/Config/Windows/Engine.ini', in section '[/Script/Engine.RendererSettings]'
[2015.03.28-21.30.49:876][  0]LogConsoleResponse:Warning: Skipping Unknown console variable: 'UIScaleCurve = (EditorCurveData=(Keys=),ExternalCurve=None)'
[2015.03.28-21.30.49:876][  0]LogConsoleResponse:Warning:   Found in ini file 'C:/Users/Jeremy Martin/Documents/GitHub/turbo-archer/ENPo/Saved/Config/Windows/Engine.ini', in section '[/Script/Engine.RendererSettings]'
[2015.03.28-21.30.49:876][  0]LogInit: Selected Device Profile: [Windows]
[2015.03.28-21.30.49:876][  0]LogInit: Applying CVar settings loaded from the selected device profile: [Windows]
[2015.03.28-21.30.49:882][  0]LogInit: Computer: JEREMYMARTIN-PC
[2015.03.28-21.30.49:882][  0]LogInit: User: JeremyMartin
[2015.03.28-21.30.49:882][  0]LogInit: CPU Page size=4096, Cores=4
[2015.03.28-21.30.49:882][  0]LogInit: High frequency timer resolution =2.728164 MHz
[2015.03.28-21.30.49:882][  0]LogMemory: Memory total: Physical=7.9GB (8GB approx) Virtual=8192.0GB
[2015.03.28-21.30.49:882][  0]LogMemory: Platform Memory Stats for Windows
[2015.03.28-21.30.49:882][  0]LogMemory: Process Physical Memory: 48.44 MB used, 48.44 MB peak
[2015.03.28-21.30.49:882][  0]LogMemory: Process Virtual Memory: 28.38 MB used, 28.38 MB peak
[2015.03.28-21.30.49:882][  0]LogMemory: Physical Memory: 3867.81 MB used, 8097.22 MB total
[2015.03.28-21.30.49:882][  0]LogMemory: Virtual Memory: 281.31 MB used, 8388608.00 MB total
[2015.03.28-21.30.49:913][  0]LogD3D11RHI: Found D3D11 adapter 0: Intel(R) HD Graphics 4600 (Feature Level 11_0)
[2015.03.28-21.30.49:913][  0]LogD3D11RHI: Adapter has 2094MB of dedicated video memory, 0MB of dedicated system memory, and 3792MB of shared system memory, 1 output[s]
[2015.03.28-21.30.49:913][  0]LogD3D11RHI: Chosen D3D11 Adapter Id = 0
[2015.03.28-21.30.49:921][  0]LogRHI: Texture pool is 1361 MB (70% of 1945 MB)
[2015.03.28-21.30.49:934][  0]LogD3D11RHI: Async texture creation enabled
[2015.03.28-21.30.49:977][  0]LogTextLocalizationManager: The requested culture ('en_US') has no localization data; parent culture's ('en') localization data will be used.
[2015.03.28-21.30.50:037][  0]LogTextLocalizationManager:Warning: Loading localization resources contain conflicting entries for (Namespace:UICommands, Key:Save_ToolTip):
Resource: (C:/Program Files/Epic Games/4.7/Engine/Content/Localization/Editor/en/Editor.locres) Hash: (-29098895) String: (Saves the current level to disk)
Resource: (C:/Program Files/Epic Games/4.7/Engine/Content/Localization/Engine/en/Engine.locres) Hash: (-1280300587) String: (Save selected data to vlog file)
[2015.03.28-21.30.50:037][  0]LogTextLocalizationManager:Warning: Loading localization resources contain conflicting entries for (Namespace:ContentBrowser, Key:ImportAssetToolTip):
Resource: (C:/Program Files/Epic Games/4.7/Engine/Content/Localization/Editor/en/Editor.locres) Hash: (-630476809) String: (Import to {0}...)
Resource: (C:/Program Files/Epic Games/4.7/Engine/Content/Localization/Editor/en/Editor.locres) Hash: (1271782899) String: (Imports an asset from file to this folder.)
[2015.03.28-21.30.50:117][  0]LogContentStreaming: Texture pool size is 0.000000MB
[2015.03.28-21.30.52:109][  0]LogTargetPlatformManager:Display: Building Assets For Windows
[2015.03.28-21.30.52:537][  0]LogTargetPlatformManager:Display: Building Assets For Windows
[2015.03.28-21.30.52:587][  0]LogDerivedDataCache:Display: Max Cache Size: 512 MB
[2015.03.28-21.30.52:620][  0]LogDerivedDataCache: Loaded boot cache 0.03s 39MB C:/Users/Jeremy Martin/AppData/Local/UnrealEngine/4.7/DerivedDataCache/Boot.ddc.
[2015.03.28-21.30.52:620][  0]LogDerivedDataCache:Display: Loaded Boot cache: C:/Users/Jeremy Martin/AppData/Local/UnrealEngine/4.7/DerivedDataCache/Boot.ddc
[2015.03.28-21.30.52:620][  0]LogDerivedDataCache: FDerivedDataBackendGraph:  Pak pak cache file ../../../../../../Users/Jeremy Martin/Documents/GitHub/turbo-archer/ENPo/DerivedDataCache/DDC.ddp not found, will not use a pak cache.
[2015.03.28-21.30.52:620][  0]LogDerivedDataCache: Unable to find inner node Pak for hierarchical cache Hierarchy.
[2015.03.28-21.30.52:725][  0]LogDerivedDataCache:Display: Pak cache opened for reading ../../../Engine/DerivedDataCache/Compressed.ddp.
[2015.03.28-21.30.52:737][  0]LogDerivedDataCache: Using Local data cache path C:/Users/Jeremy Martin/AppData/Local/UnrealEngine/Common/DerivedDataCache: Writable
[2015.03.28-21.30.52:975][  0]LogMeshUtilities: No automatic mesh reduction module available
[2015.03.28-21.30.52:975][  0]LogMeshUtilities: No automatic mesh merging module available
[2015.03.28-21.30.53:437][  0]LogInit: WinSock: version 1.1 (2.2), MaxSocks=32767, MaxUdp=65467
[2015.03.28-21.30.53:497][  0]LogSlate:Warning: Failed to load font data from '../../../Engine/Content/Slate/Fonts/Roboto-Italic.ttf'
[2015.03.28-21.30.54:116][  0]UdpMessaging: Initializing bridge on interface 0.0.0.0:0 to multicast group 230.0.0.1:6666.
[2015.03.28-21.30.54:301][  0]SourceControl: Info Source control is disabled
[2015.03.28-21.30.54:301][  0]SourceControl: Info Source control is disabled
[2015.03.28-21.30.54:301][  0]SourceControl: Info Source control is disabled
[2015.03.28-21.30.54:301][  0]LogSourceControl: RunCommandInternalRaw: 'git version'
[2015.03.28-21.30.54:301][  0]LogSourceControl: RunCommandInternalRaw: ExecProcess ReturnCode=2 OutResults=''
[2015.03.28-21.30.54:308][  0]SourceControl: Info Source control is disabled
[2015.03.28-21.30.54:453][  0]LogObj: 24231 objects as part of root set at end of initial load.
[2015.03.28-21.30.54:453][  0]LogUObjectAllocator: 5136440 out of 0 bytes used by permanent object pool.
[2015.03.28-21.30.54:520][  0]LogEngine: Initializing Engine...
[2015.03.28-21.30.56:694][  0]LogInit: XAudio2 using 'Speakers / Headphones (Realtek High Definition Audio)' : 2 channels at 48 kHz using 32 bits per sample (channel mask 0x3)
[2015.03.28-21.30.56:804][  0]LogInit: FAudioDevice initialized.
[2015.03.28-21.30.56:834][  0]LogAIModule: Creating AISystem for world NewWorld
[2015.03.28-21.30.56:853][  0]LogDerivedDataCache: Saved boot cache 0.02s 39MB C:/Users/Jeremy Martin/AppData/Local/UnrealEngine/4.7/DerivedDataCache/Boot.ddc.
[2015.03.28-21.30.56:855][  0]LogInit: Texture streaming: Enabled
[2015.03.28-21.30.56:926][  0]LogAnalytics: Creating configured Analytics provider AnalyticsET
[2015.03.28-21.30.56:926][  0]LogAnalytics: ET APIKey = Rocket.Release. APIServer = http://et2.epicgames.com/ET2/. AppVersion = 4.7.3-2479750+++depot+UE4-Releases+4.7
[2015.03.28-21.30.56:926][  0]LogAnalytics: ET APIKey = Rocket.Release. DataRouterUploadURL = https://datarouter-public-service-gamedev.ol.epicgames.net/datarouter/api/v1/public/data. AppVersion = 4.7.3-2479750+++depot+UE4-Releases+4.7
[2015.03.28-21.30.56:926][  0]LogAnalytics: SetUserId 4faf2b8f401686a57575ecb438c58793|93efd1466ca449a7a50c61e21231fb4f|d21d11dd-cad7-4eb6-8377-a86052e53efe
[2015.03.28-21.30.56:926][  0]LogAnalytics: AnalyticsET::StartSession [Rocket.Release]
[2015.03.28-21.30.56:950][  0]LogInit: Transaction tracking system initialized
[2015.03.28-21.30.57:092][  0]BlueprintLog: New page: Editor Load
[2015.03.28-21.30.57:121][  0]LogAssetRegistry: FAssetRegistry took 0.0102 seconds to start up
[2015.03.28-21.30.57:121][  0]LogDirectoryWatcher:Warning: Failed to begin reading directory changes for ../../../Engine/Plugins/Experimental/CharacterAI/Content/. Error: 0
[2015.03.28-21.30.57:605][  0]LogTargetPlatformManager:Display: Building Assets For Windows
[2015.03.28-21.30.57:944][  0]LogTargetPlatformManager:Display: Building Assets For Windows
[2015.03.28-21.30.58:154][  0]LogSlate:Warning: Failed to load font data from '../../../Engine/Content/Editor/Slate/Fonts/Roboto-Regular.ttf'
[2015.03.28-21.30.58:155][  0]LogSlate:Warning: Failed to load font data from '../../../Engine/Content/Editor/Slate/Fonts/Roboto-Bold.ttf'
[2015.03.28-21.30.58:159][  0]LogConsoleResponse:Display: 
[2015.03.28-21.30.58:276][  0]LogCook:Display: Done creating registry. It took  0.00s.
[2015.03.28-21.30.58:398][  0]SourceControl: Info Source control is disabled
[2015.03.28-21.30.58:398][  0]Cmd: MAP LOAD FILE="../../../../../../Users/Jeremy Martin/Documents/GitHub/turbo-archer/ENPo/Content/PuzzleBP/Maps/PuzzleExampleMap.umap" TEMPLATE=0 SHOWPROGRESS=1 FEATURELEVEL=3
[2015.03.28-21.30.58:398][  0]LightingResults: New page: Lighting Build
[2015.03.28-21.30.58:409][  0]MapCheck: New page: Map Check
[2015.03.28-21.30.58:409][  0]LightingResults: New page: Lighting Build
[2015.03.28-21.30.58:418][  0]LogParticles: Destroying 0 GPU particle simulations for FXSystem 0x0000000013774D60
[2015.03.28-21.30.58:648][  0]LogBlueprint:Warning: [compiler] Warning Node  Unknown  is not referencing a valid level actor
[2015.03.28-21.30.58:649][  0]LogBlueprint:Warning: [compiler] Warning [0010.59] Compile of PuzzleExampleMap successful, but with 1 Warning(s) [in 5 ms]
[2015.03.28-21.30.58:649][  0]LogBlueprint:Warning: [compiler] Warning [0010.59] Compile of PuzzleExampleMap successful, but with 2 Warning(s) [in 0 ms]
[2015.03.28-21.30.58:649][  0]LogBlueprint:Warning: [compiler] Warning [0010.59] Compile of PuzzleExampleMap successful, but with 3 Warning(s) [in 0 ms]
[2015.03.28-21.30.58:649][  0]LogBlueprint:Warning: [compiler] Warning [0010.59] Compile of PuzzleExampleMap successful, but with 4 Warning(s) [in 0 ms]
[2015.03.28-21.30.58:654][  0]LogBlueprint:Warning: [compiler] Warning Node  Unknown  is not referencing a valid level actor
[2015.03.28-21.30.58:655][  0]LogBlueprint:Warning: [compiler] Warning [0010.60] Compile of PuzzleExampleMap successful, but with 1 Warning(s) [in 5 ms]
[2015.03.28-21.30.58:655][  0]LogBlueprint:Warning: [compiler] Warning [0010.60] Compile of PuzzleExampleMap successful, but with 2 Warning(s) [in 0 ms]
[2015.03.28-21.30.58:776][  0]LogEditorServer: Finished looking for orphan Actors (0.000 secs)
[2015.03.28-21.30.58:817][  0]LogAIModule: Creating AISystem for world PuzzleExampleMap
[2015.03.28-21.30.58:818][  0]Cmd: MAP CHECKDEP
[2015.03.28-21.30.58:818][  0]MapCheck: New page: PuzzleExampleMap - Mar 28, 2015, 11:30:58 AM
[2015.03.28-21.30.58:908][  0]MapCheck: Info Map check complete: 0 Error(s), 0 Warning(s), took 90.347ms to complete.
[2015.03.28-21.30.58:908][  0]LogFileHelpers: Loading map 'PuzzleExampleMap' took 0.510
[2015.03.28-21.30.59:031][  0]LogCollectionManager: Loaded 0 collections in 0.001748 seconds
[2015.03.28-21.30.59:046][  0]LogContentBrowser: Native class hierarchy populated in 0.0151 seconds. Added 1696 classes and 261 folders.
[2015.03.28-21.30.59:071][  0]LogContentBrowser:Verbose: The content browser source was changed by the sources view to '/Game'
[2015.03.28-21.30.59:084][  0]LogContentBrowser: Native class hierarchy updated for 'SceneOutliner' in 0.0016 seconds. Added 1 classes and 2 folders.
[2015.03.28-21.30.59:144][  0]LogCrashTracker: Crashtracker disabled due to settings.
[2015.03.28-21.30.59:145][  0]LogSlate:Warning: Failed to load font data from 'Veranda'
[2015.03.28-21.30.59:151][  0]LogUObjectGlobals:Warning: Failed to find object 'Class None.'
[2015.03.28-21.30.59:176][  0]LogLoad: Full Startup: 11.12 seconds (BP compile: 0.10 seconds)
[2015.03.28-21.30.59:329][  0]LogRenderer:Warning: Reallocating scene render targets to support 32x32 (Frame:2).
[2015.03.28-21.31.00:006][  0]LogRenderer:Warning: Reallocating scene render targets to support 1128x680 (Frame:10).
[2015.03.28-21.31.01:237][  5]LogAssetRegistry: Asset discovery search completed in 4.1263 seconds
[2015.03.28-21.33.16:012][747]Cmd: DUPLICATE
[2015.03.28-21.33.16:012][747]Cmd: ACTOR DUPLICATE
[2015.03.28-21.33.16:079][747]LogUObjectHash:Warning: Ambiguous search, could be Model /Game/PuzzleBP/Maps/PuzzleExampleMap.PuzzleExampleMap:PersistentLevel.BoxBrush9.Model_8 or Model /Game/PuzzleBP/Maps/PuzzleExampleMap.PuzzleExampleMap:PersistentLevel.BoxBrush8.Model_8
[2015.03.28-21.33.16:079][747]LogUObjectHash:Warning: Ambiguous search, could be Model /Game/PuzzleBP/Maps/PuzzleExampleMap.PuzzleExampleMap:PersistentLevel.BoxBrush9.Model_8 or Model /Game/PuzzleBP/Maps/PuzzleExampleMap.PuzzleExampleMap:PersistentLevel.BoxBrush7.Model_8
[2015.03.28-21.33.16:079][747]LogUObjectHash:Warning: Ambiguous search, could be Model /Game/PuzzleBP/Maps/PuzzleExampleMap.PuzzleExampleMap:PersistentLevel.BoxBrush9.Model_8 or Model /Game/PuzzleBP/Maps/PuzzleExampleMap.PuzzleExampleMap:PersistentLevel.BoxBrush6.Model_8
[2015.03.28-21.33.16:079][747]LogUObjectHash:Warning: Ambiguous search, could be Model /Game/PuzzleBP/Maps/PuzzleExampleMap.PuzzleExampleMap:PersistentLevel.BoxBrush9.Model_8 or Model /Game/PuzzleBP/Maps/PuzzleExampleMap.PuzzleExampleMap:PersistentLevel.BoxBrush5.Model_8
[2015.03.28-21.33.16:080][747]LogUObjectHash:Warning: Ambiguous search, could be Model /Game/PuzzleBP/Maps/PuzzleExampleMap.PuzzleExampleMap:PersistentLevel.BoxBrush9.Model_8 or Model /Game/PuzzleBP/Maps/PuzzleExampleMap.PuzzleExampleMap:PersistentLevel.BoxBrush4.Model_8
[2015.03.28-21.33.16:080][747]LogUObjectHash:Warning: Ambiguous search, could be Model /Game/PuzzleBP/Maps/PuzzleExampleMap.PuzzleExampleMap:PersistentLevel.BoxBrush9.Model_8 or Model /Game/PuzzleBP/Maps/PuzzleExampleMap.PuzzleExampleMap:PersistentLevel.BoxBrush3.Model_8
[2015.03.28-21.33.16:080][747]LogUObjectHash:Warning: Ambiguous search, could be Model /Game/PuzzleBP/Maps/PuzzleExampleMap.PuzzleExampleMap:PersistentLevel.BoxBrush9.Model_8 or Model /Game/PuzzleBP/Maps/PuzzleExampleMap.PuzzleExampleMap:PersistentLevel.BoxBrush29.Model_8
[2015.03.28-21.33.16:080][747]LogUObjectHash:Warning: Ambiguous search, could be Model /Game/PuzzleBP/Maps/PuzzleExampleMap.PuzzleExampleMap:PersistentLevel.BoxBrush9.Model_8 or Model /Game/PuzzleBP/Maps/PuzzleExampleMap.PuzzleExampleMap:PersistentLevel.BoxBrush28.Model_8
[2015.03.28-21.33.16:080][747]LogUObjectHash:Warning: Ambiguous search, could be Model /Game/PuzzleBP/Maps/PuzzleExampleMap.PuzzleExampleMap:PersistentLevel.BoxBrush9.Model_8 or Model /Game/PuzzleBP/Maps/PuzzleExampleMap.PuzzleExampleMap:PersistentLevel.BoxBrush27.Model_8
[2015.03.28-21.33.16:080][747]LogUObjectHash:Warning: Ambiguous search, could be Model /Game/PuzzleBP/Maps/PuzzleExampleMap.PuzzleExampleMap:PersistentLevel.BoxBrush9.Model_8 or Model /Game/PuzzleBP/Maps/PuzzleExampleMap.PuzzleExampleMap:PersistentLevel.BoxBrush26.Model_8
[2015.03.28-21.33.16:080][747]LogUObjectHash:Warning: Ambiguous search, could be Model /Game/PuzzleBP/Maps/PuzzleExampleMap.PuzzleExampleMap:PersistentLevel.BoxBrush9.Model_8 or Model /Game/PuzzleBP/Maps/PuzzleExampleMap.PuzzleExampleMap:PersistentLevel.BoxBrush25.Model_8
[2015.03.28-21.33.16:080][747]LogUObjectHash:Warning: Ambiguous search, could be Model /Game/PuzzleBP/Maps/PuzzleExampleMap.PuzzleExampleMap:PersistentLevel.BoxBrush9.Model_8 or Model /Game/PuzzleBP/Maps/PuzzleExampleMap.PuzzleExampleMap:PersistentLevel.BoxBrush24.Model_8
[2015.03.28-21.33.16:080][747]LogUObjectHash:Warning: Ambiguous search, could be Model /Game/PuzzleBP/Maps/PuzzleExampleMap.PuzzleExampleMap:PersistentLevel.BoxBrush9.Model_8 or Model /Game/PuzzleBP/Maps/PuzzleExampleMap.PuzzleExampleMap:PersistentLevel.BoxBrush23.Model_8
[2015.03.28-21.33.16:080][747]LogUObjectHash:Warning: Ambiguous search, could be Model /Game/PuzzleBP/Maps/PuzzleExampleMap.PuzzleExampleMap:PersistentLevel.BoxBrush9.Model_8 or Model /Game/PuzzleBP/Maps/PuzzleExampleMap.PuzzleExampleMap:PersistentLevel.BoxBrush22.Model_8
[2015.03.28-21.33.16:080][747]LogUObjectHash:Warning: Ambiguous search, could be Model /Game/PuzzleBP/Maps/PuzzleExampleMap.PuzzleExampleMap:PersistentLevel.BoxBrush9.Model_8 or Model /Game/PuzzleBP/Maps/PuzzleExampleMap.PuzzleExampleMap:PersistentLevel.BoxBrush21.Model_8
[2015.03.28-21.33.16:080][747]LogUObjectHash:Warning: Ambiguous search, could be Model /Game/PuzzleBP/Maps/PuzzleExampleMap.PuzzleExampleMap:PersistentLevel.BoxBrush9.Model_8 or Model /Game/PuzzleBP/Maps/PuzzleExampleMap.PuzzleExampleMap:PersistentLevel.BoxBrush20.Model_8
[2015.03.28-21.33.16:080][747]LogUObjectHash:Warning: Ambiguous search, could be Model /Game/PuzzleBP/Maps/PuzzleExampleMap.PuzzleExampleMap:PersistentLevel.BoxBrush9.Model_8 or Model /Game/PuzzleBP/Maps/PuzzleExampleMap.PuzzleExampleMap:PersistentLevel.BoxBrush2.Model_8
[2015.03.28-21.33.16:081][747]LogUObjectHash:Warning: Ambiguous search, could be Model /Game/PuzzleBP/Maps/PuzzleExampleMap.PuzzleExampleMap:PersistentLevel.BoxBrush9.Model_8 or Model /Game/PuzzleBP/Maps/PuzzleExampleMap.PuzzleExampleMap:PersistentLevel.BoxBrush19.Model_8
[2015.03.28-21.33.16:081][747]LogUObjectHash:Warning: Ambiguous search, could be Model /Game/PuzzleBP/Maps/PuzzleExampleMap.PuzzleExampleMap:PersistentLevel.BoxBrush9.Model_8 or Model /Game/PuzzleBP/Maps/PuzzleExampleMap.PuzzleExampleMap:PersistentLevel.BoxBrush18.Model_8
[2015.03.28-21.33.16:081][747]LogUObjectHash:Warning: Ambiguous search, could be Model /Game/PuzzleBP/Maps/PuzzleExampleMap.PuzzleExampleMap:PersistentLevel.BoxBrush9.Model_8 or Model /Game/PuzzleBP/Maps/PuzzleExampleMap.PuzzleExampleMap:PersistentLevel.BoxBrush17.Model_8
[2015.03.28-21.33.16:081][747]LogUObjectHash:Warning: Ambiguous search, could be Model /Game/PuzzleBP/Maps/PuzzleExampleMap.PuzzleExampleMap:PersistentLevel.BoxBrush9.Model_8 or Model /Game/PuzzleBP/Maps/PuzzleExampleMap.PuzzleExampleMap:PersistentLevel.BoxBrush16.Model_8
[2015.03.28-21.33.16:081][747]LogUObjectHash:Warning: Ambiguous search, could be Model /Game/PuzzleBP/Maps/PuzzleExampleMap.PuzzleExampleMap:PersistentLevel.BoxBrush9.Model_8 or Model /Game/PuzzleBP/Maps/PuzzleExampleMap.PuzzleExampleMap:PersistentLevel.BoxBrush15.Model_8
[2015.03.28-21.33.16:081][747]LogUObjectHash:Warning: Ambiguous search, could be Model /Game/PuzzleBP/Maps/PuzzleExampleMap.PuzzleExampleMap:PersistentLevel.BoxBrush9.Model_8 or Model /Game/PuzzleBP/Maps/PuzzleExampleMap.PuzzleExampleMap:PersistentLevel.BoxBrush14.Model_8
[2015.03.28-21.33.16:081][747]LogUObjectHash:Warning: Ambiguous search, could be Model /Game/PuzzleBP/Maps/PuzzleExampleMap.PuzzleExampleMap:PersistentLevel.BoxBrush9.Model_8 or Model /Game/PuzzleBP/Maps/PuzzleExampleMap.PuzzleExampleMap:PersistentLevel.BoxBrush13.Model_8
[2015.03.28-21.33.16:081][747]LogUObjectHash:Warning: Ambiguous search, could be Model /Game/PuzzleBP/Maps/PuzzleExampleMap.PuzzleExampleMap:PersistentLevel.BoxBrush9.Model_8 or Model /Game/PuzzleBP/Maps/PuzzleExampleMap.PuzzleExampleMap:PersistentLevel.BoxBrush12.Model_8
[2015.03.28-21.33.16:081][747]LogUObjectHash:Warning: Ambiguous search, could be Model /Game/PuzzleBP/Maps/PuzzleExampleMap.PuzzleExampleMap:PersistentLevel.BoxBrush9.Model_8 or Model /Game/PuzzleBP/Maps/PuzzleExampleMap.PuzzleExampleMap:PersistentLevel.BoxBrush11.Model_8
[2015.03.28-21.33.16:081][747]LogUObjectHash:Warning: Ambiguous search, could be Model /Game/PuzzleBP/Maps/PuzzleExampleMap.PuzzleExampleMap:PersistentLevel.BoxBrush9.Model_8 or Model /Game/PuzzleBP/Maps/PuzzleExampleMap.PuzzleExampleMap:PersistentLevel.BoxBrush10.Model_8
[2015.03.28-21.33.16:081][747]LogUObjectHash:Warning: Ambiguous search, could be Model /Game/PuzzleBP/Maps/PuzzleExampleMap.PuzzleExampleMap:PersistentLevel.BoxBrush9.Model_8 or Model /Game/PuzzleBP/Maps/PuzzleExampleMap.PuzzleExampleMap:PersistentLevel.BoxBrush.Model_8
[2015.03.28-21.34.15:548][606]LogEditorViewport: Clicking on Actor (LMB): StaticMeshActor (Cube2)
[2015.03.28-21.34.19:463][649]Cmd: DELETE
[2015.03.28-21.34.19:463][649]Cmd: ACTOR DELETE
[2015.03.28-21.34.19:467][649]LogEditorActor: Deleted Actor: StaticMeshActor
[2015.03.28-21.34.19:468][649]LogActorComponent: UnregisterComponent: (/Engine/Transient.CharMoveComp) Not registered. Aborting.
[2015.03.28-21.34.19:568][649]LogEditorActor: Deleted 1 Actors (0.103 secs)
[2015.03.28-21.38.21:735][940]LogBlueprint:Warning: [compiler] Warning Node  Unknown  is not referencing a valid level actor
[2015.03.28-21.38.21:735][940]LogBlueprint:Warning: [compiler] Warning [0453.66] Compile of PuzzleExampleMap successful, but with 1 Warning(s) [in 7 ms]
[2015.03.28-21.38.21:736][940]LogBlueprint:Warning: [compiler] Warning [0453.66] Compile of PuzzleExampleMap successful, but with 2 Warning(s) [in 0 ms]
[2015.03.28-21.38.21:758][940]LogBlueprint:Warning: [compiler] Warning [0453.68] Compile of PuzzleExampleMap successful, but with 3 Warning(s) [in 21 ms]
[2015.03.28-21.38.21:758][940]LogBlueprint:Warning: [compiler] Warning [0453.68] Compile of PuzzleExampleMap successful, but with 4 Warning(s) [in 0 ms]
[2015.03.28-21.38.21:758][940]LogBlueprint:Warning: [compiler] Warning [0453.68] Compile of PuzzleExampleMap successful, but with 5 Warning(s) [in 0 ms]
[2015.03.28-21.38.21:758][940]LogBlueprint:Warning: [compiler] Warning [0453.68] Compile of PuzzleExampleMap successful, but with 6 Warning(s) [in 0 ms]
[2015.03.28-21.38.21:861][940]LogSavePackage: Save=134.089447ms
[2015.03.28-21.38.21:861][940]LogSavePackage: Moving '../../../../../../Users/Jeremy Martin/Documents/GitHub/turbo-archer/ENPo/Saved/PuzzleExampleMap3815F6274119648251B43195131102A4.tmp' to '../../../../../../Users/Jeremy Martin/Documents/GitHub/turbo-archer/ENPo/Content/PuzzleBP/Maps/PuzzleExampleMap.umap'
[2015.03.28-21.38.31:850][384]MapCheck: New page: Map Check
[2015.03.28-21.38.31:871][384]Cmd: MAP REBUILD ALLVISIBLE
[2015.03.28-21.38.31:871][384]LogEditorServer: Rebuildmap Clear paths rebuilt
[2015.03.28-21.38.32:863][384]LogEditorServer: Cleared 16 NULL BSP materials after rebuild.
[2015.03.28-21.38.32:886][384]LightingResults: New page: Lighting Build - Mar 28, 2015, 11:38:32 AM
[2015.03.28-21.38.37:815][384]LogStaticLightingSystem: Running Lightmass w/ ImmediateImport mode ENABLED
[2015.03.28-21.38.37:815][384]LogStaticLightingSystem: Running Lightmass w/ ImmediateProcess mode ENABLED
[2015.03.28-21.38.37:815][384]LogStaticLightingSystem: Running Lightmass w/ Sorting mode ENABLED
[2015.03.28-21.38.37:815][384]LogStaticLightingSystem: Running Lightmass w/ Mapping paddings ENABLED
[2015.03.28-21.38.37:815][384]LogStaticLightingSystem: Running Lightmass w/ Mapping debug paddings DISABLED
[2015.03.28-21.38.37:967][384]LogEditorBuildUtils: Build time 0:00:06
[2015.03.28-21.38.48:719][490]Job is a success!
[2015.03.28-21.38.49:832][491]LogTexture:Display: Building textures: HQ_Lightmap0_1 (AutoDXT)
[2015.03.28-21.38.50:007][491]LogTexture:Display: Building textures: LQ_Lightmap_1_5 (DXT1)
[2015.03.28-21.38.50:009][491]LogTexture:Display: Building textures: HQ_Lightmap1_5 (AutoDXT)
[2015.03.28-21.38.50:013][491]LogTexture:Display: Building textures: LQ_Lightmap_0_4 (DXT1)
[2015.03.28-21.38.50:015][491]LogTexture:Display: Building textures: HQ_Lightmap0_4 (AutoDXT)
[2015.03.28-21.38.50:021][491]LogTexture:Display: Building textures: LQ_Lightmap_1_3 (DXT1)
[2015.03.28-21.38.50:067][491]LogTexture:Display: Building textures: HQ_Lightmap1_3 (AutoDXT)
[2015.03.28-21.38.50:149][491]LogTexture:Display: Building textures: LQ_Lightmap_0_2 (DXT1)
[2015.03.28-21.38.50:214][491]LogTexture:Display: Building textures: HQ_Lightmap0_2 (AutoDXT)
[2015.03.28-21.38.50:340][491]LogTexture:Display: Building textures: LQ_Lightmap_0_1 (DXT1)
[2015.03.28-21.38.50:769][491]Lightmass on JEREMYMARTIN-PC: 11.1 sec total, 227 ms importing, 1 ms setup, 277 ms photons, 10.5 sec processing, 0 ms extra exporting [162/162 mappings]. Threads: 1:13 min total, 49.8 sec processing.
[2015.03.28-21.38.51:472][491]LogStaticLightingSystem: Illumination: 18.3 sec (915 ms encoding lightmaps)
[2015.03.28-21.38.51:473][491]LogStaticLightingSystem: Lightmap texture memory:  4.0 MB (0.0 MB streaming, 4.0 MB non-streaming), 10 textures
[2015.03.28-21.38.51:473][491]LogStaticLightingSystem: Shadowmap texture memory: 0.0 MB (0.0 MB streaming, 0.0 MB non-streaming), 0 textures
[2015.03.28-21.38.51:831][492]Cmd: MAP CHECK NOTIFYRESULTS
[2015.03.28-21.38.51:832][492]MapCheck: New page: PuzzleExampleMap - Mar 28, 2015, 11:38:51 AM
[2015.03.28-21.38.51:912][492]MapCheck: Info Map check complete: 0 Error(s), 0 Warning(s), took 80.156ms to complete.
[2015.03.28-21.39.37:273][111]MapCheck: New page: Map Check
[2015.03.28-21.39.37:460][111]LightingResults: New page: Lighting Build - Mar 28, 2015, 11:39:37 AM
[2015.03.28-21.39.42:643][111]LogStaticLightingSystem: Running Lightmass w/ ImmediateImport mode ENABLED
[2015.03.28-21.39.42:643][111]LogStaticLightingSystem: Running Lightmass w/ ImmediateProcess mode ENABLED
[2015.03.28-21.39.42:643][111]LogStaticLightingSystem: Running Lightmass w/ Sorting mode ENABLED
[2015.03.28-21.39.42:643][111]LogStaticLightingSystem: Running Lightmass w/ Mapping paddings ENABLED
[2015.03.28-21.39.42:643][111]LogStaticLightingSystem: Running Lightmass w/ Mapping debug paddings DISABLED
[2015.03.28-21.39.42:748][111]LogEditorBuildUtils: Build time 0:00:05
[2015.03.28-21.39.56:892][276]Job is a success!
[2015.03.28-21.39.57:975][277]LogTexture:Display: Building textures: SkyOcclusion0_1 (AutoDXT)
[2015.03.28-21.39.58:215][277]LogTexture:Display: Building textures: LQ_Lightmap_0_5 (DXT1)
[2015.03.28-21.39.58:217][277]LogTexture:Display: Building textures: HQ_Lightmap0_5 (AutoDXT)
[2015.03.28-21.39.58:222][277]LogTexture:Display: Building textures: SkyOcclusion0_5 (AutoDXT)
[2015.03.28-21.39.58:225][277]LogTexture:Display: Building textures: LQ_Lightmap_1_4 (DXT1)
[2015.03.28-21.39.58:227][277]LogTexture:Display: Building textures: HQ_Lightmap1_4 (AutoDXT)
[2015.03.28-21.39.58:232][277]LogTexture:Display: Building textures: SkyOcclusion0_4 (AutoDXT)
[2015.03.28-21.39.58:238][277]LogTexture:Display: Building textures: LQ_Lightmap_0_3 (DXT1)
[2015.03.28-21.39.58:287][277]LogTexture:Display: Building textures: HQ_Lightmap0_3 (AutoDXT)
[2015.03.28-21.39.58:376][277]LogTexture:Display: Building textures: SkyOcclusion0_3 (AutoDXT)
[2015.03.28-21.39.58:498][277]LogTexture:Display: Building textures: LQ_Lightmap_1_2 (DXT1)
[2015.03.28-21.39.58:569][277]LogTexture:Display: Building textures: HQ_Lightmap1_2 (AutoDXT)
[2015.03.28-21.39.58:721][277]LogTexture:Display: Building textures: SkyOcclusion0_2 (AutoDXT)
[2015.03.28-21.39.58:802][277]LogTexture:Display: Building textures: LQ_Lightmap_1_1 (DXT1)
[2015.03.28-21.39.58:943][277]LogTexture:Display: Building textures: HQ_Lightmap1_1 (AutoDXT)
[2015.03.28-21.39.59:147][277]Lightmass on JEREMYMARTIN-PC: 15.9 sec total, 127 ms importing, 1 ms setup, 481 ms photons, 15.2 sec processing, 0 ms extra exporting [162/162 mappings]. Threads: 1:46 min total, 1:16 min processing.
[2015.03.28-21.39.59:923][277]LogStaticLightingSystem: Illumination: 22.2 sec (1.38 sec encoding lightmaps)
[2015.03.28-21.39.59:923][277]LogStaticLightingSystem: Lightmap texture memory:  4.0 MB (0.0 MB streaming, 4.0 MB non-streaming), 10 textures
[2015.03.28-21.39.59:923][277]LogStaticLightingSystem: Shadowmap texture memory: 0.0 MB (0.0 MB streaming, 0.0 MB non-streaming), 0 textures
[2015.03.28-21.40.10:665][278]Cmd: MAP CHECK NOTIFYRESULTS
[2015.03.28-21.40.10:666][278]MapCheck: New page: PuzzleExampleMap - Mar 28, 2015, 11:40:10 AM
[2015.03.28-21.40.10:770][278]MapCheck: Info Map check complete: 0 Error(s), 0 Warning(s), took 104.583ms to complete.
[2015.03.28-21.40.24:150][420]MapCheck: New page: Map Check
[2015.03.28-21.40.24:306][420]Cmd: MAP REBUILD ALLVISIBLE
[2015.03.28-21.40.24:306][420]LogEditorServer: Rebuildmap Clear paths rebuilt
[2015.03.28-21.40.25:153][420]LightingResults: New page: Lighting Build - Mar 28, 2015, 11:40:25 AM
[2015.03.28-21.40.30:281][420]LogStaticLightingSystem: Running Lightmass w/ ImmediateImport mode ENABLED
[2015.03.28-21.40.30:281][420]LogStaticLightingSystem: Running Lightmass w/ ImmediateProcess mode ENABLED
[2015.03.28-21.40.30:281][420]LogStaticLightingSystem: Running Lightmass w/ Sorting mode ENABLED
[2015.03.28-21.40.30:281][420]LogStaticLightingSystem: Running Lightmass w/ Mapping paddings ENABLED
[2015.03.28-21.40.30:281][420]LogStaticLightingSystem: Running Lightmass w/ Mapping debug paddings DISABLED
[2015.03.28-21.40.30:388][420]LogEditorBuildUtils: Build time 0:00:06
[2015.03.28-21.40.44:450][588]Job is a success!
[2015.03.28-21.40.45:578][589]LogTexture:Display: Building textures: SkyOcclusion0_1 (AutoDXT)
[2015.03.28-21.40.45:835][589]LogTexture:Display: Building textures: LQ_Lightmap_1_5 (DXT1)
[2015.03.28-21.40.45:838][589]LogTexture:Display: Building textures: HQ_Lightmap1_5 (AutoDXT)
[2015.03.28-21.40.45:842][589]LogTexture:Display: Building textures: SkyOcclusion1_5 (AutoDXT)
[2015.03.28-21.40.45:845][589]LogTexture:Display: Building textures: LQ_Lightmap_0_4 (DXT1)
[2015.03.28-21.40.45:847][589]LogTexture:Display: Building textures: HQ_Lightmap0_4 (AutoDXT)
[2015.03.28-21.40.45:853][589]LogTexture:Display: Building textures: SkyOcclusion1_4 (AutoDXT)
[2015.03.28-21.40.45:858][589]LogTexture:Display: Building textures: LQ_Lightmap_0_3 (DXT1)
[2015.03.28-21.40.45:907][589]LogTexture:Display: Building textures: HQ_Lightmap0_3 (AutoDXT)
[2015.03.28-21.40.45:965][589]LogTexture:Display: Building textures: SkyOcclusion0_3 (AutoDXT)
[2015.03.28-21.40.46:060][589]LogTexture:Display: Building textures: LQ_Lightmap_0_2 (DXT1)
[2015.03.28-21.40.46:118][589]LogTexture:Display: Building textures: HQ_Lightmap0_2 (AutoDXT)
[2015.03.28-21.40.46:243][589]LogTexture:Display: Building textures: SkyOcclusion0_2 (AutoDXT)
[2015.03.28-21.40.46:345][589]LogTexture:Display: Building textures: LQ_Lightmap_0_1 (DXT1)
[2015.03.28-21.40.46:501][589]LogTexture:Display: Building textures: HQ_Lightmap0_1 (AutoDXT)
[2015.03.28-21.40.46:722][589]Lightmass on JEREMYMARTIN-PC: 15.8 sec total, 126 ms importing, 1 ms setup, 484 ms photons, 15.2 sec processing, 0 ms extra exporting [162/162 mappings]. Threads: 1:46 min total, 1:15 min processing.
[2015.03.28-21.40.47:217][589]LogStaticLightingSystem: Illumination: 21.8 sec (1.34 sec encoding lightmaps)
[2015.03.28-21.40.47:217][589]LogStaticLightingSystem: Lightmap texture memory:  4.0 MB (0.0 MB streaming, 4.0 MB non-streaming), 10 textures
[2015.03.28-21.40.47:217][589]LogStaticLightingSystem: Shadowmap texture memory: 0.0 MB (0.0 MB streaming, 0.0 MB non-streaming), 0 textures
[2015.03.28-21.40.57:295][590]Cmd: MAP CHECK NOTIFYRESULTS
[2015.03.28-21.40.57:295][590]MapCheck: New page: PuzzleExampleMap - Mar 28, 2015, 11:40:57 AM
[2015.03.28-21.40.57:389][590]MapCheck: Info Map check complete: 0 Error(s), 0 Warning(s), took 93.936ms to complete.
[2015.03.28-21.41.05:438][692]LogEditorViewport: Clicking on Actor (LMB): RunnerCharacter_C (RunnerCharacter)
[2015.03.28-21.41.06:681][704]BlueprintLog: New page: Pre-PIE auto-recompile
[2015.03.28-21.41.06:681][704]LogPlayLevel: [PIE] Compiling PuzzleExampleMap before PIE...
[2015.03.28-21.41.06:751][704]LogBlueprint:Warning: [compiler] Warning Node  Unknown  is not referencing a valid level actor
[2015.03.28-21.41.06:752][704]LogBlueprint:Warning: [compiler] Warning [0618.67] Compile of PuzzleExampleMap successful, but with 1 Warning(s) [in 68 ms]
[2015.03.28-21.41.06:752][704]LogBlueprint:Warning: [compiler] Warning [0618.67] Compile of PuzzleExampleMap successful, but with 2 Warning(s) [in 0 ms]
[2015.03.28-21.41.06:770][704]LogBlueprint:Warning: [compiler] Warning [0618.69] Compile of PuzzleExampleMap successful, but with 3 Warning(s) [in 17 ms]
[2015.03.28-21.41.06:770][704]LogBlueprint:Warning: [compiler] Warning [0618.69] Compile of PuzzleExampleMap successful, but with 4 Warning(s) [in 0 ms]
[2015.03.28-21.41.06:770][704]LogBlueprint:Warning: [compiler] Warning [0618.69] Compile of PuzzleExampleMap successful, but with 5 Warning(s) [in 0 ms]
[2015.03.28-21.41.06:770][704]LogBlueprint:Warning: [compiler] Warning [0618.69] Compile of PuzzleExampleMap successful, but with 6 Warning(s) [in 0 ms]
[2015.03.28-21.41.06:780][704]LogPlayLevel: PIE:  Blueprint regeneration took 99 ms (1 blueprints)
[2015.03.28-21.41.06:780][704]PIE: New page: SIE session: PuzzleExampleMap (Mar 28, 2015, 11:41:06 AM)
[2015.03.28-21.41.06:803][704]LogPlayLevel: PIE: StaticDuplicateObject took: (0.021992s)
[2015.03.28-21.41.06:803][704]LogPlayLevel: PIE: World Init took: (0.000496s)
[2015.03.28-21.41.06:804][704]LogPlayLevel: PIE: Created PIE world by copying editor world from /Game/PuzzleBP/Maps/PuzzleExampleMap.PuzzleExampleMap to /Game/PuzzleBP/Maps/UEDPIE_0_PuzzleExampleMap.PuzzleExampleMap (0.022645s)
[2015.03.28-21.41.06:828][704]LogSelection:Warning: PIE object was selected: "RunnerCharacter_C /Game/PuzzleBP/Maps/UEDPIE_0_PuzzleExampleMap.PuzzleExampleMap:PersistentLevel.RunnerCharacter_C_1"
[2015.03.28-21.41.06:924][704]LogWorld: Game class is 'RunnerGameMode_C'
[2015.03.28-21.41.06:932][704]LogAIModule: Creating AISystem for world PuzzleExampleMap
[2015.03.28-21.41.06:944][704]LogWorld: Bringing World /Game/PuzzleBP/Maps/UEDPIE_0_PuzzleExampleMap.PuzzleExampleMap up for play (max tick rate 60) at 2015.03.28-16.41.06
[2015.03.28-21.41.06:946][704]LogWorld: Bringing up level for play took: 0.012413
[2015.03.28-21.41.06:947][704]LogPawn:Error: EnableInput can only be specified on a Pawn for its Controller
[2015.03.28-21.41.06:947][704]PIE: Info Play in editor start time for /Game/PuzzleBP/Maps/UEDPIE_0_PuzzleExampleMap -0.057
[2015.03.28-21.41.07:030][704]LogSelection:Warning: PIE object was selected: "RunnerCharacter_C /Game/PuzzleBP/Maps/UEDPIE_0_PuzzleExampleMap.PuzzleExampleMap:PersistentLevel.RunnerCharacter_C_1"
[2015.03.28-21.41.12:679][800]LogParticles: Destroying 0 GPU particle simulations for FXSystem 0x000000000FE047C0
[2015.03.28-21.42.16:223][436]Cmd: QUIT_EDITOR
[2015.03.28-21.42.16:462][436]LogExit: Preparing to exit.
[2015.03.28-21.42.17:264][436]LogExit: Editor shut down
[2015.03.28-21.42.17:265][436]LogExit: Transaction tracking system shut down
[2015.03.28-21.42.17:265][436]LogParticles: Destroying 0 GPU particle simulations for FXSystem 0x000000001045CF40
[2015.03.28-21.42.17:266][436]LogParticles: Destroying 0 GPU particle simulations for FXSystem 0x0000000015E453A0
[2015.03.28-21.42.17:266][436]LogParticles: Destroying 0 GPU particle simulations for FXSystem 0x0000000024BB7F60
[2015.03.28-21.42.17:266][436]LogParticles: Destroying 0 GPU particle simulations for FXSystem 0x0000000024BB6FC0
[2015.03.28-21.42.17:266][436]LogParticles: Destroying 0 GPU particle simulations for FXSystem 0x000000002A5532E0
[2015.03.28-21.42.17:306][436]LogExit: Object subsystem successfully closed.
[2015.03.28-21.42.17:357][436]LogModuleManager: Shutting down and abandoning module CrashTracker (177)
[2015.03.28-21.42.17:357][436]LogModuleManager: Shutting down and abandoning module SuperSearch (176)
[2015.03.28-21.42.17:357][436]LogModuleManager: Shutting down and abandoning module SceneOutliner (175)
[2015.03.28-21.42.17:357][436]LogModuleManager: Shutting down and abandoning module EditorWidgets (174)
[2015.03.28-21.42.17:357][436]LogModuleManager: Shutting down and abandoning module CollectionManager (173)
[2015.03.28-21.42.17:357][436]LogModuleManager: Shutting down and abandoning module StatsViewer (172)
[2015.03.28-21.42.17:357][436]LogModuleManager: Shutting down and abandoning module FoliageEdit (171)
[2015.03.28-21.42.17:357][436]LogModuleManager: Shutting down and abandoning module LandscapeEditor (170)
[2015.03.28-21.42.17:358][436]LogModuleManager: Shutting down and abandoning module MeshPaint (169)
[2015.03.28-21.42.17:358][436]LogModuleManager: Shutting down and abandoning module ActorPickerMode (168)
[2015.03.28-21.42.17:358][436]LogModuleManager: Shutting down and abandoning module GeometryMode (167)
[2015.03.28-21.42.17:358][436]LogModuleManager: Shutting down and abandoning module TextureAlignMode (166)
[2015.03.28-21.42.17:358][436]LogModuleManager: Shutting down and abandoning module BspMode (165)
[2015.03.28-21.42.17:358][436]LogModuleManager: Shutting down and abandoning module PlacementMode (164)
[2015.03.28-21.42.17:358][436]LogModuleManager: Shutting down and abandoning module AutomationWorker (163)
[2015.03.28-21.42.17:358][436]LogModuleManager: Shutting down and abandoning module CharacterAI (162)
[2015.03.28-21.42.17:358][436]LogModuleManager: Shutting down and abandoning module SmartSnapping (161)
[2015.03.28-21.42.17:358][436]LogModuleManager: Shutting down and abandoning module ViewportSnapping (160)
[2015.03.28-21.42.17:358][436]LogModuleManager: Shutting down and abandoning module LogVisualizer (159)
[2015.03.28-21.42.17:358][436]LogModuleManager: Shutting down and abandoning module GameProjectGeneration (158)
[2015.03.28-21.42.17:358][436]LogModuleManager: Shutting down and abandoning module IntroTutorials (157)
[2015.03.28-21.42.17:358][436]LogModuleManager: Shutting down and abandoning module EditorLiveStreaming (156)
[2015.03.28-21.42.17:358][436]LogModuleManager: Shutting down and abandoning module HardwareTargeting (155)
[2015.03.28-21.42.17:358][436]LogModuleManager: Shutting down and abandoning module DeviceProfileEditor (154)
[2015.03.28-21.42.17:358][436]LogModuleManager: Shutting down and abandoning module UndoHistory (153)
[2015.03.28-21.42.17:358][436]LogModuleManager: Shutting down and abandoning module GameplayTagsEditor (152)
[2015.03.28-21.42.17:358][436]LogModuleManager: Shutting down and abandoning module UserFeedback (151)
[2015.03.28-21.42.17:358][436]LogModuleManager: Shutting down and abandoning module XmlParser (150)
[2015.03.28-21.42.17:358][436]LogModuleManager: Shutting down and abandoning module Blutility (149)
[2015.03.28-21.42.17:358][436]LogModuleManager: Shutting down and abandoning module IOSPlatformEditor (148)
[2015.03.28-21.42.17:358][436]LogModuleManager: Shutting down and abandoning module IOSRuntimeSettings (147)
[2015.03.28-21.42.17:358][436]LogModuleManager: Shutting down and abandoning module AndroidDeviceDetection (146)
[2015.03.28-21.42.18:080][436]LogModuleManager: Shutting down and abandoning module AndroidPlatformEditor (145)
[2015.03.28-21.42.18:080][436]LogModuleManager: Shutting down and abandoning module AndroidRuntimeSettings (144)
[2015.03.28-21.42.18:080][436]LogModuleManager: Shutting down and abandoning module ProjectTargetPlatformEditor (143)
[2015.03.28-21.42.18:080][436]LogModuleManager: Shutting down and abandoning module ProjectSettingsViewer (142)
[2015.03.28-21.42.18:081][436]LogModuleManager: Shutting down and abandoning module InputBindingEditor (141)
[2015.03.28-21.42.18:081][436]LogModuleManager: Shutting down and abandoning module EditorSettingsViewer (140)
[2015.03.28-21.42.18:081][436]LogModuleManager: Shutting down and abandoning module SettingsEditor (139)
[2015.03.28-21.42.18:081][436]LogModuleManager: Shutting down and abandoning module ProjectLauncher (138)
[2015.03.28-21.42.18:081][436]LogModuleManager: Shutting down and abandoning module SessionFrontend (137)
[2015.03.28-21.42.18:081][436]LogModuleManager: Shutting down and abandoning module ProfilerClient (136)
[2015.03.28-21.42.18:081][436]LogModuleManager: Shutting down and abandoning module TargetDeviceServices (135)
[2015.03.28-21.42.18:081][436]LogModuleManager: Shutting down and abandoning module DeviceManager (134)
[2015.03.28-21.42.18:082][436]LogModuleManager: Shutting down and abandoning module AutomationController (133)
[2015.03.28-21.42.18:082][436]LogModuleManager: Shutting down and abandoning module AutomationWindow (132)
[2015.03.28-21.42.18:082][436]LogModuleManager: Shutting down and abandoning module Layers (131)
[2015.03.28-21.42.18:082][436]LogModuleManager: Shutting down and abandoning module ComponentVisualizers (130)
[2015.03.28-21.42.18:082][436]LogModuleManager: Shutting down and abandoning module DetailCustomizations (129)
[2015.03.28-21.42.18:082][436]LogModuleManager: Shutting down and abandoning module PackagesDialog (128)
[2015.03.28-21.42.18:083][436]LogModuleManager: Shutting down and abandoning module AssetRegistry (127)
[2015.03.28-21.42.18:179][436]LogModuleManager: Shutting down and abandoning module Persona (126)
[2015.03.28-21.42.18:179][436]LogModuleManager: Shutting down and abandoning module SlateReflector (125)
[2015.03.28-21.42.18:179][436]LogModuleManager: Shutting down and abandoning module LevelEditor (124)
[2015.03.28-21.42.18:181][436]LogModuleManager: Shutting down and abandoning module Kismet (123)
[2015.03.28-21.42.18:181][436]LogModuleManager: Shutting down and abandoning module GraphEditor (122)
[2015.03.28-21.42.18:181][436]LogModuleManager: Shutting down and abandoning module ClassViewer (121)
[2015.03.28-21.42.18:181][436]LogModuleManager: Shutting down and abandoning module Toolbox (120)
[2015.03.28-21.42.18:181][436]LogModuleManager: Shutting down and abandoning module ModuleUI (119)
[2015.03.28-21.42.18:181][436]LogModuleManager: Shutting down and abandoning module MovieSceneTools (118)
[2015.03.28-21.42.18:181][436]LogModuleManager: Shutting down and abandoning module OutputLog (117)
[2015.03.28-21.42.18:181][436]LogModuleManager: Shutting down and abandoning module GammaUI (116)
[2015.03.28-21.42.18:181][436]LogModuleManager: Shutting down and abandoning module Documentation (115)
[2015.03.28-21.42.18:181][436]LogModuleManager: Shutting down and abandoning module GameLiveStreaming (114)
[2015.03.28-21.42.18:181][436]LogModuleManager: Shutting down and abandoning module StreamingPauseRendering (113)
[2015.03.28-21.42.18:181][436]LogModuleManager: Shutting down and abandoning module HTTP (112)
[2015.03.28-21.42.18:181][436]LogModuleManager: Shutting down and abandoning module AnalyticsET (111)
[2015.03.28-21.42.18:181][436]LogModuleManager: Shutting down and abandoning module Analytics (110)
[2015.03.28-21.42.18:181][436]LogModuleManager: Shutting down and abandoning module AITestSuite (109)
[2015.03.28-21.42.18:181][436]LogModuleManager: Shutting down and abandoning module GameplayDebugger (108)
[2015.03.28-21.42.18:181][436]LogModuleManager: Shutting down and abandoning module AIModule (107)
[2015.03.28-21.42.18:181][436]LogModuleManager: Shutting down and abandoning module ProfilerService (106)
[2015.03.28-21.42.18:296][436]LogModuleManager: Shutting down and abandoning module TaskGraph (105)
[2015.03.28-21.42.18:296][436]LogModuleManager: Shutting down and abandoning module SlateRemote (104)
[2015.03.28-21.42.18:296][436]LogModuleManager: Shutting down and abandoning module ScriptEditorPlugin (103)
[2015.03.28-21.42.18:296][436]LogModuleManager: Shutting down and abandoning module CustomMeshComponent (102)
[2015.03.28-21.42.18:296][436]LogModuleManager: Shutting down and abandoning module CableComponent (101)
[2015.03.28-21.42.18:296][436]LogModuleManager: Shutting down and abandoning module MessagingDebugger (100)
[2015.03.28-21.42.18:296][436]LogModuleManager: Shutting down and abandoning module MediaPlayerEditor (99)
[2015.03.28-21.42.18:296][436]LogModuleManager: Shutting down and abandoning module SpeedTreeImporter (98)
[2015.03.28-21.42.18:296][436]LogModuleManager: Shutting down and abandoning module PluginsEditor (97)
[2015.03.28-21.42.18:296][436]LogModuleManager: Shutting down and abandoning module MainFrame (96)
[2015.03.28-21.42.18:296][436]LogModuleManager: Shutting down and abandoning module EpicSurvey (95)
[2015.03.28-21.42.18:296][436]LogModuleManager: Shutting down and abandoning module DesktopPlatform (94)
[2015.03.28-21.42.18:296][436]LogModuleManager: Shutting down and abandoning module DirectoryWatcher (93)
[2015.03.28-21.42.18:296][436]LogModuleManager: Shutting down and abandoning module HotReload (92)
[2015.03.28-21.42.18:296][436]LogModuleManager: Shutting down and abandoning module VisualStudioSourceCodeAccess (91)
[2015.03.28-21.42.18:297][436]LogModuleManager: Shutting down and abandoning module UObjectPlugin (90)
[2015.03.28-21.42.18:297][436]LogModuleManager: Shutting down and abandoning module SubversionSourceControl (89)
[2015.03.28-21.42.18:297][436]LogModuleManager: Shutting down and abandoning module PerforceSourceControl (88)
[2015.03.28-21.42.18:297][436]LogModuleManager: Shutting down and abandoning module SourceControl (87)
[2015.03.28-21.42.18:297][436]LogModuleManager: Shutting down and abandoning module GitSourceControl (86)
[2015.03.28-21.42.18:297][436]LogModuleManager: Shutting down and abandoning module BlankPlugin (85)
[2015.03.28-21.42.18:297][436]LogModuleManager: Shutting down and abandoning module PaperTiledImporter (84)
[2015.03.28-21.42.18:297][436]LogModuleManager: Shutting down and abandoning module PaperJsonImporter (83)
[2015.03.28-21.42.18:297][436]LogModuleManager: Shutting down and abandoning module ContentBrowser (82)
[2015.03.28-21.42.18:297][436]LogModuleManager: Shutting down and abandoning module Paper2DEditor (81)
[2015.03.28-21.42.18:298][436]LogModuleManager: Shutting down and abandoning module ScriptPlugin (80)
[2015.03.28-21.42.18:298][436]LogModuleManager: Shutting down and abandoning module UdpMessaging (79)
[2015.03.28-21.42.18:398][436]LogModuleManager: Shutting down and abandoning module Paper2D (78)
[2015.03.28-21.42.18:398][436]LogModuleManager: Shutting down and abandoning module WindowsMoviePlayer (77)
[2015.03.28-21.42.18:400][436]LogModuleManager: Shutting down and abandoning module Media (76)
[2015.03.28-21.42.18:400][436]LogModuleManager: Shutting down and abandoning module WmfMedia (75)
[2015.03.28-21.42.18:400][436]LogModuleManager: Shutting down and abandoning module OnlineBlueprintSupport (74)
[2015.03.28-21.42.18:400][436]LogModuleManager: Shutting down and abandoning module PropertyEditor (73)
[2015.03.28-21.42.18:400][436]LogModuleManager: Shutting down and abandoning module BehaviorTreeEditor (72)
[2015.03.28-21.42.18:400][436]LogModuleManager: Shutting down and abandoning module FunctionalTesting (71)
[2015.03.28-21.42.18:400][436]LogModuleManager: Shutting down and abandoning module CollisionAnalyzer (70)
[2015.03.28-21.42.18:400][436]LogModuleManager: Shutting down and abandoning module WorkspaceMenuStructure (69)
[2015.03.28-21.42.18:400][436]LogModuleManager: Shutting down and abandoning module MessageLog (68)
[2015.03.28-21.42.18:400][436]LogModuleManager: Shutting down and abandoning module Sequencer (67)
[2015.03.28-21.42.18:400][436]LogModuleManager: Shutting down and abandoning module AssetTools (66)
[2015.03.28-21.42.18:400][436]LogModuleManager: Shutting down and abandoning module UMGEditor (65)
[2015.03.28-21.42.18:400][436]LogModuleManager: Shutting down and abandoning module UMG (64)
[2015.03.28-21.42.18:400][436]LogModuleManager: Shutting down and abandoning module Slate (63)
[2015.03.28-21.42.18:400][436]LogModuleManager: Shutting down and abandoning module EditorStyle (62)
[2015.03.28-21.42.18:403][436]LogModuleManager: Shutting down and abandoning module SessionServices (61)
[2015.03.28-21.42.18:403][436]LogModuleManager: Shutting down and abandoning module SourceCodeAccess (60)
[2015.03.28-21.42.18:403][436]LogModuleManager: Shutting down and abandoning module HeadMountedDisplay (59)
[2015.03.28-21.42.18:403][436]LogModuleManager: Shutting down and abandoning module XAudio2 (58)
[2015.03.28-21.42.18:403][436]LogModuleManager: Shutting down and abandoning module Networking (56)
[2015.03.28-21.42.18:403][436]LogModuleManager: Shutting down and abandoning module Core (55)
[2015.03.28-21.42.18:403][436]LogModuleManager: Shutting down and abandoning module KismetCompiler (54)
[2015.03.28-21.42.18:403][436]LogModuleManager: Shutting down and abandoning module PhysXFormats (53)
[2015.03.28-21.42.18:403][436]LogModuleManager: Shutting down and abandoning module MeshUtilities (52)
[2015.03.28-21.42.18:403][436]LogModuleManager: Shutting down and abandoning module DerivedDataCache (51)
[2015.03.28-21.42.18:487][436]LogDerivedDataCache: Shutdown
[2015.03.28-21.42.18:487][436]LogModuleManager: Shutting down and abandoning module ShaderFormatOpenGL (50)
[2015.03.28-21.42.18:487][436]LogModuleManager: Shutting down and abandoning module ShaderFormatD3D (49)
[2015.03.28-21.42.18:487][436]LogModuleManager: Shutting down and abandoning module MetalShaderFormat (48)
[2015.03.28-21.42.18:487][436]LogModuleManager: Shutting down and abandoning module TextureFormatUncompressed (47)
[2015.03.28-21.42.18:487][436]LogModuleManager: Shutting down and abandoning module TextureFormatPVR (46)
[2015.03.28-21.42.18:487][436]LogModuleManager: Shutting down and abandoning module TextureFormatIntelISPCTexComp (45)
[2015.03.28-21.42.18:487][436]LogModuleManager: Shutting down and abandoning module TextureFormatDXT (44)
[2015.03.28-21.42.18:487][436]LogModuleManager: Shutting down and abandoning module ImageWrapper (43)
[2015.03.28-21.42.18:487][436]LogModuleManager: Shutting down and abandoning module TextureFormatASTC (42)
[2015.03.28-21.42.18:487][436]LogModuleManager: Shutting down and abandoning module TextureFormatAndroid (41)
[2015.03.28-21.42.18:487][436]LogModuleManager: Shutting down and abandoning module AudioFormatOpus (40)
[2015.03.28-21.42.18:487][436]LogModuleManager: Shutting down and abandoning module AudioFormatOgg (39)
[2015.03.28-21.42.18:487][436]LogModuleManager: Shutting down and abandoning module AudioFormatADPCM (38)
[2015.03.28-21.42.18:487][436]LogModuleManager: Shutting down and abandoning module LinuxTargetPlatform (37)
[2015.03.28-21.42.18:487][436]LogModuleManager: Shutting down and abandoning module LinuxServerTargetPlatform (36)
[2015.03.28-21.42.18:487][436]LogModuleManager: Shutting down and abandoning module LinuxNoEditorTargetPlatform (35)
[2015.03.28-21.42.18:487][436]LogModuleManager: Shutting down and abandoning module Messaging (34)
[2015.03.28-21.42.18:487][436]LogModuleManager: Shutting down and abandoning module IOSTargetPlatform (33)
[2015.03.28-21.42.18:487][436]LogModuleManager: Shutting down and abandoning module HTML5TargetPlatform (32)
[2015.03.28-21.42.18:487][436]LogModuleManager: Shutting down and abandoning module Android_PVRTCTargetPlatform (31)
[2015.03.28-21.42.18:487][436]LogModuleManager: Shutting down and abandoning module Android_ETC2TargetPlatform (30)
[2015.03.28-21.42.18:487][436]LogModuleManager: Shutting down and abandoning module Android_ETC1TargetPlatform (29)
[2015.03.28-21.42.18:487][436]LogModuleManager: Shutting down and abandoning module Android_ES31TargetPlatform (28)
[2015.03.28-21.42.18:487][436]LogModuleManager: Shutting down and abandoning module Android_DXTTargetPlatform (27)
[2015.03.28-21.42.18:487][436]LogModuleManager: Shutting down and abandoning module Android_ATCTargetPlatform (26)
[2015.03.28-21.42.18:487][436]LogModuleManager: Shutting down and abandoning module AndroidTargetPlatform (25)
[2015.03.28-21.42.18:487][436]LogModuleManager: Shutting down and abandoning module WindowsTargetPlatform (24)
[2015.03.28-21.42.18:487][436]LogModuleManager: Shutting down and abandoning module WindowsServerTargetPlatform (23)
[2015.03.28-21.42.18:487][436]LogModuleManager: Shutting down and abandoning module WindowsNoEditorTargetPlatform (22)
[2015.03.28-21.42.18:487][436]LogModuleManager: Shutting down and abandoning module WindowsClientTargetPlatform (21)
[2015.03.28-21.42.18:487][436]LogModuleManager: Shutting down and abandoning module TargetPlatform (20)
[2015.03.28-21.42.18:487][436]LogModuleManager: Shutting down and abandoning module InputCore (19)
[2015.03.28-21.42.18:487][436]LogModuleManager: Shutting down and abandoning module Settings (18)
[2015.03.28-21.42.18:487][436]LogModuleManager: Shutting down and abandoning module OnlineSubsystem (16)
[2015.03.28-21.42.18:487][436]LogModuleManager: Shutting down and abandoning module OculusRift (15)
[2015.03.28-21.42.18:487][436]LogModuleManager: Shutting down and abandoning module ExampleDeviceProfileSelector (14)
[2015.03.28-21.42.18:487][436]LogModuleManager: Shutting down and abandoning module TextureCompressor (13)
[2015.03.28-21.42.18:487][436]LogModuleManager: Shutting down and abandoning module ShaderCore (12)
[2015.03.28-21.42.18:487][436]LogModuleManager: Shutting down and abandoning module Landscape (11)
[2015.03.28-21.42.18:487][436]LogModuleManager: Shutting down and abandoning module SlateRHIRenderer (10)
[2015.03.28-21.42.18:493][436]LogModuleManager: Shutting down and abandoning module OpenGLDrv (9)
[2015.03.28-21.42.18:493][436]LogModuleManager: Shutting down and abandoning module D3D11RHI (8)
[2015.03.28-21.42.18:493][436]LogModuleManager: Shutting down and abandoning module Renderer (7)
[2015.03.28-21.42.18:493][436]LogModuleManager: Shutting down and abandoning module Engine (6)
[2015.03.28-21.42.18:493][436]LogModuleManager: Shutting down and abandoning module CoreUObject (5)
[2015.03.28-21.42.18:493][436]LogModuleManager: Shutting down and abandoning module NetworkFile (4)
[2015.03.28-21.42.18:493][436]LogModuleManager: Shutting down and abandoning module StreamingFile (3)
[2015.03.28-21.42.18:493][436]LogModuleManager: Shutting down and abandoning module SandboxFile (2)
[2015.03.28-21.42.18:493][436]LogModuleManager: Shutting down and abandoning module PakFile (1)
[2015.03.28-21.42.18:495][436]LogExit: Exiting.
[2015.03.28-21.42.18:511][436]Log file closed, 03/28/15 16:42:18
