Log file open, 03/02/15 17:40:02
LogInit:Display: Running engine for game: ENPo
LogInit: Version: 4.7.1-2462028+++depot+UE4-Releases+4.7
LogInit: API Version: 2455222
LogInit: Compiled (64-bit): Feb 26 2015 07:49:00
LogInit: Compiled with Visual C++: 18.00.21005.01
LogInit: Build Configuration: Development
LogInit: Branch Name: ++depot+UE4-Releases+4.7
LogInit: Command line:  
LogInit: Base directory: C:/Program Files/Epic Games/4.7/Engine/Binaries/Win64/
LogInit: Rocket: 1
[2015.03.02-23.40.02:290][  0]LogTaskGraph: Started task graph with 3 named threads and 6 total threads.
[2015.03.02-23.40.02:344][  0]LogOnline:Warning: No default platform service specified for OnlineSubsystem
[2015.03.02-23.40.02:362][  0]LogInit: Presizing for 0 objects not considered by GC, pre-allocating 0 bytes.
[2015.03.02-23.40.02:375][  0]LogInit: Object subsystem initialized
[2015.03.02-23.40.02:378][  0]LogConsoleResponse:Warning: Skipping Unknown console variable: 'TranslucentSortAxis = (X=0.000000,Y=-1.000000,Z=0.000000)'
[2015.03.02-23.40.02:378][  0]LogConsoleResponse:Warning:   Found in ini file 'C:/Users/Jeremy Martin/Documents/Unreal Projects/ENPo/Saved/Config/Windows/Engine.ini', in section '[/Script/Engine.RendererSettings]'
[2015.03.02-23.40.02:378][  0]LogConsoleResponse:Warning: Skipping Unknown console variable: 'UIScaleRule = ShortestSide'
[2015.03.02-23.40.02:378][  0]LogConsoleResponse:Warning:   Found in ini file 'C:/Users/Jeremy Martin/Documents/Unreal Projects/ENPo/Saved/Config/Windows/Engine.ini', in section '[/Script/Engine.RendererSettings]'
[2015.03.02-23.40.02:378][  0]LogConsoleResponse:Warning: Skipping Unknown console variable: 'UIScaleCurve = (EditorCurveData=(Keys=),ExternalCurve=None)'
[2015.03.02-23.40.02:378][  0]LogConsoleResponse:Warning:   Found in ini file 'C:/Users/Jeremy Martin/Documents/Unreal Projects/ENPo/Saved/Config/Windows/Engine.ini', in section '[/Script/Engine.RendererSettings]'
[2015.03.02-23.40.02:379][  0]LogInit: Selected Device Profile: [Windows]
[2015.03.02-23.40.02:379][  0]LogInit: Applying CVar settings loaded from the selected device profile: [Windows]
[2015.03.02-23.40.02:387][  0]LogInit: Computer: JEREMYMARTIN-PC
[2015.03.02-23.40.02:387][  0]LogInit: User: JeremyMartin
[2015.03.02-23.40.02:387][  0]LogInit: CPU Page size=4096, Cores=4
[2015.03.02-23.40.02:387][  0]LogInit: High frequency timer resolution =2.728203 MHz
[2015.03.02-23.40.02:387][  0]LogMemory: Memory total: Physical=7.9GB (8GB approx) Virtual=8192.0GB
[2015.03.02-23.40.02:388][  0]LogMemory: Platform Memory Stats for Windows
[2015.03.02-23.40.02:388][  0]LogMemory: Process Physical Memory: 48.34 MB used, 48.34 MB peak
[2015.03.02-23.40.02:388][  0]LogMemory: Process Virtual Memory: 28.42 MB used, 28.42 MB peak
[2015.03.02-23.40.02:388][  0]LogMemory: Physical Memory: 3602.64 MB used, 8097.22 MB total
[2015.03.02-23.40.02:388][  0]LogMemory: Virtual Memory: 280.37 MB used, 8388608.00 MB total
[2015.03.02-23.40.02:442][  0]LogD3D11RHI: Found D3D11 adapter 0: Intel(R) HD Graphics 4600 (Feature Level 11_0)
[2015.03.02-23.40.02:442][  0]LogD3D11RHI: Adapter has 2094MB of dedicated video memory, 0MB of dedicated system memory, and 3792MB of shared system memory, 1 output[s]
[2015.03.02-23.40.02:442][  0]LogD3D11RHI: Chosen D3D11 Adapter Id = 0
[2015.03.02-23.40.02:450][  0]LogRHI: Texture pool is 1361 MB (70% of 1945 MB)
[2015.03.02-23.40.02:464][  0]LogD3D11RHI: Async texture creation enabled
[2015.03.02-23.40.02:515][  0]LogTextLocalizationManager: The requested culture ('en_US') has no localization data; parent culture's ('en') localization data will be used.
[2015.03.02-23.40.02:701][  0]LogContentStreaming: Texture pool size is 0.000000MB
[2015.03.02-23.40.05:498][  0]LogTargetPlatformManager:Display: Building Assets For Windows
[2015.03.02-23.40.06:180][  0]LogTargetPlatformManager:Display: Building Assets For Windows
[2015.03.02-23.40.06:270][  0]LogDerivedDataCache:Display: Max Cache Size: 512 MB
[2015.03.02-23.40.06:335][  0]LogDerivedDataCache: Loaded boot cache 0.06s 39MB C:/Users/Jeremy Martin/AppData/Local/UnrealEngine/4.7/DerivedDataCache/Boot.ddc.
[2015.03.02-23.40.06:335][  0]LogDerivedDataCache:Display: Loaded Boot cache: C:/Users/Jeremy Martin/AppData/Local/UnrealEngine/4.7/DerivedDataCache/Boot.ddc
[2015.03.02-23.40.06:335][  0]LogDerivedDataCache: FDerivedDataBackendGraph:  Pak pak cache file ../../../../../../Users/Jeremy Martin/Documents/Unreal Projects/ENPo/DerivedDataCache/DDC.ddp not found, will not use a pak cache.
[2015.03.02-23.40.06:335][  0]LogDerivedDataCache: Unable to find inner node Pak for hierarchical cache Hierarchy.
[2015.03.02-23.40.06:500][  0]LogDerivedDataCache:Display: Pak cache opened for reading ../../../Engine/DerivedDataCache/Compressed.ddp.
[2015.03.02-23.40.06:513][  0]LogDerivedDataCache: Using Local data cache path C:/Users/Jeremy Martin/AppData/Local/UnrealEngine/Common/DerivedDataCache: Writable
[2015.03.02-23.40.06:868][  0]LogMeshUtilities: No automatic mesh reduction module available
[2015.03.02-23.40.06:868][  0]LogMeshUtilities: No automatic mesh merging module available
[2015.03.02-23.40.07:579][  0]LogInit: WinSock: version 1.1 (2.2), MaxSocks=32767, MaxUdp=65467
[2015.03.02-23.40.07:695][  0]LogSlate:Warning: Failed to load font data from '../../../Engine/Content/Slate/Fonts/Roboto-Italic.ttf'
[2015.03.02-23.40.10:009][  0]UdpMessaging: Initializing bridge on interface 0.0.0.0:0 to multicast group 230.0.0.1:6666.
[2015.03.02-23.40.10:251][  0]SourceControl: Info Source control is disabled
[2015.03.02-23.40.10:251][  0]SourceControl: Info Source control is disabled
[2015.03.02-23.40.10:251][  0]SourceControl: Info Source control is disabled
[2015.03.02-23.40.10:251][  0]LogSourceControl: RunCommandInternalRaw: 'git version'
[2015.03.02-23.40.10:251][  0]LogSourceControl: RunCommandInternalRaw: ExecProcess ReturnCode=2 OutResults=''
[2015.03.02-23.40.10:261][  0]SourceControl: Info Source control is disabled
[2015.03.02-23.40.10:557][  0]LogObj: 24231 objects as part of root set at end of initial load.
[2015.03.02-23.40.10:557][  0]LogUObjectAllocator: 5136440 out of 0 bytes used by permanent object pool.
[2015.03.02-23.40.10:637][  0]LogEngine: Initializing Engine...
[2015.03.02-23.40.13:841][  0]LogInit: XAudio2 using 'Speakers / Headphones (Realtek High Definition Audio)' : 2 channels at 48 kHz using 32 bits per sample (channel mask 0x3)
[2015.03.02-23.40.13:866][  0]LogInit: FAudioDevice initialized.
[2015.03.02-23.40.13:915][  0]LogAIModule: Creating AISystem for world NewWorld
[2015.03.02-23.40.13:952][  0]LogDerivedDataCache: Saved boot cache 0.04s 39MB C:/Users/Jeremy Martin/AppData/Local/UnrealEngine/4.7/DerivedDataCache/Boot.ddc.
[2015.03.02-23.40.13:955][  0]LogInit: Texture streaming: Enabled
[2015.03.02-23.40.14:077][  0]LogAnalytics: Creating configured Analytics provider AnalyticsET
[2015.03.02-23.40.14:077][  0]LogAnalytics: ET APIKey = Rocket.Release. APIServer = http://et2.epicgames.com/ET2/. AppVersion = 4.7.1-2462028+++depot+UE4-Releases+4.7
[2015.03.02-23.40.14:077][  0]LogAnalytics: ET APIKey = Rocket.Release. DataRouterUploadURL = https://datarouter-public-service-gamedev.ol.epicgames.net/datarouter/api/v1/public/data. AppVersion = 4.7.1-2462028+++depot+UE4-Releases+4.7
[2015.03.02-23.40.14:077][  0]LogAnalytics: SetUserId 4faf2b8f401686a57575ecb438c58793|93efd1466ca449a7a50c61e21231fb4f|d21d11dd-cad7-4eb6-8377-a86052e53efe
[2015.03.02-23.40.14:077][  0]LogAnalytics: AnalyticsET::StartSession [Rocket.Release]
[2015.03.02-23.40.14:127][  0]LogInit: Transaction tracking system initialized
[2015.03.02-23.40.14:390][  0]BlueprintLog: New page: Editor Load
[2015.03.02-23.40.14:431][  0]LogAssetRegistry: FAssetRegistry took 0.0102 seconds to start up
[2015.03.02-23.40.14:431][  0]LogDirectoryWatcher:Warning: Failed to begin reading directory changes for ../../../Engine/Plugins/Experimental/CharacterAI/Content/. Error: 0
[2015.03.02-23.40.15:242][  0]LogTargetPlatformManager:Display: Building Assets For Windows
[2015.03.02-23.40.15:867][  0]LogTargetPlatformManager:Display: Building Assets For Windows
[2015.03.02-23.40.16:189][  0]LogSlate:Warning: Failed to load font data from '../../../Engine/Content/Editor/Slate/Fonts/Roboto-Regular.ttf'
[2015.03.02-23.40.16:191][  0]LogSlate:Warning: Failed to load font data from '../../../Engine/Content/Editor/Slate/Fonts/Roboto-Bold.ttf'
[2015.03.02-23.40.16:198][  0]LogConsoleResponse:Display: 
[2015.03.02-23.40.16:377][  0]LogCook:Display: Done creating registry. It took  0.00s.
[2015.03.02-23.40.16:585][  0]SourceControl: Info Source control is disabled
[2015.03.02-23.40.16:585][  0]Cmd: MAP LOAD FILE="../../../../../../Users/Jeremy Martin/Documents/Unreal Projects/ENPo/Content/PuzzleBP/Maps/PuzzleExampleMap.umap" TEMPLATE=0 SHOWPROGRESS=1 FEATURELEVEL=3
[2015.03.02-23.40.16:585][  0]LightingResults: New page: Lighting Build
[2015.03.02-23.40.16:612][  0]MapCheck: New page: Map Check
[2015.03.02-23.40.16:613][  0]LightingResults: New page: Lighting Build
[2015.03.02-23.40.16:628][  0]LogParticles: Destroying 0 GPU particle simulations for FXSystem 0x00000000161A4D60
[2015.03.02-23.40.17:879][  0]LogEditorServer: Finished looking for orphan Actors (0.000 secs)
[2015.03.02-23.40.17:879][  0]LogAIModule: Creating AISystem for world PuzzleExampleMap
[2015.03.02-23.40.17:880][  0]Cmd: MAP CHECKDEP
[2015.03.02-23.40.17:880][  0]MapCheck: New page: PuzzleExampleMap - Mar 2, 2015, 11:40:17 AM
[2015.03.02-23.40.17:999][  0]MapCheck: Info Map check complete: 0 Error(s), 0 Warning(s), took 118.959ms to complete.
[2015.03.02-23.40.17:999][  0]LogFileHelpers: Loading map 'PuzzleExampleMap' took 1.413
[2015.03.02-23.40.18:181][  0]LogCollectionManager: Loaded 0 collections in 0.001837 seconds
[2015.03.02-23.40.18:198][  0]LogContentBrowser: Native class hierarchy populated in 0.0165 seconds. Added 1696 classes and 261 folders.
[2015.03.02-23.40.18:236][  0]LogContentBrowser: Native class hierarchy updated for 'SceneOutliner' in 0.0025 seconds. Added 1 classes and 2 folders.
[2015.03.02-23.40.18:306][  0]LogCrashTracker: Crashtracker disabled due to settings.
[2015.03.02-23.40.18:307][  0]LogSlate:Warning: Failed to load font data from 'Veranda'
[2015.03.02-23.40.18:315][  0]LogUObjectGlobals:Warning: Failed to find object 'Class None.'
[2015.03.02-23.40.18:346][  0]LogLoad: Full Startup: 18.07 seconds (BP compile: 0.29 seconds)
[2015.03.02-23.40.18:764][  0]LogContentBrowser:Verbose: The content browser source was changed by the sources view to '/Game/PuzzleBP'
[2015.03.02-23.40.19:005][  0]LogRenderer:Warning: Reallocating scene render targets to support 1208x568 (Frame:2).
[2015.03.02-23.40.21:665][  6]LogAssetRegistry: Asset discovery search completed in 7.2436 seconds
[2015.03.02-23.40.41:100][144]LogEditorViewport: Clicking on Actor (LMB): SphereReflectionCapture (SphereReflectionCapture)
[2015.03.02-23.41.08:628][356]LogLinker:Warning: Can't find file '/Game/Blueprints/PuzzleGameMode'
[2015.03.02-23.41.08:630][356]LogLinker:Warning: Can't find file '/Game/Blueprints/PuzzleGameMode'
[2015.03.02-23.41.08:630][356]LogUObjectGlobals:Warning: Failed to find object 'Object /Game/Blueprints/PuzzleGameMode.PuzzleGameMode_C'
[2015.03.02-23.41.08:632][356]LogLinker:Warning: Can't find file '/Game/Blueprints/PuzzleGameMode'
[2015.03.02-23.41.08:633][356]LogLinker:Warning: Can't find file '/Game/Blueprints/PuzzleGameMode'
[2015.03.02-23.41.08:633][356]LogUObjectGlobals:Warning: Failed to find object 'Object /Game/Blueprints/PuzzleGameMode.PuzzleGameMode_C'
[2015.03.02-23.41.16:325][842]LogLinker:Warning: Can't find file '/Game/Blueprints/PuzzleGameMode'
[2015.03.02-23.41.16:325][842]LogLinker:Warning: Can't find file '/Game/Blueprints/PuzzleGameMode'
[2015.03.02-23.41.16:325][842]LogUObjectGlobals:Warning: Failed to find object 'Object /Game/Blueprints/PuzzleGameMode.PuzzleGameMode_C'
[2015.03.02-23.41.16:325][842]LogLinker:Warning: Can't find file '/Game/Blueprints/PuzzleGameMode'
[2015.03.02-23.41.16:326][842]LogLinker:Warning: Can't find file '/Game/Blueprints/PuzzleGameMode'
[2015.03.02-23.41.16:326][842]LogUObjectGlobals:Warning: Failed to find object 'Object /Game/Blueprints/PuzzleGameMode.PuzzleGameMode_C'
[2015.03.02-23.41.17:675][945]LogLinker:Warning: Can't find file '/Game/Blueprints/PuzzleGameMode'
[2015.03.02-23.41.17:677][945]LogLinker:Warning: Can't find file '/Game/Blueprints/PuzzleGameMode'
[2015.03.02-23.41.17:677][945]LogUObjectGlobals:Warning: Failed to find object 'Object /Game/Blueprints/PuzzleGameMode.PuzzleGameMode_C'
[2015.03.02-23.41.17:679][945]LogLinker:Warning: Can't find file '/Game/Blueprints/PuzzleGameMode'
[2015.03.02-23.41.17:680][945]LogLinker:Warning: Can't find file '/Game/Blueprints/PuzzleGameMode'
[2015.03.02-23.41.17:680][945]LogUObjectGlobals:Warning: Failed to find object 'Object /Game/Blueprints/PuzzleGameMode.PuzzleGameMode_C'
[2015.03.02-23.41.24:652][ 56]LogLinker:Warning: Can't find file '/Game/Blueprints/PuzzleGameMode'
[2015.03.02-23.41.24:652][ 56]LogLinker:Warning: Can't find file '/Game/Blueprints/PuzzleGameMode'
[2015.03.02-23.41.24:652][ 56]LogUObjectGlobals:Warning: Failed to find object 'Object /Game/Blueprints/PuzzleGameMode.PuzzleGameMode_C'
[2015.03.02-23.41.24:652][ 56]LogLinker:Warning: Can't find file '/Game/Blueprints/PuzzleGameMode'
[2015.03.02-23.41.24:653][ 56]LogLinker:Warning: Can't find file '/Game/Blueprints/PuzzleGameMode'
[2015.03.02-23.41.24:653][ 56]LogUObjectGlobals:Warning: Failed to find object 'Object /Game/Blueprints/PuzzleGameMode.PuzzleGameMode_C'
[2015.03.02-23.41.33:913][742]LogLinker:Warning: Can't find file '/Game/Blueprints/PuzzleGameMode'
[2015.03.02-23.41.33:914][742]LogLinker:Warning: Can't find file '/Game/Blueprints/PuzzleGameMode'
[2015.03.02-23.41.33:914][742]LogUObjectGlobals:Warning: Failed to find object 'Object /Game/Blueprints/PuzzleGameMode.PuzzleGameMode_C'
[2015.03.02-23.41.33:916][742]LogLinker:Warning: Can't find file '/Game/Blueprints/PuzzleGameMode'
[2015.03.02-23.41.33:916][742]LogLinker:Warning: Can't find file '/Game/Blueprints/PuzzleGameMode'
[2015.03.02-23.41.33:916][742]LogUObjectGlobals:Warning: Failed to find object 'Object /Game/Blueprints/PuzzleGameMode.PuzzleGameMode_C'
[2015.03.02-23.42.17:141][ 49]LogRenderer:Warning: Reallocating scene render targets to support 1208x872 (Frame:260).
[2015.03.02-23.42.54:062][547]LogLinker:Warning: Can't find file '/Game/Blueprints/PuzzleGameMode'
[2015.03.02-23.42.54:063][547]LogLinker:Warning: Can't find file '/Game/Blueprints/PuzzleGameMode'
[2015.03.02-23.42.54:063][547]LogUObjectGlobals:Warning: Failed to find object 'Object /Game/Blueprints/PuzzleGameMode.PuzzleGameMode_C'
[2015.03.02-23.42.54:064][547]LogLinker:Warning: Can't find file '/Game/Blueprints/PuzzleGameMode'
[2015.03.02-23.42.54:065][547]LogLinker:Warning: Can't find file '/Game/Blueprints/PuzzleGameMode'
[2015.03.02-23.42.54:065][547]LogUObjectGlobals:Warning: Failed to find object 'Object /Game/Blueprints/PuzzleGameMode.PuzzleGameMode_C'
[2015.03.02-23.42.55:671][705]LogEditorViewport: Clicking on Actor (LMB): CameraActor (Camera)
[2015.03.02-23.42.59:436][769]LogEditorViewport: Clicking on Actor (LMB): BP_Sky_Sphere_C (SkySphere)
[2015.03.02-23.43.00:345][790]LogEditorViewport: Clicking on Actor (LMB): BP_Sky_Sphere_C (SkySphere)
[2015.03.02-23.43.00:863][802]LogEditorViewport: Clicking on Actor (LMB): AtmosphericFog (AtmosphericFog)
[2015.03.02-23.43.03:070][849]LogEditorViewport: Clicking on Actor (LMB): Brush (FloorGeometry)
[2015.03.02-23.43.04:867][890]LogLinker:Warning: Can't find file '/Game/Blueprints/PuzzleGameMode'
[2015.03.02-23.43.04:868][890]LogLinker:Warning: Can't find file '/Game/Blueprints/PuzzleGameMode'
[2015.03.02-23.43.04:868][890]LogUObjectGlobals:Warning: Failed to find object 'Object /Game/Blueprints/PuzzleGameMode.PuzzleGameMode_C'
[2015.03.02-23.43.04:869][890]LogLinker:Warning: Can't find file '/Game/Blueprints/PuzzleGameMode'
[2015.03.02-23.43.04:869][890]LogLinker:Warning: Can't find file '/Game/Blueprints/PuzzleGameMode'
[2015.03.02-23.43.04:869][890]LogUObjectGlobals:Warning: Failed to find object 'Object /Game/Blueprints/PuzzleGameMode.PuzzleGameMode_C'
[2015.03.02-23.43.42:572][370]LogSavePackage: Save=224.282425ms
[2015.03.02-23.43.42:572][370]LogSavePackage: Moving '../../../../../../Users/Jeremy Martin/Documents/Unreal Projects/ENPo/Saved/PuzzleExampleMapB7E909CA412C8B5AE56EDDA70355E21C.tmp' to '../../../../../../Users/Jeremy Martin/Documents/Unreal Projects/ENPo/Content/PuzzleBP/Maps/PuzzleExampleMap.umap'
[2015.03.02-23.43.50:364][452]LogLinker:Warning: Can't find file '/Game/Blueprints/PuzzleGameMode'
[2015.03.02-23.43.50:365][452]LogLinker:Warning: Can't find file '/Game/Blueprints/PuzzleGameMode'
[2015.03.02-23.43.50:365][452]LogUObjectGlobals:Warning: Failed to find object 'Object /Game/Blueprints/PuzzleGameMode.PuzzleGameMode_C'
[2015.03.02-23.43.50:366][452]LogLinker:Warning: Can't find file '/Game/Blueprints/PuzzleGameMode'
[2015.03.02-23.43.50:367][452]LogLinker:Warning: Can't find file '/Game/Blueprints/PuzzleGameMode'
[2015.03.02-23.43.50:367][452]LogUObjectGlobals:Warning: Failed to find object 'Object /Game/Blueprints/PuzzleGameMode.PuzzleGameMode_C'
[2015.03.02-23.43.53:641][753]LogLinker:Warning: Can't find file '/Game/Blueprints/PuzzleGameMode'
[2015.03.02-23.43.53:641][753]LogLinker:Warning: Can't find file '/Game/Blueprints/PuzzleGameMode'
[2015.03.02-23.43.53:642][753]LogUObjectGlobals:Warning: Failed to find object 'Object /Game/Blueprints/PuzzleGameMode.PuzzleGameMode_C'
[2015.03.02-23.43.53:642][753]LogLinker:Warning: Can't find file '/Game/Blueprints/PuzzleGameMode'
[2015.03.02-23.43.53:642][753]LogLinker:Warning: Can't find file '/Game/Blueprints/PuzzleGameMode'
[2015.03.02-23.43.53:642][753]LogUObjectGlobals:Warning: Failed to find object 'Object /Game/Blueprints/PuzzleGameMode.PuzzleGameMode_C'
[2015.03.02-23.46.14:725][783]LogSlate:Warning: Prevented a slow task dialog from being summoned while a context menu was open
[2015.03.02-23.46.55:281][121]Cmd: OBJ SAVEPACKAGE PACKAGE="/Game/Blueprints/RunnerGameMode" FILE="../../../../../../Users/Jeremy Martin/Documents/Unreal Projects/ENPo/Content/Blueprints/RunnerGameMode.uasset" SILENT=true
[2015.03.02-23.46.55:305][121]LogSavePackage: Save=20.380447ms
[2015.03.02-23.46.55:305][121]LogSavePackage: Moving '../../../../../../Users/Jeremy Martin/Documents/Unreal Projects/ENPo/Saved/RunnerGameMode0F2B356F4408996F925210915A1F32BF.tmp' to '../../../../../../Users/Jeremy Martin/Documents/Unreal Projects/ENPo/Content/Blueprints/RunnerGameMode.uasset'
[2015.03.02-23.47.22:528][768]Cmd: UpdateLandscapeSetup
[2015.03.02-23.48.14:900][783]LogEditorActor: Deleted Actor: BP_Sky_Sphere_C
[2015.03.02-23.48.14:970][783]LogEditorActor: Deleted 1 Actors (0.072 secs)
[2015.03.02-23.48.56:719][891]LogEditorActor: Deleted Actor: DirectionalLight
[2015.03.02-23.48.56:806][891]LogEditorActor: Deleted 1 Actors (0.088 secs)
[2015.03.02-23.49.30:213][917]LogRenderer:Warning: Reallocating scene render targets to support 1208x896 (Frame:3296).
[2015.03.02-23.50.18:966][146]LogParticles: Destroying 0 GPU particle simulations for FXSystem 0x000000002299DA80
[2015.03.02-23.50.19:081][146]LogSavePackage: Save=114.143265ms
[2015.03.02-23.50.19:081][146]LogSavePackage: Moving '../../../../../../Users/Jeremy Martin/Documents/Unreal Projects/ENPo/Saved/PuzzleExampleMap0EF370DF4C85491C8F05B9824F951DF2.tmp' to '../../../../../../Users/Jeremy Martin/Documents/Unreal Projects/ENPo/Content/PuzzleBP/Maps/PuzzleExampleMap.umap'
[2015.03.02-23.50.19:644][152]LogSavePackage: Save=127.934761ms
[2015.03.02-23.50.19:644][152]LogSavePackage: Moving '../../../../../../Users/Jeremy Martin/Documents/Unreal Projects/ENPo/Saved/PuzzleExampleMap77797917498798C3CED566AE21EB42E0.tmp' to '../../../../../../Users/Jeremy Martin/Documents/Unreal Projects/ENPo/Content/PuzzleBP/Maps/PuzzleExampleMap.umap'
[2015.03.02-23.50.20:190][158]LogSavePackage: Save=115.036163ms
[2015.03.02-23.50.20:190][158]LogSavePackage: Moving '../../../../../../Users/Jeremy Martin/Documents/Unreal Projects/ENPo/Saved/PuzzleExampleMapE4A67C454E846E58FA8225A1F38C9A83.tmp' to '../../../../../../Users/Jeremy Martin/Documents/Unreal Projects/ENPo/Content/PuzzleBP/Maps/PuzzleExampleMap.umap'
[2015.03.02-23.50.33:973][654]LogTexture:Display: Building textures: T_Tech_Hex_Tile_N (BC5)
[2015.03.02-23.50.34:123][654]LogTexture:Display: Building textures: T_Tech_Hex_Tile_M (AutoDXT)
[2015.03.02-23.50.34:478][654]LogMaterial: Missing cached shader map for material M_Tech_Hex_Tile, compiling. 
[2015.03.02-23.51.46:668][100]LogMaterial: Missing cached shader map for material M_LightStage_Arrows, compiling. 
[2015.03.02-23.51.46:682][100]LogMaterial:Warning: Material /Game/StarterContent/Blueprints/Assets/M_LightStage_Arrows.M_LightStage_Arrows needed to have new flag set bUsedWithStaticLighting !
[2015.03.02-23.51.46:683][100]LogMaterial: Missing cached shader map for material M_LightStage_Arrows, compiling. 
[2015.03.02-23.51.46:686][100]LogMaterial: 0.000066 seconds spent updating 1 materials, 1 interfaces, 0 instances, 0 with static permutations.
[2015.03.02-23.51.59:196][713]LogTexture:Display: Building textures: T_CobbleStone_Rough_D (AutoDXT)
[2015.03.02-23.52.00:308][713]LogTexture:Display: Building textures: T_CobbleStone_Rough_N (AutoDXT)
[2015.03.02-23.52.01:287][713]LogTexture:Display: Building textures: T_Gradinet_01 (AutoDXT)
[2015.03.02-23.52.01:517][713]LogTexture:Display: Building textures: T_Rock_Smooth_Granite_D (AutoDXT)
[2015.03.02-23.52.05:863][713]LogMaterial: Missing cached shader map for material M_CobbleStone_Rough, compiling. 
[2015.03.02-23.55.18:426][558]Cmd: OBJ SAVEPACKAGE PACKAGE="/Game/Blueprints/RunnerCharacter" FILE="../../../../../../Users/Jeremy Martin/Documents/Unreal Projects/ENPo/Content/Blueprints/RunnerCharacter.uasset" SILENT=true
[2015.03.02-23.55.18:832][558]LogSavePackage: Save=403.966278ms
[2015.03.02-23.55.18:832][558]LogSavePackage: Moving '../../../../../../Users/Jeremy Martin/Documents/Unreal Projects/ENPo/Saved/RunnerCharacter281E9F0F40B9DF76B29AE58F8929717A.tmp' to '../../../../../../Users/Jeremy Martin/Documents/Unreal Projects/ENPo/Content/Blueprints/RunnerCharacter.uasset'
[2015.03.02-23.57.21:081][887]Cmd: DELETE
[2015.03.02-23.57.21:081][887]Cmd: ACTOR DELETE
[2015.03.02-23.57.21:082][887]LogEditorActor: Deleted Actor: RunnerCharacter_C
[2015.03.02-23.57.21:084][887]LogActorComponent: UnregisterComponent: (/Engine/Transient.CharMoveComp) Not registered. Aborting.
[2015.03.02-23.57.21:084][887]LogActorComponent: UnregisterComponent: (/Engine/Transient.MovementComponent0) Not registered. Aborting.
[2015.03.02-23.57.21:141][887]LogEditorActor: Deleted 1 Actors (0.060 secs)
[2015.03.02-23.57.24:592][948]Cmd: TRANSACTION UNDO
[2015.03.02-23.57.24:592][948]LogEditorTransaction: Undo Delete Actors
[2015.03.02-23.57.45:310][474]BlueprintLog: New page: Pre-PIE auto-recompile
[2015.03.02-23.57.45:313][474]LogActorComponent: UnregisterComponent: (/Engine/Transient.CharMoveComp) Not registered. Aborting.
[2015.03.02-23.57.45:319][474]LogPlayLevel: [PIE] Compiling RunnerCharacter before PIE...
[2015.03.02-23.57.45:693][474]LogPlayLevel: [PIE] Compiling PuzzleExampleMap before PIE...
[2015.03.02-23.57.45:752][474]LogPlayLevel: PIE:  Blueprint regeneration took 441 ms (2 blueprints)
[2015.03.02-23.57.45:753][474]PIE: New page: SIE session: PuzzleExampleMap (Mar 2, 2015, 11:57:45 AM)
[2015.03.02-23.57.45:783][474]LogPlayLevel: PIE: StaticDuplicateObject took: (0.030036s)
[2015.03.02-23.57.45:795][474]LogPlayLevel: PIE: World Init took: (0.011094s)
[2015.03.02-23.57.45:804][474]LogPlayLevel: PIE: Created PIE world by copying editor world from /Game/PuzzleBP/Maps/PuzzleExampleMap.PuzzleExampleMap to /Game/PuzzleBP/Maps/UEDPIE_0_PuzzleExampleMap.PuzzleExampleMap (0.050372s)
[2015.03.02-23.57.45:806][474]LogSelection:Warning: PIE object was selected: "RunnerCharacter_C /Game/PuzzleBP/Maps/UEDPIE_0_PuzzleExampleMap.PuzzleExampleMap:PersistentLevel.RunnerCharacter_C_0"
[2015.03.02-23.57.45:947][474]LogWorld: Game class is 'RunnerGameMode_C'
[2015.03.02-23.57.46:034][474]LogAIModule: Creating AISystem for world PuzzleExampleMap
[2015.03.02-23.57.46:047][474]LogWorld: Bringing World /Game/PuzzleBP/Maps/UEDPIE_0_PuzzleExampleMap.PuzzleExampleMap up for play (max tick rate 60) at 2015.03.02-17.57.46
[2015.03.02-23.57.46:179][474]LogWorld: Bringing up level for play took: 0.143401
[2015.03.02-23.57.46:183][474]LogGameMode: Warning - PATHS NOT DEFINED or NO PLAYERSTART with positive rating
[2015.03.02-23.57.46:297][474]PIE: Info Play in editor start time for /Game/PuzzleBP/Maps/UEDPIE_0_PuzzleExampleMap 1.621
[2015.03.02-23.57.46:362][474]LogSelection:Warning: PIE object was selected: "RunnerCharacter_C /Game/PuzzleBP/Maps/UEDPIE_0_PuzzleExampleMap.PuzzleExampleMap:PersistentLevel.RunnerCharacter_C_0"
[2015.03.02-23.57.53:926][661]LogEditorViewport: Clicking on Actor (LMB): PuzzleBlock_C (PuzzleBlock8)
[2015.03.02-23.57.53:926][661]LogSelection:Warning: PIE object was selected: "PuzzleBlock_C /Game/PuzzleBP/Maps/UEDPIE_0_PuzzleExampleMap.PuzzleExampleMap:PersistentLevel.PuzzleBlock_C_8"
[2015.03.02-23.58.00:942][872]LogActorComponent: UnregisterComponent: (/Engine/Transient.CharMoveComp) Not registered. Aborting.
[2015.03.02-23.58.00:972][873]LogParticles: Destroying 0 GPU particle simulations for FXSystem 0x0000000029C52D40
[2015.03.02-23.58.55:412][376]LogEditorViewport: Clicking on Actor (LMB): RunnerCharacter_C (RunnerCharacter)
[2015.03.02-23.58.55:642][377]LogEditorViewport: Clicking on Component (LMB): StaticMeshComponent (Cone)
[2015.03.02-23.59.13:645][579]LogEditorViewport: Clicking on Component (context menu): StaticMeshComponent (Cone)
[2015.03.02-23.59.14:656][623]LogEditorViewport: Clicking on Component (LMB): StaticMeshComponent (Cone)
[2015.03.02-23.59.15:494][631]LogEditorViewport: Clicking on Component (context menu): StaticMeshComponent (Cone)
[2015.03.02-23.59.16:966][709]LogEditorViewport: Clicking on Component (LMB): StaticMeshComponent (Cone)
[2015.03.02-23.59.20:993][753]LogEditorViewport: Clicking on Actor (LMB): RunnerCharacter_C (RunnerCharacter)
[2015.03.02-23.59.30:440][852]Cmd: EDCALLBACK SURFPROPS
[2015.03.02-23.59.33:437][887]LogEditorViewport: Clicking on Actor (LMB): RunnerCharacter_C (RunnerCharacter)
[2015.03.03-00.00.01:722][190]LogEditorViewport: Clicking on Actor (LMB): RunnerCharacter_C (RunnerCharacter)
[2015.03.03-00.00.36:580][416]LogSavePackage: Save=120.589264ms
[2015.03.03-00.00.36:580][416]LogSavePackage: Moving '../../../../../../Users/Jeremy Martin/Documents/Unreal Projects/ENPo/Saved/PuzzleExampleMap_Auto15E82EF1049B5C929FDACBF919E73D9B3.tmp' to '../../../../../../Users/Jeremy Martin/Documents/Unreal Projects/ENPo/Saved/Autosaves/Game/PuzzleBP/Maps/PuzzleExampleMap_Auto1.umap'
[2015.03.03-00.00.36:585][416]LogFileHelpers: Editor autosave (incl. sublevels) for '/Game/PuzzleBP/Maps/PuzzleExampleMap' took 0.209
[2015.03.03-00.00.36:585][416]LogFileHelpers: Editor autosave (incl. sublevels) for all levels took 0.209
[2015.03.03-00.00.36:619][416]OBJ SavePackage: Generating thumbnails for [0] asset(s) in package [/Game/Blueprints/RunnerController] ([1] browsable assets)...
[2015.03.03-00.00.36:619][416]OBJ SavePackage: Finished generating thumbnails for package [/Game/Blueprints/RunnerController]
[2015.03.03-00.00.36:763][416]LogSavePackage: Save=100.865662ms
[2015.03.03-00.00.36:764][416]LogSavePackage: Moving '../../../../../../Users/Jeremy Martin/Documents/Unreal Projects/ENPo/Saved/RunnerController_Auto1C7D96DD149E0F3FF510B72832038701F.tmp' to '../../../../../../Users/Jeremy Martin/Documents/Unreal Projects/ENPo/Saved/Autosaves/Game/Blueprints/RunnerController_Auto1.uasset'
[2015.03.03-00.00.36:801][416]OBJ SavePackage: Generating thumbnails for [1] asset(s) in package [/Game/Blueprints/RunnerCharacter] ([1] browsable assets)...
[2015.03.03-00.00.36:855][416]OBJ SavePackage:     Rendered thumbnail for [Blueprint /Game/Blueprints/RunnerCharacter.RunnerCharacter]
[2015.03.03-00.00.36:855][416]OBJ SavePackage: Finished generating thumbnails for package [/Game/Blueprints/RunnerCharacter]
[2015.03.03-00.00.37:372][416]LogSavePackage: Save=510.361938ms
[2015.03.03-00.00.37:373][416]LogSavePackage: Moving '../../../../../../Users/Jeremy Martin/Documents/Unreal Projects/ENPo/Saved/RunnerCharacter_Auto16783D9EC401CFCFC4B38948BE0F10222.tmp' to '../../../../../../Users/Jeremy Martin/Documents/Unreal Projects/ENPo/Saved/Autosaves/Game/Blueprints/RunnerCharacter_Auto1.uasset'
[2015.03.03-00.00.37:421][416]OBJ SavePackage: Generating thumbnails for [0] asset(s) in package [/Game/Blueprints/RunnerGameMode] ([1] browsable assets)...
[2015.03.03-00.00.37:421][416]OBJ SavePackage: Finished generating thumbnails for package [/Game/Blueprints/RunnerGameMode]
[2015.03.03-00.00.37:520][416]LogSavePackage: Save=85.300468ms
[2015.03.03-00.00.37:520][416]LogSavePackage: Moving '../../../../../../Users/Jeremy Martin/Documents/Unreal Projects/ENPo/Saved/RunnerGameMode_Auto1F37373BA49EC28B52BB38EB0AC57EB32.tmp' to '../../../../../../Users/Jeremy Martin/Documents/Unreal Projects/ENPo/Saved/Autosaves/Game/Blueprints/RunnerGameMode_Auto1.uasset'
[2015.03.03-00.00.37:561][416]OBJ SavePackage: Generating thumbnails for [1] asset(s) in package [/Game/StarterContent/Blueprints/Assets/M_LightStage_Arrows] ([1] browsable assets)...
[2015.03.03-00.00.37:615][416]OBJ SavePackage:     Rendered thumbnail for [Material /Game/StarterContent/Blueprints/Assets/M_LightStage_Arrows.M_LightStage_Arrows]
[2015.03.03-00.00.37:615][416]OBJ SavePackage: Finished generating thumbnails for package [/Game/StarterContent/Blueprints/Assets/M_LightStage_Arrows]
[2015.03.03-00.00.37:953][416]LogSavePackage: Save=330.271240ms
[2015.03.03-00.00.37:953][416]LogSavePackage: Moving '../../../../../../Users/Jeremy Martin/Documents/Unreal Projects/ENPo/Saved/M_LightStage_Arrows_Auto137EF0A524F0C49B94FE99384C856A21F.tmp' to '../../../../../../Users/Jeremy Martin/Documents/Unreal Projects/ENPo/Saved/Autosaves/Game/StarterContent/Blueprints/Assets/M_LightStage_Arrows_Auto1.uasset'
[2015.03.03-00.00.37:959][416]LogFileHelpers: Auto-saving content packages took 1.374
[2015.03.03-00.02.48:466][390]LogActorComponent: UnregisterComponent: (/Engine/Transient.CharMoveComp) Not registered. Aborting.
[2015.03.03-00.05.10:551][639]BlueprintLog: New page: Pre-PIE auto-recompile
[2015.03.03-00.05.10:560][639]LogPlayLevel: [PIE] Compiling RunnerCharacter before PIE...
[2015.03.03-00.05.10:719][639]LogPlayLevel: [PIE] Compiling PuzzleExampleMap before PIE...
[2015.03.03-00.05.10:778][639]LogPlayLevel: PIE:  Blueprint regeneration took 227 ms (2 blueprints)
[2015.03.03-00.05.10:779][639]PIE: New page: SIE session: PuzzleExampleMap (Mar 2, 2015, 12:05:10 PM)
[2015.03.03-00.05.10:802][639]LogPlayLevel: PIE: StaticDuplicateObject took: (0.023480s)
[2015.03.03-00.05.10:808][639]LogPlayLevel: PIE: World Init took: (0.005360s)
[2015.03.03-00.05.10:808][639]LogPlayLevel: PIE: Created PIE world by copying editor world from /Game/PuzzleBP/Maps/PuzzleExampleMap.PuzzleExampleMap to /Game/PuzzleBP/Maps/UEDPIE_0_PuzzleExampleMap.PuzzleExampleMap (0.029098s)
[2015.03.03-00.05.10:862][639]LogSelection:Warning: PIE object was selected: "RunnerCharacter_C /Game/PuzzleBP/Maps/UEDPIE_0_PuzzleExampleMap.PuzzleExampleMap:PersistentLevel.RunnerCharacter_C_1"
[2015.03.03-00.05.10:886][639]LogWorld: Game class is 'RunnerGameMode_C'
[2015.03.03-00.05.10:888][639]LogAIModule: Creating AISystem for world PuzzleExampleMap
[2015.03.03-00.05.10:891][639]LogWorld: Bringing World /Game/PuzzleBP/Maps/UEDPIE_0_PuzzleExampleMap.PuzzleExampleMap up for play (max tick rate 60) at 2015.03.02-18.05.10
[2015.03.03-00.05.10:892][639]LogWorld: Bringing up level for play took: 0.003721
[2015.03.03-00.05.10:893][639]LogGameMode: Warning - PATHS NOT DEFINED or NO PLAYERSTART with positive rating
[2015.03.03-00.05.10:895][639]PIE: Info Play in editor start time for /Game/PuzzleBP/Maps/UEDPIE_0_PuzzleExampleMap 0.195
[2015.03.03-00.05.10:950][639]LogSelection:Warning: PIE object was selected: "RunnerCharacter_C /Game/PuzzleBP/Maps/UEDPIE_0_PuzzleExampleMap.PuzzleExampleMap:PersistentLevel.RunnerCharacter_C_1"
[2015.03.03-00.05.13:923][809]LogGameMode:Warning: Couldn't spawn Pawn of type RunnerCharacter_C at WorldInfo_0
[2015.03.03-00.05.14:047][809]LogGameMode:Warning: Couldn't spawn Pawn of type RunnerCharacter_C at WorldInfo_0
[2015.03.03-00.05.16:523][887]LogSelection:Warning: PIE object was selected: "RunnerCharacter_C /Game/PuzzleBP/Maps/UEDPIE_0_PuzzleExampleMap.PuzzleExampleMap:PersistentLevel.RunnerCharacter_C_1"
[2015.03.03-00.05.17:521][942]LogParticles: Destroying 0 GPU particle simulations for FXSystem 0x0000000031F21440
[2015.03.03-00.08.22:179][ 97]Cmd: OBJ SAVEPACKAGE PACKAGE="/Game/Blueprints/RunnerCharacter" FILE="../../../../../../Users/Jeremy Martin/Documents/Unreal Projects/ENPo/Content/Blueprints/RunnerCharacter.uasset" SILENT=true
[2015.03.03-00.08.22:604][ 97]LogSavePackage: Save=420.793091ms
[2015.03.03-00.08.22:604][ 97]LogSavePackage: Moving '../../../../../../Users/Jeremy Martin/Documents/Unreal Projects/ENPo/Saved/RunnerCharacter537FEB0A49CA472494FB9A9B8B1DAA75.tmp' to '../../../../../../Users/Jeremy Martin/Documents/Unreal Projects/ENPo/Content/Blueprints/RunnerCharacter.uasset'
[2015.03.03-00.08.26:563][166]BlueprintLog: New page: Compile RunnerCharacter
[2015.03.03-00.08.26:712][166]LogActorComponent: UnregisterComponent: (/Engine/Transient.CharMoveComp) Not registered. Aborting.
[2015.03.03-00.08.26:739][166]BlueprintEditorCompileResults: Info [1706.37] Compile of RunnerCharacter successful! [in 175 ms]
[2015.03.03-00.08.28:322][194]BlueprintLog: New page: Compile RunnerCharacter
[2015.03.03-00.08.28:448][194]BlueprintEditorCompileResults: Info [1708.08] Compile of RunnerCharacter successful! [in 126 ms]
[2015.03.03-00.08.34:239][349]LogEditorViewport: Clicking on Actor (LMB): RunnerCharacter_C (RunnerCharacter)
[2015.03.03-00.08.34:287][349]LogEditorViewport: Clicking on Component (LMB): StaticMeshComponent (Cone)
[2015.03.03-00.08.35:295][359]LogEditorViewport: Clicking on Component (LMB): StaticMeshComponent (Cone)
[2015.03.03-00.08.35:423][359]LogEditorViewport: Clicking on Actor (double click): RunnerCharacter_C (RunnerCharacter)
[2015.03.03-00.09.39:817][ 29]LogActorComponent: UnregisterComponent: (/Engine/Transient.CharMoveComp) Not registered. Aborting.
[2015.03.03-00.10.45:948][203]LogParticles: Destroying 0 GPU particle simulations for FXSystem 0x0000000024675580
[2015.03.03-00.10.46:186][203]LogSavePackage: Save=134.058578ms
[2015.03.03-00.10.46:186][203]LogSavePackage: Moving '../../../../../../Users/Jeremy Martin/Documents/Unreal Projects/ENPo/Saved/PuzzleExampleMap_Auto2C55E01024CD2F26E95DC8A9A14E4F841.tmp' to '../../../../../../Users/Jeremy Martin/Documents/Unreal Projects/ENPo/Saved/Autosaves/Game/PuzzleBP/Maps/PuzzleExampleMap_Auto2.umap'
[2015.03.03-00.10.46:190][203]LogFileHelpers: Editor autosave (incl. sublevels) for '/Game/PuzzleBP/Maps/PuzzleExampleMap' took 0.260
[2015.03.03-00.10.46:191][203]LogFileHelpers: Editor autosave (incl. sublevels) for all levels took 0.260
[2015.03.03-00.10.46:227][203]OBJ SavePackage: Generating thumbnails for [1] asset(s) in package [/Game/Blueprints/RunnerCharacter] ([1] browsable assets)...
[2015.03.03-00.10.46:285][203]OBJ SavePackage:     Rendered thumbnail for [Blueprint /Game/Blueprints/RunnerCharacter.RunnerCharacter]
[2015.03.03-00.10.46:285][203]OBJ SavePackage: Finished generating thumbnails for package [/Game/Blueprints/RunnerCharacter]
[2015.03.03-00.10.46:802][203]LogSavePackage: Save=512.208557ms
[2015.03.03-00.10.46:803][203]LogSavePackage: Moving '../../../../../../Users/Jeremy Martin/Documents/Unreal Projects/ENPo/Saved/RunnerCharacter_Auto210DEF498402C78695A5694B40AD1F9D7.tmp' to '../../../../../../Users/Jeremy Martin/Documents/Unreal Projects/ENPo/Saved/Autosaves/Game/Blueprints/RunnerCharacter_Auto2.uasset'
[2015.03.03-00.10.46:811][203]LogFileHelpers: Auto-saving content packages took 0.620
[2015.03.03-00.12.01:779][576]LogActorComponent: UnregisterComponent: (/Engine/Transient.CharMoveComp) Not registered. Aborting.
[2015.03.03-00.13.07:579][908]Cmd: OBJ SAVEPACKAGE PACKAGE="/Game/Blueprints/RunnerCharacter" FILE="../../../../../../Users/Jeremy Martin/Documents/Unreal Projects/ENPo/Content/Blueprints/RunnerCharacter.uasset" SILENT=true
[2015.03.03-00.13.07:978][908]LogSavePackage: Save=389.026031ms
[2015.03.03-00.13.07:978][908]LogSavePackage: Moving '../../../../../../Users/Jeremy Martin/Documents/Unreal Projects/ENPo/Saved/RunnerCharacterC6DE6EC849DD407BBED63B815DBE89C3.tmp' to '../../../../../../Users/Jeremy Martin/Documents/Unreal Projects/ENPo/Content/Blueprints/RunnerCharacter.uasset'
[2015.03.03-00.13.16:618][ 79]Cmd: OBJ SAVEPACKAGE PACKAGE="/Game/Blueprints/RunnerCharacter" FILE="../../../../../../Users/Jeremy Martin/Documents/Unreal Projects/ENPo/Content/Blueprints/RunnerCharacter.uasset" SILENT=true
[2015.03.03-00.13.16:662][ 79]LogSavePackage: Save=33.945789ms
[2015.03.03-00.13.16:662][ 79]LogSavePackage: Moving '../../../../../../Users/Jeremy Martin/Documents/Unreal Projects/ENPo/Saved/RunnerCharacter513F2D6749891951E2BFF99C4D95A11A.tmp' to '../../../../../../Users/Jeremy Martin/Documents/Unreal Projects/ENPo/Content/Blueprints/RunnerCharacter.uasset'
[2015.03.03-00.13.17:389][ 95]BlueprintLog: New page: Compile RunnerCharacter
[2015.03.03-00.13.17:630][ 95]LogActorComponent: UnregisterComponent: (/Engine/Transient.CharacterMovementComponent_0) Not registered. Aborting.
[2015.03.03-00.13.17:661][ 95]BlueprintEditorCompileResults: Info [1997.28] Compile of RunnerCharacter successful! [in 271 ms]
[2015.03.03-00.18.22:266][149]Cmd: TRANSACTION UNDO
[2015.03.03-00.18.22:266][149]LogEditorTransaction: Undo Add New Function
[2015.03.03-00.20.44:672][109]LogSavePackage: Save=108.686928ms
[2015.03.03-00.20.44:672][109]LogSavePackage: Moving '../../../../../../Users/Jeremy Martin/Documents/Unreal Projects/ENPo/Saved/PuzzleExampleMap_Auto352DBEF894AC9346D21579299E88BD12E.tmp' to '../../../../../../Users/Jeremy Martin/Documents/Unreal Projects/ENPo/Saved/Autosaves/Game/PuzzleBP/Maps/PuzzleExampleMap_Auto3.umap'
[2015.03.03-00.20.44:682][109]LogFileHelpers: Editor autosave (incl. sublevels) for '/Game/PuzzleBP/Maps/PuzzleExampleMap' took 0.230
[2015.03.03-00.20.44:682][109]LogFileHelpers: Editor autosave (incl. sublevels) for all levels took 0.230
[2015.03.03-00.20.44:712][109]OBJ SavePackage: Generating thumbnails for [0] asset(s) in package [/Game/Blueprints/RunnerController] ([1] browsable assets)...
[2015.03.03-00.20.44:712][109]OBJ SavePackage: Finished generating thumbnails for package [/Game/Blueprints/RunnerController]
[2015.03.03-00.20.44:844][109]LogSavePackage: Save=101.431602ms
[2015.03.03-00.20.44:844][109]LogSavePackage: Moving '../../../../../../Users/Jeremy Martin/Documents/Unreal Projects/ENPo/Saved/RunnerController_Auto3E0B34C1C454A34D820AA9BBC3229255D.tmp' to '../../../../../../Users/Jeremy Martin/Documents/Unreal Projects/ENPo/Saved/Autosaves/Game/Blueprints/RunnerController_Auto3.uasset'
[2015.03.03-00.20.44:883][109]OBJ SavePackage: Generating thumbnails for [1] asset(s) in package [/Game/Blueprints/RunnerCharacter] ([1] browsable assets)...
[2015.03.03-00.20.44:938][109]OBJ SavePackage:     Rendered thumbnail for [Blueprint /Game/Blueprints/RunnerCharacter.RunnerCharacter]
[2015.03.03-00.20.44:938][109]OBJ SavePackage: Finished generating thumbnails for package [/Game/Blueprints/RunnerCharacter]
[2015.03.03-00.20.45:411][109]LogSavePackage: Save=465.234436ms
[2015.03.03-00.20.45:411][109]LogSavePackage: Moving '../../../../../../Users/Jeremy Martin/Documents/Unreal Projects/ENPo/Saved/RunnerCharacter_Auto3581A0D3D44F27C6B601DE994BBD34D19.tmp' to '../../../../../../Users/Jeremy Martin/Documents/Unreal Projects/ENPo/Saved/Autosaves/Game/Blueprints/RunnerCharacter_Auto3.uasset'
[2015.03.03-00.20.45:455][109]OBJ SavePackage: Generating thumbnails for [0] asset(s) in package [/Game/Blueprints/RunnerGameMode] ([1] browsable assets)...
[2015.03.03-00.20.45:455][109]OBJ SavePackage: Finished generating thumbnails for package [/Game/Blueprints/RunnerGameMode]
[2015.03.03-00.20.45:583][109]LogSavePackage: Save=90.509758ms
[2015.03.03-00.20.45:584][109]LogSavePackage: Moving '../../../../../../Users/Jeremy Martin/Documents/Unreal Projects/ENPo/Saved/RunnerGameMode_Auto38DE15DEA4BFF440058F51C82FFF847DC.tmp' to '../../../../../../Users/Jeremy Martin/Documents/Unreal Projects/ENPo/Saved/Autosaves/Game/Blueprints/RunnerGameMode_Auto3.uasset'
[2015.03.03-00.20.45:592][109]LogFileHelpers: Auto-saving content packages took 0.910
[2015.03.03-00.20.58:728][185]Cmd: OBJ SAVEPACKAGE PACKAGE="/Game/Blueprints/RunnerCharacter" FILE="../../../../../../Users/Jeremy Martin/Documents/Unreal Projects/ENPo/Content/Blueprints/RunnerCharacter.uasset" SILENT=true
[2015.03.03-00.20.58:759][185]LogSavePackage: Save=25.850716ms
[2015.03.03-00.20.58:759][185]LogSavePackage: Moving '../../../../../../Users/Jeremy Martin/Documents/Unreal Projects/ENPo/Saved/RunnerCharacter20F035894C243C9D087190808899FBFF.tmp' to '../../../../../../Users/Jeremy Martin/Documents/Unreal Projects/ENPo/Content/Blueprints/RunnerCharacter.uasset'
[2015.03.03-00.21.45:945][407]BlueprintLog: New page: Pre-PIE auto-recompile
[2015.03.03-00.21.45:950][407]LogActorComponent: UnregisterComponent: (/Engine/Transient.CharMoveComp) Not registered. Aborting.
[2015.03.03-00.21.45:958][407]LogPlayLevel: [PIE] Compiling RunnerCharacter before PIE...
[2015.03.03-00.21.46:199][407]LogPlayLevel: [PIE] Compiling PuzzleExampleMap before PIE...
[2015.03.03-00.21.46:257][407]LogPlayLevel: PIE:  Blueprint regeneration took 311 ms (2 blueprints)
[2015.03.03-00.21.46:257][407]PIE: New page: SIE session: PuzzleExampleMap (Mar 2, 2015, 12:21:46 PM)
[2015.03.03-00.21.46:283][407]LogPlayLevel: PIE: StaticDuplicateObject took: (0.025664s)
[2015.03.03-00.21.46:286][407]LogPlayLevel: PIE: World Init took: (0.003207s)
[2015.03.03-00.21.46:286][407]LogPlayLevel: PIE: Created PIE world by copying editor world from /Game/PuzzleBP/Maps/PuzzleExampleMap.PuzzleExampleMap to /Game/PuzzleBP/Maps/UEDPIE_0_PuzzleExampleMap.PuzzleExampleMap (0.029156s)
[2015.03.03-00.21.46:340][407]LogSelection:Warning: PIE object was selected: "RunnerCharacter_C /Game/PuzzleBP/Maps/UEDPIE_0_PuzzleExampleMap.PuzzleExampleMap:PersistentLevel.RunnerCharacter_C_2"
[2015.03.03-00.21.46:376][407]LogWorld: Game class is 'RunnerGameMode_C'
[2015.03.03-00.21.46:382][407]LogAIModule: Creating AISystem for world PuzzleExampleMap
[2015.03.03-00.21.46:396][407]LogWorld: Bringing World /Game/PuzzleBP/Maps/UEDPIE_0_PuzzleExampleMap.PuzzleExampleMap up for play (max tick rate 60) at 2015.03.02-18.21.46
[2015.03.03-00.21.46:399][407]LogWorld: Bringing up level for play took: 0.014278
[2015.03.03-00.21.46:401][407]LogGameMode: Warning - PATHS NOT DEFINED or NO PLAYERSTART with positive rating
[2015.03.03-00.21.46:410][407]PIE: Info Play in editor start time for /Game/PuzzleBP/Maps/UEDPIE_0_PuzzleExampleMap -0.343
[2015.03.03-00.21.46:471][407]LogSelection:Warning: PIE object was selected: "RunnerCharacter_C /Game/PuzzleBP/Maps/UEDPIE_0_PuzzleExampleMap.PuzzleExampleMap:PersistentLevel.RunnerCharacter_C_2"
[2015.03.03-00.21.55:429][540]LogActorComponent: UnregisterComponent: (/Engine/Transient.CharMoveComp) Not registered. Aborting.
[2015.03.03-00.21.55:457][540]LogParticles: Destroying 0 GPU particle simulations for FXSystem 0x00000000433CDA80
[2015.03.03-00.22.05:073][632]BlueprintLog: New page: Pre-PIE auto-recompile
[2015.03.03-00.22.05:077][632]LogPlayLevel: [PIE] Compiling PuzzleExampleMap before PIE...
[2015.03.03-00.22.05:244][632]LogPlayLevel: PIE:  Blueprint regeneration took 171 ms (1 blueprints)
[2015.03.03-00.22.05:244][632]PIE: New page: SIE session: PuzzleExampleMap (Mar 2, 2015, 12:22:05 PM)
[2015.03.03-00.22.05:289][632]LogPlayLevel: PIE: StaticDuplicateObject took: (0.044544s)
[2015.03.03-00.22.05:292][632]LogPlayLevel: PIE: World Init took: (0.002868s)
[2015.03.03-00.22.05:292][632]LogPlayLevel: PIE: Created PIE world by copying editor world from /Game/PuzzleBP/Maps/PuzzleExampleMap.PuzzleExampleMap to /Game/PuzzleBP/Maps/UEDPIE_0_PuzzleExampleMap.PuzzleExampleMap (0.047674s)
[2015.03.03-00.22.05:366][632]LogSelection:Warning: PIE object was selected: "RunnerCharacter_C /Game/PuzzleBP/Maps/UEDPIE_0_PuzzleExampleMap.PuzzleExampleMap:PersistentLevel.RunnerCharacter_C_2"
[2015.03.03-00.22.05:403][632]LogWorld: Game class is 'RunnerGameMode_C'
[2015.03.03-00.22.05:405][632]LogAIModule: Creating AISystem for world PuzzleExampleMap
[2015.03.03-00.22.05:408][632]LogWorld: Bringing World /Game/PuzzleBP/Maps/UEDPIE_0_PuzzleExampleMap.PuzzleExampleMap up for play (max tick rate 60) at 2015.03.02-18.22.05
[2015.03.03-00.22.05:409][632]LogWorld: Bringing up level for play took: 0.003637
[2015.03.03-00.22.05:410][632]LogGameMode: Warning - PATHS NOT DEFINED or NO PLAYERSTART with positive rating
[2015.03.03-00.22.05:412][632]PIE: Info Play in editor start time for /Game/PuzzleBP/Maps/UEDPIE_0_PuzzleExampleMap 0.658
[2015.03.03-00.22.05:469][632]LogSelection:Warning: PIE object was selected: "RunnerCharacter_C /Game/PuzzleBP/Maps/UEDPIE_0_PuzzleExampleMap.PuzzleExampleMap:PersistentLevel.RunnerCharacter_C_2"
[2015.03.03-00.22.10:833][717]LogSelection:Warning: PIE object was selected: "RunnerCharacter_C /Game/PuzzleBP/Maps/UEDPIE_0_PuzzleExampleMap.PuzzleExampleMap:PersistentLevel.RunnerCharacter_C_2"
[2015.03.03-00.22.13:391][745]LogParticles: Destroying 0 GPU particle simulations for FXSystem 0x0000000045BF9080
[2015.03.03-00.22.15:378][766]LogEditorViewport: Clicking on Actor (LMB): CameraActor (Camera)
[2015.03.03-00.22.16:237][772]LogEditorViewport: Clicking on Actor (LMB): CameraActor (Camera)
[2015.03.03-00.22.21:206][820]LogEditorViewport: Clicking on Actor (LMB): RunnerCharacter_C (RunnerCharacter)
[2015.03.03-00.23.35:625][720]Cmd: OBJ SAVEPACKAGE PACKAGE="/Game/Blueprints/RunnerCharacter" FILE="../../../../../../Users/Jeremy Martin/Documents/Unreal Projects/ENPo/Content/Blueprints/RunnerCharacter.uasset" SILENT=true
[2015.03.03-00.23.36:038][720]LogSavePackage: Save=407.930054ms
[2015.03.03-00.23.36:038][720]LogSavePackage: Moving '../../../../../../Users/Jeremy Martin/Documents/Unreal Projects/ENPo/Saved/RunnerCharacter55129CBC4F36C45A297CF4BD26F85DE4.tmp' to '../../../../../../Users/Jeremy Martin/Documents/Unreal Projects/ENPo/Content/Blueprints/RunnerCharacter.uasset'
[2015.03.03-00.24.09:935][210]BlueprintLog: New page: Compile RunnerController
[2015.03.03-00.24.09:969][210]LogActorComponent: UnregisterComponent: (/Engine/Transient.CharMoveComp) Not registered. Aborting.
[2015.03.03-00.24.09:993][210]BlueprintEditorCompileResults: Info [2649.58] Compile of RunnerController successful! [in 58 ms]
[2015.03.03-00.24.13:011][335]Cmd: OBJ SAVEPACKAGE PACKAGE="/Game/Blueprints/RunnerGameMode" FILE="../../../../../../Users/Jeremy Martin/Documents/Unreal Projects/ENPo/Content/Blueprints/RunnerGameMode.uasset" SILENT=true
[2015.03.03-00.24.13:032][335]LogSavePackage: Save=11.199679ms
[2015.03.03-00.24.13:032][335]LogSavePackage: Moving '../../../../../../Users/Jeremy Martin/Documents/Unreal Projects/ENPo/Saved/RunnerGameModeF5DF9F8047B802E7D6BD3AA4552C74BE.tmp' to '../../../../../../Users/Jeremy Martin/Documents/Unreal Projects/ENPo/Content/Blueprints/RunnerGameMode.uasset'
[2015.03.03-00.24.13:344][341]Cmd: OBJ SAVEPACKAGE PACKAGE="/Game/Blueprints/RunnerGameMode" FILE="../../../../../../Users/Jeremy Martin/Documents/Unreal Projects/ENPo/Content/Blueprints/RunnerGameMode.uasset" SILENT=true
[2015.03.03-00.24.13:362][341]LogSavePackage: Save=11.258327ms
[2015.03.03-00.24.13:362][341]LogSavePackage: Moving '../../../../../../Users/Jeremy Martin/Documents/Unreal Projects/ENPo/Saved/RunnerGameMode03DA78AE4021C71A7B38C08FBA61C340.tmp' to '../../../../../../Users/Jeremy Martin/Documents/Unreal Projects/ENPo/Content/Blueprints/RunnerGameMode.uasset'
[2015.03.03-00.24.13:807][351]Cmd: OBJ SAVEPACKAGE PACKAGE="/Game/Blueprints/RunnerGameMode" FILE="../../../../../../Users/Jeremy Martin/Documents/Unreal Projects/ENPo/Content/Blueprints/RunnerGameMode.uasset" SILENT=true
[2015.03.03-00.24.13:837][351]LogSavePackage: Save=15.820670ms
[2015.03.03-00.24.13:837][351]LogSavePackage: Moving '../../../../../../Users/Jeremy Martin/Documents/Unreal Projects/ENPo/Saved/RunnerGameModeD3ABB4E4495673951C365D9A2CF1B640.tmp' to '../../../../../../Users/Jeremy Martin/Documents/Unreal Projects/ENPo/Content/Blueprints/RunnerGameMode.uasset'
[2015.03.03-00.24.14:986][380]BlueprintLog: New page: Compile RunnerGameMode
[2015.03.03-00.24.15:064][380]BlueprintEditorCompileResults: Info [2654.65] Compile of RunnerGameMode successful! [in 78 ms]
[2015.03.03-00.24.17:017][439]Cmd: OBJ SAVEPACKAGE PACKAGE="/Game/Blueprints/RunnerController" FILE="../../../../../../Users/Jeremy Martin/Documents/Unreal Projects/ENPo/Content/Blueprints/RunnerController.uasset" SILENT=true
[2015.03.03-00.24.17:029][439]LogSavePackage: Save=10.779989ms
[2015.03.03-00.24.17:029][439]LogSavePackage: Moving '../../../../../../Users/Jeremy Martin/Documents/Unreal Projects/ENPo/Saved/RunnerController359E1AC6422D9B43646E248428589B38.tmp' to '../../../../../../Users/Jeremy Martin/Documents/Unreal Projects/ENPo/Content/Blueprints/RunnerController.uasset'
[2015.03.03-00.24.17:336][454]Cmd: OBJ SAVEPACKAGE PACKAGE="/Game/Blueprints/RunnerController" FILE="../../../../../../Users/Jeremy Martin/Documents/Unreal Projects/ENPo/Content/Blueprints/RunnerController.uasset" SILENT=true
[2015.03.03-00.24.17:370][454]LogSavePackage: Save=23.583656ms
[2015.03.03-00.24.17:370][454]LogSavePackage: Moving '../../../../../../Users/Jeremy Martin/Documents/Unreal Projects/ENPo/Saved/RunnerControllerA644D3104C7A32AB191ED1A9BD95EADD.tmp' to '../../../../../../Users/Jeremy Martin/Documents/Unreal Projects/ENPo/Content/Blueprints/RunnerController.uasset'
[2015.03.03-00.24.22:726][607]LogSavePackage: Save=116.926048ms
[2015.03.03-00.24.22:726][607]LogSavePackage: Moving '../../../../../../Users/Jeremy Martin/Documents/Unreal Projects/ENPo/Saved/PuzzleExampleMap1A2CD19B400DB9AF1ACF4EBE0359AC01.tmp' to '../../../../../../Users/Jeremy Martin/Documents/Unreal Projects/ENPo/Content/PuzzleBP/Maps/PuzzleExampleMap.umap'
[2015.03.03-00.24.25:865][651]BlueprintLog: New page: Pre-PIE auto-recompile
[2015.03.03-00.24.25:871][651]LogPlayLevel: [PIE] Compiling PuzzleExampleMap before PIE...
[2015.03.03-00.24.25:933][651]LogPlayLevel: PIE:  Blueprint regeneration took 67 ms (1 blueprints)
[2015.03.03-00.24.25:933][651]PIE: New page: SIE session: PuzzleExampleMap (Mar 2, 2015, 12:24:25 PM)
[2015.03.03-00.24.25:985][651]LogPlayLevel: PIE: StaticDuplicateObject took: (0.050493s)
[2015.03.03-00.24.25:990][651]LogPlayLevel: PIE: World Init took: (0.004874s)
[2015.03.03-00.24.25:990][651]LogPlayLevel: PIE: Created PIE world by copying editor world from /Game/PuzzleBP/Maps/PuzzleExampleMap.PuzzleExampleMap to /Game/PuzzleBP/Maps/UEDPIE_0_PuzzleExampleMap.PuzzleExampleMap (0.055622s)
[2015.03.03-00.24.26:051][651]LogSelection:Warning: PIE object was selected: "RunnerCharacter_C /Game/PuzzleBP/Maps/UEDPIE_0_PuzzleExampleMap.PuzzleExampleMap:PersistentLevel.RunnerCharacter_C_2"
[2015.03.03-00.24.26:085][651]LogWorld: Game class is 'RunnerGameMode_C'
[2015.03.03-00.24.26:092][651]LogAIModule: Creating AISystem for world PuzzleExampleMap
[2015.03.03-00.24.26:102][651]LogWorld: Bringing World /Game/PuzzleBP/Maps/UEDPIE_0_PuzzleExampleMap.PuzzleExampleMap up for play (max tick rate 60) at 2015.03.02-18.24.26
[2015.03.03-00.24.26:103][651]LogWorld: Bringing up level for play took: 0.009908
[2015.03.03-00.24.26:105][651]LogGameMode: Warning - PATHS NOT DEFINED or NO PLAYERSTART with positive rating
[2015.03.03-00.24.26:109][651]PIE: Info Play in editor start time for /Game/PuzzleBP/Maps/UEDPIE_0_PuzzleExampleMap -0.653
[2015.03.03-00.24.26:175][651]LogSelection:Warning: PIE object was selected: "RunnerCharacter_C /Game/PuzzleBP/Maps/UEDPIE_0_PuzzleExampleMap.PuzzleExampleMap:PersistentLevel.RunnerCharacter_C_2"
[2015.03.03-00.24.42:991][ 97]LogParticles: Destroying 0 GPU particle simulations for FXSystem 0x0000000013BA6B60
[2015.03.03-00.31.11:414][943]BlueprintLog: New page: Compile RunnerController
[2015.03.03-00.31.11:484][943]BlueprintEditorCompileResults: Info [3071.04] Compile of RunnerController successful! [in 69 ms]
[2015.03.03-00.31.12:217][ 24]Cmd: OBJ SAVEPACKAGE PACKAGE="/Game/Blueprints/RunnerController" FILE="../../../../../../Users/Jeremy Martin/Documents/Unreal Projects/ENPo/Content/Blueprints/RunnerController.uasset" SILENT=true
[2015.03.03-00.31.12:242][ 24]LogSavePackage: Save=19.048435ms
[2015.03.03-00.31.12:242][ 24]LogSavePackage: Moving '../../../../../../Users/Jeremy Martin/Documents/Unreal Projects/ENPo/Saved/RunnerControllerC48A66C74081B1B7752AB390D5DC3047.tmp' to '../../../../../../Users/Jeremy Martin/Documents/Unreal Projects/ENPo/Content/Blueprints/RunnerController.uasset'
[2015.03.03-00.31.13:367][152]Cmd: OBJ SAVEPACKAGE PACKAGE="/Game/Blueprints/RunnerController" FILE="../../../../../../Users/Jeremy Martin/Documents/Unreal Projects/ENPo/Content/Blueprints/RunnerController.uasset" SILENT=true
[2015.03.03-00.31.13:388][152]LogSavePackage: Save=17.330456ms
[2015.03.03-00.31.13:388][152]LogSavePackage: Moving '../../../../../../Users/Jeremy Martin/Documents/Unreal Projects/ENPo/Saved/RunnerControllerB76DED3B4CF6DAD4AEAD1284E0F1567C.tmp' to '../../../../../../Users/Jeremy Martin/Documents/Unreal Projects/ENPo/Content/Blueprints/RunnerController.uasset'
[2015.03.03-00.31.30:060][521]BlueprintLog: New page: Pre-PIE auto-recompile
[2015.03.03-00.31.30:063][521]LogPlayLevel: [PIE] Compiling PuzzleExampleMap before PIE...
[2015.03.03-00.31.30:208][521]LogPlayLevel: PIE:  Blueprint regeneration took 147 ms (1 blueprints)
[2015.03.03-00.31.30:208][521]PIE: New page: SIE session: PuzzleExampleMap (Mar 2, 2015, 12:31:30 PM)
[2015.03.03-00.31.30:253][521]LogPlayLevel: PIE: StaticDuplicateObject took: (0.043441s)
[2015.03.03-00.31.30:255][521]LogPlayLevel: PIE: World Init took: (0.002095s)
[2015.03.03-00.31.30:255][521]LogPlayLevel: PIE: Created PIE world by copying editor world from /Game/PuzzleBP/Maps/PuzzleExampleMap.PuzzleExampleMap to /Game/PuzzleBP/Maps/UEDPIE_0_PuzzleExampleMap.PuzzleExampleMap (0.045800s)
[2015.03.03-00.31.30:328][521]LogWorld: Game class is 'RunnerGameMode_C'
[2015.03.03-00.31.30:330][521]LogAIModule: Creating AISystem for world PuzzleExampleMap
[2015.03.03-00.31.30:333][521]LogWorld: Bringing World /Game/PuzzleBP/Maps/UEDPIE_0_PuzzleExampleMap.PuzzleExampleMap up for play (max tick rate 0) at 2015.03.02-18.31.30
[2015.03.03-00.31.30:334][521]LogWorld: Bringing up level for play took: 0.003643
[2015.03.03-00.31.30:334][521]LogGameMode: Warning - PATHS NOT DEFINED or NO PLAYERSTART with positive rating
[2015.03.03-00.31.30:338][521]PIE: Info Play in editor start time for /Game/PuzzleBP/Maps/UEDPIE_0_PuzzleExampleMap -0.445
[2015.03.03-00.31.39:807][655]LogParticles: Destroying 0 GPU particle simulations for FXSystem 0x00000000239D3560
[2015.03.03-00.31.40:755][666]LogEditorViewport: Clicking on Actor (LMB): RunnerCharacter_C (RunnerCharacter)
[2015.03.03-00.31.42:950][685]LogEditorViewport: Clicking on Actor (LMB): RunnerCharacter_C (RunnerCharacter)
[2015.03.03-00.31.43:883][694]LogEditorViewport: Clicking on Actor (LMB): RunnerCharacter_C (RunnerCharacter)
[2015.03.03-00.31.44:868][701]LogEditorViewport: Clicking on Actor (LMB): RunnerCharacter_C (RunnerCharacter)
[2015.03.03-00.32.08:064][801]LogEditorViewport: Clicking on Actor (LMB): RunnerCharacter_C (RunnerCharacter)
[2015.03.03-00.35.37:661][612]BlueprintLog: New page: Pre-PIE auto-recompile
[2015.03.03-00.35.37:664][612]LogPlayLevel: [PIE] Compiling PuzzleExampleMap before PIE...
[2015.03.03-00.35.37:733][612]LogPlayLevel: PIE:  Blueprint regeneration took 71 ms (1 blueprints)
[2015.03.03-00.35.37:733][612]PIE: New page: PIE session: PuzzleExampleMap (Mar 2, 2015, 12:35:37 PM)
[2015.03.03-00.35.37:759][612]LogPlayLevel: PIE: StaticDuplicateObject took: (0.026074s)
[2015.03.03-00.35.37:762][612]LogPlayLevel: PIE: World Init took: (0.002311s)
[2015.03.03-00.35.37:762][612]LogPlayLevel: PIE: Created PIE world by copying editor world from /Game/PuzzleBP/Maps/PuzzleExampleMap.PuzzleExampleMap to /Game/PuzzleBP/Maps/UEDPIE_0_PuzzleExampleMap.PuzzleExampleMap (0.028651s)
[2015.03.03-00.35.37:854][612]LogWorld: Game class is 'RunnerGameMode_C'
[2015.03.03-00.35.37:860][612]LogAIModule: Creating AISystem for world PuzzleExampleMap
[2015.03.03-00.35.37:868][612]LogWorld: Bringing World /Game/PuzzleBP/Maps/UEDPIE_0_PuzzleExampleMap.PuzzleExampleMap up for play (max tick rate 0) at 2015.03.02-18.35.37
[2015.03.03-00.35.37:869][612]LogWorld: Bringing up level for play took: 0.008179
[2015.03.03-00.35.37:876][612]PIE: Info Play in editor start time for /Game/PuzzleBP/Maps/UEDPIE_0_PuzzleExampleMap 1.079
[2015.03.03-00.35.43:168][710]LogParticles: Destroying 0 GPU particle simulations for FXSystem 0x000000002299DEE0
[2015.03.03-00.35.46:085][743]LogEditorViewport: Clicking on Actor (LMB): CameraActor (Camera)
[2015.03.03-00.35.48:000][765]Cmd: DELETE
[2015.03.03-00.35.48:000][765]Cmd: ACTOR DELETE
[2015.03.03-00.35.49:785][765]LogEditorActor: Deleted Actor: CameraActor
[2015.03.03-00.35.49:830][765]LogEditorActor: Deleted 1 Actors (1.830 secs)
[2015.03.03-00.35.51:339][786]BlueprintLog: New page: Pre-PIE auto-recompile
[2015.03.03-00.35.51:345][786]LogPlayLevel: [PIE] Compiling PuzzleExampleMap before PIE...
[2015.03.03-00.35.51:381][786]LogBlueprint:Warning: [compiler] Warning Node  Unknown  is not referencing a valid level actor
[2015.03.03-00.35.51:382][786]LogBlueprint:Warning: [compiler] Warning [3350.93] Compile of PuzzleExampleMap successful, but with 1 Warning(s) [in 35 ms]
[2015.03.03-00.35.51:382][786]LogBlueprint:Warning: [compiler] Warning [3350.93] Compile of PuzzleExampleMap successful, but with 2 Warning(s) [in 0 ms]
[2015.03.03-00.35.51:409][786]LogBlueprint:Warning: [compiler] Warning [3350.95] Compile of PuzzleExampleMap successful, but with 3 Warning(s) [in 26 ms]
[2015.03.03-00.35.51:412][786]LogBlueprint:Warning: [compiler] Warning [3350.96] Compile of PuzzleExampleMap successful, but with 4 Warning(s) [in 2 ms]
[2015.03.03-00.35.51:412][786]LogBlueprint:Warning: [compiler] Warning [3350.96] Compile of PuzzleExampleMap successful, but with 5 Warning(s) [in 0 ms]
[2015.03.03-00.35.51:412][786]LogBlueprint:Warning: [compiler] Warning [3350.96] Compile of PuzzleExampleMap successful, but with 6 Warning(s) [in 0 ms]
[2015.03.03-00.35.51:429][786]LogPlayLevel: PIE:  Blueprint regeneration took 90 ms (1 blueprints)
[2015.03.03-00.35.51:430][786]PIE: New page: PIE session: PuzzleExampleMap (Mar 2, 2015, 12:35:51 PM)
[2015.03.03-00.35.51:473][786]LogPlayLevel: PIE: StaticDuplicateObject took: (0.043125s)
[2015.03.03-00.35.51:475][786]LogPlayLevel: PIE: World Init took: (0.002307s)
[2015.03.03-00.35.51:476][786]LogPlayLevel: PIE: Created PIE world by copying editor world from /Game/PuzzleBP/Maps/PuzzleExampleMap.PuzzleExampleMap to /Game/PuzzleBP/Maps/UEDPIE_0_PuzzleExampleMap.PuzzleExampleMap (0.045688s)
[2015.03.03-00.35.51:553][786]LogWorld: Game class is 'RunnerGameMode_C'
[2015.03.03-00.35.51:560][786]LogAIModule: Creating AISystem for world PuzzleExampleMap
[2015.03.03-00.35.51:569][786]LogWorld: Bringing World /Game/PuzzleBP/Maps/UEDPIE_0_PuzzleExampleMap.PuzzleExampleMap up for play (max tick rate 0) at 2015.03.02-18.35.51
[2015.03.03-00.35.51:570][786]LogWorld: Bringing up level for play took: 0.009062
[2015.03.03-00.35.51:572][786]PIE: Info Play in editor start time for /Game/PuzzleBP/Maps/UEDPIE_0_PuzzleExampleMap 0.775
[2015.03.03-00.35.54:529][875]LogParticles: Destroying 0 GPU particle simulations for FXSystem 0x00000000299CADE0
[2015.03.03-00.35.59:293][940]LogEditorViewport: Clicking on Actor (LMB): RunnerCharacter_C (RunnerCharacter)
[2015.03.03-00.37.11:171][226]BlueprintLog: New page: Pre-PIE auto-recompile
[2015.03.03-00.37.11:174][226]LogPlayLevel: [PIE] Compiling PuzzleExampleMap before PIE...
[2015.03.03-00.37.11:184][226]LogBlueprint:Warning: [compiler] Warning Node  Unknown  is not referencing a valid level actor
[2015.03.03-00.37.11:184][226]LogBlueprint:Warning: [compiler] Warning [3430.72] Compile of PuzzleExampleMap successful, but with 1 Warning(s) [in 8 ms]
[2015.03.03-00.37.11:185][226]LogBlueprint:Warning: [compiler] Warning [3430.73] Compile of PuzzleExampleMap successful, but with 2 Warning(s) [in 0 ms]
[2015.03.03-00.37.11:217][226]LogBlueprint:Warning: [compiler] Warning [3430.76] Compile of PuzzleExampleMap successful, but with 3 Warning(s) [in 31 ms]
[2015.03.03-00.37.11:220][226]LogBlueprint:Warning: [compiler] Warning [3430.76] Compile of PuzzleExampleMap successful, but with 4 Warning(s) [in 2 ms]
[2015.03.03-00.37.11:220][226]LogBlueprint:Warning: [compiler] Warning [3430.76] Compile of PuzzleExampleMap successful, but with 5 Warning(s) [in 0 ms]
[2015.03.03-00.37.11:220][226]LogBlueprint:Warning: [compiler] Warning [3430.76] Compile of PuzzleExampleMap successful, but with 6 Warning(s) [in 0 ms]
[2015.03.03-00.37.11:243][226]LogPlayLevel: PIE:  Blueprint regeneration took 72 ms (1 blueprints)
[2015.03.03-00.37.11:244][226]PIE: New page: SIE session: PuzzleExampleMap (Mar 2, 2015, 12:37:11 PM)
[2015.03.03-00.37.11:270][226]LogPlayLevel: PIE: StaticDuplicateObject took: (0.026169s)
[2015.03.03-00.37.11:275][226]LogPlayLevel: PIE: World Init took: (0.004266s)
[2015.03.03-00.37.11:275][226]LogPlayLevel: PIE: Created PIE world by copying editor world from /Game/PuzzleBP/Maps/PuzzleExampleMap.PuzzleExampleMap to /Game/PuzzleBP/Maps/UEDPIE_0_PuzzleExampleMap.PuzzleExampleMap (0.030716s)
[2015.03.03-00.37.11:325][226]LogSelection:Warning: PIE object was selected: "RunnerCharacter_C /Game/PuzzleBP/Maps/UEDPIE_0_PuzzleExampleMap.PuzzleExampleMap:PersistentLevel.RunnerCharacter_C_2"
[2015.03.03-00.37.11:352][226]LogWorld: Game class is 'RunnerGameMode_C'
[2015.03.03-00.37.11:354][226]LogAIModule: Creating AISystem for world PuzzleExampleMap
[2015.03.03-00.37.11:358][226]LogWorld: Bringing World /Game/PuzzleBP/Maps/UEDPIE_0_PuzzleExampleMap.PuzzleExampleMap up for play (max tick rate 0) at 2015.03.02-18.37.11
[2015.03.03-00.37.11:359][226]LogWorld: Bringing up level for play took: 0.004615
[2015.03.03-00.37.11:360][226]LogGameMode: Warning - PATHS NOT DEFINED or NO PLAYERSTART with positive rating
[2015.03.03-00.37.11:363][226]PIE: Info Play in editor start time for /Game/PuzzleBP/Maps/UEDPIE_0_PuzzleExampleMap 0.56
[2015.03.03-00.37.11:425][226]LogSelection:Warning: PIE object was selected: "RunnerCharacter_C /Game/PuzzleBP/Maps/UEDPIE_0_PuzzleExampleMap.PuzzleExampleMap:PersistentLevel.RunnerCharacter_C_2"
[2015.03.03-00.37.18:393][316]LogParticles: Destroying 0 GPU particle simulations for FXSystem 0x00000000299CB380
[2015.03.03-00.37.19:414][328]BlueprintLog: New page: Pre-PIE auto-recompile
[2015.03.03-00.37.19:417][328]LogPlayLevel: [PIE] Compiling PuzzleExampleMap before PIE...
[2015.03.03-00.37.19:504][328]LogBlueprint:Warning: [compiler] Warning Node  Unknown  is not referencing a valid level actor
[2015.03.03-00.37.19:504][328]LogBlueprint:Warning: [compiler] Warning [3439.04] Compile of PuzzleExampleMap successful, but with 1 Warning(s) [in 86 ms]
[2015.03.03-00.37.19:505][328]LogBlueprint:Warning: [compiler] Warning [3439.05] Compile of PuzzleExampleMap successful, but with 2 Warning(s) [in 0 ms]
[2015.03.03-00.37.19:533][328]LogBlueprint:Warning: [compiler] Warning [3439.07] Compile of PuzzleExampleMap successful, but with 3 Warning(s) [in 28 ms]
[2015.03.03-00.37.19:536][328]LogBlueprint:Warning: [compiler] Warning [3439.08] Compile of PuzzleExampleMap successful, but with 4 Warning(s) [in 2 ms]
[2015.03.03-00.37.19:536][328]LogBlueprint:Warning: [compiler] Warning [3439.08] Compile of PuzzleExampleMap successful, but with 5 Warning(s) [in 0 ms]
[2015.03.03-00.37.19:536][328]LogBlueprint:Warning: [compiler] Warning [3439.08] Compile of PuzzleExampleMap successful, but with 6 Warning(s) [in 0 ms]
[2015.03.03-00.37.19:556][328]LogPlayLevel: PIE:  Blueprint regeneration took 142 ms (1 blueprints)
[2015.03.03-00.37.19:556][328]PIE: New page: SIE session: PuzzleExampleMap (Mar 2, 2015, 12:37:19 PM)
[2015.03.03-00.37.19:587][328]LogPlayLevel: PIE: StaticDuplicateObject took: (0.029666s)
[2015.03.03-00.37.19:587][328]LogPlayLevel: PIE: World Init took: (0.000619s)
[2015.03.03-00.37.19:588][328]LogPlayLevel: PIE: Created PIE world by copying editor world from /Game/PuzzleBP/Maps/PuzzleExampleMap.PuzzleExampleMap to /Game/PuzzleBP/Maps/UEDPIE_0_PuzzleExampleMap.PuzzleExampleMap (0.030626s)
[2015.03.03-00.37.19:646][328]LogSelection:Warning: PIE object was selected: "RunnerCharacter_C /Game/PuzzleBP/Maps/UEDPIE_0_PuzzleExampleMap.PuzzleExampleMap:PersistentLevel.RunnerCharacter_C_2"
[2015.03.03-00.37.19:673][328]LogWorld: Game class is 'RunnerGameMode_C'
[2015.03.03-00.37.19:674][328]LogAIModule: Creating AISystem for world PuzzleExampleMap
[2015.03.03-00.37.19:677][328]LogWorld: Bringing World /Game/PuzzleBP/Maps/UEDPIE_0_PuzzleExampleMap.PuzzleExampleMap up for play (max tick rate 0) at 2015.03.02-18.37.19
[2015.03.03-00.37.19:678][328]LogWorld: Bringing up level for play took: 0.003234
[2015.03.03-00.37.19:678][328]LogGameMode: Warning - PATHS NOT DEFINED or NO PLAYERSTART with positive rating
[2015.03.03-00.37.19:681][328]PIE: Info Play in editor start time for /Game/PuzzleBP/Maps/UEDPIE_0_PuzzleExampleMap 0.878
[2015.03.03-00.37.19:740][328]LogSelection:Warning: PIE object was selected: "RunnerCharacter_C /Game/PuzzleBP/Maps/UEDPIE_0_PuzzleExampleMap.PuzzleExampleMap:PersistentLevel.RunnerCharacter_C_2"
[2015.03.03-00.37.21:056][345]LogParticles: Destroying 0 GPU particle simulations for FXSystem 0x000000001E145760
[2015.03.03-00.39.34:775][298]LogBlueprint:Warning: [compiler] Warning Node  Unknown  is not referencing a valid level actor
[2015.03.03-00.39.34:776][298]LogBlueprint:Warning: [compiler] Warning [3574.31] Compile of PuzzleExampleMap successful, but with 1 Warning(s) [in 7 ms]
[2015.03.03-00.39.34:777][298]LogBlueprint:Warning: [compiler] Warning [3574.31] Compile of PuzzleExampleMap successful, but with 2 Warning(s) [in 0 ms]
[2015.03.03-00.39.34:806][298]LogBlueprint:Warning: [compiler] Warning [3574.34] Compile of PuzzleExampleMap successful, but with 3 Warning(s) [in 29 ms]
[2015.03.03-00.39.34:809][298]LogBlueprint:Warning: [compiler] Warning [3574.34] Compile of PuzzleExampleMap successful, but with 4 Warning(s) [in 2 ms]
[2015.03.03-00.39.34:809][298]LogBlueprint:Warning: [compiler] Warning [3574.34] Compile of PuzzleExampleMap successful, but with 5 Warning(s) [in 0 ms]
[2015.03.03-00.39.34:809][298]LogBlueprint:Warning: [compiler] Warning [3574.34] Compile of PuzzleExampleMap successful, but with 6 Warning(s) [in 0 ms]
[2015.03.03-00.39.34:878][298]LogSavePackage: Save=111.045624ms
[2015.03.03-00.39.34:878][298]LogSavePackage: Moving '../../../../../../Users/Jeremy Martin/Documents/Unreal Projects/ENPo/Saved/PuzzleExampleMap663BC6B442C812AFD84E4D97A70E3DDE.tmp' to '../../../../../../Users/Jeremy Martin/Documents/Unreal Projects/ENPo/Content/PuzzleBP/Maps/PuzzleExampleMap.umap'
[2015.03.03-00.39.35:883][309]LogBlueprint:Warning: [compiler] Warning Node  Unknown  is not referencing a valid level actor
[2015.03.03-00.39.35:884][309]LogBlueprint:Warning: [compiler] Warning [3575.42] Compile of PuzzleExampleMap successful, but with 1 Warning(s) [in 6 ms]
[2015.03.03-00.39.35:884][309]LogBlueprint:Warning: [compiler] Warning [3575.42] Compile of PuzzleExampleMap successful, but with 2 Warning(s) [in 0 ms]
[2015.03.03-00.39.35:912][309]LogBlueprint:Warning: [compiler] Warning [3575.44] Compile of PuzzleExampleMap successful, but with 3 Warning(s) [in 27 ms]
[2015.03.03-00.39.35:914][309]LogBlueprint:Warning: [compiler] Warning [3575.45] Compile of PuzzleExampleMap successful, but with 4 Warning(s) [in 2 ms]
[2015.03.03-00.39.35:915][309]LogBlueprint:Warning: [compiler] Warning [3575.45] Compile of PuzzleExampleMap successful, but with 5 Warning(s) [in 0 ms]
[2015.03.03-00.39.35:915][309]LogBlueprint:Warning: [compiler] Warning [3575.45] Compile of PuzzleExampleMap successful, but with 6 Warning(s) [in 0 ms]
[2015.03.03-00.39.35:996][309]LogSavePackage: Save=120.095535ms
[2015.03.03-00.39.35:996][309]LogSavePackage: Moving '../../../../../../Users/Jeremy Martin/Documents/Unreal Projects/ENPo/Saved/PuzzleExampleMap80CCB98A405D0D97EAC59F93AE3B76F1.tmp' to '../../../../../../Users/Jeremy Martin/Documents/Unreal Projects/ENPo/Content/PuzzleBP/Maps/PuzzleExampleMap.umap'
[2015.03.03-00.39.36:623][317]LogBlueprint:Warning: [compiler] Warning Node  Unknown  is not referencing a valid level actor
[2015.03.03-00.39.36:624][317]LogBlueprint:Warning: [compiler] Warning [3576.16] Compile of PuzzleExampleMap successful, but with 1 Warning(s) [in 9 ms]
[2015.03.03-00.39.36:625][317]LogBlueprint:Warning: [compiler] Warning [3576.16] Compile of PuzzleExampleMap successful, but with 2 Warning(s) [in 0 ms]
[2015.03.03-00.39.36:653][317]LogBlueprint:Warning: [compiler] Warning [3576.19] Compile of PuzzleExampleMap successful, but with 3 Warning(s) [in 27 ms]
[2015.03.03-00.39.36:656][317]LogBlueprint:Warning: [compiler] Warning [3576.19] Compile of PuzzleExampleMap successful, but with 4 Warning(s) [in 2 ms]
[2015.03.03-00.39.36:656][317]LogBlueprint:Warning: [compiler] Warning [3576.19] Compile of PuzzleExampleMap successful, but with 5 Warning(s) [in 0 ms]
[2015.03.03-00.39.36:656][317]LogBlueprint:Warning: [compiler] Warning [3576.19] Compile of PuzzleExampleMap successful, but with 6 Warning(s) [in 0 ms]
[2015.03.03-00.39.36:728][317]LogSavePackage: Save=115.138794ms
[2015.03.03-00.39.36:728][317]LogSavePackage: Moving '../../../../../../Users/Jeremy Martin/Documents/Unreal Projects/ENPo/Saved/PuzzleExampleMapBE5A8DBB46551F933934EA9AD7821342.tmp' to '../../../../../../Users/Jeremy Martin/Documents/Unreal Projects/ENPo/Content/PuzzleBP/Maps/PuzzleExampleMap.umap'
[2015.03.03-00.39.37:347][324]LogBlueprint:Warning: [compiler] Warning Node  Unknown  is not referencing a valid level actor
[2015.03.03-00.39.37:348][324]LogBlueprint:Warning: [compiler] Warning [3576.88] Compile of PuzzleExampleMap successful, but with 1 Warning(s) [in 6 ms]
[2015.03.03-00.39.37:348][324]LogBlueprint:Warning: [compiler] Warning [3576.88] Compile of PuzzleExampleMap successful, but with 2 Warning(s) [in 0 ms]
[2015.03.03-00.39.37:375][324]LogBlueprint:Warning: [compiler] Warning [3576.91] Compile of PuzzleExampleMap successful, but with 3 Warning(s) [in 26 ms]
[2015.03.03-00.39.37:378][324]LogBlueprint:Warning: [compiler] Warning [3576.91] Compile of PuzzleExampleMap successful, but with 4 Warning(s) [in 2 ms]
[2015.03.03-00.39.37:378][324]LogBlueprint:Warning: [compiler] Warning [3576.91] Compile of PuzzleExampleMap successful, but with 5 Warning(s) [in 0 ms]
[2015.03.03-00.39.37:378][324]LogBlueprint:Warning: [compiler] Warning [3576.91] Compile of PuzzleExampleMap successful, but with 6 Warning(s) [in 0 ms]
[2015.03.03-00.39.37:448][324]LogSavePackage: Save=108.013588ms
[2015.03.03-00.39.37:448][324]LogSavePackage: Moving '../../../../../../Users/Jeremy Martin/Documents/Unreal Projects/ENPo/Saved/PuzzleExampleMapC1C0671C4957E897B69DFC8EFA3869DF.tmp' to '../../../../../../Users/Jeremy Martin/Documents/Unreal Projects/ENPo/Content/PuzzleBP/Maps/PuzzleExampleMap.umap'
[2015.03.03-00.39.38:179][332]LogBlueprint:Warning: [compiler] Warning Node  Unknown  is not referencing a valid level actor
[2015.03.03-00.39.38:180][332]LogBlueprint:Warning: [compiler] Warning [3577.71] Compile of PuzzleExampleMap successful, but with 1 Warning(s) [in 6 ms]
[2015.03.03-00.39.38:180][332]LogBlueprint:Warning: [compiler] Warning [3577.71] Compile of PuzzleExampleMap successful, but with 2 Warning(s) [in 0 ms]
[2015.03.03-00.39.38:207][332]LogBlueprint:Warning: [compiler] Warning [3577.74] Compile of PuzzleExampleMap successful, but with 3 Warning(s) [in 26 ms]
[2015.03.03-00.39.38:211][332]LogBlueprint:Warning: [compiler] Warning [3577.74] Compile of PuzzleExampleMap successful, but with 4 Warning(s) [in 3 ms]
[2015.03.03-00.39.38:211][332]LogBlueprint:Warning: [compiler] Warning [3577.74] Compile of PuzzleExampleMap successful, but with 5 Warning(s) [in 0 ms]
[2015.03.03-00.39.38:211][332]LogBlueprint:Warning: [compiler] Warning [3577.74] Compile of PuzzleExampleMap successful, but with 6 Warning(s) [in 0 ms]
[2015.03.03-00.39.38:286][332]LogSavePackage: Save=114.113945ms
[2015.03.03-00.39.38:286][332]LogSavePackage: Moving '../../../../../../Users/Jeremy Martin/Documents/Unreal Projects/ENPo/Saved/PuzzleExampleMap8E20C97343336AE738D8AE85F8F5778B.tmp' to '../../../../../../Users/Jeremy Martin/Documents/Unreal Projects/ENPo/Content/PuzzleBP/Maps/PuzzleExampleMap.umap'
[2015.03.03-00.39.46:705][623]Cmd: CLOSE_SLATE_MAINFRAME
[2015.03.03-00.39.49:096][623]LogSavePackage: Save=7.806971ms
[2015.03.03-00.39.49:096][623]LogSavePackage: Moving '../../../../../../Users/Jeremy Martin/Documents/Unreal Projects/ENPo/Saved/M_LightStage_Arrows355C42894F93CD584CBAE0BF0ADA41EF.tmp' to '../../../../../../Users/Jeremy Martin/Documents/Unreal Projects/ENPo/Content/StarterContent/Blueprints/Assets/M_LightStage_Arrows.uasset'
[2015.03.03-00.39.49:749][624]Cmd: QUIT_EDITOR
[2015.03.03-00.39.49:996][624]LogExit: Preparing to exit.
[2015.03.03-00.39.50:468][624]LogExit: Editor shut down
[2015.03.03-00.39.50:469][624]LogExit: Transaction tracking system shut down
[2015.03.03-00.39.50:469][624]LogParticles: Destroying 0 GPU particle simulations for FXSystem 0x000000000DA5CAE0
[2015.03.03-00.39.50:470][624]LogParticles: Destroying 0 GPU particle simulations for FXSystem 0x000000003B36AAC0
[2015.03.03-00.39.50:470][624]LogParticles: Destroying 0 GPU particle simulations for FXSystem 0x000000001862B060
[2015.03.03-00.39.50:470][624]LogParticles: Destroying 0 GPU particle simulations for FXSystem 0x0000000012AFD620
[2015.03.03-00.39.50:470][624]LogParticles: Destroying 0 GPU particle simulations for FXSystem 0x0000000012AFEAC0
[2015.03.03-00.39.50:470][624]LogParticles: Destroying 0 GPU particle simulations for FXSystem 0x0000000039BF45E0
[2015.03.03-00.39.50:471][624]LogParticles: Destroying 0 GPU particle simulations for FXSystem 0x000000002299D6C0
[2015.03.03-00.39.50:472][624]LogParticles: Destroying 0 GPU particle simulations for FXSystem 0x0000000022B2EB60
[2015.03.03-00.39.50:758][624]LogExit: Object subsystem successfully closed.
[2015.03.03-00.39.50:996][624]LogModuleManager: Shutting down and abandoning module CrashTracker (177)
[2015.03.03-00.39.50:997][624]LogModuleManager: Shutting down and abandoning module SuperSearch (176)
[2015.03.03-00.39.50:997][624]LogModuleManager: Shutting down and abandoning module SceneOutliner (175)
[2015.03.03-00.39.50:997][624]LogModuleManager: Shutting down and abandoning module EditorWidgets (174)
[2015.03.03-00.39.50:997][624]LogModuleManager: Shutting down and abandoning module CollectionManager (173)
[2015.03.03-00.39.50:997][624]LogModuleManager: Shutting down and abandoning module StatsViewer (172)
[2015.03.03-00.39.50:999][624]LogModuleManager: Shutting down and abandoning module FoliageEdit (171)
[2015.03.03-00.39.50:999][624]LogModuleManager: Shutting down and abandoning module LandscapeEditor (170)
[2015.03.03-00.39.51:001][624]LogModuleManager: Shutting down and abandoning module MeshPaint (169)
[2015.03.03-00.39.51:001][624]LogModuleManager: Shutting down and abandoning module ActorPickerMode (168)
[2015.03.03-00.39.51:001][624]LogModuleManager: Shutting down and abandoning module GeometryMode (167)
[2015.03.03-00.39.51:001][624]LogModuleManager: Shutting down and abandoning module TextureAlignMode (166)
[2015.03.03-00.39.51:002][624]LogModuleManager: Shutting down and abandoning module BspMode (165)
[2015.03.03-00.39.51:002][624]LogModuleManager: Shutting down and abandoning module PlacementMode (164)
[2015.03.03-00.39.51:002][624]LogModuleManager: Shutting down and abandoning module AutomationWorker (163)
[2015.03.03-00.39.51:002][624]LogModuleManager: Shutting down and abandoning module CharacterAI (162)
[2015.03.03-00.39.51:002][624]LogModuleManager: Shutting down and abandoning module SmartSnapping (161)
[2015.03.03-00.39.51:002][624]LogModuleManager: Shutting down and abandoning module ViewportSnapping (160)
[2015.03.03-00.39.51:002][624]LogModuleManager: Shutting down and abandoning module LogVisualizer (159)
[2015.03.03-00.39.51:005][624]LogModuleManager: Shutting down and abandoning module GameProjectGeneration (158)
[2015.03.03-00.39.51:011][624]LogModuleManager: Shutting down and abandoning module IntroTutorials (157)
[2015.03.03-00.39.51:035][624]LogModuleManager: Shutting down and abandoning module EditorLiveStreaming (156)
[2015.03.03-00.39.51:035][624]LogModuleManager: Shutting down and abandoning module HardwareTargeting (155)
[2015.03.03-00.39.51:036][624]LogModuleManager: Shutting down and abandoning module DeviceProfileEditor (154)
[2015.03.03-00.39.51:036][624]LogModuleManager: Shutting down and abandoning module UndoHistory (153)
[2015.03.03-00.39.51:036][624]LogModuleManager: Shutting down and abandoning module GameplayTagsEditor (152)
[2015.03.03-00.39.51:036][624]LogModuleManager: Shutting down and abandoning module UserFeedback (151)
[2015.03.03-00.39.51:036][624]LogModuleManager: Shutting down and abandoning module XmlParser (150)
[2015.03.03-00.39.51:059][624]LogModuleManager: Shutting down and abandoning module Blutility (149)
[2015.03.03-00.39.51:059][624]LogModuleManager: Shutting down and abandoning module IOSPlatformEditor (148)
[2015.03.03-00.39.51:059][624]LogModuleManager: Shutting down and abandoning module IOSRuntimeSettings (147)
[2015.03.03-00.39.51:059][624]LogModuleManager: Shutting down and abandoning module AndroidDeviceDetection (146)
[2015.03.03-00.39.51:217][624]LogModuleManager: Shutting down and abandoning module AndroidPlatformEditor (145)
[2015.03.03-00.39.51:217][624]LogModuleManager: Shutting down and abandoning module AndroidRuntimeSettings (144)
[2015.03.03-00.39.51:217][624]LogModuleManager: Shutting down and abandoning module ProjectTargetPlatformEditor (143)
[2015.03.03-00.39.51:217][624]LogModuleManager: Shutting down and abandoning module ProjectSettingsViewer (142)
[2015.03.03-00.39.51:217][624]LogModuleManager: Shutting down and abandoning module InputBindingEditor (141)
[2015.03.03-00.39.51:226][624]LogModuleManager: Shutting down and abandoning module EditorSettingsViewer (140)
[2015.03.03-00.39.51:226][624]LogModuleManager: Shutting down and abandoning module SettingsEditor (139)
[2015.03.03-00.39.51:227][624]LogModuleManager: Shutting down and abandoning module ProjectLauncher (138)
[2015.03.03-00.39.51:244][624]LogModuleManager: Shutting down and abandoning module SessionFrontend (137)
[2015.03.03-00.39.51:254][624]LogModuleManager: Shutting down and abandoning module ProfilerClient (136)
[2015.03.03-00.39.51:255][624]LogModuleManager: Shutting down and abandoning module TargetDeviceServices (135)
[2015.03.03-00.39.51:255][624]LogModuleManager: Shutting down and abandoning module DeviceManager (134)
[2015.03.03-00.39.51:255][624]LogModuleManager: Shutting down and abandoning module AutomationController (133)
[2015.03.03-00.39.51:256][624]LogModuleManager: Shutting down and abandoning module AutomationWindow (132)
[2015.03.03-00.39.51:256][624]LogModuleManager: Shutting down and abandoning module Layers (131)
[2015.03.03-00.39.51:258][624]LogModuleManager: Shutting down and abandoning module ComponentVisualizers (130)
[2015.03.03-00.39.51:258][624]LogModuleManager: Shutting down and abandoning module DetailCustomizations (129)
[2015.03.03-00.39.51:258][624]LogModuleManager: Shutting down and abandoning module PackagesDialog (128)
[2015.03.03-00.39.51:258][624]LogModuleManager: Shutting down and abandoning module AssetRegistry (127)
[2015.03.03-00.39.51:291][624]LogModuleManager: Shutting down and abandoning module Persona (126)
[2015.03.03-00.39.51:330][624]LogModuleManager: Shutting down and abandoning module SlateReflector (125)
[2015.03.03-00.39.51:332][624]LogModuleManager: Shutting down and abandoning module LevelEditor (124)
[2015.03.03-00.39.51:336][624]LogModuleManager: Shutting down and abandoning module Kismet (123)
[2015.03.03-00.39.51:337][624]LogModuleManager: Shutting down and abandoning module GraphEditor (122)
[2015.03.03-00.39.51:337][624]LogModuleManager: Shutting down and abandoning module ClassViewer (121)
[2015.03.03-00.39.51:338][624]LogModuleManager: Shutting down and abandoning module Toolbox (120)
[2015.03.03-00.39.51:338][624]LogModuleManager: Shutting down and abandoning module ModuleUI (119)
[2015.03.03-00.39.51:338][624]LogModuleManager: Shutting down and abandoning module MovieSceneTools (118)
[2015.03.03-00.39.51:350][624]LogModuleManager: Shutting down and abandoning module OutputLog (117)
[2015.03.03-00.39.51:350][624]LogModuleManager: Shutting down and abandoning module GammaUI (116)
[2015.03.03-00.39.51:350][624]LogModuleManager: Shutting down and abandoning module Documentation (115)
[2015.03.03-00.39.51:350][624]LogModuleManager: Shutting down and abandoning module GameLiveStreaming (114)
[2015.03.03-00.39.51:350][624]LogModuleManager: Shutting down and abandoning module StreamingPauseRendering (113)
[2015.03.03-00.39.51:353][624]LogModuleManager: Shutting down and abandoning module HTTP (112)
[2015.03.03-00.39.51:353][624]LogModuleManager: Shutting down and abandoning module AnalyticsET (111)
[2015.03.03-00.39.51:353][624]LogModuleManager: Shutting down and abandoning module Analytics (110)
[2015.03.03-00.39.51:353][624]LogModuleManager: Shutting down and abandoning module AITestSuite (109)
[2015.03.03-00.39.51:353][624]LogModuleManager: Shutting down and abandoning module GameplayDebugger (108)
[2015.03.03-00.39.51:353][624]LogModuleManager: Shutting down and abandoning module AIModule (107)
[2015.03.03-00.39.51:353][624]LogModuleManager: Shutting down and abandoning module ProfilerService (106)
[2015.03.03-00.39.51:510][624]LogModuleManager: Shutting down and abandoning module TaskGraph (105)
[2015.03.03-00.39.51:511][624]LogModuleManager: Shutting down and abandoning module SlateRemote (104)
[2015.03.03-00.39.51:511][624]LogModuleManager: Shutting down and abandoning module ScriptEditorPlugin (103)
[2015.03.03-00.39.51:511][624]LogModuleManager: Shutting down and abandoning module CustomMeshComponent (102)
[2015.03.03-00.39.51:511][624]LogModuleManager: Shutting down and abandoning module CableComponent (101)
[2015.03.03-00.39.51:520][624]LogModuleManager: Shutting down and abandoning module MessagingDebugger (100)
[2015.03.03-00.39.51:531][624]LogModuleManager: Shutting down and abandoning module MediaPlayerEditor (99)
[2015.03.03-00.39.51:537][624]LogModuleManager: Shutting down and abandoning module SpeedTreeImporter (98)
[2015.03.03-00.39.51:537][624]LogModuleManager: Shutting down and abandoning module PluginsEditor (97)
[2015.03.03-00.39.51:537][624]LogModuleManager: Shutting down and abandoning module MainFrame (96)
[2015.03.03-00.39.51:537][624]LogModuleManager: Shutting down and abandoning module EpicSurvey (95)
[2015.03.03-00.39.51:554][624]LogModuleManager: Shutting down and abandoning module DesktopPlatform (94)
[2015.03.03-00.39.51:556][624]LogModuleManager: Shutting down and abandoning module DirectoryWatcher (93)
[2015.03.03-00.39.51:556][624]LogModuleManager: Shutting down and abandoning module HotReload (92)
[2015.03.03-00.39.51:566][624]LogModuleManager: Shutting down and abandoning module VisualStudioSourceCodeAccess (91)
[2015.03.03-00.39.51:566][624]LogModuleManager: Shutting down and abandoning module UObjectPlugin (90)
[2015.03.03-00.39.51:566][624]LogModuleManager: Shutting down and abandoning module SubversionSourceControl (89)
[2015.03.03-00.39.51:567][624]LogModuleManager: Shutting down and abandoning module PerforceSourceControl (88)
[2015.03.03-00.39.51:570][624]LogModuleManager: Shutting down and abandoning module SourceControl (87)
[2015.03.03-00.39.51:570][624]LogModuleManager: Shutting down and abandoning module GitSourceControl (86)
[2015.03.03-00.39.51:571][624]LogModuleManager: Shutting down and abandoning module BlankPlugin (85)
[2015.03.03-00.39.51:571][624]LogModuleManager: Shutting down and abandoning module PaperTiledImporter (84)
[2015.03.03-00.39.51:571][624]LogModuleManager: Shutting down and abandoning module PaperJsonImporter (83)
[2015.03.03-00.39.51:571][624]LogModuleManager: Shutting down and abandoning module ContentBrowser (82)
[2015.03.03-00.39.51:573][624]LogModuleManager: Shutting down and abandoning module Paper2DEditor (81)
[2015.03.03-00.39.51:583][624]LogModuleManager: Shutting down and abandoning module ScriptPlugin (80)
[2015.03.03-00.39.51:583][624]LogModuleManager: Shutting down and abandoning module UdpMessaging (79)
[2015.03.03-00.39.51:683][624]LogModuleManager: Shutting down and abandoning module Paper2D (78)
[2015.03.03-00.39.51:684][624]LogModuleManager: Shutting down and abandoning module WindowsMoviePlayer (77)
[2015.03.03-00.39.51:692][624]LogModuleManager: Shutting down and abandoning module Media (76)
[2015.03.03-00.39.51:692][624]LogModuleManager: Shutting down and abandoning module WmfMedia (75)
[2015.03.03-00.39.51:693][624]LogModuleManager: Shutting down and abandoning module OnlineBlueprintSupport (74)
[2015.03.03-00.39.51:693][624]LogModuleManager: Shutting down and abandoning module PropertyEditor (73)
[2015.03.03-00.39.51:693][624]LogModuleManager: Shutting down and abandoning module BehaviorTreeEditor (72)
[2015.03.03-00.39.51:710][624]LogModuleManager: Shutting down and abandoning module FunctionalTesting (71)
[2015.03.03-00.39.51:710][624]LogModuleManager: Shutting down and abandoning module CollisionAnalyzer (70)
[2015.03.03-00.39.51:711][624]LogModuleManager: Shutting down and abandoning module WorkspaceMenuStructure (69)
[2015.03.03-00.39.51:711][624]LogModuleManager: Shutting down and abandoning module MessageLog (68)
[2015.03.03-00.39.51:711][624]LogModuleManager: Shutting down and abandoning module Sequencer (67)
[2015.03.03-00.39.51:712][624]LogModuleManager: Shutting down and abandoning module AssetTools (66)
[2015.03.03-00.39.51:713][624]LogModuleManager: Shutting down and abandoning module UMGEditor (65)
[2015.03.03-00.39.51:714][624]LogModuleManager: Shutting down and abandoning module UMG (64)
[2015.03.03-00.39.51:715][624]LogModuleManager: Shutting down and abandoning module Slate (63)
[2015.03.03-00.39.51:715][624]LogModuleManager: Shutting down and abandoning module EditorStyle (62)
[2015.03.03-00.39.51:721][624]LogModuleManager: Shutting down and abandoning module SessionServices (61)
[2015.03.03-00.39.51:721][624]LogModuleManager: Shutting down and abandoning module SourceCodeAccess (60)
[2015.03.03-00.39.51:721][624]LogModuleManager: Shutting down and abandoning module HeadMountedDisplay (59)
[2015.03.03-00.39.51:721][624]LogModuleManager: Shutting down and abandoning module XAudio2 (58)
[2015.03.03-00.39.51:721][624]LogModuleManager: Shutting down and abandoning module Networking (56)
[2015.03.03-00.39.51:721][624]LogModuleManager: Shutting down and abandoning module Core (55)
[2015.03.03-00.39.51:721][624]LogModuleManager: Shutting down and abandoning module KismetCompiler (54)
[2015.03.03-00.39.51:721][624]LogModuleManager: Shutting down and abandoning module PhysXFormats (53)
[2015.03.03-00.39.51:721][624]LogModuleManager: Shutting down and abandoning module MeshUtilities (52)
[2015.03.03-00.39.51:723][624]LogModuleManager: Shutting down and abandoning module DerivedDataCache (51)
[2015.03.03-00.39.51:771][624]LogDerivedDataCache: Shutdown
[2015.03.03-00.39.51:771][624]LogModuleManager: Shutting down and abandoning module ShaderFormatOpenGL (50)
[2015.03.03-00.39.51:771][624]LogModuleManager: Shutting down and abandoning module ShaderFormatD3D (49)
[2015.03.03-00.39.51:772][624]LogModuleManager: Shutting down and abandoning module MetalShaderFormat (48)
[2015.03.03-00.39.51:773][624]LogModuleManager: Shutting down and abandoning module TextureFormatUncompressed (47)
[2015.03.03-00.39.51:773][624]LogModuleManager: Shutting down and abandoning module TextureFormatPVR (46)
[2015.03.03-00.39.51:773][624]LogModuleManager: Shutting down and abandoning module TextureFormatIntelISPCTexComp (45)
[2015.03.03-00.39.51:773][624]LogModuleManager: Shutting down and abandoning module TextureFormatDXT (44)
[2015.03.03-00.39.51:773][624]LogModuleManager: Shutting down and abandoning module ImageWrapper (43)
[2015.03.03-00.39.51:773][624]LogModuleManager: Shutting down and abandoning module TextureFormatASTC (42)
[2015.03.03-00.39.51:773][624]LogModuleManager: Shutting down and abandoning module TextureFormatAndroid (41)
[2015.03.03-00.39.51:773][624]LogModuleManager: Shutting down and abandoning module AudioFormatOpus (40)
[2015.03.03-00.39.51:779][624]LogModuleManager: Shutting down and abandoning module AudioFormatOgg (39)
[2015.03.03-00.39.51:779][624]LogModuleManager: Shutting down and abandoning module AudioFormatADPCM (38)
[2015.03.03-00.39.51:779][624]LogModuleManager: Shutting down and abandoning module LinuxTargetPlatform (37)
[2015.03.03-00.39.51:779][624]LogModuleManager: Shutting down and abandoning module LinuxServerTargetPlatform (36)
[2015.03.03-00.39.51:780][624]LogModuleManager: Shutting down and abandoning module LinuxNoEditorTargetPlatform (35)
[2015.03.03-00.39.51:780][624]LogModuleManager: Shutting down and abandoning module Messaging (34)
[2015.03.03-00.39.51:780][624]LogModuleManager: Shutting down and abandoning module IOSTargetPlatform (33)
[2015.03.03-00.39.51:780][624]LogModuleManager: Shutting down and abandoning module HTML5TargetPlatform (32)
[2015.03.03-00.39.51:780][624]LogModuleManager: Shutting down and abandoning module Android_PVRTCTargetPlatform (31)
[2015.03.03-00.39.51:780][624]LogModuleManager: Shutting down and abandoning module Android_ETC2TargetPlatform (30)
[2015.03.03-00.39.51:780][624]LogModuleManager: Shutting down and abandoning module Android_ETC1TargetPlatform (29)
[2015.03.03-00.39.51:780][624]LogModuleManager: Shutting down and abandoning module Android_ES31TargetPlatform (28)
[2015.03.03-00.39.51:780][624]LogModuleManager: Shutting down and abandoning module Android_DXTTargetPlatform (27)
[2015.03.03-00.39.51:780][624]LogModuleManager: Shutting down and abandoning module Android_ATCTargetPlatform (26)
[2015.03.03-00.39.51:780][624]LogModuleManager: Shutting down and abandoning module AndroidTargetPlatform (25)
[2015.03.03-00.39.51:780][624]LogModuleManager: Shutting down and abandoning module WindowsTargetPlatform (24)
[2015.03.03-00.39.51:780][624]LogModuleManager: Shutting down and abandoning module WindowsServerTargetPlatform (23)
[2015.03.03-00.39.51:780][624]LogModuleManager: Shutting down and abandoning module WindowsNoEditorTargetPlatform (22)
[2015.03.03-00.39.51:780][624]LogModuleManager: Shutting down and abandoning module WindowsClientTargetPlatform (21)
[2015.03.03-00.39.51:780][624]LogModuleManager: Shutting down and abandoning module TargetPlatform (20)
[2015.03.03-00.39.51:780][624]LogModuleManager: Shutting down and abandoning module InputCore (19)
[2015.03.03-00.39.51:780][624]LogModuleManager: Shutting down and abandoning module Settings (18)
[2015.03.03-00.39.51:780][624]LogModuleManager: Shutting down and abandoning module OnlineSubsystem (16)
[2015.03.03-00.39.51:780][624]LogModuleManager: Shutting down and abandoning module OculusRift (15)
[2015.03.03-00.39.51:780][624]LogModuleManager: Shutting down and abandoning module ExampleDeviceProfileSelector (14)
[2015.03.03-00.39.51:780][624]LogModuleManager: Shutting down and abandoning module TextureCompressor (13)
[2015.03.03-00.39.51:781][624]LogModuleManager: Shutting down and abandoning module ShaderCore (12)
[2015.03.03-00.39.51:781][624]LogModuleManager: Shutting down and abandoning module Landscape (11)
[2015.03.03-00.39.51:781][624]LogModuleManager: Shutting down and abandoning module SlateRHIRenderer (10)
[2015.03.03-00.39.51:784][624]LogModuleManager: Shutting down and abandoning module OpenGLDrv (9)
[2015.03.03-00.39.51:784][624]LogModuleManager: Shutting down and abandoning module D3D11RHI (8)
[2015.03.03-00.39.51:784][624]LogModuleManager: Shutting down and abandoning module Renderer (7)
[2015.03.03-00.39.51:784][624]LogModuleManager: Shutting down and abandoning module Engine (6)
[2015.03.03-00.39.51:784][624]LogModuleManager: Shutting down and abandoning module CoreUObject (5)
[2015.03.03-00.39.51:784][624]LogModuleManager: Shutting down and abandoning module NetworkFile (4)
[2015.03.03-00.39.51:785][624]LogModuleManager: Shutting down and abandoning module StreamingFile (3)
[2015.03.03-00.39.51:785][624]LogModuleManager: Shutting down and abandoning module SandboxFile (2)
[2015.03.03-00.39.51:786][624]LogModuleManager: Shutting down and abandoning module PakFile (1)
[2015.03.03-00.39.51:788][624]LogExit: Exiting.
[2015.03.03-00.39.51:793][624]Log file closed, 03/02/15 18:39:51
