Log file open, 03/03/15 17:01:32
LogInit:Display: Running engine for game: ENPo
LogInit: Version: 4.7.1-2462028+++depot+UE4-Releases+4.7
LogInit: API Version: 2455222
LogInit: Compiled (64-bit): Feb 26 2015 07:49:00
LogInit: Compiled with Visual C++: 18.00.21005.01
LogInit: Build Configuration: Development
LogInit: Branch Name: ++depot+UE4-Releases+4.7
LogInit: Command line: 
LogInit: Base directory: C:/Program Files/Epic Games/4.7/Engine/Binaries/Win64/
LogInit: Rocket: 1
[2015.03.03-23.01.32:449][  0]LogTaskGraph: Started task graph with 3 named threads and 6 total threads.
[2015.03.03-23.01.32:498][  0]LogOnline:Warning: No default platform service specified for OnlineSubsystem
[2015.03.03-23.01.32:509][  0]LogInit: Presizing for 0 objects not considered by GC, pre-allocating 0 bytes.
[2015.03.03-23.01.32:517][  0]LogInit: Object subsystem initialized
[2015.03.03-23.01.32:518][  0]LogConsoleResponse:Warning: Skipping Unknown console variable: 'TranslucentSortAxis = (X=0.000000,Y=-1.000000,Z=0.000000)'
[2015.03.03-23.01.32:518][  0]LogConsoleResponse:Warning:   Found in ini file 'C:/Users/Jeremy Martin/Documents/Unreal Projects/ENPo/Saved/Config/Windows/Engine.ini', in section '[/Script/Engine.RendererSettings]'
[2015.03.03-23.01.32:519][  0]LogConsoleResponse:Warning: Skipping Unknown console variable: 'UIScaleRule = ShortestSide'
[2015.03.03-23.01.32:519][  0]LogConsoleResponse:Warning:   Found in ini file 'C:/Users/Jeremy Martin/Documents/Unreal Projects/ENPo/Saved/Config/Windows/Engine.ini', in section '[/Script/Engine.RendererSettings]'
[2015.03.03-23.01.32:519][  0]LogConsoleResponse:Warning: Skipping Unknown console variable: 'UIScaleCurve = (EditorCurveData=(Keys=),ExternalCurve=None)'
[2015.03.03-23.01.32:519][  0]LogConsoleResponse:Warning:   Found in ini file 'C:/Users/Jeremy Martin/Documents/Unreal Projects/ENPo/Saved/Config/Windows/Engine.ini', in section '[/Script/Engine.RendererSettings]'
[2015.03.03-23.01.32:519][  0]LogInit: Selected Device Profile: [Windows]
[2015.03.03-23.01.32:519][  0]LogInit: Applying CVar settings loaded from the selected device profile: [Windows]
[2015.03.03-23.01.32:527][  0]LogInit: Computer: JEREMYMARTIN-PC
[2015.03.03-23.01.32:527][  0]LogInit: User: JeremyMartin
[2015.03.03-23.01.32:527][  0]LogInit: CPU Page size=4096, Cores=4
[2015.03.03-23.01.32:527][  0]LogInit: High frequency timer resolution =2.728203 MHz
[2015.03.03-23.01.32:527][  0]LogMemory: Memory total: Physical=7.9GB (8GB approx) Virtual=8192.0GB
[2015.03.03-23.01.32:527][  0]LogMemory: Platform Memory Stats for Windows
[2015.03.03-23.01.32:527][  0]LogMemory: Process Physical Memory: 48.40 MB used, 48.40 MB peak
[2015.03.03-23.01.32:527][  0]LogMemory: Process Virtual Memory: 24.39 MB used, 24.39 MB peak
[2015.03.03-23.01.32:527][  0]LogMemory: Physical Memory: 3413.68 MB used, 8097.22 MB total
[2015.03.03-23.01.32:527][  0]LogMemory: Virtual Memory: 276.37 MB used, 8388608.00 MB total
[2015.03.03-23.01.32:556][  0]LogD3D11RHI: Found D3D11 adapter 0: Intel(R) HD Graphics 4600 (Feature Level 11_0)
[2015.03.03-23.01.32:556][  0]LogD3D11RHI: Adapter has 2094MB of dedicated video memory, 0MB of dedicated system memory, and 3792MB of shared system memory, 1 output[s]
[2015.03.03-23.01.32:556][  0]LogD3D11RHI: Chosen D3D11 Adapter Id = 0
[2015.03.03-23.01.32:560][  0]LogRHI: Texture pool is 1361 MB (70% of 1945 MB)
[2015.03.03-23.01.32:572][  0]LogD3D11RHI: Async texture creation enabled
[2015.03.03-23.01.32:611][  0]LogTextLocalizationManager: The requested culture ('en_US') has no localization data; parent culture's ('en') localization data will be used.
[2015.03.03-23.01.32:732][  0]LogContentStreaming: Texture pool size is 0.000000MB
[2015.03.03-23.01.34:745][  0]LogTargetPlatformManager:Display: Building Assets For Windows
[2015.03.03-23.01.35:185][  0]LogTargetPlatformManager:Display: Building Assets For Windows
[2015.03.03-23.01.35:235][  0]LogDerivedDataCache:Display: Max Cache Size: 512 MB
[2015.03.03-23.01.35:270][  0]LogDerivedDataCache: Loaded boot cache 0.03s 39MB C:/Users/Jeremy Martin/AppData/Local/UnrealEngine/4.7/DerivedDataCache/Boot.ddc.
[2015.03.03-23.01.35:270][  0]LogDerivedDataCache:Display: Loaded Boot cache: C:/Users/Jeremy Martin/AppData/Local/UnrealEngine/4.7/DerivedDataCache/Boot.ddc
[2015.03.03-23.01.35:270][  0]LogDerivedDataCache: FDerivedDataBackendGraph:  Pak pak cache file ../../../../../../Users/Jeremy Martin/Documents/Unreal Projects/ENPo/DerivedDataCache/DDC.ddp not found, will not use a pak cache.
[2015.03.03-23.01.35:270][  0]LogDerivedDataCache: Unable to find inner node Pak for hierarchical cache Hierarchy.
[2015.03.03-23.01.35:374][  0]LogDerivedDataCache:Display: Pak cache opened for reading ../../../Engine/DerivedDataCache/Compressed.ddp.
[2015.03.03-23.01.35:385][  0]LogDerivedDataCache: Using Local data cache path C:/Users/Jeremy Martin/AppData/Local/UnrealEngine/Common/DerivedDataCache: Writable
[2015.03.03-23.01.35:626][  0]LogMeshUtilities: No automatic mesh reduction module available
[2015.03.03-23.01.35:626][  0]LogMeshUtilities: No automatic mesh merging module available
[2015.03.03-23.01.36:124][  0]LogInit: WinSock: version 1.1 (2.2), MaxSocks=32767, MaxUdp=65467
[2015.03.03-23.01.36:185][  0]LogSlate:Warning: Failed to load font data from '../../../Engine/Content/Slate/Fonts/Roboto-Italic.ttf'
[2015.03.03-23.01.36:811][  0]UdpMessaging: Initializing bridge on interface 0.0.0.0:0 to multicast group 230.0.0.1:6666.
[2015.03.03-23.01.36:977][  0]SourceControl: Info Source control is disabled
[2015.03.03-23.01.36:977][  0]SourceControl: Info Source control is disabled
[2015.03.03-23.01.36:977][  0]SourceControl: Info Source control is disabled
[2015.03.03-23.01.36:977][  0]LogSourceControl: RunCommandInternalRaw: 'git version'
[2015.03.03-23.01.36:977][  0]LogSourceControl: RunCommandInternalRaw: ExecProcess ReturnCode=2 OutResults=''
[2015.03.03-23.01.36:985][  0]SourceControl: Info Source control is disabled
[2015.03.03-23.01.37:129][  0]LogObj: 24231 objects as part of root set at end of initial load.
[2015.03.03-23.01.37:129][  0]LogUObjectAllocator: 5136440 out of 0 bytes used by permanent object pool.
[2015.03.03-23.01.37:195][  0]LogEngine: Initializing Engine...
[2015.03.03-23.01.40:325][  0]LogInit: XAudio2 using 'Speakers / Headphones (Realtek High Definition Audio)' : 2 channels at 48 kHz using 32 bits per sample (channel mask 0x3)
[2015.03.03-23.01.40:403][  0]LogInit: FAudioDevice initialized.
[2015.03.03-23.01.40:433][  0]LogAIModule: Creating AISystem for world NewWorld
[2015.03.03-23.01.40:452][  0]LogDerivedDataCache: Saved boot cache 0.02s 39MB C:/Users/Jeremy Martin/AppData/Local/UnrealEngine/4.7/DerivedDataCache/Boot.ddc.
[2015.03.03-23.01.40:454][  0]LogInit: Texture streaming: Enabled
[2015.03.03-23.01.40:527][  0]LogAnalytics: Creating configured Analytics provider AnalyticsET
[2015.03.03-23.01.40:527][  0]LogAnalytics: ET APIKey = Rocket.Release. APIServer = http://et2.epicgames.com/ET2/. AppVersion = 4.7.1-2462028+++depot+UE4-Releases+4.7
[2015.03.03-23.01.40:527][  0]LogAnalytics: ET APIKey = Rocket.Release. DataRouterUploadURL = https://datarouter-public-service-gamedev.ol.epicgames.net/datarouter/api/v1/public/data. AppVersion = 4.7.1-2462028+++depot+UE4-Releases+4.7
[2015.03.03-23.01.40:527][  0]LogAnalytics: SetUserId 4faf2b8f401686a57575ecb438c58793|93efd1466ca449a7a50c61e21231fb4f|d21d11dd-cad7-4eb6-8377-a86052e53efe
[2015.03.03-23.01.40:527][  0]LogAnalytics: AnalyticsET::StartSession [Rocket.Release]
[2015.03.03-23.01.40:559][  0]LogInit: Transaction tracking system initialized
[2015.03.03-23.01.40:716][  0]BlueprintLog: New page: Editor Load
[2015.03.03-23.01.40:746][  0]LogAssetRegistry: FAssetRegistry took 0.0096 seconds to start up
[2015.03.03-23.01.40:746][  0]LogDirectoryWatcher:Warning: Failed to begin reading directory changes for ../../../Engine/Plugins/Experimental/CharacterAI/Content/. Error: 0
[2015.03.03-23.01.41:251][  0]LogTargetPlatformManager:Display: Building Assets For Windows
[2015.03.03-23.01.41:590][  0]LogTargetPlatformManager:Display: Building Assets For Windows
[2015.03.03-23.01.41:802][  0]LogSlate:Warning: Failed to load font data from '../../../Engine/Content/Editor/Slate/Fonts/Roboto-Regular.ttf'
[2015.03.03-23.01.41:803][  0]LogSlate:Warning: Failed to load font data from '../../../Engine/Content/Editor/Slate/Fonts/Roboto-Bold.ttf'
[2015.03.03-23.01.41:807][  0]LogConsoleResponse:Display: 
[2015.03.03-23.01.41:970][  0]LogCook:Display: Done creating registry. It took  0.00s.
[2015.03.03-23.01.42:082][  0]SourceControl: Info Source control is disabled
[2015.03.03-23.01.42:082][  0]Cmd: MAP LOAD FILE="../../../../../../Users/Jeremy Martin/Documents/Unreal Projects/ENPo/Content/PuzzleBP/Maps/PuzzleExampleMap.umap" TEMPLATE=0 SHOWPROGRESS=1 FEATURELEVEL=3
[2015.03.03-23.01.42:147][  0]LightingResults: New page: Lighting Build
[2015.03.03-23.01.42:157][  0]MapCheck: New page: Map Check
[2015.03.03-23.01.42:157][  0]LightingResults: New page: Lighting Build
[2015.03.03-23.01.42:163][  0]LogParticles: Destroying 0 GPU particle simulations for FXSystem 0x0000000013944D60
[2015.03.03-23.01.42:969][  0]LogBlueprint:Warning: [compiler] Warning Node  Unknown  is not referencing a valid level actor
[2015.03.03-23.01.42:970][  0]LogBlueprint:Warning: [compiler] Warning [0012.35] Compile of PuzzleExampleMap successful, but with 1 Warning(s) [in 5 ms]
[2015.03.03-23.01.42:970][  0]LogBlueprint:Warning: [compiler] Warning [0012.35] Compile of PuzzleExampleMap successful, but with 2 Warning(s) [in 0 ms]
[2015.03.03-23.01.42:970][  0]LogBlueprint:Warning: [compiler] Warning [0012.35] Compile of PuzzleExampleMap successful, but with 3 Warning(s) [in 0 ms]
[2015.03.03-23.01.42:970][  0]LogBlueprint:Warning: [compiler] Warning [0012.35] Compile of PuzzleExampleMap successful, but with 4 Warning(s) [in 0 ms]
[2015.03.03-23.01.42:975][  0]LogBlueprint:Warning: [compiler] Warning Node  Unknown  is not referencing a valid level actor
[2015.03.03-23.01.42:976][  0]LogBlueprint:Warning: [compiler] Warning [0012.36] Compile of PuzzleExampleMap successful, but with 1 Warning(s) [in 5 ms]
[2015.03.03-23.01.42:976][  0]LogBlueprint:Warning: [compiler] Warning [0012.36] Compile of PuzzleExampleMap successful, but with 2 Warning(s) [in 0 ms]
[2015.03.03-23.01.43:362][  0]LogEditorServer: Finished looking for orphan Actors (0.000 secs)
[2015.03.03-23.01.43:362][  0]LogAIModule: Creating AISystem for world PuzzleExampleMap
[2015.03.03-23.01.43:364][  0]Cmd: MAP CHECKDEP
[2015.03.03-23.01.43:364][  0]MapCheck: New page: PuzzleExampleMap - Mar 3, 2015, 11:01:43 AM
[2015.03.03-23.01.43:425][  0]MapCheck: Info Map check complete: 0 Error(s), 0 Warning(s), took 61.006ms to complete.
[2015.03.03-23.01.43:425][  0]LogFileHelpers: Loading map 'PuzzleExampleMap' took 1.343
[2015.03.03-23.01.43:656][  0]LogCollectionManager: Loaded 0 collections in 0.001361 seconds
[2015.03.03-23.01.43:666][  0]LogContentBrowser: Native class hierarchy populated in 0.0101 seconds. Added 1696 classes and 261 folders.
[2015.03.03-23.01.43:701][  0]LogContentBrowser: Native class hierarchy updated for 'SceneOutliner' in 0.0015 seconds. Added 1 classes and 2 folders.
[2015.03.03-23.01.43:979][  0]LogCrashTracker: Crashtracker disabled due to settings.
[2015.03.03-23.01.43:980][  0]LogSlate:Warning: Failed to load font data from 'Veranda'
[2015.03.03-23.01.43:986][  0]LogUObjectGlobals:Warning: Failed to find object 'Class None.'
[2015.03.03-23.01.44:016][  0]LogLoad: Full Startup: 13.40 seconds (BP compile: 0.13 seconds)
[2015.03.03-23.01.44:061][  0]LogContentBrowser:Verbose: The content browser source was changed by the sources view to '/Game/PuzzleBP'
[2015.03.03-23.01.44:241][  0]LogRenderer:Warning: Reallocating scene render targets to support 32x32 (Frame:2).
[2015.03.03-23.01.44:607][  0]LogRenderer:Warning: Reallocating scene render targets to support 1032x568 (Frame:3).
[2015.03.03-23.01.45:605][  4]LogAssetRegistry: Asset discovery search completed in 4.8687 seconds
[2015.03.03-23.01.48:483][ 50]BlueprintLog: New page: Pre-PIE auto-recompile
[2015.03.03-23.01.48:483][ 50]LogPlayLevel: [PIE] Compiling PuzzleExampleMap before PIE...
[2015.03.03-23.01.48:527][ 50]LogBlueprint:Warning: [compiler] Warning Node  Unknown  is not referencing a valid level actor
[2015.03.03-23.01.48:527][ 50]LogBlueprint:Warning: [compiler] Warning [0017.91] Compile of PuzzleExampleMap successful, but with 1 Warning(s) [in 43 ms]
[2015.03.03-23.01.48:528][ 50]LogBlueprint:Warning: [compiler] Warning [0017.91] Compile of PuzzleExampleMap successful, but with 2 Warning(s) [in 0 ms]
[2015.03.03-23.01.48:548][ 50]LogBlueprint:Warning: [compiler] Warning [0017.93] Compile of PuzzleExampleMap successful, but with 3 Warning(s) [in 19 ms]
[2015.03.03-23.01.48:548][ 50]LogBlueprint:Warning: [compiler] Warning [0017.93] Compile of PuzzleExampleMap successful, but with 4 Warning(s) [in 0 ms]
[2015.03.03-23.01.48:548][ 50]LogBlueprint:Warning: [compiler] Warning [0017.93] Compile of PuzzleExampleMap successful, but with 5 Warning(s) [in 0 ms]
[2015.03.03-23.01.48:548][ 50]LogBlueprint:Warning: [compiler] Warning [0017.93] Compile of PuzzleExampleMap successful, but with 6 Warning(s) [in 0 ms]
[2015.03.03-23.01.48:549][ 50]LogActorComponent: UnregisterComponent: (/Engine/Transient.CharMoveComp) Not registered. Aborting.
[2015.03.03-23.01.48:564][ 50]LogPlayLevel: PIE:  Blueprint regeneration took 82 ms (1 blueprints)
[2015.03.03-23.01.48:565][ 50]PIE: New page: SIE session: PuzzleExampleMap (Mar 3, 2015, 11:01:48 AM)
[2015.03.03-23.01.48:593][ 50]LogPlayLevel: PIE: StaticDuplicateObject took: (0.028044s)
[2015.03.03-23.01.48:597][ 50]LogPlayLevel: PIE: World Init took: (0.003848s)
[2015.03.03-23.01.48:598][ 50]LogPlayLevel: PIE: Created PIE world by copying editor world from /Game/PuzzleBP/Maps/PuzzleExampleMap.PuzzleExampleMap to /Game/PuzzleBP/Maps/UEDPIE_0_PuzzleExampleMap.PuzzleExampleMap (0.033086s)
[2015.03.03-23.01.48:700][ 50]LogWorld: Game class is 'RunnerGameMode_C'
[2015.03.03-23.01.48:710][ 50]LogAIModule: Creating AISystem for world PuzzleExampleMap
[2015.03.03-23.01.48:713][ 50]LogWorld: Bringing World /Game/PuzzleBP/Maps/UEDPIE_0_PuzzleExampleMap.PuzzleExampleMap up for play (max tick rate 60) at 2015.03.03-17.01.48
[2015.03.03-23.01.48:714][ 50]LogWorld: Bringing up level for play took: 0.003675
[2015.03.03-23.01.48:715][ 50]LogGameMode: Warning - PATHS NOT DEFINED or NO PLAYERSTART with positive rating
[2015.03.03-23.01.48:718][ 50]PIE: Info Play in editor start time for /Game/PuzzleBP/Maps/UEDPIE_0_PuzzleExampleMap 0.236
[2015.03.03-23.01.51:189][ 87]LogParticles: Destroying 0 GPU particle simulations for FXSystem 0x000000001049ECA0
[2015.03.03-23.01.55:596][297]BlueprintLog: New page: Pre-PIE auto-recompile
[2015.03.03-23.01.55:596][297]LogPlayLevel: [PIE] Compiling PuzzleExampleMap before PIE...
[2015.03.03-23.01.55:603][297]LogBlueprint:Warning: [compiler] Warning Node  Unknown  is not referencing a valid level actor
[2015.03.03-23.01.55:604][297]LogBlueprint:Warning: [compiler] Warning [0024.98] Compile of PuzzleExampleMap successful, but with 1 Warning(s) [in 6 ms]
[2015.03.03-23.01.55:604][297]LogBlueprint:Warning: [compiler] Warning [0024.98] Compile of PuzzleExampleMap successful, but with 2 Warning(s) [in 0 ms]
[2015.03.03-23.01.55:622][297]LogBlueprint:Warning: [compiler] Warning [0025.00] Compile of PuzzleExampleMap successful, but with 3 Warning(s) [in 17 ms]
[2015.03.03-23.01.55:622][297]LogBlueprint:Warning: [compiler] Warning [0025.00] Compile of PuzzleExampleMap successful, but with 4 Warning(s) [in 0 ms]
[2015.03.03-23.01.55:622][297]LogBlueprint:Warning: [compiler] Warning [0025.00] Compile of PuzzleExampleMap successful, but with 5 Warning(s) [in 0 ms]
[2015.03.03-23.01.55:622][297]LogBlueprint:Warning: [compiler] Warning [0025.00] Compile of PuzzleExampleMap successful, but with 6 Warning(s) [in 0 ms]
[2015.03.03-23.01.55:631][297]LogPlayLevel: PIE:  Blueprint regeneration took 35 ms (1 blueprints)
[2015.03.03-23.01.55:631][297]PIE: New page: PIE session: PuzzleExampleMap (Mar 3, 2015, 11:01:55 AM)
[2015.03.03-23.01.55:668][297]LogPlayLevel: PIE: StaticDuplicateObject took: (0.036282s)
[2015.03.03-23.01.55:672][297]LogPlayLevel: PIE: World Init took: (0.003819s)
[2015.03.03-23.01.55:672][297]LogPlayLevel: PIE: Created PIE world by copying editor world from /Game/PuzzleBP/Maps/PuzzleExampleMap.PuzzleExampleMap to /Game/PuzzleBP/Maps/UEDPIE_0_PuzzleExampleMap.PuzzleExampleMap (0.040353s)
[2015.03.03-23.01.55:723][297]LogWorld: Game class is 'RunnerGameMode_C'
[2015.03.03-23.01.55:725][297]LogAIModule: Creating AISystem for world PuzzleExampleMap
[2015.03.03-23.01.55:728][297]LogWorld: Bringing World /Game/PuzzleBP/Maps/UEDPIE_0_PuzzleExampleMap.PuzzleExampleMap up for play (max tick rate 60) at 2015.03.03-17.01.55
[2015.03.03-23.01.55:729][297]LogWorld: Bringing up level for play took: 0.003173
[2015.03.03-23.01.55:832][297]PIE: Info Play in editor start time for /Game/PuzzleBP/Maps/UEDPIE_0_PuzzleExampleMap -0.65
[2015.03.03-23.01.57:586][345]LogParticles: Destroying 0 GPU particle simulations for FXSystem 0x000000001A0E9C60
[2015.03.03-23.02.12:450][994]BlueprintLog: New page: Pre-PIE auto-recompile
[2015.03.03-23.02.12:450][994]LogPlayLevel: [PIE] Compiling PuzzleExampleMap before PIE...
[2015.03.03-23.02.12:459][994]LogBlueprint:Warning: [compiler] Warning Node  Unknown  is not referencing a valid level actor
[2015.03.03-23.02.12:460][994]LogBlueprint:Warning: [compiler] Warning [0041.84] Compile of PuzzleExampleMap successful, but with 1 Warning(s) [in 8 ms]
[2015.03.03-23.02.12:460][994]LogBlueprint:Warning: [compiler] Warning [0041.84] Compile of PuzzleExampleMap successful, but with 2 Warning(s) [in 0 ms]
[2015.03.03-23.02.12:479][994]LogBlueprint:Warning: [compiler] Warning [0041.86] Compile of PuzzleExampleMap successful, but with 3 Warning(s) [in 18 ms]
[2015.03.03-23.02.12:479][994]LogBlueprint:Warning: [compiler] Warning [0041.86] Compile of PuzzleExampleMap successful, but with 4 Warning(s) [in 0 ms]
[2015.03.03-23.02.12:479][994]LogBlueprint:Warning: [compiler] Warning [0041.86] Compile of PuzzleExampleMap successful, but with 5 Warning(s) [in 0 ms]
[2015.03.03-23.02.12:479][994]LogBlueprint:Warning: [compiler] Warning [0041.86] Compile of PuzzleExampleMap successful, but with 6 Warning(s) [in 0 ms]
[2015.03.03-23.02.12:491][994]LogPlayLevel: PIE:  Blueprint regeneration took 40 ms (1 blueprints)
[2015.03.03-23.02.12:491][994]PIE: New page: SIE session: PuzzleExampleMap (Mar 3, 2015, 11:02:12 AM)
[2015.03.03-23.02.12:513][994]LogPlayLevel: PIE: StaticDuplicateObject took: (0.021734s)
[2015.03.03-23.02.12:526][994]LogPlayLevel: PIE: World Init took: (0.013127s)
[2015.03.03-23.02.12:527][994]LogPlayLevel: PIE: Created PIE world by copying editor world from /Game/PuzzleBP/Maps/PuzzleExampleMap.PuzzleExampleMap to /Game/PuzzleBP/Maps/UEDPIE_0_PuzzleExampleMap.PuzzleExampleMap (0.035059s)
[2015.03.03-23.02.12:576][994]LogWorld: Game class is 'RunnerGameMode_C'
[2015.03.03-23.02.12:578][994]LogAIModule: Creating AISystem for world PuzzleExampleMap
[2015.03.03-23.02.12:581][994]LogWorld: Bringing World /Game/PuzzleBP/Maps/UEDPIE_0_PuzzleExampleMap.PuzzleExampleMap up for play (max tick rate 60) at 2015.03.03-17.02.12
[2015.03.03-23.02.12:582][994]LogWorld: Bringing up level for play took: 0.003110
[2015.03.03-23.02.12:582][994]LogGameMode: Warning - PATHS NOT DEFINED or NO PLAYERSTART with positive rating
[2015.03.03-23.02.12:584][994]PIE: Info Play in editor start time for /Game/PuzzleBP/Maps/UEDPIE_0_PuzzleExampleMap 0.101
[2015.03.03-23.02.19:220][109]LogParticles: Destroying 0 GPU particle simulations for FXSystem 0x000000000BAC0EA0
[2015.03.03-23.02.20:782][131]LogEditorViewport: Clicking on Actor (LMB): RunnerCharacter_C (RunnerCharacter)
[2015.03.03-23.02.34:086][688]LogRenderer:Warning: Reallocating scene render targets to support 1144x896 (Frame:430).
[2015.03.03-23.03.28:604][734]BlueprintLog: New page: Pre-PIE auto-recompile
[2015.03.03-23.03.28:606][734]LogPlayLevel: [PIE] Compiling PuzzleExampleMap before PIE...
[2015.03.03-23.03.28:686][734]LogBlueprint:Warning: [compiler] Warning Node  Unknown  is not referencing a valid level actor
[2015.03.03-23.03.28:687][734]LogBlueprint:Warning: [compiler] Warning [0118.06] Compile of PuzzleExampleMap successful, but with 1 Warning(s) [in 79 ms]
[2015.03.03-23.03.28:688][734]LogBlueprint:Warning: [compiler] Warning [0118.06] Compile of PuzzleExampleMap successful, but with 2 Warning(s) [in 0 ms]
[2015.03.03-23.03.28:713][734]LogBlueprint:Warning: [compiler] Warning [0118.09] Compile of PuzzleExampleMap successful, but with 3 Warning(s) [in 25 ms]
[2015.03.03-23.03.28:716][734]LogBlueprint:Warning: [compiler] Warning [0118.09] Compile of PuzzleExampleMap successful, but with 4 Warning(s) [in 2 ms]
[2015.03.03-23.03.28:716][734]LogBlueprint:Warning: [compiler] Warning [0118.09] Compile of PuzzleExampleMap successful, but with 5 Warning(s) [in 0 ms]
[2015.03.03-23.03.28:716][734]LogBlueprint:Warning: [compiler] Warning [0118.09] Compile of PuzzleExampleMap successful, but with 6 Warning(s) [in 0 ms]
[2015.03.03-23.03.28:736][734]LogPlayLevel: PIE:  Blueprint regeneration took 132 ms (1 blueprints)
[2015.03.03-23.03.28:737][734]PIE: New page: SIE session: PuzzleExampleMap (Mar 3, 2015, 11:03:28 AM)
[2015.03.03-23.03.28:780][734]LogPlayLevel: PIE: StaticDuplicateObject took: (0.043446s)
[2015.03.03-23.03.28:781][734]LogPlayLevel: PIE: World Init took: (0.000621s)
[2015.03.03-23.03.28:781][734]LogPlayLevel: PIE: Created PIE world by copying editor world from /Game/PuzzleBP/Maps/PuzzleExampleMap.PuzzleExampleMap to /Game/PuzzleBP/Maps/UEDPIE_0_PuzzleExampleMap.PuzzleExampleMap (0.044279s)
[2015.03.03-23.03.28:842][734]LogSelection:Warning: PIE object was selected: "RunnerCharacter_C /Game/PuzzleBP/Maps/UEDPIE_0_PuzzleExampleMap.PuzzleExampleMap:PersistentLevel.RunnerCharacter_C_2"
[2015.03.03-23.03.28:866][734]LogWorld: Game class is 'RunnerGameMode_C'
[2015.03.03-23.03.28:869][734]LogAIModule: Creating AISystem for world PuzzleExampleMap
[2015.03.03-23.03.28:872][734]LogWorld: Bringing World /Game/PuzzleBP/Maps/UEDPIE_0_PuzzleExampleMap.PuzzleExampleMap up for play (max tick rate 60) at 2015.03.03-17.03.28
[2015.03.03-23.03.28:873][734]LogWorld: Bringing up level for play took: 0.003364
[2015.03.03-23.03.28:873][734]LogGameMode: Warning - PATHS NOT DEFINED or NO PLAYERSTART with positive rating
[2015.03.03-23.03.28:875][734]PIE: Info Play in editor start time for /Game/PuzzleBP/Maps/UEDPIE_0_PuzzleExampleMap 0.387
[2015.03.03-23.03.28:929][734]LogSelection:Warning: PIE object was selected: "RunnerCharacter_C /Game/PuzzleBP/Maps/UEDPIE_0_PuzzleExampleMap.PuzzleExampleMap:PersistentLevel.RunnerCharacter_C_2"
[2015.03.03-23.03.40:939][953]LogSelection:Warning: PIE object was selected: "RunnerCharacter_C /Game/PuzzleBP/Maps/UEDPIE_0_PuzzleExampleMap.PuzzleExampleMap:PersistentLevel.RunnerCharacter_C_2"
[2015.03.03-23.03.42:119][967]LogParticles: Destroying 0 GPU particle simulations for FXSystem 0x000000000BA4CEA0
[2015.03.03-23.08.58:284][707]BlueprintLog: New page: Pre-PIE auto-recompile
[2015.03.03-23.08.58:323][707]LogPlayLevel: [PIE] Compiling RunnerCharacter before PIE...
[2015.03.03-23.08.58:399][707]LogPlayLevel: [PIE] Compiling PuzzleExampleMap before PIE...
[2015.03.03-23.08.58:405][707]LogBlueprint:Warning: [compiler] Warning Node  Unknown  is not referencing a valid level actor
[2015.03.03-23.08.58:406][707]LogBlueprint:Warning: [compiler] Warning [0447.76] Compile of PuzzleExampleMap successful, but with 1 Warning(s) [in 6 ms]
[2015.03.03-23.08.58:406][707]LogBlueprint:Warning: [compiler] Warning [0447.76] Compile of PuzzleExampleMap successful, but with 2 Warning(s) [in 0 ms]
[2015.03.03-23.08.58:430][707]LogBlueprint:Warning: [compiler] Warning [0447.79] Compile of PuzzleExampleMap successful, but with 3 Warning(s) [in 23 ms]
[2015.03.03-23.08.58:433][707]LogBlueprint:Warning: [compiler] Warning [0447.79] Compile of PuzzleExampleMap successful, but with 4 Warning(s) [in 2 ms]
[2015.03.03-23.08.58:433][707]LogBlueprint:Warning: [compiler] Warning [0447.79] Compile of PuzzleExampleMap successful, but with 5 Warning(s) [in 0 ms]
[2015.03.03-23.08.58:433][707]LogBlueprint:Warning: [compiler] Warning [0447.79] Compile of PuzzleExampleMap successful, but with 6 Warning(s) [in 0 ms]
[2015.03.03-23.08.58:449][707]LogPlayLevel: PIE:  Blueprint regeneration took 164 ms (2 blueprints)
[2015.03.03-23.08.58:449][707]PIE: New page: SIE session: PuzzleExampleMap (Mar 3, 2015, 11:08:58 AM)
[2015.03.03-23.08.58:471][707]LogPlayLevel: PIE: StaticDuplicateObject took: (0.021424s)
[2015.03.03-23.08.58:477][707]LogPlayLevel: PIE: World Init took: (0.006547s)
[2015.03.03-23.08.58:477][707]LogPlayLevel: PIE: Created PIE world by copying editor world from /Game/PuzzleBP/Maps/PuzzleExampleMap.PuzzleExampleMap to /Game/PuzzleBP/Maps/UEDPIE_0_PuzzleExampleMap.PuzzleExampleMap (0.028168s)
[2015.03.03-23.08.58:533][707]LogSelection:Warning: PIE object was selected: "RunnerCharacter_C /Game/PuzzleBP/Maps/UEDPIE_0_PuzzleExampleMap.PuzzleExampleMap:PersistentLevel.RunnerCharacter_C_2"
[2015.03.03-23.08.58:559][707]LogWorld: Game class is 'RunnerGameMode_C'
[2015.03.03-23.08.58:566][707]LogAIModule: Creating AISystem for world PuzzleExampleMap
[2015.03.03-23.08.58:578][707]LogWorld: Bringing World /Game/PuzzleBP/Maps/UEDPIE_0_PuzzleExampleMap.PuzzleExampleMap up for play (max tick rate 60) at 2015.03.03-17.08.58
[2015.03.03-23.08.58:578][707]LogWorld: Bringing up level for play took: 0.010660
[2015.03.03-23.08.58:579][707]LogGameMode: Warning - PATHS NOT DEFINED or NO PLAYERSTART with positive rating
[2015.03.03-23.08.58:581][707]PIE: Info Play in editor start time for /Game/PuzzleBP/Maps/UEDPIE_0_PuzzleExampleMap 0.076
[2015.03.03-23.08.58:639][707]LogSelection:Warning: PIE object was selected: "RunnerCharacter_C /Game/PuzzleBP/Maps/UEDPIE_0_PuzzleExampleMap.PuzzleExampleMap:PersistentLevel.RunnerCharacter_C_2"
[2015.03.03-23.09.10:163][271]LogSelection:Warning: PIE object was selected: "RunnerCharacter_C /Game/PuzzleBP/Maps/UEDPIE_0_PuzzleExampleMap.PuzzleExampleMap:PersistentLevel.RunnerCharacter_C_2"
[2015.03.03-23.09.12:574][409]LogParticles: Destroying 0 GPU particle simulations for FXSystem 0x000000003285FCE0
[2015.03.03-23.12.18:756][842]LogActorComponent: UnregisterComponent: (/Engine/Transient.CharMoveComp) Not registered. Aborting.
[2015.03.03-23.12.18:936][842]LogBlueprint:Warning: [compiler] Warning Node  Unknown  is not referencing a valid level actor
[2015.03.03-23.12.18:937][842]LogBlueprint:Warning: [compiler] Warning [0648.28] Compile of PuzzleExampleMap successful, but with 1 Warning(s) [in 5 ms]
[2015.03.03-23.12.18:937][842]LogBlueprint:Warning: [compiler] Warning [0648.28] Compile of PuzzleExampleMap successful, but with 2 Warning(s) [in 0 ms]
[2015.03.03-23.12.18:961][842]LogBlueprint:Warning: [compiler] Warning [0648.31] Compile of PuzzleExampleMap successful, but with 3 Warning(s) [in 23 ms]
[2015.03.03-23.12.18:963][842]LogBlueprint:Warning: [compiler] Warning [0648.31] Compile of PuzzleExampleMap successful, but with 4 Warning(s) [in 2 ms]
[2015.03.03-23.12.18:964][842]LogBlueprint:Warning: [compiler] Warning [0648.31] Compile of PuzzleExampleMap successful, but with 5 Warning(s) [in 0 ms]
[2015.03.03-23.12.18:964][842]LogBlueprint:Warning: [compiler] Warning [0648.31] Compile of PuzzleExampleMap successful, but with 6 Warning(s) [in 0 ms]
[2015.03.03-23.12.19:033][842]LogSavePackage: Save=102.884941ms
[2015.03.03-23.12.19:033][842]LogSavePackage: Moving '../../../../../../Users/Jeremy Martin/Documents/Unreal Projects/ENPo/Saved/PuzzleExampleMap_Auto176D28E8C404FB9C755B7CDB66213474A.tmp' to '../../../../../../Users/Jeremy Martin/Documents/Unreal Projects/ENPo/Saved/Autosaves/Game/PuzzleBP/Maps/PuzzleExampleMap_Auto1.umap'
[2015.03.03-23.12.19:068][842]LogFileHelpers: Editor autosave (incl. sublevels) for '/Game/PuzzleBP/Maps/PuzzleExampleMap' took 0.312
[2015.03.03-23.12.19:068][842]LogFileHelpers: Editor autosave (incl. sublevels) for all levels took 0.312
[2015.03.03-23.12.19:103][842]OBJ SavePackage: Generating thumbnails for [1] asset(s) in package [/Game/Blueprints/RunnerCharacter] ([1] browsable assets)...
[2015.03.03-23.12.19:161][842]OBJ SavePackage:     Rendered thumbnail for [Blueprint /Game/Blueprints/RunnerCharacter.RunnerCharacter]
[2015.03.03-23.12.19:161][842]OBJ SavePackage: Finished generating thumbnails for package [/Game/Blueprints/RunnerCharacter]
[2015.03.03-23.12.19:628][842]LogSavePackage: Save=459.348145ms
[2015.03.03-23.12.19:629][842]LogSavePackage: Moving '../../../../../../Users/Jeremy Martin/Documents/Unreal Projects/ENPo/Saved/RunnerCharacter_Auto18FA65AB643A0DF9CD56AA2B1B9DEBBCC.tmp' to '../../../../../../Users/Jeremy Martin/Documents/Unreal Projects/ENPo/Saved/Autosaves/Game/Blueprints/RunnerCharacter_Auto1.uasset'
[2015.03.03-23.12.19:650][842]LogFileHelpers: Auto-saving content packages took 0.582
[2015.03.03-23.14.29:759][783]LogContentBrowser:Verbose: The content browser source was changed by the sources view to '/Game/Blueprints'
[2015.03.03-23.15.00:893][418]BlueprintLog: New page: Pre-PIE auto-recompile
[2015.03.03-23.15.00:896][418]LogPlayLevel: [PIE] Compiling PuzzleExampleMap before PIE...
[2015.03.03-23.15.00:905][418]LogBlueprint:Warning: [compiler] Warning Node  Unknown  is not referencing a valid level actor
[2015.03.03-23.15.00:905][418]LogBlueprint:Warning: [compiler] Warning [0810.24] Compile of PuzzleExampleMap successful, but with 1 Warning(s) [in 8 ms]
[2015.03.03-23.15.00:906][418]LogBlueprint:Warning: [compiler] Warning [0810.24] Compile of PuzzleExampleMap successful, but with 2 Warning(s) [in 0 ms]
[2015.03.03-23.15.00:934][418]LogBlueprint:Warning: [compiler] Warning [0810.27] Compile of PuzzleExampleMap successful, but with 3 Warning(s) [in 27 ms]
[2015.03.03-23.15.00:937][418]LogBlueprint:Warning: [compiler] Warning [0810.28] Compile of PuzzleExampleMap successful, but with 4 Warning(s) [in 2 ms]
[2015.03.03-23.15.00:937][418]LogBlueprint:Warning: [compiler] Warning [0810.28] Compile of PuzzleExampleMap successful, but with 5 Warning(s) [in 0 ms]
[2015.03.03-23.15.00:937][418]LogBlueprint:Warning: [compiler] Warning [0810.28] Compile of PuzzleExampleMap successful, but with 6 Warning(s) [in 0 ms]
[2015.03.03-23.15.00:938][418]LogActorComponent: UnregisterComponent: (/Engine/Transient.CharMoveComp) Not registered. Aborting.
[2015.03.03-23.15.00:956][418]LogPlayLevel: PIE:  Blueprint regeneration took 62 ms (1 blueprints)
[2015.03.03-23.15.00:956][418]PIE: New page: SIE session: PuzzleExampleMap (Mar 3, 2015, 11:15:00 AM)
[2015.03.03-23.15.00:994][418]LogPlayLevel: PIE: StaticDuplicateObject took: (0.037297s)
[2015.03.03-23.15.00:997][418]LogPlayLevel: PIE: World Init took: (0.002946s)
[2015.03.03-23.15.00:997][418]LogPlayLevel: PIE: Created PIE world by copying editor world from /Game/PuzzleBP/Maps/PuzzleExampleMap.PuzzleExampleMap to /Game/PuzzleBP/Maps/UEDPIE_0_PuzzleExampleMap.PuzzleExampleMap (0.040447s)
[2015.03.03-23.15.01:058][418]LogSelection:Warning: PIE object was selected: "RunnerCharacter_C /Game/PuzzleBP/Maps/UEDPIE_0_PuzzleExampleMap.PuzzleExampleMap:PersistentLevel.RunnerCharacter_C_2"
[2015.03.03-23.15.01:089][418]LogWorld: Game class is 'RunnerGameMode_C'
[2015.03.03-23.15.01:098][418]LogAIModule: Creating AISystem for world PuzzleExampleMap
[2015.03.03-23.15.01:110][418]LogWorld: Bringing World /Game/PuzzleBP/Maps/UEDPIE_0_PuzzleExampleMap.PuzzleExampleMap up for play (max tick rate 60) at 2015.03.03-17.15.01
[2015.03.03-23.15.01:113][418]LogWorld: Bringing up level for play took: 0.012653
[2015.03.03-23.15.01:115][418]LogGameMode: Warning - PATHS NOT DEFINED or NO PLAYERSTART with positive rating
[2015.03.03-23.15.01:123][418]PIE: Info Play in editor start time for /Game/PuzzleBP/Maps/UEDPIE_0_PuzzleExampleMap 0.599
[2015.03.03-23.15.01:212][418]LogSelection:Warning: PIE object was selected: "RunnerCharacter_C /Game/PuzzleBP/Maps/UEDPIE_0_PuzzleExampleMap.PuzzleExampleMap:PersistentLevel.RunnerCharacter_C_2"
[2015.03.03-23.15.03:455][446]LogParticles: Destroying 0 GPU particle simulations for FXSystem 0x00000000282B6660
[2015.03.03-23.15.04:410][458]BlueprintLog: New page: Pre-PIE auto-recompile
[2015.03.03-23.15.04:413][458]LogPlayLevel: [PIE] Compiling PuzzleExampleMap before PIE...
[2015.03.03-23.15.04:515][458]LogBlueprint:Warning: [compiler] Warning Node  Unknown  is not referencing a valid level actor
[2015.03.03-23.15.04:517][458]LogBlueprint:Warning: [compiler] Warning [0813.85] Compile of PuzzleExampleMap successful, but with 1 Warning(s) [in 102 ms]
[2015.03.03-23.15.04:518][458]LogBlueprint:Warning: [compiler] Warning [0813.86] Compile of PuzzleExampleMap successful, but with 2 Warning(s) [in 0 ms]
[2015.03.03-23.15.04:543][458]LogBlueprint:Warning: [compiler] Warning [0813.88] Compile of PuzzleExampleMap successful, but with 3 Warning(s) [in 25 ms]
[2015.03.03-23.15.04:546][458]LogBlueprint:Warning: [compiler] Warning [0813.88] Compile of PuzzleExampleMap successful, but with 4 Warning(s) [in 2 ms]
[2015.03.03-23.15.04:546][458]LogBlueprint:Warning: [compiler] Warning [0813.88] Compile of PuzzleExampleMap successful, but with 5 Warning(s) [in 0 ms]
[2015.03.03-23.15.04:546][458]LogBlueprint:Warning: [compiler] Warning [0813.88] Compile of PuzzleExampleMap successful, but with 6 Warning(s) [in 0 ms]
[2015.03.03-23.15.04:562][458]LogPlayLevel: PIE:  Blueprint regeneration took 151 ms (1 blueprints)
[2015.03.03-23.15.04:562][458]PIE: New page: SIE session: PuzzleExampleMap (Mar 3, 2015, 11:15:04 AM)
[2015.03.03-23.15.04:588][458]LogPlayLevel: PIE: StaticDuplicateObject took: (0.026004s)
[2015.03.03-23.15.04:594][458]LogPlayLevel: PIE: World Init took: (0.005224s)
[2015.03.03-23.15.04:594][458]LogPlayLevel: PIE: Created PIE world by copying editor world from /Game/PuzzleBP/Maps/PuzzleExampleMap.PuzzleExampleMap to /Game/PuzzleBP/Maps/UEDPIE_0_PuzzleExampleMap.PuzzleExampleMap (0.031462s)
[2015.03.03-23.15.04:646][458]LogSelection:Warning: PIE object was selected: "RunnerCharacter_C /Game/PuzzleBP/Maps/UEDPIE_0_PuzzleExampleMap.PuzzleExampleMap:PersistentLevel.RunnerCharacter_C_2"
[2015.03.03-23.15.04:676][458]LogWorld: Game class is 'RunnerGameMode_C'
[2015.03.03-23.15.04:683][458]LogAIModule: Creating AISystem for world PuzzleExampleMap
[2015.03.03-23.15.04:695][458]LogWorld: Bringing World /Game/PuzzleBP/Maps/UEDPIE_0_PuzzleExampleMap.PuzzleExampleMap up for play (max tick rate 60) at 2015.03.03-17.15.04
[2015.03.03-23.15.04:697][458]LogWorld: Bringing up level for play took: 0.012988
[2015.03.03-23.15.04:698][458]LogGameMode: Warning - PATHS NOT DEFINED or NO PLAYERSTART with positive rating
[2015.03.03-23.15.04:701][458]PIE: Info Play in editor start time for /Game/PuzzleBP/Maps/UEDPIE_0_PuzzleExampleMap 0.176
[2015.03.03-23.15.04:787][458]LogSelection:Warning: PIE object was selected: "RunnerCharacter_C /Game/PuzzleBP/Maps/UEDPIE_0_PuzzleExampleMap.PuzzleExampleMap:PersistentLevel.RunnerCharacter_C_2"
[2015.03.03-23.15.07:687][504]LogParticles: Destroying 0 GPU particle simulations for FXSystem 0x00000000337BB7E0
[2015.03.03-23.18.28:688][799]LogActorComponent: UnregisterComponent: (/Engine/Transient.CharMoveComp) Not registered. Aborting.
[2015.03.03-23.18.31:517][799]Cmd: OBJ SAVEPACKAGE PACKAGE="/Game/Blueprints/RunnerCharacter" FILE="../../../../../../Users/Jeremy Martin/Documents/Unreal Projects/ENPo/Content/Blueprints/RunnerCharacter.uasset" SILENT=true
[2015.03.03-23.18.31:568][799]LogSavePackage: Save=26.174738ms
[2015.03.03-23.18.31:568][799]LogSavePackage: Moving '../../../../../../Users/Jeremy Martin/Documents/Unreal Projects/ENPo/Saved/RunnerCharacter9793D8D3437AED72D2D62A877543FBFB.tmp' to '../../../../../../Users/Jeremy Martin/Documents/Unreal Projects/ENPo/Content/Blueprints/RunnerCharacter.uasset'
[2015.03.03-23.18.31:584][799]Cmd: OBJ SAVEPACKAGE PACKAGE="/Game/Blueprints/RunnerController" FILE="../../../../../../Users/Jeremy Martin/Documents/Unreal Projects/ENPo/Content/Blueprints/RunnerController.uasset" SILENT=true
[2015.03.03-23.18.31:609][799]LogSavePackage: Save=19.099752ms
[2015.03.03-23.18.31:609][799]LogSavePackage: Moving '../../../../../../Users/Jeremy Martin/Documents/Unreal Projects/ENPo/Saved/RunnerController8550FF1D4600288606F14EB3EA471995.tmp' to '../../../../../../Users/Jeremy Martin/Documents/Unreal Projects/ENPo/Content/Blueprints/RunnerController.uasset'
[2015.03.03-23.18.31:722][799]LogBlueprint:Warning: [compiler] Warning Node  Unknown  is not referencing a valid level actor
[2015.03.03-23.18.31:723][799]LogBlueprint:Warning: [compiler] Warning [1021.05] Compile of PuzzleExampleMap successful, but with 1 Warning(s) [in 6 ms]
[2015.03.03-23.18.31:724][799]LogBlueprint:Warning: [compiler] Warning [1021.05] Compile of PuzzleExampleMap successful, but with 2 Warning(s) [in 0 ms]
[2015.03.03-23.18.31:748][799]LogBlueprint:Warning: [compiler] Warning [1021.08] Compile of PuzzleExampleMap successful, but with 3 Warning(s) [in 24 ms]
[2015.03.03-23.18.31:750][799]LogBlueprint:Warning: [compiler] Warning [1021.08] Compile of PuzzleExampleMap successful, but with 4 Warning(s) [in 2 ms]
[2015.03.03-23.18.31:751][799]LogBlueprint:Warning: [compiler] Warning [1021.08] Compile of PuzzleExampleMap successful, but with 5 Warning(s) [in 0 ms]
[2015.03.03-23.18.31:751][799]LogBlueprint:Warning: [compiler] Warning [1021.08] Compile of PuzzleExampleMap successful, but with 6 Warning(s) [in 0 ms]
[2015.03.03-23.18.31:823][799]LogSavePackage: Save=107.738319ms
[2015.03.03-23.18.31:823][799]LogSavePackage: Moving '../../../../../../Users/Jeremy Martin/Documents/Unreal Projects/ENPo/Saved/PuzzleExampleMap267B0E0F42C80777AA4E168C858BB9BC.tmp' to '../../../../../../Users/Jeremy Martin/Documents/Unreal Projects/ENPo/Content/PuzzleBP/Maps/PuzzleExampleMap.umap'
[2015.03.03-23.18.31:853][799]LogFileHelpers: Saving map 'PuzzleExampleMap' took 0.239
[2015.03.03-23.18.32:369][800]Cmd: QUIT_EDITOR
[2015.03.03-23.18.32:583][800]LogExit: Preparing to exit.
[2015.03.03-23.18.33:008][800]LogExit: Editor shut down
[2015.03.03-23.18.33:009][800]LogExit: Transaction tracking system shut down
[2015.03.03-23.18.33:009][800]LogParticles: Destroying 0 GPU particle simulations for FXSystem 0x000000000BBD8D60
[2015.03.03-23.18.33:010][800]LogParticles: Destroying 0 GPU particle simulations for FXSystem 0x0000000015EE3240
[2015.03.03-23.18.33:010][800]LogParticles: Destroying 0 GPU particle simulations for FXSystem 0x000000001C4F09A0
[2015.03.03-23.18.33:010][800]LogParticles: Destroying 0 GPU particle simulations for FXSystem 0x000000002339CE00
[2015.03.03-23.18.33:012][800]LogParticles: Destroying 0 GPU particle simulations for FXSystem 0x00000000282D3060
[2015.03.03-23.18.33:012][800]LogParticles: Destroying 0 GPU particle simulations for FXSystem 0x00000000337B9A80
[2015.03.03-23.18.33:012][800]LogParticles: Destroying 0 GPU particle simulations for FXSystem 0x000000002921F7E0
[2015.03.03-23.18.33:069][800]LogExit: Object subsystem successfully closed.
[2015.03.03-23.18.33:130][800]LogModuleManager: Shutting down and abandoning module CrashTracker (177)
[2015.03.03-23.18.33:130][800]LogModuleManager: Shutting down and abandoning module SuperSearch (176)
[2015.03.03-23.18.33:130][800]LogModuleManager: Shutting down and abandoning module SceneOutliner (175)
[2015.03.03-23.18.33:130][800]LogModuleManager: Shutting down and abandoning module EditorWidgets (174)
[2015.03.03-23.18.33:130][800]LogModuleManager: Shutting down and abandoning module CollectionManager (173)
[2015.03.03-23.18.33:130][800]LogModuleManager: Shutting down and abandoning module StatsViewer (172)
[2015.03.03-23.18.33:130][800]LogModuleManager: Shutting down and abandoning module FoliageEdit (171)
[2015.03.03-23.18.33:130][800]LogModuleManager: Shutting down and abandoning module LandscapeEditor (170)
[2015.03.03-23.18.33:130][800]LogModuleManager: Shutting down and abandoning module MeshPaint (169)
[2015.03.03-23.18.33:130][800]LogModuleManager: Shutting down and abandoning module ActorPickerMode (168)
[2015.03.03-23.18.33:130][800]LogModuleManager: Shutting down and abandoning module GeometryMode (167)
[2015.03.03-23.18.33:130][800]LogModuleManager: Shutting down and abandoning module TextureAlignMode (166)
[2015.03.03-23.18.33:130][800]LogModuleManager: Shutting down and abandoning module BspMode (165)
[2015.03.03-23.18.33:130][800]LogModuleManager: Shutting down and abandoning module PlacementMode (164)
[2015.03.03-23.18.33:130][800]LogModuleManager: Shutting down and abandoning module AutomationWorker (163)
[2015.03.03-23.18.33:130][800]LogModuleManager: Shutting down and abandoning module CharacterAI (162)
[2015.03.03-23.18.33:130][800]LogModuleManager: Shutting down and abandoning module SmartSnapping (161)
[2015.03.03-23.18.33:130][800]LogModuleManager: Shutting down and abandoning module ViewportSnapping (160)
[2015.03.03-23.18.33:130][800]LogModuleManager: Shutting down and abandoning module LogVisualizer (159)
[2015.03.03-23.18.33:130][800]LogModuleManager: Shutting down and abandoning module GameProjectGeneration (158)
[2015.03.03-23.18.33:130][800]LogModuleManager: Shutting down and abandoning module IntroTutorials (157)
[2015.03.03-23.18.33:130][800]LogModuleManager: Shutting down and abandoning module EditorLiveStreaming (156)
[2015.03.03-23.18.33:130][800]LogModuleManager: Shutting down and abandoning module HardwareTargeting (155)
[2015.03.03-23.18.33:130][800]LogModuleManager: Shutting down and abandoning module DeviceProfileEditor (154)
[2015.03.03-23.18.33:130][800]LogModuleManager: Shutting down and abandoning module UndoHistory (153)
[2015.03.03-23.18.33:130][800]LogModuleManager: Shutting down and abandoning module GameplayTagsEditor (152)
[2015.03.03-23.18.33:130][800]LogModuleManager: Shutting down and abandoning module UserFeedback (151)
[2015.03.03-23.18.33:130][800]LogModuleManager: Shutting down and abandoning module XmlParser (150)
[2015.03.03-23.18.33:130][800]LogModuleManager: Shutting down and abandoning module Blutility (149)
[2015.03.03-23.18.33:130][800]LogModuleManager: Shutting down and abandoning module IOSPlatformEditor (148)
[2015.03.03-23.18.33:130][800]LogModuleManager: Shutting down and abandoning module IOSRuntimeSettings (147)
[2015.03.03-23.18.33:130][800]LogModuleManager: Shutting down and abandoning module AndroidDeviceDetection (146)
[2015.03.03-23.18.33:719][800]LogModuleManager: Shutting down and abandoning module AndroidPlatformEditor (145)
[2015.03.03-23.18.33:719][800]LogModuleManager: Shutting down and abandoning module AndroidRuntimeSettings (144)
[2015.03.03-23.18.33:719][800]LogModuleManager: Shutting down and abandoning module ProjectTargetPlatformEditor (143)
[2015.03.03-23.18.33:719][800]LogModuleManager: Shutting down and abandoning module ProjectSettingsViewer (142)
[2015.03.03-23.18.33:719][800]LogModuleManager: Shutting down and abandoning module InputBindingEditor (141)
[2015.03.03-23.18.33:719][800]LogModuleManager: Shutting down and abandoning module EditorSettingsViewer (140)
[2015.03.03-23.18.33:719][800]LogModuleManager: Shutting down and abandoning module SettingsEditor (139)
[2015.03.03-23.18.33:719][800]LogModuleManager: Shutting down and abandoning module ProjectLauncher (138)
[2015.03.03-23.18.33:719][800]LogModuleManager: Shutting down and abandoning module SessionFrontend (137)
[2015.03.03-23.18.33:719][800]LogModuleManager: Shutting down and abandoning module ProfilerClient (136)
[2015.03.03-23.18.33:719][800]LogModuleManager: Shutting down and abandoning module TargetDeviceServices (135)
[2015.03.03-23.18.33:719][800]LogModuleManager: Shutting down and abandoning module DeviceManager (134)
[2015.03.03-23.18.33:719][800]LogModuleManager: Shutting down and abandoning module AutomationController (133)
[2015.03.03-23.18.33:720][800]LogModuleManager: Shutting down and abandoning module AutomationWindow (132)
[2015.03.03-23.18.33:720][800]LogModuleManager: Shutting down and abandoning module Layers (131)
[2015.03.03-23.18.33:720][800]LogModuleManager: Shutting down and abandoning module ComponentVisualizers (130)
[2015.03.03-23.18.33:720][800]LogModuleManager: Shutting down and abandoning module DetailCustomizations (129)
[2015.03.03-23.18.33:720][800]LogModuleManager: Shutting down and abandoning module PackagesDialog (128)
[2015.03.03-23.18.33:720][800]LogModuleManager: Shutting down and abandoning module AssetRegistry (127)
[2015.03.03-23.18.33:829][800]LogModuleManager: Shutting down and abandoning module Persona (126)
[2015.03.03-23.18.33:829][800]LogModuleManager: Shutting down and abandoning module SlateReflector (125)
[2015.03.03-23.18.33:829][800]LogModuleManager: Shutting down and abandoning module LevelEditor (124)
[2015.03.03-23.18.33:830][800]LogModuleManager: Shutting down and abandoning module Kismet (123)
[2015.03.03-23.18.33:830][800]LogModuleManager: Shutting down and abandoning module GraphEditor (122)
[2015.03.03-23.18.33:830][800]LogModuleManager: Shutting down and abandoning module ClassViewer (121)
[2015.03.03-23.18.33:830][800]LogModuleManager: Shutting down and abandoning module Toolbox (120)
[2015.03.03-23.18.33:830][800]LogModuleManager: Shutting down and abandoning module ModuleUI (119)
[2015.03.03-23.18.33:830][800]LogModuleManager: Shutting down and abandoning module MovieSceneTools (118)
[2015.03.03-23.18.33:830][800]LogModuleManager: Shutting down and abandoning module OutputLog (117)
[2015.03.03-23.18.33:830][800]LogModuleManager: Shutting down and abandoning module GammaUI (116)
[2015.03.03-23.18.33:830][800]LogModuleManager: Shutting down and abandoning module Documentation (115)
[2015.03.03-23.18.33:830][800]LogModuleManager: Shutting down and abandoning module GameLiveStreaming (114)
[2015.03.03-23.18.33:830][800]LogModuleManager: Shutting down and abandoning module StreamingPauseRendering (113)
[2015.03.03-23.18.33:830][800]LogModuleManager: Shutting down and abandoning module HTTP (112)
[2015.03.03-23.18.33:830][800]LogModuleManager: Shutting down and abandoning module AnalyticsET (111)
[2015.03.03-23.18.33:830][800]LogModuleManager: Shutting down and abandoning module Analytics (110)
[2015.03.03-23.18.33:830][800]LogModuleManager: Shutting down and abandoning module AITestSuite (109)
[2015.03.03-23.18.33:830][800]LogModuleManager: Shutting down and abandoning module GameplayDebugger (108)
[2015.03.03-23.18.33:830][800]LogModuleManager: Shutting down and abandoning module AIModule (107)
[2015.03.03-23.18.33:830][800]LogModuleManager: Shutting down and abandoning module ProfilerService (106)
[2015.03.03-23.18.33:980][800]LogModuleManager: Shutting down and abandoning module TaskGraph (105)
[2015.03.03-23.18.33:980][800]LogModuleManager: Shutting down and abandoning module SlateRemote (104)
[2015.03.03-23.18.33:980][800]LogModuleManager: Shutting down and abandoning module ScriptEditorPlugin (103)
[2015.03.03-23.18.33:980][800]LogModuleManager: Shutting down and abandoning module CustomMeshComponent (102)
[2015.03.03-23.18.33:980][800]LogModuleManager: Shutting down and abandoning module CableComponent (101)
[2015.03.03-23.18.33:980][800]LogModuleManager: Shutting down and abandoning module MessagingDebugger (100)
[2015.03.03-23.18.33:980][800]LogModuleManager: Shutting down and abandoning module MediaPlayerEditor (99)
[2015.03.03-23.18.33:981][800]LogModuleManager: Shutting down and abandoning module SpeedTreeImporter (98)
[2015.03.03-23.18.33:981][800]LogModuleManager: Shutting down and abandoning module PluginsEditor (97)
[2015.03.03-23.18.33:981][800]LogModuleManager: Shutting down and abandoning module MainFrame (96)
[2015.03.03-23.18.33:981][800]LogModuleManager: Shutting down and abandoning module EpicSurvey (95)
[2015.03.03-23.18.33:981][800]LogModuleManager: Shutting down and abandoning module DesktopPlatform (94)
[2015.03.03-23.18.33:981][800]LogModuleManager: Shutting down and abandoning module DirectoryWatcher (93)
[2015.03.03-23.18.33:982][800]LogModuleManager: Shutting down and abandoning module HotReload (92)
[2015.03.03-23.18.33:982][800]LogModuleManager: Shutting down and abandoning module VisualStudioSourceCodeAccess (91)
[2015.03.03-23.18.33:982][800]LogModuleManager: Shutting down and abandoning module UObjectPlugin (90)
[2015.03.03-23.18.33:982][800]LogModuleManager: Shutting down and abandoning module SubversionSourceControl (89)
[2015.03.03-23.18.33:982][800]LogModuleManager: Shutting down and abandoning module PerforceSourceControl (88)
[2015.03.03-23.18.33:982][800]LogModuleManager: Shutting down and abandoning module SourceControl (87)
[2015.03.03-23.18.33:982][800]LogModuleManager: Shutting down and abandoning module GitSourceControl (86)
[2015.03.03-23.18.33:982][800]LogModuleManager: Shutting down and abandoning module BlankPlugin (85)
[2015.03.03-23.18.33:982][800]LogModuleManager: Shutting down and abandoning module PaperTiledImporter (84)
[2015.03.03-23.18.33:982][800]LogModuleManager: Shutting down and abandoning module PaperJsonImporter (83)
[2015.03.03-23.18.33:982][800]LogModuleManager: Shutting down and abandoning module ContentBrowser (82)
[2015.03.03-23.18.33:984][800]LogModuleManager: Shutting down and abandoning module Paper2DEditor (81)
[2015.03.03-23.18.33:984][800]LogModuleManager: Shutting down and abandoning module ScriptPlugin (80)
[2015.03.03-23.18.33:984][800]LogModuleManager: Shutting down and abandoning module UdpMessaging (79)
[2015.03.03-23.18.34:084][800]LogModuleManager: Shutting down and abandoning module Paper2D (78)
[2015.03.03-23.18.34:084][800]LogModuleManager: Shutting down and abandoning module WindowsMoviePlayer (77)
[2015.03.03-23.18.34:086][800]LogModuleManager: Shutting down and abandoning module Media (76)
[2015.03.03-23.18.34:086][800]LogModuleManager: Shutting down and abandoning module WmfMedia (75)
[2015.03.03-23.18.34:086][800]LogModuleManager: Shutting down and abandoning module OnlineBlueprintSupport (74)
[2015.03.03-23.18.34:086][800]LogModuleManager: Shutting down and abandoning module PropertyEditor (73)
[2015.03.03-23.18.34:086][800]LogModuleManager: Shutting down and abandoning module BehaviorTreeEditor (72)
[2015.03.03-23.18.34:086][800]LogModuleManager: Shutting down and abandoning module FunctionalTesting (71)
[2015.03.03-23.18.34:086][800]LogModuleManager: Shutting down and abandoning module CollisionAnalyzer (70)
[2015.03.03-23.18.34:086][800]LogModuleManager: Shutting down and abandoning module WorkspaceMenuStructure (69)
[2015.03.03-23.18.34:086][800]LogModuleManager: Shutting down and abandoning module MessageLog (68)
[2015.03.03-23.18.34:086][800]LogModuleManager: Shutting down and abandoning module Sequencer (67)
[2015.03.03-23.18.34:086][800]LogModuleManager: Shutting down and abandoning module AssetTools (66)
[2015.03.03-23.18.34:086][800]LogModuleManager: Shutting down and abandoning module UMGEditor (65)
[2015.03.03-23.18.34:086][800]LogModuleManager: Shutting down and abandoning module UMG (64)
[2015.03.03-23.18.34:086][800]LogModuleManager: Shutting down and abandoning module Slate (63)
[2015.03.03-23.18.34:086][800]LogModuleManager: Shutting down and abandoning module EditorStyle (62)
[2015.03.03-23.18.34:089][800]LogModuleManager: Shutting down and abandoning module SessionServices (61)
[2015.03.03-23.18.34:089][800]LogModuleManager: Shutting down and abandoning module SourceCodeAccess (60)
[2015.03.03-23.18.34:089][800]LogModuleManager: Shutting down and abandoning module HeadMountedDisplay (59)
[2015.03.03-23.18.34:089][800]LogModuleManager: Shutting down and abandoning module XAudio2 (58)
[2015.03.03-23.18.34:089][800]LogModuleManager: Shutting down and abandoning module Networking (56)
[2015.03.03-23.18.34:089][800]LogModuleManager: Shutting down and abandoning module Core (55)
[2015.03.03-23.18.34:089][800]LogModuleManager: Shutting down and abandoning module KismetCompiler (54)
[2015.03.03-23.18.34:089][800]LogModuleManager: Shutting down and abandoning module PhysXFormats (53)
[2015.03.03-23.18.34:089][800]LogModuleManager: Shutting down and abandoning module MeshUtilities (52)
[2015.03.03-23.18.34:089][800]LogModuleManager: Shutting down and abandoning module DerivedDataCache (51)
[2015.03.03-23.18.34:115][800]LogDerivedDataCache: Shutdown
[2015.03.03-23.18.34:115][800]LogModuleManager: Shutting down and abandoning module ShaderFormatOpenGL (50)
[2015.03.03-23.18.34:115][800]LogModuleManager: Shutting down and abandoning module ShaderFormatD3D (49)
[2015.03.03-23.18.34:115][800]LogModuleManager: Shutting down and abandoning module MetalShaderFormat (48)
[2015.03.03-23.18.34:115][800]LogModuleManager: Shutting down and abandoning module TextureFormatUncompressed (47)
[2015.03.03-23.18.34:115][800]LogModuleManager: Shutting down and abandoning module TextureFormatPVR (46)
[2015.03.03-23.18.34:115][800]LogModuleManager: Shutting down and abandoning module TextureFormatIntelISPCTexComp (45)
[2015.03.03-23.18.34:115][800]LogModuleManager: Shutting down and abandoning module TextureFormatDXT (44)
[2015.03.03-23.18.34:115][800]LogModuleManager: Shutting down and abandoning module ImageWrapper (43)
[2015.03.03-23.18.34:115][800]LogModuleManager: Shutting down and abandoning module TextureFormatASTC (42)
[2015.03.03-23.18.34:115][800]LogModuleManager: Shutting down and abandoning module TextureFormatAndroid (41)
[2015.03.03-23.18.34:115][800]LogModuleManager: Shutting down and abandoning module AudioFormatOpus (40)
[2015.03.03-23.18.34:115][800]LogModuleManager: Shutting down and abandoning module AudioFormatOgg (39)
[2015.03.03-23.18.34:115][800]LogModuleManager: Shutting down and abandoning module AudioFormatADPCM (38)
[2015.03.03-23.18.34:115][800]LogModuleManager: Shutting down and abandoning module LinuxTargetPlatform (37)
[2015.03.03-23.18.34:115][800]LogModuleManager: Shutting down and abandoning module LinuxServerTargetPlatform (36)
[2015.03.03-23.18.34:116][800]LogModuleManager: Shutting down and abandoning module LinuxNoEditorTargetPlatform (35)
[2015.03.03-23.18.34:116][800]LogModuleManager: Shutting down and abandoning module Messaging (34)
[2015.03.03-23.18.34:116][800]LogModuleManager: Shutting down and abandoning module IOSTargetPlatform (33)
[2015.03.03-23.18.34:116][800]LogModuleManager: Shutting down and abandoning module HTML5TargetPlatform (32)
[2015.03.03-23.18.34:116][800]LogModuleManager: Shutting down and abandoning module Android_PVRTCTargetPlatform (31)
[2015.03.03-23.18.34:116][800]LogModuleManager: Shutting down and abandoning module Android_ETC2TargetPlatform (30)
[2015.03.03-23.18.34:116][800]LogModuleManager: Shutting down and abandoning module Android_ETC1TargetPlatform (29)
[2015.03.03-23.18.34:116][800]LogModuleManager: Shutting down and abandoning module Android_ES31TargetPlatform (28)
[2015.03.03-23.18.34:116][800]LogModuleManager: Shutting down and abandoning module Android_DXTTargetPlatform (27)
[2015.03.03-23.18.34:116][800]LogModuleManager: Shutting down and abandoning module Android_ATCTargetPlatform (26)
[2015.03.03-23.18.34:116][800]LogModuleManager: Shutting down and abandoning module AndroidTargetPlatform (25)
[2015.03.03-23.18.34:116][800]LogModuleManager: Shutting down and abandoning module WindowsTargetPlatform (24)
[2015.03.03-23.18.34:116][800]LogModuleManager: Shutting down and abandoning module WindowsServerTargetPlatform (23)
[2015.03.03-23.18.34:116][800]LogModuleManager: Shutting down and abandoning module WindowsNoEditorTargetPlatform (22)
[2015.03.03-23.18.34:116][800]LogModuleManager: Shutting down and abandoning module WindowsClientTargetPlatform (21)
[2015.03.03-23.18.34:116][800]LogModuleManager: Shutting down and abandoning module TargetPlatform (20)
[2015.03.03-23.18.34:116][800]LogModuleManager: Shutting down and abandoning module InputCore (19)
[2015.03.03-23.18.34:116][800]LogModuleManager: Shutting down and abandoning module Settings (18)
[2015.03.03-23.18.34:116][800]LogModuleManager: Shutting down and abandoning module OnlineSubsystem (16)
[2015.03.03-23.18.34:116][800]LogModuleManager: Shutting down and abandoning module OculusRift (15)
[2015.03.03-23.18.34:116][800]LogModuleManager: Shutting down and abandoning module ExampleDeviceProfileSelector (14)
[2015.03.03-23.18.34:116][800]LogModuleManager: Shutting down and abandoning module TextureCompressor (13)
[2015.03.03-23.18.34:117][800]LogModuleManager: Shutting down and abandoning module ShaderCore (12)
[2015.03.03-23.18.34:117][800]LogModuleManager: Shutting down and abandoning module Landscape (11)
[2015.03.03-23.18.34:117][800]LogModuleManager: Shutting down and abandoning module SlateRHIRenderer (10)
[2015.03.03-23.18.34:124][800]LogModuleManager: Shutting down and abandoning module OpenGLDrv (9)
[2015.03.03-23.18.34:124][800]LogModuleManager: Shutting down and abandoning module D3D11RHI (8)
[2015.03.03-23.18.34:124][800]LogModuleManager: Shutting down and abandoning module Renderer (7)
[2015.03.03-23.18.34:124][800]LogModuleManager: Shutting down and abandoning module Engine (6)
[2015.03.03-23.18.34:124][800]LogModuleManager: Shutting down and abandoning module CoreUObject (5)
[2015.03.03-23.18.34:124][800]LogModuleManager: Shutting down and abandoning module NetworkFile (4)
[2015.03.03-23.18.34:124][800]LogModuleManager: Shutting down and abandoning module StreamingFile (3)
[2015.03.03-23.18.34:124][800]LogModuleManager: Shutting down and abandoning module SandboxFile (2)
[2015.03.03-23.18.34:124][800]LogModuleManager: Shutting down and abandoning module PakFile (1)
[2015.03.03-23.18.34:126][800]LogExit: Exiting.
[2015.03.03-23.18.34:132][800]Log file closed, 03/03/15 17:18:34
