Log file open, 03/07/18 17:06:17
LogWindows: Failed to load 'aqProf.dll' (GetLastError=126)
LogWindows: File 'aqProf.dll' does not exist
LogWindows: Failed to load 'VtuneApi.dll' (GetLastError=126)
LogWindows: File 'VtuneApi.dll' does not exist
LogWindows: Failed to load 'VtuneApi32e.dll' (GetLastError=126)
LogWindows: File 'VtuneApi32e.dll' does not exist
LogInit: Display: Running engine for game: ENPo
LogPlatformFile: Not using cached read wrapper
LogInit: Display: RandInit(-1982105381) SRandInit(-1982105381).
LogInit: Read version file with build ID '3709383'
LogInit: Overriding engine version to CL 3832480, compatible CL 3709383
LogInit: Registered custom module enumerator with build ID '3709383'
LogTaskGraph: Started task graph with 5 named threads and 14 total threads with 3 sets of task threads.
LogStats: Stats thread started at 0.205683
LogD3D11RHI: Aftermath initialized
LogModuleManager: Display: Found up-to-date module file ../../../Engine/Plugins/2D/Paper2D/Binaries/Win64/UE4Editor-Paper2D.dll (API version 3709383).
LogModuleManager: Display: Found up-to-date module file ../../../Engine/Plugins/2D/Paper2D/Binaries/Win64/UE4Editor-Paper2DEditor.dll (API version 3709383).
LogModuleManager: Display: Found up-to-date module file ../../../Engine/Plugins/2D/Paper2D/Binaries/Win64/UE4Editor-PaperSpriteSheetImporter.dll (API version 3709383).
LogModuleManager: Display: Found up-to-date module file ../../../Engine/Plugins/2D/Paper2D/Binaries/Win64/UE4Editor-PaperTiledImporter.dll (API version 3709383).
LogModuleManager: Display: Found up-to-date module file ../../../Engine/Plugins/2D/Paper2D/Binaries/Win64/UE4Editor-SmartSnapping.dll (API version 3709383).
LogModuleManager: Display: Found up-to-date module file ../../../Engine/Plugins/Blendables/LightPropagationVolume/Binaries/Win64/UE4Editor-LightPropagationVolumeRuntime.dll (API version 3709383).
LogModuleManager: Display: Found up-to-date module file ../../../Engine/Plugins/Blendables/LightPropagationVolume/Binaries/Win64/UE4Editor-LightPropagationVolumeEditor.dll (API version 3709383).
LogModuleManager: Display: Found up-to-date module file ../../../Engine/Plugins/Developer/GitSourceControl/Binaries/Win64/UE4Editor-GitSourceControl.dll (API version 3709383).
LogModuleManager: Display: Found up-to-date module file ../../../Engine/Plugins/Developer/PerforceSourceControl/Binaries/Win64/UE4Editor-PerforceSourceControl.dll (API version 3709383).
LogModuleManager: Display: Found up-to-date module file ../../../Engine/Plugins/Developer/SubversionSourceControl/Binaries/Win64/UE4Editor-SubversionSourceControl.dll (API version 3709383).
LogModuleManager: Display: Found up-to-date module file ../../../Engine/Plugins/Developer/UObjectPlugin/Binaries/Win64/UE4Editor-UObjectPlugin.dll (API version 3709383).
LogModuleManager: Display: Found up-to-date module file ../../../Engine/Plugins/Developer/VisualStudioCodeSourceCodeAccess/Binaries/Win64/UE4Editor-VisualStudioCodeSourceCodeAccess.dll (API version 3709383).
LogModuleManager: Display: Found up-to-date module file ../../../Engine/Plugins/Developer/VisualStudioSourceCodeAccess/Binaries/Win64/UE4Editor-VisualStudioSourceCodeAccess.dll (API version 3709383).
LogModuleManager: Display: Found up-to-date module file ../../../Engine/Plugins/Editor/AssetManagerEditor/Binaries/Win64/UE4Editor-AssetManagerEditor.dll (API version 3709383).
LogModuleManager: Display: Found up-to-date module file ../../../Engine/Plugins/Editor/AudioCapture/Binaries/Win64/UE4Editor-AudioCapture.dll (API version 3709383).
LogModuleManager: Display: Found up-to-date module file ../../../Engine/Plugins/Editor/FacialAnimation/Binaries/Win64/UE4Editor-FacialAnimation.dll (API version 3709383).
LogModuleManager: Display: Found up-to-date module file ../../../Engine/Plugins/Editor/FacialAnimation/Binaries/Win64/UE4Editor-FacialAnimationEditor.dll (API version 3709383).
LogModuleManager: Display: Found up-to-date module file ../../../Engine/Plugins/Editor/GameplayTagsEditor/Binaries/Win64/UE4Editor-GameplayTagsEditor.dll (API version 3709383).
LogModuleManager: Display: Found up-to-date module file ../../../Engine/Plugins/Editor/MobileLauncherProfileWizard/Binaries/Win64/UE4Editor-MobileLauncherProfileWizard.dll (API version 3709383).
LogModuleManager: Display: Found up-to-date module file ../../../Engine/Plugins/Editor/PluginBrowser/Binaries/Win64/UE4Editor-PluginBrowser.dll (API version 3709383).
LogModuleManager: Display: Found up-to-date module file ../../../Engine/Plugins/Editor/SpeedTreeImporter/Binaries/Win64/UE4Editor-SpeedTreeImporter.dll (API version 3709383).
LogModuleManager: Display: Found up-to-date module file ../../../Engine/Plugins/Experimental/AlembicImporter/Binaries/Win64/UE4Editor-AlembicImporter.dll (API version 3709383).
LogModuleManager: Display: Found up-to-date module file ../../../Engine/Plugins/Experimental/AlembicImporter/Binaries/Win64/UE4Editor-AlembicLibrary.dll (API version 3709383).
LogModuleManager: Display: Found up-to-date module file ../../../Engine/Plugins/Experimental/CharacterAI/Binaries/Win64/UE4Editor-CharacterAI.dll (API version 3709383).
LogModuleManager: Display: Found up-to-date module file ../../../Engine/Plugins/Experimental/HTML5Networking/Binaries/Win64/UE4Editor-HTML5Networking.dll (API version 3709383).
LogModuleManager: Display: Found up-to-date module file ../../../Engine/Plugins/Media/AndroidMedia/Binaries/Win64/UE4Editor-AndroidMediaEditor.dll (API version 3709383).
LogModuleManager: Display: Found up-to-date module file ../../../Engine/Plugins/Media/AndroidMedia/Binaries/Win64/UE4Editor-AndroidMediaFactory.dll (API version 3709383).
LogModuleManager: Display: Found up-to-date module file ../../../Engine/Plugins/Media/AvfMedia/Binaries/Win64/UE4Editor-AvfMediaEditor.dll (API version 3709383).
LogModuleManager: Display: Found up-to-date module file ../../../Engine/Plugins/Media/AvfMedia/Binaries/Win64/UE4Editor-AvfMediaFactory.dll (API version 3709383).
LogModuleManager: Display: Found up-to-date module file ../../../Engine/Plugins/Media/AvfMedia/Binaries/Win64/UE4Editor-AvfMediaFactory.dll (API version 3709383).
LogModuleManager: Display: Found up-to-date module file ../../../Engine/Plugins/Media/ImgMedia/Binaries/Win64/UE4Editor-ImgMedia.dll (API version 3709383).
LogModuleManager: Display: Found up-to-date module file ../../../Engine/Plugins/Media/ImgMedia/Binaries/Win64/UE4Editor-ImgMediaEditor.dll (API version 3709383).
LogModuleManager: Display: Found up-to-date module file ../../../Engine/Plugins/Media/ImgMedia/Binaries/Win64/UE4Editor-ImgMediaFactory.dll (API version 3709383).
LogModuleManager: Display: Found up-to-date module file ../../../Engine/Plugins/Media/ImgMedia/Binaries/Win64/UE4Editor-ImgMediaFactory.dll (API version 3709383).
LogModuleManager: Display: Found up-to-date module file ../../../Engine/Plugins/Media/ImgMedia/Binaries/Win64/UE4Editor-OpenExrWrapper.dll (API version 3709383).
LogModuleManager: Display: Found up-to-date module file ../../../Engine/Plugins/Media/MediaCompositing/Binaries/Win64/UE4Editor-MediaCompositing.dll (API version 3709383).
LogModuleManager: Display: Found up-to-date module file ../../../Engine/Plugins/Media/MediaCompositing/Binaries/Win64/UE4Editor-MediaCompositingEditor.dll (API version 3709383).
LogModuleManager: Display: Found up-to-date module file ../../../Engine/Plugins/Media/MediaPlayerEditor/Binaries/Win64/UE4Editor-MediaPlayerEditor.dll (API version 3709383).
LogModuleManager: Display: Found up-to-date module file ../../../Engine/Plugins/Media/WmfMedia/Binaries/Win64/UE4Editor-WmfMedia.dll (API version 3709383).
LogModuleManager: Display: Found up-to-date module file ../../../Engine/Plugins/Media/WmfMedia/Binaries/Win64/UE4Editor-WmfMediaEditor.dll (API version 3709383).
LogModuleManager: Display: Found up-to-date module file ../../../Engine/Plugins/Media/WmfMedia/Binaries/Win64/UE4Editor-WmfMediaFactory.dll (API version 3709383).
LogModuleManager: Display: Found up-to-date module file ../../../Engine/Plugins/Media/WmfMedia/Binaries/Win64/UE4Editor-WmfMediaFactory.dll (API version 3709383).
LogModuleManager: Display: Found up-to-date module file ../../../Engine/Plugins/Messaging/TcpMessaging/Binaries/Win64/UE4Editor-TcpMessaging.dll (API version 3709383).
LogModuleManager: Display: Found up-to-date module file ../../../Engine/Plugins/Messaging/UdpMessaging/Binaries/Win64/UE4Editor-UdpMessaging.dll (API version 3709383).
LogModuleManager: Display: Found up-to-date module file ../../../Engine/Plugins/MovieScene/ActorSequence/Binaries/Win64/UE4Editor-ActorSequence.dll (API version 3709383).
LogModuleManager: Display: Found up-to-date module file ../../../Engine/Plugins/MovieScene/LevelSequenceEditor/Binaries/Win64/UE4Editor-LevelSequenceEditor.dll (API version 3709383).
LogModuleManager: Display: Found up-to-date module file ../../../Engine/Plugins/MovieScene/MatineeToLevelSequence/Binaries/Win64/UE4Editor-MatineeToLevelSequence.dll (API version 3709383).
LogModuleManager: Display: Found up-to-date module file ../../../Engine/Plugins/Online/OnlineSubsystem/Binaries/Win64/UE4Editor-OnlineSubsystem.dll (API version 3709383).
LogModuleManager: Display: Found up-to-date module file ../../../Engine/Plugins/Runtime/AndroidPermission/Binaries/Win64/UE4Editor-AndroidPermission.dll (API version 3709383).
LogModuleManager: Display: Found up-to-date module file ../../../Engine/Plugins/Online/OnlineSubsystemNull/Binaries/Win64/UE4Editor-OnlineSubsystemNull.dll (API version 3709383).
LogModuleManager: Display: Found up-to-date module file ../../../Engine/Plugins/Online/OnlineSubsystemUtils/Binaries/Win64/UE4Editor-OnlineSubsystemUtils.dll (API version 3709383).
LogModuleManager: Display: Found up-to-date module file ../../../Engine/Plugins/Online/OnlineSubsystemUtils/Binaries/Win64/UE4Editor-OnlineBlueprintSupport.dll (API version 3709383).
LogModuleManager: Display: Found up-to-date module file ../../../Engine/Plugins/Runtime/AndroidDeviceProfileSelector/Binaries/Win64/UE4Editor-AndroidDeviceProfileSelector.dll (API version 3709383).
LogModuleManager: Display: Found up-to-date module file ../../../Engine/Plugins/Runtime/AppleARKit/Binaries/Win64/UE4Editor-AppleARKit.dll (API version 3709383).
LogModuleManager: Display: Found up-to-date module file ../../../Engine/Plugins/Runtime/ArchVisCharacter/Binaries/Win64/UE4Editor-ArchVisCharacter.dll (API version 3709383).
LogModuleManager: Display: Found up-to-date module file ../../../Engine/Plugins/Runtime/CableComponent/Binaries/Win64/UE4Editor-CableComponent.dll (API version 3709383).
LogModuleManager: Display: Found up-to-date module file ../../../Engine/Plugins/Runtime/CustomMeshComponent/Binaries/Win64/UE4Editor-CustomMeshComponent.dll (API version 3709383).
LogModuleManager: Display: Found up-to-date module file ../../../Engine/Plugins/Runtime/ExampleDeviceProfileSelector/Binaries/Win64/UE4Editor-ExampleDeviceProfileSelector.dll (API version 3709383).
LogModuleManager: Display: Found up-to-date module file ../../../Engine/Plugins/Runtime/ImmediatePhysics/Binaries/Win64/UE4Editor-ImmediatePhysics.dll (API version 3709383).
LogModuleManager: Display: Found up-to-date module file ../../../Engine/Plugins/Runtime/ImmediatePhysics/Binaries/Win64/UE4Editor-ImmediatePhysicsEditor.dll (API version 3709383).
LogModuleManager: Display: Found up-to-date module file ../../../Engine/Plugins/Runtime/LocationServicesBPLibrary/Binaries/Win64/UE4Editor-LocationServicesBPLibrary.dll (API version 3709383).
LogModuleManager: Display: Found up-to-date module file ../../../Engine/Plugins/Runtime/MobilePatchingUtils/Binaries/Win64/UE4Editor-MobilePatchingUtils.dll (API version 3709383).
LogModuleManager: Display: Found up-to-date module file ../../../Engine/Plugins/Runtime/Oculus/OculusVR/Binaries/Win64/UE4Editor-OculusHMD.dll (API version 3709383).
LogModuleManager: Display: Found up-to-date module file ../../../Engine/Plugins/Runtime/Oculus/OculusVR/Binaries/Win64/UE4Editor-OculusInput.dll (API version 3709383).
LogModuleManager: Display: Found up-to-date module file ../../../Engine/Plugins/Runtime/Oculus/OculusVR/Binaries/Win64/UE4Editor-OculusEditor.dll (API version 3709383).
LogModuleManager: Display: Found up-to-date module file ../../../Engine/Plugins/Runtime/PhysXVehicles/Binaries/Win64/UE4Editor-PhysXVehicles.dll (API version 3709383).
LogModuleManager: Display: Found up-to-date module file ../../../Engine/Plugins/Runtime/PhysXVehicles/Binaries/Win64/UE4Editor-PhysXVehiclesEditor.dll (API version 3709383).
LogModuleManager: Display: Found up-to-date module file ../../../Engine/Plugins/Runtime/ProceduralMeshComponent/Binaries/Win64/UE4Editor-ProceduralMeshComponent.dll (API version 3709383).
LogModuleManager: Display: Found up-to-date module file ../../../Engine/Plugins/Runtime/ProceduralMeshComponent/Binaries/Win64/UE4Editor-ProceduralMeshComponentEditor.dll (API version 3709383).
LogModuleManager: Display: Found up-to-date module file ../../../Engine/Plugins/Runtime/RuntimePhysXCooking/Binaries/Win64/UE4Editor-RuntimePhysXCooking.dll (API version 3709383).
LogModuleManager: Display: Found up-to-date module file ../../../Engine/Plugins/Runtime/Steam/SteamVR/Binaries/Win64/UE4Editor-SteamVR.dll (API version 3709383).
LogModuleManager: Display: Found up-to-date module file ../../../Engine/Plugins/Runtime/Steam/SteamVR/Binaries/Win64/UE4Editor-SteamVRController.dll (API version 3709383).
LogModuleManager: Display: Found up-to-date module file ../../../Engine/Plugins/Runtime/WindowsMoviePlayer/Binaries/Win64/UE4Editor-WindowsMoviePlayer.dll (API version 3709383).
LogPluginManager: Mounting plugin Paper2D
LogPluginManager: Mounting plugin LightPropagationVolume
LogPluginManager: Mounting plugin CodeLiteSourceCodeAccess
LogPluginManager: Mounting plugin GitSourceControl
LogPluginManager: Mounting plugin KDevelopSourceCodeAccess
LogPluginManager: Mounting plugin NullSourceCodeAccess
LogPluginManager: Mounting plugin PerforceSourceControl
LogPluginManager: Mounting plugin SubversionSourceControl
LogPluginManager: Mounting plugin UObjectPlugin
LogPluginManager: Mounting plugin VisualStudioCodeSourceCodeAccess
LogPluginManager: Mounting plugin VisualStudioSourceCodeAccess
LogPluginManager: Mounting plugin XCodeSourceCodeAccess
LogPluginManager: Mounting plugin AssetManagerEditor
LogPluginManager: Mounting plugin AudioCapture
LogPluginManager: Mounting plugin FacialAnimation
LogPluginManager: Mounting plugin GameplayTagsEditor
LogPluginManager: Mounting plugin MobileLauncherProfileWizard
LogPluginManager: Mounting plugin PluginBrowser
LogPluginManager: Mounting plugin SpeedTreeImporter
LogPluginManager: Mounting plugin AlembicImporter
LogPluginManager: Mounting plugin CharacterAI
LogPluginManager: Mounting plugin HTML5Networking
LogPluginManager: Mounting plugin AndroidMedia
LogPluginManager: Mounting plugin AvfMedia
LogPluginManager: Mounting plugin ImgMedia
LogPluginManager: Mounting plugin MediaCompositing
LogPluginManager: Mounting plugin MediaPlayerEditor
LogPluginManager: Mounting plugin WmfMedia
LogPluginManager: Mounting plugin TcpMessaging
LogPluginManager: Mounting plugin UdpMessaging
LogPluginManager: Mounting plugin ActorSequence
LogPluginManager: Mounting plugin LevelSequenceEditor
LogPluginManager: Mounting plugin MatineeToLevelSequence
LogPluginManager: Mounting plugin OnlineSubsystemGooglePlay
LogPluginManager: Mounting plugin OnlineSubsystemIOS
LogPluginManager: Mounting plugin OnlineSubsystem
LogPluginManager: Mounting plugin OnlineSubsystemNull
LogPluginManager: Mounting plugin OnlineSubsystemUtils
LogPluginManager: Mounting plugin AndroidDeviceProfileSelector
LogPluginManager: Mounting plugin AndroidMoviePlayer
LogPluginManager: Mounting plugin AndroidPermission
LogPluginManager: Mounting plugin AppleARKit
LogPluginManager: Mounting plugin AppleMoviePlayer
LogPluginManager: Mounting plugin ArchVisCharacter
LogPluginManager: Mounting plugin CableComponent
LogPluginManager: Mounting plugin CustomMeshComponent
LogPluginManager: Mounting plugin ExampleDeviceProfileSelector
LogPluginManager: Mounting plugin GoogleCloudMessaging
LogPluginManager: Mounting plugin ImmediatePhysics
LogPluginManager: Mounting plugin IOSDeviceProfileSelector
LogPluginManager: Mounting plugin LinuxDeviceProfileSelector
LogPluginManager: Mounting plugin LocationServicesBPLibrary
LogPluginManager: Mounting plugin MobilePatchingUtils
LogPluginManager: Mounting plugin OculusVR
LogPluginManager: Plugin shader directory ../../../Engine/Plugins/Runtime/Oculus/OculusVR/Shaders found
LogPluginManager: Mapping shader source directory ../../../Engine/Plugins/Runtime/Oculus/OculusVR/Shaders to virtual directory /Plugin/OculusVR
LogPluginManager: Mounting plugin PhysXVehicles
LogPluginManager: Mounting plugin ProceduralMeshComponent
LogPluginManager: Mounting plugin RuntimePhysXCooking
LogPluginManager: Mounting plugin SteamVR
LogPluginManager: Mounting plugin WindowsMoviePlayer
LogInit: Using libcurl 7.47.1
LogInit:  - built for x86_64-pc-win32
LogInit:  - supports SSL with OpenSSL/1.0.2g
LogInit:  - supports HTTP deflate (compression) using libz 1.2.8
LogInit:  - other features:
LogInit:      CURL_VERSION_SSL
LogInit:      CURL_VERSION_LIBZ
LogInit:      CURL_VERSION_IPV6
LogInit:      CURL_VERSION_ASYNCHDNS
LogInit:      CURL_VERSION_LARGEFILE
LogInit:      CURL_VERSION_IDN
LogInit:  CurlRequestOptions (configurable via config and command line):
LogInit:  - bVerifyPeer = false  - Libcurl will NOT verify peer certificate
LogInit:  - bUseHttpProxy = false  - Libcurl will NOT use HTTP proxy
LogInit:  - bDontReuseConnections = false  - Libcurl will reuse connections
LogInit:  - CertBundlePath = nullptr  - Libcurl will use whatever was configured at build time.
LogInit: Build: ++UE4+Release-4.18-CL-3832480
LogInit: Engine Version: 4.18.3-3832480+++UE4+Release-4.18
LogInit: Compatible Engine Version: 4.18.0-3709383+++UE4+Release-4.18
LogInit: Net CL: 3709383
LogDevObjectVersion: Number of dev versions registered: 16
LogDevObjectVersion:   Dev-Blueprints (B0D832E4-1F89-4F0D-ACCF-7EB736FD4AA2): 10
LogDevObjectVersion:   Dev-Build (E1C64328-A22C-4D53-A36C-8E866417BD8C): 0
LogDevObjectVersion:   Dev-Core (375EC13C-06E4-48FB-B500-84F0262A717E): 2
LogDevObjectVersion:   Dev-Editor (E4B068ED-F494-42E9-A231-DA0B2E46BB41): 20
LogDevObjectVersion:   Dev-Framework (CFFC743F-43B0-4480-9391-14DF171D2073): 30
LogDevObjectVersion:   Dev-Mobile (B02B49B5-BB20-44E9-A304-32B752E40360): 0
LogDevObjectVersion:   Dev-Networking (A4E4105C-59A1-49B5-A7C5-40C4547EDFEE): 0
LogDevObjectVersion:   Dev-Online (39C831C9-5AE6-47DC-9A44-9C173E1C8E7C): 0
LogDevObjectVersion:   Dev-Physics (78F01B33-EBEA-4F98-B9B4-84EACCB95AA2): 0
LogDevObjectVersion:   Dev-Platform (6631380F-2D4D-43E0-8009-CF276956A95A): 0
LogDevObjectVersion:   Dev-Rendering (12F88B9F-8875-4AFC-A67C-D90C383ABD29): 20
LogDevObjectVersion:   Dev-Sequencer (7B5AE74C-D270-4C10-A958-57980B212A5A): 4
LogDevObjectVersion:   Dev-VR (D7296918-1DD6-4BDD-9DE2-64A83CC13884): 0
LogDevObjectVersion:   Dev-LoadTimes (C2A15278-BFE7-4AFE-6C17-90FF531DF755): 1
LogDevObjectVersion:   Private-Geometry (6EACA3D4-40EC-4CC1-B786-8BED09428FC5): 1
LogDevObjectVersion:   Dev-AnimPhys (29E575DD-E0A3-4627-9D10-D276232CDCEA): 12
LogInit: Compiled (64-bit): Jan 12 2018 02:04:55
LogInit: Compiled with Visual C++: 19.00.24215.01
LogInit: Build Configuration: Development
LogInit: Branch Name: ++UE4+Release-4.18
LogInit: Command line: -EpicPortal 
LogInit: Base directory: D:/Unreal/UE_4.18/Engine/Binaries/Win64/
LogInit: Installed Engine Build: 1
LogInit: Presizing for max 8388607 objects, including 0 objects not considered by GC, pre-allocating 0 bytes for permanent pool.
LogInit: Object subsystem initialized
[2018.03.08-01.06.18:772][  0]LogInit: Selected Device Profile: [Windows]
[2018.03.08-01.06.18:772][  0]LogInit: Applying CVar settings loaded from the selected device profile: [Windows]
[2018.03.08-01.06.18:782][  0]LogInit: Computer: YARD-PC
[2018.03.08-01.06.18:782][  0]LogInit: User: yardl
[2018.03.08-01.06.18:782][  0]LogInit: CPU Page size=4096, Cores=4
[2018.03.08-01.06.18:782][  0]LogInit: High frequency timer resolution =3.914066 MHz
[2018.03.08-01.06.18:782][  0]LogMemory: Memory total: Physical=16.0GB (16GB approx)
[2018.03.08-01.06.18:782][  0]LogMemory: Platform Memory Stats for Windows
[2018.03.08-01.06.18:782][  0]LogMemory: Process Physical Memory: 276.36 MB used, 276.36 MB peak
[2018.03.08-01.06.18:782][  0]LogMemory: Process Virtual Memory: 269.99 MB used, 269.99 MB peak
[2018.03.08-01.06.18:782][  0]LogMemory: Physical Memory: 6996.28 MB used,  9344.83 MB free, 16341.11 MB total
[2018.03.08-01.06.18:782][  0]LogMemory: Virtual Memory: 678.19 MB used,  9344.83 MB free, 134217728.00 MB total
[2018.03.08-01.06.18:886][  0]LogInit: Using OS detected language (en-US).
[2018.03.08-01.06.18:886][  0]LogInit: Using OS detected locale (en-US).
[2018.03.08-01.06.18:890][  0]LogTextLocalizationManager: No specific localization for 'en-US' exists, so the 'en' localization will be used.
[2018.03.08-01.06.19:248][  0]LogInit: Setting process to per monitor DPI aware
[2018.03.08-01.06.19:529][  0]LogD3D11RHI: D3D11 adapters:
[2018.03.08-01.06.19:561][  0]LogD3D11RHI:    0. 'NVIDIA GeForce GTX 1060 6GB' (Feature Level 11_0)
[2018.03.08-01.06.19:561][  0]LogD3D11RHI:       6052/0/8170 MB DedicatedVideo/DedicatedSystem/SharedSystem, Outputs:2, VendorId:0x10de
[2018.03.08-01.06.19:564][  0]LogD3D11RHI:    1. 'Microsoft Basic Render Driver' (Feature Level 11_0)
[2018.03.08-01.06.19:564][  0]LogD3D11RHI:       0/0/8170 MB DedicatedVideo/DedicatedSystem/SharedSystem, Outputs:0, VendorId:0x1414
[2018.03.08-01.06.19:564][  0]LogD3D11RHI: Chosen D3D11 Adapter: 0
[2018.03.08-01.06.19:569][  0]LogD3D11RHI: Creating new Direct3DDevice
[2018.03.08-01.06.19:569][  0]LogD3D11RHI:     GPU DeviceId: 0x1c03 (for the marketing name, search the web for "GPU Device Id")
[2018.03.08-01.06.19:569][  0]LogWindows: EnumDisplayDevices:
[2018.03.08-01.06.19:569][  0]LogWindows:    0. 'NVIDIA GeForce GTX 1060 6GB' (P:1 D:1)
[2018.03.08-01.06.19:569][  0]LogWindows:    1. 'NVIDIA GeForce GTX 1060 6GB' (P:0 D:1)
[2018.03.08-01.06.19:569][  0]LogWindows:    2. 'NVIDIA GeForce GTX 1060 6GB' (P:0 D:0)
[2018.03.08-01.06.19:569][  0]LogWindows:    3. 'NVIDIA GeForce GTX 1060 6GB' (P:0 D:0)
[2018.03.08-01.06.19:569][  0]LogWindows:    4. 'LMIMIRR' (P:0 D:0)
[2018.03.08-01.06.19:569][  0]LogWindows: DebugString: GetVideoDriverDetailsInvalid PrimaryIsNotTheChoosenAdapter GetVideoDriverDetailsInvalid PrimaryIsNotTheChoosenAdapter GetVideoDriverDetailsInvalid PrimaryIsNotTheChoosenAdapter GetVideoDriverDetailsInvalid PrimaryIsNotTheChoosenAdapter GetVideoDriverDetailsInvalid PrimaryIsNotTheChoosenAdapter FoundDriverCount:0 
[2018.03.08-01.06.19:569][  0]LogD3D11RHI:     Adapter Name: NVIDIA GeForce GTX 1060 6GB
[2018.03.08-01.06.19:569][  0]LogD3D11RHI:   Driver Version: Unknown (internal:Unknown, unified:Unknown)
[2018.03.08-01.06.19:569][  0]LogD3D11RHI:      Driver Date: Unknown
[2018.03.08-01.06.19:569][  0]LogRHI: Texture pool is 4236 MB (70% of 6052 MB)
[2018.03.08-01.06.19:595][  0]LogD3D11RHI: Async texture creation enabled
[2018.03.08-01.06.19:609][  0]LogD3D11RHI: GPU Timing Frequency: 1000.000000 (Debug: 2 2)
[2018.03.08-01.06.19:702][  0]LogShaderCompilers: Guid format shader working directory is -4 characters bigger than the processId version (C:/Users/yardl/Documents/GitHub/turbo-archer/ENPo/Intermediate/Shaders/WorkingDirectory/13508/).
[2018.03.08-01.06.19:702][  0]LogShaderCompilers: Cleaned the shader compiler working directory 'C:/Users/yardl/AppData/Local/Temp/UnrealShaderWorkingDir/F5B1BB584684F0CF3C7037881020C030/'.
[2018.03.08-01.06.19:702][  0]LogShaderCompilers: Display: Using Local Shader Compiler.
[2018.03.08-01.06.20:469][  0]LogTemp: Display: Loaded TP AllDesktopTargetPlatform
[2018.03.08-01.06.20:506][  0]LogTemp: Display: Loaded TP MacClientTargetPlatform
[2018.03.08-01.06.20:545][  0]LogTemp: Display: Loaded TP MacNoEditorTargetPlatform
[2018.03.08-01.06.20:583][  0]LogTemp: Display: Loaded TP MacServerTargetPlatform
[2018.03.08-01.06.20:625][  0]LogTemp: Display: Loaded TP MacTargetPlatform
[2018.03.08-01.06.20:664][  0]LogTemp: Display: Loaded TP WindowsClientTargetPlatform
[2018.03.08-01.06.20:703][  0]LogTemp: Display: Loaded TP WindowsNoEditorTargetPlatform
[2018.03.08-01.06.20:743][  0]LogTemp: Display: Loaded TP WindowsServerTargetPlatform
[2018.03.08-01.06.20:777][  0]LogTemp: Display: Loaded TP WindowsTargetPlatform
[2018.03.08-01.06.20:816][  0]LogTemp: Display: Loaded TP Android_ASTCTargetPlatform
[2018.03.08-01.06.20:859][  0]LogTemp: Display: Loaded TP Android_ATCTargetPlatform
[2018.03.08-01.06.20:897][  0]LogTemp: Display: Loaded TP Android_DXTTargetPlatform
[2018.03.08-01.06.20:935][  0]LogTemp: Display: Loaded TP Android_ETC1TargetPlatform
[2018.03.08-01.06.20:974][  0]LogTemp: Display: Loaded TP Android_ETC2TargetPlatform
[2018.03.08-01.06.21:053][  0]LogTemp: Display: Loaded TP Android_MultiTargetPlatform
[2018.03.08-01.06.21:054][  0]LogTemp: Display: Loaded TP Android_PVRTCTargetPlatform
[2018.03.08-01.06.21:096][  0]LogTemp: Display: Loaded TP AndroidTargetPlatform
[2018.03.08-01.06.21:128][  0]LogTemp: Display: Loaded TP HTML5TargetPlatform
[2018.03.08-01.06.21:199][  0]LogTemp: Display: Loaded TP IOSTargetPlatform
[2018.03.08-01.06.21:218][  0]LogTemp: Display: Loaded TP TVOSTargetPlatform
[2018.03.08-01.06.21:261][  0]LogTemp: Display: Loaded TP LinuxClientTargetPlatform
[2018.03.08-01.06.21:301][  0]LogTemp: Display: Loaded TP LinuxNoEditorTargetPlatform
[2018.03.08-01.06.21:343][  0]LogTemp: Display: Loaded TP LinuxServerTargetPlatform
[2018.03.08-01.06.21:383][  0]LogTemp: Display: Loaded TP LinuxTargetPlatform
[2018.03.08-01.06.21:383][  0]LogTargetPlatformManager: Display: Building Assets For Windows
[2018.03.08-01.06.21:711][  0]LogDerivedDataCache: Display: Max Cache Size: 512 MB
[2018.03.08-01.06.21:772][  0]LogDerivedDataCache: Loaded boot cache 0.06s 88MB C:/Users/yardl/AppData/Local/UnrealEngine/4.18/DerivedDataCache/Boot.ddc.
[2018.03.08-01.06.21:772][  0]LogDerivedDataCache: Display: Loaded Boot cache: C:/Users/yardl/AppData/Local/UnrealEngine/4.18/DerivedDataCache/Boot.ddc
[2018.03.08-01.06.21:772][  0]LogDerivedDataCache: FDerivedDataBackendGraph:  Pak pak cache file C:/Users/yardl/Documents/GitHub/turbo-archer/ENPo/DerivedDataCache/DDC.ddp not found, will not use a pak cache.
[2018.03.08-01.06.21:772][  0]LogDerivedDataCache: Unable to find inner node Pak for hierarchical cache Hierarchy.
[2018.03.08-01.06.21:772][  0]LogDerivedDataCache: FDerivedDataBackendGraph:  CompressedPak pak cache file C:/Users/yardl/Documents/GitHub/turbo-archer/ENPo/DerivedDataCache/Compressed.ddp not found, will not use a pak cache.
[2018.03.08-01.06.21:772][  0]LogDerivedDataCache: Unable to find inner node CompressedPak for hierarchical cache Hierarchy.
[2018.03.08-01.06.21:785][  0]LogDerivedDataCache: Display: Pak cache opened for reading ../../../Engine/DerivedDataCache/Compressed.ddp.
[2018.03.08-01.06.21:797][  0]LogDerivedDataCache: Using Local data cache path C:/Users/yardl/AppData/Local/UnrealEngine/Common/DerivedDataCache: Writable
[2018.03.08-01.06.21:806][  0]LogMaterial: Verifying Global Shaders for PCD3D_SM5
[2018.03.08-01.06.21:807][  0]LogSlate: Using Freetype 2.6.0
[2018.03.08-01.06.21:808][  0]LogSlate: SlateFontCache - WITH_FREETYPE: 1, WITH_HARFBUZZ: 1
[2018.03.08-01.06.21:808][  0]LogSlate: SlateFontCache - WITH_FREETYPE: 1, WITH_HARFBUZZ: 1
[2018.03.08-01.06.22:121][  0]LogInit: Selected Device Profile: [Windows]
[2018.03.08-01.06.22:391][  0]LogSimplygon: Simplygon DLL not present - disabling.
[2018.03.08-01.06.22:418][  0]LogMeshReduction: Using SimplygonSwarm for distributed automatic mesh merging
[2018.03.08-01.06.22:418][  0]LogMeshReduction: Using QuadricMeshReduction for automatic static mesh reduction
[2018.03.08-01.06.22:418][  0]LogMeshReduction: No automatic skeletal mesh reduction module available
[2018.03.08-01.06.22:418][  0]LogMeshReduction: No automatic mesh merging module available
[2018.03.08-01.06.22:418][  0]LogMeshMerging: No automatic mesh merging module available
[2018.03.08-01.06.22:454][  0]LogNetVersion: ENPo , NetCL: 3709383, EngineNetVer: 2, GameNetVer: 0 (Checksum: 3719859809)
[2018.03.08-01.06.22:596][  0]LogAssetRegistry: FAssetRegistry took 0.0250 seconds to start up
[2018.03.08-01.06.23:087][  0]LogPackageLocalizationCache: Processed 7 localized package path(s) for 2 prioritized culture(s) in 0.061722 seconds
[2018.03.08-01.06.23:091][  0]LogUObjectArray: 35870 objects as part of root set at end of initial load.
[2018.03.08-01.06.23:091][  0]LogUObjectAllocator: 7363704 out of 0 bytes used by permanent object pool.
[2018.03.08-01.06.23:091][  0]LogUObjectArray: CloseDisregardForGC: 0/0 objects in disregard for GC pool
[2018.03.08-01.06.23:123][  0]LogInit: WinSock: version 1.1 (2.2), MaxSocks=32767, MaxUdp=65467
[2018.03.08-01.06.25:373][  0]LogTcpMessaging: Initializing TcpMessaging bridge
[2018.03.08-01.06.25:411][  0]LogUdpMessaging: Initializing bridge on interface 0.0.0.0:0 to multicast group 230.0.0.1:6666.
[2018.03.08-01.06.25:967][  0]LogMaterial: Uniform references updated for custom material expression Custom.
[2018.03.08-01.06.26:301][  0]SourceControl: Source control is disabled
[2018.03.08-01.06.26:301][  0]SourceControl: Source control is disabled
[2018.03.08-01.06.26:345][  0]SourceControl: Source control is disabled
[2018.03.08-01.06.26:388][  0]SourceControl: Source control is disabled
[2018.03.08-01.06.27:045][  0]LogAndroidPermission: UAndroidPermissionCallbackProxy::GetInstance
[2018.03.08-01.06.27:264][  0]LogOcInput: OculusInput pre-init called
[2018.03.08-01.06.27:496][  0]LogEngine: Initializing Engine...
[2018.03.08-01.06.27:500][  0]LogHMD: Failed to initialize OpenVR with code 105
[2018.03.08-01.06.27:814][  0]LogStats: UGameplayTagsManager::ConstructGameplayTagTree: Construct from data asset -  0.000 s
[2018.03.08-01.06.27:814][  0]LogStats: UGameplayTagsManager::ConstructGameplayTagTree: GameplayTagTreeChangedEvent.Broadcast -  0.000 s
[2018.03.08-01.06.27:909][  0]LogAIModule: Creating AISystem for world Untitled
[2018.03.08-01.06.27:925][  0]LogInit: XAudio2 using 'Headset Earphone (Corsair VOID PRO USB Gaming Headset )' : 6 channels at 48 kHz using 16 bits per sample (channel mask 0x3f)
[2018.03.08-01.06.28:078][  0]LogInit: FAudioDevice initialized.
[2018.03.08-01.06.28:126][  0]LogDerivedDataCache: Saved boot cache 0.05s 88MB C:/Users/yardl/AppData/Local/UnrealEngine/4.18/DerivedDataCache/Boot.ddc.
[2018.03.08-01.06.28:137][  0]LogInit: Texture streaming: Enabled
[2018.03.08-01.06.28:200][  0]LogEngineSessionManager: EngineSessionManager initialized
[2018.03.08-01.06.28:294][  0]LogInit: Transaction tracking system initialized
[2018.03.08-01.06.28:508][  0]BlueprintLog: New page: Editor Load
[2018.03.08-01.06.29:146][  0]LocalizationService: Localization service is disabled
[2018.03.08-01.06.29:716][  0]LogConsoleResponse: Display: 
[2018.03.08-01.06.29:856][  0]LogCook: Display: Max memory allowance for cook 16384mb min free memory 0mb
[2018.03.08-01.06.29:856][  0]LogCook: Display: Mobile HDR setting 1
[2018.03.08-01.06.29:856][  0]LogGameplayTags: Display: UGameplayTagsManager::DoneAddingNativeTags. DelegateIsBound: 0
[2018.03.08-01.06.30:741][  0]LogFileCache: Scanning file cache for directory 'C:/Users/yardl/Documents/GitHub/turbo-archer/ENPo/Content/' took 0.01s
[2018.03.08-01.06.30:772][  0]SourceControl: Source control is disabled
[2018.03.08-01.06.30:773][  0]Cmd: MAP LOAD FILE="C:/Users/yardl/Documents/GitHub/turbo-archer/ENPo/Content/Maps/AlphaLevel.umap" TEMPLATE=0 SHOWPROGRESS=1 FEATURELEVEL=3
[2018.03.08-01.06.30:773][  0]LightingResults: New page: Lighting Build
[2018.03.08-01.06.30:803][  0]MapCheck: New page: Map Check
[2018.03.08-01.06.30:803][  0]LightingResults: New page: Lighting Build
[2018.03.08-01.06.31:036][  0]LogAIModule: Creating AISystem for world AlphaLevel
[2018.03.08-01.06.31:045][  0]LogEditorServer: Finished looking for orphan Actors (0.000 secs)
[2018.03.08-01.06.31:083][  0]Cmd: MAP CHECKDEP NOCLEARLOG
[2018.03.08-01.06.31:141][  0]MapCheck: Warning: ModelComponent_204 ModelComponent /Game/Maps/AlphaLevel.AlphaLevel:PersistentLevel.ModelComponent_204 : Externally referenced 
[2018.03.08-01.06.31:142][  0]MapCheck: Warning: ModelComponent_205 ModelComponent /Game/Maps/AlphaLevel.AlphaLevel:PersistentLevel.ModelComponent_205 : Externally referenced 
[2018.03.08-01.06.31:142][  0]MapCheck: Warning: ModelComponent_206 ModelComponent /Game/Maps/AlphaLevel.AlphaLevel:PersistentLevel.ModelComponent_206 : Externally referenced 
[2018.03.08-01.06.31:142][  0]MapCheck: Warning: ModelComponent_207 ModelComponent /Game/Maps/AlphaLevel.AlphaLevel:PersistentLevel.ModelComponent_207 : Externally referenced 
[2018.03.08-01.06.31:142][  0]MapCheck: Warning: ModelComponent_208 ModelComponent /Game/Maps/AlphaLevel.AlphaLevel:PersistentLevel.ModelComponent_208 : Externally referenced 
[2018.03.08-01.06.31:142][  0]MapCheck: Warning: ModelComponent_209 ModelComponent /Game/Maps/AlphaLevel.AlphaLevel:PersistentLevel.ModelComponent_209 : Externally referenced 
[2018.03.08-01.06.31:142][  0]MapCheck: Warning: ModelComponent_210 ModelComponent /Game/Maps/AlphaLevel.AlphaLevel:PersistentLevel.ModelComponent_210 : Externally referenced 
[2018.03.08-01.06.31:142][  0]MapCheck: Warning: ModelComponent_211 ModelComponent /Game/Maps/AlphaLevel.AlphaLevel:PersistentLevel.ModelComponent_211 : Externally referenced 
[2018.03.08-01.06.31:142][  0]MapCheck: Warning: ModelComponent_212 ModelComponent /Game/Maps/AlphaLevel.AlphaLevel:PersistentLevel.ModelComponent_212 : Externally referenced 
[2018.03.08-01.06.31:142][  0]MapCheck: Warning: ModelComponent_213 ModelComponent /Game/Maps/AlphaLevel.AlphaLevel:PersistentLevel.ModelComponent_213 : Externally referenced 
[2018.03.08-01.06.31:142][  0]MapCheck: Warning: ModelComponent_214 ModelComponent /Game/Maps/AlphaLevel.AlphaLevel:PersistentLevel.ModelComponent_214 : Externally referenced 
[2018.03.08-01.06.31:142][  0]MapCheck: Warning: ModelComponent_215 ModelComponent /Game/Maps/AlphaLevel.AlphaLevel:PersistentLevel.ModelComponent_215 : Externally referenced 
[2018.03.08-01.06.31:142][  0]MapCheck: Warning: ModelComponent_216 ModelComponent /Game/Maps/AlphaLevel.AlphaLevel:PersistentLevel.ModelComponent_216 : Externally referenced 
[2018.03.08-01.06.31:142][  0]MapCheck: Warning: ModelComponent_217 ModelComponent /Game/Maps/AlphaLevel.AlphaLevel:PersistentLevel.ModelComponent_217 : Externally referenced 
[2018.03.08-01.06.31:142][  0]MapCheck: Warning: ModelComponent_218 ModelComponent /Game/Maps/AlphaLevel.AlphaLevel:PersistentLevel.ModelComponent_218 : Externally referenced 
[2018.03.08-01.06.31:142][  0]MapCheck: Warning: ModelComponent_219 ModelComponent /Game/Maps/AlphaLevel.AlphaLevel:PersistentLevel.ModelComponent_219 : Externally referenced 
[2018.03.08-01.06.31:142][  0]MapCheck: Warning: ModelComponent_220 ModelComponent /Game/Maps/AlphaLevel.AlphaLevel:PersistentLevel.ModelComponent_220 : Externally referenced 
[2018.03.08-01.06.31:142][  0]MapCheck: Warning: ModelComponent_221 ModelComponent /Game/Maps/AlphaLevel.AlphaLevel:PersistentLevel.ModelComponent_221 : Externally referenced 
[2018.03.08-01.06.31:142][  0]MapCheck: Warning: ModelComponent_222 ModelComponent /Game/Maps/AlphaLevel.AlphaLevel:PersistentLevel.ModelComponent_222 : Externally referenced 
[2018.03.08-01.06.31:142][  0]MapCheck: Warning: ModelComponent_223 ModelComponent /Game/Maps/AlphaLevel.AlphaLevel:PersistentLevel.ModelComponent_223 : Externally referenced 
[2018.03.08-01.06.31:143][  0]MapCheck: Warning: ModelComponent_224 ModelComponent /Game/Maps/AlphaLevel.AlphaLevel:PersistentLevel.ModelComponent_224 : Externally referenced 
[2018.03.08-01.06.31:143][  0]MapCheck: Warning: ModelComponent_225 ModelComponent /Game/Maps/AlphaLevel.AlphaLevel:PersistentLevel.ModelComponent_225 : Externally referenced 
[2018.03.08-01.06.31:143][  0]MapCheck: Warning: ModelComponent_227 ModelComponent /Game/Maps/AlphaLevel.AlphaLevel:PersistentLevel.ModelComponent_227 : Externally referenced 
[2018.03.08-01.06.31:143][  0]MapCheck: Warning: ModelComponent_228 ModelComponent /Game/Maps/AlphaLevel.AlphaLevel:PersistentLevel.ModelComponent_228 : Externally referenced 
[2018.03.08-01.06.31:143][  0]MapCheck: Warning: ModelComponent_229 ModelComponent /Game/Maps/AlphaLevel.AlphaLevel:PersistentLevel.ModelComponent_229 : Externally referenced 
[2018.03.08-01.06.31:143][  0]MapCheck: Warning: ModelComponent_230 ModelComponent /Game/Maps/AlphaLevel.AlphaLevel:PersistentLevel.ModelComponent_230 : Externally referenced 
[2018.03.08-01.06.31:143][  0]MapCheck: Warning: ModelComponent_231 ModelComponent /Game/Maps/AlphaLevel.AlphaLevel:PersistentLevel.ModelComponent_231 : Externally referenced 
[2018.03.08-01.06.31:143][  0]MapCheck: Warning: ModelComponent_232 ModelComponent /Game/Maps/AlphaLevel.AlphaLevel:PersistentLevel.ModelComponent_232 : Externally referenced 
[2018.03.08-01.06.31:143][  0]MapCheck: Warning: ModelComponent_233 ModelComponent /Game/Maps/AlphaLevel.AlphaLevel:PersistentLevel.ModelComponent_233 : Externally referenced 
[2018.03.08-01.06.31:143][  0]MapCheck: Warning: ModelComponent_234 ModelComponent /Game/Maps/AlphaLevel.AlphaLevel:PersistentLevel.ModelComponent_234 : Externally referenced 
[2018.03.08-01.06.31:143][  0]MapCheck: Warning: ModelComponent_235 ModelComponent /Game/Maps/AlphaLevel.AlphaLevel:PersistentLevel.ModelComponent_235 : Externally referenced 
[2018.03.08-01.06.31:143][  0]MapCheck: Warning: ModelComponent_236 ModelComponent /Game/Maps/AlphaLevel.AlphaLevel:PersistentLevel.ModelComponent_236 : Externally referenced 
[2018.03.08-01.06.31:143][  0]MapCheck: Warning: ModelComponent_237 ModelComponent /Game/Maps/AlphaLevel.AlphaLevel:PersistentLevel.ModelComponent_237 : Externally referenced 
[2018.03.08-01.06.31:143][  0]MapCheck: Warning: ModelComponent_238 ModelComponent /Game/Maps/AlphaLevel.AlphaLevel:PersistentLevel.ModelComponent_238 : Externally referenced 
[2018.03.08-01.06.31:143][  0]MapCheck: Warning: ModelComponent_239 ModelComponent /Game/Maps/AlphaLevel.AlphaLevel:PersistentLevel.ModelComponent_239 : Externally referenced 
[2018.03.08-01.06.31:143][  0]MapCheck: Warning: ModelComponent_240 ModelComponent /Game/Maps/AlphaLevel.AlphaLevel:PersistentLevel.ModelComponent_240 : Externally referenced 
[2018.03.08-01.06.31:143][  0]MapCheck: Warning: ModelComponent_241 ModelComponent /Game/Maps/AlphaLevel.AlphaLevel:PersistentLevel.ModelComponent_241 : Externally referenced 
[2018.03.08-01.06.31:143][  0]MapCheck: Warning: ModelComponent_242 ModelComponent /Game/Maps/AlphaLevel.AlphaLevel:PersistentLevel.ModelComponent_242 : Externally referenced 
[2018.03.08-01.06.31:143][  0]MapCheck: Warning: ModelComponent_243 ModelComponent /Game/Maps/AlphaLevel.AlphaLevel:PersistentLevel.ModelComponent_243 : Externally referenced 
[2018.03.08-01.06.31:143][  0]MapCheck: Warning: ModelComponent_244 ModelComponent /Game/Maps/AlphaLevel.AlphaLevel:PersistentLevel.ModelComponent_244 : Externally referenced 
[2018.03.08-01.06.31:143][  0]MapCheck: Warning: ModelComponent_245 ModelComponent /Game/Maps/AlphaLevel.AlphaLevel:PersistentLevel.ModelComponent_245 : Externally referenced 
[2018.03.08-01.06.31:143][  0]MapCheck: Warning: ModelComponent_246 ModelComponent /Game/Maps/AlphaLevel.AlphaLevel:PersistentLevel.ModelComponent_246 : Externally referenced 
[2018.03.08-01.06.31:143][  0]MapCheck: Warning: ModelComponent_247 ModelComponent /Game/Maps/AlphaLevel.AlphaLevel:PersistentLevel.ModelComponent_247 : Externally referenced 
[2018.03.08-01.06.31:143][  0]MapCheck: Warning: ModelComponent_248 ModelComponent /Game/Maps/AlphaLevel.AlphaLevel:PersistentLevel.ModelComponent_248 : Externally referenced 
[2018.03.08-01.06.31:143][  0]MapCheck: Warning: ModelComponent_249 ModelComponent /Game/Maps/AlphaLevel.AlphaLevel:PersistentLevel.ModelComponent_249 : Externally referenced 
[2018.03.08-01.06.31:143][  0]MapCheck: Warning: ModelComponent_250 ModelComponent /Game/Maps/AlphaLevel.AlphaLevel:PersistentLevel.ModelComponent_250 : Externally referenced 
[2018.03.08-01.06.31:143][  0]MapCheck: Warning: ModelComponent_251 ModelComponent /Game/Maps/AlphaLevel.AlphaLevel:PersistentLevel.ModelComponent_251 : Externally referenced 
[2018.03.08-01.06.31:143][  0]MapCheck: Warning: ModelComponent_252 ModelComponent /Game/Maps/AlphaLevel.AlphaLevel:PersistentLevel.ModelComponent_252 : Externally referenced 
[2018.03.08-01.06.31:143][  0]MapCheck: Warning: ModelComponent_253 ModelComponent /Game/Maps/AlphaLevel.AlphaLevel:PersistentLevel.ModelComponent_253 : Externally referenced 
[2018.03.08-01.06.31:143][  0]MapCheck: Warning: ModelComponent_254 ModelComponent /Game/Maps/AlphaLevel.AlphaLevel:PersistentLevel.ModelComponent_254 : Externally referenced 
[2018.03.08-01.06.31:143][  0]MapCheck: Warning: Model_0 Model /Game/Maps/AlphaLevel.AlphaLevel:PersistentLevel.Model_0 : Externally referenced 
[2018.03.08-01.06.31:144][  0]MapCheck: Warning: SkeletalMeshComponent0 SkeletalMeshComponent /Game/Maps/AlphaLevel.AlphaLevel:PersistentLevel.cup_Blueprint_C_0.SkeletalMeshComponent0 : Externally referenced 
[2018.03.08-01.06.31:144][  0]MapCheck: Warning: Polys_78 Polys /Game/Maps/AlphaLevel.AlphaLevel:PersistentLevel.BoxBrush.Model_8.Polys_78 : Externally referenced 
[2018.03.08-01.06.31:144][  0]MapCheck: Warning: Polys_393 Polys /Game/Maps/AlphaLevel.AlphaLevel:PersistentLevel.BoxBrush10.Model_8.Polys_393 : Externally referenced 
[2018.03.08-01.06.31:144][  0]MapCheck: Warning: Polys_441 Polys /Game/Maps/AlphaLevel.AlphaLevel:PersistentLevel.BoxBrush11.Model_8.Polys_441 : Externally referenced 
[2018.03.08-01.06.31:144][  0]MapCheck: Warning: Polys_668 Polys /Game/Maps/AlphaLevel.AlphaLevel:PersistentLevel.BoxBrush12.Model_8.Polys_668 : Externally referenced 
[2018.03.08-01.06.31:144][  0]MapCheck: Warning: Polys_1075 Polys /Game/Maps/AlphaLevel.AlphaLevel:PersistentLevel.BoxBrush13.Model_8.Polys_1075 : Externally referenced 
[2018.03.08-01.06.31:144][  0]MapCheck: Warning: Polys_1222 Polys /Game/Maps/AlphaLevel.AlphaLevel:PersistentLevel.BoxBrush14.Model_8.Polys_1222 : Externally referenced 
[2018.03.08-01.06.31:144][  0]MapCheck: Warning: Polys_1844 Polys /Game/Maps/AlphaLevel.AlphaLevel:PersistentLevel.BoxBrush15.Model_8.Polys_1844 : Externally referenced 
[2018.03.08-01.06.31:144][  0]MapCheck: Warning: Polys_2242 Polys /Game/Maps/AlphaLevel.AlphaLevel:PersistentLevel.BoxBrush16.Model_8.Polys_2242 : Externally referenced 
[2018.03.08-01.06.31:144][  0]MapCheck: Warning: Polys_2699 Polys /Game/Maps/AlphaLevel.AlphaLevel:PersistentLevel.BoxBrush17.Model_8.Polys_2699 : Externally referenced 
[2018.03.08-01.06.31:144][  0]MapCheck: Warning: Polys_2849 Polys /Game/Maps/AlphaLevel.AlphaLevel:PersistentLevel.BoxBrush18.Model_8.Polys_2849 : Externally referenced 
[2018.03.08-01.06.31:144][  0]MapCheck: Warning: Polys_3358 Polys /Game/Maps/AlphaLevel.AlphaLevel:PersistentLevel.BoxBrush19.Model_8.Polys_3358 : Externally referenced 
[2018.03.08-01.06.31:144][  0]MapCheck: Warning: Polys_122 Polys /Game/Maps/AlphaLevel.AlphaLevel:PersistentLevel.BoxBrush2.Model_8.Polys_122 : Externally referenced 
[2018.03.08-01.06.31:144][  0]MapCheck: Warning: Polys_3524 Polys /Game/Maps/AlphaLevel.AlphaLevel:PersistentLevel.BoxBrush20.Model_8.Polys_3524 : Externally referenced 
[2018.03.08-01.06.31:144][  0]MapCheck: Warning: Polys_3655 Polys /Game/Maps/AlphaLevel.AlphaLevel:PersistentLevel.BoxBrush21.Model_8.Polys_3655 : Externally referenced 
[2018.03.08-01.06.31:144][  0]MapCheck: Warning: Polys_4512 Polys /Game/Maps/AlphaLevel.AlphaLevel:PersistentLevel.BoxBrush22.Model_8.Polys_4512 : Externally referenced 
[2018.03.08-01.06.31:144][  0]MapCheck: Warning: Polys_6065 Polys /Game/Maps/AlphaLevel.AlphaLevel:PersistentLevel.BoxBrush23.Model_8.Polys_6065 : Externally referenced 
[2018.03.08-01.06.31:144][  0]MapCheck: Warning: Polys_6361 Polys /Game/Maps/AlphaLevel.AlphaLevel:PersistentLevel.BoxBrush24.Model_8.Polys_6361 : Externally referenced 
[2018.03.08-01.06.31:144][  0]MapCheck: Warning: Polys_6873 Polys /Game/Maps/AlphaLevel.AlphaLevel:PersistentLevel.BoxBrush25.Model_8.Polys_6873 : Externally referenced 
[2018.03.08-01.06.31:144][  0]MapCheck: Warning: Polys_9366 Polys /Game/Maps/AlphaLevel.AlphaLevel:PersistentLevel.BoxBrush26.Model_8.Polys_9366 : Externally referenced 
[2018.03.08-01.06.31:144][  0]MapCheck: Warning: Polys_9808 Polys /Game/Maps/AlphaLevel.AlphaLevel:PersistentLevel.BoxBrush27.Model_8.Polys_9808 : Externally referenced 
[2018.03.08-01.06.31:144][  0]MapCheck: Warning: Polys_10494 Polys /Game/Maps/AlphaLevel.AlphaLevel:PersistentLevel.BoxBrush28.Model_8.Polys_10494 : Externally referenced 
[2018.03.08-01.06.31:144][  0]MapCheck: Warning: Polys_10791 Polys /Game/Maps/AlphaLevel.AlphaLevel:PersistentLevel.BoxBrush29.Model_8.Polys_10791 : Externally referenced 
[2018.03.08-01.06.31:144][  0]MapCheck: Warning: Polys_159 Polys /Game/Maps/AlphaLevel.AlphaLevel:PersistentLevel.BoxBrush3.Model_8.Polys_159 : Externally referenced 
[2018.03.08-01.06.31:144][  0]MapCheck: Warning: Polys_11 Polys /Game/Maps/AlphaLevel.AlphaLevel:PersistentLevel.BoxBrush30.Model_8.Polys_11 : Externally referenced 
[2018.03.08-01.06.31:144][  0]MapCheck: Warning: Polys_519 Polys /Game/Maps/AlphaLevel.AlphaLevel:PersistentLevel.BoxBrush31.Model_8.Polys_519 : Externally referenced 
[2018.03.08-01.06.31:144][  0]MapCheck: Warning: Polys_1607 Polys /Game/Maps/AlphaLevel.AlphaLevel:PersistentLevel.BoxBrush32.Model_8.Polys_1607 : Externally referenced 
[2018.03.08-01.06.31:144][  0]MapCheck: Warning: Polys_1877 Polys /Game/Maps/AlphaLevel.AlphaLevel:PersistentLevel.BoxBrush33.Model_8.Polys_1877 : Externally referenced 
[2018.03.08-01.06.31:144][  0]MapCheck: Warning: Polys_2710 Polys /Game/Maps/AlphaLevel.AlphaLevel:PersistentLevel.BoxBrush34.Model_8.Polys_2710 : Externally referenced 
[2018.03.08-01.06.31:144][  0]MapCheck: Warning: Polys_3848 Polys /Game/Maps/AlphaLevel.AlphaLevel:PersistentLevel.BoxBrush35.Model_8.Polys_3848 : Externally referenced 
[2018.03.08-01.06.31:144][  0]MapCheck: Warning: Polys_4653 Polys /Game/Maps/AlphaLevel.AlphaLevel:PersistentLevel.BoxBrush36.Model_8.Polys_4653 : Externally referenced 
[2018.03.08-01.06.31:145][  0]MapCheck: Warning: Polys_5480 Polys /Game/Maps/AlphaLevel.AlphaLevel:PersistentLevel.BoxBrush37.Model_8.Polys_5480 : Externally referenced 
[2018.03.08-01.06.31:145][  0]MapCheck: Warning: Polys_6098 Polys /Game/Maps/AlphaLevel.AlphaLevel:PersistentLevel.BoxBrush38.Model_8.Polys_6098 : Externally referenced 
[2018.03.08-01.06.31:145][  0]MapCheck: Warning: Polys_6811 Polys /Game/Maps/AlphaLevel.AlphaLevel:PersistentLevel.BoxBrush39.Model_8.Polys_6811 : Externally referenced 
[2018.03.08-01.06.31:145][  0]MapCheck: Warning: Polys_305 Polys /Game/Maps/AlphaLevel.AlphaLevel:PersistentLevel.BoxBrush4.Model_8.Polys_305 : Externally referenced 
[2018.03.08-01.06.31:145][  0]MapCheck: Warning: Polys_7461 Polys /Game/Maps/AlphaLevel.AlphaLevel:PersistentLevel.BoxBrush40.Model_8.Polys_7461 : Externally referenced 
[2018.03.08-01.06.31:145][  0]MapCheck: Warning: Polys_13 Polys /Game/Maps/AlphaLevel.AlphaLevel:PersistentLevel.BoxBrush5.Model_8.Polys_13 : Externally referenced 
[2018.03.08-01.06.31:145][  0]MapCheck: Warning: Polys_236 Polys /Game/Maps/AlphaLevel.AlphaLevel:PersistentLevel.BoxBrush6.Model_8.Polys_236 : Externally referenced 
[2018.03.08-01.06.31:145][  0]MapCheck: Warning: Polys_403 Polys /Game/Maps/AlphaLevel.AlphaLevel:PersistentLevel.BoxBrush7.Model_8.Polys_403 : Externally referenced 
[2018.03.08-01.06.31:145][  0]MapCheck: Warning: Polys_117 Polys /Game/Maps/AlphaLevel.AlphaLevel:PersistentLevel.BoxBrush8.Model_8.Polys_117 : Externally referenced 
[2018.03.08-01.06.31:145][  0]MapCheck: Warning: Polys_328 Polys /Game/Maps/AlphaLevel.AlphaLevel:PersistentLevel.BoxBrush9.Model_8.Polys_328 : Externally referenced 
[2018.03.08-01.06.31:145][  0]MapCheck: Warning: Polys_101 Polys /Game/Maps/AlphaLevel.AlphaLevel:PersistentLevel.FloorGeometry.Model_4.Polys_101 : Externally referenced 
[2018.03.08-01.06.31:145][  0]MapCheck: Map check complete: 0 Error(s), 93 Warning(s), took 61.755ms to complete.
[2018.03.08-01.06.31:157][  0]LogFileHelpers: Loading map 'AlphaLevel' took 0.385
[2018.03.08-01.06.31:277][  0]LogCollectionManager: Loaded 0 collections in 0.000790 seconds
[2018.03.08-01.06.31:347][  0]LogFileCache: Scanning file cache for directory 'C:/Users/yardl/Documents/GitHub/turbo-archer/ENPo/Saved/Collections/' took 0.01s
[2018.03.08-01.06.31:347][  0]LogFileCache: Scanning file cache for directory 'C:/Users/yardl/Documents/GitHub/turbo-archer/ENPo/Content/Developers/yardl/Collections/' took 0.01s
[2018.03.08-01.06.31:347][  0]LogFileCache: Scanning file cache for directory 'C:/Users/yardl/Documents/GitHub/turbo-archer/ENPo/Content/Collections/' took 0.01s
[2018.03.08-01.06.31:347][  0]LogCollectionManager: Rebuilt the GUID cache for 0 collections in 0.000000 seconds
[2018.03.08-01.06.31:354][  0]LogContentBrowser: Native class hierarchy populated in 0.0071 seconds. Added 2363 classes and 519 folders.
[2018.03.08-01.06.31:404][  0]LogContentBrowser: Native class hierarchy updated for 'WidgetCarousel' in 0.0002 seconds. Added 0 classes and 0 folders.
[2018.03.08-01.06.31:449][  0]LogContentBrowser: Native class hierarchy updated for 'AddContentDialog' in 0.0002 seconds. Added 0 classes and 0 folders.
[2018.03.08-01.06.31:483][  0]LogContentBrowser: Native class hierarchy updated for 'SceneOutliner' in 0.0002 seconds. Added 1 classes and 2 folders.
[2018.03.08-01.06.31:611][  0]LogContentBrowser: Native class hierarchy updated for 'HierarchicalLODOutliner' in 0.0002 seconds. Added 1 classes and 2 folders.
[2018.03.08-01.06.31:611][  0]LogLoad: (Engine Initialization) Total time: 15.33 seconds
[2018.03.08-01.06.31:611][  0]LogLoad: (Engine Initialization) Total Blueprint compile time: 0.00 seconds
[2018.03.08-01.06.31:611][  0]LogExternalProfiler: Found external profiler: VSPerf
[2018.03.08-01.06.31:611][  0]LogExternalProfiler: Using external profiler: VSPerf
[2018.03.08-01.06.31:966][  0]LogAssetRegistry: Asset discovery search completed in 9.3915 seconds
[2018.03.08-01.06.31:967][  0]LogCollectionManager: Rebuilt the object cache for 0 collections in 0.000001 seconds (found 0 objects)
[2018.03.08-01.06.31:967][  0]LogCollectionManager: Fixed up redirectors for 0 collections in 0.000052 seconds (updated 0 objects)
[2018.03.08-01.06.31:968][  0]LogContentStreaming: Texture pool size now 1000 MB
[2018.03.08-01.06.31:975][  0]LogSlate: Took 0.000179 seconds to synchronously load lazily loaded font '../../../Engine/Content/Slate/Fonts/Roboto-Bold.ttf' (160K)
[2018.03.08-01.06.31:975][  0]LogSlate: Took 0.000139 seconds to synchronously load lazily loaded font '../../../Engine/Content/Slate/Fonts/Roboto-Regular.ttf' (155K)
[2018.03.08-01.06.31:983][  0]LogSlate: Took 0.000395 seconds to synchronously load lazily loaded font '../../../Engine/Content/Editor/Slate/Fonts/FontAwesome.ttf' (139K)
[2018.03.08-01.06.32:057][  0]LogSlate: Took 0.000189 seconds to synchronously load lazily loaded font '../../../Engine/Content/Slate/Fonts/Roboto-Light.ttf' (159K)
[2018.03.08-01.06.32:095][  0]LogRenderer: Reallocating scene render targets to support 1020x540 Format 10 NumSamples 1 (Frame:1).
[2018.03.08-01.07.01:049][ 95]LogTemp: Repeating last play command: Selected Viewport
[2018.03.08-01.07.01:093][ 95]LogBlueprintUserMessages: Early PlayInEditor Detection: Level '/Game/Maps/AlphaLevel.AlphaLevel:PersistentLevel' has LevelScriptBlueprint '/Game/Maps/AlphaLevel.AlphaLevel:PersistentLevel.AlphaLevel' with GeneratedClass '/Game/Maps/AlphaLevel.AlphaLevel_C' with ClassGeneratedBy '/Game/Maps/AlphaLevel.AlphaLevel:PersistentLevel.AlphaLevel'
[2018.03.08-01.07.01:094][ 95]LogPlayLevel: PlayLevel: No blueprints needed recompiling
[2018.03.08-01.07.01:094][ 95]PIE: New page: PIE session: AlphaLevel (Mar 7, 2018, 9:07:01 AM)
[2018.03.08-01.07.01:094][ 95]LogPlayLevel: Creating play world package: /Game/Maps/UEDPIE_0_AlphaLevel
[2018.03.08-01.07.01:113][ 95]LogPlayLevel: PIE: StaticDuplicateObject took: (0.019184s)
[2018.03.08-01.07.01:114][ 95]LogAIModule: Creating AISystem for world AlphaLevel
[2018.03.08-01.07.01:114][ 95]LogPlayLevel: PIE: World Init took: (0.000634s)
[2018.03.08-01.07.01:114][ 95]LogPlayLevel: PIE: Created PIE world by copying editor world from /Game/Maps/AlphaLevel.AlphaLevel to /Game/Maps/UEDPIE_0_AlphaLevel.AlphaLevel (0.020084s)
[2018.03.08-01.07.01:141][ 95]LogInit: XAudio2 using 'Headset Earphone (Corsair VOID PRO USB Gaming Headset )' : 6 channels at 48 kHz using 16 bits per sample (channel mask 0x3f)
[2018.03.08-01.07.01:310][ 95]LogInit: FAudioDevice initialized.
[2018.03.08-01.07.01:354][ 95]LogLoad: Game class is 'RunnerGameMode_C'
[2018.03.08-01.07.01:357][ 95]LogWorld: Bringing World /Game/Maps/UEDPIE_0_AlphaLevel.AlphaLevel up for play (max tick rate 0) at 2018.03.07-17.07.01
[2018.03.08-01.07.01:357][ 95]LogWorld: Bringing up level for play took: 0.002401
[2018.03.08-01.07.01:395][ 95]LogContentBrowser: Native class hierarchy updated for 'MovieSceneCapture' in 0.0002 seconds. Added 11 classes and 0 folders.
[2018.03.08-01.07.01:395][ 95]LogGameMode: Display: Match State Changed from EnteringMap to WaitingToStart
[2018.03.08-01.07.01:395][ 95]LogGameState: Match State Changed from EnteringMap to WaitingToStart
[2018.03.08-01.07.01:395][ 95]LogGameMode: Display: Match State Changed from WaitingToStart to InProgress
[2018.03.08-01.07.01:395][ 95]LogGameState: Match State Changed from WaitingToStart to InProgress
[2018.03.08-01.07.01:395][ 95]PIE: Play in editor start time for /Game/Maps/UEDPIE_0_AlphaLevel 0.304
[2018.03.08-01.07.01:396][ 95]LogBlueprintUserMessages: Late PlayInEditor Detection: Level '/Game/Maps/AlphaLevel.AlphaLevel:PersistentLevel' has LevelScriptBlueprint '/Game/Maps/AlphaLevel.AlphaLevel:PersistentLevel.AlphaLevel' with GeneratedClass '/Game/Maps/AlphaLevel.AlphaLevel_C' with ClassGeneratedBy '/Game/Maps/AlphaLevel.AlphaLevel:PersistentLevel.AlphaLevel'
[2018.03.08-01.07.05:701][609]LogBlueprintUserMessages: Early EndPlayMap Detection: Level '/Game/Maps/AlphaLevel.AlphaLevel:PersistentLevel' has LevelScriptBlueprint '/Game/Maps/AlphaLevel.AlphaLevel:PersistentLevel.AlphaLevel' with GeneratedClass '/Game/Maps/AlphaLevel.AlphaLevel_C' with ClassGeneratedBy '/Game/Maps/AlphaLevel.AlphaLevel:PersistentLevel.AlphaLevel'
[2018.03.08-01.07.05:736][609]LogBlueprintUserMessages: Late EndPlayMap Detection: Level '/Game/Maps/AlphaLevel.AlphaLevel:PersistentLevel' has LevelScriptBlueprint '/Game/Maps/AlphaLevel.AlphaLevel:PersistentLevel.AlphaLevel' with GeneratedClass '/Game/Maps/AlphaLevel.AlphaLevel_C' with ClassGeneratedBy '/Game/Maps/AlphaLevel.AlphaLevel:PersistentLevel.AlphaLevel'
[2018.03.08-01.07.29:474][812]LogSlate: Took 0.000205 seconds to synchronously load lazily loaded font '../../../Engine/Content/Slate/Fonts/Roboto-Light.ttf' (159K)
[2018.03.08-01.07.29:484][812]Cmd: OBJ SAVEPACKAGE PACKAGE="/Game/Maps/AlphaLevel" FILE="C:/Users/yardl/Documents/GitHub/turbo-archer/ENPo/Content/Maps/AlphaLevel.umap" SILENT=true AUTOSAVING=false KEEPDIRTY=false
[2018.03.08-01.07.29:764][812]LogSavePackage: Save=250.30ms
[2018.03.08-01.07.29:764][812]LogSavePackage: Moving 'C:/Users/yardl/Documents/GitHub/turbo-archer/ENPo/Saved/AlphaLevelAD81444F4914CD4EB35521819597FE9A.tmp' to 'C:/Users/yardl/Documents/GitHub/turbo-archer/ENPo/Content/Maps/AlphaLevel.umap'
[2018.03.08-01.07.29:769][812]LogSavePackage: Display: Finished SavePackage C:/Users/yardl/Documents/GitHub/turbo-archer/ENPo/Content/Maps/AlphaLevel.umap
[2018.03.08-01.07.31:213][971]LogWindowsTextInputMethodSystem: Display: IME system now deactivated.
[2018.03.08-01.07.31:388][972]Cmd: QUIT_EDITOR
[2018.03.08-01.07.32:055][972]LogExit: Preparing to exit.
[2018.03.08-01.07.32:462][972]LogExit: Editor shut down
[2018.03.08-01.07.32:464][972]LogExit: Transaction tracking system shut down
[2018.03.08-01.07.32:597][972]LogDirectoryWatcher: A directory notification for '../../../Engine/Content/' was aborted.
[2018.03.08-01.07.32:597][972]LogDirectoryWatcher: A directory notification for 'C:/Users/yardl/Documents/GitHub/turbo-archer/ENPo/Content/' was aborted.
[2018.03.08-01.07.32:597][972]LogDirectoryWatcher: A directory notification for '../../../Engine/Plugins/2D/Paper2D/Content/' was aborted.
[2018.03.08-01.07.32:597][972]LogDirectoryWatcher: A directory notification for '../../../Engine/Plugins/Media/MediaCompositing/Content/' was aborted.
[2018.03.08-01.07.32:598][972]LogDirectoryWatcher: A directory notification for '../../../Engine/Plugins/Runtime/AppleARKit/Content/' was aborted.
[2018.03.08-01.07.32:598][972]LogDirectoryWatcher: A directory notification for '../../../Engine/Plugins/Runtime/Oculus/OculusVR/Content/' was aborted.
[2018.03.08-01.07.32:598][972]LogDirectoryWatcher: A directory notification for '../../../Engine/Plugins/Runtime/Steam/SteamVR/Content/' was aborted.
[2018.03.08-01.07.32:635][972]LogExit: Object subsystem successfully closed.
[2018.03.08-01.07.32:770][972]LogD3D11RHI: Shutdown
[2018.03.08-01.07.32:770][972]LogD3D11RHI: CleanupD3DDevice
[2018.03.08-01.07.32:790][972]LogD3D11RHI: ~FD3D11DynamicRHI
[2018.03.08-01.07.32:796][972]LogModuleManager: Shutting down and abandoning module MovieSceneCapture (550)
[2018.03.08-01.07.32:796][972]LogModuleManager: Shutting down and abandoning module HierarchicalLODOutliner (548)
[2018.03.08-01.07.32:796][972]LogModuleManager: Shutting down and abandoning module SceneOutliner (546)
[2018.03.08-01.07.32:796][972]LogModuleManager: Shutting down and abandoning module AddContentDialog (544)
[2018.03.08-01.07.32:796][972]LogDirectoryWatcher: A directory notification for 'D:/Unreal/UE_4.18/FeaturePacks/' was aborted.
[2018.03.08-01.07.32:796][972]LogModuleManager: Shutting down and abandoning module WidgetCarousel (543)
[2018.03.08-01.07.32:796][972]LogModuleManager: Shutting down and abandoning module EditorWidgets (540)
[2018.03.08-01.07.32:796][972]LogModuleManager: Shutting down and abandoning module CollectionManager (538)
[2018.03.08-01.07.32:796][972]LogDirectoryWatcher: A directory notification for 'C:/Users/yardl/Documents/GitHub/turbo-archer/ENPo/Content/Collections/' was aborted.
[2018.03.08-01.07.32:796][972]LogDirectoryWatcher: A directory notification for 'C:/Users/yardl/Documents/GitHub/turbo-archer/ENPo/Content/Developers/yardl/Collections/' was aborted.
[2018.03.08-01.07.32:796][972]LogDirectoryWatcher: A directory notification for 'C:/Users/yardl/Documents/GitHub/turbo-archer/ENPo/Saved/Collections/' was aborted.
[2018.03.08-01.07.32:796][972]LogModuleManager: Shutting down and abandoning module StatsViewer (536)
[2018.03.08-01.07.32:796][972]LogModuleManager: Shutting down and abandoning module FoliageEdit (534)
[2018.03.08-01.07.32:796][972]LogModuleManager: Shutting down and abandoning module LandscapeEditor (532)
[2018.03.08-01.07.32:797][972]LogModuleManager: Shutting down and abandoning module MeshPaintMode (530)
[2018.03.08-01.07.32:797][972]LogModuleManager: Shutting down and abandoning module SceneDepthPickerMode (528)
[2018.03.08-01.07.32:797][972]LogModuleManager: Shutting down and abandoning module ActorPickerMode (526)
[2018.03.08-01.07.32:797][972]LogModuleManager: Shutting down and abandoning module GeometryMode (524)
[2018.03.08-01.07.32:797][972]LogModuleManager: Shutting down and abandoning module TextureAlignMode (522)
[2018.03.08-01.07.32:797][972]LogModuleManager: Shutting down and abandoning module BspMode (520)
[2018.03.08-01.07.32:797][972]LogModuleManager: Shutting down and abandoning module PIEPreviewDeviceProfileSelector (518)
[2018.03.08-01.07.32:797][972]LogModuleManager: Shutting down and abandoning module HardwareSurvey (516)
[2018.03.08-01.07.32:797][972]LogModuleManager: Shutting down and abandoning module SequenceRecorderSections (514)
[2018.03.08-01.07.32:797][972]LogModuleManager: Shutting down and abandoning module AutomationWorker (512)
[2018.03.08-01.07.32:797][972]LogModuleManager: Shutting down and abandoning module MatineeToLevelSequence (510)
[2018.03.08-01.07.32:797][972]LogModuleManager: Shutting down and abandoning module LevelSequenceEditor (508)
[2018.03.08-01.07.32:797][972]LogModuleManager: Shutting down and abandoning module PlacementMode (507)
[2018.03.08-01.07.32:797][972]LogModuleManager: Shutting down and abandoning module WmfMediaFactory (504)
[2018.03.08-01.07.32:797][972]LogModuleManager: Shutting down and abandoning module WmfMediaEditor (502)
[2018.03.08-01.07.32:797][972]LogModuleManager: Shutting down and abandoning module OpenExrWrapper (500)
[2018.03.08-01.07.32:797][972]LogModuleManager: Shutting down and abandoning module ImgMediaFactory (498)
[2018.03.08-01.07.32:797][972]LogModuleManager: Shutting down and abandoning module ImgMediaEditor (496)
[2018.03.08-01.07.32:797][972]LogModuleManager: Shutting down and abandoning module AvfMediaFactory (494)
[2018.03.08-01.07.32:797][972]LogModuleManager: Shutting down and abandoning module AvfMediaEditor (492)
[2018.03.08-01.07.32:797][972]LogModuleManager: Shutting down and abandoning module AndroidMediaFactory (490)
[2018.03.08-01.07.32:797][972]LogModuleManager: Shutting down and abandoning module AndroidMediaEditor (488)
[2018.03.08-01.07.32:797][972]LogModuleManager: Shutting down and abandoning module CharacterAI (486)
[2018.03.08-01.07.32:797][972]LogModuleManager: Shutting down and abandoning module AudioCapture (484)
[2018.03.08-01.07.32:797][972]LogModuleManager: Shutting down and abandoning module SequenceRecorder (483)
[2018.03.08-01.07.32:797][972]LogModuleManager: Shutting down and abandoning module SmartSnapping (480)
[2018.03.08-01.07.32:797][972]LogModuleManager: Shutting down and abandoning module SessionServices (478)
[2018.03.08-01.07.32:797][972]LogModuleManager: Shutting down and abandoning module ViewportSnapping (476)
[2018.03.08-01.07.32:797][972]LogModuleManager: Shutting down and abandoning module ViewportInteraction (474)
[2018.03.08-01.07.32:797][972]LogModuleManager: Shutting down and abandoning module ClothPainter (472)
[2018.03.08-01.07.32:797][972]LogModuleManager: Shutting down and abandoning module SkeletalMeshEditor (471)
[2018.03.08-01.07.32:797][972]LogModuleManager: Shutting down and abandoning module LogVisualizer (468)
[2018.03.08-01.07.32:797][972]LogModuleManager: Shutting down and abandoning module IntroTutorials (466)
[2018.03.08-01.07.32:797][972]LogModuleManager: Shutting down and abandoning module GameProjectGeneration (465)
[2018.03.08-01.07.32:797][972]LogModuleManager: Shutting down and abandoning module IOSPlatformEditor (462)
[2018.03.08-01.07.32:797][972]LogModuleManager: Shutting down and abandoning module HTML5PlatformEditor (460)
[2018.03.08-01.07.32:797][972]LogModuleManager: Shutting down and abandoning module AndroidPlatformEditor (458)
[2018.03.08-01.07.32:797][972]LogModuleManager: Shutting down and abandoning module AndroidDeviceDetection (457)
[2018.03.08-01.07.33:471][972]LogModuleManager: Shutting down and abandoning module WindowsPlatformEditor (454)
[2018.03.08-01.07.33:471][972]LogModuleManager: Shutting down and abandoning module IOSRuntimeSettings (452)
[2018.03.08-01.07.33:471][972]LogModuleManager: Shutting down and abandoning module AndroidRuntimeSettings (450)
[2018.03.08-01.07.33:471][972]LogModuleManager: Shutting down and abandoning module InputBindingEditor (448)
[2018.03.08-01.07.33:471][972]LogModuleManager: Shutting down and abandoning module MergeActors (446)
[2018.03.08-01.07.33:471][972]LogModuleManager: Shutting down and abandoning module SizeMap (444)
[2018.03.08-01.07.33:471][972]LogModuleManager: Shutting down and abandoning module TreeMap (442)
[2018.03.08-01.07.33:471][972]LogModuleManager: Shutting down and abandoning module ReferenceViewer (440)
[2018.03.08-01.07.33:471][972]LogModuleManager: Shutting down and abandoning module LocalizationDashboard (438)
[2018.03.08-01.07.33:471][972]LogModuleManager: Shutting down and abandoning module LocalizationService (437)
[2018.03.08-01.07.33:471][972]LogModuleManager: Shutting down and abandoning module HardwareTargeting (434)
[2018.03.08-01.07.33:471][972]LogModuleManager: Shutting down and abandoning module DeviceProfileEditor (432)
[2018.03.08-01.07.33:471][972]LogModuleManager: Shutting down and abandoning module UndoHistory (430)
[2018.03.08-01.07.33:471][972]LogModuleManager: Shutting down and abandoning module XmlParser (428)
[2018.03.08-01.07.33:471][972]LogModuleManager: Shutting down and abandoning module Blutility (426)
[2018.03.08-01.07.33:471][972]LogModuleManager: Shutting down and abandoning module ProjectSettingsViewer (424)
[2018.03.08-01.07.33:471][972]LogModuleManager: Shutting down and abandoning module ProjectTargetPlatformEditor (423)
[2018.03.08-01.07.33:471][972]LogModuleManager: Shutting down and abandoning module EditorSettingsViewer (420)
[2018.03.08-01.07.33:471][972]LogModuleManager: Shutting down and abandoning module SettingsEditor (418)
[2018.03.08-01.07.33:471][972]LogModuleManager: Shutting down and abandoning module ProjectLauncher (416)
[2018.03.08-01.07.33:471][972]LogModuleManager: Shutting down and abandoning module SessionFrontend (414)
[2018.03.08-01.07.33:471][972]LogModuleManager: Shutting down and abandoning module ProfilerClient (412)
[2018.03.08-01.07.33:471][972]LogModuleManager: Shutting down and abandoning module DeviceManager (410)
[2018.03.08-01.07.33:471][972]LogModuleManager: Shutting down and abandoning module TargetDeviceServices (409)
[2018.03.08-01.07.33:525][972]LogModuleManager: Shutting down and abandoning module AutomationController (406)
[2018.03.08-01.07.33:525][972]LogModuleManager: Shutting down and abandoning module AutomationWindow (404)
[2018.03.08-01.07.33:525][972]LogModuleManager: Shutting down and abandoning module Layers (402)
[2018.03.08-01.07.33:525][972]LogModuleManager: Shutting down and abandoning module ComponentVisualizers (400)
[2018.03.08-01.07.33:525][972]LogModuleManager: Shutting down and abandoning module DetailCustomizations (398)
[2018.03.08-01.07.33:525][972]LogModuleManager: Shutting down and abandoning module PackagesDialog (396)
[2018.03.08-01.07.33:525][972]LogModuleManager: Shutting down and abandoning module Persona (394)
[2018.03.08-01.07.33:525][972]LogModuleManager: Shutting down and abandoning module AdvancedPreviewScene (393)
[2018.03.08-01.07.33:525][972]LogModuleManager: Shutting down and abandoning module AnimGraph (391)
[2018.03.08-01.07.33:525][972]LogModuleManager: Shutting down and abandoning module Kismet (388)
[2018.03.08-01.07.33:525][972]LogModuleManager: Shutting down and abandoning module ClassViewer (386)
[2018.03.08-01.07.33:525][972]LogModuleManager: Shutting down and abandoning module Toolbox (384)
[2018.03.08-01.07.33:525][972]LogModuleManager: Shutting down and abandoning module ModuleUI (382)
[2018.03.08-01.07.33:525][972]LogModuleManager: Shutting down and abandoning module MovieSceneTools (380)
[2018.03.08-01.07.33:525][972]LogModuleManager: Shutting down and abandoning module OutputLog (378)
[2018.03.08-01.07.33:525][972]LogModuleManager: Shutting down and abandoning module GammaUI (376)
[2018.03.08-01.07.33:525][972]LogModuleManager: Shutting down and abandoning module Documentation (374)
[2018.03.08-01.07.33:525][972]LogModuleManager: Shutting down and abandoning module MovieSceneTracks (372)
[2018.03.08-01.07.33:525][972]LogModuleManager: Shutting down and abandoning module MovieScene (370)
[2018.03.08-01.07.33:525][972]LogModuleManager: Shutting down and abandoning module StreamingPauseRendering (368)
[2018.03.08-01.07.33:525][972]LogModuleManager: Shutting down and abandoning module LauncherPlatform (366)
[2018.03.08-01.07.33:525][972]LogModuleManager: Shutting down and abandoning module AnalyticsET (364)
[2018.03.08-01.07.33:525][972]LogModuleManager: Shutting down and abandoning module PortalServices (362)
[2018.03.08-01.07.33:525][972]LogModuleManager: Shutting down and abandoning module PortalRpc (360)
[2018.03.08-01.07.33:525][972]LogModuleManager: Shutting down and abandoning module MessagingRpc (358)
[2018.03.08-01.07.33:525][972]LogModuleManager: Shutting down and abandoning module AIModule (356)
[2018.03.08-01.07.33:525][972]LogModuleManager: Shutting down and abandoning module GameplayDebugger (355)
[2018.03.08-01.07.33:525][972]LogModuleManager: Shutting down and abandoning module AITestSuite (353)
[2018.03.08-01.07.33:525][972]LogModuleManager: Shutting down and abandoning module DesktopPlatform (350)
[2018.03.08-01.07.33:525][972]LogModuleManager: Shutting down and abandoning module ProfilerService (348)
[2018.03.08-01.07.33:758][972]LogModuleManager: Shutting down and abandoning module TaskGraph (346)
[2018.03.08-01.07.33:758][972]LogModuleManager: Shutting down and abandoning module SteamVRController (344)
[2018.03.08-01.07.33:758][972]LogModuleManager: Shutting down and abandoning module ProceduralMeshComponentEditor (342)
[2018.03.08-01.07.33:758][972]LogModuleManager: Shutting down and abandoning module ProceduralMeshComponent (340)
[2018.03.08-01.07.33:758][972]LogModuleManager: Shutting down and abandoning module OculusInput (338)
[2018.03.08-01.07.33:758][972]LogModuleManager: Shutting down and abandoning module MobilePatchingUtils (336)
[2018.03.08-01.07.33:758][972]LogModuleManager: Shutting down and abandoning module CustomMeshComponent (334)
[2018.03.08-01.07.33:758][972]LogModuleManager: Shutting down and abandoning module CableComponent (332)
[2018.03.08-01.07.33:758][972]LogModuleManager: Shutting down and abandoning module ArchVisCharacter (330)
[2018.03.08-01.07.33:758][972]LogModuleManager: Shutting down and abandoning module AndroidPermission (328)
[2018.03.08-01.07.33:758][972]LogModuleManager: Shutting down and abandoning module ActorSequence (324)
[2018.03.08-01.07.33:758][972]LogModuleManager: Shutting down and abandoning module MediaPlayerEditor (322)
[2018.03.08-01.07.33:758][972]LogModuleManager: Shutting down and abandoning module MediaCompositingEditor (320)
[2018.03.08-01.07.33:758][972]LogModuleManager: Shutting down and abandoning module MediaCompositing (318)
[2018.03.08-01.07.33:758][972]LogModuleManager: Shutting down and abandoning module HTML5Networking (316)
[2018.03.08-01.07.33:758][972]LogModuleManager: Shutting down and abandoning module AlembicImporter (314)
[2018.03.08-01.07.33:758][972]LogModuleManager: Shutting down and abandoning module AlembicLibrary (313)
[2018.03.08-01.07.33:758][972]LogModuleManager: Shutting down and abandoning module GeometryCache (312)
[2018.03.08-01.07.33:758][972]LogModuleManager: Shutting down and abandoning module GeometryCacheEd (311)
[2018.03.08-01.07.33:758][972]LogModuleManager: Shutting down and abandoning module SpeedTreeImporter (306)
[2018.03.08-01.07.33:758][972]LogModuleManager: Shutting down and abandoning module PluginBrowser (304)
[2018.03.08-01.07.33:759][972]LogModuleManager: Shutting down and abandoning module MobileLauncherProfileWizard (302)
[2018.03.08-01.07.33:759][972]LogModuleManager: Shutting down and abandoning module VisualStudioSourceCodeAccess (300)
[2018.03.08-01.07.33:759][972]LogModuleManager: Shutting down and abandoning module VisualStudioCodeSourceCodeAccess (298)
[2018.03.08-01.07.33:759][972]LogModuleManager: Shutting down and abandoning module UObjectPlugin (296)
[2018.03.08-01.07.33:759][972]LogModuleManager: Shutting down and abandoning module SubversionSourceControl (294)
[2018.03.08-01.07.33:759][972]LogModuleManager: Shutting down and abandoning module PerforceSourceControl (292)
[2018.03.08-01.07.33:759][972]LogModuleManager: Shutting down and abandoning module GitSourceControl (290)
[2018.03.08-01.07.33:759][972]LogModuleManager: Shutting down and abandoning module SourceControl (289)
[2018.03.08-01.07.33:759][972]LogModuleManager: Shutting down and abandoning module LightPropagationVolumeEditor (286)
[2018.03.08-01.07.33:759][972]LogModuleManager: Shutting down and abandoning module PaperTiledImporter (284)
[2018.03.08-01.07.33:759][972]LogModuleManager: Shutting down and abandoning module PaperSpriteSheetImporter (282)
[2018.03.08-01.07.33:759][972]LogModuleManager: Shutting down and abandoning module Paper2DEditor (280)
[2018.03.08-01.07.33:759][972]LogModuleManager: Shutting down and abandoning module MeshPaint (279)
[2018.03.08-01.07.33:759][972]LogModuleManager: Shutting down and abandoning module LevelEditor (277)
[2018.03.08-01.07.33:759][972]LogModuleManager: Shutting down and abandoning module PixelInspectorModule (276)
[2018.03.08-01.07.33:759][972]LogModuleManager: Shutting down and abandoning module MainFrame (274)
[2018.03.08-01.07.33:760][972]LogModuleManager: Shutting down and abandoning module HotReload (273)
[2018.03.08-01.07.33:760][972]LogModuleManager: Shutting down and abandoning module RuntimePhysXCooking (268)
[2018.03.08-01.07.33:760][972]LogModuleManager: Shutting down and abandoning module PhysXVehiclesEditor (266)
[2018.03.08-01.07.33:760][972]LogModuleManager: Shutting down and abandoning module PhysXVehicles (264)
[2018.03.08-01.07.33:760][972]LogModuleManager: Shutting down and abandoning module OculusEditor (262)
[2018.03.08-01.07.33:760][972]LogModuleManager: Shutting down and abandoning module LocationServicesBPLibrary (260)
[2018.03.08-01.07.33:760][972]LogModuleManager: Shutting down and abandoning module ImmediatePhysicsEditor (258)
[2018.03.08-01.07.33:760][972]LogModuleManager: Shutting down and abandoning module ImmediatePhysics (256)
[2018.03.08-01.07.33:760][972]LogModuleManager: Shutting down and abandoning module UdpMessaging (254)
[2018.03.08-01.07.33:861][972]LogModuleManager: Shutting down and abandoning module TcpMessaging (252)
[2018.03.08-01.07.33:961][972]LogModuleManager: Shutting down and abandoning module GameplayTagsEditor (250)
[2018.03.08-01.07.33:961][972]LogModuleManager: Shutting down and abandoning module FacialAnimationEditor (248)
[2018.03.08-01.07.33:961][972]LogModuleManager: Shutting down and abandoning module FacialAnimation (246)
[2018.03.08-01.07.33:961][972]LogModuleManager: Shutting down and abandoning module AssetManagerEditor (244)
[2018.03.08-01.07.33:961][972]LogModuleManager: Shutting down and abandoning module GraphEditor (243)
[2018.03.08-01.07.33:961][972]LogModuleManager: Shutting down and abandoning module ContentBrowser (241)
[2018.03.08-01.07.33:962][972]LogModuleManager: Shutting down and abandoning module LightPropagationVolumeRuntime (238)
[2018.03.08-01.07.33:962][972]LogModuleManager: Shutting down and abandoning module Paper2D (236)
[2018.03.08-01.07.33:962][972]LogModuleManager: Shutting down and abandoning module WindowsMoviePlayer (234)
[2018.03.08-01.07.33:962][972]LogModuleManager: Shutting down and abandoning module WmfMedia (232)
[2018.03.08-01.07.33:963][972]LogModuleManager: Shutting down and abandoning module ImgMedia (230)
[2018.03.08-01.07.33:963][972]LogModuleManager: Shutting down and abandoning module PacketHandler (228)
[2018.03.08-01.07.33:963][972]LogModuleManager: Shutting down and abandoning module ClothingSystemEditor (226)
[2018.03.08-01.07.33:963][972]LogModuleManager: Shutting down and abandoning module ClothingSystemRuntime (224)
[2018.03.08-01.07.33:963][972]LogModuleManager: Shutting down and abandoning module MediaAssets (222)
[2018.03.08-01.07.33:963][972]LogModuleManager: Shutting down and abandoning module Media (221)
[2018.03.08-01.07.33:969][972]LogModuleManager: Shutting down and abandoning module Overlay (218)
[2018.03.08-01.07.33:969][972]LogModuleManager: Shutting down and abandoning module OverlayEditor (217)
[2018.03.08-01.07.33:969][972]LogModuleManager: Shutting down and abandoning module VREditor (214)
[2018.03.08-01.07.33:969][972]LogModuleManager: Shutting down and abandoning module StringTableEditor (212)
[2018.03.08-01.07.33:969][972]LogModuleManager: Shutting down and abandoning module GameplayTasksEditor (210)
[2018.03.08-01.07.33:969][972]LogModuleManager: Shutting down and abandoning module BehaviorTreeEditor (208)
[2018.03.08-01.07.33:969][972]LogModuleManager: Shutting down and abandoning module FunctionalTesting (206)
[2018.03.08-01.07.33:969][972]LogModuleManager: Shutting down and abandoning module CollisionAnalyzer (204)
[2018.03.08-01.07.33:969][972]LogModuleManager: Shutting down and abandoning module WorkspaceMenuStructure (203)
[2018.03.08-01.07.33:969][972]LogModuleManager: Shutting down and abandoning module UMG (200)
[2018.03.08-01.07.33:969][972]LogModuleManager: Shutting down and abandoning module UMGEditor (199)
[2018.03.08-01.07.33:969][972]LogModuleManager: Shutting down and abandoning module Sequencer (198)
[2018.03.08-01.07.33:969][972]LogModuleManager: Shutting down and abandoning module MessageLog (195)
[2018.03.08-01.07.33:969][972]LogModuleManager: Shutting down and abandoning module SlateReflector (190)
[2018.03.08-01.07.33:969][972]LogModuleManager: Shutting down and abandoning module Slate (188)
[2018.03.08-01.07.33:969][972]LogModuleManager: Shutting down and abandoning module EditorStyle (186)
[2018.03.08-01.07.33:971][972]LogModuleManager: Shutting down and abandoning module MRMesh (184)
[2018.03.08-01.07.33:971][972]LogModuleManager: Shutting down and abandoning module SourceCodeAccess (182)
[2018.03.08-01.07.33:971][972]LogModuleManager: Shutting down and abandoning module HeadMountedDisplay (180)
[2018.03.08-01.07.33:971][972]LogModuleManager: Shutting down and abandoning module XAudio2 (178)
[2018.03.08-01.07.33:971][972]LogModuleManager: Shutting down and abandoning module Networking (176)
[2018.03.08-01.07.33:971][972]LogModuleManager: Shutting down and abandoning module Core (172)
[2018.03.08-01.07.33:971][972]LogModuleManager: Shutting down and abandoning module LevelSequence (168)
[2018.03.08-01.07.33:971][972]LogModuleManager: Shutting down and abandoning module DirectoryWatcher (166)
[2018.03.08-01.07.33:971][972]LogModuleManager: Shutting down and abandoning module KismetCompiler (164)
[2018.03.08-01.07.33:971][972]LogModuleManager: Shutting down and abandoning module MeshUtilities (162)
[2018.03.08-01.07.33:971][972]LogModuleManager: Shutting down and abandoning module MeshMergeUtilities (161)
[2018.03.08-01.07.33:971][972]LogModuleManager: Shutting down and abandoning module MeshReductionInterface (160)
[2018.03.08-01.07.33:971][972]LogModuleManager: Shutting down and abandoning module SimplygonSwarm (159)
[2018.03.08-01.07.33:971][972]LogModuleManager: Shutting down and abandoning module SimplygonMeshReduction (157)
[2018.03.08-01.07.33:971][972]LogModuleManager: Shutting down and abandoning module QuadricMeshReduction (155)
[2018.03.08-01.07.33:971][972]LogModuleManager: Shutting down and abandoning module MaterialBaking (151)
[2018.03.08-01.07.33:971][972]LogModuleManager: Shutting down and abandoning module DerivedDataCache (148)
[2018.03.08-01.07.34:347][972]LogDerivedDataCache: Shutdown
[2018.03.08-01.07.34:347][972]LogModuleManager: Shutting down and abandoning module TargetPlatform (146)
[2018.03.08-01.07.34:347][972]LogModuleManager: Shutting down and abandoning module VulkanShaderFormat (145)
[2018.03.08-01.07.34:347][972]LogModuleManager: Shutting down and abandoning module ShaderFormatVectorVM (143)
[2018.03.08-01.07.34:347][972]LogModuleManager: Shutting down and abandoning module ShaderFormatOpenGL (141)
[2018.03.08-01.07.34:347][972]LogModuleManager: Shutting down and abandoning module ShaderFormatD3D (139)
[2018.03.08-01.07.34:347][972]LogModuleManager: Shutting down and abandoning module MetalShaderFormat (137)
[2018.03.08-01.07.34:347][972]LogModuleManager: Shutting down and abandoning module TextureFormatUncompressed (135)
[2018.03.08-01.07.34:347][972]LogModuleManager: Shutting down and abandoning module TextureFormatPVR (133)
[2018.03.08-01.07.34:347][972]LogModuleManager: Shutting down and abandoning module TextureFormatDXT (131)
[2018.03.08-01.07.34:347][972]LogModuleManager: Shutting down and abandoning module TextureFormatIntelISPCTexComp (129)
[2018.03.08-01.07.34:347][972]LogModuleManager: Shutting down and abandoning module TextureFormatASTC (127)
[2018.03.08-01.07.34:348][972]LogModuleManager: Shutting down and abandoning module ImageWrapper (126)
[2018.03.08-01.07.34:348][972]LogModuleManager: Shutting down and abandoning module TextureFormatAndroid (123)
[2018.03.08-01.07.34:348][972]LogModuleManager: Shutting down and abandoning module AudioFormatOpus (121)
[2018.03.08-01.07.34:348][972]LogModuleManager: Shutting down and abandoning module AudioFormatOgg (119)
[2018.03.08-01.07.34:348][972]LogModuleManager: Shutting down and abandoning module AudioFormatADPCM (117)
[2018.03.08-01.07.34:348][972]LogModuleManager: Shutting down and abandoning module LinuxTargetPlatform (115)
[2018.03.08-01.07.34:348][972]LogModuleManager: Shutting down and abandoning module LinuxServerTargetPlatform (113)
[2018.03.08-01.07.34:348][972]LogModuleManager: Shutting down and abandoning module LinuxNoEditorTargetPlatform (111)
[2018.03.08-01.07.34:348][972]LogModuleManager: Shutting down and abandoning module LinuxClientTargetPlatform (109)
[2018.03.08-01.07.34:348][972]LogModuleManager: Shutting down and abandoning module TVOSTargetPlatform (107)
[2018.03.08-01.07.34:348][972]LogModuleManager: Shutting down and abandoning module Messaging (105)
[2018.03.08-01.07.34:348][972]LogModuleManager: Shutting down and abandoning module IOSTargetPlatform (103)
[2018.03.08-01.07.34:348][972]LogModuleManager: Shutting down and abandoning module HTML5TargetPlatform (101)
[2018.03.08-01.07.34:348][972]LogModuleManager: Shutting down and abandoning module AndroidTargetPlatform (99)
[2018.03.08-01.07.34:348][972]LogModuleManager: Shutting down and abandoning module Android_PVRTCTargetPlatform (97)
[2018.03.08-01.07.34:348][972]LogModuleManager: Shutting down and abandoning module Android_MultiTargetPlatform (95)
[2018.03.08-01.07.34:348][972]LogModuleManager: Shutting down and abandoning module Android_ETC2TargetPlatform (93)
[2018.03.08-01.07.34:348][972]LogModuleManager: Shutting down and abandoning module Android_ETC1TargetPlatform (91)
[2018.03.08-01.07.34:348][972]LogModuleManager: Shutting down and abandoning module Android_DXTTargetPlatform (89)
[2018.03.08-01.07.34:348][972]LogModuleManager: Shutting down and abandoning module Android_ATCTargetPlatform (87)
[2018.03.08-01.07.34:348][972]LogModuleManager: Shutting down and abandoning module Android_ASTCTargetPlatform (85)
[2018.03.08-01.07.34:348][972]LogModuleManager: Shutting down and abandoning module WindowsTargetPlatform (83)
[2018.03.08-01.07.34:348][972]LogModuleManager: Shutting down and abandoning module WindowsServerTargetPlatform (81)
[2018.03.08-01.07.34:348][972]LogModuleManager: Shutting down and abandoning module WindowsNoEditorTargetPlatform (79)
[2018.03.08-01.07.34:348][972]LogModuleManager: Shutting down and abandoning module WindowsClientTargetPlatform (77)
[2018.03.08-01.07.34:348][972]LogModuleManager: Shutting down and abandoning module MacTargetPlatform (75)
[2018.03.08-01.07.34:348][972]LogModuleManager: Shutting down and abandoning module MacServerTargetPlatform (73)
[2018.03.08-01.07.34:348][972]LogModuleManager: Shutting down and abandoning module MacNoEditorTargetPlatform (71)
[2018.03.08-01.07.34:348][972]LogModuleManager: Shutting down and abandoning module MacClientTargetPlatform (69)
[2018.03.08-01.07.34:348][972]LogModuleManager: Shutting down and abandoning module AllDesktopTargetPlatform (67)
[2018.03.08-01.07.34:348][972]LogModuleManager: Shutting down and abandoning module InputCore (64)
[2018.03.08-01.07.34:348][972]LogModuleManager: Shutting down and abandoning module Settings (62)
[2018.03.08-01.07.34:348][972]LogModuleManager: Shutting down and abandoning module PhysXCooking (60)
[2018.03.08-01.07.34:348][972]LogModuleManager: Shutting down and abandoning module SteamVR (58)
[2018.03.08-01.07.34:348][972]LogModuleManager: Shutting down and abandoning module OculusHMD (56)
[2018.03.08-01.07.34:348][972]LogModuleManager: Shutting down and abandoning module ExampleDeviceProfileSelector (54)
[2018.03.08-01.07.34:348][972]LogModuleManager: Shutting down and abandoning module AppleARKit (52)
[2018.03.08-01.07.34:348][972]LogModuleManager: Shutting down and abandoning module AugmentedReality (51)
[2018.03.08-01.07.34:348][972]LogModuleManager: Shutting down and abandoning module OnlineBlueprintSupport (48)
[2018.03.08-01.07.34:348][972]LogModuleManager: Shutting down and abandoning module OnlineSubsystem (44)
[2018.03.08-01.07.34:348][972]LogModuleManager: Shutting down and abandoning module XMPP (43)
[2018.03.08-01.07.34:348][972]LogModuleManager: Shutting down and abandoning module HTTP (41)
[2018.03.08-01.07.34:348][972]LogHttp: Display: Http module shutting down, but needs to wait on 1 outstanding Http requests:
[2018.03.08-01.07.34:348][972]LogHttp: Display: 	verb=[POST] url=[https://datarouter.ol.epicgames.com/datarouter/api/v1/public/data?SessionID=%7B9DA13DDC-443B-4A5D-0685-D09FA0E6F0E1%7D&AppID=UEEditor.Rocket.Release&AppVersion=4.18.3-3832480%2B%2B%2BUE4%2BRelease-4.18&UserID=7da3f18947fb6382f619f29a8c8b2fb9%7C277162545ec74c0fafe928678aa70e70%7Cb53c66b6-94bb-40d1-bc83-a309879f2eab&AppEnvironment=datacollector-binary&UploadType=eteventstream] status=Processing
[2018.03.08-01.07.34:356][972]LogModuleManager: Shutting down and abandoning module SSL (40)
[2018.03.08-01.07.34:357][972]LogModuleManager: Shutting down and abandoning module AnimationModifiers (36)
[2018.03.08-01.07.34:357][972]LogModuleManager: Shutting down and abandoning module PropertyEditor (35)
[2018.03.08-01.07.34:357][972]LogModuleManager: Shutting down and abandoning module AudioEditor (32)
[2018.03.08-01.07.34:357][972]LogModuleManager: Shutting down and abandoning module TextureCompressor (30)
[2018.03.08-01.07.34:358][972]LogModuleManager: Shutting down and abandoning module ShaderCore (28)
[2018.03.08-01.07.34:358][972]LogModuleManager: Shutting down and abandoning module Landscape (26)
[2018.03.08-01.07.34:358][972]LogModuleManager: Shutting down and abandoning module SlateRHIRenderer (24)
[2018.03.08-01.07.34:358][972]LogModuleManager: Shutting down and abandoning module OpenGLDrv (22)
[2018.03.08-01.07.34:358][972]LogModuleManager: Shutting down and abandoning module D3D11RHI (20)
[2018.03.08-01.07.34:358][972]LogModuleManager: Shutting down and abandoning module AnimGraphRuntime (18)
[2018.03.08-01.07.34:358][972]LogModuleManager: Shutting down and abandoning module Renderer (16)
[2018.03.08-01.07.34:358][972]LogModuleManager: Shutting down and abandoning module Engine (14)
[2018.03.08-01.07.34:358][972]LogModuleManager: Shutting down and abandoning module CoreUObject (12)
[2018.03.08-01.07.34:358][972]LogModuleManager: Shutting down and abandoning module NetworkFile (10)
[2018.03.08-01.07.34:358][972]LogModuleManager: Shutting down and abandoning module CookedIterativeFile (8)
[2018.03.08-01.07.34:358][972]LogModuleManager: Shutting down and abandoning module StreamingFile (6)
[2018.03.08-01.07.34:358][972]LogModuleManager: Shutting down and abandoning module SandboxFile (4)
[2018.03.08-01.07.34:358][972]LogModuleManager: Shutting down and abandoning module PakFile (2)
[2018.03.08-01.07.34:361][972]LogExit: Exiting.
[2018.03.08-01.07.34:375][972]Log file closed, 03/07/18 17:07:34
