Log file open, 03/27/15 00:56:14
LogInit:Display: Running engine for game: ENPo
LogInit: Version: 4.7.3-2479750+++depot+UE4-Releases+4.7
LogInit: API Version: 2455222
LogInit: Compiled (64-bit): Mar 15 2015 23:20:45
LogInit: Compiled with Visual C++: 18.00.21005.01
LogInit: Build Configuration: Development
LogInit: Branch Name: ++depot+UE4-Releases+4.7
LogInit: Command line: 
LogInit: Base directory: C:/Program Files/Epic Games/4.7/Engine/Binaries/Win64/
LogInit: Rocket: 1
[2015.03.27-05.56.14:776][  0]LogTaskGraph: Started task graph with 3 named threads and 6 total threads.
[2015.03.27-05.56.14:827][  0]LogOnline:Warning: No default platform service specified for OnlineSubsystem
[2015.03.27-05.56.14:837][  0]LogInit: Presizing for 0 objects not considered by GC, pre-allocating 0 bytes.
[2015.03.27-05.56.14:846][  0]LogInit: Object subsystem initialized
[2015.03.27-05.56.14:848][  0]LogConsoleResponse:Warning: Skipping Unknown console variable: 'TranslucentSortAxis = (X=0.000000,Y=-1.000000,Z=0.000000)'
[2015.03.27-05.56.14:848][  0]LogConsoleResponse:Warning:   Found in ini file 'C:/Users/Jeremy Martin/Documents/GitHub/turbo-archer/ENPo/Saved/Config/Windows/Engine.ini', in section '[/Script/Engine.RendererSettings]'
[2015.03.27-05.56.14:848][  0]LogConsoleResponse:Warning: Skipping Unknown console variable: 'UIScaleRule = ShortestSide'
[2015.03.27-05.56.14:848][  0]LogConsoleResponse:Warning:   Found in ini file 'C:/Users/Jeremy Martin/Documents/GitHub/turbo-archer/ENPo/Saved/Config/Windows/Engine.ini', in section '[/Script/Engine.RendererSettings]'
[2015.03.27-05.56.14:848][  0]LogConsoleResponse:Warning: Skipping Unknown console variable: 'UIScaleCurve = (EditorCurveData=(Keys=),ExternalCurve=None)'
[2015.03.27-05.56.14:848][  0]LogConsoleResponse:Warning:   Found in ini file 'C:/Users/Jeremy Martin/Documents/GitHub/turbo-archer/ENPo/Saved/Config/Windows/Engine.ini', in section '[/Script/Engine.RendererSettings]'
[2015.03.27-05.56.14:848][  0]LogInit: Selected Device Profile: [Windows]
[2015.03.27-05.56.14:848][  0]LogInit: Applying CVar settings loaded from the selected device profile: [Windows]
[2015.03.27-05.56.14:853][  0]LogInit: Computer: JEREMYMARTIN-PC
[2015.03.27-05.56.14:853][  0]LogInit: User: JeremyMartin
[2015.03.27-05.56.14:853][  0]LogInit: CPU Page size=4096, Cores=4
[2015.03.27-05.56.14:853][  0]LogInit: High frequency timer resolution =2.728222 MHz
[2015.03.27-05.56.14:853][  0]LogMemory: Memory total: Physical=7.9GB (8GB approx) Virtual=8192.0GB
[2015.03.27-05.56.14:854][  0]LogMemory: Platform Memory Stats for Windows
[2015.03.27-05.56.14:854][  0]LogMemory: Process Physical Memory: 48.57 MB used, 48.57 MB peak
[2015.03.27-05.56.14:854][  0]LogMemory: Process Virtual Memory: 28.49 MB used, 28.49 MB peak
[2015.03.27-05.56.14:854][  0]LogMemory: Physical Memory: 3782.12 MB used, 8097.22 MB total
[2015.03.27-05.56.14:854][  0]LogMemory: Virtual Memory: 281.31 MB used, 8388608.00 MB total
[2015.03.27-05.56.14:880][  0]LogD3D11RHI: Found D3D11 adapter 0: Intel(R) HD Graphics 4600 (Feature Level 11_0)
[2015.03.27-05.56.14:880][  0]LogD3D11RHI: Adapter has 2094MB of dedicated video memory, 0MB of dedicated system memory, and 3792MB of shared system memory, 1 output[s]
[2015.03.27-05.56.14:880][  0]LogD3D11RHI: Chosen D3D11 Adapter Id = 0
[2015.03.27-05.56.14:886][  0]LogRHI: Texture pool is 1361 MB (70% of 1945 MB)
[2015.03.27-05.56.14:896][  0]LogD3D11RHI: Async texture creation enabled
[2015.03.27-05.56.14:936][  0]LogTextLocalizationManager: The requested culture ('en_US') has no localization data; parent culture's ('en') localization data will be used.
[2015.03.27-05.56.14:988][  0]LogTextLocalizationManager:Warning: Loading localization resources contain conflicting entries for (Namespace:UICommands, Key:Save_ToolTip):
Resource: (C:/Program Files/Epic Games/4.7/Engine/Content/Localization/Editor/en/Editor.locres) Hash: (-29098895) String: (Saves the current level to disk)
Resource: (C:/Program Files/Epic Games/4.7/Engine/Content/Localization/Engine/en/Engine.locres) Hash: (-1280300587) String: (Save selected data to vlog file)
[2015.03.27-05.56.14:988][  0]LogTextLocalizationManager:Warning: Loading localization resources contain conflicting entries for (Namespace:ContentBrowser, Key:ImportAssetToolTip):
Resource: (C:/Program Files/Epic Games/4.7/Engine/Content/Localization/Editor/en/Editor.locres) Hash: (-630476809) String: (Import to {0}...)
Resource: (C:/Program Files/Epic Games/4.7/Engine/Content/Localization/Editor/en/Editor.locres) Hash: (1271782899) String: (Imports an asset from file to this folder.)
[2015.03.27-05.56.15:067][  0]LogContentStreaming: Texture pool size is 0.000000MB
[2015.03.27-05.56.17:081][  0]LogTargetPlatformManager:Display: Building Assets For Windows
[2015.03.27-05.56.17:518][  0]LogTargetPlatformManager:Display: Building Assets For Windows
[2015.03.27-05.56.17:569][  0]LogDerivedDataCache:Display: Max Cache Size: 512 MB
[2015.03.27-05.56.17:607][  0]LogDerivedDataCache: Loaded boot cache 0.04s 39MB C:/Users/Jeremy Martin/AppData/Local/UnrealEngine/4.7/DerivedDataCache/Boot.ddc.
[2015.03.27-05.56.17:607][  0]LogDerivedDataCache:Display: Loaded Boot cache: C:/Users/Jeremy Martin/AppData/Local/UnrealEngine/4.7/DerivedDataCache/Boot.ddc
[2015.03.27-05.56.17:608][  0]LogDerivedDataCache: FDerivedDataBackendGraph:  Pak pak cache file ../../../../../../Users/Jeremy Martin/Documents/GitHub/turbo-archer/ENPo/DerivedDataCache/DDC.ddp not found, will not use a pak cache.
[2015.03.27-05.56.17:608][  0]LogDerivedDataCache: Unable to find inner node Pak for hierarchical cache Hierarchy.
[2015.03.27-05.56.17:712][  0]LogDerivedDataCache:Display: Pak cache opened for reading ../../../Engine/DerivedDataCache/Compressed.ddp.
[2015.03.27-05.56.17:723][  0]LogDerivedDataCache: Using Local data cache path C:/Users/Jeremy Martin/AppData/Local/UnrealEngine/Common/DerivedDataCache: Writable
[2015.03.27-05.56.17:968][  0]LogMeshUtilities: No automatic mesh reduction module available
[2015.03.27-05.56.17:968][  0]LogMeshUtilities: No automatic mesh merging module available
[2015.03.27-05.56.18:377][  0]LogInit: WinSock: version 1.1 (2.2), MaxSocks=32767, MaxUdp=65467
[2015.03.27-05.56.18:439][  0]LogSlate:Warning: Failed to load font data from '../../../Engine/Content/Slate/Fonts/Roboto-Italic.ttf'
[2015.03.27-05.56.19:091][  0]UdpMessaging: Initializing bridge on interface 0.0.0.0:0 to multicast group 230.0.0.1:6666.
[2015.03.27-05.56.19:260][  0]SourceControl: Info Source control is disabled
[2015.03.27-05.56.19:260][  0]SourceControl: Info Source control is disabled
[2015.03.27-05.56.19:260][  0]SourceControl: Info Source control is disabled
[2015.03.27-05.56.19:260][  0]LogSourceControl: RunCommandInternalRaw: 'git version'
[2015.03.27-05.56.19:260][  0]LogSourceControl: RunCommandInternalRaw: ExecProcess ReturnCode=2 OutResults=''
[2015.03.27-05.56.19:268][  0]SourceControl: Info Source control is disabled
[2015.03.27-05.56.19:416][  0]LogObj: 24231 objects as part of root set at end of initial load.
[2015.03.27-05.56.19:416][  0]LogUObjectAllocator: 5136440 out of 0 bytes used by permanent object pool.
[2015.03.27-05.56.19:482][  0]LogEngine: Initializing Engine...
[2015.03.27-05.56.21:614][  0]LogInit: XAudio2 using 'Speakers / Headphones (Realtek High Definition Audio)' : 2 channels at 48 kHz using 32 bits per sample (channel mask 0x3)
[2015.03.27-05.56.21:695][  0]LogInit: FAudioDevice initialized.
[2015.03.27-05.56.21:725][  0]LogAIModule: Creating AISystem for world NewWorld
[2015.03.27-05.56.21:760][  0]LogDerivedDataCache: Saved boot cache 0.03s 39MB C:/Users/Jeremy Martin/AppData/Local/UnrealEngine/4.7/DerivedDataCache/Boot.ddc.
[2015.03.27-05.56.21:762][  0]LogInit: Texture streaming: Enabled
[2015.03.27-05.56.21:834][  0]LogAnalytics: Creating configured Analytics provider AnalyticsET
[2015.03.27-05.56.21:834][  0]LogAnalytics: ET APIKey = Rocket.Release. APIServer = http://et2.epicgames.com/ET2/. AppVersion = 4.7.3-2479750+++depot+UE4-Releases+4.7
[2015.03.27-05.56.21:834][  0]LogAnalytics: ET APIKey = Rocket.Release. DataRouterUploadURL = https://datarouter-public-service-gamedev.ol.epicgames.net/datarouter/api/v1/public/data. AppVersion = 4.7.3-2479750+++depot+UE4-Releases+4.7
[2015.03.27-05.56.21:834][  0]LogAnalytics: SetUserId 4faf2b8f401686a57575ecb438c58793|93efd1466ca449a7a50c61e21231fb4f|d21d11dd-cad7-4eb6-8377-a86052e53efe
[2015.03.27-05.56.21:834][  0]LogAnalytics: AnalyticsET::StartSession [Rocket.Release]
[2015.03.27-05.56.21:861][  0]LogInit: Transaction tracking system initialized
[2015.03.27-05.56.22:004][  0]BlueprintLog: New page: Editor Load
[2015.03.27-05.56.22:033][  0]LogAssetRegistry: FAssetRegistry took 0.0100 seconds to start up
[2015.03.27-05.56.22:033][  0]LogDirectoryWatcher:Warning: Failed to begin reading directory changes for ../../../Engine/Plugins/Experimental/CharacterAI/Content/. Error: 0
[2015.03.27-05.56.22:498][  0]LogTargetPlatformManager:Display: Building Assets For Windows
[2015.03.27-05.56.22:859][  0]LogTargetPlatformManager:Display: Building Assets For Windows
[2015.03.27-05.56.23:104][  0]LogSlate:Warning: Failed to load font data from '../../../Engine/Content/Editor/Slate/Fonts/Roboto-Regular.ttf'
[2015.03.27-05.56.23:104][  0]LogSlate:Warning: Failed to load font data from '../../../Engine/Content/Editor/Slate/Fonts/Roboto-Bold.ttf'
[2015.03.27-05.56.23:108][  0]LogConsoleResponse:Display: 
[2015.03.27-05.56.23:314][  0]LogCook:Display: Done creating registry. It took  0.00s.
[2015.03.27-05.56.23:428][  0]SourceControl: Info Source control is disabled
[2015.03.27-05.56.23:428][  0]Cmd: MAP LOAD FILE="../../../../../../Users/Jeremy Martin/Documents/GitHub/turbo-archer/ENPo/Content/PuzzleBP/Maps/PuzzleExampleMap.umap" TEMPLATE=0 SHOWPROGRESS=1 FEATURELEVEL=3
[2015.03.27-05.56.23:428][  0]LightingResults: New page: Lighting Build
[2015.03.27-05.56.23:438][  0]MapCheck: New page: Map Check
[2015.03.27-05.56.23:438][  0]LightingResults: New page: Lighting Build
[2015.03.27-05.56.23:444][  0]LogParticles: Destroying 0 GPU particle simulations for FXSystem 0x0000000013130D60
[2015.03.27-05.56.23:740][  0]LogBlueprint:Warning: [compiler] Warning Node  Unknown  is not referencing a valid level actor
[2015.03.27-05.56.23:741][  0]LogBlueprint:Warning: [compiler] Warning [0010.66] Compile of PuzzleExampleMap successful, but with 1 Warning(s) [in 10 ms]
[2015.03.27-05.56.23:741][  0]LogBlueprint:Warning: [compiler] Warning [0010.66] Compile of PuzzleExampleMap successful, but with 2 Warning(s) [in 0 ms]
[2015.03.27-05.56.23:741][  0]LogBlueprint:Warning: [compiler] Warning [0010.66] Compile of PuzzleExampleMap successful, but with 3 Warning(s) [in 0 ms]
[2015.03.27-05.56.23:742][  0]LogBlueprint:Warning: [compiler] Warning [0010.66] Compile of PuzzleExampleMap successful, but with 4 Warning(s) [in 0 ms]
[2015.03.27-05.56.23:749][  0]LogBlueprint:Warning: [compiler] Warning Node  Unknown  is not referencing a valid level actor
[2015.03.27-05.56.23:750][  0]LogBlueprint:Warning: [compiler] Warning [0010.67] Compile of PuzzleExampleMap successful, but with 1 Warning(s) [in 8 ms]
[2015.03.27-05.56.23:750][  0]LogBlueprint:Warning: [compiler] Warning [0010.67] Compile of PuzzleExampleMap successful, but with 2 Warning(s) [in 0 ms]
[2015.03.27-05.56.23:939][  0]LogEditorServer: Finished looking for orphan Actors (0.000 secs)
[2015.03.27-05.56.24:048][  0]LogAIModule: Creating AISystem for world PuzzleExampleMap
[2015.03.27-05.56.24:048][  0]Cmd: MAP CHECKDEP
[2015.03.27-05.56.24:048][  0]MapCheck: New page: PuzzleExampleMap - Mar 26, 2015, 7:56:24 PM
[2015.03.27-05.56.24:120][  0]MapCheck: Info Map check complete: 0 Error(s), 0 Warning(s), took 71.195ms to complete.
[2015.03.27-05.56.24:120][  0]LogFileHelpers: Loading map 'PuzzleExampleMap' took 0.692
[2015.03.27-05.56.24:244][  0]LogCollectionManager: Loaded 0 collections in 0.001624 seconds
[2015.03.27-05.56.24:254][  0]LogContentBrowser: Native class hierarchy populated in 0.0100 seconds. Added 1696 classes and 261 folders.
[2015.03.27-05.56.24:288][  0]LogContentBrowser: Native class hierarchy updated for 'SceneOutliner' in 0.0017 seconds. Added 1 classes and 2 folders.
[2015.03.27-05.56.24:363][  0]LogCrashTracker: Crashtracker disabled due to settings.
[2015.03.27-05.56.24:364][  0]LogSlate:Warning: Failed to load font data from 'Veranda'
[2015.03.27-05.56.24:370][  0]LogUObjectGlobals:Warning: Failed to find object 'Class None.'
[2015.03.27-05.56.24:399][  0]LogLoad: Full Startup: 11.32 seconds (BP compile: 0.12 seconds)
[2015.03.27-05.56.24:438][  0]LogContentBrowser:Verbose: The content browser source was changed by the sources view to '/Game/StarterContent/Particles'
[2015.03.27-05.56.24:566][  0]LogRenderer:Warning: Reallocating scene render targets to support 32x32 (Frame:2).
[2015.03.27-05.56.25:120][  0]LogRenderer:Warning: Reallocating scene render targets to support 984x568 (Frame:10).
[2015.03.27-05.56.26:316][  4]LogAssetRegistry: Asset discovery search completed in 4.2933 seconds
[2015.03.27-05.56.41:174][245]BlueprintLog: New page: Pre-PIE auto-recompile
[2015.03.27-05.56.41:174][245]LogPlayLevel: [PIE] Compiling PuzzleExampleMap before PIE...
[2015.03.27-05.56.41:246][245]LogBlueprint:Warning: [compiler] Warning Node  Unknown  is not referencing a valid level actor
[2015.03.27-05.56.41:247][245]LogBlueprint:Warning: [compiler] Warning [0028.17] Compile of PuzzleExampleMap successful, but with 1 Warning(s) [in 70 ms]
[2015.03.27-05.56.41:247][245]LogBlueprint:Warning: [compiler] Warning [0028.17] Compile of PuzzleExampleMap successful, but with 2 Warning(s) [in 0 ms]
[2015.03.27-05.56.41:266][245]LogBlueprint:Warning: [compiler] Warning [0028.19] Compile of PuzzleExampleMap successful, but with 3 Warning(s) [in 18 ms]
[2015.03.27-05.56.41:266][245]LogBlueprint:Warning: [compiler] Warning [0028.19] Compile of PuzzleExampleMap successful, but with 4 Warning(s) [in 0 ms]
[2015.03.27-05.56.41:266][245]LogBlueprint:Warning: [compiler] Warning [0028.19] Compile of PuzzleExampleMap successful, but with 5 Warning(s) [in 0 ms]
[2015.03.27-05.56.41:266][245]LogBlueprint:Warning: [compiler] Warning [0028.19] Compile of PuzzleExampleMap successful, but with 6 Warning(s) [in 0 ms]
[2015.03.27-05.56.41:267][245]LogActorComponent: UnregisterComponent: (/Engine/Transient.CharMoveComp) Not registered. Aborting.
[2015.03.27-05.56.41:280][245]LogPlayLevel: PIE:  Blueprint regeneration took 105 ms (1 blueprints)
[2015.03.27-05.56.41:280][245]PIE: New page: SIE session: PuzzleExampleMap (Mar 26, 2015, 7:56:41 PM)
[2015.03.27-05.56.41:358][245]LogPlayLevel: PIE: StaticDuplicateObject took: (0.077336s)
[2015.03.27-05.56.41:360][245]LogPlayLevel: PIE: World Init took: (0.001903s)
[2015.03.27-05.56.41:360][245]LogPlayLevel: PIE: Created PIE world by copying editor world from /Game/PuzzleBP/Maps/PuzzleExampleMap.PuzzleExampleMap to /Game/PuzzleBP/Maps/UEDPIE_0_PuzzleExampleMap.PuzzleExampleMap (0.079738s)
[2015.03.27-05.56.41:408][245]LogWorld: Game class is 'RunnerGameMode_C'
[2015.03.27-05.56.41:410][245]LogAIModule: Creating AISystem for world PuzzleExampleMap
[2015.03.27-05.56.41:416][245]LogWorld: Bringing World /Game/PuzzleBP/Maps/UEDPIE_0_PuzzleExampleMap.PuzzleExampleMap up for play (max tick rate 0) at 2015.03.27-00.56.41
[2015.03.27-05.56.41:417][245]LogWorld: Bringing up level for play took: 0.006290
[2015.03.27-05.56.41:418][245]LogPawn:Error: EnableInput can only be specified on a Pawn for its Controller
[2015.03.27-05.56.41:419][245]PIE: Info Play in editor start time for /Game/PuzzleBP/Maps/UEDPIE_0_PuzzleExampleMap -0.299
[2015.03.27-06.00.00:466][342]LogParticles: Destroying 0 GPU particle simulations for FXSystem 0x000000002B81ECA0
[2015.03.27-06.00.03:452][376]Cmd: QUIT_EDITOR
[2015.03.27-06.00.03:701][376]LogExit: Preparing to exit.
[2015.03.27-06.00.04:204][376]LogExit: Editor shut down
[2015.03.27-06.00.04:204][376]LogExit: Transaction tracking system shut down
[2015.03.27-06.00.04:205][376]LogParticles: Destroying 0 GPU particle simulations for FXSystem 0x000000000E37BBA0
[2015.03.27-06.00.04:205][376]LogParticles: Destroying 0 GPU particle simulations for FXSystem 0x0000000025A5AD40
[2015.03.27-06.00.04:205][376]LogParticles: Destroying 0 GPU particle simulations for FXSystem 0x0000000016FE65C0
[2015.03.27-06.00.04:205][376]LogParticles: Destroying 0 GPU particle simulations for FXSystem 0x0000000016FE53A0
[2015.03.27-06.00.04:256][376]LogExit: Object subsystem successfully closed.
[2015.03.27-06.00.04:307][376]LogModuleManager: Shutting down and abandoning module CrashTracker (177)
[2015.03.27-06.00.04:307][376]LogModuleManager: Shutting down and abandoning module SuperSearch (176)
[2015.03.27-06.00.04:307][376]LogModuleManager: Shutting down and abandoning module SceneOutliner (175)
[2015.03.27-06.00.04:307][376]LogModuleManager: Shutting down and abandoning module EditorWidgets (174)
[2015.03.27-06.00.04:307][376]LogModuleManager: Shutting down and abandoning module CollectionManager (173)
[2015.03.27-06.00.04:307][376]LogModuleManager: Shutting down and abandoning module StatsViewer (172)
[2015.03.27-06.00.04:307][376]LogModuleManager: Shutting down and abandoning module FoliageEdit (171)
[2015.03.27-06.00.04:307][376]LogModuleManager: Shutting down and abandoning module LandscapeEditor (170)
[2015.03.27-06.00.04:307][376]LogModuleManager: Shutting down and abandoning module MeshPaint (169)
[2015.03.27-06.00.04:307][376]LogModuleManager: Shutting down and abandoning module ActorPickerMode (168)
[2015.03.27-06.00.04:307][376]LogModuleManager: Shutting down and abandoning module GeometryMode (167)
[2015.03.27-06.00.04:307][376]LogModuleManager: Shutting down and abandoning module TextureAlignMode (166)
[2015.03.27-06.00.04:307][376]LogModuleManager: Shutting down and abandoning module BspMode (165)
[2015.03.27-06.00.04:307][376]LogModuleManager: Shutting down and abandoning module PlacementMode (164)
[2015.03.27-06.00.04:307][376]LogModuleManager: Shutting down and abandoning module AutomationWorker (163)
[2015.03.27-06.00.04:307][376]LogModuleManager: Shutting down and abandoning module CharacterAI (162)
[2015.03.27-06.00.04:307][376]LogModuleManager: Shutting down and abandoning module SmartSnapping (161)
[2015.03.27-06.00.04:307][376]LogModuleManager: Shutting down and abandoning module ViewportSnapping (160)
[2015.03.27-06.00.04:308][376]LogModuleManager: Shutting down and abandoning module LogVisualizer (159)
[2015.03.27-06.00.04:308][376]LogModuleManager: Shutting down and abandoning module GameProjectGeneration (158)
[2015.03.27-06.00.04:308][376]LogModuleManager: Shutting down and abandoning module IntroTutorials (157)
[2015.03.27-06.00.04:308][376]LogModuleManager: Shutting down and abandoning module EditorLiveStreaming (156)
[2015.03.27-06.00.04:308][376]LogModuleManager: Shutting down and abandoning module HardwareTargeting (155)
[2015.03.27-06.00.04:308][376]LogModuleManager: Shutting down and abandoning module DeviceProfileEditor (154)
[2015.03.27-06.00.04:308][376]LogModuleManager: Shutting down and abandoning module UndoHistory (153)
[2015.03.27-06.00.04:308][376]LogModuleManager: Shutting down and abandoning module GameplayTagsEditor (152)
[2015.03.27-06.00.04:308][376]LogModuleManager: Shutting down and abandoning module UserFeedback (151)
[2015.03.27-06.00.04:308][376]LogModuleManager: Shutting down and abandoning module XmlParser (150)
[2015.03.27-06.00.04:308][376]LogModuleManager: Shutting down and abandoning module Blutility (149)
[2015.03.27-06.00.04:308][376]LogModuleManager: Shutting down and abandoning module IOSPlatformEditor (148)
[2015.03.27-06.00.04:308][376]LogModuleManager: Shutting down and abandoning module IOSRuntimeSettings (147)
[2015.03.27-06.00.04:308][376]LogModuleManager: Shutting down and abandoning module AndroidDeviceDetection (146)
[2015.03.27-06.00.04:946][376]LogModuleManager: Shutting down and abandoning module AndroidPlatformEditor (145)
[2015.03.27-06.00.04:946][376]LogModuleManager: Shutting down and abandoning module AndroidRuntimeSettings (144)
[2015.03.27-06.00.04:946][376]LogModuleManager: Shutting down and abandoning module ProjectTargetPlatformEditor (143)
[2015.03.27-06.00.04:947][376]LogModuleManager: Shutting down and abandoning module ProjectSettingsViewer (142)
[2015.03.27-06.00.04:947][376]LogModuleManager: Shutting down and abandoning module InputBindingEditor (141)
[2015.03.27-06.00.04:947][376]LogModuleManager: Shutting down and abandoning module EditorSettingsViewer (140)
[2015.03.27-06.00.04:947][376]LogModuleManager: Shutting down and abandoning module SettingsEditor (139)
[2015.03.27-06.00.04:947][376]LogModuleManager: Shutting down and abandoning module ProjectLauncher (138)
[2015.03.27-06.00.04:948][376]LogModuleManager: Shutting down and abandoning module SessionFrontend (137)
[2015.03.27-06.00.04:948][376]LogModuleManager: Shutting down and abandoning module ProfilerClient (136)
[2015.03.27-06.00.04:948][376]LogModuleManager: Shutting down and abandoning module TargetDeviceServices (135)
[2015.03.27-06.00.04:948][376]LogModuleManager: Shutting down and abandoning module DeviceManager (134)
[2015.03.27-06.00.04:948][376]LogModuleManager: Shutting down and abandoning module AutomationController (133)
[2015.03.27-06.00.04:948][376]LogModuleManager: Shutting down and abandoning module AutomationWindow (132)
[2015.03.27-06.00.04:948][376]LogModuleManager: Shutting down and abandoning module Layers (131)
[2015.03.27-06.00.04:948][376]LogModuleManager: Shutting down and abandoning module ComponentVisualizers (130)
[2015.03.27-06.00.04:948][376]LogModuleManager: Shutting down and abandoning module DetailCustomizations (129)
[2015.03.27-06.00.04:948][376]LogModuleManager: Shutting down and abandoning module PackagesDialog (128)
[2015.03.27-06.00.04:949][376]LogModuleManager: Shutting down and abandoning module AssetRegistry (127)
[2015.03.27-06.00.05:037][376]LogModuleManager: Shutting down and abandoning module Persona (126)
[2015.03.27-06.00.05:037][376]LogModuleManager: Shutting down and abandoning module SlateReflector (125)
[2015.03.27-06.00.05:037][376]LogModuleManager: Shutting down and abandoning module LevelEditor (124)
[2015.03.27-06.00.05:037][376]LogModuleManager: Shutting down and abandoning module Kismet (123)
[2015.03.27-06.00.05:037][376]LogModuleManager: Shutting down and abandoning module GraphEditor (122)
[2015.03.27-06.00.05:037][376]LogModuleManager: Shutting down and abandoning module ClassViewer (121)
[2015.03.27-06.00.05:037][376]LogModuleManager: Shutting down and abandoning module Toolbox (120)
[2015.03.27-06.00.05:037][376]LogModuleManager: Shutting down and abandoning module ModuleUI (119)
[2015.03.27-06.00.05:037][376]LogModuleManager: Shutting down and abandoning module MovieSceneTools (118)
[2015.03.27-06.00.05:038][376]LogModuleManager: Shutting down and abandoning module OutputLog (117)
[2015.03.27-06.00.05:038][376]LogModuleManager: Shutting down and abandoning module GammaUI (116)
[2015.03.27-06.00.05:038][376]LogModuleManager: Shutting down and abandoning module Documentation (115)
[2015.03.27-06.00.05:038][376]LogModuleManager: Shutting down and abandoning module GameLiveStreaming (114)
[2015.03.27-06.00.05:038][376]LogModuleManager: Shutting down and abandoning module StreamingPauseRendering (113)
[2015.03.27-06.00.05:038][376]LogModuleManager: Shutting down and abandoning module HTTP (112)
[2015.03.27-06.00.05:038][376]LogModuleManager: Shutting down and abandoning module AnalyticsET (111)
[2015.03.27-06.00.05:038][376]LogModuleManager: Shutting down and abandoning module Analytics (110)
[2015.03.27-06.00.05:038][376]LogModuleManager: Shutting down and abandoning module AITestSuite (109)
[2015.03.27-06.00.05:038][376]LogModuleManager: Shutting down and abandoning module GameplayDebugger (108)
[2015.03.27-06.00.05:038][376]LogModuleManager: Shutting down and abandoning module AIModule (107)
[2015.03.27-06.00.05:038][376]LogModuleManager: Shutting down and abandoning module ProfilerService (106)
[2015.03.27-06.00.05:210][376]LogModuleManager: Shutting down and abandoning module TaskGraph (105)
[2015.03.27-06.00.05:210][376]LogModuleManager: Shutting down and abandoning module SlateRemote (104)
[2015.03.27-06.00.05:210][376]LogModuleManager: Shutting down and abandoning module ScriptEditorPlugin (103)
[2015.03.27-06.00.05:210][376]LogModuleManager: Shutting down and abandoning module CustomMeshComponent (102)
[2015.03.27-06.00.05:210][376]LogModuleManager: Shutting down and abandoning module CableComponent (101)
[2015.03.27-06.00.05:210][376]LogModuleManager: Shutting down and abandoning module MessagingDebugger (100)
[2015.03.27-06.00.05:210][376]LogModuleManager: Shutting down and abandoning module MediaPlayerEditor (99)
[2015.03.27-06.00.05:210][376]LogModuleManager: Shutting down and abandoning module SpeedTreeImporter (98)
[2015.03.27-06.00.05:210][376]LogModuleManager: Shutting down and abandoning module PluginsEditor (97)
[2015.03.27-06.00.05:210][376]LogModuleManager: Shutting down and abandoning module MainFrame (96)
[2015.03.27-06.00.05:210][376]LogModuleManager: Shutting down and abandoning module EpicSurvey (95)
[2015.03.27-06.00.05:210][376]LogModuleManager: Shutting down and abandoning module DesktopPlatform (94)
[2015.03.27-06.00.05:210][376]LogModuleManager: Shutting down and abandoning module DirectoryWatcher (93)
[2015.03.27-06.00.05:210][376]LogModuleManager: Shutting down and abandoning module HotReload (92)
[2015.03.27-06.00.05:210][376]LogModuleManager: Shutting down and abandoning module VisualStudioSourceCodeAccess (91)
[2015.03.27-06.00.05:210][376]LogModuleManager: Shutting down and abandoning module UObjectPlugin (90)
[2015.03.27-06.00.05:210][376]LogModuleManager: Shutting down and abandoning module SubversionSourceControl (89)
[2015.03.27-06.00.05:210][376]LogModuleManager: Shutting down and abandoning module PerforceSourceControl (88)
[2015.03.27-06.00.05:210][376]LogModuleManager: Shutting down and abandoning module SourceControl (87)
[2015.03.27-06.00.05:210][376]LogModuleManager: Shutting down and abandoning module GitSourceControl (86)
[2015.03.27-06.00.05:210][376]LogModuleManager: Shutting down and abandoning module BlankPlugin (85)
[2015.03.27-06.00.05:210][376]LogModuleManager: Shutting down and abandoning module PaperTiledImporter (84)
[2015.03.27-06.00.05:210][376]LogModuleManager: Shutting down and abandoning module PaperJsonImporter (83)
[2015.03.27-06.00.05:210][376]LogModuleManager: Shutting down and abandoning module ContentBrowser (82)
[2015.03.27-06.00.05:211][376]LogModuleManager: Shutting down and abandoning module Paper2DEditor (81)
[2015.03.27-06.00.05:211][376]LogModuleManager: Shutting down and abandoning module ScriptPlugin (80)
[2015.03.27-06.00.05:211][376]LogModuleManager: Shutting down and abandoning module UdpMessaging (79)
[2015.03.27-06.00.05:311][376]LogModuleManager: Shutting down and abandoning module Paper2D (78)
[2015.03.27-06.00.05:311][376]LogModuleManager: Shutting down and abandoning module WindowsMoviePlayer (77)
[2015.03.27-06.00.05:318][376]LogModuleManager: Shutting down and abandoning module Media (76)
[2015.03.27-06.00.05:318][376]LogModuleManager: Shutting down and abandoning module WmfMedia (75)
[2015.03.27-06.00.05:318][376]LogModuleManager: Shutting down and abandoning module OnlineBlueprintSupport (74)
[2015.03.27-06.00.05:318][376]LogModuleManager: Shutting down and abandoning module PropertyEditor (73)
[2015.03.27-06.00.05:318][376]LogModuleManager: Shutting down and abandoning module BehaviorTreeEditor (72)
[2015.03.27-06.00.05:318][376]LogModuleManager: Shutting down and abandoning module FunctionalTesting (71)
[2015.03.27-06.00.05:319][376]LogModuleManager: Shutting down and abandoning module CollisionAnalyzer (70)
[2015.03.27-06.00.05:319][376]LogModuleManager: Shutting down and abandoning module WorkspaceMenuStructure (69)
[2015.03.27-06.00.05:319][376]LogModuleManager: Shutting down and abandoning module MessageLog (68)
[2015.03.27-06.00.05:319][376]LogModuleManager: Shutting down and abandoning module Sequencer (67)
[2015.03.27-06.00.05:319][376]LogModuleManager: Shutting down and abandoning module AssetTools (66)
[2015.03.27-06.00.05:319][376]LogModuleManager: Shutting down and abandoning module UMGEditor (65)
[2015.03.27-06.00.05:319][376]LogModuleManager: Shutting down and abandoning module UMG (64)
[2015.03.27-06.00.05:319][376]LogModuleManager: Shutting down and abandoning module Slate (63)
[2015.03.27-06.00.05:319][376]LogModuleManager: Shutting down and abandoning module EditorStyle (62)
[2015.03.27-06.00.05:331][376]LogModuleManager: Shutting down and abandoning module SessionServices (61)
[2015.03.27-06.00.05:331][376]LogModuleManager: Shutting down and abandoning module SourceCodeAccess (60)
[2015.03.27-06.00.05:331][376]LogModuleManager: Shutting down and abandoning module HeadMountedDisplay (59)
[2015.03.27-06.00.05:331][376]LogModuleManager: Shutting down and abandoning module XAudio2 (58)
[2015.03.27-06.00.05:331][376]LogModuleManager: Shutting down and abandoning module Networking (56)
[2015.03.27-06.00.05:331][376]LogModuleManager: Shutting down and abandoning module Core (55)
[2015.03.27-06.00.05:331][376]LogModuleManager: Shutting down and abandoning module KismetCompiler (54)
[2015.03.27-06.00.05:332][376]LogModuleManager: Shutting down and abandoning module PhysXFormats (53)
[2015.03.27-06.00.05:332][376]LogModuleManager: Shutting down and abandoning module MeshUtilities (52)
[2015.03.27-06.00.05:332][376]LogModuleManager: Shutting down and abandoning module DerivedDataCache (51)
[2015.03.27-06.00.05:429][376]LogDerivedDataCache: Shutdown
[2015.03.27-06.00.05:429][376]LogModuleManager: Shutting down and abandoning module ShaderFormatOpenGL (50)
[2015.03.27-06.00.05:429][376]LogModuleManager: Shutting down and abandoning module ShaderFormatD3D (49)
[2015.03.27-06.00.05:429][376]LogModuleManager: Shutting down and abandoning module MetalShaderFormat (48)
[2015.03.27-06.00.05:429][376]LogModuleManager: Shutting down and abandoning module TextureFormatUncompressed (47)
[2015.03.27-06.00.05:429][376]LogModuleManager: Shutting down and abandoning module TextureFormatPVR (46)
[2015.03.27-06.00.05:429][376]LogModuleManager: Shutting down and abandoning module TextureFormatIntelISPCTexComp (45)
[2015.03.27-06.00.05:429][376]LogModuleManager: Shutting down and abandoning module TextureFormatDXT (44)
[2015.03.27-06.00.05:429][376]LogModuleManager: Shutting down and abandoning module ImageWrapper (43)
[2015.03.27-06.00.05:429][376]LogModuleManager: Shutting down and abandoning module TextureFormatASTC (42)
[2015.03.27-06.00.05:429][376]LogModuleManager: Shutting down and abandoning module TextureFormatAndroid (41)
[2015.03.27-06.00.05:429][376]LogModuleManager: Shutting down and abandoning module AudioFormatOpus (40)
[2015.03.27-06.00.05:429][376]LogModuleManager: Shutting down and abandoning module AudioFormatOgg (39)
[2015.03.27-06.00.05:429][376]LogModuleManager: Shutting down and abandoning module AudioFormatADPCM (38)
[2015.03.27-06.00.05:429][376]LogModuleManager: Shutting down and abandoning module LinuxTargetPlatform (37)
[2015.03.27-06.00.05:430][376]LogModuleManager: Shutting down and abandoning module LinuxServerTargetPlatform (36)
[2015.03.27-06.00.05:430][376]LogModuleManager: Shutting down and abandoning module LinuxNoEditorTargetPlatform (35)
[2015.03.27-06.00.05:430][376]LogModuleManager: Shutting down and abandoning module Messaging (34)
[2015.03.27-06.00.05:430][376]LogModuleManager: Shutting down and abandoning module IOSTargetPlatform (33)
[2015.03.27-06.00.05:430][376]LogModuleManager: Shutting down and abandoning module HTML5TargetPlatform (32)
[2015.03.27-06.00.05:430][376]LogModuleManager: Shutting down and abandoning module Android_PVRTCTargetPlatform (31)
[2015.03.27-06.00.05:430][376]LogModuleManager: Shutting down and abandoning module Android_ETC2TargetPlatform (30)
[2015.03.27-06.00.05:430][376]LogModuleManager: Shutting down and abandoning module Android_ETC1TargetPlatform (29)
[2015.03.27-06.00.05:430][376]LogModuleManager: Shutting down and abandoning module Android_ES31TargetPlatform (28)
[2015.03.27-06.00.05:430][376]LogModuleManager: Shutting down and abandoning module Android_DXTTargetPlatform (27)
[2015.03.27-06.00.05:430][376]LogModuleManager: Shutting down and abandoning module Android_ATCTargetPlatform (26)
[2015.03.27-06.00.05:430][376]LogModuleManager: Shutting down and abandoning module AndroidTargetPlatform (25)
[2015.03.27-06.00.05:430][376]LogModuleManager: Shutting down and abandoning module WindowsTargetPlatform (24)
[2015.03.27-06.00.05:430][376]LogModuleManager: Shutting down and abandoning module WindowsServerTargetPlatform (23)
[2015.03.27-06.00.05:430][376]LogModuleManager: Shutting down and abandoning module WindowsNoEditorTargetPlatform (22)
[2015.03.27-06.00.05:430][376]LogModuleManager: Shutting down and abandoning module WindowsClientTargetPlatform (21)
[2015.03.27-06.00.05:430][376]LogModuleManager: Shutting down and abandoning module TargetPlatform (20)
[2015.03.27-06.00.05:430][376]LogModuleManager: Shutting down and abandoning module InputCore (19)
[2015.03.27-06.00.05:430][376]LogModuleManager: Shutting down and abandoning module Settings (18)
[2015.03.27-06.00.05:430][376]LogModuleManager: Shutting down and abandoning module OnlineSubsystem (16)
[2015.03.27-06.00.05:430][376]LogModuleManager: Shutting down and abandoning module OculusRift (15)
[2015.03.27-06.00.05:431][376]LogModuleManager: Shutting down and abandoning module ExampleDeviceProfileSelector (14)
[2015.03.27-06.00.05:431][376]LogModuleManager: Shutting down and abandoning module TextureCompressor (13)
[2015.03.27-06.00.05:431][376]LogModuleManager: Shutting down and abandoning module ShaderCore (12)
[2015.03.27-06.00.05:431][376]LogModuleManager: Shutting down and abandoning module Landscape (11)
[2015.03.27-06.00.05:431][376]LogModuleManager: Shutting down and abandoning module SlateRHIRenderer (10)
[2015.03.27-06.00.05:435][376]LogModuleManager: Shutting down and abandoning module OpenGLDrv (9)
[2015.03.27-06.00.05:435][376]LogModuleManager: Shutting down and abandoning module D3D11RHI (8)
[2015.03.27-06.00.05:435][376]LogModuleManager: Shutting down and abandoning module Renderer (7)
[2015.03.27-06.00.05:435][376]LogModuleManager: Shutting down and abandoning module Engine (6)
[2015.03.27-06.00.05:435][376]LogModuleManager: Shutting down and abandoning module CoreUObject (5)
[2015.03.27-06.00.05:435][376]LogModuleManager: Shutting down and abandoning module NetworkFile (4)
[2015.03.27-06.00.05:435][376]LogModuleManager: Shutting down and abandoning module StreamingFile (3)
[2015.03.27-06.00.05:435][376]LogModuleManager: Shutting down and abandoning module SandboxFile (2)
[2015.03.27-06.00.05:435][376]LogModuleManager: Shutting down and abandoning module PakFile (1)
[2015.03.27-06.00.05:436][376]LogExit: Exiting.
[2015.03.27-06.00.05:453][376]Log file closed, 03/27/15 01:00:05
