Log file open, 03/06/15 10:29:35
LogInit:Display: Running engine for game: ENPo
LogInit: Version: 4.7.2-2467323+++depot+UE4-Releases+4.7
LogInit: API Version: 2455222
LogInit: Compiled (64-bit): Mar  2 2015 23:16:34
LogInit: Compiled with Visual C++: 18.00.21005.01
LogInit: Build Configuration: Development
LogInit: Branch Name: ++depot+UE4-Releases+4.7
LogInit: Command line:  
LogInit: Base directory: C:/Program Files/Epic Games/4.7/Engine/Binaries/Win64/
LogInit: Rocket: 1
[2015.03.06-16.29.35:804][  0]LogTaskGraph: Started task graph with 3 named threads and 4 total threads.
[2015.03.06-16.29.35:839][  0]LogOnline:Warning: No default platform service specified for OnlineSubsystem
[2015.03.06-16.29.35:853][  0]LogInit: Presizing for 0 objects not considered by GC, pre-allocating 0 bytes.
[2015.03.06-16.29.35:863][  0]LogInit: Object subsystem initialized
[2015.03.06-16.29.35:865][  0]LogConsoleResponse:Warning: Skipping Unknown console variable: 'TranslucentSortAxis = (X=0.000000,Y=-1.000000,Z=0.000000)'
[2015.03.06-16.29.35:865][  0]LogConsoleResponse:Warning:   Found in ini file 'C:/Users/Yardley Gutierrez/Documents/GitHub/New folder/turbo-archer/ENPo/Saved/Config/Windows/Engine.ini', in section '[/Script/Engine.RendererSettings]'
[2015.03.06-16.29.35:865][  0]LogConsoleResponse:Warning: Skipping Unknown console variable: 'UIScaleRule = ShortestSide'
[2015.03.06-16.29.35:865][  0]LogConsoleResponse:Warning:   Found in ini file 'C:/Users/Yardley Gutierrez/Documents/GitHub/New folder/turbo-archer/ENPo/Saved/Config/Windows/Engine.ini', in section '[/Script/Engine.RendererSettings]'
[2015.03.06-16.29.35:865][  0]LogConsoleResponse:Warning: Skipping Unknown console variable: 'UIScaleCurve = (EditorCurveData=(Keys=),ExternalCurve=None)'
[2015.03.06-16.29.35:865][  0]LogConsoleResponse:Warning:   Found in ini file 'C:/Users/Yardley Gutierrez/Documents/GitHub/New folder/turbo-archer/ENPo/Saved/Config/Windows/Engine.ini', in section '[/Script/Engine.RendererSettings]'
[2015.03.06-16.29.35:866][  0]LogInit: Selected Device Profile: [Windows]
[2015.03.06-16.29.35:866][  0]LogInit: Applying CVar settings loaded from the selected device profile: [Windows]
[2015.03.06-16.29.35:875][  0]LogInit: Computer: YARDLEY-PC
[2015.03.06-16.29.35:875][  0]LogInit: User: YardleyGutierrez
[2015.03.06-16.29.35:875][  0]LogInit: CPU Page size=4096, Cores=2
[2015.03.06-16.29.35:875][  0]LogInit: High frequency timer resolution =2.435884 MHz
[2015.03.06-16.29.35:875][  0]LogMemory: Memory total: Physical=3.9GB (4GB approx) Virtual=131072.0GB
[2015.03.06-16.29.35:875][  0]LogMemory: Platform Memory Stats for Windows
[2015.03.06-16.29.35:875][  0]LogMemory: Process Physical Memory: 45.87 MB used, 45.87 MB peak
[2015.03.06-16.29.35:875][  0]LogMemory: Process Virtual Memory: 26.25 MB used, 26.26 MB peak
[2015.03.06-16.29.35:875][  0]LogMemory: Physical Memory: 1822.93 MB used, 4002.70 MB total
[2015.03.06-16.29.35:875][  0]LogMemory: Virtual Memory: 285.55 MB used, 134217728.00 MB total
[2015.03.06-16.29.35:887][  0]LogD3D11RHI: Found D3D11 adapter 0: Intel(R) HD Graphics 4000 (Feature Level 11_0)
[2015.03.06-16.29.35:887][  0]LogD3D11RHI: Adapter has 32MB of dedicated video memory, 0MB of dedicated system memory, and 1760MB of shared system memory, 1 output[s]
[2015.03.06-16.29.35:888][  0]LogD3D11RHI: Found D3D11 adapter 1: Microsoft Basic Render Driver (Feature Level 11_0)
[2015.03.06-16.29.35:888][  0]LogD3D11RHI: Adapter has 0MB of dedicated video memory, 0MB of dedicated system memory, and 256MB of shared system memory, 0 output[s]
[2015.03.06-16.29.35:888][  0]LogD3D11RHI: Chosen D3D11 Adapter Id = 0
[2015.03.06-16.29.35:891][  0]LogRHI: Texture pool is 638 MB (70% of 912 MB)
[2015.03.06-16.29.35:894][  0]LogD3D11RHI: Async texture creation enabled
[2015.03.06-16.29.35:948][  0]LogTextLocalizationManager: The requested culture ('en_US') has no localization data; parent culture's ('en') localization data will be used.
[2015.03.06-16.29.36:100][  0]LogContentStreaming: Texture pool size is 0.000000MB
[2015.03.06-16.29.38:779][  0]LogTargetPlatformManager:Display: Building Assets For Windows
[2015.03.06-16.29.39:403][  0]LogTargetPlatformManager:Display: Building Assets For Windows
[2015.03.06-16.29.39:472][  0]LogDerivedDataCache:Display: Max Cache Size: 512 MB
[2015.03.06-16.29.39:534][  0]LogDerivedDataCache: Loaded boot cache 0.06s 39MB C:/Users/Yardley Gutierrez/AppData/Local/UnrealEngine/4.7/DerivedDataCache/Boot.ddc.
[2015.03.06-16.29.39:534][  0]LogDerivedDataCache:Display: Loaded Boot cache: C:/Users/Yardley Gutierrez/AppData/Local/UnrealEngine/4.7/DerivedDataCache/Boot.ddc
[2015.03.06-16.29.39:534][  0]LogDerivedDataCache: FDerivedDataBackendGraph:  Pak pak cache file ../../../../../../Users/Yardley Gutierrez/Documents/GitHub/New folder/turbo-archer/ENPo/DerivedDataCache/DDC.ddp not found, will not use a pak cache.
[2015.03.06-16.29.39:534][  0]LogDerivedDataCache: Unable to find inner node Pak for hierarchical cache Hierarchy.
[2015.03.06-16.29.39:667][  0]LogDerivedDataCache:Display: Pak cache opened for reading ../../../Engine/DerivedDataCache/Compressed.ddp.
[2015.03.06-16.29.39:679][  0]LogDerivedDataCache: Using Local data cache path C:/Users/Yardley Gutierrez/AppData/Local/UnrealEngine/Common/DerivedDataCache: Writable
[2015.03.06-16.29.40:013][  0]LogMeshUtilities: No automatic mesh reduction module available
[2015.03.06-16.29.40:013][  0]LogMeshUtilities: No automatic mesh merging module available
[2015.03.06-16.29.40:431][  0]LogInit: WinSock: version 1.1 (2.2), MaxSocks=32767, MaxUdp=65467
[2015.03.06-16.29.40:521][  0]LogSlate:Warning: Failed to load font data from '../../../Engine/Content/Slate/Fonts/Roboto-Italic.ttf'
[2015.03.06-16.29.41:338][  0]UdpMessaging: Initializing bridge on interface 0.0.0.0:0 to multicast group 230.0.0.1:6666.
[2015.03.06-16.29.41:553][  0]SourceControl: Info Source control is disabled
[2015.03.06-16.29.41:553][  0]SourceControl: Info Source control is disabled
[2015.03.06-16.29.41:553][  0]SourceControl: Info Source control is disabled
[2015.03.06-16.29.41:553][  0]LogSourceControl: RunCommandInternalRaw: 'git version'
[2015.03.06-16.29.41:553][  0]LogSourceControl: RunCommandInternalRaw: ExecProcess ReturnCode=2 OutResults=''
[2015.03.06-16.29.41:563][  0]SourceControl: Info Source control is disabled
[2015.03.06-16.29.41:767][  0]LogObj: 24231 objects as part of root set at end of initial load.
[2015.03.06-16.29.41:767][  0]LogUObjectAllocator: 5136440 out of 0 bytes used by permanent object pool.
[2015.03.06-16.29.41:858][  0]LogEngine: Initializing Engine...
[2015.03.06-16.29.44:044][  0]LogInit: XAudio2 using 'Speakers (Cirrus Logic CS4206B (AB 82))' : 4 channels at 48 kHz using 32 bits per sample (channel mask 0x33)
[2015.03.06-16.29.44:051][  0]LogInit: FAudioDevice initialized.
[2015.03.06-16.29.44:094][  0]LogAIModule: Creating AISystem for world NewWorld
[2015.03.06-16.29.44:124][  0]LogDerivedDataCache: Saved boot cache 0.03s 39MB C:/Users/Yardley Gutierrez/AppData/Local/UnrealEngine/4.7/DerivedDataCache/Boot.ddc.
[2015.03.06-16.29.44:128][  0]LogInit: Texture streaming: Enabled
[2015.03.06-16.29.44:233][  0]LogAnalytics: Creating configured Analytics provider AnalyticsET
[2015.03.06-16.29.44:233][  0]LogAnalytics: ET APIKey = Rocket.Release. APIServer = http://et2.epicgames.com/ET2/. AppVersion = 4.7.2-2467323+++depot+UE4-Releases+4.7
[2015.03.06-16.29.44:233][  0]LogAnalytics: ET APIKey = Rocket.Release. DataRouterUploadURL = https://datarouter-public-service-gamedev.ol.epicgames.net/datarouter/api/v1/public/data. AppVersion = 4.7.2-2467323+++depot+UE4-Releases+4.7
[2015.03.06-16.29.44:233][  0]LogAnalytics: SetUserId a0b74a0f40da1d3eef40c6be10647983|277162545ec74c0fafe928678aa70e70|7bb8c1b2-298a-40e0-8e50-56eb0000bfbd
[2015.03.06-16.29.44:233][  0]LogAnalytics: AnalyticsET::StartSession [Rocket.Release]
[2015.03.06-16.29.44:256][  0]LogInit: Transaction tracking system initialized
[2015.03.06-16.29.44:480][  0]BlueprintLog: New page: Editor Load
[2015.03.06-16.29.44:522][  0]LogAssetRegistry: FAssetRegistry took 0.0110 seconds to start up
[2015.03.06-16.29.44:522][  0]LogDirectoryWatcher:Warning: Failed to begin reading directory changes for ../../../Engine/Plugins/Experimental/CharacterAI/Content/. Error: 0
[2015.03.06-16.29.45:396][  0]LogTargetPlatformManager:Display: Building Assets For Windows
[2015.03.06-16.29.45:909][  0]LogTargetPlatformManager:Display: Building Assets For Windows
[2015.03.06-16.29.46:243][  0]LogSlate:Warning: Failed to load font data from '../../../Engine/Content/Editor/Slate/Fonts/Roboto-Regular.ttf'
[2015.03.06-16.29.46:243][  0]LogSlate:Warning: Failed to load font data from '../../../Engine/Content/Editor/Slate/Fonts/Roboto-Bold.ttf'
[2015.03.06-16.29.46:249][  0]LogConsoleResponse:Display: 
[2015.03.06-16.29.46:451][  0]LogCook:Display: Done creating registry. It took  0.00s.
[2015.03.06-16.29.46:688][  0]SourceControl: Info Source control is disabled
[2015.03.06-16.29.46:688][  0]Cmd: MAP LOAD FILE="../../../../../../Users/Yardley Gutierrez/Documents/GitHub/New folder/turbo-archer/ENPo/Content/PuzzleBP/Maps/PuzzleExampleMap.umap" TEMPLATE=0 SHOWPROGRESS=1 FEATURELEVEL=3
[2015.03.06-16.29.46:689][  0]LightingResults: New page: Lighting Build
[2015.03.06-16.29.46:710][  0]MapCheck: New page: Map Check
[2015.03.06-16.29.46:710][  0]LightingResults: New page: Lighting Build
[2015.03.06-16.29.46:733][  0]LogParticles: Destroying 0 GPU particle simulations for FXSystem 0x000000CE46098D60
[2015.03.06-16.29.47:496][  0]LogBlueprint:Warning: [compiler] Warning Node  Unknown  is not referencing a valid level actor
[2015.03.06-16.29.47:497][  0]LogBlueprint:Warning: [compiler] Warning [0013.61] Compile of PuzzleExampleMap successful, but with 1 Warning(s) [in 8 ms]
[2015.03.06-16.29.47:497][  0]LogBlueprint:Warning: [compiler] Warning [0013.61] Compile of PuzzleExampleMap successful, but with 2 Warning(s) [in 0 ms]
[2015.03.06-16.29.47:497][  0]LogBlueprint:Warning: [compiler] Warning [0013.61] Compile of PuzzleExampleMap successful, but with 3 Warning(s) [in 0 ms]
[2015.03.06-16.29.47:497][  0]LogBlueprint:Warning: [compiler] Warning [0013.61] Compile of PuzzleExampleMap successful, but with 4 Warning(s) [in 0 ms]
[2015.03.06-16.29.47:505][  0]LogBlueprint:Warning: [compiler] Warning Node  Unknown  is not referencing a valid level actor
[2015.03.06-16.29.47:505][  0]LogBlueprint:Warning: [compiler] Warning [0013.62] Compile of PuzzleExampleMap successful, but with 1 Warning(s) [in 7 ms]
[2015.03.06-16.29.47:505][  0]LogBlueprint:Warning: [compiler] Warning [0013.62] Compile of PuzzleExampleMap successful, but with 2 Warning(s) [in 0 ms]
[2015.03.06-16.29.47:638][  0]LogEditorServer: Finished looking for orphan Actors (0.000 secs)
[2015.03.06-16.29.47:638][  0]LogAIModule: Creating AISystem for world PuzzleExampleMap
[2015.03.06-16.29.47:643][  0]Cmd: MAP CHECKDEP
[2015.03.06-16.29.47:643][  0]MapCheck: New page: PuzzleExampleMap - Mar 6, 2015, 4:29:47 AM
[2015.03.06-16.29.47:752][  0]MapCheck: Info Map check complete: 0 Error(s), 0 Warning(s), took 108.827ms to complete.
[2015.03.06-16.29.47:752][  0]LogFileHelpers: Loading map 'PuzzleExampleMap' took 1.065
[2015.03.06-16.29.47:891][  0]LogCollectionManager: Loaded 0 collections in 0.002172 seconds
[2015.03.06-16.29.47:902][  0]LogContentBrowser: Native class hierarchy populated in 0.0106 seconds. Added 1696 classes and 261 folders.
[2015.03.06-16.29.47:941][  0]LogContentBrowser: Native class hierarchy updated for 'SceneOutliner' in 0.0023 seconds. Added 1 classes and 2 folders.
[2015.03.06-16.29.48:023][  0]LogCrashTracker: Crashtracker disabled due to settings.
[2015.03.06-16.29.48:024][  0]LogSlate:Warning: Failed to load font data from 'Veranda'
[2015.03.06-16.29.48:031][  0]LogUObjectGlobals:Warning: Failed to find object 'Class None.'
[2015.03.06-16.29.48:058][  0]LogLoad: Full Startup: 14.17 seconds (BP compile: 0.23 seconds)
[2015.03.06-16.29.48:443][  0]LogContentBrowser:Verbose: The content browser source was changed by the sources view to '/Game/Blueprints'
[2015.03.06-16.29.48:583][  0]LogRenderer:Warning: Reallocating scene render targets to support 32x32 (Frame:2).
[2015.03.06-16.29.48:896][  0]LogRenderer:Warning: Reallocating scene render targets to support 688x424 (Frame:3).
[2015.03.06-16.29.51:010][  6]LogAssetRegistry: Asset discovery search completed in 6.4997 seconds
[2015.03.06-16.30.20:272][345]LogLinker:Warning: Can't find file '/Game/Blueprints/PuzzleGameMode'
[2015.03.06-16.30.20:272][345]LogLinker:Warning: Can't find file '/Game/Blueprints/PuzzleGameMode'
[2015.03.06-16.30.20:272][345]LogUObjectGlobals:Warning: Failed to find object 'Object /Game/Blueprints/PuzzleGameMode.PuzzleGameMode_C'
[2015.03.06-16.30.20:272][345]LogLinker:Warning: Can't find file '/Game/Blueprints/PuzzleGameMode'
[2015.03.06-16.30.20:273][345]LogLinker:Warning: Can't find file '/Game/Blueprints/PuzzleGameMode'
[2015.03.06-16.30.20:273][345]LogUObjectGlobals:Warning: Failed to find object 'Object /Game/Blueprints/PuzzleGameMode.PuzzleGameMode_C'
[2015.03.06-16.30.22:080][436]LogLinker:Warning: Can't find file '/Game/Blueprints/PuzzleGameMode'
[2015.03.06-16.30.22:080][436]LogLinker:Warning: Can't find file '/Game/Blueprints/PuzzleGameMode'
[2015.03.06-16.30.22:080][436]LogUObjectGlobals:Warning: Failed to find object 'Object /Game/Blueprints/PuzzleGameMode.PuzzleGameMode_C'
[2015.03.06-16.30.22:080][436]LogLinker:Warning: Can't find file '/Game/Blueprints/PuzzleGameMode'
[2015.03.06-16.30.22:081][436]LogLinker:Warning: Can't find file '/Game/Blueprints/PuzzleGameMode'
[2015.03.06-16.30.22:081][436]LogUObjectGlobals:Warning: Failed to find object 'Object /Game/Blueprints/PuzzleGameMode.PuzzleGameMode_C'
[2015.03.06-16.30.26:199][678]LogSlate:Warning: Prevented a slow task dialog from being summoned while a context menu was open
[2015.03.06-16.32.35:764][243]LogContentBrowser:Verbose: The content browser source was changed by the sources view to 'None'
[2015.03.06-16.32.35:765][243]LogContentBrowser:Verbose: The content browser source was changed by the sources view to '/Game/Blueprints'
[2015.03.06-16.32.51:571][139]LogRenderer:Warning: Reallocating scene render targets to support 760x664 (Frame:302).
[2015.03.06-16.35.16:569][ 26]BlueprintLog: New page: Pre-PIE auto-recompile
[2015.03.06-16.35.16:574][ 26]LogPlayLevel: [PIE] Compiling RunnerController before PIE...
[2015.03.06-16.35.16:631][ 26]LogPlayLevel: [PIE] Compiling Controller before PIE...
[2015.03.06-16.35.16:672][ 26]LogPlayLevel: [PIE] Compiling PuzzleExampleMap before PIE...
[2015.03.06-16.35.16:715][ 26]LogBlueprint:Warning: [compiler] Warning Node  Unknown  is not referencing a valid level actor
[2015.03.06-16.35.16:716][ 26]LogBlueprint:Warning: [compiler] Warning [0342.82] Compile of PuzzleExampleMap successful, but with 1 Warning(s) [in 42 ms]
[2015.03.06-16.35.16:716][ 26]LogBlueprint:Warning: [compiler] Warning [0342.83] Compile of PuzzleExampleMap successful, but with 2 Warning(s) [in 0 ms]
[2015.03.06-16.35.16:749][ 26]LogBlueprint:Warning: [compiler] Warning [0342.86] Compile of PuzzleExampleMap successful, but with 3 Warning(s) [in 32 ms]
[2015.03.06-16.35.16:752][ 26]LogBlueprint:Warning: [compiler] Warning [0342.86] Compile of PuzzleExampleMap successful, but with 4 Warning(s) [in 3 ms]
[2015.03.06-16.35.16:752][ 26]LogBlueprint:Warning: [compiler] Warning [0342.86] Compile of PuzzleExampleMap successful, but with 5 Warning(s) [in 0 ms]
[2015.03.06-16.35.16:753][ 26]LogBlueprint:Warning: [compiler] Warning [0342.86] Compile of PuzzleExampleMap successful, but with 6 Warning(s) [in 0 ms]
[2015.03.06-16.35.16:756][ 26]LogActorComponent: UnregisterComponent: (/Engine/Transient.CharMoveComp) Not registered. Aborting.
[2015.03.06-16.35.16:796][ 26]LogParticles: Destroying 0 GPU particle simulations for FXSystem 0x000000CE58D70D60
[2015.03.06-16.35.16:802][ 26]LogPlayLevel: PIE:  Blueprint regeneration took 232 ms (3 blueprints)
[2015.03.06-16.35.16:802][ 26]PIE: New page: SIE session: PuzzleExampleMap (Mar 6, 2015, 4:35:16 AM)
[2015.03.06-16.35.16:860][ 26]LogPlayLevel: PIE: StaticDuplicateObject took: (0.057468s)
[2015.03.06-16.35.16:861][ 26]LogPlayLevel: PIE: World Init took: (0.001138s)
[2015.03.06-16.35.16:861][ 26]LogPlayLevel: PIE: Created PIE world by copying editor world from /Game/PuzzleBP/Maps/PuzzleExampleMap.PuzzleExampleMap to /Game/PuzzleBP/Maps/UEDPIE_0_PuzzleExampleMap.PuzzleExampleMap (0.059056s)
[2015.03.06-16.35.16:919][ 26]LogWorld: Game class is 'RunnerGameMode_C'
[2015.03.06-16.35.16:921][ 26]LogAIModule: Creating AISystem for world PuzzleExampleMap
[2015.03.06-16.35.16:925][ 26]LogWorld: Bringing World /Game/PuzzleBP/Maps/UEDPIE_0_PuzzleExampleMap.PuzzleExampleMap up for play (max tick rate 60) at 2015.03.06-10.35.16
[2015.03.06-16.35.16:926][ 26]LogWorld: Bringing up level for play took: 0.004694
[2015.03.06-16.35.16:927][ 26]LogGameMode: Warning - PATHS NOT DEFINED or NO PLAYERSTART with positive rating
[2015.03.06-16.35.16:930][ 26]PIE: Info Play in editor start time for /Game/PuzzleBP/Maps/UEDPIE_0_PuzzleExampleMap 1.032
[2015.03.06-16.35.35:143][568]LogParticles: Destroying 0 GPU particle simulations for FXSystem 0x000000CE51498220
[2015.03.06-16.35.35:159][569]LogParticles: Destroying 0 GPU particle simulations for FXSystem 0x000000CE3BD1ACA0
[2015.03.06-16.36.50:972][498]LogActorComponent: UnregisterComponent: (/Engine/Transient.CharMoveComp) Not registered. Aborting.
[2015.03.06-16.36.56:294][499]Cmd: QUIT_EDITOR
[2015.03.06-16.36.56:549][499]LogExit: Preparing to exit.
[2015.03.06-16.36.57:654][499]LogExit: Editor shut down
[2015.03.06-16.36.57:655][499]LogExit: Transaction tracking system shut down
[2015.03.06-16.36.57:656][499]LogParticles: Destroying 0 GPU particle simulations for FXSystem 0x000000CE3D9B4D60
[2015.03.06-16.36.57:656][499]LogParticles: Destroying 0 GPU particle simulations for FXSystem 0x000000CE4FAD9EE0
[2015.03.06-16.36.57:656][499]LogParticles: Destroying 0 GPU particle simulations for FXSystem 0x000000CE50CCB560
[2015.03.06-16.36.57:658][499]LogParticles: Destroying 0 GPU particle simulations for FXSystem 0x000000CE5C5DF560
[2015.03.06-16.36.57:727][499]LogExit: Object subsystem successfully closed.
[2015.03.06-16.36.57:780][499]LogModuleManager: Shutting down and abandoning module CrashTracker (177)
[2015.03.06-16.36.57:780][499]LogModuleManager: Shutting down and abandoning module SuperSearch (176)
[2015.03.06-16.36.57:780][499]LogModuleManager: Shutting down and abandoning module SceneOutliner (175)
[2015.03.06-16.36.57:780][499]LogModuleManager: Shutting down and abandoning module EditorWidgets (174)
[2015.03.06-16.36.57:780][499]LogModuleManager: Shutting down and abandoning module CollectionManager (173)
[2015.03.06-16.36.57:780][499]LogModuleManager: Shutting down and abandoning module StatsViewer (172)
[2015.03.06-16.36.57:781][499]LogModuleManager: Shutting down and abandoning module FoliageEdit (171)
[2015.03.06-16.36.57:781][499]LogModuleManager: Shutting down and abandoning module LandscapeEditor (170)
[2015.03.06-16.36.57:781][499]LogModuleManager: Shutting down and abandoning module MeshPaint (169)
[2015.03.06-16.36.57:781][499]LogModuleManager: Shutting down and abandoning module ActorPickerMode (168)
[2015.03.06-16.36.57:781][499]LogModuleManager: Shutting down and abandoning module GeometryMode (167)
[2015.03.06-16.36.57:781][499]LogModuleManager: Shutting down and abandoning module TextureAlignMode (166)
[2015.03.06-16.36.57:781][499]LogModuleManager: Shutting down and abandoning module BspMode (165)
[2015.03.06-16.36.57:781][499]LogModuleManager: Shutting down and abandoning module PlacementMode (164)
[2015.03.06-16.36.57:781][499]LogModuleManager: Shutting down and abandoning module AutomationWorker (163)
[2015.03.06-16.36.57:781][499]LogModuleManager: Shutting down and abandoning module CharacterAI (162)
[2015.03.06-16.36.57:781][499]LogModuleManager: Shutting down and abandoning module SmartSnapping (161)
[2015.03.06-16.36.57:781][499]LogModuleManager: Shutting down and abandoning module ViewportSnapping (160)
[2015.03.06-16.36.57:781][499]LogModuleManager: Shutting down and abandoning module LogVisualizer (159)
[2015.03.06-16.36.57:781][499]LogModuleManager: Shutting down and abandoning module GameProjectGeneration (158)
[2015.03.06-16.36.57:813][499]LogModuleManager: Shutting down and abandoning module IntroTutorials (157)
[2015.03.06-16.36.57:813][499]LogModuleManager: Shutting down and abandoning module EditorLiveStreaming (156)
[2015.03.06-16.36.57:813][499]LogModuleManager: Shutting down and abandoning module HardwareTargeting (155)
[2015.03.06-16.36.57:813][499]LogModuleManager: Shutting down and abandoning module DeviceProfileEditor (154)
[2015.03.06-16.36.57:813][499]LogModuleManager: Shutting down and abandoning module UndoHistory (153)
[2015.03.06-16.36.57:813][499]LogModuleManager: Shutting down and abandoning module GameplayTagsEditor (152)
[2015.03.06-16.36.57:813][499]LogModuleManager: Shutting down and abandoning module UserFeedback (151)
[2015.03.06-16.36.57:813][499]LogModuleManager: Shutting down and abandoning module XmlParser (150)
[2015.03.06-16.36.57:813][499]LogModuleManager: Shutting down and abandoning module Blutility (149)
[2015.03.06-16.36.57:813][499]LogModuleManager: Shutting down and abandoning module IOSPlatformEditor (148)
[2015.03.06-16.36.57:813][499]LogModuleManager: Shutting down and abandoning module IOSRuntimeSettings (147)
[2015.03.06-16.36.57:813][499]LogModuleManager: Shutting down and abandoning module AndroidDeviceDetection (146)
[2015.03.06-16.36.58:235][499]LogModuleManager: Shutting down and abandoning module AndroidPlatformEditor (145)
[2015.03.06-16.36.58:235][499]LogModuleManager: Shutting down and abandoning module AndroidRuntimeSettings (144)
[2015.03.06-16.36.58:235][499]LogModuleManager: Shutting down and abandoning module ProjectTargetPlatformEditor (143)
[2015.03.06-16.36.58:235][499]LogModuleManager: Shutting down and abandoning module ProjectSettingsViewer (142)
[2015.03.06-16.36.58:235][499]LogModuleManager: Shutting down and abandoning module InputBindingEditor (141)
[2015.03.06-16.36.58:235][499]LogModuleManager: Shutting down and abandoning module EditorSettingsViewer (140)
[2015.03.06-16.36.58:235][499]LogModuleManager: Shutting down and abandoning module SettingsEditor (139)
[2015.03.06-16.36.58:235][499]LogModuleManager: Shutting down and abandoning module ProjectLauncher (138)
[2015.03.06-16.36.58:235][499]LogModuleManager: Shutting down and abandoning module SessionFrontend (137)
[2015.03.06-16.36.58:235][499]LogModuleManager: Shutting down and abandoning module ProfilerClient (136)
[2015.03.06-16.36.58:235][499]LogModuleManager: Shutting down and abandoning module TargetDeviceServices (135)
[2015.03.06-16.36.58:235][499]LogModuleManager: Shutting down and abandoning module DeviceManager (134)
[2015.03.06-16.36.58:235][499]LogModuleManager: Shutting down and abandoning module AutomationController (133)
[2015.03.06-16.36.58:235][499]LogModuleManager: Shutting down and abandoning module AutomationWindow (132)
[2015.03.06-16.36.58:235][499]LogModuleManager: Shutting down and abandoning module Layers (131)
[2015.03.06-16.36.58:235][499]LogModuleManager: Shutting down and abandoning module ComponentVisualizers (130)
[2015.03.06-16.36.58:235][499]LogModuleManager: Shutting down and abandoning module DetailCustomizations (129)
[2015.03.06-16.36.58:236][499]LogModuleManager: Shutting down and abandoning module PackagesDialog (128)
[2015.03.06-16.36.58:236][499]LogModuleManager: Shutting down and abandoning module AssetRegistry (127)
[2015.03.06-16.36.58:290][499]LogModuleManager: Shutting down and abandoning module Persona (126)
[2015.03.06-16.36.58:290][499]LogModuleManager: Shutting down and abandoning module SlateReflector (125)
[2015.03.06-16.36.58:290][499]LogModuleManager: Shutting down and abandoning module LevelEditor (124)
[2015.03.06-16.36.58:291][499]LogModuleManager: Shutting down and abandoning module Kismet (123)
[2015.03.06-16.36.58:291][499]LogModuleManager: Shutting down and abandoning module GraphEditor (122)
[2015.03.06-16.36.58:291][499]LogModuleManager: Shutting down and abandoning module ClassViewer (121)
[2015.03.06-16.36.58:291][499]LogModuleManager: Shutting down and abandoning module Toolbox (120)
[2015.03.06-16.36.58:291][499]LogModuleManager: Shutting down and abandoning module ModuleUI (119)
[2015.03.06-16.36.58:291][499]LogModuleManager: Shutting down and abandoning module MovieSceneTools (118)
[2015.03.06-16.36.58:291][499]LogModuleManager: Shutting down and abandoning module OutputLog (117)
[2015.03.06-16.36.58:291][499]LogModuleManager: Shutting down and abandoning module GammaUI (116)
[2015.03.06-16.36.58:291][499]LogModuleManager: Shutting down and abandoning module Documentation (115)
[2015.03.06-16.36.58:291][499]LogModuleManager: Shutting down and abandoning module GameLiveStreaming (114)
[2015.03.06-16.36.58:291][499]LogModuleManager: Shutting down and abandoning module StreamingPauseRendering (113)
[2015.03.06-16.36.58:291][499]LogModuleManager: Shutting down and abandoning module HTTP (112)
[2015.03.06-16.36.58:292][499]LogModuleManager: Shutting down and abandoning module AnalyticsET (111)
[2015.03.06-16.36.58:292][499]LogModuleManager: Shutting down and abandoning module Analytics (110)
[2015.03.06-16.36.58:292][499]LogModuleManager: Shutting down and abandoning module AITestSuite (109)
[2015.03.06-16.36.58:292][499]LogModuleManager: Shutting down and abandoning module GameplayDebugger (108)
[2015.03.06-16.36.58:292][499]LogModuleManager: Shutting down and abandoning module AIModule (107)
[2015.03.06-16.36.58:292][499]LogModuleManager: Shutting down and abandoning module ProfilerService (106)
[2015.03.06-16.36.58:460][499]LogModuleManager: Shutting down and abandoning module TaskGraph (105)
[2015.03.06-16.36.58:460][499]LogModuleManager: Shutting down and abandoning module SlateRemote (104)
[2015.03.06-16.36.58:460][499]LogModuleManager: Shutting down and abandoning module ScriptEditorPlugin (103)
[2015.03.06-16.36.58:460][499]LogModuleManager: Shutting down and abandoning module CustomMeshComponent (102)
[2015.03.06-16.36.58:460][499]LogModuleManager: Shutting down and abandoning module CableComponent (101)
[2015.03.06-16.36.58:460][499]LogModuleManager: Shutting down and abandoning module MessagingDebugger (100)
[2015.03.06-16.36.58:460][499]LogModuleManager: Shutting down and abandoning module MediaPlayerEditor (99)
[2015.03.06-16.36.58:460][499]LogModuleManager: Shutting down and abandoning module SpeedTreeImporter (98)
[2015.03.06-16.36.58:460][499]LogModuleManager: Shutting down and abandoning module PluginsEditor (97)
[2015.03.06-16.36.58:460][499]LogModuleManager: Shutting down and abandoning module MainFrame (96)
[2015.03.06-16.36.58:460][499]LogModuleManager: Shutting down and abandoning module EpicSurvey (95)
[2015.03.06-16.36.58:460][499]LogModuleManager: Shutting down and abandoning module DesktopPlatform (94)
[2015.03.06-16.36.58:460][499]LogModuleManager: Shutting down and abandoning module DirectoryWatcher (93)
[2015.03.06-16.36.58:460][499]LogModuleManager: Shutting down and abandoning module HotReload (92)
[2015.03.06-16.36.58:460][499]LogModuleManager: Shutting down and abandoning module VisualStudioSourceCodeAccess (91)
[2015.03.06-16.36.58:460][499]LogModuleManager: Shutting down and abandoning module UObjectPlugin (90)
[2015.03.06-16.36.58:460][499]LogModuleManager: Shutting down and abandoning module SubversionSourceControl (89)
[2015.03.06-16.36.58:460][499]LogModuleManager: Shutting down and abandoning module PerforceSourceControl (88)
[2015.03.06-16.36.58:460][499]LogModuleManager: Shutting down and abandoning module SourceControl (87)
[2015.03.06-16.36.58:460][499]LogModuleManager: Shutting down and abandoning module GitSourceControl (86)
[2015.03.06-16.36.58:460][499]LogModuleManager: Shutting down and abandoning module BlankPlugin (85)
[2015.03.06-16.36.58:460][499]LogModuleManager: Shutting down and abandoning module PaperTiledImporter (84)
[2015.03.06-16.36.58:461][499]LogModuleManager: Shutting down and abandoning module PaperJsonImporter (83)
[2015.03.06-16.36.58:461][499]LogModuleManager: Shutting down and abandoning module ContentBrowser (82)
[2015.03.06-16.36.58:461][499]LogModuleManager: Shutting down and abandoning module Paper2DEditor (81)
[2015.03.06-16.36.58:461][499]LogModuleManager: Shutting down and abandoning module ScriptPlugin (80)
[2015.03.06-16.36.58:461][499]LogModuleManager: Shutting down and abandoning module UdpMessaging (79)
[2015.03.06-16.36.58:562][499]LogModuleManager: Shutting down and abandoning module Paper2D (78)
[2015.03.06-16.36.58:562][499]LogModuleManager: Shutting down and abandoning module WindowsMoviePlayer (77)
[2015.03.06-16.36.58:564][499]LogModuleManager: Shutting down and abandoning module Media (76)
[2015.03.06-16.36.58:564][499]LogModuleManager: Shutting down and abandoning module WmfMedia (75)
[2015.03.06-16.36.58:564][499]LogModuleManager: Shutting down and abandoning module OnlineBlueprintSupport (74)
[2015.03.06-16.36.58:564][499]LogModuleManager: Shutting down and abandoning module PropertyEditor (73)
[2015.03.06-16.36.58:564][499]LogModuleManager: Shutting down and abandoning module BehaviorTreeEditor (72)
[2015.03.06-16.36.58:565][499]LogModuleManager: Shutting down and abandoning module FunctionalTesting (71)
[2015.03.06-16.36.58:565][499]LogModuleManager: Shutting down and abandoning module CollisionAnalyzer (70)
[2015.03.06-16.36.58:565][499]LogModuleManager: Shutting down and abandoning module WorkspaceMenuStructure (69)
[2015.03.06-16.36.58:565][499]LogModuleManager: Shutting down and abandoning module MessageLog (68)
[2015.03.06-16.36.58:565][499]LogModuleManager: Shutting down and abandoning module Sequencer (67)
[2015.03.06-16.36.58:565][499]LogModuleManager: Shutting down and abandoning module AssetTools (66)
[2015.03.06-16.36.58:565][499]LogModuleManager: Shutting down and abandoning module UMGEditor (65)
[2015.03.06-16.36.58:565][499]LogModuleManager: Shutting down and abandoning module UMG (64)
[2015.03.06-16.36.58:565][499]LogModuleManager: Shutting down and abandoning module Slate (63)
[2015.03.06-16.36.58:565][499]LogModuleManager: Shutting down and abandoning module EditorStyle (62)
[2015.03.06-16.36.58:569][499]LogModuleManager: Shutting down and abandoning module SessionServices (61)
[2015.03.06-16.36.58:569][499]LogModuleManager: Shutting down and abandoning module SourceCodeAccess (60)
[2015.03.06-16.36.58:569][499]LogModuleManager: Shutting down and abandoning module HeadMountedDisplay (59)
[2015.03.06-16.36.58:569][499]LogModuleManager: Shutting down and abandoning module XAudio2 (58)
[2015.03.06-16.36.58:569][499]LogModuleManager: Shutting down and abandoning module Networking (56)
[2015.03.06-16.36.58:569][499]LogModuleManager: Shutting down and abandoning module Core (55)
[2015.03.06-16.36.58:569][499]LogModuleManager: Shutting down and abandoning module KismetCompiler (54)
[2015.03.06-16.36.58:569][499]LogModuleManager: Shutting down and abandoning module PhysXFormats (53)
[2015.03.06-16.36.58:569][499]LogModuleManager: Shutting down and abandoning module MeshUtilities (52)
[2015.03.06-16.36.58:569][499]LogModuleManager: Shutting down and abandoning module DerivedDataCache (51)
[2015.03.06-16.36.58:620][499]LogDerivedDataCache: Shutdown
[2015.03.06-16.36.58:620][499]LogModuleManager: Shutting down and abandoning module ShaderFormatOpenGL (50)
[2015.03.06-16.36.58:620][499]LogModuleManager: Shutting down and abandoning module ShaderFormatD3D (49)
[2015.03.06-16.36.58:620][499]LogModuleManager: Shutting down and abandoning module MetalShaderFormat (48)
[2015.03.06-16.36.58:620][499]LogModuleManager: Shutting down and abandoning module TextureFormatUncompressed (47)
[2015.03.06-16.36.58:620][499]LogModuleManager: Shutting down and abandoning module TextureFormatPVR (46)
[2015.03.06-16.36.58:620][499]LogModuleManager: Shutting down and abandoning module TextureFormatIntelISPCTexComp (45)
[2015.03.06-16.36.58:620][499]LogModuleManager: Shutting down and abandoning module TextureFormatDXT (44)
[2015.03.06-16.36.58:620][499]LogModuleManager: Shutting down and abandoning module ImageWrapper (43)
[2015.03.06-16.36.58:620][499]LogModuleManager: Shutting down and abandoning module TextureFormatASTC (42)
[2015.03.06-16.36.58:620][499]LogModuleManager: Shutting down and abandoning module TextureFormatAndroid (41)
[2015.03.06-16.36.58:620][499]LogModuleManager: Shutting down and abandoning module AudioFormatOpus (40)
[2015.03.06-16.36.58:620][499]LogModuleManager: Shutting down and abandoning module AudioFormatOgg (39)
[2015.03.06-16.36.58:620][499]LogModuleManager: Shutting down and abandoning module AudioFormatADPCM (38)
[2015.03.06-16.36.58:620][499]LogModuleManager: Shutting down and abandoning module LinuxTargetPlatform (37)
[2015.03.06-16.36.58:620][499]LogModuleManager: Shutting down and abandoning module LinuxServerTargetPlatform (36)
[2015.03.06-16.36.58:620][499]LogModuleManager: Shutting down and abandoning module LinuxNoEditorTargetPlatform (35)
[2015.03.06-16.36.58:620][499]LogModuleManager: Shutting down and abandoning module Messaging (34)
[2015.03.06-16.36.58:620][499]LogModuleManager: Shutting down and abandoning module IOSTargetPlatform (33)
[2015.03.06-16.36.58:620][499]LogModuleManager: Shutting down and abandoning module HTML5TargetPlatform (32)
[2015.03.06-16.36.58:620][499]LogModuleManager: Shutting down and abandoning module Android_PVRTCTargetPlatform (31)
[2015.03.06-16.36.58:620][499]LogModuleManager: Shutting down and abandoning module Android_ETC2TargetPlatform (30)
[2015.03.06-16.36.58:620][499]LogModuleManager: Shutting down and abandoning module Android_ETC1TargetPlatform (29)
[2015.03.06-16.36.58:620][499]LogModuleManager: Shutting down and abandoning module Android_ES31TargetPlatform (28)
[2015.03.06-16.36.58:620][499]LogModuleManager: Shutting down and abandoning module Android_DXTTargetPlatform (27)
[2015.03.06-16.36.58:620][499]LogModuleManager: Shutting down and abandoning module Android_ATCTargetPlatform (26)
[2015.03.06-16.36.58:620][499]LogModuleManager: Shutting down and abandoning module AndroidTargetPlatform (25)
[2015.03.06-16.36.58:620][499]LogModuleManager: Shutting down and abandoning module WindowsTargetPlatform (24)
[2015.03.06-16.36.58:620][499]LogModuleManager: Shutting down and abandoning module WindowsServerTargetPlatform (23)
[2015.03.06-16.36.58:620][499]LogModuleManager: Shutting down and abandoning module WindowsNoEditorTargetPlatform (22)
[2015.03.06-16.36.58:620][499]LogModuleManager: Shutting down and abandoning module WindowsClientTargetPlatform (21)
[2015.03.06-16.36.58:620][499]LogModuleManager: Shutting down and abandoning module TargetPlatform (20)
[2015.03.06-16.36.58:620][499]LogModuleManager: Shutting down and abandoning module InputCore (19)
[2015.03.06-16.36.58:620][499]LogModuleManager: Shutting down and abandoning module Settings (18)
[2015.03.06-16.36.58:620][499]LogModuleManager: Shutting down and abandoning module OnlineSubsystem (16)
[2015.03.06-16.36.58:620][499]LogModuleManager: Shutting down and abandoning module OculusRift (15)
[2015.03.06-16.36.58:620][499]LogModuleManager: Shutting down and abandoning module ExampleDeviceProfileSelector (14)
[2015.03.06-16.36.58:620][499]LogModuleManager: Shutting down and abandoning module TextureCompressor (13)
[2015.03.06-16.36.58:620][499]LogModuleManager: Shutting down and abandoning module ShaderCore (12)
[2015.03.06-16.36.58:620][499]LogModuleManager: Shutting down and abandoning module Landscape (11)
[2015.03.06-16.36.58:620][499]LogModuleManager: Shutting down and abandoning module SlateRHIRenderer (10)
[2015.03.06-16.36.58:622][499]LogModuleManager: Shutting down and abandoning module OpenGLDrv (9)
[2015.03.06-16.36.58:622][499]LogModuleManager: Shutting down and abandoning module D3D11RHI (8)
[2015.03.06-16.36.58:622][499]LogModuleManager: Shutting down and abandoning module Renderer (7)
[2015.03.06-16.36.58:622][499]LogModuleManager: Shutting down and abandoning module Engine (6)
[2015.03.06-16.36.58:622][499]LogModuleManager: Shutting down and abandoning module CoreUObject (5)
[2015.03.06-16.36.58:622][499]LogModuleManager: Shutting down and abandoning module NetworkFile (4)
[2015.03.06-16.36.58:622][499]LogModuleManager: Shutting down and abandoning module StreamingFile (3)
[2015.03.06-16.36.58:622][499]LogModuleManager: Shutting down and abandoning module SandboxFile (2)
[2015.03.06-16.36.58:623][499]LogModuleManager: Shutting down and abandoning module PakFile (1)
[2015.03.06-16.36.58:624][499]LogExit: Exiting.
[2015.03.06-16.36.58:629][499]Log file closed, 03/06/15 10:36:58
