Log file open, 03/25/15 09:37:31
LogInit:Display: Running engine for game: ENPo
LogInit: Version: 4.7.3-2479750+++depot+UE4-Releases+4.7
LogInit: API Version: 2455222
LogInit: Compiled (64-bit): Mar 15 2015 23:20:45
LogInit: Compiled with Visual C++: 18.00.21005.01
LogInit: Build Configuration: Development
LogInit: Branch Name: ++depot+UE4-Releases+4.7
LogInit: Command line:  
LogInit: Base directory: C:/Program Files/Epic Games/4.7/Engine/Binaries/Win64/
LogInit: Rocket: 1
[2015.03.25-14.37.31:786][  0]LogTaskGraph: Started task graph with 3 named threads and 6 total threads.
[2015.03.25-14.37.31:888][  0]LogOnline:Warning: No default platform service specified for OnlineSubsystem
[2015.03.25-14.37.32:101][  0]LogInit: Presizing for 0 objects not considered by GC, pre-allocating 0 bytes.
[2015.03.25-14.37.32:295][  0]LogInit: Object subsystem initialized
[2015.03.25-14.37.32:341][  0]LogConsoleResponse:Warning: Skipping Unknown console variable: 'TranslucentSortAxis = (X=0.000000,Y=-1.000000,Z=0.000000)'
[2015.03.25-14.37.32:341][  0]LogConsoleResponse:Warning:   Found in ini file 'C:/Users/Jeremy Martin/Documents/GitHub/turbo-archer/ENPo/Saved/Config/Windows/Engine.ini', in section '[/Script/Engine.RendererSettings]'
[2015.03.25-14.37.32:341][  0]LogConsoleResponse:Warning: Skipping Unknown console variable: 'UIScaleRule = ShortestSide'
[2015.03.25-14.37.32:341][  0]LogConsoleResponse:Warning:   Found in ini file 'C:/Users/Jeremy Martin/Documents/GitHub/turbo-archer/ENPo/Saved/Config/Windows/Engine.ini', in section '[/Script/Engine.RendererSettings]'
[2015.03.25-14.37.32:341][  0]LogConsoleResponse:Warning: Skipping Unknown console variable: 'UIScaleCurve = (EditorCurveData=(Keys=),ExternalCurve=None)'
[2015.03.25-14.37.32:341][  0]LogConsoleResponse:Warning:   Found in ini file 'C:/Users/Jeremy Martin/Documents/GitHub/turbo-archer/ENPo/Saved/Config/Windows/Engine.ini', in section '[/Script/Engine.RendererSettings]'
[2015.03.25-14.37.32:357][  0]LogInit: Selected Device Profile: [Windows]
[2015.03.25-14.37.32:358][  0]LogInit: Applying CVar settings loaded from the selected device profile: [Windows]
[2015.03.25-14.37.32:458][  0]LogInit: Computer: JEREMYMARTIN-PC
[2015.03.25-14.37.32:458][  0]LogInit: User: JeremyMartin
[2015.03.25-14.37.32:458][  0]LogInit: CPU Page size=4096, Cores=4
[2015.03.25-14.37.32:458][  0]LogInit: High frequency timer resolution =2.728203 MHz
[2015.03.25-14.37.32:458][  0]LogMemory: Memory total: Physical=7.9GB (8GB approx) Virtual=8192.0GB
[2015.03.25-14.37.32:459][  0]LogMemory: Platform Memory Stats for Windows
[2015.03.25-14.37.32:459][  0]LogMemory: Process Physical Memory: 48.66 MB used, 48.66 MB peak
[2015.03.25-14.37.32:459][  0]LogMemory: Process Virtual Memory: 26.62 MB used, 26.63 MB peak
[2015.03.25-14.37.32:459][  0]LogMemory: Physical Memory: 2891.64 MB used, 8097.22 MB total
[2015.03.25-14.37.32:459][  0]LogMemory: Virtual Memory: 280.38 MB used, 8388608.00 MB total
[2015.03.25-14.37.32:707][  0]LogD3D11RHI: Found D3D11 adapter 0: Intel(R) HD Graphics 4600 (Feature Level 11_0)
[2015.03.25-14.37.32:707][  0]LogD3D11RHI: Adapter has 2094MB of dedicated video memory, 0MB of dedicated system memory, and 3792MB of shared system memory, 1 output[s]
[2015.03.25-14.37.32:707][  0]LogD3D11RHI: Chosen D3D11 Adapter Id = 0
[2015.03.25-14.37.32:726][  0]LogRHI: Texture pool is 1361 MB (70% of 1945 MB)
[2015.03.25-14.37.32:738][  0]LogD3D11RHI: Async texture creation enabled
[2015.03.25-14.37.33:626][  0]LogTextLocalizationManager: The requested culture ('en_US') has no localization data; parent culture's ('en') localization data will be used.
[2015.03.25-14.37.33:771][  0]LogTextLocalizationManager:Warning: Loading localization resources contain conflicting entries for (Namespace:UICommands, Key:Save_ToolTip):
Resource: (C:/Program Files/Epic Games/4.7/Engine/Content/Localization/Editor/en/Editor.locres) Hash: (-29098895) String: (Saves the current level to disk)
Resource: (C:/Program Files/Epic Games/4.7/Engine/Content/Localization/Engine/en/Engine.locres) Hash: (-1280300587) String: (Save selected data to vlog file)
[2015.03.25-14.37.33:771][  0]LogTextLocalizationManager:Warning: Loading localization resources contain conflicting entries for (Namespace:ContentBrowser, Key:ImportAssetToolTip):
Resource: (C:/Program Files/Epic Games/4.7/Engine/Content/Localization/Editor/en/Editor.locres) Hash: (-630476809) String: (Import to {0}...)
Resource: (C:/Program Files/Epic Games/4.7/Engine/Content/Localization/Editor/en/Editor.locres) Hash: (1271782899) String: (Imports an asset from file to this folder.)
[2015.03.25-14.37.33:844][  0]LogContentStreaming: Texture pool size is 0.000000MB
[2015.03.25-14.37.38:401][  0]LogTargetPlatformManager:Display: Building Assets For Windows
[2015.03.25-14.37.39:793][  0]LogTargetPlatformManager:Display: Building Assets For Windows
[2015.03.25-14.37.39:886][  0]LogDerivedDataCache:Display: Max Cache Size: 512 MB
[2015.03.25-14.37.40:474][  0]LogDerivedDataCache: Loaded boot cache 0.59s 39MB C:/Users/Jeremy Martin/AppData/Local/UnrealEngine/4.7/DerivedDataCache/Boot.ddc.
[2015.03.25-14.37.40:474][  0]LogDerivedDataCache:Display: Loaded Boot cache: C:/Users/Jeremy Martin/AppData/Local/UnrealEngine/4.7/DerivedDataCache/Boot.ddc
[2015.03.25-14.37.40:474][  0]LogDerivedDataCache: FDerivedDataBackendGraph:  Pak pak cache file ../../../../../../Users/Jeremy Martin/Documents/GitHub/turbo-archer/ENPo/DerivedDataCache/DDC.ddp not found, will not use a pak cache.
[2015.03.25-14.37.40:474][  0]LogDerivedDataCache: Unable to find inner node Pak for hierarchical cache Hierarchy.
[2015.03.25-14.37.40:665][  0]LogDerivedDataCache:Display: Pak cache opened for reading ../../../Engine/DerivedDataCache/Compressed.ddp.
[2015.03.25-14.37.40:678][  0]LogDerivedDataCache: Using Local data cache path C:/Users/Jeremy Martin/AppData/Local/UnrealEngine/Common/DerivedDataCache: Writable
[2015.03.25-14.37.49:360][  0]LogMeshUtilities: No automatic mesh reduction module available
[2015.03.25-14.37.49:360][  0]LogMeshUtilities: No automatic mesh merging module available
[2015.03.25-14.37.52:891][  0]LogInit: WinSock: version 1.1 (2.2), MaxSocks=32767, MaxUdp=65467
[2015.03.25-14.37.53:271][  0]LogSlate:Warning: Failed to load font data from '../../../Engine/Content/Slate/Fonts/Roboto-Italic.ttf'
[2015.03.25-14.38.16:456][  0]UdpMessaging: Initializing bridge on interface 0.0.0.0:0 to multicast group 230.0.0.1:6666.
[2015.03.25-14.38.17:528][  0]SourceControl: Info Source control is disabled
[2015.03.25-14.38.17:538][  0]SourceControl: Info Source control is disabled
[2015.03.25-14.38.17:538][  0]SourceControl: Info Source control is disabled
[2015.03.25-14.38.17:539][  0]LogSourceControl: RunCommandInternalRaw: 'git version'
[2015.03.25-14.38.17:539][  0]LogSourceControl: RunCommandInternalRaw: ExecProcess ReturnCode=2 OutResults=''
[2015.03.25-14.38.17:547][  0]SourceControl: Info Source control is disabled
[2015.03.25-14.38.18:898][  0]LogObj: 24231 objects as part of root set at end of initial load.
[2015.03.25-14.38.18:898][  0]LogUObjectAllocator: 5136440 out of 0 bytes used by permanent object pool.
[2015.03.25-14.38.19:428][  0]LogEngine: Initializing Engine...
[2015.03.25-14.38.22:364][  0]LogInit: XAudio2 using 'Speakers / Headphones (Realtek High Definition Audio)' : 2 channels at 48 kHz using 32 bits per sample (channel mask 0x3)
[2015.03.25-14.38.22:564][  0]LogInit: FAudioDevice initialized.
[2015.03.25-14.38.23:008][  0]LogAIModule: Creating AISystem for world NewWorld
[2015.03.25-14.38.23:072][  0]LogDerivedDataCache: Saved boot cache 0.06s 39MB C:/Users/Jeremy Martin/AppData/Local/UnrealEngine/4.7/DerivedDataCache/Boot.ddc.
[2015.03.25-14.38.23:075][  0]LogInit: Texture streaming: Enabled
[2015.03.25-14.38.23:615][  0]LogAnalytics: Creating configured Analytics provider AnalyticsET
[2015.03.25-14.38.23:615][  0]LogAnalytics: ET APIKey = Rocket.Release. APIServer = http://et2.epicgames.com/ET2/. AppVersion = 4.7.3-2479750+++depot+UE4-Releases+4.7
[2015.03.25-14.38.23:615][  0]LogAnalytics: ET APIKey = Rocket.Release. DataRouterUploadURL = https://datarouter-public-service-gamedev.ol.epicgames.net/datarouter/api/v1/public/data. AppVersion = 4.7.3-2479750+++depot+UE4-Releases+4.7
[2015.03.25-14.38.23:615][  0]LogAnalytics: SetUserId 4faf2b8f401686a57575ecb438c58793|93efd1466ca449a7a50c61e21231fb4f|d21d11dd-cad7-4eb6-8377-a86052e53efe
[2015.03.25-14.38.23:616][  0]LogAnalytics: AnalyticsET::StartSession [Rocket.Release]
[2015.03.25-14.38.23:830][  0]LogInit: Transaction tracking system initialized
[2015.03.25-14.38.25:914][  0]BlueprintLog: New page: Editor Load
[2015.03.25-14.38.26:066][  0]LogAssetRegistry: FAssetRegistry took 0.0132 seconds to start up
[2015.03.25-14.38.26:066][  0]LogDirectoryWatcher:Warning: Failed to begin reading directory changes for ../../../Engine/Plugins/Experimental/CharacterAI/Content/. Error: 0
[2015.03.25-14.38.30:181][  0]LogTargetPlatformManager:Display: Building Assets For Windows
[2015.03.25-14.38.30:555][  0]LogTargetPlatformManager:Display: Building Assets For Windows
[2015.03.25-14.38.33:665][  0]LogSlate:Warning: Failed to load font data from '../../../Engine/Content/Editor/Slate/Fonts/Roboto-Regular.ttf'
[2015.03.25-14.38.33:667][  0]LogSlate:Warning: Failed to load font data from '../../../Engine/Content/Editor/Slate/Fonts/Roboto-Bold.ttf'
[2015.03.25-14.38.33:839][  0]LogConsoleResponse:Display: 
[2015.03.25-14.38.37:771][  0]LogCook:Display: Done creating registry. It took  0.00s.
[2015.03.25-14.38.39:851][  0]SourceControl: Info Source control is disabled
[2015.03.25-14.38.39:853][  0]Cmd: MAP LOAD FILE="../../../../../../Users/Jeremy Martin/Documents/GitHub/turbo-archer/ENPo/Content/PuzzleBP/Maps/PuzzleExampleMap.umap" TEMPLATE=0 SHOWPROGRESS=1 FEATURELEVEL=3
[2015.03.25-14.38.39:853][  0]LightingResults: New page: Lighting Build
[2015.03.25-14.38.39:949][  0]MapCheck: New page: Map Check
[2015.03.25-14.38.39:949][  0]LightingResults: New page: Lighting Build
[2015.03.25-14.38.40:122][  0]LogParticles: Destroying 0 GPU particle simulations for FXSystem 0x00000000147F4D60
[2015.03.25-14.38.41:174][  0]LogBlueprint:Warning: [compiler] Warning Node  Unknown  is not referencing a valid level actor
[2015.03.25-14.38.41:175][  0]LogBlueprint:Warning: [compiler] Warning [0072.97] Compile of PuzzleExampleMap successful, but with 1 Warning(s) [in 6 ms]
[2015.03.25-14.38.41:175][  0]LogBlueprint:Warning: [compiler] Warning [0072.97] Compile of PuzzleExampleMap successful, but with 2 Warning(s) [in 0 ms]
[2015.03.25-14.38.41:175][  0]LogBlueprint:Warning: [compiler] Warning [0072.97] Compile of PuzzleExampleMap successful, but with 3 Warning(s) [in 0 ms]
[2015.03.25-14.38.41:175][  0]LogBlueprint:Warning: [compiler] Warning [0072.97] Compile of PuzzleExampleMap successful, but with 4 Warning(s) [in 0 ms]
[2015.03.25-14.38.41:181][  0]LogBlueprint:Warning: [compiler] Warning Node  Unknown  is not referencing a valid level actor
[2015.03.25-14.38.41:181][  0]LogBlueprint:Warning: [compiler] Warning [0072.98] Compile of PuzzleExampleMap successful, but with 1 Warning(s) [in 5 ms]
[2015.03.25-14.38.41:181][  0]LogBlueprint:Warning: [compiler] Warning [0072.98] Compile of PuzzleExampleMap successful, but with 2 Warning(s) [in 0 ms]
[2015.03.25-14.38.42:519][  0]LogEditorServer: Finished looking for orphan Actors (0.000 secs)
[2015.03.25-14.38.42:592][  0]LogAIModule: Creating AISystem for world PuzzleExampleMap
[2015.03.25-14.38.42:622][  0]Cmd: MAP CHECKDEP
[2015.03.25-14.38.42:635][  0]MapCheck: New page: PuzzleExampleMap - Mar 25, 2015, 4:38:42 AM
[2015.03.25-14.38.42:702][  0]MapCheck: Info Map check complete: 0 Error(s), 0 Warning(s), took 79.897ms to complete.
[2015.03.25-14.38.42:702][  0]LogFileHelpers: Loading map 'PuzzleExampleMap' took 2.850
[2015.03.25-14.38.44:799][  0]LogCollectionManager: Loaded 0 collections in 0.003943 seconds
[2015.03.25-14.38.44:854][  0]LogContentBrowser: Native class hierarchy populated in 0.0545 seconds. Added 1696 classes and 261 folders.
[2015.03.25-14.38.45:260][  0]LogContentBrowser:Verbose: The content browser source was changed by the sources view to '/Classes_Engine/Engine/Classes'
[2015.03.25-14.38.45:388][  0]LogContentBrowser: Native class hierarchy updated for 'SceneOutliner' in 0.0064 seconds. Added 1 classes and 2 folders.
[2015.03.25-14.38.47:252][  0]LogCrashTracker: Crashtracker disabled due to settings.
[2015.03.25-14.38.47:475][  0]LogSlate:Warning: Failed to load font data from 'Veranda'
[2015.03.25-14.38.47:543][  0]LogUObjectGlobals:Warning: Failed to find object 'Class None.'
[2015.03.25-14.38.47:692][  0]LogLoad: Full Startup: 79.49 seconds (BP compile: 0.36 seconds)
[2015.03.25-14.38.48:832][  0]LogRenderer:Warning: Reallocating scene render targets to support 32x32 (Frame:2).
[2015.03.25-14.38.49:883][  0]LogRenderer:Warning: Reallocating scene render targets to support 1032x568 (Frame:3).
[2015.03.25-14.38.51:710][  5]LogAssetRegistry: Asset discovery search completed in 25.6557 seconds
[2015.03.25-14.39.00:541][ 94]BlueprintLog: New page: Pre-PIE auto-recompile
[2015.03.25-14.39.00:541][ 94]LogPlayLevel: [PIE] Compiling PuzzleExampleMap before PIE...
[2015.03.25-14.39.00:618][ 94]LogBlueprint:Warning: [compiler] Warning Node  Unknown  is not referencing a valid level actor
[2015.03.25-14.39.00:618][ 94]LogBlueprint:Warning: [compiler] Warning [0092.41] Compile of PuzzleExampleMap successful, but with 1 Warning(s) [in 75 ms]
[2015.03.25-14.39.00:619][ 94]LogBlueprint:Warning: [compiler] Warning [0092.41] Compile of PuzzleExampleMap successful, but with 2 Warning(s) [in 0 ms]
[2015.03.25-14.39.00:668][ 94]LogBlueprint:Warning: [compiler] Warning [0092.46] Compile of PuzzleExampleMap successful, but with 3 Warning(s) [in 47 ms]
[2015.03.25-14.39.00:668][ 94]LogBlueprint:Warning: [compiler] Warning [0092.46] Compile of PuzzleExampleMap successful, but with 4 Warning(s) [in 0 ms]
[2015.03.25-14.39.00:668][ 94]LogBlueprint:Warning: [compiler] Warning [0092.46] Compile of PuzzleExampleMap successful, but with 5 Warning(s) [in 0 ms]
[2015.03.25-14.39.00:668][ 94]LogBlueprint:Warning: [compiler] Warning [0092.46] Compile of PuzzleExampleMap successful, but with 6 Warning(s) [in 0 ms]
[2015.03.25-14.39.00:670][ 94]LogActorComponent: UnregisterComponent: (/Engine/Transient.CharMoveComp) Not registered. Aborting.
[2015.03.25-14.39.00:734][ 94]LogPlayLevel: PIE:  Blueprint regeneration took 192 ms (1 blueprints)
[2015.03.25-14.39.00:734][ 94]PIE: New page: SIE session: PuzzleExampleMap (Mar 25, 2015, 4:39:00 AM)
[2015.03.25-14.39.00:768][ 94]LogPlayLevel: PIE: StaticDuplicateObject took: (0.033448s)
[2015.03.25-14.39.00:775][ 94]LogPlayLevel: PIE: World Init took: (0.007060s)
[2015.03.25-14.39.00:775][ 94]LogPlayLevel: PIE: Created PIE world by copying editor world from /Game/PuzzleBP/Maps/PuzzleExampleMap.PuzzleExampleMap to /Game/PuzzleBP/Maps/UEDPIE_0_PuzzleExampleMap.PuzzleExampleMap (0.040801s)
[2015.03.25-14.39.00:911][ 94]LogWorld: Game class is 'RunnerGameMode_C'
[2015.03.25-14.39.01:026][ 94]LogAIModule: Creating AISystem for world PuzzleExampleMap
[2015.03.25-14.39.01:029][ 94]LogWorld: Bringing World /Game/PuzzleBP/Maps/UEDPIE_0_PuzzleExampleMap.PuzzleExampleMap up for play (max tick rate 60) at 2015.03.25-09.39.01
[2015.03.25-14.39.01:053][ 94]LogWorld: Bringing up level for play took: 0.025832
[2015.03.25-14.39.01:099][ 94]LogPawn:Error: EnableInput can only be specified on a Pawn for its Controller
[2015.03.25-14.39.01:100][ 94]PIE: Info Play in editor start time for /Game/PuzzleBP/Maps/UEDPIE_0_PuzzleExampleMap 1.428
[2015.03.25-14.39.11:435][238]LogParticles: Destroying 0 GPU particle simulations for FXSystem 0x000000000D529800
[2015.03.25-14.39.11:634][239]Cmd: QUIT_EDITOR
[2015.03.25-14.39.12:002][239]LogExit: Preparing to exit.
[2015.03.25-14.39.12:748][239]LogExit: Editor shut down
[2015.03.25-14.39.12:748][239]LogExit: Transaction tracking system shut down
[2015.03.25-14.39.12:749][239]LogParticles: Destroying 0 GPU particle simulations for FXSystem 0x000000001015B7E0
[2015.03.25-14.39.12:749][239]LogParticles: Destroying 0 GPU particle simulations for FXSystem 0x0000000024E24220
[2015.03.25-14.39.12:749][239]LogParticles: Destroying 0 GPU particle simulations for FXSystem 0x0000000024F18F40
[2015.03.25-14.39.13:073][239]LogExit: Object subsystem successfully closed.
[2015.03.25-14.39.13:257][239]LogModuleManager: Shutting down and abandoning module CrashTracker (177)
[2015.03.25-14.39.13:257][239]LogModuleManager: Shutting down and abandoning module SuperSearch (176)
[2015.03.25-14.39.13:257][239]LogModuleManager: Shutting down and abandoning module SceneOutliner (175)
[2015.03.25-14.39.13:257][239]LogModuleManager: Shutting down and abandoning module EditorWidgets (174)
[2015.03.25-14.39.13:257][239]LogModuleManager: Shutting down and abandoning module CollectionManager (173)
[2015.03.25-14.39.13:274][239]LogModuleManager: Shutting down and abandoning module StatsViewer (172)
[2015.03.25-14.39.13:274][239]LogModuleManager: Shutting down and abandoning module FoliageEdit (171)
[2015.03.25-14.39.13:275][239]LogModuleManager: Shutting down and abandoning module LandscapeEditor (170)
[2015.03.25-14.39.13:295][239]LogModuleManager: Shutting down and abandoning module MeshPaint (169)
[2015.03.25-14.39.13:295][239]LogModuleManager: Shutting down and abandoning module ActorPickerMode (168)
[2015.03.25-14.39.13:295][239]LogModuleManager: Shutting down and abandoning module GeometryMode (167)
[2015.03.25-14.39.13:295][239]LogModuleManager: Shutting down and abandoning module TextureAlignMode (166)
[2015.03.25-14.39.13:295][239]LogModuleManager: Shutting down and abandoning module BspMode (165)
[2015.03.25-14.39.13:295][239]LogModuleManager: Shutting down and abandoning module PlacementMode (164)
[2015.03.25-14.39.13:295][239]LogModuleManager: Shutting down and abandoning module AutomationWorker (163)
[2015.03.25-14.39.13:295][239]LogModuleManager: Shutting down and abandoning module CharacterAI (162)
[2015.03.25-14.39.13:295][239]LogModuleManager: Shutting down and abandoning module SmartSnapping (161)
[2015.03.25-14.39.13:295][239]LogModuleManager: Shutting down and abandoning module ViewportSnapping (160)
[2015.03.25-14.39.13:295][239]LogModuleManager: Shutting down and abandoning module LogVisualizer (159)
[2015.03.25-14.39.13:296][239]LogModuleManager: Shutting down and abandoning module GameProjectGeneration (158)
[2015.03.25-14.39.13:308][239]LogModuleManager: Shutting down and abandoning module IntroTutorials (157)
[2015.03.25-14.39.13:329][239]LogModuleManager: Shutting down and abandoning module EditorLiveStreaming (156)
[2015.03.25-14.39.13:329][239]LogModuleManager: Shutting down and abandoning module HardwareTargeting (155)
[2015.03.25-14.39.13:329][239]LogModuleManager: Shutting down and abandoning module DeviceProfileEditor (154)
[2015.03.25-14.39.13:330][239]LogModuleManager: Shutting down and abandoning module UndoHistory (153)
[2015.03.25-14.39.13:330][239]LogModuleManager: Shutting down and abandoning module GameplayTagsEditor (152)
[2015.03.25-14.39.13:330][239]LogModuleManager: Shutting down and abandoning module UserFeedback (151)
[2015.03.25-14.39.13:330][239]LogModuleManager: Shutting down and abandoning module XmlParser (150)
[2015.03.25-14.39.13:330][239]LogModuleManager: Shutting down and abandoning module Blutility (149)
[2015.03.25-14.39.13:330][239]LogModuleManager: Shutting down and abandoning module IOSPlatformEditor (148)
[2015.03.25-14.39.13:330][239]LogModuleManager: Shutting down and abandoning module IOSRuntimeSettings (147)
[2015.03.25-14.39.13:330][239]LogModuleManager: Shutting down and abandoning module AndroidDeviceDetection (146)
[2015.03.25-14.39.13:847][239]LogModuleManager: Shutting down and abandoning module AndroidPlatformEditor (145)
[2015.03.25-14.39.13:847][239]LogModuleManager: Shutting down and abandoning module AndroidRuntimeSettings (144)
[2015.03.25-14.39.13:847][239]LogModuleManager: Shutting down and abandoning module ProjectTargetPlatformEditor (143)
[2015.03.25-14.39.13:847][239]LogModuleManager: Shutting down and abandoning module ProjectSettingsViewer (142)
[2015.03.25-14.39.13:848][239]LogModuleManager: Shutting down and abandoning module InputBindingEditor (141)
[2015.03.25-14.39.13:848][239]LogModuleManager: Shutting down and abandoning module EditorSettingsViewer (140)
[2015.03.25-14.39.13:848][239]LogModuleManager: Shutting down and abandoning module SettingsEditor (139)
[2015.03.25-14.39.13:873][239]LogModuleManager: Shutting down and abandoning module ProjectLauncher (138)
[2015.03.25-14.39.13:873][239]LogModuleManager: Shutting down and abandoning module SessionFrontend (137)
[2015.03.25-14.39.13:873][239]LogModuleManager: Shutting down and abandoning module ProfilerClient (136)
[2015.03.25-14.39.13:889][239]LogModuleManager: Shutting down and abandoning module TargetDeviceServices (135)
[2015.03.25-14.39.13:889][239]LogModuleManager: Shutting down and abandoning module DeviceManager (134)
[2015.03.25-14.39.13:889][239]LogModuleManager: Shutting down and abandoning module AutomationController (133)
[2015.03.25-14.39.13:889][239]LogModuleManager: Shutting down and abandoning module AutomationWindow (132)
[2015.03.25-14.39.13:905][239]LogModuleManager: Shutting down and abandoning module Layers (131)
[2015.03.25-14.39.13:967][239]LogModuleManager: Shutting down and abandoning module ComponentVisualizers (130)
[2015.03.25-14.39.13:967][239]LogModuleManager: Shutting down and abandoning module DetailCustomizations (129)
[2015.03.25-14.39.13:967][239]LogModuleManager: Shutting down and abandoning module PackagesDialog (128)
[2015.03.25-14.39.13:968][239]LogModuleManager: Shutting down and abandoning module AssetRegistry (127)
[2015.03.25-14.39.14:058][239]LogModuleManager: Shutting down and abandoning module Persona (126)
[2015.03.25-14.39.14:079][239]LogModuleManager: Shutting down and abandoning module SlateReflector (125)
[2015.03.25-14.39.14:098][239]LogModuleManager: Shutting down and abandoning module LevelEditor (124)
[2015.03.25-14.39.14:099][239]LogModuleManager: Shutting down and abandoning module Kismet (123)
[2015.03.25-14.39.14:099][239]LogModuleManager: Shutting down and abandoning module GraphEditor (122)
[2015.03.25-14.39.14:136][239]LogModuleManager: Shutting down and abandoning module ClassViewer (121)
[2015.03.25-14.39.14:136][239]LogModuleManager: Shutting down and abandoning module Toolbox (120)
[2015.03.25-14.39.14:136][239]LogModuleManager: Shutting down and abandoning module ModuleUI (119)
[2015.03.25-14.39.14:148][239]LogModuleManager: Shutting down and abandoning module MovieSceneTools (118)
[2015.03.25-14.39.14:164][239]LogModuleManager: Shutting down and abandoning module OutputLog (117)
[2015.03.25-14.39.14:164][239]LogModuleManager: Shutting down and abandoning module GammaUI (116)
[2015.03.25-14.39.14:184][239]LogModuleManager: Shutting down and abandoning module Documentation (115)
[2015.03.25-14.39.14:184][239]LogModuleManager: Shutting down and abandoning module GameLiveStreaming (114)
[2015.03.25-14.39.14:184][239]LogModuleManager: Shutting down and abandoning module StreamingPauseRendering (113)
[2015.03.25-14.39.14:184][239]LogModuleManager: Shutting down and abandoning module HTTP (112)
[2015.03.25-14.39.14:198][239]LogModuleManager: Shutting down and abandoning module AnalyticsET (111)
[2015.03.25-14.39.14:198][239]LogModuleManager: Shutting down and abandoning module Analytics (110)
[2015.03.25-14.39.14:198][239]LogModuleManager: Shutting down and abandoning module AITestSuite (109)
[2015.03.25-14.39.14:198][239]LogModuleManager: Shutting down and abandoning module GameplayDebugger (108)
[2015.03.25-14.39.14:198][239]LogModuleManager: Shutting down and abandoning module AIModule (107)
[2015.03.25-14.39.14:198][239]LogModuleManager: Shutting down and abandoning module ProfilerService (106)
[2015.03.25-14.39.14:294][239]LogModuleManager: Shutting down and abandoning module TaskGraph (105)
[2015.03.25-14.39.14:311][239]LogModuleManager: Shutting down and abandoning module SlateRemote (104)
[2015.03.25-14.39.14:311][239]LogModuleManager: Shutting down and abandoning module ScriptEditorPlugin (103)
[2015.03.25-14.39.14:311][239]LogModuleManager: Shutting down and abandoning module CustomMeshComponent (102)
[2015.03.25-14.39.14:311][239]LogModuleManager: Shutting down and abandoning module CableComponent (101)
[2015.03.25-14.39.14:311][239]LogModuleManager: Shutting down and abandoning module MessagingDebugger (100)
[2015.03.25-14.39.14:345][239]LogModuleManager: Shutting down and abandoning module MediaPlayerEditor (99)
[2015.03.25-14.39.14:363][239]LogModuleManager: Shutting down and abandoning module SpeedTreeImporter (98)
[2015.03.25-14.39.14:363][239]LogModuleManager: Shutting down and abandoning module PluginsEditor (97)
[2015.03.25-14.39.14:363][239]LogModuleManager: Shutting down and abandoning module MainFrame (96)
[2015.03.25-14.39.14:363][239]LogModuleManager: Shutting down and abandoning module EpicSurvey (95)
[2015.03.25-14.39.14:363][239]LogModuleManager: Shutting down and abandoning module DesktopPlatform (94)
[2015.03.25-14.39.14:364][239]LogModuleManager: Shutting down and abandoning module DirectoryWatcher (93)
[2015.03.25-14.39.14:365][239]LogModuleManager: Shutting down and abandoning module HotReload (92)
[2015.03.25-14.39.14:365][239]LogModuleManager: Shutting down and abandoning module VisualStudioSourceCodeAccess (91)
[2015.03.25-14.39.14:365][239]LogModuleManager: Shutting down and abandoning module UObjectPlugin (90)
[2015.03.25-14.39.14:365][239]LogModuleManager: Shutting down and abandoning module SubversionSourceControl (89)
[2015.03.25-14.39.14:365][239]LogModuleManager: Shutting down and abandoning module PerforceSourceControl (88)
[2015.03.25-14.39.14:379][239]LogModuleManager: Shutting down and abandoning module SourceControl (87)
[2015.03.25-14.39.14:379][239]LogModuleManager: Shutting down and abandoning module GitSourceControl (86)
[2015.03.25-14.39.14:379][239]LogModuleManager: Shutting down and abandoning module BlankPlugin (85)
[2015.03.25-14.39.14:379][239]LogModuleManager: Shutting down and abandoning module PaperTiledImporter (84)
[2015.03.25-14.39.14:379][239]LogModuleManager: Shutting down and abandoning module PaperJsonImporter (83)
[2015.03.25-14.39.14:379][239]LogModuleManager: Shutting down and abandoning module ContentBrowser (82)
[2015.03.25-14.39.14:381][239]LogModuleManager: Shutting down and abandoning module Paper2DEditor (81)
[2015.03.25-14.39.14:381][239]LogModuleManager: Shutting down and abandoning module ScriptPlugin (80)
[2015.03.25-14.39.14:395][239]LogModuleManager: Shutting down and abandoning module UdpMessaging (79)
[2015.03.25-14.39.14:495][239]LogModuleManager: Shutting down and abandoning module Paper2D (78)
[2015.03.25-14.39.14:495][239]LogModuleManager: Shutting down and abandoning module WindowsMoviePlayer (77)
[2015.03.25-14.39.14:501][239]LogModuleManager: Shutting down and abandoning module Media (76)
[2015.03.25-14.39.14:501][239]LogModuleManager: Shutting down and abandoning module WmfMedia (75)
[2015.03.25-14.39.14:533][239]LogModuleManager: Shutting down and abandoning module OnlineBlueprintSupport (74)
[2015.03.25-14.39.14:534][239]LogModuleManager: Shutting down and abandoning module PropertyEditor (73)
[2015.03.25-14.39.14:534][239]LogModuleManager: Shutting down and abandoning module BehaviorTreeEditor (72)
[2015.03.25-14.39.14:555][239]LogModuleManager: Shutting down and abandoning module FunctionalTesting (71)
[2015.03.25-14.39.14:555][239]LogModuleManager: Shutting down and abandoning module CollisionAnalyzer (70)
[2015.03.25-14.39.14:589][239]LogModuleManager: Shutting down and abandoning module WorkspaceMenuStructure (69)
[2015.03.25-14.39.14:589][239]LogModuleManager: Shutting down and abandoning module MessageLog (68)
[2015.03.25-14.39.14:589][239]LogModuleManager: Shutting down and abandoning module Sequencer (67)
[2015.03.25-14.39.14:609][239]LogModuleManager: Shutting down and abandoning module AssetTools (66)
[2015.03.25-14.39.14:612][239]LogModuleManager: Shutting down and abandoning module UMGEditor (65)
[2015.03.25-14.39.14:628][239]LogModuleManager: Shutting down and abandoning module UMG (64)
[2015.03.25-14.39.14:641][239]LogModuleManager: Shutting down and abandoning module Slate (63)
[2015.03.25-14.39.14:641][239]LogModuleManager: Shutting down and abandoning module EditorStyle (62)
[2015.03.25-14.39.14:653][239]LogModuleManager: Shutting down and abandoning module SessionServices (61)
[2015.03.25-14.39.14:653][239]LogModuleManager: Shutting down and abandoning module SourceCodeAccess (60)
[2015.03.25-14.39.14:653][239]LogModuleManager: Shutting down and abandoning module HeadMountedDisplay (59)
[2015.03.25-14.39.14:653][239]LogModuleManager: Shutting down and abandoning module XAudio2 (58)
[2015.03.25-14.39.14:653][239]LogModuleManager: Shutting down and abandoning module Networking (56)
[2015.03.25-14.39.14:653][239]LogModuleManager: Shutting down and abandoning module Core (55)
[2015.03.25-14.39.14:653][239]LogModuleManager: Shutting down and abandoning module KismetCompiler (54)
[2015.03.25-14.39.14:653][239]LogModuleManager: Shutting down and abandoning module PhysXFormats (53)
[2015.03.25-14.39.14:653][239]LogModuleManager: Shutting down and abandoning module MeshUtilities (52)
[2015.03.25-14.39.14:669][239]LogModuleManager: Shutting down and abandoning module DerivedDataCache (51)
[2015.03.25-14.39.14:674][239]LogDerivedDataCache: Shutdown
[2015.03.25-14.39.14:674][239]LogModuleManager: Shutting down and abandoning module ShaderFormatOpenGL (50)
[2015.03.25-14.39.14:693][239]LogModuleManager: Shutting down and abandoning module ShaderFormatD3D (49)
[2015.03.25-14.39.14:694][239]LogModuleManager: Shutting down and abandoning module MetalShaderFormat (48)
[2015.03.25-14.39.14:712][239]LogModuleManager: Shutting down and abandoning module TextureFormatUncompressed (47)
[2015.03.25-14.39.14:712][239]LogModuleManager: Shutting down and abandoning module TextureFormatPVR (46)
[2015.03.25-14.39.14:712][239]LogModuleManager: Shutting down and abandoning module TextureFormatIntelISPCTexComp (45)
[2015.03.25-14.39.14:712][239]LogModuleManager: Shutting down and abandoning module TextureFormatDXT (44)
[2015.03.25-14.39.14:712][239]LogModuleManager: Shutting down and abandoning module ImageWrapper (43)
[2015.03.25-14.39.14:712][239]LogModuleManager: Shutting down and abandoning module TextureFormatASTC (42)
[2015.03.25-14.39.14:712][239]LogModuleManager: Shutting down and abandoning module TextureFormatAndroid (41)
[2015.03.25-14.39.14:712][239]LogModuleManager: Shutting down and abandoning module AudioFormatOpus (40)
[2015.03.25-14.39.14:712][239]LogModuleManager: Shutting down and abandoning module AudioFormatOgg (39)
[2015.03.25-14.39.14:712][239]LogModuleManager: Shutting down and abandoning module AudioFormatADPCM (38)
[2015.03.25-14.39.14:712][239]LogModuleManager: Shutting down and abandoning module LinuxTargetPlatform (37)
[2015.03.25-14.39.14:712][239]LogModuleManager: Shutting down and abandoning module LinuxServerTargetPlatform (36)
[2015.03.25-14.39.14:712][239]LogModuleManager: Shutting down and abandoning module LinuxNoEditorTargetPlatform (35)
[2015.03.25-14.39.14:712][239]LogModuleManager: Shutting down and abandoning module Messaging (34)
[2015.03.25-14.39.14:712][239]LogModuleManager: Shutting down and abandoning module IOSTargetPlatform (33)
[2015.03.25-14.39.14:712][239]LogModuleManager: Shutting down and abandoning module HTML5TargetPlatform (32)
[2015.03.25-14.39.14:712][239]LogModuleManager: Shutting down and abandoning module Android_PVRTCTargetPlatform (31)
[2015.03.25-14.39.14:712][239]LogModuleManager: Shutting down and abandoning module Android_ETC2TargetPlatform (30)
[2015.03.25-14.39.14:712][239]LogModuleManager: Shutting down and abandoning module Android_ETC1TargetPlatform (29)
[2015.03.25-14.39.14:713][239]LogModuleManager: Shutting down and abandoning module Android_ES31TargetPlatform (28)
[2015.03.25-14.39.14:713][239]LogModuleManager: Shutting down and abandoning module Android_DXTTargetPlatform (27)
[2015.03.25-14.39.14:713][239]LogModuleManager: Shutting down and abandoning module Android_ATCTargetPlatform (26)
[2015.03.25-14.39.14:713][239]LogModuleManager: Shutting down and abandoning module AndroidTargetPlatform (25)
[2015.03.25-14.39.14:713][239]LogModuleManager: Shutting down and abandoning module WindowsTargetPlatform (24)
[2015.03.25-14.39.14:713][239]LogModuleManager: Shutting down and abandoning module WindowsServerTargetPlatform (23)
[2015.03.25-14.39.14:713][239]LogModuleManager: Shutting down and abandoning module WindowsNoEditorTargetPlatform (22)
[2015.03.25-14.39.14:713][239]LogModuleManager: Shutting down and abandoning module WindowsClientTargetPlatform (21)
[2015.03.25-14.39.14:713][239]LogModuleManager: Shutting down and abandoning module TargetPlatform (20)
[2015.03.25-14.39.14:713][239]LogModuleManager: Shutting down and abandoning module InputCore (19)
[2015.03.25-14.39.14:713][239]LogModuleManager: Shutting down and abandoning module Settings (18)
[2015.03.25-14.39.14:713][239]LogModuleManager: Shutting down and abandoning module OnlineSubsystem (16)
[2015.03.25-14.39.14:713][239]LogModuleManager: Shutting down and abandoning module OculusRift (15)
[2015.03.25-14.39.14:713][239]LogModuleManager: Shutting down and abandoning module ExampleDeviceProfileSelector (14)
[2015.03.25-14.39.14:713][239]LogModuleManager: Shutting down and abandoning module TextureCompressor (13)
[2015.03.25-14.39.14:714][239]LogModuleManager: Shutting down and abandoning module ShaderCore (12)
[2015.03.25-14.39.14:714][239]LogModuleManager: Shutting down and abandoning module Landscape (11)
[2015.03.25-14.39.14:714][239]LogModuleManager: Shutting down and abandoning module SlateRHIRenderer (10)
[2015.03.25-14.39.14:716][239]LogModuleManager: Shutting down and abandoning module OpenGLDrv (9)
[2015.03.25-14.39.14:716][239]LogModuleManager: Shutting down and abandoning module D3D11RHI (8)
[2015.03.25-14.39.14:716][239]LogModuleManager: Shutting down and abandoning module Renderer (7)
[2015.03.25-14.39.14:716][239]LogModuleManager: Shutting down and abandoning module Engine (6)
[2015.03.25-14.39.14:716][239]LogModuleManager: Shutting down and abandoning module CoreUObject (5)
[2015.03.25-14.39.14:716][239]LogModuleManager: Shutting down and abandoning module NetworkFile (4)
[2015.03.25-14.39.14:716][239]LogModuleManager: Shutting down and abandoning module StreamingFile (3)
[2015.03.25-14.39.14:716][239]LogModuleManager: Shutting down and abandoning module SandboxFile (2)
[2015.03.25-14.39.14:716][239]LogModuleManager: Shutting down and abandoning module PakFile (1)
[2015.03.25-14.39.14:719][239]LogExit: Exiting.
[2015.03.25-14.39.14:735][239]Log file closed, 03/25/15 09:39:14
