Log file open, 03/27/15 15:37:46
LogInit:Display: Running engine for game: ENPo
LogInit: Version: 4.7.3-2479750+++depot+UE4-Releases+4.7
LogInit: API Version: 2455222
LogInit: Compiled (64-bit): Mar 15 2015 23:20:45
LogInit: Compiled with Visual C++: 18.00.21005.01
LogInit: Build Configuration: Development
LogInit: Branch Name: ++depot+UE4-Releases+4.7
LogInit: Command line:  
LogInit: Base directory: C:/Program Files/Epic Games/4.7/Engine/Binaries/Win64/
LogInit: Rocket: 1
[2015.03.27-20.37.46:523][  0]LogTaskGraph: Started task graph with 3 named threads and 6 total threads.
[2015.03.27-20.37.46:573][  0]LogOnline:Warning: No default platform service specified for OnlineSubsystem
[2015.03.27-20.37.46:585][  0]LogInit: Presizing for 0 objects not considered by GC, pre-allocating 0 bytes.
[2015.03.27-20.37.46:593][  0]LogInit: Object subsystem initialized
[2015.03.27-20.37.46:594][  0]LogConsoleResponse:Warning: Skipping Unknown console variable: 'TranslucentSortAxis = (X=0.000000,Y=-1.000000,Z=0.000000)'
[2015.03.27-20.37.46:594][  0]LogConsoleResponse:Warning:   Found in ini file 'C:/Users/Jeremy Martin/Documents/GitHub/turbo-archer/ENPo/Saved/Config/Windows/Engine.ini', in section '[/Script/Engine.RendererSettings]'
[2015.03.27-20.37.46:594][  0]LogConsoleResponse:Warning: Skipping Unknown console variable: 'UIScaleRule = ShortestSide'
[2015.03.27-20.37.46:594][  0]LogConsoleResponse:Warning:   Found in ini file 'C:/Users/Jeremy Martin/Documents/GitHub/turbo-archer/ENPo/Saved/Config/Windows/Engine.ini', in section '[/Script/Engine.RendererSettings]'
[2015.03.27-20.37.46:594][  0]LogConsoleResponse:Warning: Skipping Unknown console variable: 'UIScaleCurve = (EditorCurveData=(Keys=),ExternalCurve=None)'
[2015.03.27-20.37.46:594][  0]LogConsoleResponse:Warning:   Found in ini file 'C:/Users/Jeremy Martin/Documents/GitHub/turbo-archer/ENPo/Saved/Config/Windows/Engine.ini', in section '[/Script/Engine.RendererSettings]'
[2015.03.27-20.37.46:595][  0]LogInit: Selected Device Profile: [Windows]
[2015.03.27-20.37.46:595][  0]LogInit: Applying CVar settings loaded from the selected device profile: [Windows]
[2015.03.27-20.37.46:603][  0]LogInit: Computer: JEREMYMARTIN-PC
[2015.03.27-20.37.46:603][  0]LogInit: User: JeremyMartin
[2015.03.27-20.37.46:603][  0]LogInit: CPU Page size=4096, Cores=4
[2015.03.27-20.37.46:603][  0]LogInit: High frequency timer resolution =2.728222 MHz
[2015.03.27-20.37.46:604][  0]LogMemory: Memory total: Physical=7.9GB (8GB approx) Virtual=8192.0GB
[2015.03.27-20.37.46:604][  0]LogMemory: Platform Memory Stats for Windows
[2015.03.27-20.37.46:604][  0]LogMemory: Process Physical Memory: 48.66 MB used, 48.66 MB peak
[2015.03.27-20.37.46:604][  0]LogMemory: Process Virtual Memory: 28.46 MB used, 28.47 MB peak
[2015.03.27-20.37.46:604][  0]LogMemory: Physical Memory: 4101.50 MB used, 8097.22 MB total
[2015.03.27-20.37.46:604][  0]LogMemory: Virtual Memory: 281.38 MB used, 8388608.00 MB total
[2015.03.27-20.37.46:662][  0]LogD3D11RHI: Found D3D11 adapter 0: Intel(R) HD Graphics 4600 (Feature Level 11_0)
[2015.03.27-20.37.46:662][  0]LogD3D11RHI: Adapter has 2094MB of dedicated video memory, 0MB of dedicated system memory, and 3792MB of shared system memory, 1 output[s]
[2015.03.27-20.37.46:662][  0]LogD3D11RHI: Chosen D3D11 Adapter Id = 0
[2015.03.27-20.37.46:668][  0]LogRHI: Texture pool is 1361 MB (70% of 1945 MB)
[2015.03.27-20.37.46:679][  0]LogD3D11RHI: Async texture creation enabled
[2015.03.27-20.37.46:727][  0]LogTextLocalizationManager: The requested culture ('en_US') has no localization data; parent culture's ('en') localization data will be used.
[2015.03.27-20.37.46:780][  0]LogTextLocalizationManager:Warning: Loading localization resources contain conflicting entries for (Namespace:UICommands, Key:Save_ToolTip):
Resource: (C:/Program Files/Epic Games/4.7/Engine/Content/Localization/Editor/en/Editor.locres) Hash: (-29098895) String: (Saves the current level to disk)
Resource: (C:/Program Files/Epic Games/4.7/Engine/Content/Localization/Engine/en/Engine.locres) Hash: (-1280300587) String: (Save selected data to vlog file)
[2015.03.27-20.37.46:780][  0]LogTextLocalizationManager:Warning: Loading localization resources contain conflicting entries for (Namespace:ContentBrowser, Key:ImportAssetToolTip):
Resource: (C:/Program Files/Epic Games/4.7/Engine/Content/Localization/Editor/en/Editor.locres) Hash: (-630476809) String: (Import to {0}...)
Resource: (C:/Program Files/Epic Games/4.7/Engine/Content/Localization/Editor/en/Editor.locres) Hash: (1271782899) String: (Imports an asset from file to this folder.)
[2015.03.27-20.37.46:852][  0]LogContentStreaming: Texture pool size is 0.000000MB
[2015.03.27-20.37.48:941][  0]LogTargetPlatformManager:Display: Building Assets For Windows
[2015.03.27-20.37.49:392][  0]LogTargetPlatformManager:Display: Building Assets For Windows
[2015.03.27-20.37.49:443][  0]LogDerivedDataCache:Display: Max Cache Size: 512 MB
[2015.03.27-20.37.50:251][  0]LogDerivedDataCache: Loaded boot cache 0.81s 39MB C:/Users/Jeremy Martin/AppData/Local/UnrealEngine/4.7/DerivedDataCache/Boot.ddc.
[2015.03.27-20.37.50:251][  0]LogDerivedDataCache:Display: Loaded Boot cache: C:/Users/Jeremy Martin/AppData/Local/UnrealEngine/4.7/DerivedDataCache/Boot.ddc
[2015.03.27-20.37.50:251][  0]LogDerivedDataCache: FDerivedDataBackendGraph:  Pak pak cache file ../../../../../../Users/Jeremy Martin/Documents/GitHub/turbo-archer/ENPo/DerivedDataCache/DDC.ddp not found, will not use a pak cache.
[2015.03.27-20.37.50:251][  0]LogDerivedDataCache: Unable to find inner node Pak for hierarchical cache Hierarchy.
[2015.03.27-20.37.50:384][  0]LogDerivedDataCache:Display: Pak cache opened for reading ../../../Engine/DerivedDataCache/Compressed.ddp.
[2015.03.27-20.37.50:395][  0]LogDerivedDataCache: Using Local data cache path C:/Users/Jeremy Martin/AppData/Local/UnrealEngine/Common/DerivedDataCache: Writable
[2015.03.27-20.37.50:742][  0]LogMeshUtilities: No automatic mesh reduction module available
[2015.03.27-20.37.50:742][  0]LogMeshUtilities: No automatic mesh merging module available
[2015.03.27-20.37.51:280][  0]LogInit: WinSock: version 1.1 (2.2), MaxSocks=32767, MaxUdp=65467
[2015.03.27-20.37.51:656][  0]LogSlate:Warning: Failed to load font data from '../../../Engine/Content/Slate/Fonts/Roboto-Italic.ttf'
[2015.03.27-20.37.57:279][  0]UdpMessaging: Initializing bridge on interface 0.0.0.0:0 to multicast group 230.0.0.1:6666.
[2015.03.27-20.37.57:609][  0]SourceControl: Info Source control is disabled
[2015.03.27-20.37.57:609][  0]SourceControl: Info Source control is disabled
[2015.03.27-20.37.57:609][  0]SourceControl: Info Source control is disabled
[2015.03.27-20.37.57:609][  0]LogSourceControl: RunCommandInternalRaw: 'git version'
[2015.03.27-20.37.57:609][  0]LogSourceControl: RunCommandInternalRaw: ExecProcess ReturnCode=2 OutResults=''
[2015.03.27-20.37.57:616][  0]SourceControl: Info Source control is disabled
[2015.03.27-20.37.57:857][  0]LogObj: 24231 objects as part of root set at end of initial load.
[2015.03.27-20.37.57:857][  0]LogUObjectAllocator: 5136440 out of 0 bytes used by permanent object pool.
[2015.03.27-20.37.57:925][  0]LogEngine: Initializing Engine...
[2015.03.27-20.38.01:050][  0]LogInit: XAudio2 using 'Speakers / Headphones (Realtek High Definition Audio)' : 2 channels at 48 kHz using 32 bits per sample (channel mask 0x3)
[2015.03.27-20.38.01:131][  0]LogInit: FAudioDevice initialized.
[2015.03.27-20.38.01:162][  0]LogAIModule: Creating AISystem for world NewWorld
[2015.03.27-20.38.01:182][  0]LogDerivedDataCache: Saved boot cache 0.02s 39MB C:/Users/Jeremy Martin/AppData/Local/UnrealEngine/4.7/DerivedDataCache/Boot.ddc.
[2015.03.27-20.38.01:184][  0]LogInit: Texture streaming: Enabled
[2015.03.27-20.38.01:697][  0]LogAnalytics: Creating configured Analytics provider AnalyticsET
[2015.03.27-20.38.01:697][  0]LogAnalytics: ET APIKey = Rocket.Release. APIServer = http://et2.epicgames.com/ET2/. AppVersion = 4.7.3-2479750+++depot+UE4-Releases+4.7
[2015.03.27-20.38.01:697][  0]LogAnalytics: ET APIKey = Rocket.Release. DataRouterUploadURL = https://datarouter-public-service-gamedev.ol.epicgames.net/datarouter/api/v1/public/data. AppVersion = 4.7.3-2479750+++depot+UE4-Releases+4.7
[2015.03.27-20.38.01:697][  0]LogAnalytics: SetUserId 4faf2b8f401686a57575ecb438c58793|93efd1466ca449a7a50c61e21231fb4f|d21d11dd-cad7-4eb6-8377-a86052e53efe
[2015.03.27-20.38.01:697][  0]LogAnalytics: AnalyticsET::StartSession [Rocket.Release]
[2015.03.27-20.38.01:726][  0]LogInit: Transaction tracking system initialized
[2015.03.27-20.38.01:879][  0]BlueprintLog: New page: Editor Load
[2015.03.27-20.38.01:909][  0]LogAssetRegistry: FAssetRegistry took 0.0096 seconds to start up
[2015.03.27-20.38.01:909][  0]LogDirectoryWatcher:Warning: Failed to begin reading directory changes for ../../../Engine/Plugins/Experimental/CharacterAI/Content/. Error: 0
[2015.03.27-20.38.02:377][  0]LogTargetPlatformManager:Display: Building Assets For Windows
[2015.03.27-20.38.02:701][  0]LogTargetPlatformManager:Display: Building Assets For Windows
[2015.03.27-20.38.02:914][  0]LogSlate:Warning: Failed to load font data from '../../../Engine/Content/Editor/Slate/Fonts/Roboto-Regular.ttf'
[2015.03.27-20.38.02:914][  0]LogSlate:Warning: Failed to load font data from '../../../Engine/Content/Editor/Slate/Fonts/Roboto-Bold.ttf'
[2015.03.27-20.38.02:925][  0]LogConsoleResponse:Display: 
[2015.03.27-20.38.03:370][  0]LogCook:Display: Done creating registry. It took  0.00s.
[2015.03.27-20.38.03:740][  0]SourceControl: Info Source control is disabled
[2015.03.27-20.38.03:740][  0]Cmd: MAP LOAD FILE="../../../../../../Users/Jeremy Martin/Documents/GitHub/turbo-archer/ENPo/Content/PuzzleBP/Maps/PuzzleExampleMap.umap" TEMPLATE=0 SHOWPROGRESS=1 FEATURELEVEL=3
[2015.03.27-20.38.03:741][  0]LightingResults: New page: Lighting Build
[2015.03.27-20.38.03:750][  0]MapCheck: New page: Map Check
[2015.03.27-20.38.03:750][  0]LightingResults: New page: Lighting Build
[2015.03.27-20.38.03:756][  0]LogParticles: Destroying 0 GPU particle simulations for FXSystem 0x0000000004094D60
[2015.03.27-20.38.03:987][  0]LogBlueprint:Warning: [compiler] Warning Node  Unknown  is not referencing a valid level actor
[2015.03.27-20.38.03:988][  0]LogBlueprint:Warning: [compiler] Warning [0019.32] Compile of PuzzleExampleMap successful, but with 1 Warning(s) [in 5 ms]
[2015.03.27-20.38.03:988][  0]LogBlueprint:Warning: [compiler] Warning [0019.32] Compile of PuzzleExampleMap successful, but with 2 Warning(s) [in 0 ms]
[2015.03.27-20.38.03:988][  0]LogBlueprint:Warning: [compiler] Warning [0019.32] Compile of PuzzleExampleMap successful, but with 3 Warning(s) [in 0 ms]
[2015.03.27-20.38.03:988][  0]LogBlueprint:Warning: [compiler] Warning [0019.32] Compile of PuzzleExampleMap successful, but with 4 Warning(s) [in 0 ms]
[2015.03.27-20.38.03:993][  0]LogBlueprint:Warning: [compiler] Warning Node  Unknown  is not referencing a valid level actor
[2015.03.27-20.38.03:994][  0]LogBlueprint:Warning: [compiler] Warning [0019.32] Compile of PuzzleExampleMap successful, but with 1 Warning(s) [in 5 ms]
[2015.03.27-20.38.03:994][  0]LogBlueprint:Warning: [compiler] Warning [0019.32] Compile of PuzzleExampleMap successful, but with 2 Warning(s) [in 0 ms]
[2015.03.27-20.38.04:193][  0]LogEditorServer: Finished looking for orphan Actors (0.000 secs)
[2015.03.27-20.38.04:237][  0]LogAIModule: Creating AISystem for world PuzzleExampleMap
[2015.03.27-20.38.04:238][  0]Cmd: MAP CHECKDEP
[2015.03.27-20.38.04:238][  0]MapCheck: New page: PuzzleExampleMap - Mar 27, 2015, 10:38:04 AM
[2015.03.27-20.38.04:303][  0]MapCheck: Info Map check complete: 0 Error(s), 0 Warning(s), took 64.733ms to complete.
[2015.03.27-20.38.04:303][  0]LogFileHelpers: Loading map 'PuzzleExampleMap' took 0.562
[2015.03.27-20.38.04:420][  0]LogCollectionManager: Loaded 0 collections in 0.001359 seconds
[2015.03.27-20.38.04:430][  0]LogContentBrowser: Native class hierarchy populated in 0.0096 seconds. Added 1696 classes and 261 folders.
[2015.03.27-20.38.04:462][  0]LogContentBrowser: Native class hierarchy updated for 'SceneOutliner' in 0.0015 seconds. Added 1 classes and 2 folders.
[2015.03.27-20.38.04:595][  0]LogCrashTracker: Crashtracker disabled due to settings.
[2015.03.27-20.38.04:596][  0]LogSlate:Warning: Failed to load font data from 'Veranda'
[2015.03.27-20.38.04:602][  0]LogUObjectGlobals:Warning: Failed to find object 'Class None.'
[2015.03.27-20.38.04:628][  0]LogLoad: Full Startup: 19.96 seconds (BP compile: 0.10 seconds)
[2015.03.27-20.38.05:011][  0]LogContentBrowser:Verbose: The content browser source was changed by the sources view to '/Engine/EngineVolumetrics/LightBeam/Materials'
[2015.03.27-20.38.05:131][  0]LogRenderer:Warning: Reallocating scene render targets to support 32x32 (Frame:2).
[2015.03.27-20.38.06:010][  0]LogRenderer:Warning: Reallocating scene render targets to support 1128x736 (Frame:10).
[2015.03.27-20.38.07:725][  4]LogAssetRegistry: Asset discovery search completed in 5.8262 seconds
[2015.03.27-20.38.56:485][201]LogEditorViewport: Clicking on Actor (LMB): skyB_C (skyB)
[2015.03.27-20.39.04:664][288]BlueprintLog: New page: Pre-PIE auto-recompile
[2015.03.27-20.39.04:664][288]LogPlayLevel: [PIE] Compiling PuzzleExampleMap before PIE...
[2015.03.27-20.39.04:801][288]LogBlueprint:Warning: [compiler] Warning Node  Unknown  is not referencing a valid level actor
[2015.03.27-20.39.04:802][288]LogBlueprint:Warning: [compiler] Warning [0080.13] Compile of PuzzleExampleMap successful, but with 1 Warning(s) [in 136 ms]
[2015.03.27-20.39.04:802][288]LogBlueprint:Warning: [compiler] Warning [0080.13] Compile of PuzzleExampleMap successful, but with 2 Warning(s) [in 0 ms]
[2015.03.27-20.39.04:827][288]LogBlueprint:Warning: [compiler] Warning [0080.15] Compile of PuzzleExampleMap successful, but with 3 Warning(s) [in 19 ms]
[2015.03.27-20.39.04:827][288]LogBlueprint:Warning: [compiler] Warning [0080.15] Compile of PuzzleExampleMap successful, but with 4 Warning(s) [in 0 ms]
[2015.03.27-20.39.04:827][288]LogBlueprint:Warning: [compiler] Warning [0080.15] Compile of PuzzleExampleMap successful, but with 5 Warning(s) [in 0 ms]
[2015.03.27-20.39.04:827][288]LogBlueprint:Warning: [compiler] Warning [0080.15] Compile of PuzzleExampleMap successful, but with 6 Warning(s) [in 0 ms]
[2015.03.27-20.39.04:829][288]LogActorComponent: UnregisterComponent: (/Engine/Transient.CharMoveComp) Not registered. Aborting.
[2015.03.27-20.39.04:841][288]LogPlayLevel: PIE:  Blueprint regeneration took 176 ms (1 blueprints)
[2015.03.27-20.39.04:851][288]PIE: New page: SIE session: PuzzleExampleMap (Mar 27, 2015, 10:39:04 AM)
[2015.03.27-20.39.05:122][288]LogPlayLevel: PIE: StaticDuplicateObject took: (0.270515s)
[2015.03.27-20.39.05:123][288]LogPlayLevel: PIE: World Init took: (0.000595s)
[2015.03.27-20.39.05:143][288]LogPlayLevel: PIE: Created PIE world by copying editor world from /Game/PuzzleBP/Maps/PuzzleExampleMap.PuzzleExampleMap to /Game/PuzzleBP/Maps/UEDPIE_0_PuzzleExampleMap.PuzzleExampleMap (0.291735s)
[2015.03.27-20.39.05:145][288]LogSelection:Warning: PIE object was selected: "skyB_C /Game/PuzzleBP/Maps/UEDPIE_0_PuzzleExampleMap.PuzzleExampleMap:PersistentLevel.skyB_C_0"
[2015.03.27-20.39.05:535][288]LogWorld: Game class is 'RunnerGameMode_C'
[2015.03.27-20.39.05:851][288]LogAIModule: Creating AISystem for world PuzzleExampleMap
[2015.03.27-20.39.05:858][288]LogWorld: Bringing World /Game/PuzzleBP/Maps/UEDPIE_0_PuzzleExampleMap.PuzzleExampleMap up for play (max tick rate 60) at 2015.03.27-15.39.05
[2015.03.27-20.39.05:919][288]LogWorld: Bringing up level for play took: 0.067058
[2015.03.27-20.39.06:144][288]LogPawn:Error: EnableInput can only be specified on a Pawn for its Controller
[2015.03.27-20.39.06:166][288]PIE: Info Play in editor start time for /Game/PuzzleBP/Maps/UEDPIE_0_PuzzleExampleMap 1.277
[2015.03.27-20.39.06:216][288]LogSelection:Warning: PIE object was selected: "skyB_C /Game/PuzzleBP/Maps/UEDPIE_0_PuzzleExampleMap.PuzzleExampleMap:PersistentLevel.skyB_C_0"
[2015.03.27-20.39.19:582][508]LogParticles: Destroying 0 GPU particle simulations for FXSystem 0x00000000104716C0
[2015.03.27-20.39.24:642][562]BlueprintLog: New page: Pre-PIE auto-recompile
[2015.03.27-20.39.24:642][562]LogPlayLevel: [PIE] Compiling PuzzleExampleMap before PIE...
[2015.03.27-20.39.24:710][562]LogBlueprint:Warning: [compiler] Warning Node  Unknown  is not referencing a valid level actor
[2015.03.27-20.39.24:711][562]LogBlueprint:Warning: [compiler] Warning [0100.04] Compile of PuzzleExampleMap successful, but with 1 Warning(s) [in 67 ms]
[2015.03.27-20.39.24:711][562]LogBlueprint:Warning: [compiler] Warning [0100.04] Compile of PuzzleExampleMap successful, but with 2 Warning(s) [in 0 ms]
[2015.03.27-20.39.24:728][562]LogBlueprint:Warning: [compiler] Warning [0100.05] Compile of PuzzleExampleMap successful, but with 3 Warning(s) [in 16 ms]
[2015.03.27-20.39.24:728][562]LogBlueprint:Warning: [compiler] Warning [0100.05] Compile of PuzzleExampleMap successful, but with 4 Warning(s) [in 0 ms]
[2015.03.27-20.39.24:728][562]LogBlueprint:Warning: [compiler] Warning [0100.05] Compile of PuzzleExampleMap successful, but with 5 Warning(s) [in 0 ms]
[2015.03.27-20.39.24:728][562]LogBlueprint:Warning: [compiler] Warning [0100.05] Compile of PuzzleExampleMap successful, but with 6 Warning(s) [in 0 ms]
[2015.03.27-20.39.24:760][562]LogPlayLevel: PIE:  Blueprint regeneration took 118 ms (1 blueprints)
[2015.03.27-20.39.24:760][562]PIE: New page: SIE session: PuzzleExampleMap (Mar 27, 2015, 10:39:24 AM)
[2015.03.27-20.39.24:785][562]LogPlayLevel: PIE: StaticDuplicateObject took: (0.024831s)
[2015.03.27-20.39.24:786][562]LogPlayLevel: PIE: World Init took: (0.000526s)
[2015.03.27-20.39.24:786][562]LogPlayLevel: PIE: Created PIE world by copying editor world from /Game/PuzzleBP/Maps/PuzzleExampleMap.PuzzleExampleMap to /Game/PuzzleBP/Maps/UEDPIE_0_PuzzleExampleMap.PuzzleExampleMap (0.025509s)
[2015.03.27-20.39.24:786][562]LogSelection:Warning: PIE object was selected: "skyB_C /Game/PuzzleBP/Maps/UEDPIE_0_PuzzleExampleMap.PuzzleExampleMap:PersistentLevel.skyB_C_0"
[2015.03.27-20.39.24:822][562]LogWorld: Game class is 'RunnerGameMode_C'
[2015.03.27-20.39.24:824][562]LogAIModule: Creating AISystem for world PuzzleExampleMap
[2015.03.27-20.39.24:832][562]LogWorld: Bringing World /Game/PuzzleBP/Maps/UEDPIE_0_PuzzleExampleMap.PuzzleExampleMap up for play (max tick rate 60) at 2015.03.27-15.39.24
[2015.03.27-20.39.24:834][562]LogWorld: Bringing up level for play took: 0.009459
[2015.03.27-20.39.24:836][562]LogPawn:Error: EnableInput can only be specified on a Pawn for its Controller
[2015.03.27-20.39.24:836][562]PIE: Info Play in editor start time for /Game/PuzzleBP/Maps/UEDPIE_0_PuzzleExampleMap -0.054
[2015.03.27-20.39.24:843][562]LogSelection:Warning: PIE object was selected: "skyB_C /Game/PuzzleBP/Maps/UEDPIE_0_PuzzleExampleMap.PuzzleExampleMap:PersistentLevel.skyB_C_0"
[2015.03.27-20.41.19:950][189]LogParticles: Destroying 0 GPU particle simulations for FXSystem 0x000000000EB46A20
[2015.03.27-20.41.26:177][253]LogEditorViewport: Clicking on Actor (LMB): RunnerCharacter_C (RunnerCharacter)
[2015.03.27-20.42.35:998][849]BlueprintLog: New page: Pre-PIE auto-recompile
[2015.03.27-20.42.35:998][849]LogPlayLevel: [PIE] Compiling PuzzleExampleMap before PIE...
[2015.03.27-20.42.36:104][849]LogBlueprint:Warning: [compiler] Warning Node  Unknown  is not referencing a valid level actor
[2015.03.27-20.42.36:105][849]LogBlueprint:Warning: [compiler] Warning [0291.42] Compile of PuzzleExampleMap successful, but with 1 Warning(s) [in 105 ms]
[2015.03.27-20.42.36:105][849]LogBlueprint:Warning: [compiler] Warning [0291.42] Compile of PuzzleExampleMap successful, but with 2 Warning(s) [in 0 ms]
[2015.03.27-20.42.36:123][849]LogBlueprint:Warning: [compiler] Warning [0291.44] Compile of PuzzleExampleMap successful, but with 3 Warning(s) [in 17 ms]
[2015.03.27-20.42.36:123][849]LogBlueprint:Warning: [compiler] Warning [0291.44] Compile of PuzzleExampleMap successful, but with 4 Warning(s) [in 0 ms]
[2015.03.27-20.42.36:123][849]LogBlueprint:Warning: [compiler] Warning [0291.44] Compile of PuzzleExampleMap successful, but with 5 Warning(s) [in 0 ms]
[2015.03.27-20.42.36:123][849]LogBlueprint:Warning: [compiler] Warning [0291.44] Compile of PuzzleExampleMap successful, but with 6 Warning(s) [in 0 ms]
[2015.03.27-20.42.36:134][849]LogPlayLevel: PIE:  Blueprint regeneration took 135 ms (1 blueprints)
[2015.03.27-20.42.36:134][849]PIE: New page: SIE session: PuzzleExampleMap (Mar 27, 2015, 10:42:36 AM)
[2015.03.27-20.42.36:160][849]LogPlayLevel: PIE: StaticDuplicateObject took: (0.026085s)
[2015.03.27-20.42.36:161][849]LogPlayLevel: PIE: World Init took: (0.000615s)
[2015.03.27-20.42.36:161][849]LogPlayLevel: PIE: Created PIE world by copying editor world from /Game/PuzzleBP/Maps/PuzzleExampleMap.PuzzleExampleMap to /Game/PuzzleBP/Maps/UEDPIE_0_PuzzleExampleMap.PuzzleExampleMap (0.026921s)
[2015.03.27-20.42.36:187][849]LogSelection:Warning: PIE object was selected: "RunnerCharacter_C /Game/PuzzleBP/Maps/UEDPIE_0_PuzzleExampleMap.PuzzleExampleMap:PersistentLevel.RunnerCharacter_C_1"
[2015.03.27-20.42.36:239][849]LogWorld: Game class is 'RunnerGameMode_C'
[2015.03.27-20.42.36:241][849]LogAIModule: Creating AISystem for world PuzzleExampleMap
[2015.03.27-20.42.36:249][849]LogWorld: Bringing World /Game/PuzzleBP/Maps/UEDPIE_0_PuzzleExampleMap.PuzzleExampleMap up for play (max tick rate 60) at 2015.03.27-15.42.36
[2015.03.27-20.42.36:252][849]LogWorld: Bringing up level for play took: 0.010468
[2015.03.27-20.42.36:253][849]LogPawn:Error: EnableInput can only be specified on a Pawn for its Controller
[2015.03.27-20.42.36:253][849]PIE: Info Play in editor start time for /Game/PuzzleBP/Maps/UEDPIE_0_PuzzleExampleMap -0.648
[2015.03.27-20.42.36:313][849]LogSelection:Warning: PIE object was selected: "RunnerCharacter_C /Game/PuzzleBP/Maps/UEDPIE_0_PuzzleExampleMap.PuzzleExampleMap:PersistentLevel.RunnerCharacter_C_1"
[2015.03.27-20.42.55:014][149]LogParticles: Destroying 0 GPU particle simulations for FXSystem 0x0000000013F6B920
[2015.03.27-20.43.11:040][523]LogRenderer:Warning: Reallocating scene render targets to support 1144x896 (Frame:3744).
[2015.03.27-20.43.52:152][288]Cmd: OBJ SAVEPACKAGE PACKAGE="/Game/Blueprints/RunnerCharacter" FILE="../../../../../../Users/Jeremy Martin/Documents/GitHub/turbo-archer/ENPo/Content/Blueprints/RunnerCharacter.uasset" SILENT=true
[2015.03.27-20.43.52:702][288]LogSavePackage: Save=414.743744ms
[2015.03.27-20.43.52:702][288]LogSavePackage: Moving '../../../../../../Users/Jeremy Martin/Documents/GitHub/turbo-archer/ENPo/Saved/RunnerCharacter818B69914F3053B9CEB87D83F11870BC.tmp' to '../../../../../../Users/Jeremy Martin/Documents/GitHub/turbo-archer/ENPo/Content/Blueprints/RunnerCharacter.uasset'
[2015.03.27-20.43.53:346][303]BlueprintLog: New page: Compile RunnerCharacter
[2015.03.27-20.43.53:508][303]LogActorComponent: UnregisterComponent: (/Engine/Transient.CharMoveComp) Not registered. Aborting.
[2015.03.27-20.43.53:533][303]BlueprintEditorCompileResults: Info [0368.84] Compile of RunnerCharacter successful! [in 186 ms]
[2015.03.27-20.43.53:533][303]BlueprintLog: New page: Compile RunnerCharacter
[2015.03.27-20.43.53:631][303]BlueprintEditorCompileResults: Info [0368.94] Compile of RunnerCharacter successful! [in 97 ms]
[2015.03.27-20.43.53:727][306]BlueprintLog: New page: Compile RunnerCharacter
[2015.03.27-20.43.53:846][306]BlueprintEditorCompileResults: Info [0369.15] Compile of RunnerCharacter successful! [in 118 ms]
[2015.03.27-20.43.53:846][306]BlueprintLog: New page: Compile RunnerCharacter
[2015.03.27-20.43.53:941][306]BlueprintEditorCompileResults: Info [0369.25] Compile of RunnerCharacter successful! [in 94 ms]
[2015.03.27-20.43.54:155][312]BlueprintLog: New page: Compile RunnerCharacter
[2015.03.27-20.43.54:337][312]BlueprintEditorCompileResults: Info [0369.65] Compile of RunnerCharacter successful! [in 182 ms]
[2015.03.27-20.43.59:879][376]BlueprintLog: New page: Pre-PIE auto-recompile
[2015.03.27-20.43.59:882][376]LogPlayLevel: [PIE] Compiling PuzzleExampleMap before PIE...
[2015.03.27-20.43.59:998][376]LogBlueprint:Warning: [compiler] Warning Node  Unknown  is not referencing a valid level actor
[2015.03.27-20.43.59:999][376]LogBlueprint:Warning: [compiler] Warning [0375.31] Compile of PuzzleExampleMap successful, but with 1 Warning(s) [in 115 ms]
[2015.03.27-20.43.59:999][376]LogBlueprint:Warning: [compiler] Warning [0375.31] Compile of PuzzleExampleMap successful, but with 2 Warning(s) [in 0 ms]
[2015.03.27-20.44.00:024][376]LogBlueprint:Warning: [compiler] Warning [0375.33] Compile of PuzzleExampleMap successful, but with 3 Warning(s) [in 24 ms]
[2015.03.27-20.44.00:029][376]LogBlueprint:Warning: [compiler] Warning [0375.34] Compile of PuzzleExampleMap successful, but with 4 Warning(s) [in 3 ms]
[2015.03.27-20.44.00:029][376]LogBlueprint:Warning: [compiler] Warning [0375.34] Compile of PuzzleExampleMap successful, but with 5 Warning(s) [in 0 ms]
[2015.03.27-20.44.00:029][376]LogBlueprint:Warning: [compiler] Warning [0375.34] Compile of PuzzleExampleMap successful, but with 6 Warning(s) [in 0 ms]
[2015.03.27-20.44.00:029][376]LogActorComponent: UnregisterComponent: (/Engine/Transient.CharMoveComp) Not registered. Aborting.
[2015.03.27-20.44.00:056][376]LogPlayLevel: PIE:  Blueprint regeneration took 177 ms (1 blueprints)
[2015.03.27-20.44.00:057][376]PIE: New page: SIE session: PuzzleExampleMap (Mar 27, 2015, 10:44:00 AM)
[2015.03.27-20.44.00:081][376]LogPlayLevel: PIE: StaticDuplicateObject took: (0.024496s)
[2015.03.27-20.44.00:082][376]LogPlayLevel: PIE: World Init took: (0.000561s)
[2015.03.27-20.44.00:082][376]LogPlayLevel: PIE: Created PIE world by copying editor world from /Game/PuzzleBP/Maps/PuzzleExampleMap.PuzzleExampleMap to /Game/PuzzleBP/Maps/UEDPIE_0_PuzzleExampleMap.PuzzleExampleMap (0.025213s)
[2015.03.27-20.44.00:108][376]LogSelection:Warning: PIE object was selected: "RunnerCharacter_C /Game/PuzzleBP/Maps/UEDPIE_0_PuzzleExampleMap.PuzzleExampleMap:PersistentLevel.RunnerCharacter_C_1"
[2015.03.27-20.44.00:150][376]LogWorld: Game class is 'RunnerGameMode_C'
[2015.03.27-20.44.00:152][376]LogAIModule: Creating AISystem for world PuzzleExampleMap
[2015.03.27-20.44.00:160][376]LogWorld: Bringing World /Game/PuzzleBP/Maps/UEDPIE_0_PuzzleExampleMap.PuzzleExampleMap up for play (max tick rate 60) at 2015.03.27-15.44.00
[2015.03.27-20.44.00:162][376]LogWorld: Bringing up level for play took: 0.008934
[2015.03.27-20.44.00:163][376]LogPawn:Error: EnableInput can only be specified on a Pawn for its Controller
[2015.03.27-20.44.00:163][376]PIE: Info Play in editor start time for /Game/PuzzleBP/Maps/UEDPIE_0_PuzzleExampleMap 1.257
[2015.03.27-20.44.00:219][376]LogSelection:Warning: PIE object was selected: "RunnerCharacter_C /Game/PuzzleBP/Maps/UEDPIE_0_PuzzleExampleMap.PuzzleExampleMap:PersistentLevel.RunnerCharacter_C_1"
[2015.03.27-20.44.14:533][596]LogParticles: Destroying 0 GPU particle simulations for FXSystem 0x0000000012F3AFC0
[2015.03.27-20.44.56:933][ 71]BlueprintLog: New page: Compile RunnerCharacter
[2015.03.27-20.44.57:221][ 71]Cmd: OBJ SAVEPACKAGE PACKAGE="/Game/Blueprints/RunnerCharacter" FILE="../../../../../../Users/Jeremy Martin/Documents/GitHub/turbo-archer/ENPo/Content/Blueprints/RunnerCharacter.uasset" SILENT=true
[2015.03.27-20.44.57:656][ 71]LogSavePackage: Save=407.190826ms
[2015.03.27-20.44.57:656][ 71]LogSavePackage: Moving '../../../../../../Users/Jeremy Martin/Documents/GitHub/turbo-archer/ENPo/Saved/RunnerCharacter445BA225412761A534681282BFE935DB.tmp' to '../../../../../../Users/Jeremy Martin/Documents/GitHub/turbo-archer/ENPo/Content/Blueprints/RunnerCharacter.uasset'
[2015.03.27-20.44.57:662][ 71]BlueprintEditorCompileResults: Info [0432.97] Compile of RunnerCharacter successful! [in 728 ms]
[2015.03.27-20.45.00:236][ 99]LogActorComponent: UnregisterComponent: (/Engine/Transient.CharMoveComp) Not registered. Aborting.
[2015.03.27-20.45.00:342][ 99]LogBlueprint:Warning: [compiler] Warning Node  Unknown  is not referencing a valid level actor
[2015.03.27-20.45.00:343][ 99]LogBlueprint:Warning: [compiler] Warning [0435.65] Compile of PuzzleExampleMap successful, but with 1 Warning(s) [in 6 ms]
[2015.03.27-20.45.00:343][ 99]LogBlueprint:Warning: [compiler] Warning [0435.65] Compile of PuzzleExampleMap successful, but with 2 Warning(s) [in 0 ms]
[2015.03.27-20.45.00:367][ 99]LogBlueprint:Warning: [compiler] Warning [0435.67] Compile of PuzzleExampleMap successful, but with 3 Warning(s) [in 23 ms]
[2015.03.27-20.45.00:369][ 99]LogBlueprint:Warning: [compiler] Warning [0435.68] Compile of PuzzleExampleMap successful, but with 4 Warning(s) [in 2 ms]
[2015.03.27-20.45.00:369][ 99]LogBlueprint:Warning: [compiler] Warning [0435.68] Compile of PuzzleExampleMap successful, but with 5 Warning(s) [in 0 ms]
[2015.03.27-20.45.00:370][ 99]LogBlueprint:Warning: [compiler] Warning [0435.68] Compile of PuzzleExampleMap successful, but with 6 Warning(s) [in 0 ms]
[2015.03.27-20.45.00:613][ 99]LogSavePackage: Save=276.683868ms
[2015.03.27-20.45.00:613][ 99]LogSavePackage: Moving '../../../../../../Users/Jeremy Martin/Documents/GitHub/turbo-archer/ENPo/Saved/PuzzleExampleMapF78338444487CD65264B7DBC74193C53.tmp' to '../../../../../../Users/Jeremy Martin/Documents/GitHub/turbo-archer/ENPo/Content/PuzzleBP/Maps/PuzzleExampleMap.umap'
[2015.03.27-20.45.03:211][123]BlueprintLog: New page: Pre-PIE auto-recompile
[2015.03.27-20.45.03:214][123]LogPlayLevel: [PIE] Compiling PuzzleExampleMap before PIE...
[2015.03.27-20.45.03:331][123]LogBlueprint:Warning: [compiler] Warning Node  Unknown  is not referencing a valid level actor
[2015.03.27-20.45.03:332][123]LogBlueprint:Warning: [compiler] Warning [0438.64] Compile of PuzzleExampleMap successful, but with 1 Warning(s) [in 116 ms]
[2015.03.27-20.45.03:332][123]LogBlueprint:Warning: [compiler] Warning [0438.64] Compile of PuzzleExampleMap successful, but with 2 Warning(s) [in 0 ms]
[2015.03.27-20.45.03:357][123]LogBlueprint:Warning: [compiler] Warning [0438.66] Compile of PuzzleExampleMap successful, but with 3 Warning(s) [in 24 ms]
[2015.03.27-20.45.03:359][123]LogBlueprint:Warning: [compiler] Warning [0438.66] Compile of PuzzleExampleMap successful, but with 4 Warning(s) [in 2 ms]
[2015.03.27-20.45.03:359][123]LogBlueprint:Warning: [compiler] Warning [0438.66] Compile of PuzzleExampleMap successful, but with 5 Warning(s) [in 0 ms]
[2015.03.27-20.45.03:360][123]LogBlueprint:Warning: [compiler] Warning [0438.66] Compile of PuzzleExampleMap successful, but with 6 Warning(s) [in 0 ms]
[2015.03.27-20.45.03:386][123]LogPlayLevel: PIE:  Blueprint regeneration took 174 ms (1 blueprints)
[2015.03.27-20.45.03:386][123]PIE: New page: SIE session: PuzzleExampleMap (Mar 27, 2015, 10:45:03 AM)
[2015.03.27-20.45.03:410][123]LogPlayLevel: PIE: StaticDuplicateObject took: (0.023516s)
[2015.03.27-20.45.03:411][123]LogPlayLevel: PIE: World Init took: (0.000819s)
[2015.03.27-20.45.03:411][123]LogPlayLevel: PIE: Created PIE world by copying editor world from /Game/PuzzleBP/Maps/PuzzleExampleMap.PuzzleExampleMap to /Game/PuzzleBP/Maps/UEDPIE_0_PuzzleExampleMap.PuzzleExampleMap (0.024700s)
[2015.03.27-20.45.03:438][123]LogSelection:Warning: PIE object was selected: "RunnerCharacter_C /Game/PuzzleBP/Maps/UEDPIE_0_PuzzleExampleMap.PuzzleExampleMap:PersistentLevel.RunnerCharacter_C_1"
[2015.03.27-20.45.03:480][123]LogWorld: Game class is 'RunnerGameMode_C'
[2015.03.27-20.45.03:482][123]LogAIModule: Creating AISystem for world PuzzleExampleMap
[2015.03.27-20.45.03:489][123]LogWorld: Bringing World /Game/PuzzleBP/Maps/UEDPIE_0_PuzzleExampleMap.PuzzleExampleMap up for play (max tick rate 60) at 2015.03.27-15.45.03
[2015.03.27-20.45.03:491][123]LogWorld: Bringing up level for play took: 0.008723
[2015.03.27-20.45.03:492][123]LogPawn:Error: EnableInput can only be specified on a Pawn for its Controller
[2015.03.27-20.45.03:493][123]PIE: Info Play in editor start time for /Game/PuzzleBP/Maps/UEDPIE_0_PuzzleExampleMap 0.582
[2015.03.27-20.45.03:548][123]LogSelection:Warning: PIE object was selected: "RunnerCharacter_C /Game/PuzzleBP/Maps/UEDPIE_0_PuzzleExampleMap.PuzzleExampleMap:PersistentLevel.RunnerCharacter_C_1"
[2015.03.27-20.45.59:671][908]LogParticles: Destroying 0 GPU particle simulations for FXSystem 0x000000001E3DA700
[2015.03.27-20.47.05:755][565]LogBlueprint:Warning: [compiler] Warning Node  Unknown  is not referencing a valid level actor
[2015.03.27-20.47.05:756][565]LogBlueprint:Warning: [compiler] Warning [0561.05] Compile of PuzzleExampleMap successful, but with 1 Warning(s) [in 7 ms]
[2015.03.27-20.47.05:756][565]LogBlueprint:Warning: [compiler] Warning [0561.05] Compile of PuzzleExampleMap successful, but with 2 Warning(s) [in 0 ms]
[2015.03.27-20.47.05:786][565]LogBlueprint:Warning: [compiler] Warning [0561.08] Compile of PuzzleExampleMap successful, but with 3 Warning(s) [in 29 ms]
[2015.03.27-20.47.05:790][565]LogBlueprint:Warning: [compiler] Warning [0561.09] Compile of PuzzleExampleMap successful, but with 4 Warning(s) [in 3 ms]
[2015.03.27-20.47.05:790][565]LogBlueprint:Warning: [compiler] Warning [0561.09] Compile of PuzzleExampleMap successful, but with 5 Warning(s) [in 0 ms]
[2015.03.27-20.47.05:790][565]LogBlueprint:Warning: [compiler] Warning [0561.09] Compile of PuzzleExampleMap successful, but with 6 Warning(s) [in 0 ms]
[2015.03.27-20.47.05:896][565]LogSavePackage: Save=148.846756ms
[2015.03.27-20.47.05:896][565]LogSavePackage: Moving '../../../../../../Users/Jeremy Martin/Documents/GitHub/turbo-archer/ENPo/Saved/PuzzleExampleMap5B089A464179BB3647A74DA332CFBDF8.tmp' to '../../../../../../Users/Jeremy Martin/Documents/GitHub/turbo-archer/ENPo/Content/PuzzleBP/Maps/PuzzleExampleMap.umap'
[2015.03.27-21.02.41:502][344]BlueprintLog: New page: Pre-PIE auto-recompile
[2015.03.27-21.02.41:506][344]LogPlayLevel: [PIE] Compiling PuzzleExampleMap before PIE...
[2015.03.27-21.02.41:564][344]LogBlueprint:Warning: [compiler] Warning Node  Unknown  is not referencing a valid level actor
[2015.03.27-21.02.41:567][344]LogBlueprint:Warning: [compiler] Warning [1496.81] Compile of PuzzleExampleMap successful, but with 1 Warning(s) [in 59 ms]
[2015.03.27-21.02.41:569][344]LogBlueprint:Warning: [compiler] Warning [1496.81] Compile of PuzzleExampleMap successful, but with 2 Warning(s) [in 0 ms]
[2015.03.27-21.02.41:611][344]LogBlueprint:Warning: [compiler] Warning [1496.85] Compile of PuzzleExampleMap successful, but with 3 Warning(s) [in 41 ms]
[2015.03.27-21.02.41:613][344]LogBlueprint:Warning: [compiler] Warning [1496.86] Compile of PuzzleExampleMap successful, but with 4 Warning(s) [in 2 ms]
[2015.03.27-21.02.41:613][344]LogBlueprint:Warning: [compiler] Warning [1496.86] Compile of PuzzleExampleMap successful, but with 5 Warning(s) [in 0 ms]
[2015.03.27-21.02.41:613][344]LogBlueprint:Warning: [compiler] Warning [1496.86] Compile of PuzzleExampleMap successful, but with 6 Warning(s) [in 0 ms]
[2015.03.27-21.02.41:615][344]LogActorComponent: UnregisterComponent: (/Engine/Transient.CharMoveComp) Not registered. Aborting.
[2015.03.27-21.02.41:615][344]LogActorComponent: UnregisterComponent: (/Engine/Transient.MovementComponent0) Not registered. Aborting.
[2015.03.27-21.02.41:634][344]LogPlayLevel: PIE:  Blueprint regeneration took 132 ms (1 blueprints)
[2015.03.27-21.02.41:634][344]PIE: New page: SIE session: PuzzleExampleMap (Mar 27, 2015, 11:02:41 AM)
[2015.03.27-21.02.41:719][344]LogPlayLevel: PIE: StaticDuplicateObject took: (0.084237s)
[2015.03.27-21.02.41:720][344]LogPlayLevel: PIE: World Init took: (0.000564s)
[2015.03.27-21.02.41:720][344]LogPlayLevel: PIE: Created PIE world by copying editor world from /Game/PuzzleBP/Maps/PuzzleExampleMap.PuzzleExampleMap to /Game/PuzzleBP/Maps/UEDPIE_0_PuzzleExampleMap.PuzzleExampleMap (0.084950s)
[2015.03.27-21.02.41:720][344]LogSelection:Warning: PIE object was selected: "Brush /Game/PuzzleBP/Maps/UEDPIE_0_PuzzleExampleMap.PuzzleExampleMap:PersistentLevel.BoxBrush28"
[2015.03.27-21.02.41:759][344]LogWorld: Game class is 'RunnerGameMode_C'
[2015.03.27-21.02.41:761][344]LogAIModule: Creating AISystem for world PuzzleExampleMap
[2015.03.27-21.02.41:768][344]LogWorld: Bringing World /Game/PuzzleBP/Maps/UEDPIE_0_PuzzleExampleMap.PuzzleExampleMap up for play (max tick rate 60) at 2015.03.27-16.02.41
[2015.03.27-21.02.41:770][344]LogWorld: Bringing up level for play took: 0.008666
[2015.03.27-21.02.41:771][344]LogPawn:Error: EnableInput can only be specified on a Pawn for its Controller
[2015.03.27-21.02.41:772][344]PIE: Info Play in editor start time for /Game/PuzzleBP/Maps/UEDPIE_0_PuzzleExampleMap 0.798
[2015.03.27-21.02.41:783][344]LogSelection:Warning: PIE object was selected: "Brush /Game/PuzzleBP/Maps/UEDPIE_0_PuzzleExampleMap.PuzzleExampleMap:PersistentLevel.BoxBrush28"
[2015.03.27-21.06.04:464][499]LogParticles: Destroying 0 GPU particle simulations for FXSystem 0x000000002B239440
[2015.03.27-21.06.22:544][757]LogEditorViewport: Clicking on Actor (LMB): RunnerCharacter_C (RunnerCharacter)
[2015.03.27-21.08.08:729][ 73]LogBlueprint:Warning: [compiler] Warning Node  Unknown  is not referencing a valid level actor
[2015.03.27-21.08.08:729][ 73]LogBlueprint:Warning: [compiler] Warning [1823.95] Compile of PuzzleExampleMap successful, but with 1 Warning(s) [in 6 ms]
[2015.03.27-21.08.08:730][ 73]LogBlueprint:Warning: [compiler] Warning [1823.95] Compile of PuzzleExampleMap successful, but with 2 Warning(s) [in 0 ms]
[2015.03.27-21.08.08:754][ 73]LogBlueprint:Warning: [compiler] Warning [1823.98] Compile of PuzzleExampleMap successful, but with 3 Warning(s) [in 24 ms]
[2015.03.27-21.08.08:757][ 73]LogBlueprint:Warning: [compiler] Warning [1823.98] Compile of PuzzleExampleMap successful, but with 4 Warning(s) [in 3 ms]
[2015.03.27-21.08.08:757][ 73]LogBlueprint:Warning: [compiler] Warning [1823.98] Compile of PuzzleExampleMap successful, but with 5 Warning(s) [in 0 ms]
[2015.03.27-21.08.08:758][ 73]LogBlueprint:Warning: [compiler] Warning [1823.98] Compile of PuzzleExampleMap successful, but with 6 Warning(s) [in 0 ms]
[2015.03.27-21.08.08:862][ 73]LogSavePackage: Save=141.194153ms
[2015.03.27-21.08.08:862][ 73]LogSavePackage: Moving '../../../../../../Users/Jeremy Martin/Documents/GitHub/turbo-archer/ENPo/Saved/UEDPCPuzzleExampleMap1BE755D3444743DE35F821A81BABA683.tmp' to '../../../../../../Users/Jeremy Martin/Documents/GitHub/turbo-archer/ENPo/Saved/Autosaves/Game/PuzzleBP/Maps/UEDPCPuzzleExampleMap.umap'
[2015.03.27-21.09.22:816][465]BlueprintLog: New page: Pre-PIE auto-recompile
[2015.03.27-21.09.22:824][465]LogPlayLevel: [PIE] Compiling PuzzleExampleMap before PIE...
[2015.03.27-21.09.22:834][465]LogBlueprint:Warning: [compiler] Warning Node  Unknown  is not referencing a valid level actor
[2015.03.27-21.09.22:835][465]LogBlueprint:Warning: [compiler] Warning [1898.05] Compile of PuzzleExampleMap successful, but with 1 Warning(s) [in 9 ms]
[2015.03.27-21.09.22:836][465]LogBlueprint:Warning: [compiler] Warning [1898.05] Compile of PuzzleExampleMap successful, but with 2 Warning(s) [in 0 ms]
[2015.03.27-21.09.22:868][465]LogBlueprint:Warning: [compiler] Warning [1898.09] Compile of PuzzleExampleMap successful, but with 3 Warning(s) [in 31 ms]
[2015.03.27-21.09.22:873][465]LogBlueprint:Warning: [compiler] Warning [1898.09] Compile of PuzzleExampleMap successful, but with 4 Warning(s) [in 4 ms]
[2015.03.27-21.09.22:873][465]LogBlueprint:Warning: [compiler] Warning [1898.09] Compile of PuzzleExampleMap successful, but with 5 Warning(s) [in 0 ms]
[2015.03.27-21.09.22:873][465]LogBlueprint:Warning: [compiler] Warning [1898.09] Compile of PuzzleExampleMap successful, but with 6 Warning(s) [in 0 ms]
[2015.03.27-21.09.22:894][465]LogPlayLevel: PIE:  Blueprint regeneration took 77 ms (1 blueprints)
[2015.03.27-21.09.22:894][465]PIE: New page: SIE session: PuzzleExampleMap (Mar 27, 2015, 11:09:22 AM)
[2015.03.27-21.09.22:914][465]LogPlayLevel: PIE: StaticDuplicateObject took: (0.020268s)
[2015.03.27-21.09.22:915][465]LogPlayLevel: PIE: World Init took: (0.000536s)
[2015.03.27-21.09.22:915][465]LogPlayLevel: PIE: Created PIE world by copying editor world from /Game/PuzzleBP/Maps/PuzzleExampleMap.PuzzleExampleMap to /Game/PuzzleBP/Maps/UEDPIE_0_PuzzleExampleMap.PuzzleExampleMap (0.020960s)
[2015.03.27-21.09.22:941][465]LogSelection:Warning: PIE object was selected: "RunnerCharacter_C /Game/PuzzleBP/Maps/UEDPIE_0_PuzzleExampleMap.PuzzleExampleMap:PersistentLevel.RunnerCharacter_C_1"
[2015.03.27-21.09.22:984][465]LogWorld: Game class is 'RunnerGameMode_C'
[2015.03.27-21.09.22:986][465]LogAIModule: Creating AISystem for world PuzzleExampleMap
[2015.03.27-21.09.22:993][465]LogWorld: Bringing World /Game/PuzzleBP/Maps/UEDPIE_0_PuzzleExampleMap.PuzzleExampleMap up for play (max tick rate 0) at 2015.03.27-16.09.22
[2015.03.27-21.09.22:996][465]LogWorld: Bringing up level for play took: 0.008726
[2015.03.27-21.09.22:997][465]LogPawn:Error: EnableInput can only be specified on a Pawn for its Controller
[2015.03.27-21.09.22:997][465]PIE: Info Play in editor start time for /Game/PuzzleBP/Maps/UEDPIE_0_PuzzleExampleMap -0.001
[2015.03.27-21.09.23:053][465]LogSelection:Warning: PIE object was selected: "RunnerCharacter_C /Game/PuzzleBP/Maps/UEDPIE_0_PuzzleExampleMap.PuzzleExampleMap:PersistentLevel.RunnerCharacter_C_1"
[2015.03.27-21.09.32:810][667]LogSelection:Warning: PIE object was selected: "RunnerCharacter_C /Game/PuzzleBP/Maps/UEDPIE_0_PuzzleExampleMap.PuzzleExampleMap:PersistentLevel.RunnerCharacter_C_1"
[2015.03.27-21.09.40:637][778]LogParticles: Destroying 0 GPU particle simulations for FXSystem 0x000000001F8B4900
[2015.03.27-21.10.49:542][232]BlueprintLog: New page: Pre-PIE auto-recompile
[2015.03.27-21.10.49:545][232]LogPlayLevel: [PIE] Compiling PuzzleExampleMap before PIE...
[2015.03.27-21.10.49:553][232]LogBlueprint:Warning: [compiler] Warning Node  Unknown  is not referencing a valid level actor
[2015.03.27-21.10.49:553][232]LogBlueprint:Warning: [compiler] Warning [1984.77] Compile of PuzzleExampleMap successful, but with 1 Warning(s) [in 6 ms]
[2015.03.27-21.10.49:554][232]LogBlueprint:Warning: [compiler] Warning [1984.77] Compile of PuzzleExampleMap successful, but with 2 Warning(s) [in 0 ms]
[2015.03.27-21.10.49:580][232]LogBlueprint:Warning: [compiler] Warning [1984.79] Compile of PuzzleExampleMap successful, but with 3 Warning(s) [in 25 ms]
[2015.03.27-21.10.49:582][232]LogBlueprint:Warning: [compiler] Warning [1984.79] Compile of PuzzleExampleMap successful, but with 4 Warning(s) [in 2 ms]
[2015.03.27-21.10.49:582][232]LogBlueprint:Warning: [compiler] Warning [1984.79] Compile of PuzzleExampleMap successful, but with 5 Warning(s) [in 0 ms]
[2015.03.27-21.10.49:582][232]LogBlueprint:Warning: [compiler] Warning [1984.79] Compile of PuzzleExampleMap successful, but with 6 Warning(s) [in 0 ms]
[2015.03.27-21.10.49:598][232]LogPlayLevel: PIE:  Blueprint regeneration took 56 ms (1 blueprints)
[2015.03.27-21.10.49:599][232]PIE: New page: SIE session: PuzzleExampleMap (Mar 27, 2015, 11:10:49 AM)
[2015.03.27-21.10.49:618][232]LogPlayLevel: PIE: StaticDuplicateObject took: (0.018887s)
[2015.03.27-21.10.49:618][232]LogPlayLevel: PIE: World Init took: (0.000412s)
[2015.03.27-21.10.49:618][232]LogPlayLevel: PIE: Created PIE world by copying editor world from /Game/PuzzleBP/Maps/PuzzleExampleMap.PuzzleExampleMap to /Game/PuzzleBP/Maps/UEDPIE_0_PuzzleExampleMap.PuzzleExampleMap (0.019436s)
[2015.03.27-21.10.49:643][232]LogSelection:Warning: PIE object was selected: "RunnerCharacter_C /Game/PuzzleBP/Maps/UEDPIE_0_PuzzleExampleMap.PuzzleExampleMap:PersistentLevel.RunnerCharacter_C_1"
[2015.03.27-21.10.49:690][232]LogWorld: Game class is 'RunnerGameMode_C'
[2015.03.27-21.10.49:692][232]LogAIModule: Creating AISystem for world PuzzleExampleMap
[2015.03.27-21.10.49:698][232]LogWorld: Bringing World /Game/PuzzleBP/Maps/UEDPIE_0_PuzzleExampleMap.PuzzleExampleMap up for play (max tick rate 0) at 2015.03.27-16.10.49
[2015.03.27-21.10.49:701][232]LogWorld: Bringing up level for play took: 0.008559
[2015.03.27-21.10.49:702][232]LogPawn:Error: EnableInput can only be specified on a Pawn for its Controller
[2015.03.27-21.10.49:702][232]PIE: Info Play in editor start time for /Game/PuzzleBP/Maps/UEDPIE_0_PuzzleExampleMap 0.699
[2015.03.27-21.10.49:795][232]LogSelection:Warning: PIE object was selected: "RunnerCharacter_C /Game/PuzzleBP/Maps/UEDPIE_0_PuzzleExampleMap.PuzzleExampleMap:PersistentLevel.RunnerCharacter_C_1"
[2015.03.27-21.10.52:816][273]LogParticles: Destroying 0 GPU particle simulations for FXSystem 0x000000000E43C0E0
[2015.03.27-21.11.05:718][113]BlueprintLog: New page: Pre-PIE auto-recompile
[2015.03.27-21.11.05:722][113]LogPlayLevel: [PIE] Compiling PuzzleExampleMap before PIE...
[2015.03.27-21.11.05:729][113]LogBlueprint:Warning: [compiler] Warning Node  Unknown  is not referencing a valid level actor
[2015.03.27-21.11.05:730][113]LogBlueprint:Warning: [compiler] Warning [2000.94] Compile of PuzzleExampleMap successful, but with 1 Warning(s) [in 7 ms]
[2015.03.27-21.11.05:731][113]LogBlueprint:Warning: [compiler] Warning [2000.94] Compile of PuzzleExampleMap successful, but with 2 Warning(s) [in 0 ms]
[2015.03.27-21.11.05:760][113]LogBlueprint:Warning: [compiler] Warning [2000.97] Compile of PuzzleExampleMap successful, but with 3 Warning(s) [in 28 ms]
[2015.03.27-21.11.05:762][113]LogBlueprint:Warning: [compiler] Warning [2000.97] Compile of PuzzleExampleMap successful, but with 4 Warning(s) [in 2 ms]
[2015.03.27-21.11.05:762][113]LogBlueprint:Warning: [compiler] Warning [2000.97] Compile of PuzzleExampleMap successful, but with 5 Warning(s) [in 0 ms]
[2015.03.27-21.11.05:762][113]LogBlueprint:Warning: [compiler] Warning [2000.97] Compile of PuzzleExampleMap successful, but with 6 Warning(s) [in 0 ms]
[2015.03.27-21.11.05:778][113]LogPlayLevel: PIE:  Blueprint regeneration took 59 ms (1 blueprints)
[2015.03.27-21.11.05:778][113]PIE: New page: SIE session: PuzzleExampleMap (Mar 27, 2015, 11:11:05 AM)
[2015.03.27-21.11.05:798][113]LogPlayLevel: PIE: StaticDuplicateObject took: (0.019003s)
[2015.03.27-21.11.05:798][113]LogPlayLevel: PIE: World Init took: (0.000430s)
[2015.03.27-21.11.05:798][113]LogPlayLevel: PIE: Created PIE world by copying editor world from /Game/PuzzleBP/Maps/PuzzleExampleMap.PuzzleExampleMap to /Game/PuzzleBP/Maps/UEDPIE_0_PuzzleExampleMap.PuzzleExampleMap (0.019572s)
[2015.03.27-21.11.05:828][113]LogSelection:Warning: PIE object was selected: "RunnerCharacter_C /Game/PuzzleBP/Maps/UEDPIE_0_PuzzleExampleMap.PuzzleExampleMap:PersistentLevel.RunnerCharacter_C_1"
[2015.03.27-21.11.05:863][113]LogWorld: Game class is 'RunnerGameMode_C'
[2015.03.27-21.11.05:865][113]LogAIModule: Creating AISystem for world PuzzleExampleMap
[2015.03.27-21.11.05:873][113]LogWorld: Bringing World /Game/PuzzleBP/Maps/UEDPIE_0_PuzzleExampleMap.PuzzleExampleMap up for play (max tick rate 0) at 2015.03.27-16.11.05
[2015.03.27-21.11.05:875][113]LogWorld: Bringing up level for play took: 0.008597
[2015.03.27-21.11.05:876][113]LogPawn:Error: EnableInput can only be specified on a Pawn for its Controller
[2015.03.27-21.11.05:876][113]PIE: Info Play in editor start time for /Game/PuzzleBP/Maps/UEDPIE_0_PuzzleExampleMap 0.872
[2015.03.27-21.11.05:974][113]LogSelection:Warning: PIE object was selected: "RunnerCharacter_C /Game/PuzzleBP/Maps/UEDPIE_0_PuzzleExampleMap.PuzzleExampleMap:PersistentLevel.RunnerCharacter_C_1"
[2015.03.27-21.11.07:819][136]LogParticles: Destroying 0 GPU particle simulations for FXSystem 0x000000000E43D300
[2015.03.27-21.11.17:252][522]BlueprintLog: New page: Pre-PIE auto-recompile
[2015.03.27-21.11.17:255][522]LogPlayLevel: [PIE] Compiling PuzzleExampleMap before PIE...
[2015.03.27-21.11.17:263][522]LogBlueprint:Warning: [compiler] Warning Node  Unknown  is not referencing a valid level actor
[2015.03.27-21.11.17:263][522]LogBlueprint:Warning: [compiler] Warning [2012.47] Compile of PuzzleExampleMap successful, but with 1 Warning(s) [in 7 ms]
[2015.03.27-21.11.17:264][522]LogBlueprint:Warning: [compiler] Warning [2012.47] Compile of PuzzleExampleMap successful, but with 2 Warning(s) [in 0 ms]
[2015.03.27-21.11.17:289][522]LogBlueprint:Warning: [compiler] Warning [2012.50] Compile of PuzzleExampleMap successful, but with 3 Warning(s) [in 24 ms]
[2015.03.27-21.11.17:292][522]LogBlueprint:Warning: [compiler] Warning [2012.50] Compile of PuzzleExampleMap successful, but with 4 Warning(s) [in 2 ms]
[2015.03.27-21.11.17:292][522]LogBlueprint:Warning: [compiler] Warning [2012.50] Compile of PuzzleExampleMap successful, but with 5 Warning(s) [in 0 ms]
[2015.03.27-21.11.17:292][522]LogBlueprint:Warning: [compiler] Warning [2012.50] Compile of PuzzleExampleMap successful, but with 6 Warning(s) [in 0 ms]
[2015.03.27-21.11.17:309][522]LogPlayLevel: PIE:  Blueprint regeneration took 57 ms (1 blueprints)
[2015.03.27-21.11.17:309][522]PIE: New page: SIE session: PuzzleExampleMap (Mar 27, 2015, 11:11:17 AM)
[2015.03.27-21.11.17:328][522]LogPlayLevel: PIE: StaticDuplicateObject took: (0.018776s)
[2015.03.27-21.11.17:329][522]LogPlayLevel: PIE: World Init took: (0.000511s)
[2015.03.27-21.11.17:329][522]LogPlayLevel: PIE: Created PIE world by copying editor world from /Game/PuzzleBP/Maps/PuzzleExampleMap.PuzzleExampleMap to /Game/PuzzleBP/Maps/UEDPIE_0_PuzzleExampleMap.PuzzleExampleMap (0.019507s)
[2015.03.27-21.11.17:356][522]LogSelection:Warning: PIE object was selected: "RunnerCharacter_C /Game/PuzzleBP/Maps/UEDPIE_0_PuzzleExampleMap.PuzzleExampleMap:PersistentLevel.RunnerCharacter_C_1"
[2015.03.27-21.11.17:417][522]LogWorld: Game class is 'RunnerGameMode_C'
[2015.03.27-21.11.17:422][522]LogAIModule: Creating AISystem for world PuzzleExampleMap
[2015.03.27-21.11.17:433][522]LogWorld: Bringing World /Game/PuzzleBP/Maps/UEDPIE_0_PuzzleExampleMap.PuzzleExampleMap up for play (max tick rate 0) at 2015.03.27-16.11.17
[2015.03.27-21.11.17:435][522]LogWorld: Bringing up level for play took: 0.011587
[2015.03.27-21.11.17:436][522]LogPawn:Error: EnableInput can only be specified on a Pawn for its Controller
[2015.03.27-21.11.17:436][522]PIE: Info Play in editor start time for /Game/PuzzleBP/Maps/UEDPIE_0_PuzzleExampleMap 0.431
[2015.03.27-21.11.17:528][522]LogSelection:Warning: PIE object was selected: "RunnerCharacter_C /Game/PuzzleBP/Maps/UEDPIE_0_PuzzleExampleMap.PuzzleExampleMap:PersistentLevel.RunnerCharacter_C_1"
[2015.03.27-21.11.19:427][547]LogParticles: Destroying 0 GPU particle simulations for FXSystem 0x000000000E43D760
[2015.03.27-21.11.26:607][943]BlueprintLog: New page: Pre-PIE auto-recompile
[2015.03.27-21.11.26:613][943]LogPlayLevel: [PIE] Compiling PuzzleExampleMap before PIE...
[2015.03.27-21.11.26:685][943]LogBlueprint:Warning: [compiler] Warning Node  Unknown  is not referencing a valid level actor
[2015.03.27-21.11.26:685][943]LogBlueprint:Warning: [compiler] Warning [2021.90] Compile of PuzzleExampleMap successful, but with 1 Warning(s) [in 70 ms]
[2015.03.27-21.11.26:686][943]LogBlueprint:Warning: [compiler] Warning [2021.90] Compile of PuzzleExampleMap successful, but with 2 Warning(s) [in 0 ms]
[2015.03.27-21.11.26:710][943]LogBlueprint:Warning: [compiler] Warning [2021.92] Compile of PuzzleExampleMap successful, but with 3 Warning(s) [in 24 ms]
[2015.03.27-21.11.26:713][943]LogBlueprint:Warning: [compiler] Warning [2021.92] Compile of PuzzleExampleMap successful, but with 4 Warning(s) [in 2 ms]
[2015.03.27-21.11.26:713][943]LogBlueprint:Warning: [compiler] Warning [2021.92] Compile of PuzzleExampleMap successful, but with 5 Warning(s) [in 0 ms]
[2015.03.27-21.11.26:713][943]LogBlueprint:Warning: [compiler] Warning [2021.92] Compile of PuzzleExampleMap successful, but with 6 Warning(s) [in 0 ms]
[2015.03.27-21.11.26:731][943]LogPlayLevel: PIE:  Blueprint regeneration took 123 ms (1 blueprints)
[2015.03.27-21.11.26:731][943]PIE: New page: SIE session: PuzzleExampleMap (Mar 27, 2015, 11:11:26 AM)
[2015.03.27-21.11.26:750][943]LogPlayLevel: PIE: StaticDuplicateObject took: (0.019196s)
[2015.03.27-21.11.26:751][943]LogPlayLevel: PIE: World Init took: (0.000472s)
[2015.03.27-21.11.26:751][943]LogPlayLevel: PIE: Created PIE world by copying editor world from /Game/PuzzleBP/Maps/PuzzleExampleMap.PuzzleExampleMap to /Game/PuzzleBP/Maps/UEDPIE_0_PuzzleExampleMap.PuzzleExampleMap (0.019830s)
[2015.03.27-21.11.26:780][943]LogSelection:Warning: PIE object was selected: "RunnerCharacter_C /Game/PuzzleBP/Maps/UEDPIE_0_PuzzleExampleMap.PuzzleExampleMap:PersistentLevel.RunnerCharacter_C_1"
[2015.03.27-21.11.26:824][943]LogWorld: Game class is 'RunnerGameMode_C'
[2015.03.27-21.11.26:826][943]LogAIModule: Creating AISystem for world PuzzleExampleMap
[2015.03.27-21.11.26:833][943]LogWorld: Bringing World /Game/PuzzleBP/Maps/UEDPIE_0_PuzzleExampleMap.PuzzleExampleMap up for play (max tick rate 0) at 2015.03.27-16.11.26
[2015.03.27-21.11.26:835][943]LogWorld: Bringing up level for play took: 0.008532
[2015.03.27-21.11.26:837][943]LogPawn:Error: EnableInput can only be specified on a Pawn for its Controller
[2015.03.27-21.11.26:837][943]PIE: Info Play in editor start time for /Game/PuzzleBP/Maps/UEDPIE_0_PuzzleExampleMap -0.168
[2015.03.27-21.11.26:928][943]LogSelection:Warning: PIE object was selected: "RunnerCharacter_C /Game/PuzzleBP/Maps/UEDPIE_0_PuzzleExampleMap.PuzzleExampleMap:PersistentLevel.RunnerCharacter_C_1"
[2015.03.27-21.11.28:504][963]LogParticles: Destroying 0 GPU particle simulations for FXSystem 0x0000000012F3A340
[2015.03.27-21.11.41:567][434]BlueprintLog: New page: Pre-PIE auto-recompile
[2015.03.27-21.11.41:570][434]LogPlayLevel: [PIE] Compiling PuzzleExampleMap before PIE...
[2015.03.27-21.11.41:578][434]LogBlueprint:Warning: [compiler] Warning Node  Unknown  is not referencing a valid level actor
[2015.03.27-21.11.41:578][434]LogBlueprint:Warning: [compiler] Warning [2036.79] Compile of PuzzleExampleMap successful, but with 1 Warning(s) [in 6 ms]
[2015.03.27-21.11.41:579][434]LogBlueprint:Warning: [compiler] Warning [2036.79] Compile of PuzzleExampleMap successful, but with 2 Warning(s) [in 0 ms]
[2015.03.27-21.11.41:605][434]LogBlueprint:Warning: [compiler] Warning [2036.81] Compile of PuzzleExampleMap successful, but with 3 Warning(s) [in 26 ms]
[2015.03.27-21.11.41:608][434]LogBlueprint:Warning: [compiler] Warning [2036.82] Compile of PuzzleExampleMap successful, but with 4 Warning(s) [in 2 ms]
[2015.03.27-21.11.41:608][434]LogBlueprint:Warning: [compiler] Warning [2036.82] Compile of PuzzleExampleMap successful, but with 5 Warning(s) [in 0 ms]
[2015.03.27-21.11.41:608][434]LogBlueprint:Warning: [compiler] Warning [2036.82] Compile of PuzzleExampleMap successful, but with 6 Warning(s) [in 0 ms]
[2015.03.27-21.11.41:624][434]LogPlayLevel: PIE:  Blueprint regeneration took 57 ms (1 blueprints)
[2015.03.27-21.11.41:625][434]PIE: New page: SIE session: PuzzleExampleMap (Mar 27, 2015, 11:11:41 AM)
[2015.03.27-21.11.41:644][434]LogPlayLevel: PIE: StaticDuplicateObject took: (0.019049s)
[2015.03.27-21.11.41:644][434]LogPlayLevel: PIE: World Init took: (0.000496s)
[2015.03.27-21.11.41:645][434]LogPlayLevel: PIE: Created PIE world by copying editor world from /Game/PuzzleBP/Maps/PuzzleExampleMap.PuzzleExampleMap to /Game/PuzzleBP/Maps/UEDPIE_0_PuzzleExampleMap.PuzzleExampleMap (0.019727s)
[2015.03.27-21.11.41:674][434]LogSelection:Warning: PIE object was selected: "RunnerCharacter_C /Game/PuzzleBP/Maps/UEDPIE_0_PuzzleExampleMap.PuzzleExampleMap:PersistentLevel.RunnerCharacter_C_1"
[2015.03.27-21.11.41:714][434]LogWorld: Game class is 'RunnerGameMode_C'
[2015.03.27-21.11.41:717][434]LogAIModule: Creating AISystem for world PuzzleExampleMap
[2015.03.27-21.11.41:724][434]LogWorld: Bringing World /Game/PuzzleBP/Maps/UEDPIE_0_PuzzleExampleMap.PuzzleExampleMap up for play (max tick rate 0) at 2015.03.27-16.11.41
[2015.03.27-21.11.41:726][434]LogWorld: Bringing up level for play took: 0.008703
[2015.03.27-21.11.41:727][434]LogPawn:Error: EnableInput can only be specified on a Pawn for its Controller
[2015.03.27-21.11.41:727][434]PIE: Info Play in editor start time for /Game/PuzzleBP/Maps/UEDPIE_0_PuzzleExampleMap 0.721
[2015.03.27-21.11.41:828][434]LogSelection:Warning: PIE object was selected: "RunnerCharacter_C /Game/PuzzleBP/Maps/UEDPIE_0_PuzzleExampleMap.PuzzleExampleMap:PersistentLevel.RunnerCharacter_C_1"
[2015.03.27-21.11.44:835][474]LogParticles: Destroying 0 GPU particle simulations for FXSystem 0x00000000308F53A0
[2015.03.27-21.11.54:970][803]LogBlueprint:Warning: [compiler] Warning Node  Unknown  is not referencing a valid level actor
[2015.03.27-21.11.54:971][803]LogBlueprint:Warning: [compiler] Warning [2050.18] Compile of PuzzleExampleMap successful, but with 1 Warning(s) [in 6 ms]
[2015.03.27-21.11.54:972][803]LogBlueprint:Warning: [compiler] Warning [2050.18] Compile of PuzzleExampleMap successful, but with 2 Warning(s) [in 0 ms]
[2015.03.27-21.11.54:998][803]LogBlueprint:Warning: [compiler] Warning [2050.21] Compile of PuzzleExampleMap successful, but with 3 Warning(s) [in 25 ms]
[2015.03.27-21.11.55:001][803]LogBlueprint:Warning: [compiler] Warning [2050.21] Compile of PuzzleExampleMap successful, but with 4 Warning(s) [in 2 ms]
[2015.03.27-21.11.55:001][803]LogBlueprint:Warning: [compiler] Warning [2050.21] Compile of PuzzleExampleMap successful, but with 5 Warning(s) [in 0 ms]
[2015.03.27-21.11.55:001][803]LogBlueprint:Warning: [compiler] Warning [2050.21] Compile of PuzzleExampleMap successful, but with 6 Warning(s) [in 0 ms]
[2015.03.27-21.11.55:110][803]LogSavePackage: Save=147.207230ms
[2015.03.27-21.11.55:110][803]LogSavePackage: Moving '../../../../../../Users/Jeremy Martin/Documents/GitHub/turbo-archer/ENPo/Saved/PuzzleExampleMap_Auto1DEC8303849974B7795719AAB70074B2A.tmp' to '../../../../../../Users/Jeremy Martin/Documents/GitHub/turbo-archer/ENPo/Saved/Autosaves/Game/PuzzleBP/Maps/PuzzleExampleMap_Auto1.umap'
[2015.03.27-21.11.55:118][803]LogFileHelpers: Editor autosave (incl. sublevels) for '/Game/PuzzleBP/Maps/PuzzleExampleMap' took 0.328
[2015.03.27-21.11.55:118][803]LogFileHelpers: Editor autosave (incl. sublevels) for all levels took 0.328
[2015.03.27-21.16.46:643][738]LogBlueprint:Warning: [compiler] Warning Node  Unknown  is not referencing a valid level actor
[2015.03.27-21.16.46:644][738]LogBlueprint:Warning: [compiler] Warning [2341.83] Compile of PuzzleExampleMap successful, but with 1 Warning(s) [in 6 ms]
[2015.03.27-21.16.46:644][738]LogBlueprint:Warning: [compiler] Warning [2341.83] Compile of PuzzleExampleMap successful, but with 2 Warning(s) [in 0 ms]
[2015.03.27-21.16.46:668][738]LogBlueprint:Warning: [compiler] Warning [2341.86] Compile of PuzzleExampleMap successful, but with 3 Warning(s) [in 23 ms]
[2015.03.27-21.16.46:670][738]LogBlueprint:Warning: [compiler] Warning [2341.86] Compile of PuzzleExampleMap successful, but with 4 Warning(s) [in 2 ms]
[2015.03.27-21.16.46:670][738]LogBlueprint:Warning: [compiler] Warning [2341.86] Compile of PuzzleExampleMap successful, but with 5 Warning(s) [in 0 ms]
[2015.03.27-21.16.46:670][738]LogBlueprint:Warning: [compiler] Warning [2341.86] Compile of PuzzleExampleMap successful, but with 6 Warning(s) [in 0 ms]
[2015.03.27-21.16.46:773][738]LogSavePackage: Save=137.161133ms
[2015.03.27-21.16.46:773][738]LogSavePackage: Moving '../../../../../../Users/Jeremy Martin/Documents/GitHub/turbo-archer/ENPo/Saved/PuzzleExampleMap1FAE82F94AB1BF1432D68A82E625507E.tmp' to '../../../../../../Users/Jeremy Martin/Documents/GitHub/turbo-archer/ENPo/Content/PuzzleBP/Maps/PuzzleExampleMap.umap'
[2015.03.27-21.18.05:647][997]LogEditorViewport: Clicking on Actor (LMB): RunnerCharacter_C (RunnerCharacter)
[2015.03.27-21.18.06:835][ 10]LogEditorViewport: Clicking on Actor (context menu): RunnerCharacter_C (RunnerCharacter)
[2015.03.27-21.21.15:865][960]BlueprintLog: New page: Pre-PIE auto-recompile
[2015.03.27-21.21.15:869][960]LogPlayLevel: [PIE] Compiling PuzzleExampleMap before PIE...
[2015.03.27-21.21.15:949][960]LogBlueprint:Warning: [compiler] Warning Node  Unknown  is not referencing a valid level actor
[2015.03.27-21.21.15:950][960]LogBlueprint:Warning: [compiler] Warning [2611.12] Compile of PuzzleExampleMap successful, but with 1 Warning(s) [in 79 ms]
[2015.03.27-21.21.15:950][960]LogBlueprint:Warning: [compiler] Warning [2611.13] Compile of PuzzleExampleMap successful, but with 2 Warning(s) [in 0 ms]
[2015.03.27-21.21.15:982][960]LogBlueprint:Warning: [compiler] Warning [2611.16] Compile of PuzzleExampleMap successful, but with 3 Warning(s) [in 31 ms]
[2015.03.27-21.21.15:985][960]LogBlueprint:Warning: [compiler] Warning [2611.16] Compile of PuzzleExampleMap successful, but with 4 Warning(s) [in 2 ms]
[2015.03.27-21.21.15:985][960]LogBlueprint:Warning: [compiler] Warning [2611.16] Compile of PuzzleExampleMap successful, but with 5 Warning(s) [in 0 ms]
[2015.03.27-21.21.15:985][960]LogBlueprint:Warning: [compiler] Warning [2611.16] Compile of PuzzleExampleMap successful, but with 6 Warning(s) [in 0 ms]
[2015.03.27-21.21.16:004][960]LogPlayLevel: PIE:  Blueprint regeneration took 138 ms (1 blueprints)
[2015.03.27-21.21.16:004][960]PIE: New page: SIE session: PuzzleExampleMap (Mar 27, 2015, 11:21:16 AM)
[2015.03.27-21.21.16:024][960]LogPlayLevel: PIE: StaticDuplicateObject took: (0.020046s)
[2015.03.27-21.21.16:025][960]LogPlayLevel: PIE: World Init took: (0.000570s)
[2015.03.27-21.21.16:025][960]LogPlayLevel: PIE: Created PIE world by copying editor world from /Game/PuzzleBP/Maps/PuzzleExampleMap.PuzzleExampleMap to /Game/PuzzleBP/Maps/UEDPIE_0_PuzzleExampleMap.PuzzleExampleMap (0.020759s)
[2015.03.27-21.21.16:052][960]LogSelection:Warning: PIE object was selected: "RunnerCharacter_C /Game/PuzzleBP/Maps/UEDPIE_0_PuzzleExampleMap.PuzzleExampleMap:PersistentLevel.RunnerCharacter_C_1"
[2015.03.27-21.21.16:103][960]LogWorld: Game class is 'RunnerGameMode_C'
[2015.03.27-21.21.16:106][960]LogAIModule: Creating AISystem for world PuzzleExampleMap
[2015.03.27-21.21.16:114][960]LogWorld: Bringing World /Game/PuzzleBP/Maps/UEDPIE_0_PuzzleExampleMap.PuzzleExampleMap up for play (max tick rate 0) at 2015.03.27-16.21.16
[2015.03.27-21.21.16:116][960]LogWorld: Bringing up level for play took: 0.008800
[2015.03.27-21.21.16:117][960]LogPawn:Error: EnableInput can only be specified on a Pawn for its Controller
[2015.03.27-21.21.16:118][960]PIE: Info Play in editor start time for /Game/PuzzleBP/Maps/UEDPIE_0_PuzzleExampleMap 1.076
[2015.03.27-21.21.16:202][960]LogSelection:Warning: PIE object was selected: "RunnerCharacter_C /Game/PuzzleBP/Maps/UEDPIE_0_PuzzleExampleMap.PuzzleExampleMap:PersistentLevel.RunnerCharacter_C_1"
[2015.03.27-21.21.26:321][172]LogParticles: Destroying 0 GPU particle simulations for FXSystem 0x00000000175202C0
[2015.03.27-21.21.46:139][522]BlueprintLog: New page: Compile RunnerCharacter
[2015.03.27-21.21.46:367][522]Cmd: OBJ SAVEPACKAGE PACKAGE="/Game/Blueprints/RunnerCharacter" FILE="../../../../../../Users/Jeremy Martin/Documents/GitHub/turbo-archer/ENPo/Content/Blueprints/RunnerCharacter.uasset" SILENT=true
[2015.03.27-21.21.46:794][522]LogSavePackage: Save=410.368744ms
[2015.03.27-21.21.46:795][522]LogSavePackage: Moving '../../../../../../Users/Jeremy Martin/Documents/GitHub/turbo-archer/ENPo/Saved/RunnerCharacterA6ED8A3C445BAA1D1CF47FA5E1B59A8E.tmp' to '../../../../../../Users/Jeremy Martin/Documents/GitHub/turbo-archer/ENPo/Content/Blueprints/RunnerCharacter.uasset'
[2015.03.27-21.21.46:800][522]BlueprintEditorCompileResults: Info [2641.97] Compile of RunnerCharacter successful! [in 661 ms]
[2015.03.27-21.21.51:407][580]BlueprintLog: New page: Pre-PIE auto-recompile
[2015.03.27-21.21.51:411][580]LogPlayLevel: [PIE] Compiling PuzzleExampleMap before PIE...
[2015.03.27-21.21.51:483][580]LogBlueprint:Warning: [compiler] Warning Node  Unknown  is not referencing a valid level actor
[2015.03.27-21.21.51:483][580]LogBlueprint:Warning: [compiler] Warning [2646.66] Compile of PuzzleExampleMap successful, but with 1 Warning(s) [in 70 ms]
[2015.03.27-21.21.51:484][580]LogBlueprint:Warning: [compiler] Warning [2646.66] Compile of PuzzleExampleMap successful, but with 2 Warning(s) [in 0 ms]
[2015.03.27-21.21.51:510][580]LogBlueprint:Warning: [compiler] Warning [2646.68] Compile of PuzzleExampleMap successful, but with 3 Warning(s) [in 25 ms]
[2015.03.27-21.21.51:512][580]LogBlueprint:Warning: [compiler] Warning [2646.68] Compile of PuzzleExampleMap successful, but with 4 Warning(s) [in 2 ms]
[2015.03.27-21.21.51:512][580]LogBlueprint:Warning: [compiler] Warning [2646.68] Compile of PuzzleExampleMap successful, but with 5 Warning(s) [in 0 ms]
[2015.03.27-21.21.51:512][580]LogBlueprint:Warning: [compiler] Warning [2646.69] Compile of PuzzleExampleMap successful, but with 6 Warning(s) [in 0 ms]
[2015.03.27-21.21.51:513][580]LogActorComponent: UnregisterComponent: (/Engine/Transient.CharMoveComp) Not registered. Aborting.
[2015.03.27-21.21.51:529][580]LogPlayLevel: PIE:  Blueprint regeneration took 122 ms (1 blueprints)
[2015.03.27-21.21.51:530][580]PIE: New page: SIE session: PuzzleExampleMap (Mar 27, 2015, 11:21:51 AM)
[2015.03.27-21.21.51:550][580]LogPlayLevel: PIE: StaticDuplicateObject took: (0.019483s)
[2015.03.27-21.21.51:550][580]LogPlayLevel: PIE: World Init took: (0.000516s)
[2015.03.27-21.21.51:550][580]LogPlayLevel: PIE: Created PIE world by copying editor world from /Game/PuzzleBP/Maps/PuzzleExampleMap.PuzzleExampleMap to /Game/PuzzleBP/Maps/UEDPIE_0_PuzzleExampleMap.PuzzleExampleMap (0.020162s)
[2015.03.27-21.21.51:577][580]LogSelection:Warning: PIE object was selected: "RunnerCharacter_C /Game/PuzzleBP/Maps/UEDPIE_0_PuzzleExampleMap.PuzzleExampleMap:PersistentLevel.RunnerCharacter_C_1"
[2015.03.27-21.21.51:631][580]LogWorld: Game class is 'RunnerGameMode_C'
[2015.03.27-21.21.51:633][580]LogAIModule: Creating AISystem for world PuzzleExampleMap
[2015.03.27-21.21.51:640][580]LogWorld: Bringing World /Game/PuzzleBP/Maps/UEDPIE_0_PuzzleExampleMap.PuzzleExampleMap up for play (max tick rate 0) at 2015.03.27-16.21.51
[2015.03.27-21.21.51:642][580]LogWorld: Bringing up level for play took: 0.008311
[2015.03.27-21.21.51:643][580]LogPawn:Error: EnableInput can only be specified on a Pawn for its Controller
[2015.03.27-21.21.51:643][580]PIE: Info Play in editor start time for /Game/PuzzleBP/Maps/UEDPIE_0_PuzzleExampleMap 0.6
[2015.03.27-21.21.51:725][580]LogSelection:Warning: PIE object was selected: "RunnerCharacter_C /Game/PuzzleBP/Maps/UEDPIE_0_PuzzleExampleMap.PuzzleExampleMap:PersistentLevel.RunnerCharacter_C_1"
[2015.03.27-21.26.02:080][184]LogParticles: Destroying 0 GPU particle simulations for FXSystem 0x000000002A7C93A0
[2015.03.27-21.26.18:576][425]LogEditorActor: Deleted Actor: StaticMeshActor
[2015.03.27-21.26.18:611][425]LogEditorActor: Deleted 1 Actors (0.051 secs)
[2015.03.27-21.27.12:143][206]BlueprintLog: New page: Pre-PIE auto-recompile
[2015.03.27-21.27.12:146][206]LogPlayLevel: [PIE] Compiling PuzzleExampleMap before PIE...
[2015.03.27-21.27.12:154][206]LogBlueprint:Warning: [compiler] Warning Node  Unknown  is not referencing a valid level actor
[2015.03.27-21.27.12:154][206]LogBlueprint:Warning: [compiler] Warning [2967.31] Compile of PuzzleExampleMap successful, but with 1 Warning(s) [in 7 ms]
[2015.03.27-21.27.12:155][206]LogBlueprint:Warning: [compiler] Warning [2967.31] Compile of PuzzleExampleMap successful, but with 2 Warning(s) [in 0 ms]
[2015.03.27-21.27.12:186][206]LogBlueprint:Warning: [compiler] Warning [2967.34] Compile of PuzzleExampleMap successful, but with 3 Warning(s) [in 31 ms]
[2015.03.27-21.27.12:190][206]LogBlueprint:Warning: [compiler] Warning [2967.34] Compile of PuzzleExampleMap successful, but with 4 Warning(s) [in 3 ms]
[2015.03.27-21.27.12:190][206]LogBlueprint:Warning: [compiler] Warning [2967.34] Compile of PuzzleExampleMap successful, but with 5 Warning(s) [in 0 ms]
[2015.03.27-21.27.12:190][206]LogBlueprint:Warning: [compiler] Warning [2967.34] Compile of PuzzleExampleMap successful, but with 6 Warning(s) [in 0 ms]
[2015.03.27-21.27.12:205][206]LogPlayLevel: PIE:  Blueprint regeneration took 62 ms (1 blueprints)
[2015.03.27-21.27.12:205][206]PIE: New page: SIE session: PuzzleExampleMap (Mar 27, 2015, 11:27:12 AM)
[2015.03.27-21.27.12:226][206]LogPlayLevel: PIE: StaticDuplicateObject took: (0.020382s)
[2015.03.27-21.27.12:227][206]LogPlayLevel: PIE: World Init took: (0.000515s)
[2015.03.27-21.27.12:227][206]LogPlayLevel: PIE: Created PIE world by copying editor world from /Game/PuzzleBP/Maps/PuzzleExampleMap.PuzzleExampleMap to /Game/PuzzleBP/Maps/UEDPIE_0_PuzzleExampleMap.PuzzleExampleMap (0.021049s)
[2015.03.27-21.27.12:260][206]LogWorld: Game class is 'RunnerGameMode_C'
[2015.03.27-21.27.12:262][206]LogAIModule: Creating AISystem for world PuzzleExampleMap
[2015.03.27-21.27.12:269][206]LogWorld: Bringing World /Game/PuzzleBP/Maps/UEDPIE_0_PuzzleExampleMap.PuzzleExampleMap up for play (max tick rate 0) at 2015.03.27-16.27.12
[2015.03.27-21.27.12:271][206]LogWorld: Bringing up level for play took: 0.008497
[2015.03.27-21.27.12:272][206]LogPawn:Error: EnableInput can only be specified on a Pawn for its Controller
[2015.03.27-21.27.12:273][206]PIE: Info Play in editor start time for /Game/PuzzleBP/Maps/UEDPIE_0_PuzzleExampleMap -0.79
[2015.03.27-21.30.16:925][810]LogParticles: Destroying 0 GPU particle simulations for FXSystem 0x00000000253C2C00
[2015.03.27-21.31.59:057][120]LogBlueprint:Warning: [compiler] Warning Node  Unknown  is not referencing a valid level actor
[2015.03.27-21.31.59:057][120]LogBlueprint:Warning: [compiler] Warning [3254.19] Compile of PuzzleExampleMap successful, but with 1 Warning(s) [in 6 ms]
[2015.03.27-21.31.59:058][120]LogBlueprint:Warning: [compiler] Warning [3254.19] Compile of PuzzleExampleMap successful, but with 2 Warning(s) [in 0 ms]
[2015.03.27-21.31.59:088][120]LogBlueprint:Warning: [compiler] Warning [3254.22] Compile of PuzzleExampleMap successful, but with 3 Warning(s) [in 29 ms]
[2015.03.27-21.31.59:091][120]LogBlueprint:Warning: [compiler] Warning [3254.23] Compile of PuzzleExampleMap successful, but with 4 Warning(s) [in 3 ms]
[2015.03.27-21.31.59:091][120]LogBlueprint:Warning: [compiler] Warning [3254.23] Compile of PuzzleExampleMap successful, but with 5 Warning(s) [in 0 ms]
[2015.03.27-21.31.59:091][120]LogBlueprint:Warning: [compiler] Warning [3254.23] Compile of PuzzleExampleMap successful, but with 6 Warning(s) [in 0 ms]
[2015.03.27-21.31.59:200][120]LogSavePackage: Save=150.484818ms
[2015.03.27-21.31.59:200][120]LogSavePackage: Moving '../../../../../../Users/Jeremy Martin/Documents/GitHub/turbo-archer/ENPo/Saved/PuzzleExampleMapA0C169A54BA9875D22F84E87B305114D.tmp' to '../../../../../../Users/Jeremy Martin/Documents/GitHub/turbo-archer/ENPo/Content/PuzzleBP/Maps/PuzzleExampleMap.umap'
[2015.03.27-21.31.59:238][120]LogFileHelpers: Saving map 'PuzzleExampleMap' took 0.326
[2015.03.27-21.31.59:724][121]Cmd: QUIT_EDITOR
[2015.03.27-21.31.59:967][121]LogExit: Preparing to exit.
[2015.03.27-21.32.00:607][121]LogExit: Editor shut down
[2015.03.27-21.32.00:607][121]LogExit: Transaction tracking system shut down
[2015.03.27-21.32.00:608][121]LogParticles: Destroying 0 GPU particle simulations for FXSystem 0x0000000013DF8F40
[2015.03.27-21.32.00:608][121]LogParticles: Destroying 0 GPU particle simulations for FXSystem 0x000000001FB45120
[2015.03.27-21.32.00:608][121]LogParticles: Destroying 0 GPU particle simulations for FXSystem 0x00000000246C8400
[2015.03.27-21.32.00:608][121]LogParticles: Destroying 0 GPU particle simulations for FXSystem 0x000000002478AF20
[2015.03.27-21.32.00:609][121]LogParticles: Destroying 0 GPU particle simulations for FXSystem 0x0000000012F3A200
[2015.03.27-21.32.00:610][121]LogParticles: Destroying 0 GPU particle simulations for FXSystem 0x000000000EBABBA0
[2015.03.27-21.32.00:665][121]LogExit: Object subsystem successfully closed.
[2015.03.27-21.32.00:704][121]LogModuleManager: Shutting down and abandoning module CrashTracker (177)
[2015.03.27-21.32.00:704][121]LogModuleManager: Shutting down and abandoning module SuperSearch (176)
[2015.03.27-21.32.00:704][121]LogModuleManager: Shutting down and abandoning module SceneOutliner (175)
[2015.03.27-21.32.00:704][121]LogModuleManager: Shutting down and abandoning module EditorWidgets (174)
[2015.03.27-21.32.00:704][121]LogModuleManager: Shutting down and abandoning module CollectionManager (173)
[2015.03.27-21.32.00:704][121]LogModuleManager: Shutting down and abandoning module StatsViewer (172)
[2015.03.27-21.32.00:704][121]LogModuleManager: Shutting down and abandoning module FoliageEdit (171)
[2015.03.27-21.32.00:704][121]LogModuleManager: Shutting down and abandoning module LandscapeEditor (170)
[2015.03.27-21.32.00:704][121]LogModuleManager: Shutting down and abandoning module MeshPaint (169)
[2015.03.27-21.32.00:704][121]LogModuleManager: Shutting down and abandoning module ActorPickerMode (168)
[2015.03.27-21.32.00:704][121]LogModuleManager: Shutting down and abandoning module GeometryMode (167)
[2015.03.27-21.32.00:704][121]LogModuleManager: Shutting down and abandoning module TextureAlignMode (166)
[2015.03.27-21.32.00:704][121]LogModuleManager: Shutting down and abandoning module BspMode (165)
[2015.03.27-21.32.00:704][121]LogModuleManager: Shutting down and abandoning module PlacementMode (164)
[2015.03.27-21.32.00:704][121]LogModuleManager: Shutting down and abandoning module AutomationWorker (163)
[2015.03.27-21.32.00:704][121]LogModuleManager: Shutting down and abandoning module CharacterAI (162)
[2015.03.27-21.32.00:704][121]LogModuleManager: Shutting down and abandoning module SmartSnapping (161)
[2015.03.27-21.32.00:704][121]LogModuleManager: Shutting down and abandoning module ViewportSnapping (160)
[2015.03.27-21.32.00:704][121]LogModuleManager: Shutting down and abandoning module LogVisualizer (159)
[2015.03.27-21.32.00:705][121]LogModuleManager: Shutting down and abandoning module GameProjectGeneration (158)
[2015.03.27-21.32.00:705][121]LogModuleManager: Shutting down and abandoning module IntroTutorials (157)
[2015.03.27-21.32.00:705][121]LogModuleManager: Shutting down and abandoning module EditorLiveStreaming (156)
[2015.03.27-21.32.00:705][121]LogModuleManager: Shutting down and abandoning module HardwareTargeting (155)
[2015.03.27-21.32.00:705][121]LogModuleManager: Shutting down and abandoning module DeviceProfileEditor (154)
[2015.03.27-21.32.00:705][121]LogModuleManager: Shutting down and abandoning module UndoHistory (153)
[2015.03.27-21.32.00:705][121]LogModuleManager: Shutting down and abandoning module GameplayTagsEditor (152)
[2015.03.27-21.32.00:705][121]LogModuleManager: Shutting down and abandoning module UserFeedback (151)
[2015.03.27-21.32.00:705][121]LogModuleManager: Shutting down and abandoning module XmlParser (150)
[2015.03.27-21.32.00:705][121]LogModuleManager: Shutting down and abandoning module Blutility (149)
[2015.03.27-21.32.00:705][121]LogModuleManager: Shutting down and abandoning module IOSPlatformEditor (148)
[2015.03.27-21.32.00:705][121]LogModuleManager: Shutting down and abandoning module IOSRuntimeSettings (147)
[2015.03.27-21.32.00:705][121]LogModuleManager: Shutting down and abandoning module AndroidDeviceDetection (146)
[2015.03.27-21.32.00:974][121]LogModuleManager: Shutting down and abandoning module AndroidPlatformEditor (145)
[2015.03.27-21.32.00:974][121]LogModuleManager: Shutting down and abandoning module AndroidRuntimeSettings (144)
[2015.03.27-21.32.00:974][121]LogModuleManager: Shutting down and abandoning module ProjectTargetPlatformEditor (143)
[2015.03.27-21.32.00:974][121]LogModuleManager: Shutting down and abandoning module ProjectSettingsViewer (142)
[2015.03.27-21.32.00:974][121]LogModuleManager: Shutting down and abandoning module InputBindingEditor (141)
[2015.03.27-21.32.00:974][121]LogModuleManager: Shutting down and abandoning module EditorSettingsViewer (140)
[2015.03.27-21.32.00:974][121]LogModuleManager: Shutting down and abandoning module SettingsEditor (139)
[2015.03.27-21.32.00:974][121]LogModuleManager: Shutting down and abandoning module ProjectLauncher (138)
[2015.03.27-21.32.00:974][121]LogModuleManager: Shutting down and abandoning module SessionFrontend (137)
[2015.03.27-21.32.00:974][121]LogModuleManager: Shutting down and abandoning module ProfilerClient (136)
[2015.03.27-21.32.00:974][121]LogModuleManager: Shutting down and abandoning module TargetDeviceServices (135)
[2015.03.27-21.32.00:974][121]LogModuleManager: Shutting down and abandoning module DeviceManager (134)
[2015.03.27-21.32.00:974][121]LogModuleManager: Shutting down and abandoning module AutomationController (133)
[2015.03.27-21.32.00:974][121]LogModuleManager: Shutting down and abandoning module AutomationWindow (132)
[2015.03.27-21.32.00:974][121]LogModuleManager: Shutting down and abandoning module Layers (131)
[2015.03.27-21.32.00:974][121]LogModuleManager: Shutting down and abandoning module ComponentVisualizers (130)
[2015.03.27-21.32.00:974][121]LogModuleManager: Shutting down and abandoning module DetailCustomizations (129)
[2015.03.27-21.32.00:974][121]LogModuleManager: Shutting down and abandoning module PackagesDialog (128)
[2015.03.27-21.32.00:975][121]LogModuleManager: Shutting down and abandoning module AssetRegistry (127)
[2015.03.27-21.32.01:082][121]LogModuleManager: Shutting down and abandoning module Persona (126)
[2015.03.27-21.32.01:082][121]LogModuleManager: Shutting down and abandoning module SlateReflector (125)
[2015.03.27-21.32.01:082][121]LogModuleManager: Shutting down and abandoning module LevelEditor (124)
[2015.03.27-21.32.01:083][121]LogModuleManager: Shutting down and abandoning module Kismet (123)
[2015.03.27-21.32.01:083][121]LogModuleManager: Shutting down and abandoning module GraphEditor (122)
[2015.03.27-21.32.01:083][121]LogModuleManager: Shutting down and abandoning module ClassViewer (121)
[2015.03.27-21.32.01:083][121]LogModuleManager: Shutting down and abandoning module Toolbox (120)
[2015.03.27-21.32.01:084][121]LogModuleManager: Shutting down and abandoning module ModuleUI (119)
[2015.03.27-21.32.01:084][121]LogModuleManager: Shutting down and abandoning module MovieSceneTools (118)
[2015.03.27-21.32.01:084][121]LogModuleManager: Shutting down and abandoning module OutputLog (117)
[2015.03.27-21.32.01:084][121]LogModuleManager: Shutting down and abandoning module GammaUI (116)
[2015.03.27-21.32.01:084][121]LogModuleManager: Shutting down and abandoning module Documentation (115)
[2015.03.27-21.32.01:084][121]LogModuleManager: Shutting down and abandoning module GameLiveStreaming (114)
[2015.03.27-21.32.01:084][121]LogModuleManager: Shutting down and abandoning module StreamingPauseRendering (113)
[2015.03.27-21.32.01:084][121]LogModuleManager: Shutting down and abandoning module HTTP (112)
[2015.03.27-21.32.01:084][121]LogModuleManager: Shutting down and abandoning module AnalyticsET (111)
[2015.03.27-21.32.01:084][121]LogModuleManager: Shutting down and abandoning module Analytics (110)
[2015.03.27-21.32.01:084][121]LogModuleManager: Shutting down and abandoning module AITestSuite (109)
[2015.03.27-21.32.01:084][121]LogModuleManager: Shutting down and abandoning module GameplayDebugger (108)
[2015.03.27-21.32.01:084][121]LogModuleManager: Shutting down and abandoning module AIModule (107)
[2015.03.27-21.32.01:084][121]LogModuleManager: Shutting down and abandoning module ProfilerService (106)
[2015.03.27-21.32.01:139][121]LogModuleManager: Shutting down and abandoning module TaskGraph (105)
[2015.03.27-21.32.01:139][121]LogModuleManager: Shutting down and abandoning module SlateRemote (104)
[2015.03.27-21.32.01:139][121]LogModuleManager: Shutting down and abandoning module ScriptEditorPlugin (103)
[2015.03.27-21.32.01:139][121]LogModuleManager: Shutting down and abandoning module CustomMeshComponent (102)
[2015.03.27-21.32.01:139][121]LogModuleManager: Shutting down and abandoning module CableComponent (101)
[2015.03.27-21.32.01:139][121]LogModuleManager: Shutting down and abandoning module MessagingDebugger (100)
[2015.03.27-21.32.01:139][121]LogModuleManager: Shutting down and abandoning module MediaPlayerEditor (99)
[2015.03.27-21.32.01:139][121]LogModuleManager: Shutting down and abandoning module SpeedTreeImporter (98)
[2015.03.27-21.32.01:140][121]LogModuleManager: Shutting down and abandoning module PluginsEditor (97)
[2015.03.27-21.32.01:140][121]LogModuleManager: Shutting down and abandoning module MainFrame (96)
[2015.03.27-21.32.01:140][121]LogModuleManager: Shutting down and abandoning module EpicSurvey (95)
[2015.03.27-21.32.01:140][121]LogModuleManager: Shutting down and abandoning module DesktopPlatform (94)
[2015.03.27-21.32.01:140][121]LogModuleManager: Shutting down and abandoning module DirectoryWatcher (93)
[2015.03.27-21.32.01:141][121]LogModuleManager: Shutting down and abandoning module HotReload (92)
[2015.03.27-21.32.01:141][121]LogModuleManager: Shutting down and abandoning module VisualStudioSourceCodeAccess (91)
[2015.03.27-21.32.01:141][121]LogModuleManager: Shutting down and abandoning module UObjectPlugin (90)
[2015.03.27-21.32.01:141][121]LogModuleManager: Shutting down and abandoning module SubversionSourceControl (89)
[2015.03.27-21.32.01:141][121]LogModuleManager: Shutting down and abandoning module PerforceSourceControl (88)
[2015.03.27-21.32.01:141][121]LogModuleManager: Shutting down and abandoning module SourceControl (87)
[2015.03.27-21.32.01:141][121]LogModuleManager: Shutting down and abandoning module GitSourceControl (86)
[2015.03.27-21.32.01:141][121]LogModuleManager: Shutting down and abandoning module BlankPlugin (85)
[2015.03.27-21.32.01:141][121]LogModuleManager: Shutting down and abandoning module PaperTiledImporter (84)
[2015.03.27-21.32.01:141][121]LogModuleManager: Shutting down and abandoning module PaperJsonImporter (83)
[2015.03.27-21.32.01:141][121]LogModuleManager: Shutting down and abandoning module ContentBrowser (82)
[2015.03.27-21.32.01:143][121]LogModuleManager: Shutting down and abandoning module Paper2DEditor (81)
[2015.03.27-21.32.01:144][121]LogModuleManager: Shutting down and abandoning module ScriptPlugin (80)
[2015.03.27-21.32.01:144][121]LogModuleManager: Shutting down and abandoning module UdpMessaging (79)
[2015.03.27-21.32.01:244][121]LogModuleManager: Shutting down and abandoning module Paper2D (78)
[2015.03.27-21.32.01:244][121]LogModuleManager: Shutting down and abandoning module WindowsMoviePlayer (77)
[2015.03.27-21.32.01:250][121]LogModuleManager: Shutting down and abandoning module Media (76)
[2015.03.27-21.32.01:250][121]LogModuleManager: Shutting down and abandoning module WmfMedia (75)
[2015.03.27-21.32.01:251][121]LogModuleManager: Shutting down and abandoning module OnlineBlueprintSupport (74)
[2015.03.27-21.32.01:251][121]LogModuleManager: Shutting down and abandoning module PropertyEditor (73)
[2015.03.27-21.32.01:251][121]LogModuleManager: Shutting down and abandoning module BehaviorTreeEditor (72)
[2015.03.27-21.32.01:251][121]LogModuleManager: Shutting down and abandoning module FunctionalTesting (71)
[2015.03.27-21.32.01:251][121]LogModuleManager: Shutting down and abandoning module CollisionAnalyzer (70)
[2015.03.27-21.32.01:251][121]LogModuleManager: Shutting down and abandoning module WorkspaceMenuStructure (69)
[2015.03.27-21.32.01:251][121]LogModuleManager: Shutting down and abandoning module MessageLog (68)
[2015.03.27-21.32.01:252][121]LogModuleManager: Shutting down and abandoning module Sequencer (67)
[2015.03.27-21.32.01:252][121]LogModuleManager: Shutting down and abandoning module AssetTools (66)
[2015.03.27-21.32.01:252][121]LogModuleManager: Shutting down and abandoning module UMGEditor (65)
[2015.03.27-21.32.01:252][121]LogModuleManager: Shutting down and abandoning module UMG (64)
[2015.03.27-21.32.01:252][121]LogModuleManager: Shutting down and abandoning module Slate (63)
[2015.03.27-21.32.01:252][121]LogModuleManager: Shutting down and abandoning module EditorStyle (62)
[2015.03.27-21.32.01:264][121]LogModuleManager: Shutting down and abandoning module SessionServices (61)
[2015.03.27-21.32.01:264][121]LogModuleManager: Shutting down and abandoning module SourceCodeAccess (60)
[2015.03.27-21.32.01:264][121]LogModuleManager: Shutting down and abandoning module HeadMountedDisplay (59)
[2015.03.27-21.32.01:264][121]LogModuleManager: Shutting down and abandoning module XAudio2 (58)
[2015.03.27-21.32.01:264][121]LogModuleManager: Shutting down and abandoning module Networking (56)
[2015.03.27-21.32.01:264][121]LogModuleManager: Shutting down and abandoning module Core (55)
[2015.03.27-21.32.01:264][121]LogModuleManager: Shutting down and abandoning module KismetCompiler (54)
[2015.03.27-21.32.01:264][121]LogModuleManager: Shutting down and abandoning module PhysXFormats (53)
[2015.03.27-21.32.01:264][121]LogModuleManager: Shutting down and abandoning module MeshUtilities (52)
[2015.03.27-21.32.01:264][121]LogModuleManager: Shutting down and abandoning module DerivedDataCache (51)
[2015.03.27-21.32.01:267][121]LogDerivedDataCache: Shutdown
[2015.03.27-21.32.01:267][121]LogModuleManager: Shutting down and abandoning module ShaderFormatOpenGL (50)
[2015.03.27-21.32.01:267][121]LogModuleManager: Shutting down and abandoning module ShaderFormatD3D (49)
[2015.03.27-21.32.01:267][121]LogModuleManager: Shutting down and abandoning module MetalShaderFormat (48)
[2015.03.27-21.32.01:267][121]LogModuleManager: Shutting down and abandoning module TextureFormatUncompressed (47)
[2015.03.27-21.32.01:267][121]LogModuleManager: Shutting down and abandoning module TextureFormatPVR (46)
[2015.03.27-21.32.01:267][121]LogModuleManager: Shutting down and abandoning module TextureFormatIntelISPCTexComp (45)
[2015.03.27-21.32.01:267][121]LogModuleManager: Shutting down and abandoning module TextureFormatDXT (44)
[2015.03.27-21.32.01:267][121]LogModuleManager: Shutting down and abandoning module ImageWrapper (43)
[2015.03.27-21.32.01:267][121]LogModuleManager: Shutting down and abandoning module TextureFormatASTC (42)
[2015.03.27-21.32.01:267][121]LogModuleManager: Shutting down and abandoning module TextureFormatAndroid (41)
[2015.03.27-21.32.01:267][121]LogModuleManager: Shutting down and abandoning module AudioFormatOpus (40)
[2015.03.27-21.32.01:267][121]LogModuleManager: Shutting down and abandoning module AudioFormatOgg (39)
[2015.03.27-21.32.01:267][121]LogModuleManager: Shutting down and abandoning module AudioFormatADPCM (38)
[2015.03.27-21.32.01:267][121]LogModuleManager: Shutting down and abandoning module LinuxTargetPlatform (37)
[2015.03.27-21.32.01:268][121]LogModuleManager: Shutting down and abandoning module LinuxServerTargetPlatform (36)
[2015.03.27-21.32.01:268][121]LogModuleManager: Shutting down and abandoning module LinuxNoEditorTargetPlatform (35)
[2015.03.27-21.32.01:268][121]LogModuleManager: Shutting down and abandoning module Messaging (34)
[2015.03.27-21.32.01:268][121]LogModuleManager: Shutting down and abandoning module IOSTargetPlatform (33)
[2015.03.27-21.32.01:268][121]LogModuleManager: Shutting down and abandoning module HTML5TargetPlatform (32)
[2015.03.27-21.32.01:268][121]LogModuleManager: Shutting down and abandoning module Android_PVRTCTargetPlatform (31)
[2015.03.27-21.32.01:268][121]LogModuleManager: Shutting down and abandoning module Android_ETC2TargetPlatform (30)
[2015.03.27-21.32.01:268][121]LogModuleManager: Shutting down and abandoning module Android_ETC1TargetPlatform (29)
[2015.03.27-21.32.01:268][121]LogModuleManager: Shutting down and abandoning module Android_ES31TargetPlatform (28)
[2015.03.27-21.32.01:268][121]LogModuleManager: Shutting down and abandoning module Android_DXTTargetPlatform (27)
[2015.03.27-21.32.01:268][121]LogModuleManager: Shutting down and abandoning module Android_ATCTargetPlatform (26)
[2015.03.27-21.32.01:268][121]LogModuleManager: Shutting down and abandoning module AndroidTargetPlatform (25)
[2015.03.27-21.32.01:268][121]LogModuleManager: Shutting down and abandoning module WindowsTargetPlatform (24)
[2015.03.27-21.32.01:268][121]LogModuleManager: Shutting down and abandoning module WindowsServerTargetPlatform (23)
[2015.03.27-21.32.01:268][121]LogModuleManager: Shutting down and abandoning module WindowsNoEditorTargetPlatform (22)
[2015.03.27-21.32.01:268][121]LogModuleManager: Shutting down and abandoning module WindowsClientTargetPlatform (21)
[2015.03.27-21.32.01:268][121]LogModuleManager: Shutting down and abandoning module TargetPlatform (20)
[2015.03.27-21.32.01:268][121]LogModuleManager: Shutting down and abandoning module InputCore (19)
[2015.03.27-21.32.01:268][121]LogModuleManager: Shutting down and abandoning module Settings (18)
[2015.03.27-21.32.01:268][121]LogModuleManager: Shutting down and abandoning module OnlineSubsystem (16)
[2015.03.27-21.32.01:268][121]LogModuleManager: Shutting down and abandoning module OculusRift (15)
[2015.03.27-21.32.01:268][121]LogModuleManager: Shutting down and abandoning module ExampleDeviceProfileSelector (14)
[2015.03.27-21.32.01:268][121]LogModuleManager: Shutting down and abandoning module TextureCompressor (13)
[2015.03.27-21.32.01:269][121]LogModuleManager: Shutting down and abandoning module ShaderCore (12)
[2015.03.27-21.32.01:269][121]LogModuleManager: Shutting down and abandoning module Landscape (11)
[2015.03.27-21.32.01:269][121]LogModuleManager: Shutting down and abandoning module SlateRHIRenderer (10)
[2015.03.27-21.32.01:275][121]LogModuleManager: Shutting down and abandoning module OpenGLDrv (9)
[2015.03.27-21.32.01:275][121]LogModuleManager: Shutting down and abandoning module D3D11RHI (8)
[2015.03.27-21.32.01:275][121]LogModuleManager: Shutting down and abandoning module Renderer (7)
[2015.03.27-21.32.01:275][121]LogModuleManager: Shutting down and abandoning module Engine (6)
[2015.03.27-21.32.01:275][121]LogModuleManager: Shutting down and abandoning module CoreUObject (5)
[2015.03.27-21.32.01:275][121]LogModuleManager: Shutting down and abandoning module NetworkFile (4)
[2015.03.27-21.32.01:276][121]LogModuleManager: Shutting down and abandoning module StreamingFile (3)
[2015.03.27-21.32.01:276][121]LogModuleManager: Shutting down and abandoning module SandboxFile (2)
[2015.03.27-21.32.01:276][121]LogModuleManager: Shutting down and abandoning module PakFile (1)
[2015.03.27-21.32.01:277][121]LogExit: Exiting.
[2015.03.27-21.32.01:292][121]Log file closed, 03/27/15 16:32:01
