Log file open, 05/07/15 15:53:25
LogInit:Display: Running engine for game: ENPo
LogInit: Version: 4.7.6-2513093+++depot+UE4-Releases+4.7
LogInit: API Version: 2455222
LogInit: Compiled (64-bit): Apr 15 2015 12:09:54
LogInit: Compiled with Visual C++: 18.00.21005.01
LogInit: Build Configuration: Development
LogInit: Branch Name: ++depot+UE4-Releases+4.7
LogInit: Command line:  
LogInit: Base directory: C:/Program Files/Epic Games/4.7/Engine/Binaries/Win64/
LogInit: Rocket: 1
[2015.05.07-20.53.25:815][  0]LogTaskGraph: Started task graph with 3 named threads and 6 total threads.
[2015.05.07-20.53.25:882][  0]LogOnline:Warning: No default platform service specified for OnlineSubsystem
[2015.05.07-20.53.26:073][  0]LogInit: Presizing for 0 objects not considered by GC, pre-allocating 0 bytes.
[2015.05.07-20.53.26:259][  0]LogInit: Object subsystem initialized
[2015.05.07-20.53.26:411][  0]LogConsoleResponse:Warning: Skipping Unknown console variable: 'TranslucentSortAxis = (X=0.000000,Y=-1.000000,Z=0.000000)'
[2015.05.07-20.53.26:411][  0]LogConsoleResponse:Warning:   Found in ini file 'C:/Users/Jeremy Martin/Documents/GitHub/turbo-archer/ENPo/Saved/Config/Windows/Engine.ini', in section '[/Script/Engine.RendererSettings]'
[2015.05.07-20.53.26:411][  0]LogConsoleResponse:Warning: Skipping Unknown console variable: 'UIScaleRule = ShortestSide'
[2015.05.07-20.53.26:411][  0]LogConsoleResponse:Warning:   Found in ini file 'C:/Users/Jeremy Martin/Documents/GitHub/turbo-archer/ENPo/Saved/Config/Windows/Engine.ini', in section '[/Script/Engine.RendererSettings]'
[2015.05.07-20.53.26:411][  0]LogConsoleResponse:Warning: Skipping Unknown console variable: 'UIScaleCurve = (EditorCurveData=(Keys=),ExternalCurve=None)'
[2015.05.07-20.53.26:411][  0]LogConsoleResponse:Warning:   Found in ini file 'C:/Users/Jeremy Martin/Documents/GitHub/turbo-archer/ENPo/Saved/Config/Windows/Engine.ini', in section '[/Script/Engine.RendererSettings]'
[2015.05.07-20.53.26:464][  0]LogInit: Selected Device Profile: [Windows]
[2015.05.07-20.53.26:471][  0]LogInit: Applying CVar settings loaded from the selected device profile: [Windows]
[2015.05.07-20.53.26:588][  0]LogInit: Computer: JEREMYMARTIN-PC
[2015.05.07-20.53.26:588][  0]LogInit: User: JeremyMartin
[2015.05.07-20.53.26:588][  0]LogInit: CPU Page size=4096, Cores=4
[2015.05.07-20.53.26:588][  0]LogInit: High frequency timer resolution =2.728144 MHz
[2015.05.07-20.53.26:589][  0]LogMemory: Memory total: Physical=7.9GB (8GB approx) Virtual=8192.0GB
[2015.05.07-20.53.26:589][  0]LogMemory: Platform Memory Stats for Windows
[2015.05.07-20.53.26:589][  0]LogMemory: Process Physical Memory: 48.69 MB used, 48.69 MB peak
[2015.05.07-20.53.26:589][  0]LogMemory: Process Virtual Memory: 26.49 MB used, 26.50 MB peak
[2015.05.07-20.53.26:589][  0]LogMemory: Physical Memory: 4136.61 MB used, 8097.22 MB total
[2015.05.07-20.53.26:589][  0]LogMemory: Virtual Memory: 278.68 MB used, 8388608.00 MB total
[2015.05.07-20.53.26:929][  0]LogD3D11RHI: Found D3D11 adapter 0: Intel(R) HD Graphics 4600 (Feature Level 11_0)
[2015.05.07-20.53.26:929][  0]LogD3D11RHI: Adapter has 2094MB of dedicated video memory, 0MB of dedicated system memory, and 3792MB of shared system memory, 1 output[s]
[2015.05.07-20.53.26:929][  0]LogD3D11RHI: Chosen D3D11 Adapter Id = 0
[2015.05.07-20.53.26:935][  0]LogRHI: Texture pool is 1361 MB (70% of 1945 MB)
[2015.05.07-20.53.26:965][  0]LogD3D11RHI: Async texture creation enabled
[2015.05.07-20.53.28:596][  0]LogTextLocalizationManager: The requested culture ('en_US') has no localization data; parent culture's ('en') localization data will be used.
[2015.05.07-20.53.29:183][  0]LogTextLocalizationManager:Warning: Loading localization resources contain conflicting entries for (Namespace:UICommands, Key:Save_ToolTip):
Resource: (C:/Program Files/Epic Games/4.7/Engine/Content/Localization/Editor/en/Editor.locres) Hash: (-29098895) String: (Saves the current level to disk)
Resource: (C:/Program Files/Epic Games/4.7/Engine/Content/Localization/Engine/en/Engine.locres) Hash: (-1280300587) String: (Save selected data to vlog file)
[2015.05.07-20.53.29:183][  0]LogTextLocalizationManager:Warning: Loading localization resources contain conflicting entries for (Namespace:ContentBrowser, Key:ImportAssetToolTip):
Resource: (C:/Program Files/Epic Games/4.7/Engine/Content/Localization/Editor/en/Editor.locres) Hash: (-630476809) String: (Import to {0}...)
Resource: (C:/Program Files/Epic Games/4.7/Engine/Content/Localization/Editor/en/Editor.locres) Hash: (1271782899) String: (Imports an asset from file to this folder.)
[2015.05.07-20.53.29:292][  0]LogContentStreaming: Texture pool size is 0.000000MB
[2015.05.07-20.53.34:502][  0]LogTargetPlatformManager:Display: Building Assets For Windows
[2015.05.07-20.53.35:598][  0]LogTargetPlatformManager:Display: Building Assets For Windows
[2015.05.07-20.53.35:717][  0]LogDerivedDataCache:Display: Max Cache Size: 512 MB
[2015.05.07-20.53.36:098][  0]LogDerivedDataCache: Loaded boot cache 0.38s 39MB C:/Users/Jeremy Martin/AppData/Local/UnrealEngine/4.7/DerivedDataCache/Boot.ddc.
[2015.05.07-20.53.36:098][  0]LogDerivedDataCache:Display: Loaded Boot cache: C:/Users/Jeremy Martin/AppData/Local/UnrealEngine/4.7/DerivedDataCache/Boot.ddc
[2015.05.07-20.53.36:099][  0]LogDerivedDataCache: FDerivedDataBackendGraph:  Pak pak cache file ../../../../../../Users/Jeremy Martin/Documents/GitHub/turbo-archer/ENPo/DerivedDataCache/DDC.ddp not found, will not use a pak cache.
[2015.05.07-20.53.36:099][  0]LogDerivedDataCache: Unable to find inner node Pak for hierarchical cache Hierarchy.
[2015.05.07-20.53.36:264][  0]LogDerivedDataCache:Display: Pak cache opened for reading ../../../Engine/DerivedDataCache/Compressed.ddp.
[2015.05.07-20.53.36:276][  0]LogDerivedDataCache: Using Local data cache path C:/Users/Jeremy Martin/AppData/Local/UnrealEngine/Common/DerivedDataCache: Writable
[2015.05.07-20.53.44:300][  0]LogMeshUtilities: No automatic mesh reduction module available
[2015.05.07-20.53.44:300][  0]LogMeshUtilities: No automatic mesh merging module available
[2015.05.07-20.53.47:758][  0]LogInit: WinSock: version 1.1 (2.2), MaxSocks=32767, MaxUdp=65467
[2015.05.07-20.53.48:116][  0]LogSlate:Warning: Failed to load font data from '../../../Engine/Content/Slate/Fonts/Roboto-Italic.ttf'
[2015.05.07-20.54.06:723][  0]UdpMessaging: Initializing bridge on interface 0.0.0.0:0 to multicast group 230.0.0.1:6666.
[2015.05.07-20.54.07:792][  0]SourceControl: Info Source control is disabled
[2015.05.07-20.54.07:810][  0]SourceControl: Info Source control is disabled
[2015.05.07-20.54.07:810][  0]SourceControl: Info Source control is disabled
[2015.05.07-20.54.07:810][  0]LogSourceControl: RunCommandInternalRaw: 'git version'
[2015.05.07-20.54.07:810][  0]LogSourceControl: RunCommandInternalRaw: ExecProcess ReturnCode=2 OutResults=''
[2015.05.07-20.54.07:818][  0]SourceControl: Info Source control is disabled
[2015.05.07-20.54.08:924][  0]LogObj: 24232 objects as part of root set at end of initial load.
[2015.05.07-20.54.08:924][  0]LogUObjectAllocator: 5137176 out of 0 bytes used by permanent object pool.
[2015.05.07-20.54.09:597][  0]LogEngine: Initializing Engine...
[2015.05.07-20.54.13:273][  0]LogInit: XAudio2 using 'Speakers / Headphones (Realtek High Definition Audio)' : 2 channels at 48 kHz using 32 bits per sample (channel mask 0x3)
[2015.05.07-20.54.13:340][  0]LogInit: FAudioDevice initialized.
[2015.05.07-20.54.13:916][  0]LogAIModule: Creating AISystem for world NewWorld
[2015.05.07-20.54.14:072][  0]LogDerivedDataCache: Saved boot cache 0.05s 39MB C:/Users/Jeremy Martin/AppData/Local/UnrealEngine/4.7/DerivedDataCache/Boot.ddc.
[2015.05.07-20.54.14:074][  0]LogInit: Texture streaming: Enabled
[2015.05.07-20.54.14:592][  0]LogAnalytics: Creating configured Analytics provider AnalyticsET
[2015.05.07-20.54.14:592][  0]LogAnalytics: ET APIKey = Rocket.Release. APIServer = http://et2.epicgames.com/ET2/. AppVersion = 4.7.6-2513093+++depot+UE4-Releases+4.7
[2015.05.07-20.54.14:592][  0]LogAnalytics: ET APIKey = Rocket.Release. DataRouterUploadURL = https://datarouter-public-service-gamedev.ol.epicgames.net/datarouter/api/v1/public/data. AppVersion = 4.7.6-2513093+++depot+UE4-Releases+4.7
[2015.05.07-20.54.14:592][  0]LogAnalytics: SetUserId 4faf2b8f401686a57575ecb438c58793|93efd1466ca449a7a50c61e21231fb4f|d21d11dd-cad7-4eb6-8377-a86052e53efe
[2015.05.07-20.54.14:615][  0]LogAnalytics: AnalyticsET::StartSession [Rocket.Release]
[2015.05.07-20.54.14:896][  0]LogInit: Transaction tracking system initialized
[2015.05.07-20.54.16:206][  0]BlueprintLog: New page: Editor Load
[2015.05.07-20.54.16:359][  0]LogAssetRegistry: FAssetRegistry took 0.0128 seconds to start up
[2015.05.07-20.54.16:359][  0]LogDirectoryWatcher:Warning: Failed to begin reading directory changes for ../../../Engine/Plugins/Experimental/CharacterAI/Content/. Error: 0
[2015.05.07-20.54.19:217][  0]LogTargetPlatformManager:Display: Building Assets For Windows
[2015.05.07-20.54.19:606][  0]LogTargetPlatformManager:Display: Building Assets For Windows
[2015.05.07-20.54.21:739][  0]LogSlate:Warning: Failed to load font data from '../../../Engine/Content/Editor/Slate/Fonts/Roboto-Regular.ttf'
[2015.05.07-20.54.21:741][  0]LogSlate:Warning: Failed to load font data from '../../../Engine/Content/Editor/Slate/Fonts/Roboto-Bold.ttf'
[2015.05.07-20.54.21:874][  0]LogConsoleResponse:Display: 
[2015.05.07-20.54.24:085][  0]LogCook:Display: Done creating registry. It took  0.00s.
[2015.05.07-20.54.25:644][  0]SourceControl: Info Source control is disabled
[2015.05.07-20.54.25:742][  0]Cmd: MAP LOAD FILE="../../../../../../Users/Jeremy Martin/Documents/GitHub/turbo-archer/ENPo/Content/PuzzleBP/Maps/PuzzleExampleMap.umap" TEMPLATE=0 SHOWPROGRESS=1 FEATURELEVEL=3
[2015.05.07-20.54.25:791][  0]LightingResults: New page: Lighting Build
[2015.05.07-20.54.25:928][  0]MapCheck: New page: Map Check
[2015.05.07-20.54.25:928][  0]LightingResults: New page: Lighting Build
[2015.05.07-20.54.26:155][  0]LogParticles: Destroying 0 GPU particle simulations for FXSystem 0x0000000014510C20
[2015.05.07-20.54.34:552][  0]LogEditorServer: Finished looking for orphan Actors (0.000 secs)
[2015.05.07-20.54.34:585][  0]LogAIModule: Creating AISystem for world PuzzleExampleMap
[2015.05.07-20.54.34:639][  0]Cmd: MAP CHECKDEP
[2015.05.07-20.54.34:654][  0]MapCheck: New page: PuzzleExampleMap - May 7, 2015, 10:54:34 AM
[2015.05.07-20.54.34:743][  0]MapCheck: Info Map check complete: 0 Error(s), 0 Warning(s), took 103.009ms to complete.
[2015.05.07-20.54.34:743][  0]LogFileHelpers: Loading map 'PuzzleExampleMap' took 9.045
[2015.05.07-20.54.36:259][  0]LogCollectionManager: Loaded 0 collections in 0.001712 seconds
[2015.05.07-20.54.36:294][  0]LogContentBrowser: Native class hierarchy populated in 0.0352 seconds. Added 1696 classes and 261 folders.
[2015.05.07-20.54.36:457][  0]LogContentBrowser:Verbose: The content browser source was changed by the sources view to '/Game'
[2015.05.07-20.54.36:591][  0]LogContentBrowser: Native class hierarchy updated for 'SceneOutliner' in 0.0016 seconds. Added 1 classes and 2 folders.
[2015.05.07-20.54.37:664][  0]LogCrashTracker: Crashtracker disabled due to settings.
[2015.05.07-20.54.37:717][  0]LogSlate:Warning: Failed to load font data from 'Veranda'
[2015.05.07-20.54.37:766][  0]LogUObjectGlobals:Warning: Failed to find object 'Class None.'
[2015.05.07-20.54.37:915][  0]LogLoad: Full Startup: 83.13 seconds (BP compile: 0.46 seconds)
[2015.05.07-20.54.38:926][  0]LogRenderer:Warning: Reallocating scene render targets to support 32x32 (Frame:2).
[2015.05.07-20.54.39:756][  0]LogRenderer:Warning: Reallocating scene render targets to support 1032x680 (Frame:3).
[2015.05.07-20.54.41:545][  4]LogAssetRegistry: Asset discovery search completed in 25.1982 seconds
[2015.05.07-20.54.55:748][170]LogSynthBenchmark:Display: FSynthBenchmark (V0.95):  requested WorkScale=1.00
[2015.05.07-20.54.55:748][170]LogSynthBenchmark:Display: ===============
[2015.05.07-20.54.55:748][170]LogSynthBenchmark:Display: Main Processor:
[2015.05.07-20.54.55:789][170]LogSynthBenchmark:Display:          ... 0.018483 s/Run 'RayIntersect'
[2015.05.07-20.54.55:789][170]LogSynthBenchmark:Display:          ... 0.022191 s/Run 'Fractal'
[2015.05.07-20.54.55:789][170]LogSynthBenchmark:Display: 
[2015.05.07-20.54.55:789][170]LogSynthBenchmark:Display:   CompiledTarget_x_Bits: 64
[2015.05.07-20.54.55:789][170]LogSynthBenchmark:Display:   UE_BUILD_SHIPPING: 0
[2015.05.07-20.54.55:789][170]LogSynthBenchmark:Display:   UE_BUILD_TEST: 0
[2015.05.07-20.54.55:789][170]LogSynthBenchmark:Display:   UE_BUILD_DEBUG: 0
[2015.05.07-20.54.55:789][170]LogSynthBenchmark:Display:   TotalPhysicalGBRam: 8
[2015.05.07-20.54.55:789][170]LogSynthBenchmark:Display:   NumberOfCores (physical): 4
[2015.05.07-20.54.55:789][170]LogSynthBenchmark:Display:   NumberOfCores (logical): 8
[2015.05.07-20.54.55:789][170]LogSynthBenchmark:Display:   CPU Perf Index 0: 138.6
[2015.05.07-20.54.55:789][170]LogSynthBenchmark:Display:   CPU Perf Index 1: 128.9
[2015.05.07-20.54.55:789][170]LogSynthBenchmark:Display:  
[2015.05.07-20.54.55:789][170]LogSynthBenchmark:Display: Graphics:
[2015.05.07-20.54.55:789][170]LogSynthBenchmark:Display:   Adapter Name: 'Intel(R) HD Graphics 4600'
[2015.05.07-20.54.55:789][170]LogSynthBenchmark:Display:   (On Optimus the name might be wrong, memory should be ok)
[2015.05.07-20.54.55:789][170]LogSynthBenchmark:Display:   Vendor Id: 0x8086
[2015.05.07-20.54.55:789][170]LogSynthBenchmark:Display:   GPU Memory: 2095/0/3793 MB
[2015.05.07-20.54.55:789][170]LogSynthBenchmark:Display:   CPUIndex: 138.6
[2015.05.07-20.54.55:789][170]LogSynthBenchmark:Display:   GPUIndex: -1.$
[2015.05.07-20.54.55:789][170]LogSynthBenchmark:Display: 
[2015.05.07-20.54.55:789][170]LogSynthBenchmark:Display:          ... Total Time: 0.041412 sec
[2015.05.07-20.56.23:833][768]LogSCSEditor: Calling UpdateTree() from Tick().
[2015.05.07-21.04.38:614][407]LogActorComponent: UnregisterComponent: (/Engine/Transient.CharMoveComp) Not registered. Aborting.
[2015.05.07-21.04.39:236][407]LogSavePackage: Save=204.995773ms
[2015.05.07-21.04.39:236][407]LogSavePackage: Moving '../../../../../../Users/Jeremy Martin/Documents/GitHub/turbo-archer/ENPo/Saved/PuzzleExampleMap_Auto1D191136F43C1A580E636AFA2489AB6C3.tmp' to '../../../../../../Users/Jeremy Martin/Documents/GitHub/turbo-archer/ENPo/Saved/Autosaves/Game/PuzzleBP/Maps/PuzzleExampleMap_Auto1.umap'
[2015.05.07-21.04.39:350][407]LogFileHelpers: Editor autosave (incl. sublevels) for '/Game/PuzzleBP/Maps/PuzzleExampleMap' took 0.737
[2015.05.07-21.04.39:350][407]LogFileHelpers: Editor autosave (incl. sublevels) for all levels took 0.737
[2015.05.07-21.29.30:433][873]Cmd: QUIT_EDITOR
[2015.05.07-21.29.30:678][873]LogExit: Preparing to exit.
[2015.05.07-21.29.31:068][873]LogExit: Editor shut down
[2015.05.07-21.29.31:068][873]LogExit: Transaction tracking system shut down
[2015.05.07-21.29.31:069][873]LogParticles: Destroying 0 GPU particle simulations for FXSystem 0x000000000DE26700
[2015.05.07-21.29.31:069][873]LogParticles: Destroying 0 GPU particle simulations for FXSystem 0x00000000237667A0
[2015.05.07-21.29.31:069][873]LogParticles: Destroying 0 GPU particle simulations for FXSystem 0x0000000023971440
[2015.05.07-21.29.31:069][873]LogParticles: Destroying 0 GPU particle simulations for FXSystem 0x0000000023970540
[2015.05.07-21.29.31:069][873]LogParticles: Destroying 0 GPU particle simulations for FXSystem 0x00000000207B5F80
[2015.05.07-21.29.31:198][873]LogExit: Object subsystem successfully closed.
[2015.05.07-21.29.31:338][873]LogModuleManager: Shutting down and abandoning module SynthBenchmark (178)
[2015.05.07-21.29.31:338][873]LogModuleManager: Shutting down and abandoning module CrashTracker (177)
[2015.05.07-21.29.31:338][873]LogModuleManager: Shutting down and abandoning module SuperSearch (176)
[2015.05.07-21.29.31:338][873]LogModuleManager: Shutting down and abandoning module SceneOutliner (175)
[2015.05.07-21.29.31:338][873]LogModuleManager: Shutting down and abandoning module EditorWidgets (174)
[2015.05.07-21.29.31:338][873]LogModuleManager: Shutting down and abandoning module CollectionManager (173)
[2015.05.07-21.29.31:339][873]LogModuleManager: Shutting down and abandoning module StatsViewer (172)
[2015.05.07-21.29.31:339][873]LogModuleManager: Shutting down and abandoning module FoliageEdit (171)
[2015.05.07-21.29.31:339][873]LogModuleManager: Shutting down and abandoning module LandscapeEditor (170)
[2015.05.07-21.29.31:340][873]LogModuleManager: Shutting down and abandoning module MeshPaint (169)
[2015.05.07-21.29.31:340][873]LogModuleManager: Shutting down and abandoning module ActorPickerMode (168)
[2015.05.07-21.29.31:340][873]LogModuleManager: Shutting down and abandoning module GeometryMode (167)
[2015.05.07-21.29.31:340][873]LogModuleManager: Shutting down and abandoning module TextureAlignMode (166)
[2015.05.07-21.29.31:340][873]LogModuleManager: Shutting down and abandoning module BspMode (165)
[2015.05.07-21.29.31:340][873]LogModuleManager: Shutting down and abandoning module PlacementMode (164)
[2015.05.07-21.29.31:340][873]LogModuleManager: Shutting down and abandoning module AutomationWorker (163)
[2015.05.07-21.29.31:340][873]LogModuleManager: Shutting down and abandoning module CharacterAI (162)
[2015.05.07-21.29.31:340][873]LogModuleManager: Shutting down and abandoning module SmartSnapping (161)
[2015.05.07-21.29.31:340][873]LogModuleManager: Shutting down and abandoning module ViewportSnapping (160)
[2015.05.07-21.29.31:340][873]LogModuleManager: Shutting down and abandoning module LogVisualizer (159)
[2015.05.07-21.29.31:340][873]LogModuleManager: Shutting down and abandoning module GameProjectGeneration (158)
[2015.05.07-21.29.31:341][873]LogModuleManager: Shutting down and abandoning module IntroTutorials (157)
[2015.05.07-21.29.31:341][873]LogModuleManager: Shutting down and abandoning module EditorLiveStreaming (156)
[2015.05.07-21.29.31:341][873]LogModuleManager: Shutting down and abandoning module HardwareTargeting (155)
[2015.05.07-21.29.31:341][873]LogModuleManager: Shutting down and abandoning module DeviceProfileEditor (154)
[2015.05.07-21.29.31:341][873]LogModuleManager: Shutting down and abandoning module UndoHistory (153)
[2015.05.07-21.29.31:341][873]LogModuleManager: Shutting down and abandoning module GameplayTagsEditor (152)
[2015.05.07-21.29.31:341][873]LogModuleManager: Shutting down and abandoning module UserFeedback (151)
[2015.05.07-21.29.31:341][873]LogModuleManager: Shutting down and abandoning module XmlParser (150)
[2015.05.07-21.29.31:341][873]LogModuleManager: Shutting down and abandoning module Blutility (149)
[2015.05.07-21.29.31:341][873]LogModuleManager: Shutting down and abandoning module IOSPlatformEditor (148)
[2015.05.07-21.29.31:341][873]LogModuleManager: Shutting down and abandoning module IOSRuntimeSettings (147)
[2015.05.07-21.29.31:341][873]LogModuleManager: Shutting down and abandoning module AndroidDeviceDetection (146)
[2015.05.07-21.29.32:122][873]LogModuleManager: Shutting down and abandoning module AndroidPlatformEditor (145)
[2015.05.07-21.29.32:122][873]LogModuleManager: Shutting down and abandoning module AndroidRuntimeSettings (144)
[2015.05.07-21.29.32:122][873]LogModuleManager: Shutting down and abandoning module ProjectTargetPlatformEditor (143)
[2015.05.07-21.29.32:122][873]LogModuleManager: Shutting down and abandoning module ProjectSettingsViewer (142)
[2015.05.07-21.29.32:122][873]LogModuleManager: Shutting down and abandoning module InputBindingEditor (141)
[2015.05.07-21.29.32:122][873]LogModuleManager: Shutting down and abandoning module EditorSettingsViewer (140)
[2015.05.07-21.29.32:122][873]LogModuleManager: Shutting down and abandoning module SettingsEditor (139)
[2015.05.07-21.29.32:123][873]LogModuleManager: Shutting down and abandoning module ProjectLauncher (138)
[2015.05.07-21.29.32:123][873]LogModuleManager: Shutting down and abandoning module SessionFrontend (137)
[2015.05.07-21.29.32:123][873]LogModuleManager: Shutting down and abandoning module ProfilerClient (136)
[2015.05.07-21.29.32:123][873]LogModuleManager: Shutting down and abandoning module TargetDeviceServices (135)
[2015.05.07-21.29.32:123][873]LogModuleManager: Shutting down and abandoning module DeviceManager (134)
[2015.05.07-21.29.32:123][873]LogModuleManager: Shutting down and abandoning module AutomationController (133)
[2015.05.07-21.29.32:123][873]LogModuleManager: Shutting down and abandoning module AutomationWindow (132)
[2015.05.07-21.29.32:124][873]LogModuleManager: Shutting down and abandoning module Layers (131)
[2015.05.07-21.29.32:126][873]LogModuleManager: Shutting down and abandoning module ComponentVisualizers (130)
[2015.05.07-21.29.32:126][873]LogModuleManager: Shutting down and abandoning module DetailCustomizations (129)
[2015.05.07-21.29.32:126][873]LogModuleManager: Shutting down and abandoning module PackagesDialog (128)
[2015.05.07-21.29.32:126][873]LogModuleManager: Shutting down and abandoning module AssetRegistry (127)
[2015.05.07-21.29.32:180][873]LogModuleManager: Shutting down and abandoning module Persona (126)
[2015.05.07-21.29.32:181][873]LogModuleManager: Shutting down and abandoning module SlateReflector (125)
[2015.05.07-21.29.32:181][873]LogModuleManager: Shutting down and abandoning module LevelEditor (124)
[2015.05.07-21.29.32:182][873]LogModuleManager: Shutting down and abandoning module Kismet (123)
[2015.05.07-21.29.32:182][873]LogModuleManager: Shutting down and abandoning module GraphEditor (122)
[2015.05.07-21.29.32:226][873]LogModuleManager: Shutting down and abandoning module ClassViewer (121)
[2015.05.07-21.29.32:226][873]LogModuleManager: Shutting down and abandoning module Toolbox (120)
[2015.05.07-21.29.32:226][873]LogModuleManager: Shutting down and abandoning module ModuleUI (119)
[2015.05.07-21.29.32:227][873]LogModuleManager: Shutting down and abandoning module MovieSceneTools (118)
[2015.05.07-21.29.32:228][873]LogModuleManager: Shutting down and abandoning module OutputLog (117)
[2015.05.07-21.29.32:228][873]LogModuleManager: Shutting down and abandoning module GammaUI (116)
[2015.05.07-21.29.32:228][873]LogModuleManager: Shutting down and abandoning module Documentation (115)
[2015.05.07-21.29.32:228][873]LogModuleManager: Shutting down and abandoning module GameLiveStreaming (114)
[2015.05.07-21.29.32:228][873]LogModuleManager: Shutting down and abandoning module StreamingPauseRendering (113)
[2015.05.07-21.29.32:228][873]LogModuleManager: Shutting down and abandoning module HTTP (112)
[2015.05.07-21.29.32:229][873]LogModuleManager: Shutting down and abandoning module AnalyticsET (111)
[2015.05.07-21.29.32:229][873]LogModuleManager: Shutting down and abandoning module Analytics (110)
[2015.05.07-21.29.32:229][873]LogModuleManager: Shutting down and abandoning module AITestSuite (109)
[2015.05.07-21.29.32:229][873]LogModuleManager: Shutting down and abandoning module GameplayDebugger (108)
[2015.05.07-21.29.32:229][873]LogModuleManager: Shutting down and abandoning module AIModule (107)
[2015.05.07-21.29.32:229][873]LogModuleManager: Shutting down and abandoning module ProfilerService (106)
[2015.05.07-21.29.32:467][873]LogModuleManager: Shutting down and abandoning module TaskGraph (105)
[2015.05.07-21.29.32:469][873]LogModuleManager: Shutting down and abandoning module SlateRemote (104)
[2015.05.07-21.29.32:469][873]LogModuleManager: Shutting down and abandoning module ScriptEditorPlugin (103)
[2015.05.07-21.29.32:469][873]LogModuleManager: Shutting down and abandoning module CustomMeshComponent (102)
[2015.05.07-21.29.32:469][873]LogModuleManager: Shutting down and abandoning module CableComponent (101)
[2015.05.07-21.29.32:469][873]LogModuleManager: Shutting down and abandoning module MessagingDebugger (100)
[2015.05.07-21.29.32:470][873]LogModuleManager: Shutting down and abandoning module MediaPlayerEditor (99)
[2015.05.07-21.29.32:470][873]LogModuleManager: Shutting down and abandoning module SpeedTreeImporter (98)
[2015.05.07-21.29.32:470][873]LogModuleManager: Shutting down and abandoning module PluginsEditor (97)
[2015.05.07-21.29.32:470][873]LogModuleManager: Shutting down and abandoning module MainFrame (96)
[2015.05.07-21.29.32:471][873]LogModuleManager: Shutting down and abandoning module EpicSurvey (95)
[2015.05.07-21.29.32:471][873]LogModuleManager: Shutting down and abandoning module DesktopPlatform (94)
[2015.05.07-21.29.32:471][873]LogModuleManager: Shutting down and abandoning module DirectoryWatcher (93)
[2015.05.07-21.29.32:471][873]LogModuleManager: Shutting down and abandoning module HotReload (92)
[2015.05.07-21.29.32:471][873]LogModuleManager: Shutting down and abandoning module VisualStudioSourceCodeAccess (91)
[2015.05.07-21.29.32:471][873]LogModuleManager: Shutting down and abandoning module UObjectPlugin (90)
[2015.05.07-21.29.32:471][873]LogModuleManager: Shutting down and abandoning module SubversionSourceControl (89)
[2015.05.07-21.29.32:471][873]LogModuleManager: Shutting down and abandoning module PerforceSourceControl (88)
[2015.05.07-21.29.32:490][873]LogModuleManager: Shutting down and abandoning module SourceControl (87)
[2015.05.07-21.29.32:490][873]LogModuleManager: Shutting down and abandoning module GitSourceControl (86)
[2015.05.07-21.29.32:490][873]LogModuleManager: Shutting down and abandoning module BlankPlugin (85)
[2015.05.07-21.29.32:491][873]LogModuleManager: Shutting down and abandoning module PaperTiledImporter (84)
[2015.05.07-21.29.32:491][873]LogModuleManager: Shutting down and abandoning module PaperJsonImporter (83)
[2015.05.07-21.29.32:491][873]LogModuleManager: Shutting down and abandoning module ContentBrowser (82)
[2015.05.07-21.29.32:491][873]LogModuleManager: Shutting down and abandoning module Paper2DEditor (81)
[2015.05.07-21.29.32:491][873]LogModuleManager: Shutting down and abandoning module ScriptPlugin (80)
[2015.05.07-21.29.32:507][873]LogModuleManager: Shutting down and abandoning module UdpMessaging (79)
[2015.05.07-21.29.32:607][873]LogModuleManager: Shutting down and abandoning module Paper2D (78)
[2015.05.07-21.29.32:607][873]LogModuleManager: Shutting down and abandoning module WindowsMoviePlayer (77)
[2015.05.07-21.29.32:609][873]LogModuleManager: Shutting down and abandoning module Media (76)
[2015.05.07-21.29.32:609][873]LogModuleManager: Shutting down and abandoning module WmfMedia (75)
[2015.05.07-21.29.32:609][873]LogModuleManager: Shutting down and abandoning module OnlineBlueprintSupport (74)
[2015.05.07-21.29.32:609][873]LogModuleManager: Shutting down and abandoning module PropertyEditor (73)
[2015.05.07-21.29.32:609][873]LogModuleManager: Shutting down and abandoning module BehaviorTreeEditor (72)
[2015.05.07-21.29.32:613][873]LogModuleManager: Shutting down and abandoning module FunctionalTesting (71)
[2015.05.07-21.29.32:613][873]LogModuleManager: Shutting down and abandoning module CollisionAnalyzer (70)
[2015.05.07-21.29.32:614][873]LogModuleManager: Shutting down and abandoning module WorkspaceMenuStructure (69)
[2015.05.07-21.29.32:614][873]LogModuleManager: Shutting down and abandoning module MessageLog (68)
[2015.05.07-21.29.32:614][873]LogModuleManager: Shutting down and abandoning module Sequencer (67)
[2015.05.07-21.29.32:615][873]LogModuleManager: Shutting down and abandoning module AssetTools (66)
[2015.05.07-21.29.32:616][873]LogModuleManager: Shutting down and abandoning module UMGEditor (65)
[2015.05.07-21.29.32:617][873]LogModuleManager: Shutting down and abandoning module UMG (64)
[2015.05.07-21.29.32:617][873]LogModuleManager: Shutting down and abandoning module Slate (63)
[2015.05.07-21.29.32:617][873]LogModuleManager: Shutting down and abandoning module EditorStyle (62)
[2015.05.07-21.29.32:621][873]LogModuleManager: Shutting down and abandoning module SessionServices (61)
[2015.05.07-21.29.32:621][873]LogModuleManager: Shutting down and abandoning module SourceCodeAccess (60)
[2015.05.07-21.29.32:621][873]LogModuleManager: Shutting down and abandoning module HeadMountedDisplay (59)
[2015.05.07-21.29.32:621][873]LogModuleManager: Shutting down and abandoning module XAudio2 (58)
[2015.05.07-21.29.32:621][873]LogModuleManager: Shutting down and abandoning module Networking (56)
[2015.05.07-21.29.32:621][873]LogModuleManager: Shutting down and abandoning module Core (55)
[2015.05.07-21.29.32:621][873]LogModuleManager: Shutting down and abandoning module KismetCompiler (54)
[2015.05.07-21.29.32:621][873]LogModuleManager: Shutting down and abandoning module PhysXFormats (53)
[2015.05.07-21.29.32:621][873]LogModuleManager: Shutting down and abandoning module MeshUtilities (52)
[2015.05.07-21.29.32:621][873]LogModuleManager: Shutting down and abandoning module DerivedDataCache (51)
[2015.05.07-21.29.32:633][873]LogDerivedDataCache: Shutdown
[2015.05.07-21.29.32:633][873]LogModuleManager: Shutting down and abandoning module ShaderFormatOpenGL (50)
[2015.05.07-21.29.32:633][873]LogModuleManager: Shutting down and abandoning module ShaderFormatD3D (49)
[2015.05.07-21.29.32:633][873]LogModuleManager: Shutting down and abandoning module MetalShaderFormat (48)
[2015.05.07-21.29.32:634][873]LogModuleManager: Shutting down and abandoning module TextureFormatUncompressed (47)
[2015.05.07-21.29.32:634][873]LogModuleManager: Shutting down and abandoning module TextureFormatPVR (46)
[2015.05.07-21.29.32:634][873]LogModuleManager: Shutting down and abandoning module TextureFormatIntelISPCTexComp (45)
[2015.05.07-21.29.32:634][873]LogModuleManager: Shutting down and abandoning module TextureFormatDXT (44)
[2015.05.07-21.29.32:634][873]LogModuleManager: Shutting down and abandoning module ImageWrapper (43)
[2015.05.07-21.29.32:634][873]LogModuleManager: Shutting down and abandoning module TextureFormatASTC (42)
[2015.05.07-21.29.32:634][873]LogModuleManager: Shutting down and abandoning module TextureFormatAndroid (41)
[2015.05.07-21.29.32:634][873]LogModuleManager: Shutting down and abandoning module AudioFormatOpus (40)
[2015.05.07-21.29.32:634][873]LogModuleManager: Shutting down and abandoning module AudioFormatOgg (39)
[2015.05.07-21.29.32:634][873]LogModuleManager: Shutting down and abandoning module AudioFormatADPCM (38)
[2015.05.07-21.29.32:634][873]LogModuleManager: Shutting down and abandoning module LinuxTargetPlatform (37)
[2015.05.07-21.29.32:634][873]LogModuleManager: Shutting down and abandoning module LinuxServerTargetPlatform (36)
[2015.05.07-21.29.32:634][873]LogModuleManager: Shutting down and abandoning module LinuxNoEditorTargetPlatform (35)
[2015.05.07-21.29.32:634][873]LogModuleManager: Shutting down and abandoning module Messaging (34)
[2015.05.07-21.29.32:634][873]LogModuleManager: Shutting down and abandoning module IOSTargetPlatform (33)
[2015.05.07-21.29.32:634][873]LogModuleManager: Shutting down and abandoning module HTML5TargetPlatform (32)
[2015.05.07-21.29.32:634][873]LogModuleManager: Shutting down and abandoning module Android_PVRTCTargetPlatform (31)
[2015.05.07-21.29.32:634][873]LogModuleManager: Shutting down and abandoning module Android_ETC2TargetPlatform (30)
[2015.05.07-21.29.32:634][873]LogModuleManager: Shutting down and abandoning module Android_ETC1TargetPlatform (29)
[2015.05.07-21.29.32:634][873]LogModuleManager: Shutting down and abandoning module Android_ES31TargetPlatform (28)
[2015.05.07-21.29.32:634][873]LogModuleManager: Shutting down and abandoning module Android_DXTTargetPlatform (27)
[2015.05.07-21.29.32:634][873]LogModuleManager: Shutting down and abandoning module Android_ATCTargetPlatform (26)
[2015.05.07-21.29.32:634][873]LogModuleManager: Shutting down and abandoning module AndroidTargetPlatform (25)
[2015.05.07-21.29.32:634][873]LogModuleManager: Shutting down and abandoning module WindowsTargetPlatform (24)
[2015.05.07-21.29.32:634][873]LogModuleManager: Shutting down and abandoning module WindowsServerTargetPlatform (23)
[2015.05.07-21.29.32:634][873]LogModuleManager: Shutting down and abandoning module WindowsNoEditorTargetPlatform (22)
[2015.05.07-21.29.32:634][873]LogModuleManager: Shutting down and abandoning module WindowsClientTargetPlatform (21)
[2015.05.07-21.29.32:634][873]LogModuleManager: Shutting down and abandoning module TargetPlatform (20)
[2015.05.07-21.29.32:634][873]LogModuleManager: Shutting down and abandoning module InputCore (19)
[2015.05.07-21.29.32:634][873]LogModuleManager: Shutting down and abandoning module Settings (18)
[2015.05.07-21.29.32:634][873]LogModuleManager: Shutting down and abandoning module OnlineSubsystem (16)
[2015.05.07-21.29.32:634][873]LogModuleManager: Shutting down and abandoning module OculusRift (15)
[2015.05.07-21.29.32:634][873]LogModuleManager: Shutting down and abandoning module ExampleDeviceProfileSelector (14)
[2015.05.07-21.29.32:634][873]LogModuleManager: Shutting down and abandoning module TextureCompressor (13)
[2015.05.07-21.29.32:634][873]LogModuleManager: Shutting down and abandoning module ShaderCore (12)
[2015.05.07-21.29.32:634][873]LogModuleManager: Shutting down and abandoning module Landscape (11)
[2015.05.07-21.29.32:634][873]LogModuleManager: Shutting down and abandoning module SlateRHIRenderer (10)
[2015.05.07-21.29.32:636][873]LogModuleManager: Shutting down and abandoning module OpenGLDrv (9)
[2015.05.07-21.29.32:636][873]LogModuleManager: Shutting down and abandoning module D3D11RHI (8)
[2015.05.07-21.29.32:636][873]LogModuleManager: Shutting down and abandoning module Renderer (7)
[2015.05.07-21.29.32:636][873]LogModuleManager: Shutting down and abandoning module Engine (6)
[2015.05.07-21.29.32:636][873]LogModuleManager: Shutting down and abandoning module CoreUObject (5)
[2015.05.07-21.29.32:636][873]LogModuleManager: Shutting down and abandoning module NetworkFile (4)
[2015.05.07-21.29.32:636][873]LogModuleManager: Shutting down and abandoning module StreamingFile (3)
[2015.05.07-21.29.32:636][873]LogModuleManager: Shutting down and abandoning module SandboxFile (2)
[2015.05.07-21.29.32:636][873]LogModuleManager: Shutting down and abandoning module PakFile (1)
[2015.05.07-21.29.32:637][873]LogExit: Exiting.
[2015.05.07-21.29.32:659][873]Log file closed, 05/07/15 16:29:32
