Log file open, 03/06/15 12:43:52
LogInit:Display: Running engine for game: ENPo
LogInit: Version: 4.7.2-2467323+++depot+UE4-Releases+4.7
LogInit: API Version: 2455222
LogInit: Compiled (64-bit): Mar  2 2015 23:16:34
LogInit: Compiled with Visual C++: 18.00.21005.01
LogInit: Build Configuration: Development
LogInit: Branch Name: ++depot+UE4-Releases+4.7
LogInit: Command line:  
LogInit: Base directory: C:/Program Files/Epic Games/4.7/Engine/Binaries/Win64/
LogInit: Rocket: 1
[2015.03.06-18.43.52:315][  0]LogTaskGraph: Started task graph with 3 named threads and 4 total threads.
[2015.03.06-18.43.52:350][  0]LogOnline:Warning: No default platform service specified for OnlineSubsystem
[2015.03.06-18.43.52:364][  0]LogInit: Presizing for 0 objects not considered by GC, pre-allocating 0 bytes.
[2015.03.06-18.43.52:374][  0]LogInit: Object subsystem initialized
[2015.03.06-18.43.52:376][  0]LogConsoleResponse:Warning: Skipping Unknown console variable: 'TranslucentSortAxis = (X=0.000000,Y=-1.000000,Z=0.000000)'
[2015.03.06-18.43.52:376][  0]LogConsoleResponse:Warning:   Found in ini file 'C:/Users/Yardley Gutierrez/Documents/GitHub/New folder/turbo-archer/ENPo/Saved/Config/Windows/Engine.ini', in section '[/Script/Engine.RendererSettings]'
[2015.03.06-18.43.52:376][  0]LogConsoleResponse:Warning: Skipping Unknown console variable: 'UIScaleRule = ShortestSide'
[2015.03.06-18.43.52:376][  0]LogConsoleResponse:Warning:   Found in ini file 'C:/Users/Yardley Gutierrez/Documents/GitHub/New folder/turbo-archer/ENPo/Saved/Config/Windows/Engine.ini', in section '[/Script/Engine.RendererSettings]'
[2015.03.06-18.43.52:376][  0]LogConsoleResponse:Warning: Skipping Unknown console variable: 'UIScaleCurve = (EditorCurveData=(Keys=),ExternalCurve=None)'
[2015.03.06-18.43.52:376][  0]LogConsoleResponse:Warning:   Found in ini file 'C:/Users/Yardley Gutierrez/Documents/GitHub/New folder/turbo-archer/ENPo/Saved/Config/Windows/Engine.ini', in section '[/Script/Engine.RendererSettings]'
[2015.03.06-18.43.52:377][  0]LogInit: Selected Device Profile: [Windows]
[2015.03.06-18.43.52:377][  0]LogInit: Applying CVar settings loaded from the selected device profile: [Windows]
[2015.03.06-18.43.52:384][  0]LogInit: Computer: YARDLEY-PC
[2015.03.06-18.43.52:384][  0]LogInit: User: YardleyGutierrez
[2015.03.06-18.43.52:384][  0]LogInit: CPU Page size=4096, Cores=2
[2015.03.06-18.43.52:384][  0]LogInit: High frequency timer resolution =2.435884 MHz
[2015.03.06-18.43.52:385][  0]LogMemory: Memory total: Physical=3.9GB (4GB approx) Virtual=131072.0GB
[2015.03.06-18.43.52:385][  0]LogMemory: Platform Memory Stats for Windows
[2015.03.06-18.43.52:385][  0]LogMemory: Process Physical Memory: 45.97 MB used, 45.97 MB peak
[2015.03.06-18.43.52:385][  0]LogMemory: Process Virtual Memory: 26.36 MB used, 26.36 MB peak
[2015.03.06-18.43.52:385][  0]LogMemory: Physical Memory: 1701.70 MB used, 4002.70 MB total
[2015.03.06-18.43.52:385][  0]LogMemory: Virtual Memory: 285.55 MB used, 134217728.00 MB total
[2015.03.06-18.43.52:396][  0]LogD3D11RHI: Found D3D11 adapter 0: Intel(R) HD Graphics 4000 (Feature Level 11_0)
[2015.03.06-18.43.52:396][  0]LogD3D11RHI: Adapter has 32MB of dedicated video memory, 0MB of dedicated system memory, and 1760MB of shared system memory, 1 output[s]
[2015.03.06-18.43.52:397][  0]LogD3D11RHI: Found D3D11 adapter 1: Microsoft Basic Render Driver (Feature Level 11_0)
[2015.03.06-18.43.52:397][  0]LogD3D11RHI: Adapter has 0MB of dedicated video memory, 0MB of dedicated system memory, and 256MB of shared system memory, 0 output[s]
[2015.03.06-18.43.52:397][  0]LogD3D11RHI: Chosen D3D11 Adapter Id = 0
[2015.03.06-18.43.52:402][  0]LogRHI: Texture pool is 638 MB (70% of 912 MB)
[2015.03.06-18.43.52:406][  0]LogD3D11RHI: Async texture creation enabled
[2015.03.06-18.43.52:460][  0]LogTextLocalizationManager: The requested culture ('en_US') has no localization data; parent culture's ('en') localization data will be used.
[2015.03.06-18.43.52:627][  0]LogContentStreaming: Texture pool size is 0.000000MB
[2015.03.06-18.43.55:138][  0]LogTargetPlatformManager:Display: Building Assets For Windows
[2015.03.06-18.43.55:737][  0]LogTargetPlatformManager:Display: Building Assets For Windows
[2015.03.06-18.43.55:805][  0]LogDerivedDataCache:Display: Max Cache Size: 512 MB
[2015.03.06-18.43.55:866][  0]LogDerivedDataCache: Loaded boot cache 0.06s 39MB C:/Users/Yardley Gutierrez/AppData/Local/UnrealEngine/4.7/DerivedDataCache/Boot.ddc.
[2015.03.06-18.43.55:866][  0]LogDerivedDataCache:Display: Loaded Boot cache: C:/Users/Yardley Gutierrez/AppData/Local/UnrealEngine/4.7/DerivedDataCache/Boot.ddc
[2015.03.06-18.43.55:866][  0]LogDerivedDataCache: FDerivedDataBackendGraph:  Pak pak cache file ../../../../../../Users/Yardley Gutierrez/Documents/GitHub/New folder/turbo-archer/ENPo/DerivedDataCache/DDC.ddp not found, will not use a pak cache.
[2015.03.06-18.43.55:866][  0]LogDerivedDataCache: Unable to find inner node Pak for hierarchical cache Hierarchy.
[2015.03.06-18.43.56:000][  0]LogDerivedDataCache:Display: Pak cache opened for reading ../../../Engine/DerivedDataCache/Compressed.ddp.
[2015.03.06-18.43.56:012][  0]LogDerivedDataCache: Using Local data cache path C:/Users/Yardley Gutierrez/AppData/Local/UnrealEngine/Common/DerivedDataCache: Writable
[2015.03.06-18.43.56:333][  0]LogMeshUtilities: No automatic mesh reduction module available
[2015.03.06-18.43.56:333][  0]LogMeshUtilities: No automatic mesh merging module available
[2015.03.06-18.43.56:747][  0]LogInit: WinSock: version 1.1 (2.2), MaxSocks=32767, MaxUdp=65467
[2015.03.06-18.43.56:831][  0]LogSlate:Warning: Failed to load font data from '../../../Engine/Content/Slate/Fonts/Roboto-Italic.ttf'
[2015.03.06-18.43.57:635][  0]UdpMessaging: Initializing bridge on interface 0.0.0.0:0 to multicast group 230.0.0.1:6666.
[2015.03.06-18.43.57:847][  0]SourceControl: Info Source control is disabled
[2015.03.06-18.43.57:847][  0]SourceControl: Info Source control is disabled
[2015.03.06-18.43.57:847][  0]SourceControl: Info Source control is disabled
[2015.03.06-18.43.57:847][  0]LogSourceControl: RunCommandInternalRaw: 'git version'
[2015.03.06-18.43.57:847][  0]LogSourceControl: RunCommandInternalRaw: ExecProcess ReturnCode=2 OutResults=''
[2015.03.06-18.43.57:857][  0]SourceControl: Info Source control is disabled
[2015.03.06-18.43.58:056][  0]LogObj: 24231 objects as part of root set at end of initial load.
[2015.03.06-18.43.58:056][  0]LogUObjectAllocator: 5136440 out of 0 bytes used by permanent object pool.
[2015.03.06-18.43.58:145][  0]LogEngine: Initializing Engine...
[2015.03.06-18.44.00:326][  0]LogInit: XAudio2 using 'Speakers (Cirrus Logic CS4206B (AB 82))' : 4 channels at 48 kHz using 32 bits per sample (channel mask 0x33)
[2015.03.06-18.44.00:340][  0]LogInit: FAudioDevice initialized.
[2015.03.06-18.44.00:381][  0]LogAIModule: Creating AISystem for world NewWorld
[2015.03.06-18.44.00:440][  0]LogDerivedDataCache: Saved boot cache 0.06s 39MB C:/Users/Yardley Gutierrez/AppData/Local/UnrealEngine/4.7/DerivedDataCache/Boot.ddc.
[2015.03.06-18.44.00:444][  0]LogInit: Texture streaming: Enabled
[2015.03.06-18.44.00:548][  0]LogAnalytics: Creating configured Analytics provider AnalyticsET
[2015.03.06-18.44.00:549][  0]LogAnalytics: ET APIKey = Rocket.Release. APIServer = http://et2.epicgames.com/ET2/. AppVersion = 4.7.2-2467323+++depot+UE4-Releases+4.7
[2015.03.06-18.44.00:549][  0]LogAnalytics: ET APIKey = Rocket.Release. DataRouterUploadURL = https://datarouter-public-service-gamedev.ol.epicgames.net/datarouter/api/v1/public/data. AppVersion = 4.7.2-2467323+++depot+UE4-Releases+4.7
[2015.03.06-18.44.00:549][  0]LogAnalytics: SetUserId a0b74a0f40da1d3eef40c6be10647983|277162545ec74c0fafe928678aa70e70|7bb8c1b2-298a-40e0-8e50-56eb0000bfbd
[2015.03.06-18.44.00:549][  0]LogAnalytics: AnalyticsET::StartSession [Rocket.Release]
[2015.03.06-18.44.00:572][  0]LogInit: Transaction tracking system initialized
[2015.03.06-18.44.00:800][  0]BlueprintLog: New page: Editor Load
[2015.03.06-18.44.00:838][  0]LogAssetRegistry: FAssetRegistry took 0.0104 seconds to start up
[2015.03.06-18.44.00:838][  0]LogDirectoryWatcher:Warning: Failed to begin reading directory changes for ../../../Engine/Plugins/Experimental/CharacterAI/Content/. Error: 0
[2015.03.06-18.44.01:673][  0]LogTargetPlatformManager:Display: Building Assets For Windows
[2015.03.06-18.44.02:194][  0]LogTargetPlatformManager:Display: Building Assets For Windows
[2015.03.06-18.44.02:582][  0]LogSlate:Warning: Failed to load font data from '../../../Engine/Content/Editor/Slate/Fonts/Roboto-Regular.ttf'
[2015.03.06-18.44.02:583][  0]LogSlate:Warning: Failed to load font data from '../../../Engine/Content/Editor/Slate/Fonts/Roboto-Bold.ttf'
[2015.03.06-18.44.02:591][  0]LogConsoleResponse:Display: 
[2015.03.06-18.44.02:826][  0]LogCook:Display: Done creating registry. It took  0.00s.
[2015.03.06-18.44.03:049][  0]SourceControl: Info Source control is disabled
[2015.03.06-18.44.03:050][  0]Cmd: MAP LOAD FILE="../../../../../../Users/Yardley Gutierrez/Documents/GitHub/New folder/turbo-archer/ENPo/Content/PuzzleBP/Maps/PuzzleExampleMap.umap" TEMPLATE=0 SHOWPROGRESS=1 FEATURELEVEL=3
[2015.03.06-18.44.03:050][  0]LightingResults: New page: Lighting Build
[2015.03.06-18.44.03:073][  0]MapCheck: New page: Map Check
[2015.03.06-18.44.03:073][  0]LightingResults: New page: Lighting Build
[2015.03.06-18.44.03:093][  0]LogParticles: Destroying 0 GPU particle simulations for FXSystem 0x00000062ADB98D60
[2015.03.06-18.44.03:957][  0]LogBlueprint:Warning: [compiler] Warning Node  Unknown  is not referencing a valid level actor
[2015.03.06-18.44.03:958][  0]LogBlueprint:Warning: [compiler] Warning [0013.55] Compile of PuzzleExampleMap successful, but with 1 Warning(s) [in 8 ms]
[2015.03.06-18.44.03:958][  0]LogBlueprint:Warning: [compiler] Warning [0013.55] Compile of PuzzleExampleMap successful, but with 2 Warning(s) [in 0 ms]
[2015.03.06-18.44.03:958][  0]LogBlueprint:Warning: [compiler] Warning [0013.55] Compile of PuzzleExampleMap successful, but with 3 Warning(s) [in 0 ms]
[2015.03.06-18.44.03:958][  0]LogBlueprint:Warning: [compiler] Warning [0013.55] Compile of PuzzleExampleMap successful, but with 4 Warning(s) [in 0 ms]
[2015.03.06-18.44.03:966][  0]LogBlueprint:Warning: [compiler] Warning Node  Unknown  is not referencing a valid level actor
[2015.03.06-18.44.03:967][  0]LogBlueprint:Warning: [compiler] Warning [0013.56] Compile of PuzzleExampleMap successful, but with 1 Warning(s) [in 8 ms]
[2015.03.06-18.44.03:967][  0]LogBlueprint:Warning: [compiler] Warning [0013.56] Compile of PuzzleExampleMap successful, but with 2 Warning(s) [in 0 ms]
[2015.03.06-18.44.04:089][  0]LogEditorServer: Finished looking for orphan Actors (0.000 secs)
[2015.03.06-18.44.04:090][  0]LogAIModule: Creating AISystem for world PuzzleExampleMap
[2015.03.06-18.44.04:091][  0]Cmd: MAP CHECKDEP
[2015.03.06-18.44.04:091][  0]MapCheck: New page: PuzzleExampleMap - Mar 6, 2015, 6:44:04 AM
[2015.03.06-18.44.04:203][  0]MapCheck: Info Map check complete: 0 Error(s), 0 Warning(s), took 111.586ms to complete.
[2015.03.06-18.44.04:203][  0]LogFileHelpers: Loading map 'PuzzleExampleMap' took 1.154
[2015.03.06-18.44.04:364][  0]LogCollectionManager: Loaded 0 collections in 0.002091 seconds
[2015.03.06-18.44.04:375][  0]LogContentBrowser: Native class hierarchy populated in 0.0110 seconds. Added 1696 classes and 261 folders.
[2015.03.06-18.44.04:414][  0]LogContentBrowser: Native class hierarchy updated for 'SceneOutliner' in 0.0023 seconds. Added 1 classes and 2 folders.
[2015.03.06-18.44.04:500][  0]LogCrashTracker: Crashtracker disabled due to settings.
[2015.03.06-18.44.04:502][  0]LogSlate:Warning: Failed to load font data from 'Veranda'
[2015.03.06-18.44.04:511][  0]LogUObjectGlobals:Warning: Failed to find object 'Class None.'
[2015.03.06-18.44.04:539][  0]LogLoad: Full Startup: 14.13 seconds (BP compile: 0.36 seconds)
[2015.03.06-18.44.04:934][  0]LogContentBrowser:Verbose: The content browser source was changed by the sources view to '/Game/Blueprints'
[2015.03.06-18.44.05:075][  0]LogRenderer:Warning: Reallocating scene render targets to support 32x32 (Frame:2).
[2015.03.06-18.44.05:391][  0]LogRenderer:Warning: Reallocating scene render targets to support 688x424 (Frame:3).
[2015.03.06-18.44.06:336][  6]LogAssetRegistry: Asset discovery search completed in 5.5085 seconds
[2015.03.06-18.45.41:189][376]BlueprintLog: New page: Compile RunnerCharacter
[2015.03.06-18.45.41:282][376]LogActorComponent: UnregisterComponent: (/Engine/Transient.CharMoveComp) Not registered. Aborting.
[2015.03.06-18.45.41:352][376]LogParticles: Destroying 0 GPU particle simulations for FXSystem 0x00000062A0238860
[2015.03.06-18.45.41:425][376]BlueprintEditorCompileResults: Info [0111.02] Compile of RunnerCharacter successful! [in 235 ms]
[2015.03.06-18.46.13:380][244]LogSavePackage: Save=475.080505ms
[2015.03.06-18.46.13:380][244]LogSavePackage: Moving '../../../../../../Users/Yardley Gutierrez/Documents/GitHub/New folder/turbo-archer/ENPo/Saved/RunnerCharacter36EC53894B0CDEA41F7EEFB0BD8B9A7C.tmp' to '../../../../../../Users/Yardley Gutierrez/Documents/GitHub/New folder/turbo-archer/ENPo/Content/Blueprints/RunnerCharacter.uasset'
[2015.03.06-18.46.13:814][270]BlueprintLog: New page: Compile RunnerCharacter
[2015.03.06-18.46.13:884][270]LogActorComponent: UnregisterComponent: (/Engine/Transient.CharMoveComp) Not registered. Aborting.
[2015.03.06-18.46.13:932][270]BlueprintEditorCompileResults: Info [0143.53] Compile of RunnerCharacter successful! [in 118 ms]
[2015.03.06-18.46.18:105][475]LogD3D11RHI: Timed out while waiting for GPU to catch up. (0.5 s)
[2015.03.06-18.46.20:025][516]LogActorComponent: UnregisterComponent: (/Engine/Transient.CharMoveComp) Not registered. Aborting.
[2015.03.06-18.46.20:118][516]LogBlueprint:Warning: [compiler] Warning Node  Unknown  is not referencing a valid level actor
[2015.03.06-18.46.20:119][516]LogBlueprint:Warning: [compiler] Warning [0149.71] Compile of PuzzleExampleMap successful, but with 1 Warning(s) [in 43 ms]
[2015.03.06-18.46.20:120][516]LogBlueprint:Warning: [compiler] Warning [0149.71] Compile of PuzzleExampleMap successful, but with 2 Warning(s) [in 0 ms]
[2015.03.06-18.46.20:150][516]LogBlueprint:Warning: [compiler] Warning [0149.74] Compile of PuzzleExampleMap successful, but with 3 Warning(s) [in 30 ms]
[2015.03.06-18.46.20:153][516]LogBlueprint:Warning: [compiler] Warning [0149.75] Compile of PuzzleExampleMap successful, but with 4 Warning(s) [in 3 ms]
[2015.03.06-18.46.20:153][516]LogBlueprint:Warning: [compiler] Warning [0149.75] Compile of PuzzleExampleMap successful, but with 5 Warning(s) [in 0 ms]
[2015.03.06-18.46.20:154][516]LogBlueprint:Warning: [compiler] Warning [0149.75] Compile of PuzzleExampleMap successful, but with 6 Warning(s) [in 0 ms]
[2015.03.06-18.46.20:320][516]LogSavePackage: Save=247.117676ms
[2015.03.06-18.46.20:321][516]LogSavePackage: Moving '../../../../../../Users/Yardley Gutierrez/Documents/GitHub/New folder/turbo-archer/ENPo/Saved/PuzzleExampleMapBD496B4548544FDD93568F9AA74407A1.tmp' to '../../../../../../Users/Yardley Gutierrez/Documents/GitHub/New folder/turbo-archer/ENPo/Content/PuzzleBP/Maps/PuzzleExampleMap.umap'
[2015.03.06-18.46.21:567][543]BlueprintLog: New page: Pre-PIE auto-recompile
[2015.03.06-18.46.21:572][543]LogPlayLevel: [PIE] Compiling PuzzleExampleMap before PIE...
[2015.03.06-18.46.21:583][543]LogBlueprint:Warning: [compiler] Warning Node  Unknown  is not referencing a valid level actor
[2015.03.06-18.46.21:584][543]LogBlueprint:Warning: [compiler] Warning [0151.18] Compile of PuzzleExampleMap successful, but with 1 Warning(s) [in 9 ms]
[2015.03.06-18.46.21:584][543]LogBlueprint:Warning: [compiler] Warning [0151.18] Compile of PuzzleExampleMap successful, but with 2 Warning(s) [in 0 ms]
[2015.03.06-18.46.21:616][543]LogBlueprint:Warning: [compiler] Warning [0151.21] Compile of PuzzleExampleMap successful, but with 3 Warning(s) [in 31 ms]
[2015.03.06-18.46.21:621][543]LogBlueprint:Warning: [compiler] Warning [0151.22] Compile of PuzzleExampleMap successful, but with 4 Warning(s) [in 4 ms]
[2015.03.06-18.46.21:621][543]LogBlueprint:Warning: [compiler] Warning [0151.22] Compile of PuzzleExampleMap successful, but with 5 Warning(s) [in 0 ms]
[2015.03.06-18.46.21:621][543]LogBlueprint:Warning: [compiler] Warning [0151.22] Compile of PuzzleExampleMap successful, but with 6 Warning(s) [in 0 ms]
[2015.03.06-18.46.21:663][543]LogPlayLevel: PIE:  Blueprint regeneration took 96 ms (1 blueprints)
[2015.03.06-18.46.21:663][543]PIE: New page: SIE session: PuzzleExampleMap (Mar 6, 2015, 6:46:21 AM)
[2015.03.06-18.46.21:696][543]LogPlayLevel: PIE: StaticDuplicateObject took: (0.031917s)
[2015.03.06-18.46.21:697][543]LogPlayLevel: PIE: World Init took: (0.001316s)
[2015.03.06-18.46.21:697][543]LogPlayLevel: PIE: Created PIE world by copying editor world from /Game/PuzzleBP/Maps/PuzzleExampleMap.PuzzleExampleMap to /Game/PuzzleBP/Maps/UEDPIE_0_PuzzleExampleMap.PuzzleExampleMap (0.033688s)
[2015.03.06-18.46.21:752][543]LogWorld: Game class is 'RunnerGameMode_C'
[2015.03.06-18.46.21:754][543]LogAIModule: Creating AISystem for world PuzzleExampleMap
[2015.03.06-18.46.21:758][543]LogWorld: Bringing World /Game/PuzzleBP/Maps/UEDPIE_0_PuzzleExampleMap.PuzzleExampleMap up for play (max tick rate 60) at 2015.03.06-12.46.21
[2015.03.06-18.46.21:759][543]LogWorld: Bringing up level for play took: 0.004581
[2015.03.06-18.46.21:760][543]LogGameMode: Warning - PATHS NOT DEFINED or NO PLAYERSTART with positive rating
[2015.03.06-18.46.21:763][543]PIE: Info Play in editor start time for /Game/PuzzleBP/Maps/UEDPIE_0_PuzzleExampleMap -0.136
[2015.03.06-18.46.32:306][916]LogParticles: Destroying 0 GPU particle simulations for FXSystem 0x00000062AB7904A0
[2015.03.06-18.48.50:654][977]BlueprintLog: New page: Compile RunnerCharacter
[2015.03.06-18.48.50:773][977]BlueprintEditorCompileResults: Info [0300.37] Compile of RunnerCharacter successful! [in 118 ms]
[2015.03.06-18.48.51:961][ 11]LogSavePackage: Save=481.756104ms
[2015.03.06-18.48.51:961][ 11]LogSavePackage: Moving '../../../../../../Users/Yardley Gutierrez/Documents/GitHub/New folder/turbo-archer/ENPo/Saved/RunnerCharacter124F834A4D7087A62537D081B5897222.tmp' to '../../../../../../Users/Yardley Gutierrez/Documents/GitHub/New folder/turbo-archer/ENPo/Content/Blueprints/RunnerCharacter.uasset'
[2015.03.06-18.48.54:102][ 36]LogD3D11RHI: Timed out while waiting for GPU to catch up. (0.5 s)
[2015.03.06-18.48.56:698][ 92]LogActorComponent: UnregisterComponent: (/Engine/Transient.CharMoveComp) Not registered. Aborting.
[2015.03.06-18.48.56:767][ 92]LogBlueprint:Warning: [compiler] Warning Node  Unknown  is not referencing a valid level actor
[2015.03.06-18.48.56:767][ 92]LogBlueprint:Warning: [compiler] Warning [0306.36] Compile of PuzzleExampleMap successful, but with 1 Warning(s) [in 8 ms]
[2015.03.06-18.48.56:768][ 92]LogBlueprint:Warning: [compiler] Warning [0306.36] Compile of PuzzleExampleMap successful, but with 2 Warning(s) [in 0 ms]
[2015.03.06-18.48.56:799][ 92]LogBlueprint:Warning: [compiler] Warning [0306.39] Compile of PuzzleExampleMap successful, but with 3 Warning(s) [in 30 ms]
[2015.03.06-18.48.56:802][ 92]LogBlueprint:Warning: [compiler] Warning [0306.40] Compile of PuzzleExampleMap successful, but with 4 Warning(s) [in 3 ms]
[2015.03.06-18.48.56:802][ 92]LogBlueprint:Warning: [compiler] Warning [0306.40] Compile of PuzzleExampleMap successful, but with 5 Warning(s) [in 0 ms]
[2015.03.06-18.48.56:802][ 92]LogBlueprint:Warning: [compiler] Warning [0306.40] Compile of PuzzleExampleMap successful, but with 6 Warning(s) [in 0 ms]
[2015.03.06-18.48.56:969][ 92]LogSavePackage: Save=211.526901ms
[2015.03.06-18.48.56:969][ 92]LogSavePackage: Moving '../../../../../../Users/Yardley Gutierrez/Documents/GitHub/New folder/turbo-archer/ENPo/Saved/PuzzleExampleMap61756914426F062F945B1690EB8AB4A3.tmp' to '../../../../../../Users/Yardley Gutierrez/Documents/GitHub/New folder/turbo-archer/ENPo/Content/PuzzleBP/Maps/PuzzleExampleMap.umap'
[2015.03.06-18.48.57:896][112]BlueprintLog: New page: Pre-PIE auto-recompile
[2015.03.06-18.48.57:902][112]LogPlayLevel: [PIE] Compiling PuzzleExampleMap before P