Log file open, 03/06/15 12:40:42
LogInit:Display: Running engine for game: ENPo
LogInit: Version: 4.7.2-2467323+++depot+UE4-Releases+4.7
LogInit: API Version: 2455222
LogInit: Compiled (64-bit): Mar  2 2015 23:16:34
LogInit: Compiled with Visual C++: 18.00.21005.01
LogInit: Build Configuration: Development
LogInit: Branch Name: ++depot+UE4-Releases+4.7
LogInit: Command line:  
LogInit: Base directory: C:/Program Files/Epic Games/4.7/Engine/Binaries/Win64/
LogInit: Rocket: 1
[2015.03.06-18.40.42:050][  0]LogTaskGraph: Started task graph with 3 named threads and 4 total threads.
[2015.03.06-18.40.42:084][  0]LogOnline:Warning: No default platform service specified for OnlineSubsystem
[2015.03.06-18.40.42:098][  0]LogInit: Presizing for 0 objects not considered by GC, pre-allocating 0 bytes.
[2015.03.06-18.40.42:109][  0]LogInit: Object subsystem initialized
[2015.03.06-18.40.42:111][  0]LogConsoleResponse:Warning: Skipping Unknown console variable: 'TranslucentSortAxis = (X=0.000000,Y=-1.000000,Z=0.000000)'
[2015.03.06-18.40.42:111][  0]LogConsoleResponse:Warning:   Found in ini file 'C:/Users/Yardley Gutierrez/Documents/GitHub/New folder/turbo-archer/ENPo/Saved/Config/Windows/Engine.ini', in section '[/Script/Engine.RendererSettings]'
[2015.03.06-18.40.42:111][  0]LogConsoleResponse:Warning: Skipping Unknown console variable: 'UIScaleRule = ShortestSide'
[2015.03.06-18.40.42:111][  0]LogConsoleResponse:Warning:   Found in ini file 'C:/Users/Yardley Gutierrez/Documents/GitHub/New folder/turbo-archer/ENPo/Saved/Config/Windows/Engine.ini', in section '[/Script/Engine.RendererSettings]'
[2015.03.06-18.40.42:111][  0]LogConsoleResponse:Warning: Skipping Unknown console variable: 'UIScaleCurve = (EditorCurveData=(Keys=),ExternalCurve=None)'
[2015.03.06-18.40.42:111][  0]LogConsoleResponse:Warning:   Found in ini file 'C:/Users/Yardley Gutierrez/Documents/GitHub/New folder/turbo-archer/ENPo/Saved/Config/Windows/Engine.ini', in section '[/Script/Engine.RendererSettings]'
[2015.03.06-18.40.42:112][  0]LogInit: Selected Device Profile: [Windows]
[2015.03.06-18.40.42:112][  0]LogInit: Applying CVar settings loaded from the selected device profile: [Windows]
[2015.03.06-18.40.42:120][  0]LogInit: Computer: YARDLEY-PC
[2015.03.06-18.40.42:120][  0]LogInit: User: YardleyGutierrez
[2015.03.06-18.40.42:120][  0]LogInit: CPU Page size=4096, Cores=2
[2015.03.06-18.40.42:120][  0]LogInit: High frequency timer resolution =2.435884 MHz
[2015.03.06-18.40.42:120][  0]LogMemory: Memory total: Physical=3.9GB (4GB approx) Virtual=131072.0GB
[2015.03.06-18.40.42:120][  0]LogMemory: Platform Memory Stats for Windows
[2015.03.06-18.40.42:120][  0]LogMemory: Process Physical Memory: 45.91 MB used, 45.91 MB peak
[2015.03.06-18.40.42:120][  0]LogMemory: Process Virtual Memory: 26.25 MB used, 26.25 MB peak
[2015.03.06-18.40.42:120][  0]LogMemory: Physical Memory: 1663.34 MB used, 4002.70 MB total
[2015.03.06-18.40.42:120][  0]LogMemory: Virtual Memory: 285.55 MB used, 134217728.00 MB total
[2015.03.06-18.40.42:131][  0]LogD3D11RHI: Found D3D11 adapter 0: Intel(R) HD Graphics 4000 (Feature Level 11_0)
[2015.03.06-18.40.42:131][  0]LogD3D11RHI: Adapter has 32MB of dedicated video memory, 0MB of dedicated system memory, and 1760MB of shared system memory, 1 output[s]
[2015.03.06-18.40.42:132][  0]LogD3D11RHI: Found D3D11 adapter 1: Microsoft Basic Render Driver (Feature Level 11_0)
[2015.03.06-18.40.42:132][  0]LogD3D11RHI: Adapter has 0MB of dedicated video memory, 0MB of dedicated system memory, and 256MB of shared system memory, 0 output[s]
[2015.03.06-18.40.42:132][  0]LogD3D11RHI: Chosen D3D11 Adapter Id = 0
[2015.03.06-18.40.42:136][  0]LogRHI: Texture pool is 638 MB (70% of 912 MB)
[2015.03.06-18.40.42:139][  0]LogD3D11RHI: Async texture creation enabled
[2015.03.06-18.40.42:193][  0]LogTextLocalizationManager: The requested culture ('en_US') has no localization data; parent culture's ('en') localization data will be used.
[2015.03.06-18.40.42:353][  0]LogContentStreaming: Texture pool size is 0.000000MB
[2015.03.06-18.40.44:820][  0]LogTargetPlatformManager:Display: Building Assets For Windows
[2015.03.06-18.40.45:430][  0]LogTargetPlatformManager:Display: Building Assets For Windows
[2015.03.06-18.40.45:500][  0]LogDerivedDataCache:Display: Max Cache Size: 512 MB
[2015.03.06-18.40.45:545][  0]LogDerivedDataCache: Loaded boot cache 0.04s 39MB C:/Users/Yardley Gutierrez/AppData/Local/UnrealEngine/4.7/DerivedDataCache/Boot.ddc.
[2015.03.06-18.40.45:545][  0]LogDerivedDataCache:Display: Loaded Boot cache: C:/Users/Yardley Gutierrez/AppData/Local/UnrealEngine/4.7/DerivedDataCache/Boot.ddc
[2015.03.06-18.40.45:545][  0]LogDerivedDataCache: FDerivedDataBackendGraph:  Pak pak cache file ../../../../../../Users/Yardley Gutierrez/Documents/GitHub/New folder/turbo-archer/ENPo/DerivedDataCache/DDC.ddp not found, will not use a pak cache.
[2015.03.06-18.40.45:545][  0]LogDerivedDataCache: Unable to find inner node Pak for hierarchical cache Hierarchy.
[2015.03.06-18.40.45:677][  0]LogDerivedDataCache:Display: Pak cache opened for reading ../../../Engine/DerivedDataCache/Compressed.ddp.
[2015.03.06-18.40.45:688][  0]LogDerivedDataCache: Using Local data cache path C:/Users/Yardley Gutierrez/AppData/Local/UnrealEngine/Common/DerivedDataCache: Writable
[2015.03.06-18.40.46:015][  0]LogMeshUtilities: No automatic mesh reduction module available
[2015.03.06-18.40.46:015][  0]LogMeshUtilities: No automatic mesh merging module available
[2015.03.06-18.40.46:471][  0]LogInit: WinSock: version 1.1 (2.2), MaxSocks=32767, MaxUdp=65467
[2015.03.06-18.40.46:558][  0]LogSlate:Warning: Failed to load font data from '../../../Engine/Content/Slate/Fonts/Roboto-Italic.ttf'
[2015.03.06-18.40.47:367][  0]UdpMessaging: Initializing bridge on interface 0.0.0.0:0 to multicast group 230.0.0.1:6666.
[2015.03.06-18.40.47:581][  0]SourceControl: Info Source control is disabled
[2015.03.06-18.40.47:581][  0]SourceControl: Info Source control is disabled
[2015.03.06-18.40.47:581][  0]SourceControl: Info Source control is disabled
[2015.03.06-18.40.47:581][  0]LogSourceControl: RunCommandInternalRaw: 'git version'
[2015.03.06-18.40.47:581][  0]LogSourceControl: RunCommandInternalRaw: ExecProcess ReturnCode=2 OutResults=''
[2015.03.06-18.40.47:591][  0]SourceControl: Info Source control is disabled
[2015.03.06-18.40.47:791][  0]LogObj: 24231 objects as part of root set at end of initial load.
[2015.03.06-18.40.47:791][  0]LogUObjectAllocator: 5136440 out of 0 bytes used by permanent object pool.
[2015.03.06-18.40.47:882][  0]LogEngine: Initializing Engine...
[2015.03.06-18.40.50:064][  0]LogInit: XAudio2 using 'Speakers (Cirrus Logic CS4206B (AB 82))' : 4 channels at 48 kHz using 32 bits per sample (channel mask 0x33)
[2015.03.06-18.40.50:080][  0]LogInit: FAudioDevice initialized.
[2015.03.06-18.40.50:120][  0]LogAIModule: Creating AISystem for world NewWorld
[2015.03.06-18.40.50:144][  0]LogDerivedDataCache: Saved boot cache 0.02s 39MB C:/Users/Yardley Gutierrez/AppData/Local/UnrealEngine/4.7/DerivedDataCache/Boot.ddc.
[2015.03.06-18.40.50:149][  0]LogInit: Texture streaming: Enabled
[2015.03.06-18.40.50:250][  0]LogAnalytics: Creating configured Analytics provider AnalyticsET
[2015.03.06-18.40.50:250][  0]LogAnalytics: ET APIKey = Rocket.Release. APIServer = http://et2.epicgames.com/ET2/. AppVersion = 4.7.2-2467323+++depot+UE4-Releases+4.7
[2015.03.06-18.40.50:250][  0]LogAnalytics: ET APIKey = Rocket.Release. DataRouterUploadURL = https://datarouter-public-service-gamedev.ol.epicgames.net/datarouter/api/v1/public/data. AppVersion = 4.7.2-2467323+++depot+UE4-Releases+4.7
[2015.03.06-18.40.50:250][  0]LogAnalytics: SetUserId a0b74a0f40da1d3eef40c6be10647983|277162545ec74c0fafe928678aa70e70|7bb8c1b2-298a-40e0-8e50-56eb0000bfbd
[2015.03.06-18.40.50:251][  0]LogAnalytics: AnalyticsET::StartSession [Rocket.Release]
[2015.03.06-18.40.50:274][  0]LogInit: Transaction tracking system initialized
[2015.03.06-18.40.50:461][  0]BlueprintLog: New page: Editor Load
[2015.03.06-18.40.50:501][  0]LogAssetRegistry: FAssetRegistry took 0.0111 seconds to start up
[2015.03.06-18.40.50:501][  0]LogDirectoryWatcher:Warning: Failed to begin reading directory changes for ../../../Engine/Plugins/Experimental/CharacterAI/Content/. Error: 0
[2015.03.06-18.40.51:344][  0]LogTargetPlatformManager:Display: Building Assets For Windows
[2015.03.06-18.40.51:880][  0]LogTargetPlatformManager:Display: Building Assets For Windows
[2015.03.06-18.40.52:214][  0]LogSlate:Warning: Failed to load font data from '../../../Engine/Content/Editor/Slate/Fonts/Roboto-Regular.ttf'
[2015.03.06-18.40.52:214][  0]LogSlate:Warning: Failed to load font data from '../../../Engine/Content/Editor/Slate/Fonts/Roboto-Bold.ttf'
[2015.03.06-18.40.52:220][  0]LogConsoleResponse:Display: 
[2015.03.06-18.40.52:407][  0]LogCook:Display: Done creating registry. It took  0.00s.
[2015.03.06-18.40.52:609][  0]SourceControl: Info Source control is disabled
[2015.03.06-18.40.52:609][  0]Cmd: MAP LOAD FILE="../../../../../../Users/Yardley Gutierrez/Documents/GitHub/New folder/turbo-archer/ENPo/Content/PuzzleBP/Maps/PuzzleExampleMap.umap" TEMPLATE=0 SHOWPROGRESS=1 FEATURELEVEL=3
[2015.03.06-18.40.52:610][  0]LightingResults: New page: Lighting Build
[2015.03.06-18.40.52:630][  0]MapCheck: New page: Map Check
[2015.03.06-18.40.52:630][  0]LightingResults: New page: Lighting Build
[2015.03.06-18.40.52:655][  0]LogParticles: Destroying 0 GPU particle simulations for FXSystem 0x0000008D3B990D60
[2015.03.06-18.40.53:600][  0]LogBlueprint:Warning: [compiler] Warning Node  Unknown  is not referencing a valid level actor
[2015.03.06-18.40.53:601][  0]LogBlueprint:Warning: [compiler] Warning [0013.47] Compile of PuzzleExampleMap successful, but with 1 Warning(s) [in 10 ms]
[2015.03.06-18.40.53:601][  0]LogBlueprint:Warning: [compiler] Warning [0013.47] Compile of PuzzleExampleMap successful, but with 2 Warning(s) [in 0 ms]
[2015.03.06-18.40.53:601][  0]LogBlueprint:Warning: [compiler] Warning [0013.47] Compile of PuzzleExampleMap successful, but with 3 Warning(s) [in 0 ms]
[2015.03.06-18.40.53:602][  0]LogBlueprint:Warning: [compiler] Warning [0013.47] Compile of PuzzleExampleMap successful, but with 4 Warning(s) [in 0 ms]
[2015.03.06-18.40.53:611][  0]LogBlueprint:Warning: [compiler] Warning Node  Unknown  is not referencing a valid level actor
[2015.03.06-18.40.53:611][  0]LogBlueprint:Warning: [compiler] Warning [0013.48] Compile of PuzzleExampleMap successful, but with 1 Warning(s) [in 9 ms]
[2015.03.06-18.40.53:612][  0]LogBlueprint:Warning: [compiler] Warning [0013.48] Compile of PuzzleExampleMap successful, but with 2 Warning(s) [in 0 ms]
[2015.03.06-18.40.53:744][  0]LogEditorServer: Finished looking for orphan Actors (0.000 secs)
[2015.03.06-18.40.53:744][  0]LogAIModule: Creating AISystem for world PuzzleExampleMap
[2015.03.06-18.40.53:745][  0]Cmd: MAP CHECKDEP
[2015.03.06-18.40.53:746][  0]MapCheck: New page: PuzzleExampleMap - Mar 6, 2015, 6:40:53 AM
[2015.03.06-18.40.53:848][  0]MapCheck: Info Map check complete: 0 Error(s), 0 Warning(s), took 102.14ms to complete.
[2015.03.06-18.40.53:848][  0]LogFileHelpers: Loading map 'PuzzleExampleMap' took 1.238
[2015.03.06-18.40.53:993][  0]LogCollectionManager: Loaded 0 collections in 0.001847 seconds
[2015.03.06-18.40.54:004][  0]LogContentBrowser: Native class hierarchy populated in 0.0111 seconds. Added 1696 classes and 261 folders.
[2015.03.06-18.40.54:046][  0]LogContentBrowser: Native class hierarchy updated for 'SceneOutliner' in 0.0030 seconds. Added 1 classes and 2 folders.
[2015.03.06-18.40.54:131][  0]LogCrashTracker: Crashtracker disabled due to settings.
[2015.03.06-18.40.54:132][  0]LogSlate:Warning: Failed to load font data from 'Veranda'
[2015.03.06-18.40.54:141][  0]LogUObjectGlobals:Warning: Failed to find object 'Class None.'
[2015.03.06-18.40.54:169][  0]LogLoad: Full Startup: 14.04 seconds (BP compile: 0.42 seconds)
[2015.03.06-18.40.54:570][  0]LogContentBrowser:Verbose: The content browser source was changed by the sources view to '/Game/Blueprints'
[2015.03.06-18.40.54:711][  0]LogRenderer:Warning: Reallocating scene render targets to support 32x32 (Frame:2).
[2015.03.06-18.40.55:040][  0]LogRenderer:Warning: Reallocating scene render targets to support 688x424 (Frame:3).
[2015.03.06-18.40.57:130][  6]LogAssetRegistry: Asset discovery search completed in 6.6411 seconds
[2015.03.06-18.41.33:223][570]LogSavePackage: Save=485.497681ms
[2015.03.06-18.41.33:223][570]LogSavePackage: Moving '../../../../../../Users/Yardley Gutierrez/Documents/GitHub/New folder/turbo-archer/ENPo/Saved/RunnerCharacterF83BFDBF4B65275BFC458A9A4A0C2A46.tmp' to '../../../../../../Users/Yardley Gutierrez/Documents/GitHub/New folder/turbo-archer/ENPo/Content/Blueprints/RunnerCharacter.uasset'
[2015.03.06-18.41.33:760][602]BlueprintLog: New page: Compile RunnerCharacter
[2015.03.06-18.41.33:842][602]LogActorComponent: UnregisterComponent: (/Engine/Transient.CharMoveComp) Not registered. Aborting.
[2015.03.06-18.41.33:898][602]BlueprintEditorCompileResults: Info [0053.77] Compile of RunnerCharacter successful! [in 137 ms]
[2015.03.06-18.41.35:642][660]LogActorComponent: UnregisterComponent: (/Engine/Transient.CharMoveComp) Not registered. Aborting.
[2015.03.06-18.41.35:734][660]LogBlueprint:Warning: [compiler] Warning Node  Unknown  is not referencing a valid level actor
[2015.03.06-18.41.35:735][660]LogBlueprint:Warning: [compiler] Warning [0055.61] Compile of PuzzleExampleMap successful, but with 1 Warning(s) [in 34 ms]
[2015.03.06-18.41.35:736][660]LogBlueprint:Warning: [compiler] Warning [0055.61] Compile of PuzzleExampleMap successful, but with 2 Warning(s) [in 0 ms]
[2015.03.06-18.41.35:766][660]LogBlueprint:Warning: [compiler] Warning [0055.64] Compile of PuzzleExampleMap successful, but with 3 Warning(s) [in 30 ms]
[2015.03.06-18.41.35:770][660]LogBlueprint:Warning: [compiler] Warning [0055.64] Compile of PuzzleExampleMap successful, but with 4 Warning(s) [in 3 ms]
[2015.03.06-18.41.35:770][660]LogBlueprint:Warning: [compiler] Warning [0055.64] Compile of PuzzleExampleMap successful, but with 5 Warning(s) [in 0 ms]
[2015.03.06-18.41.35:770][660]LogBlueprint:Warning: [compiler] Warning [0055.64] Compile of PuzzleExampleMap successful, but with 6 Warning(s) [in 0 ms]
[2015.03.06-18.41.35:994][660]LogSavePackage: Save=294.523468ms
[2015.03.06-18.41.35:994][660]LogSavePackage: Moving '../../../../../../Users/Yardley Gutierrez/Documents/GitHub/New folder/turbo-archer/ENPo/Saved/PuzzleExampleMap6CEAD491400FDFCC77067C99F8B4E410.tmp' to '../../../../../../Users/Yardley Gutierrez/Documents/GitHub/New folder/turbo-archer/ENPo/Content/PuzzleBP/Maps/PuzzleExampleMap.umap'
[2015.03.06-18.41.38:789][777]BlueprintLog: New page: Pre-PIE auto-recompile
[2015.03.06-18.41.38:793][777]LogPlayLevel: [PIE] Compiling PuzzleExampleMap before PIE...
[2015.03.06-18.41.38:803][777]LogBlueprint:Warning: [compiler] Warning Node  Unknown  is not referencing a valid level actor
[2015.03.06-18.41.38:804][777]LogBlueprint:Warning: [compiler] Warning [0058.67] Compile of PuzzleExampleMap successful, but with 1 Warning(s) [in 9 ms]
[2015.03.06-18.41.38:804][777]LogBlueprint:Warning: [compiler] Warning [0058.68] Compile of PuzzleExampleMap successful, but with 2 Warning(s) [in 0 ms]
[2015.03.06-18.41.38:835][777]LogBlueprint:Warning: [compiler] Warning [0058.71] Compile of PuzzleExampleMap successful, but with 3 Warning(s) [in 30 ms]
[2015.03.06-18.41.38:839][777]LogBlueprint:Warning: [compiler] Warning [0058.71] Compile of PuzzleExampleMap successful, but with 4 Warning(s) [in 3 ms]
[2015.03.06-18.41.38:839][777]LogBlueprint:Warning: [compiler] Warning [0058.71] Compile of PuzzleExampleMap successful, but with 5 Warning(s) [in 0 ms]
[2015.03.06-18.41.38:839][777]LogBlueprint:Warning: [compiler] Warning [0058.71] Compile of PuzzleExampleMap successful, but with 6 Warning(s) [in 0 ms]
[2015.03.06-18.41.38:879][777]LogPlayLevel: PIE:  Blueprint regeneration took 90 ms (1 blueprints)
[2015.03.06-18.41.38:880][777]PIE: New page: SIE session: PuzzleExampleMap (Mar 6, 2015, 6:41:38 AM)
[2015.03.06-18.41.38:909][777]LogPlayLevel: PIE: StaticDuplicateObject took: (0.029371s)
[2015.03.06-18.41.38:910][777]LogPlayLevel: PIE: World Init took: (0.000875s)
[2015.03.06-18.41.38:911][777]LogPlayLevel: PIE: Created PIE world by copying editor world from /Game/PuzzleBP/Maps/PuzzleExampleMap.PuzzleExampleMap to /Game/PuzzleBP/Maps/UEDPIE_0_PuzzleExampleMap.PuzzleExampleMap (0.030657s)
[2015.03.06-18.41.38:966][777]LogWorld: Game class is 'RunnerGameMode_C'
[2015.03.06-18.41.38:968][777]LogAIModule: Creating AISystem for world PuzzleExampleMap
[2015.03.06-18.41.38:972][777]LogWorld: Bringing World /Game/PuzzleBP/Maps/UEDPIE_0_PuzzleExampleMap.PuzzleExampleMap up for play (max tick rate 60) at 2015.03.06-12.41.38
[2015.03.06-18.41.38:973][777]LogWorld: Bringing up level for play took: 0.004593
[2015.03.06-18.41.38:974][777]LogGameMode: Warning - PATHS NOT DEFINED or NO PLAYERSTART with positive rating
[2015.03.06-18.41.38:977][777]PIE: Info Play in editor start time for /Game/PuzzleBP/Maps/UEDPIE_0_PuzzleExampleMap 1.078
[2015.03.06-18.41.45:605][ 11]LogParticles: Destroying 0 GPU particle simulations for FXSystem 0x0000008D505658A0
[2015.03.06-18.41.46:544][ 31]BlueprintLog: New page: Pre-PIE auto-recompile
[2015.03.06-18.41.46:550][ 31]LogPlayLevel: [PIE] Compiling PuzzleExampleMap before PIE...
[2015.03.06-18.41.46:576][ 31]LogBlueprint:Warning: [compiler] Warning Node  Unknown  is not referencing a valid level actor
[2015.03.06-18.41.46:577][ 31]LogBlueprint:Warning: [compiler] Warning [0066.45] Compile of PuzzleExampleMap successful, but with 1 Warning(s) [in 25 ms]
[2015.03.06-18.41.46:578][ 31]LogBlueprint:Warning: [compiler] Warning [0066.45] Compile of PuzzleExampleMap successful, but with 2 Warning(s) [in 0 ms]
[2015.03.06-18.41.46:608][ 31]LogBlueprint:Warning: [compiler] Warning [0066.48] Compile of PuzzleExampleMap successful, but with 3 Warning(s) [in 30 ms]
[2015.03.06-18.41.46:612][ 31]LogBlueprint:Warning: [compiler] Warning [0066.48] Compile of PuzzleExampleMap successful, but with 4 Warning(s) [in 3 ms]
[2015.03.06-18.41.46:612][ 31]LogBlueprint:Warning: [compiler] Warning [0066.48] Compile of PuzzleExampleMap successful, but with 5 Warning(s) [in 0 ms]
[2015.03.06-18.41.46:612][ 31]LogBlueprint:Warning: [compiler] Warning [0066.48] Compile of PuzzleExampleMap successful, but with 6 Warning(s) [in 0 ms]
[2015.03.06-18.41.46:654][ 31]LogPlayLevel: PIE:  Blueprint regeneration took 110 ms (1 blueprints)
[2015.03.06-18.41.46:654][ 31]PIE: New page: SIE session: PuzzleExampleMap (Mar 6, 2015, 6:41:46 AM)
[2015.03.06-18.41.46:688][ 31]LogPlayLevel: PIE: StaticDuplicateObject took: (0.032621s)
[2015.03.06-18.41.46:689][ 31]LogPlayLevel: PIE: World Init took: (0.001343s)
[2015.03.06-18.41.46:689][ 31]LogPlayLevel: PIE: Created PIE world by copying editor world from /Game/PuzzleBP/Maps/PuzzleExampleMap.PuzzleExampleMap to /Game/PuzzleBP/Maps/UEDPIE_0_PuzzleExampleMap.PuzzleExampleMap (0.034422s)
[2015.03.06-18.41.46:719][ 31]LogWorld: Game class is 'RunnerGameMode_C'
[2015.03.06-18.41.46:720][ 31]LogAIModule: Creating AISystem for world PuzzleExampleMap
[2015.03.06-18.41.46:725][ 31]LogWorld: Bringing World /Game/PuzzleBP/Maps/UEDPIE_0_PuzzleExampleMap.PuzzleExampleMap up for play (max tick rate 60) at 2015.03.06-12.41.46
[2015.03.06-18.41.46:726][ 31]LogWorld: Bringing up level for play took: 0.004948
[2015.03.06-18.41.46:727][ 31]LogGameMode: Warning - PATHS NOT DEFINED or NO PLAYERSTART with positive rating
[2015.03.06-18.41.46:730][ 31]PIE: Info Play in editor start time for /Game/PuzzleBP/Maps/UEDPIE_0_PuzzleExampleMap 0.831
[2015.03.06-18.42.00:257][471]LogParticles: Destroying 0 GPU particle simulations for FXSystem 0x0000008D3336B420
[2015.03.06-18.42.18:127][497]BlueprintLog: New page: Compile RunnerController
[2015.03.06-18.42.18:231][497]BlueprintEditorCompileResults: Info [0098.10] Compile of RunnerController successful! [in 103 ms]
[2015.03.06-18.42.18:782][524]LogSavePackage: Save=39.489155ms
[2015.03.06-18.42.18:782][524]LogSavePackage: Moving '../../../../../../Users/Yardley Gutierrez/Documents/GitHub/New folder/turbo-archer/ENPo/Saved/RunnerController61A0CD0F4F9E0D46E1E352ABB731CE6C.tmp' to '../../../../../../Users/Yardley Gutierrez/Documents/GitHub/New folder/turbo-archer/ENPo/Content/Blueprints/RunnerController.uasset'
[2015.03.06-18.42.43:089][934]LogSavePackage: Save=496.364349ms
[2015.03.06-18.42.43:089][934]LogSavePackage: Moving '../../../../../../Users/Yardley Gutierrez/Documents/GitHub/New folder/turbo-archer/ENPo/Saved/RunnerCharacterF5E630704048D20B19CBB3856495821F.tmp' to '../../../../../../Users/Yardley Gutierrez/Documents/GitHub/New folder/turbo-archer/ENPo/Content/Blueprints/RunnerCharacter.uasset'
[2015.03.06-18.42.43:590][964]BlueprintLog: New page: Compile RunnerCharacter
[2015.03.06-18.42.43:666][964]LogActorComponent: UnregisterComponent: (/Engine/Transient.CharMoveComp) Not registered. Aborting.
[2015.03.06-18.42.43:721][964]BlueprintEditorCompileResults: Info [0123.59] Compile of RunnerCharacter successful! [in 130 ms]
[2015.03.06-18.42.45:436][ 28]LogActorComponent: UnregisterComponent: (/Engine/Transient.CharMoveComp) Not registered. Aborting.
[2015.03.06-18.42.45:494][ 28]LogBlueprint:Warning: [compiler] Warning Node  Unknown  is not referencing a valid level actor
[2015.03.06-18.42.45:494][ 28]LogBlueprint:Warning: [compiler] Warning [0125.37] Compile of PuzzleExampleMap successful, but with 1 Warning(s) [in 8 ms]
[2015.03.06-18.42.45:495][ 28]LogBlueprint:Warning: [compiler] Warning [0125.37] Compile of PuzzleExampleMap successful, but with 2 Warning(s) [in 0 ms]
[2015.03.06-18.42.45:525][ 28]LogBlueprint:Warning: [compiler] Warning [0125.40] Compile of PuzzleExampleMap successful, but with 3 Warning(s) [in 30 ms]
[2015.03.06-18.42.45:529][ 28]LogBlueprint:Warning: [compiler] Warning [0125.40] Compile of PuzzleExampleMap successful, but with 4 Warning(s) [in 3 ms]
[2015.03.06-18.42.45:529][ 28]LogBlueprint:Warning: [compiler] Warning [0125.40] Compile of PuzzleExampleMap successful, but with 5 Warning(s) [in 0 ms]
[2015.03.06-18.42.45:529][ 28]LogBlueprint:Warning: [compiler] Warning [0125.40] Compile of PuzzleExampleMap successful, but with 6 Warning(s) [in 0 ms]
[2015.03.06-18.42.45:695][ 28]LogSavePackage: Save=210.859390ms
[2015.03.06-18.42.45:695][ 28]LogSavePackage: Moving '../../../../../../Users/Yardley Gutierrez/Documents/GitHub/New folder/turbo-archer/ENPo/Saved/PuzzleExampleMap6112511F4B885289F0F8CABE00B63592.tmp' to '../../../../../../Users/Yardley Gutierrez/Documents/GitHub/New folder/turbo-archer/ENPo/Content/PuzzleBP/Maps/PuzzleExampleMap.umap'
[2015.03.06-18.42.46:543][ 47]BlueprintLog: New page: Pre-PIE auto-recompile
[2015.03.06-18.42.46:546][ 47]LogPlayLevel: [PIE] Compiling PuzzleExampleMap before PIE...
[2015.03.06-18.42.46:590][ 47]LogBlueprint:Warning: [compiler] Warning Node  Unknown  is not referencing a valid level actor
[2015.03.06-18.42.46:591][ 47]LogBlueprint:Warning: [compiler] Warning [0126.46] Compile of PuzzleExampleMap successful, but with 1 Warning(s) [in 43 ms]
[2015.03.06-18.42.46:591][ 47]LogBlueprint:Warning: [compiler] Warning [0126.46] Compile of PuzzleExampleMap successful, but with 2 Warning(s) [in 0 ms]
[2015.03.06-18.42.46:622][ 47]LogBlueprint:Warning: [compiler] Warning [0126.49] Compile of PuzzleExampleMap successful, but with 3 Warning(s) [in 30 ms]
[2015.03.06-18.42.46:626][ 47]LogBlueprint:Warning: [compiler] Warning [0126.50] Compile of PuzzleExampleMap successful, but with 4 Warning(s) [in 3 ms]
[2015.03.06-18.42.46:626][ 47]LogBlueprint:Warning: [compiler] Warning [0126.50] Compile of PuzzleExampleMap successful, but with 5 Warning(s) [in 0 ms]
[2015.03.06-18.42.46:626][ 47]LogBlueprint:Warning: [compiler] Warning [0126.50] Compile of PuzzleExampleMap successful, but with 6 Warning(s) [in 0 ms]
[2015.03.06-18.42.46:666][ 47]LogPlayLevel: PIE:  Blueprint regeneration took 124 ms (1 blueprints)
[2015.03.06-18.42.46:667][ 47]PIE: New page: SIE session: PuzzleExampleMap (Mar 6, 2015, 6:42:46 AM)
[2015.03.06-18.42.46:696][ 47]LogPlayLevel: PIE: StaticDuplicateObject took: (0.028413s)
[2015.03.06-18.42.46:697][ 47]LogPlayLevel: PIE: World Init took: (0.000923s)
[2015.03.06-18.42.46:697][ 47]LogPlayLevel: PIE: Created PIE world by copying editor world from /Game/PuzzleBP/Maps/PuzzleExampleMap.PuzzleExampleMap to /Game/PuzzleBP/Maps/UEDPIE_0_PuzzleExampleMap.PuzzleExampleMap (0.029717s)
[2015.03.06-18.42.46:729][ 47]LogWorld: Game class is 'RunnerGameMode_C'
[2015.03.06-18.42.46:731][ 47]LogAIModule: Creating AISystem for world PuzzleExampleMap
[2015.03.06-18.42.46:735][ 47]LogWorld: Bringing World /Game/PuzzleBP/Maps/UEDPIE_0_PuzzleExampleMap.PuzzleExampleMap up for play (max tick rate 60) at 2015.03.06-12.42.46
[2015.03.06-18.42.46:736][ 47]LogWorld: Bringing up level for play took: 0.004464
[2015.03.06-18.42.46:736][ 47]LogGameMode: Warning - PATHS NOT DEFINED or NO PLAYERSTART with positive rating
[2015.03.06-18.42.46:740][ 47]PIE: Info Play in editor start time for /Game/PuzzleBP/Maps/UEDPIE_0_PuzzleExampleMap 0.841
[2015.03.06-18.42.59:949][484]LogParticles: Destroying 0 GPU particle simulations for FXSystem 0x0000008D35EC7380
[2015.03.06-18.43.11:091][ 35]LogSavePackage: Save=474.912994ms
[2015.03.06-18.43.11:092][ 35]LogSavePackage: Moving '../../../../../../Users/Yardley Gutierrez/Documents/GitHub/New folder/turbo-archer/ENPo/Saved/RunnerCharacter03709C2645E180F102D4439D93384BF5.tmp' to '../../../../../../Users/Yardley Gutierrez/Documents/GitHub/New folder/turbo-archer/ENPo/Content/Blueprints/RunnerCharacter.uasset'
[2015.03.06-18.43.11:508][ 60]BlueprintLog: New page: Compile RunnerCharacter
[2015.03.06-18.43.11:580][ 60]LogActorComponent: UnregisterComponent: (/Engine/Transient.CharMoveComp) Not registered. Aborting.
[2015.03.06-18.43.11:629][ 60]BlueprintEditorCompileResults: Info [0151.50] Compile of RunnerCharacter successful! [in 120 ms]
[2015.03.06-18.43.13:362][102]LogD3D11RHI: Timed out while waiting for GPU to catch up. (0.5 s)
[2015.03.06-18.43.14:451][128]LogActorComponent: UnregisterComponent: (/Engine/Transient.CharMoveComp) Not registered. Aborting.
[2015.03.06-18.43.14:509][128]LogBlueprint:Warning: [compiler] Warning Node  Unknown  is not referencing a valid level actor
[2015.03.06-18.43.14:509][128]LogBlueprint:Warning: [compiler] Warning [0154.38] Compile of PuzzleExampleMap successful, but with 1 Warning(s) [in 8 ms]
[2015.03.06-18.43.14:510][128]LogBlueprint:Warning: [compiler] Warning [0154.38] Compile of PuzzleExampleMap successful, but with 2 Warning(s) [in 0 ms]
[2015.03.06-18.43.14:541][128]LogBlueprint:Warning: [compiler] Warning [0154.41] Compile of PuzzleExampleMap successful, but with 3 Warning(s) [in 30 ms]
[2015.03.06-18.43.14:544][128]LogBlueprint:Warning: [compiler] Warning [0154.42] Compile of PuzzleExampleMap successful, but with 4 Warning(s) [in 3 ms]
[2015.03.06-18.43.14:545][128]LogBlueprint:Warning: [compiler] Warning [0154.42] Compile of PuzzleExampleMap successful, but with 5 Warning(s) [in 0 ms]
[2015.03.06-18.43.14:545][128]LogBlueprint:Warning: [compiler] Warning [0154.42] Compile of PuzzleExampleMap successful, but with 6 Warning(s) [in 0 ms]
[2015.03.06-18.43.14:712][128]LogSavePackage: Save=212.577850ms
[2015.03.06-18.43.14:712][128]LogSavePackage: Moving '../../../../../../Users/Yardley Gutierrez/Documents/GitHub/New folder/turbo-archer/ENPo/Saved/PuzzleExampleMapA03BC4CD4BFBA6F0E46397887B65966C.tmp' to '../../../../../../Users/Yardley Gutierrez/Documents/GitHub/New folder/turbo-archer/ENPo/Content/PuzzleBP/Maps/PuzzleExampleMap.umap'
[2015.03.06-18.43.15:484][145]BlueprintLog: New page: Pre-PIE auto-recompile
[2015.03.06-18.43.15:490][145]LogPlayLevel: [PIE] Compiling PuzzleExampleMap before PIE...
[2015.03.06-18.43.15:518][145]LogBlueprint:Warning: [compiler] Warning Node  Unknown  is not referencing a valid level actor
[2015.03.06-18.43.15:519][145]LogBlueprint:Warning: [compiler] Warning [0155.39] Compile of PuzzleExampleMap successful, but with 1 Warning(s) [in 27 ms]
[2015.03.06-18.43.15:520][145]LogBlueprint:Warning: [compiler] Warning [0155.39] Compile of PuzzleExampleMap successful, but with 2 Warning(s) [in 0 ms]
[2015.03.06-18.43.15:551][145]LogBlueprint:Warning: